[35m[1mScanning dependencies of target image_view_nodes[0m
[ 10%] [32mBuilding CXX object CMakeFiles/image_view_nodes.dir/src/disparity_view_node.cpp.o[0m
[ 10%] [32mBuilding CXX object CMakeFiles/image_view_nodes.dir/src/extract_images_node.cpp.o[0m
[ 15%] [32mBuilding CXX object CMakeFiles/image_view_nodes.dir/src/image_view_node.cpp.o[0m
[ 21%] [32mBuilding CXX object CMakeFiles/image_view_nodes.dir/src/image_saver_node.cpp.o[0m
[ 26%] [32mBuilding CXX object CMakeFiles/image_view_nodes.dir/src/stereo_view_node.cpp.o[0m
[ 31%] [32mBuilding CXX object CMakeFiles/image_view_nodes.dir/src/video_recorder_node.cpp.o[0m
[ 36%] [32m[1mLinking CXX shared library libimage_view_nodes.so[0m
[ 36%] Built target image_view_nodes
[35m[1mScanning dependencies of target image_view[0m
[35m[1mScanning dependencies of target image_saver[0m
[35m[1mScanning dependencies of target video_recorder[0m
[35m[1mScanning dependencies of target stereo_view[0m
[35m[1mScanning dependencies of target disparity_view[0m
[35m[1mScanning dependencies of target extract_images[0m
[ 47%] [32mBuilding CXX object CMakeFiles/image_saver.dir/src/image_saver.cpp.o[0m
[ 47%] [32mBuilding CXX object CMakeFiles/extract_images.dir/src/extract_images.cpp.o[0m
[ 57%] [32mBuilding CXX object CMakeFiles/video_recorder.dir/src/video_recorder.cpp.o[0m
[ 57%] [32mBuilding CXX object CMakeFiles/disparity_view.dir/src/disparity_view.cpp.o[0m
[ 63%] [32mBuilding CXX object CMakeFiles/image_view.dir/src/image_view.cpp.o[0m
[ 68%] [32mBuilding CXX object CMakeFiles/stereo_view.dir/src/stereo_view.cpp.o[0m
[ 73%] [32m[1mLinking CXX executable extract_images[0m
[ 78%] [32m[1mLinking CXX executable image_saver[0m
[ 84%] [32m[1mLinking CXX executable disparity_view[0m
[ 89%] [32m[1mLinking CXX executable video_recorder[0m
[ 94%] [32m[1mLinking CXX executable image_view[0m
[100%] [32m[1mLinking CXX executable stereo_view[0m
