[35m[1mScanning dependencies of target image_view_nodes[0m
[ 10%] [32mBuilding CXX object CMakeFiles/image_view_nodes.dir/src/disparity_view_node.cpp.o[0m
[ 10%] [32mBuilding CXX object CMakeFiles/image_view_nodes.dir/src/extract_images_node.cpp.o[0m
[ 15%] [32mBuilding CXX object CMakeFiles/image_view_nodes.dir/src/image_view_node.cpp.o[0m
[ 21%] [32mBuilding CXX object CMakeFiles/image_view_nodes.dir/src/image_saver_node.cpp.o[0m
[ 26%] [32mBuilding CXX object CMakeFiles/image_view_nodes.dir/src/stereo_view_node.cpp.o[0m
[ 31%] [32mBuilding CXX object CMakeFiles/image_view_nodes.dir/src/video_recorder_node.cpp.o[0m
[ 36%] [32m[1mLinking CXX shared library libimage_view_nodes.so[0m
[ 36%] Built target image_view_nodes
[35m[1mScanning dependencies of target image_view[0m
[35m[1mScanning dependencies of target image_saver[0m
[35m[1mScanning dependencies of target video_recorder[0m
[35m[1mScanning dependencies of target stereo_view[0m
[35m[1mScanning dependencies of target disparity_view[0m
[35m[1mScanning dependencies of target extract_images[0m
[ 47%] [32mBuilding CXX object CMakeFiles/image_saver.dir/src/image_saver.cpp.o[0m
[ 47%] [32mBuilding CXX object CMakeFiles/extract_images.dir/src/extract_images.cpp.o[0m
[ 57%] [32mBuilding CXX object CMakeFiles/video_recorder.dir/src/video_recorder.cpp.o[0m
[ 57%] [32mBuilding CXX object CMakeFiles/disparity_view.dir/src/disparity_view.cpp.o[0m
[ 63%] [32mBuilding CXX object CMakeFiles/image_view.dir/src/image_view.cpp.o[0m
[ 68%] [32mBuilding CXX object CMakeFiles/stereo_view.dir/src/stereo_view.cpp.o[0m
[ 73%] [32m[1mLinking CXX executable extract_images[0m
[ 78%] [32m[1mLinking CXX executable image_saver[0m
[ 84%] [32m[1mLinking CXX executable disparity_view[0m
[ 89%] [32m[1mLinking CXX executable video_recorder[0m
[ 94%] [32m[1mLinking CXX executable image_view[0m
[100%] [32m[1mLinking CXX executable stereo_view[0m
/usr/bin/ld: libimage_view_nodes.so: undefined reference to `camera_calibration_parsers::writeCalibration(std::__cxx11::basic_string<char, std::char_traits<char>, std::allocator<char> > const&, std::__cxx11::basic_string<char, std::char_traits<char>, std::allocator<char> > const&, sensor_msgs::msg::CameraInfo_<std::allocator<void> > const&)'
collect2: error: ld returned 1 exit status
make[2]: *** [CMakeFiles/image_saver.dir/build.make:302: image_saver] Error 1
make[1]: *** [CMakeFiles/Makefile2:252: CMakeFiles/image_saver.dir/all] Error 2
make[1]: *** Waiting for unfinished jobs....
/usr/bin/ld: libimage_view_nodes.so: undefined /reference to `camera_calibration_parsers::writeCalibration(std::__cxx11::basic_stringusr<char, std:/:char_traits<char>,bin std::allocator<char/> > const&ld, std::__cxx11:::basic_string<char, std ::libimage_view_nodes.sochar_traits<char>,: std::allocator< char> >undefined const&,  sensor_msgsreference: :tomsg :`:camera_calibration_parsersCameraInfo_:<:stdwriteCalibration:(:stdallocator:<:void__cxx11> > const&)'
::basic_string<char, std::char_traits<char>, std::allocator<char> > const&, std::__cxx11::basic_string<char, std::char_traits<char>, std::allocator<char> > collect2: error: ld returned 1 exit status
const&, sensor_msgs::msg::CameraInfo_<std::allocator<void> > const&)'
collect2: error: ld returned 1 exit status
make[2]: *** [CMakeFiles/disparity_view.dir/build.make:302: disparity_view] Error 1
make[2]: *** [CMakeFiles/extract_images.dir/build.make:302: extract_images] Error 1
make[1]: *** [CMakeFiles/Makefile2:144: CMakeFiles/disparity_view.dir/all] Error 2
make[1]: *** [CMakeFiles/Makefile2:198: CMakeFiles/extract_images.dir/all] Error 2
/usr/bin/ld: libimage_view_nodes.so: undefined reference to `camera_calibration_parsers::writeCalibration(std::__cxx11::basic_string<char, std::char_traits<char>, std::allocator<char> > const&, std::__cxx11::basic_string<char, std::char_traits<char>, std::allocator<char> > const&, sensor_msgs::msg::CameraInfo_<std::allocator<void> > const&)'
collect2: error: ld returned 1 exit status
make[2]: *** [CMakeFiles/video_recorder.dir/build.make:302: video_recorder] Error 1
make[1]: *** [CMakeFiles/Makefile2:306: CMakeFiles/video_recorder.dir/all] Error 2
/usr/bin/ld: libimage_view_nodes.so: undefined reference to `camera_calibration_parsers::writeCalibration(std::__cxx11::basic_string<char, std::char_traits<char>, std::allocator<char> > const&, std::__cxx11::basic_string<char, std::char_traits<char>, std::allocator<char> > const&, sensor_msgs::msg::CameraInfo_<std::allocator<void> > const&)'
collect2: error: ld returned 1 exit status
make[2]: *** [CMakeFiles/image_view.dir/build.make:302: image_view] Error 1
make[1]: *** [CMakeFiles/Makefile2:171: CMakeFiles/image_view.dir/all] Error 2
/usr/bin/ld: libimage_view_nodes.so: undefined reference to `camera_calibration_parsers::writeCalibration(std::__cxx11::basic_string<char, std::char_traits<char>, std::allocator<char> > const&, std::__cxx11::basic_string<char, std::char_traits<char>, std::allocator<char> > const&, sensor_msgs::msg::CameraInfo_<std::allocator<void> > const&)'
collect2: error: ld returned 1 exit status
make[2]: *** [CMakeFiles/stereo_view.dir/build.make:302: stereo_view] Error 1
make[1]: *** [CMakeFiles/Makefile2:225: CMakeFiles/stereo_view.dir/all] Error 2
make: *** [Makefile:141: all] Error 2
