[0.232s] Invoking command in '/home/corelab/CatchingBlimp/Summer2023/ros2_stereo/src/build/gscam2': AMENT_PREFIX_PATH=/home/corelab/CatchingBlimp/Summer2023/ros2_stereo/src/install/ros2_shared:${AMENT_PREFIX_PATH} CMAKE_PREFIX_PATH=/home/corelab/CatchingBlimp/Summer2023/ros2_stereo/src/install/ros2_shared:/home/corelab/CatchingBlimp/Summer2023/ros2_stereo/install/stereo_image_proc:/home/corelab/CatchingBlimp/Summer2023/ros2_stereo/install/stereo_combined:/home/corelab/CatchingBlimp/Summer2023/ros2_stereo/install/yolo_msgs:/home/corelab/CatchingBlimp/Summer2023/ros2_stereo/install/opencv_telemetry:/home/corelab/CatchingBlimp/Summer2023/ros2_stereo/install/image_view:/home/corelab/CatchingBlimp/Summer2023/ros2_stereo/install/image_proc:/opt/ros/foxy /usr/bin/cmake /home/corelab/CatchingBlimp/Summer2023/ros2_stereo/src/gscam2 -DAMENT_CMAKE_SYMLINK_INSTALL=1 -DCMAKE_INSTALL_PREFIX=/home/corelab/CatchingBlimp/Summer2023/ros2_stereo/src/install/gscam2
[0.324s] -- The C compiler identification is GNU 9.4.0
[0.478s] -- The CXX compiler identification is GNU 9.4.0
[0.482s] -- Check for working C compiler: /usr/bin/cc
[0.651s] -- Check for working C compiler: /usr/bin/cc -- works
[0.652s] -- Detecting C compiler ABI info
[0.744s] -- Detecting C compiler ABI info - done
[0.754s] -- Detecting C compile features
[0.754s] -- Detecting C compile features - done
[0.757s] -- Check for working CXX compiler: /usr/bin/c++
[0.983s] -- Check for working CXX compiler: /usr/bin/c++ -- works
[0.984s] -- Detecting CXX compiler ABI info
[1.197s] -- Detecting CXX compiler ABI info - done
[1.209s] -- Detecting CXX compile features
[1.209s] -- Detecting CXX compile features - done
[1.228s] -- Found PkgConfig: /usr/bin/pkg-config (found version "0.29.1") 
[1.229s] -- Checking for module 'gstreamer-1.0'
[1.280s] --   Found gstreamer-1.0, version 1.16.3
[1.519s] -- Checking for module 'gstreamer-app-1.0'
[1.595s] --   Found gstreamer-app-1.0, version 1.16.3
[1.881s] -- Found ament_cmake: 0.9.12 (/opt/ros/foxy/share/ament_cmake/cmake)
[1.930s] -- Found PythonInterp: /usr/bin/python3 (found suitable version "3.8.10", minimum required is "3") 
[1.930s] -- Using PYTHON_EXECUTABLE: /usr/bin/python3
[2.227s] -- Override CMake install command with custom implementation using symlinks instead of copying resources
[2.273s] -- Found camera_calibration_parsers: 2.4.0 (/opt/ros/foxy/share/camera_calibration_parsers/cmake)
[2.341s] -- Using all available rosidl_typesupport_c: rosidl_typesupport_fastrtps_c;rosidl_typesupport_introspection_c
[2.352s] -- Found rosidl_adapter: 1.3.1 (/opt/ros/foxy/share/rosidl_adapter/cmake)
[2.591s] -- Found OpenSSL: /usr/lib/x86_64-linux-gnu/libcrypto.so (found version "1.1.1f")  
[2.664s] -- Found FastRTPS: /opt/ros/foxy/include  
[2.843s] -- Using all available rosidl_typesupport_cpp: rosidl_typesupport_fastrtps_cpp;rosidl_typesupport_introspection_cpp
[3.027s] -- Found rmw_implementation_cmake: 1.0.4 (/opt/ros/foxy/share/rmw_implementation_cmake/cmake)
[3.036s] -- Using RMW implementation 'rmw_fastrtps_cpp' as default
[3.037s] -- Looking for pthread.h
[3.326s] -- Looking for pthread.h - found
[3.326s] -- Performing Test CMAKE_HAVE_LIBC_PTHREAD
[3.640s] -- Performing Test CMAKE_HAVE_LIBC_PTHREAD - Failed
[3.640s] -- Looking for pthread_create in pthreads
[3.915s] -- Looking for pthread_create in pthreads - not found
[3.916s] -- Looking for pthread_create in pthread
[4.052s] -- Looking for pthread_create in pthread - found
[4.053s] -- Found Threads: TRUE  
[4.738s] -- Setting yaml-cpp_DIR to: '/opt/ros/foxy/share/yaml_cpp_vendor/cmake/../../../opt/yaml_cpp_vendor/lib/cmake/yaml-cpp'
[4.751s] -- Found camera_info_manager: 2.4.0 (/opt/ros/foxy/share/camera_info_manager/cmake)
[4.865s] -- Found class_loader: 2.0.3 (/opt/ros/foxy/share/class_loader/cmake)
[4.883s] -- Found rclcpp_components: 2.4.3 (/opt/ros/foxy/share/rclcpp_components/cmake)
[4.963s] -- Found rclpy: 1.0.13 (/opt/ros/foxy/share/rclpy/cmake)
[4.963s] -- Found ros2_shared: 0.1.0 (/home/corelab/CatchingBlimp/Summer2023/ros2_stereo/src/install/ros2_shared/share/ros2_shared/cmake)
[5.081s] CMake Error at CMakeLists.txt:66 (target_link_libraries):
[5.082s]   The plain signature for target_link_libraries has already been used with
[5.082s]   the target "gscam_node".  All uses of target_link_libraries with a target
[5.082s]   must be either all-keyword or all-plain.
[5.082s] 
[5.082s]   The uses of the plain signature are here:
[5.082s] 
[5.082s]    * /opt/ros/foxy/share/ament_cmake_target_dependencies/cmake/ament_target_dependencies.cmake:145 (target_link_libraries)
[5.083s]    * /opt/ros/foxy/share/ament_cmake_target_dependencies/cmake/ament_target_dependencies.cmake:151 (target_link_libraries)
[5.083s] 
[5.083s] 
[5.083s] 
[5.085s] CMake Error at CMakeLists.txt:103 (target_link_libraries):
[5.085s]   The plain signature for target_link_libraries has already been used with
[5.085s]   the target "subscriber_node".  All uses of target_link_libraries with a
[5.085s]   target must be either all-keyword or all-plain.
[5.085s] 
[5.086s]   The uses of the plain signature are here:
[5.086s] 
[5.086s]    * /opt/ros/foxy/share/ament_cmake_target_dependencies/cmake/ament_target_dependencies.cmake:145 (target_link_libraries)
[5.086s] 
[5.086s] 
[5.086s] 
[5.088s] -- Found ament_lint_auto: 0.9.8 (/opt/ros/foxy/share/ament_lint_auto/cmake)
[5.161s] -- Found gtest sources under '/opt/ros/foxy/src/gtest_vendor': C++ tests using 'Google Test' will be built
[5.164s] -- Check if compiler accepts -pthread
[5.408s] -- Check if compiler accepts -pthread - yes
[5.416s] -- Added test 'cppcheck' to perform static code analysis on C / C++ code
[5.416s] -- Configured cppcheck include dirs: $<BUILD_INTERFACE:/home/corelab/CatchingBlimp/Summer2023/ros2_stereo/src/gscam2/include>
[5.417s] -- Configured cppcheck exclude dirs and/or files: 
[5.417s] -- Added test 'flake8' to check Python code syntax and style conventions
[5.418s] -- Added test 'lint_cmake' to check CMake code style
[5.418s] -- Added test 'pep257' to check Python code against some of the style conventions in PEP 257
[5.420s] -- Added test 'uncrustify' to check C / C++ code style
[5.421s] -- Configured uncrustify additional arguments: 
[5.421s] -- Added test 'xmllint' to check XML markup files
[5.424s] -- Configuring incomplete, errors occurred!
[5.425s] See also "/home/corelab/CatchingBlimp/Summer2023/ros2_stereo/src/build/gscam2/CMakeFiles/CMakeOutput.log".
[5.425s] See also "/home/corelab/CatchingBlimp/Summer2023/ros2_stereo/src/build/gscam2/CMakeFiles/CMakeError.log".
[5.438s] Invoked command in '/home/corelab/CatchingBlimp/Summer2023/ros2_stereo/src/build/gscam2' returned '1': AMENT_PREFIX_PATH=/home/corelab/CatchingBlimp/Summer2023/ros2_stereo/src/install/ros2_shared:${AMENT_PREFIX_PATH} CMAKE_PREFIX_PATH=/home/corelab/CatchingBlimp/Summer2023/ros2_stereo/src/install/ros2_shared:/home/corelab/CatchingBlimp/Summer2023/ros2_stereo/install/stereo_image_proc:/home/corelab/CatchingBlimp/Summer2023/ros2_stereo/install/stereo_combined:/home/corelab/CatchingBlimp/Summer2023/ros2_stereo/install/yolo_msgs:/home/corelab/CatchingBlimp/Summer2023/ros2_stereo/install/opencv_telemetry:/home/corelab/CatchingBlimp/Summer2023/ros2_stereo/install/image_view:/home/corelab/CatchingBlimp/Summer2023/ros2_stereo/install/image_proc:/opt/ros/foxy /usr/bin/cmake /home/corelab/CatchingBlimp/Summer2023/ros2_stereo/src/gscam2 -DAMENT_CMAKE_SYMLINK_INSTALL=1 -DCMAKE_INSTALL_PREFIX=/home/corelab/CatchingBlimp/Summer2023/ros2_stereo/src/install/gscam2
