[0.022s] Invoking command in '/home/corelab/GitHub/CatchingBlimp/Summer2023/ros2_stereo/build/image_view': CMAKE_PREFIX_PATH=${CMAKE_PREFIX_PATH}:/home/corelab/ros2_camera_calibration/install/camera_calibration:/opt/ros/foxy /home/corelab/.local/bin/cmake --build /home/corelab/GitHub/CatchingBlimp/Summer2023/ros2_stereo/build/image_view -- -j16 -l16
[0.042s] [0mCMake Error: The current CMakeCache.txt directory /home/corelab/GitHub/CatchingBlimp/Summer2023/ros2_stereo/build/image_view/CMakeCache.txt is different than the directory /home/corelab/ros2_stereo/build/image_view where CMakeCache.txt was created. This may result in binaries being created in the wrong place. If you are not sure, reedit the CMakeCache.txt[0m
[0.061s] [ 36%] Built target image_view_nodes
[0.069s] [ 47%] Built target disparity_view
[0.070s] [ 57%] Built target video_recorder
[0.070s] [ 68%] Built target image_view
[0.070s] [ 78%] Built target extract_images
[0.070s] [ 89%] Built target stereo_view
[0.071s] [100%] Built target image_saver
[0.075s] Invoked command in '/home/corelab/GitHub/CatchingBlimp/Summer2023/ros2_stereo/build/image_view' returned '0': CMAKE_PREFIX_PATH=${CMAKE_PREFIX_PATH}:/home/corelab/ros2_camera_calibration/install/camera_calibration:/opt/ros/foxy /home/corelab/.local/bin/cmake --build /home/corelab/GitHub/CatchingBlimp/Summer2023/ros2_stereo/build/image_view -- -j16 -l16
[0.154s] Invoking command in '/home/corelab/GitHub/CatchingBlimp/Summer2023/ros2_stereo/build/image_view': CMAKE_PREFIX_PATH=${CMAKE_PREFIX_PATH}:/home/corelab/ros2_camera_calibration/install/camera_calibration:/opt/ros/foxy /home/corelab/.local/bin/cmake --install /home/corelab/GitHub/CatchingBlimp/Summer2023/ros2_stereo/build/image_view
[0.175s] -- Install configuration: ""
[0.176s] -- Up-to-date: /home/corelab/ros2_stereo/install/image_view/include
[0.176s] -- Up-to-date: /home/corelab/ros2_stereo/install/image_view/include/image_view
[0.176s] -- Up-to-date: /home/corelab/ros2_stereo/install/image_view/include/image_view/disparity_view_node.hpp
[0.176s] -- Up-to-date: /home/corelab/ros2_stereo/install/image_view/include/image_view/image_saver_node.hpp
[0.176s] -- Up-to-date: /home/corelab/ros2_stereo/install/image_view/include/image_view/extract_images_node.hpp
[0.176s] -- Up-to-date: /home/corelab/ros2_stereo/install/image_view/include/image_view/video_recorder_node.hpp
[0.176s] -- Up-to-date: /home/corelab/ros2_stereo/install/image_view/include/image_view/stereo_view_node.hpp
[0.176s] -- Up-to-date: /home/corelab/ros2_stereo/install/image_view/include/image_view/image_view_node.hpp
[0.176s] -- Up-to-date: /home/corelab/ros2_stereo/install/image_view/share/image_view/environment/library_path.sh
[0.176s] -- Up-to-date: /home/corelab/ros2_stereo/install/image_view/share/image_view/environment/library_path.dsv
[0.176s] -- Up-to-date: /home/corelab/ros2_stereo/install/image_view/lib/libimage_view_nodes.so
[0.176s] -- Up-to-date: /home/corelab/ros2_stereo/install/image_view/lib/image_view/disparity_view
[0.176s] -- Up-to-date: /home/corelab/ros2_stereo/install/image_view/lib/image_view/image_view
[0.176s] -- Up-to-date: /home/corelab/ros2_stereo/install/image_view/lib/image_view/stereo_view
[0.177s] -- Up-to-date: /home/corelab/ros2_stereo/install/image_view/lib/image_view/extract_images
[0.177s] -- Up-to-date: /home/corelab/ros2_stereo/install/image_view/lib/image_view/image_saver
[0.177s] -- Up-to-date: /home/corelab/ros2_stereo/install/image_view/lib/image_view/video_recorder
[0.177s] -- Up-to-date: /home/corelab/ros2_stereo/install/image_view/share/ament_index/resource_index/package_run_dependencies/image_view
[0.177s] -- Up-to-date: /home/corelab/ros2_stereo/install/image_view/share/ament_index/resource_index/parent_prefix_path/image_view
[0.177s] -- Up-to-date: /home/corelab/ros2_stereo/install/image_view/share/image_view/environment/ament_prefix_path.sh
[0.177s] -- Up-to-date: /home/corelab/ros2_stereo/install/image_view/share/image_view/environment/ament_prefix_path.dsv
[0.177s] -- Up-to-date: /home/corelab/ros2_stereo/install/image_view/share/image_view/environment/path.sh
[0.177s] -- Up-to-date: /home/corelab/ros2_stereo/install/image_view/share/image_view/environment/path.dsv
[0.177s] -- Up-to-date: /home/corelab/ros2_stereo/install/image_view/share/image_view/local_setup.bash
[0.177s] -- Up-to-date: /home/corelab/ros2_stereo/install/image_view/share/image_view/local_setup.sh
[0.177s] -- Up-to-date: /home/corelab/ros2_stereo/install/image_view/share/image_view/local_setup.zsh
[0.177s] -- Up-to-date: /home/corelab/ros2_stereo/install/image_view/share/image_view/local_setup.dsv
[0.177s] -- Installing: /home/corelab/ros2_stereo/install/image_view/share/image_view/package.dsv
[0.177s] -- Up-to-date: /home/corelab/ros2_stereo/install/image_view/share/ament_index/resource_index/packages/image_view
[0.177s] -- Up-to-date: /home/corelab/ros2_stereo/install/image_view/share/ament_index/resource_index/rclcpp_components/image_view
[0.177s] -- Up-to-date: /home/corelab/ros2_stereo/install/image_view/share/image_view/cmake/ament_cmake_export_dependencies-extras.cmake
[0.178s] -- Up-to-date: /home/corelab/ros2_stereo/install/image_view/share/image_view/cmake/ament_cmake_export_include_directories-extras.cmake
[0.178s] -- Up-to-date: /home/corelab/ros2_stereo/install/image_view/share/image_view/cmake/ament_cmake_export_libraries-extras.cmake
[0.178s] -- Up-to-date: /home/corelab/ros2_stereo/install/image_view/share/image_view/cmake/image_viewConfig.cmake
[0.178s] -- Up-to-date: /home/corelab/ros2_stereo/install/image_view/share/image_view/cmake/image_viewConfig-version.cmake
[0.178s] -- Up-to-date: /home/corelab/ros2_stereo/install/image_view/share/image_view/package.xml
[0.182s] Invoked command in '/home/corelab/GitHub/CatchingBlimp/Summer2023/ros2_stereo/build/image_view' returned '0': CMAKE_PREFIX_PATH=${CMAKE_PREFIX_PATH}:/home/corelab/ros2_camera_calibration/install/camera_calibration:/opt/ros/foxy /home/corelab/.local/bin/cmake --install /home/corelab/GitHub/CatchingBlimp/Summer2023/ros2_stereo/build/image_view
