[2.092s] DEBUG:colcon:Command line arguments: ['/usr/bin/colcon', 'build', '--symlink-install']
[2.093s] DEBUG:colcon:Parsed command line arguments: Namespace(allow_overriding=[], ament_cmake_args=None, base_paths=['.'], build_base='build', catkin_cmake_args=None, catkin_skip_building_tests=False, cmake_args=None, cmake_clean_cache=False, cmake_clean_first=False, cmake_force_configure=False, cmake_target=None, cmake_target_skip_unavailable=False, continue_on_error=False, event_handlers=None, executor='parallel', ignore_user_meta=False, install_base='install', log_base=None, log_level=None, main=<bound method BuildVerb.main of <colcon_core.verb.build.BuildVerb object at 0x7fda6d16ae80>>, merge_install=False, metas=['./colcon.meta'], packages_above=None, packages_above_and_dependencies=None, packages_above_depth=None, packages_end=None, packages_ignore=None, packages_ignore_regex=None, packages_select=None, packages_select_build_failed=False, packages_select_by_dep=None, packages_select_regex=None, packages_select_test_failures=False, packages_skip=None, packages_skip_build_finished=False, packages_skip_by_dep=None, packages_skip_regex=None, packages_skip_test_passed=False, packages_skip_up_to=None, packages_start=None, packages_up_to=None, packages_up_to_regex=None, parallel_workers=8, paths=None, symlink_install=True, test_result_base=None, verb_extension=<colcon_core.verb.build.BuildVerb object at 0x7fda6d16ae80>, verb_name='build', verb_parser=<colcon_defaults.argument_parser.defaults.DefaultArgumentsDecorator object at 0x7fda6d16a490>)
[2.179s] Level 1:colcon.colcon_core.package_discovery:discover_packages(colcon_meta) check parameters
[2.179s] Level 1:colcon.colcon_core.package_discovery:discover_packages(recursive) check parameters
[2.180s] Level 1:colcon.colcon_core.package_discovery:discover_packages(ignore) check parameters
[2.180s] Level 1:colcon.colcon_core.package_discovery:discover_packages(path) check parameters
[2.180s] Level 1:colcon.colcon_core.package_discovery:discover_packages(colcon_meta) discover
[2.180s] Level 1:colcon.colcon_core.package_discovery:discover_packages(recursive) discover
[2.180s] INFO:colcon.colcon_core.package_discovery:Crawling recursively for packages in '/home/corelab/CatchingBlimp/Summer2023/ros2_stereo/src'
[2.180s] Level 1:colcon.colcon_core.package_identification:_identify(.) by extensions ['ignore', 'ignore_ament_install']
[2.180s] Level 1:colcon.colcon_core.package_identification:_identify(.) by extension 'ignore'
[2.180s] Level 1:colcon.colcon_core.package_identification:_identify(.) by extension 'ignore_ament_install'
[2.180s] Level 1:colcon.colcon_core.package_identification:_identify(.) by extensions ['colcon_pkg']
[2.180s] Level 1:colcon.colcon_core.package_identification:_identify(.) by extension 'colcon_pkg'
[2.181s] Level 1:colcon.colcon_core.package_identification:_identify(.) by extensions ['colcon_meta']
[2.181s] Level 1:colcon.colcon_core.package_identification:_identify(.) by extension 'colcon_meta'
[2.181s] Level 1:colcon.colcon_core.package_identification:_identify(.) by extensions ['ros']
[2.181s] Level 1:colcon.colcon_core.package_identification:_identify(.) by extension 'ros'
[2.189s] Level 1:colcon.colcon_core.package_identification:_identify(.) by extensions ['cmake', 'python']
[2.189s] Level 1:colcon.colcon_core.package_identification:_identify(.) by extension 'cmake'
[2.189s] Level 1:colcon.colcon_core.package_identification:_identify(.) by extension 'python'
[2.189s] Level 1:colcon.colcon_core.package_identification:_identify(.) by extensions ['python_setup_py']
[2.189s] Level 1:colcon.colcon_core.package_identification:_identify(.) by extension 'python_setup_py'
[2.189s] Level 1:colcon.colcon_core.package_identification:_identify(build) by extensions ['ignore', 'ignore_ament_install']
[2.189s] Level 1:colcon.colcon_core.package_identification:_identify(build) by extension 'ignore'
[2.189s] Level 1:colcon.colcon_core.package_identification:_identify(build) ignored
[2.189s] Level 1:colcon.colcon_core.package_identification:_identify(gscam2) by extensions ['ignore', 'ignore_ament_install']
[2.189s] Level 1:colcon.colcon_core.package_identification:_identify(gscam2) by extension 'ignore'
[2.189s] Level 1:colcon.colcon_core.package_identification:_identify(gscam2) by extension 'ignore_ament_install'
[2.189s] Level 1:colcon.colcon_core.package_identification:_identify(gscam2) by extensions ['colcon_pkg']
[2.189s] Level 1:colcon.colcon_core.package_identification:_identify(gscam2) by extension 'colcon_pkg'
[2.189s] Level 1:colcon.colcon_core.package_identification:_identify(gscam2) by extensions ['colcon_meta']
[2.189s] Level 1:colcon.colcon_core.package_identification:_identify(gscam2) by extension 'colcon_meta'
[2.189s] Level 1:colcon.colcon_core.package_identification:_identify(gscam2) by extensions ['ros']
[2.189s] Level 1:colcon.colcon_core.package_identification:_identify(gscam2) by extension 'ros'
[2.192s] DEBUG:colcon.colcon_core.package_identification:Package 'gscam2' with type 'ros.ament_cmake' and name 'gscam2'
[2.192s] Level 1:colcon.colcon_core.package_identification:_identify(image_proc) by extensions ['ignore', 'ignore_ament_install']
[2.192s] Level 1:colcon.colcon_core.package_identification:_identify(image_proc) by extension 'ignore'
[2.192s] Level 1:colcon.colcon_core.package_identification:_identify(image_proc) by extension 'ignore_ament_install'
[2.192s] Level 1:colcon.colcon_core.package_identification:_identify(image_proc) by extensions ['colcon_pkg']
[2.192s] Level 1:colcon.colcon_core.package_identification:_identify(image_proc) by extension 'colcon_pkg'
[2.192s] Level 1:colcon.colcon_core.package_identification:_identify(image_proc) by extensions ['colcon_meta']
[2.192s] Level 1:colcon.colcon_core.package_identification:_identify(image_proc) by extension 'colcon_meta'
[2.192s] Level 1:colcon.colcon_core.package_identification:_identify(image_proc) by extensions ['ros']
[2.192s] Level 1:colcon.colcon_core.package_identification:_identify(image_proc) by extension 'ros'
[2.193s] DEBUG:colcon.colcon_core.package_identification:Package 'image_proc' with type 'ros.ament_cmake' and name 'image_proc'
[2.193s] Level 1:colcon.colcon_core.package_identification:_identify(image_view) by extensions ['ignore', 'ignore_ament_install']
[2.193s] Level 1:colcon.colcon_core.package_identification:_identify(image_view) by extension 'ignore'
[2.193s] Level 1:colcon.colcon_core.package_identification:_identify(image_view) by extension 'ignore_ament_install'
[2.193s] Level 1:colcon.colcon_core.package_identification:_identify(image_view) by extensions ['colcon_pkg']
[2.193s] Level 1:colcon.colcon_core.package_identification:_identify(image_view) by extension 'colcon_pkg'
[2.193s] Level 1:colcon.colcon_core.package_identification:_identify(image_view) by extensions ['colcon_meta']
[2.193s] Level 1:colcon.colcon_core.package_identification:_identify(image_view) by extension 'colcon_meta'
[2.194s] Level 1:colcon.colcon_core.package_identification:_identify(image_view) by extensions ['ros']
[2.194s] Level 1:colcon.colcon_core.package_identification:_identify(image_view) by extension 'ros'
[2.195s] DEBUG:colcon.colcon_core.package_identification:Package 'image_view' with type 'ros.ament_cmake' and name 'image_view'
[2.195s] Level 1:colcon.colcon_core.package_identification:_identify(install) by extensions ['ignore', 'ignore_ament_install']
[2.195s] Level 1:colcon.colcon_core.package_identification:_identify(install) by extension 'ignore'
[2.195s] Level 1:colcon.colcon_core.package_identification:_identify(install) ignored
[2.195s] Level 1:colcon.colcon_core.package_identification:_identify(log) by extensions ['ignore', 'ignore_ament_install']
[2.195s] Level 1:colcon.colcon_core.package_identification:_identify(log) by extension 'ignore'
[2.195s] Level 1:colcon.colcon_core.package_identification:_identify(log) ignored
[2.195s] Level 1:colcon.colcon_core.package_identification:_identify(opencv_telemetry) by extensions ['ignore', 'ignore_ament_install']
[2.195s] Level 1:colcon.colcon_core.package_identification:_identify(opencv_telemetry) by extension 'ignore'
[2.195s] Level 1:colcon.colcon_core.package_identification:_identify(opencv_telemetry) by extension 'ignore_ament_install'
[2.195s] Level 1:colcon.colcon_core.package_identification:_identify(opencv_telemetry) by extensions ['colcon_pkg']
[2.195s] Level 1:colcon.colcon_core.package_identification:_identify(opencv_telemetry) by extension 'colcon_pkg'
[2.195s] Level 1:colcon.colcon_core.package_identification:_identify(opencv_telemetry) by extensions ['colcon_meta']
[2.195s] Level 1:colcon.colcon_core.package_identification:_identify(opencv_telemetry) by extension 'colcon_meta'
[2.195s] Level 1:colcon.colcon_core.package_identification:_identify(opencv_telemetry) by extensions ['ros']
[2.195s] Level 1:colcon.colcon_core.package_identification:_identify(opencv_telemetry) by extension 'ros'
[2.196s] DEBUG:colcon.colcon_core.package_identification:Package 'opencv_telemetry' with type 'ros.ament_cmake' and name 'opencv_telemetry'
[2.196s] Level 1:colcon.colcon_core.package_identification:_identify(ros2_shared) by extensions ['ignore', 'ignore_ament_install']
[2.196s] Level 1:colcon.colcon_core.package_identification:_identify(ros2_shared) by extension 'ignore'
[2.196s] Level 1:colcon.colcon_core.package_identification:_identify(ros2_shared) by extension 'ignore_ament_install'
[2.196s] Level 1:colcon.colcon_core.package_identification:_identify(ros2_shared) by extensions ['colcon_pkg']
[2.196s] Level 1:colcon.colcon_core.package_identification:_identify(ros2_shared) by extension 'colcon_pkg'
[2.196s] Level 1:colcon.colcon_core.package_identification:_identify(ros2_shared) by extensions ['colcon_meta']
[2.196s] Level 1:colcon.colcon_core.package_identification:_identify(ros2_shared) by extension 'colcon_meta'
[2.196s] Level 1:colcon.colcon_core.package_identification:_identify(ros2_shared) by extensions ['ros']
[2.196s] Level 1:colcon.colcon_core.package_identification:_identify(ros2_shared) by extension 'ros'
[2.197s] DEBUG:colcon.colcon_core.package_identification:Package 'ros2_shared' with type 'ros.ament_cmake' and name 'ros2_shared'
[2.197s] Level 1:colcon.colcon_core.package_identification:_identify(stereo_combined) by extensions ['ignore', 'ignore_ament_install']
[2.197s] Level 1:colcon.colcon_core.package_identification:_identify(stereo_combined) by extension 'ignore'
[2.197s] Level 1:colcon.colcon_core.package_identification:_identify(stereo_combined) by extension 'ignore_ament_install'
[2.197s] Level 1:colcon.colcon_core.package_identification:_identify(stereo_combined) by extensions ['colcon_pkg']
[2.197s] Level 1:colcon.colcon_core.package_identification:_identify(stereo_combined) by extension 'colcon_pkg'
[2.197s] Level 1:colcon.colcon_core.package_identification:_identify(stereo_combined) by extensions ['colcon_meta']
[2.197s] Level 1:colcon.colcon_core.package_identification:_identify(stereo_combined) by extension 'colcon_meta'
[2.197s] Level 1:colcon.colcon_core.package_identification:_identify(stereo_combined) by extensions ['ros']
[2.197s] Level 1:colcon.colcon_core.package_identification:_identify(stereo_combined) by extension 'ros'
[2.198s] DEBUG:colcon.colcon_core.package_identification:Package 'stereo_combined' with type 'ros.ament_cmake' and name 'stereo_combined'
[2.198s] Level 1:colcon.colcon_core.package_identification:_identify(stereo_image_proc) by extensions ['ignore', 'ignore_ament_install']
[2.198s] Level 1:colcon.colcon_core.package_identification:_identify(stereo_image_proc) by extension 'ignore'
[2.198s] Level 1:colcon.colcon_core.package_identification:_identify(stereo_image_proc) by extension 'ignore_ament_install'
[2.198s] Level 1:colcon.colcon_core.package_identification:_identify(stereo_image_proc) by extensions ['colcon_pkg']
[2.198s] Level 1:colcon.colcon_core.package_identification:_identify(stereo_image_proc) by extension 'colcon_pkg'
[2.199s] Level 1:colcon.colcon_core.package_identification:_identify(stereo_image_proc) by extensions ['colcon_meta']
[2.199s] Level 1:colcon.colcon_core.package_identification:_identify(stereo_image_proc) by extension 'colcon_meta'
[2.199s] Level 1:colcon.colcon_core.package_identification:_identify(stereo_image_proc) by extensions ['ros']
[2.199s] Level 1:colcon.colcon_core.package_identification:_identify(stereo_image_proc) by extension 'ros'
[2.200s] DEBUG:colcon.colcon_core.package_identification:Package 'stereo_image_proc' with type 'ros.ament_cmake' and name 'stereo_image_proc'
[2.200s] Level 1:colcon.colcon_core.package_identification:_identify(yolo_msgs) by extensions ['ignore', 'ignore_ament_install']
[2.200s] Level 1:colcon.colcon_core.package_identification:_identify(yolo_msgs) by extension 'ignore'
[2.200s] Level 1:colcon.colcon_core.package_identification:_identify(yolo_msgs) by extension 'ignore_ament_install'
[2.200s] Level 1:colcon.colcon_core.package_identification:_identify(yolo_msgs) by extensions ['colcon_pkg']
[2.200s] Level 1:colcon.colcon_core.package_identification:_identify(yolo_msgs) by extension 'colcon_pkg'
[2.200s] Level 1:colcon.colcon_core.package_identification:_identify(yolo_msgs) by extensions ['colcon_meta']
[2.200s] Level 1:colcon.colcon_core.package_identification:_identify(yolo_msgs) by extension 'colcon_meta'
[2.200s] Level 1:colcon.colcon_core.package_identification:_identify(yolo_msgs) by extensions ['ros']
[2.200s] Level 1:colcon.colcon_core.package_identification:_identify(yolo_msgs) by extension 'ros'
[2.201s] DEBUG:colcon.colcon_core.package_identification:Package 'yolo_msgs' with type 'ros.ament_cmake' and name 'yolo_msgs'
[2.201s] Level 1:colcon.colcon_core.package_discovery:discover_packages(recursive) using defaults
[2.201s] Level 1:colcon.colcon_core.package_discovery:discover_packages(ignore) discover
[2.201s] Level 1:colcon.colcon_core.package_discovery:discover_packages(ignore) using defaults
[2.201s] Level 1:colcon.colcon_core.package_discovery:discover_packages(path) discover
[2.201s] Level 1:colcon.colcon_core.package_discovery:discover_packages(path) using defaults
[2.396s] Level 1:colcon.colcon_core.package_discovery:discover_packages(prefix_path) check parameters
[2.396s] Level 1:colcon.colcon_core.package_discovery:discover_packages(prefix_path) discover
[2.475s] DEBUG:colcon.colcon_installed_package_information.package_discovery:Found 8 installed packages in /home/corelab/CatchingBlimp/Summer2023/ros2_stereo/install
[2.512s] DEBUG:colcon.colcon_installed_package_information.package_discovery:Found 266 installed packages in /opt/ros/foxy
[2.513s] Level 1:colcon.colcon_core.package_discovery:discover_packages(prefix_path) using defaults
[2.643s] Level 5:colcon.colcon_core.verb:set package 'image_proc' build argument 'cmake_args' from command line to 'None'
[2.643s] Level 5:colcon.colcon_core.verb:set package 'image_proc' build argument 'cmake_target' from command line to 'None'
[2.643s] Level 5:colcon.colcon_core.verb:set package 'image_proc' build argument 'cmake_target_skip_unavailable' from command line to 'False'
[2.643s] Level 5:colcon.colcon_core.verb:set package 'image_proc' build argument 'cmake_clean_cache' from command line to 'False'
[2.643s] Level 5:colcon.colcon_core.verb:set package 'image_proc' build argument 'cmake_clean_first' from command line to 'False'
[2.643s] Level 5:colcon.colcon_core.verb:set package 'image_proc' build argument 'cmake_force_configure' from command line to 'False'
[2.643s] Level 5:colcon.colcon_core.verb:set package 'image_proc' build argument 'ament_cmake_args' from command line to 'None'
[2.643s] Level 5:colcon.colcon_core.verb:set package 'image_proc' build argument 'catkin_cmake_args' from command line to 'None'
[2.643s] Level 5:colcon.colcon_core.verb:set package 'image_proc' build argument 'catkin_skip_building_tests' from command line to 'False'
[2.643s] DEBUG:colcon.colcon_core.verb:Building package 'image_proc' with the following arguments: {'ament_cmake_args': None, 'build_base': '/home/corelab/CatchingBlimp/Summer2023/ros2_stereo/src/build/image_proc', 'catkin_cmake_args': None, 'catkin_skip_building_tests': False, 'cmake_args': None, 'cmake_clean_cache': False, 'cmake_clean_first': False, 'cmake_force_configure': False, 'cmake_target': None, 'cmake_target_skip_unavailable': False, 'install_base': '/home/corelab/CatchingBlimp/Summer2023/ros2_stereo/src/install/image_proc', 'merge_install': False, 'path': '/home/corelab/CatchingBlimp/Summer2023/ros2_stereo/src/image_proc', 'symlink_install': True, 'test_result_base': None}
[2.679s] Level 5:colcon.colcon_core.verb:set package 'image_view' build argument 'cmake_args' from command line to 'None'
[2.679s] Level 5:colcon.colcon_core.verb:set package 'image_view' build argument 'cmake_target' from command line to 'None'
[2.679s] Level 5:colcon.colcon_core.verb:set package 'image_view' build argument 'cmake_target_skip_unavailable' from command line to 'False'
[2.679s] Level 5:colcon.colcon_core.verb:set package 'image_view' build argument 'cmake_clean_cache' from command line to 'False'
[2.679s] Level 5:colcon.colcon_core.verb:set package 'image_view' build argument 'cmake_clean_first' from command line to 'False'
[2.679s] Level 5:colcon.colcon_core.verb:set package 'image_view' build argument 'cmake_force_configure' from command line to 'False'
[2.679s] Level 5:colcon.colcon_core.verb:set package 'image_view' build argument 'ament_cmake_args' from command line to 'None'
[2.679s] Level 5:colcon.colcon_core.verb:set package 'image_view' build argument 'catkin_cmake_args' from command line to 'None'
[2.679s] Level 5:colcon.colcon_core.verb:set package 'image_view' build argument 'catkin_skip_building_tests' from command line to 'False'
[2.679s] DEBUG:colcon.colcon_core.verb:Building package 'image_view' with the following arguments: {'ament_cmake_args': None, 'build_base': '/home/corelab/CatchingBlimp/Summer2023/ros2_stereo/src/build/image_view', 'catkin_cmake_args': None, 'catkin_skip_building_tests': False, 'cmake_args': None, 'cmake_clean_cache': False, 'cmake_clean_first': False, 'cmake_force_configure': False, 'cmake_target': None, 'cmake_target_skip_unavailable': False, 'install_base': '/home/corelab/CatchingBlimp/Summer2023/ros2_stereo/src/install/image_view', 'merge_install': False, 'path': '/home/corelab/CatchingBlimp/Summer2023/ros2_stereo/src/image_view', 'symlink_install': True, 'test_result_base': None}
[2.716s] Level 5:colcon.colcon_core.verb:set package 'opencv_telemetry' build argument 'cmake_args' from command line to 'None'
[2.716s] Level 5:colcon.colcon_core.verb:set package 'opencv_telemetry' build argument 'cmake_target' from command line to 'None'
[2.716s] Level 5:colcon.colcon_core.verb:set package 'opencv_telemetry' build argument 'cmake_target_skip_unavailable' from command line to 'False'
[2.716s] Level 5:colcon.colcon_core.verb:set package 'opencv_telemetry' build argument 'cmake_clean_cache' from command line to 'False'
[2.716s] Level 5:colcon.colcon_core.verb:set package 'opencv_telemetry' build argument 'cmake_clean_first' from command line to 'False'
[2.716s] Level 5:colcon.colcon_core.verb:set package 'opencv_telemetry' build argument 'cmake_force_configure' from command line to 'False'
[2.716s] Level 5:colcon.colcon_core.verb:set package 'opencv_telemetry' build argument 'ament_cmake_args' from command line to 'None'
[2.716s] Level 5:colcon.colcon_core.verb:set package 'opencv_telemetry' build argument 'catkin_cmake_args' from command line to 'None'
[2.716s] Level 5:colcon.colcon_core.verb:set package 'opencv_telemetry' build argument 'catkin_skip_building_tests' from command line to 'False'
[2.716s] DEBUG:colcon.colcon_core.verb:Building package 'opencv_telemetry' with the following arguments: {'ament_cmake_args': None, 'build_base': '/home/corelab/CatchingBlimp/Summer2023/ros2_stereo/src/build/opencv_telemetry', 'catkin_cmake_args': None, 'catkin_skip_building_tests': False, 'cmake_args': None, 'cmake_clean_cache': False, 'cmake_clean_first': False, 'cmake_force_configure': False, 'cmake_target': None, 'cmake_target_skip_unavailable': False, 'install_base': '/home/corelab/CatchingBlimp/Summer2023/ros2_stereo/src/install/opencv_telemetry', 'merge_install': False, 'path': '/home/corelab/CatchingBlimp/Summer2023/ros2_stereo/src/opencv_telemetry', 'symlink_install': True, 'test_result_base': None}
[2.752s] Level 5:colcon.colcon_core.verb:set package 'ros2_shared' build argument 'cmake_args' from command line to 'None'
[2.752s] Level 5:colcon.colcon_core.verb:set package 'ros2_shared' build argument 'cmake_target' from command line to 'None'
[2.752s] Level 5:colcon.colcon_core.verb:set package 'ros2_shared' build argument 'cmake_target_skip_unavailable' from command line to 'False'
[2.752s] Level 5:colcon.colcon_core.verb:set package 'ros2_shared' build argument 'cmake_clean_cache' from command line to 'False'
[2.752s] Level 5:colcon.colcon_core.verb:set package 'ros2_shared' build argument 'cmake_clean_first' from command line to 'False'
[2.752s] Level 5:colcon.colcon_core.verb:set package 'ros2_shared' build argument 'cmake_force_configure' from command line to 'False'
[2.752s] Level 5:colcon.colcon_core.verb:set package 'ros2_shared' build argument 'ament_cmake_args' from command line to 'None'
[2.752s] Level 5:colcon.colcon_core.verb:set package 'ros2_shared' build argument 'catkin_cmake_args' from command line to 'None'
[2.752s] Level 5:colcon.colcon_core.verb:set package 'ros2_shared' build argument 'catkin_skip_building_tests' from command line to 'False'
[2.752s] DEBUG:colcon.colcon_core.verb:Building package 'ros2_shared' with the following arguments: {'ament_cmake_args': None, 'build_base': '/home/corelab/CatchingBlimp/Summer2023/ros2_stereo/src/build/ros2_shared', 'catkin_cmake_args': None, 'catkin_skip_building_tests': False, 'cmake_args': None, 'cmake_clean_cache': False, 'cmake_clean_first': False, 'cmake_force_configure': False, 'cmake_target': None, 'cmake_target_skip_unavailable': False, 'install_base': '/home/corelab/CatchingBlimp/Summer2023/ros2_stereo/src/install/ros2_shared', 'merge_install': False, 'path': '/home/corelab/CatchingBlimp/Summer2023/ros2_stereo/src/ros2_shared', 'symlink_install': True, 'test_result_base': None}
[2.788s] Level 5:colcon.colcon_core.verb:set package 'yolo_msgs' build argument 'cmake_args' from command line to 'None'
[2.788s] Level 5:colcon.colcon_core.verb:set package 'yolo_msgs' build argument 'cmake_target' from command line to 'None'
[2.788s] Level 5:colcon.colcon_core.verb:set package 'yolo_msgs' build argument 'cmake_target_skip_unavailable' from command line to 'False'
[2.788s] Level 5:colcon.colcon_core.verb:set package 'yolo_msgs' build argument 'cmake_clean_cache' from command line to 'False'
[2.788s] Level 5:colcon.colcon_core.verb:set package 'yolo_msgs' build argument 'cmake_clean_first' from command line to 'False'
[2.788s] Level 5:colcon.colcon_core.verb:set package 'yolo_msgs' build argument 'cmake_force_configure' from command line to 'False'
[2.788s] Level 5:colcon.colcon_core.verb:set package 'yolo_msgs' build argument 'ament_cmake_args' from command line to 'None'
[2.788s] Level 5:colcon.colcon_core.verb:set package 'yolo_msgs' build argument 'catkin_cmake_args' from command line to 'None'
[2.788s] Level 5:colcon.colcon_core.verb:set package 'yolo_msgs' build argument 'catkin_skip_building_tests' from command line to 'False'
[2.788s] DEBUG:colcon.colcon_core.verb:Building package 'yolo_msgs' with the following arguments: {'ament_cmake_args': None, 'build_base': '/home/corelab/CatchingBlimp/Summer2023/ros2_stereo/src/build/yolo_msgs', 'catkin_cmake_args': None, 'catkin_skip_building_tests': False, 'cmake_args': None, 'cmake_clean_cache': False, 'cmake_clean_first': False, 'cmake_force_configure': False, 'cmake_target': None, 'cmake_target_skip_unavailable': False, 'install_base': '/home/corelab/CatchingBlimp/Summer2023/ros2_stereo/src/install/yolo_msgs', 'merge_install': False, 'path': '/home/corelab/CatchingBlimp/Summer2023/ros2_stereo/src/yolo_msgs', 'symlink_install': True, 'test_result_base': None}
[2.825s] Level 5:colcon.colcon_core.verb:set package 'gscam2' build argument 'cmake_args' from command line to 'None'
[2.825s] Level 5:colcon.colcon_core.verb:set package 'gscam2' build argument 'cmake_target' from command line to 'None'
[2.825s] Level 5:colcon.colcon_core.verb:set package 'gscam2' build argument 'cmake_target_skip_unavailable' from command line to 'False'
[2.825s] Level 5:colcon.colcon_core.verb:set package 'gscam2' build argument 'cmake_clean_cache' from command line to 'False'
[2.825s] Level 5:colcon.colcon_core.verb:set package 'gscam2' build argument 'cmake_clean_first' from command line to 'False'
[2.825s] Level 5:colcon.colcon_core.verb:set package 'gscam2' build argument 'cmake_force_configure' from command line to 'False'
[2.825s] Level 5:colcon.colcon_core.verb:set package 'gscam2' build argument 'ament_cmake_args' from command line to 'None'
[2.825s] Level 5:colcon.colcon_core.verb:set package 'gscam2' build argument 'catkin_cmake_args' from command line to 'None'
[2.825s] Level 5:colcon.colcon_core.verb:set package 'gscam2' build argument 'catkin_skip_building_tests' from command line to 'False'
[2.825s] DEBUG:colcon.colcon_core.verb:Building package 'gscam2' with the following arguments: {'ament_cmake_args': None, 'build_base': '/home/corelab/CatchingBlimp/Summer2023/ros2_stereo/src/build/gscam2', 'catkin_cmake_args': None, 'catkin_skip_building_tests': False, 'cmake_args': None, 'cmake_clean_cache': False, 'cmake_clean_first': False, 'cmake_force_configure': False, 'cmake_target': None, 'cmake_target_skip_unavailable': False, 'install_base': '/home/corelab/CatchingBlimp/Summer2023/ros2_stereo/src/install/gscam2', 'merge_install': False, 'path': '/home/corelab/CatchingBlimp/Summer2023/ros2_stereo/src/gscam2', 'symlink_install': True, 'test_result_base': None}
[2.861s] Level 5:colcon.colcon_core.verb:set package 'stereo_combined' build argument 'cmake_args' from command line to 'None'
[2.861s] Level 5:colcon.colcon_core.verb:set package 'stereo_combined' build argument 'cmake_target' from command line to 'None'
[2.861s] Level 5:colcon.colcon_core.verb:set package 'stereo_combined' build argument 'cmake_target_skip_unavailable' from command line to 'False'
[2.861s] Level 5:colcon.colcon_core.verb:set package 'stereo_combined' build argument 'cmake_clean_cache' from command line to 'False'
[2.861s] Level 5:colcon.colcon_core.verb:set package 'stereo_combined' build argument 'cmake_clean_first' from command line to 'False'
[2.861s] Level 5:colcon.colcon_core.verb:set package 'stereo_combined' build argument 'cmake_force_configure' from command line to 'False'
[2.861s] Level 5:colcon.colcon_core.verb:set package 'stereo_combined' build argument 'ament_cmake_args' from command line to 'None'
[2.861s] Level 5:colcon.colcon_core.verb:set package 'stereo_combined' build argument 'catkin_cmake_args' from command line to 'None'
[2.861s] Level 5:colcon.colcon_core.verb:set package 'stereo_combined' build argument 'catkin_skip_building_tests' from command line to 'False'
[2.861s] DEBUG:colcon.colcon_core.verb:Building package 'stereo_combined' with the following arguments: {'ament_cmake_args': None, 'build_base': '/home/corelab/CatchingBlimp/Summer2023/ros2_stereo/src/build/stereo_combined', 'catkin_cmake_args': None, 'catkin_skip_building_tests': False, 'cmake_args': None, 'cmake_clean_cache': False, 'cmake_clean_first': False, 'cmake_force_configure': False, 'cmake_target': None, 'cmake_target_skip_unavailable': False, 'install_base': '/home/corelab/CatchingBlimp/Summer2023/ros2_stereo/src/install/stereo_combined', 'merge_install': False, 'path': '/home/corelab/CatchingBlimp/Summer2023/ros2_stereo/src/stereo_combined', 'symlink_install': True, 'test_result_base': None}
[2.897s] Level 5:colcon.colcon_core.verb:set package 'stereo_image_proc' build argument 'cmake_args' from command line to 'None'
[2.897s] Level 5:colcon.colcon_core.verb:set package 'stereo_image_proc' build argument 'cmake_target' from command line to 'None'
[2.897s] Level 5:colcon.colcon_core.verb:set package 'stereo_image_proc' build argument 'cmake_target_skip_unavailable' from command line to 'False'
[2.897s] Level 5:colcon.colcon_core.verb:set package 'stereo_image_proc' build argument 'cmake_clean_cache' from command line to 'False'
[2.897s] Level 5:colcon.colcon_core.verb:set package 'stereo_image_proc' build argument 'cmake_clean_first' from command line to 'False'
[2.897s] Level 5:colcon.colcon_core.verb:set package 'stereo_image_proc' build argument 'cmake_force_configure' from command line to 'False'
[2.897s] Level 5:colcon.colcon_core.verb:set package 'stereo_image_proc' build argument 'ament_cmake_args' from command line to 'None'
[2.897s] Level 5:colcon.colcon_core.verb:set package 'stereo_image_proc' build argument 'catkin_cmake_args' from command line to 'None'
[2.897s] Level 5:colcon.colcon_core.verb:set package 'stereo_image_proc' build argument 'catkin_skip_building_tests' from command line to 'False'
[2.897s] DEBUG:colcon.colcon_core.verb:Building package 'stereo_image_proc' with the following arguments: {'ament_cmake_args': None, 'build_base': '/home/corelab/CatchingBlimp/Summer2023/ros2_stereo/src/build/stereo_image_proc', 'catkin_cmake_args': None, 'catkin_skip_building_tests': False, 'cmake_args': None, 'cmake_clean_cache': False, 'cmake_clean_first': False, 'cmake_force_configure': False, 'cmake_target': None, 'cmake_target_skip_unavailable': False, 'install_base': '/home/corelab/CatchingBlimp/Summer2023/ros2_stereo/src/install/stereo_image_proc', 'merge_install': False, 'path': '/home/corelab/CatchingBlimp/Summer2023/ros2_stereo/src/stereo_image_proc', 'symlink_install': True, 'test_result_base': None}
[2.941s] INFO:colcon.colcon_core.executor:Executing jobs using 'parallel' executor
[2.977s] DEBUG:colcon.colcon_parallel_executor.executor.parallel:run_until_complete
[2.977s] INFO:colcon.colcon_ros.task.ament_cmake.build:Building ROS package in '/home/corelab/CatchingBlimp/Summer2023/ros2_stereo/src/image_proc' with build type 'ament_cmake'
[2.977s] INFO:colcon.colcon_cmake.task.cmake.build:Building CMake package in '/home/corelab/CatchingBlimp/Summer2023/ros2_stereo/src/image_proc'
[3.016s] INFO:colcon.colcon_core.plugin_system:Skipping extension 'colcon_core.shell.bat': Not used on non-Windows systems
[3.016s] INFO:colcon.colcon_core.shell:Skip shell extension 'powershell' for command environment: Not usable outside of PowerShell
[3.016s] DEBUG:colcon.colcon_core.shell:Skip shell extension 'dsv' for command environment
[3.130s] INFO:colcon.colcon_ros.task.ament_cmake.build:Building ROS package in '/home/corelab/CatchingBlimp/Summer2023/ros2_stereo/src/yolo_msgs' with build type 'ament_cmake'
[3.130s] INFO:colcon.colcon_cmake.task.cmake.build:Building CMake package in '/home/corelab/CatchingBlimp/Summer2023/ros2_stereo/src/yolo_msgs'
[3.168s] INFO:colcon.colcon_core.shell:Skip shell extension 'powershell' for command environment: Not usable outside of PowerShell
[3.168s] DEBUG:colcon.colcon_core.shell:Skip shell extension 'dsv' for command environment
[3.282s] INFO:colcon.colcon_ros.task.ament_cmake.build:Building ROS package in '/home/corelab/CatchingBlimp/Summer2023/ros2_stereo/src/ros2_shared' with build type 'ament_cmake'
[3.282s] INFO:colcon.colcon_cmake.task.cmake.build:Building CMake package in '/home/corelab/CatchingBlimp/Summer2023/ros2_stereo/src/ros2_shared'
[3.320s] INFO:colcon.colcon_core.shell:Skip shell extension 'powershell' for command environment: Not usable outside of PowerShell
[3.320s] DEBUG:colcon.colcon_core.shell:Skip shell extension 'dsv' for command environment
[3.434s] INFO:colcon.colcon_ros.task.ament_cmake.build:Building ROS package in '/home/corelab/CatchingBlimp/Summer2023/ros2_stereo/src/image_view' with build type 'ament_cmake'
[3.434s] INFO:colcon.colcon_cmake.task.cmake.build:Building CMake package in '/home/corelab/CatchingBlimp/Summer2023/ros2_stereo/src/image_view'
[3.472s] INFO:colcon.colcon_core.shell:Skip shell extension 'powershell' for command environment: Not usable outside of PowerShell
[3.472s] DEBUG:colcon.colcon_core.shell:Skip shell extension 'dsv' for command environment
[3.586s] INFO:colcon.colcon_ros.task.ament_cmake.build:Building ROS package in '/home/corelab/CatchingBlimp/Summer2023/ros2_stereo/src/opencv_telemetry' with build type 'ament_cmake'
[3.586s] INFO:colcon.colcon_cmake.task.cmake.build:Building CMake package in '/home/corelab/CatchingBlimp/Summer2023/ros2_stereo/src/opencv_telemetry'
[3.624s] INFO:colcon.colcon_core.shell:Skip shell extension 'powershell' for command environment: Not usable outside of PowerShell
[3.625s] DEBUG:colcon.colcon_core.shell:Skip shell extension 'dsv' for command environment
[3.743s] DEBUG:colcon.colcon_core.event_handler.log_command:Invoking command in '/home/corelab/CatchingBlimp/Summer2023/ros2_stereo/src/build/image_proc': CMAKE_PREFIX_PATH=${CMAKE_PREFIX_PATH}:/opt/ros/foxy /usr/bin/cmake /home/corelab/CatchingBlimp/Summer2023/ros2_stereo/src/image_proc -DAMENT_CMAKE_SYMLINK_INSTALL=1 -DCMAKE_INSTALL_PREFIX=/home/corelab/CatchingBlimp/Summer2023/ros2_stereo/src/install/image_proc
[3.746s] DEBUG:colcon.colcon_core.event_handler.log_command:Invoking command in '/home/corelab/CatchingBlimp/Summer2023/ros2_stereo/src/build/yolo_msgs': CMAKE_PREFIX_PATH=${CMAKE_PREFIX_PATH}:/opt/ros/foxy /usr/bin/cmake /home/corelab/CatchingBlimp/Summer2023/ros2_stereo/src/yolo_msgs -DAMENT_CMAKE_SYMLINK_INSTALL=1 -DCMAKE_INSTALL_PREFIX=/home/corelab/CatchingBlimp/Summer2023/ros2_stereo/src/install/yolo_msgs
[3.752s] DEBUG:colcon.colcon_core.event_handler.log_command:Invoking command in '/home/corelab/CatchingBlimp/Summer2023/ros2_stereo/src/build/ros2_shared': CMAKE_PREFIX_PATH=${CMAKE_PREFIX_PATH}:/opt/ros/foxy /usr/bin/cmake /home/corelab/CatchingBlimp/Summer2023/ros2_stereo/src/ros2_shared -DAMENT_CMAKE_SYMLINK_INSTALL=1 -DCMAKE_INSTALL_PREFIX=/home/corelab/CatchingBlimp/Summer2023/ros2_stereo/src/install/ros2_shared
[3.756s] DEBUG:colcon.colcon_core.event_handler.log_command:Invoking command in '/home/corelab/CatchingBlimp/Summer2023/ros2_stereo/src/build/image_view': CMAKE_PREFIX_PATH=${CMAKE_PREFIX_PATH}:/opt/ros/foxy /usr/bin/cmake /home/corelab/CatchingBlimp/Summer2023/ros2_stereo/src/image_view -DAMENT_CMAKE_SYMLINK_INSTALL=1 -DCMAKE_INSTALL_PREFIX=/home/corelab/CatchingBlimp/Summer2023/ros2_stereo/src/install/image_view
[3.758s] DEBUG:colcon.colcon_core.event_handler.log_command:Invoking command in '/home/corelab/CatchingBlimp/Summer2023/ros2_stereo/src/build/opencv_telemetry': CMAKE_PREFIX_PATH=${CMAKE_PREFIX_PATH}:/opt/ros/foxy /usr/bin/cmake /home/corelab/CatchingBlimp/Summer2023/ros2_stereo/src/opencv_telemetry -DAMENT_CMAKE_SYMLINK_INSTALL=1 -DCMAKE_INSTALL_PREFIX=/home/corelab/CatchingBlimp/Summer2023/ros2_stereo/src/install/opencv_telemetry
[5.020s] DEBUG:colcon.colcon_core.event_handler.log_command:Invoked command in '/home/corelab/CatchingBlimp/Summer2023/ros2_stereo/src/build/ros2_shared' returned '0': CMAKE_PREFIX_PATH=${CMAKE_PREFIX_PATH}:/opt/ros/foxy /usr/bin/cmake /home/corelab/CatchingBlimp/Summer2023/ros2_stereo/src/ros2_shared -DAMENT_CMAKE_SYMLINK_INSTALL=1 -DCMAKE_INSTALL_PREFIX=/home/corelab/CatchingBlimp/Summer2023/ros2_stereo/src/install/ros2_shared
[5.022s] DEBUG:colcon.colcon_core.event_handler.log_command:Invoking command in '/home/corelab/CatchingBlimp/Summer2023/ros2_stereo/src/build/ros2_shared': CMAKE_PREFIX_PATH=${CMAKE_PREFIX_PATH}:/opt/ros/foxy /usr/bin/cmake --build /home/corelab/CatchingBlimp/Summer2023/ros2_stereo/src/build/ros2_shared -- -j8 -l8
[5.055s] DEBUG:colcon.colcon_core.event_handler.log_command:Invoked command in '/home/corelab/CatchingBlimp/Summer2023/ros2_stereo/src/build/ros2_shared' returned '0': CMAKE_PREFIX_PATH=${CMAKE_PREFIX_PATH}:/opt/ros/foxy /usr/bin/cmake --build /home/corelab/CatchingBlimp/Summer2023/ros2_stereo/src/build/ros2_shared -- -j8 -l8
[5.081s] DEBUG:colcon.colcon_core.event_handler.log_command:Invoking command in '/home/corelab/CatchingBlimp/Summer2023/ros2_stereo/src/build/ros2_shared': CMAKE_PREFIX_PATH=${CMAKE_PREFIX_PATH}:/opt/ros/foxy /usr/bin/cmake --install /home/corelab/CatchingBlimp/Summer2023/ros2_stereo/src/build/ros2_shared
[5.136s] DEBUG:colcon.colcon_core.event_handler.log_command:Invoked command in '/home/corelab/CatchingBlimp/Summer2023/ros2_stereo/src/build/yolo_msgs' returned '0': CMAKE_PREFIX_PATH=${CMAKE_PREFIX_PATH}:/opt/ros/foxy /usr/bin/cmake /home/corelab/CatchingBlimp/Summer2023/ros2_stereo/src/yolo_msgs -DAMENT_CMAKE_SYMLINK_INSTALL=1 -DCMAKE_INSTALL_PREFIX=/home/corelab/CatchingBlimp/Summer2023/ros2_stereo/src/install/yolo_msgs
[5.139s] DEBUG:colcon.colcon_core.event_handler.log_command:Invoking command in '/home/corelab/CatchingBlimp/Summer2023/ros2_stereo/src/build/yolo_msgs': CMAKE_PREFIX_PATH=${CMAKE_PREFIX_PATH}:/opt/ros/foxy /usr/bin/cmake --build /home/corelab/CatchingBlimp/Summer2023/ros2_stereo/src/build/yolo_msgs -- -j8 -l8
[5.247s] Level 1:colcon.colcon_core.environment:create_environment_scripts_only(ros2_shared)
[5.247s] DEBUG:colcon.colcon_core.event_handler.log_command:Invoked command in '/home/corelab/CatchingBlimp/Summer2023/ros2_stereo/src/build/ros2_shared' returned '0': CMAKE_PREFIX_PATH=${CMAKE_PREFIX_PATH}:/opt/ros/foxy /usr/bin/cmake --install /home/corelab/CatchingBlimp/Summer2023/ros2_stereo/src/build/ros2_shared
[5.289s] Level 1:colcon.colcon_core.environment:checking '/home/corelab/CatchingBlimp/Summer2023/ros2_stereo/src/install/ros2_shared' for CMake module files
[5.290s] Level 1:colcon.colcon_core.environment:checking '/home/corelab/CatchingBlimp/Summer2023/ros2_stereo/src/install/ros2_shared' for CMake config files
[5.290s] Level 1:colcon.colcon_core.shell:create_environment_hook('ros2_shared', 'cmake_prefix_path')
[5.340s] INFO:colcon.colcon_core.shell:Creating environment hook '/home/corelab/CatchingBlimp/Summer2023/ros2_stereo/src/install/ros2_shared/share/ros2_shared/hook/cmake_prefix_path.ps1'
[5.340s] INFO:colcon.colcon_core.shell:Creating environment descriptor '/home/corelab/CatchingBlimp/Summer2023/ros2_stereo/src/install/ros2_shared/share/ros2_shared/hook/cmake_prefix_path.dsv'
[5.340s] INFO:colcon.colcon_core.shell:Creating environment hook '/home/corelab/CatchingBlimp/Summer2023/ros2_stereo/src/install/ros2_shared/share/ros2_shared/hook/cmake_prefix_path.sh'
[5.341s] Level 1:colcon.colcon_core.environment:checking '/home/corelab/CatchingBlimp/Summer2023/ros2_stereo/src/install/ros2_shared/bin'
[5.341s] Level 1:colcon.colcon_core.environment:checking '/home/corelab/CatchingBlimp/Summer2023/ros2_stereo/src/install/ros2_shared/lib/pkgconfig/ros2_shared.pc'
[5.341s] Level 1:colcon.colcon_core.environment:checking '/home/corelab/CatchingBlimp/Summer2023/ros2_stereo/src/install/ros2_shared/lib/python3.8/site-packages'
[5.342s] Level 1:colcon.colcon_core.environment:checking '/home/corelab/CatchingBlimp/Summer2023/ros2_stereo/src/install/ros2_shared/bin'
[5.381s] INFO:colcon.colcon_core.shell:Creating package script '/home/corelab/CatchingBlimp/Summer2023/ros2_stereo/src/install/ros2_shared/share/ros2_shared/package.ps1'
[5.382s] INFO:colcon.colcon_core.shell:Creating package descriptor '/home/corelab/CatchingBlimp/Summer2023/ros2_stereo/src/install/ros2_shared/share/ros2_shared/package.dsv'
[5.382s] INFO:colcon.colcon_core.shell:Creating package script '/home/corelab/CatchingBlimp/Summer2023/ros2_stereo/src/install/ros2_shared/share/ros2_shared/package.sh'
[5.382s] INFO:colcon.colcon_core.shell:Creating package script '/home/corelab/CatchingBlimp/Summer2023/ros2_stereo/src/install/ros2_shared/share/ros2_shared/package.bash'
[5.383s] INFO:colcon.colcon_core.shell:Creating package script '/home/corelab/CatchingBlimp/Summer2023/ros2_stereo/src/install/ros2_shared/share/ros2_shared/package.zsh'
[5.384s] Level 1:colcon.colcon_core.environment:create_file_with_runtime_dependencies(/home/corelab/CatchingBlimp/Summer2023/ros2_stereo/src/install/ros2_shared/share/colcon-core/packages/ros2_shared)
[5.454s] Level 1:colcon.colcon_core.environment:create_environment_scripts_only(ros2_shared)
[5.504s] Level 1:colcon.colcon_core.environment:checking '/home/corelab/CatchingBlimp/Summer2023/ros2_stereo/src/install/ros2_shared' for CMake module files
[5.504s] Level 1:colcon.colcon_core.environment:checking '/home/corelab/CatchingBlimp/Summer2023/ros2_stereo/src/install/ros2_shared' for CMake config files
[5.504s] Level 1:colcon.colcon_core.shell:create_environment_hook('ros2_shared', 'cmake_prefix_path')
[5.553s] INFO:colcon.colcon_core.shell:Creating environment hook '/home/corelab/CatchingBlimp/Summer2023/ros2_stereo/src/install/ros2_shared/share/ros2_shared/hook/cmake_prefix_path.ps1'
[5.554s] INFO:colcon.colcon_core.shell:Creating environment descriptor '/home/corelab/CatchingBlimp/Summer2023/ros2_stereo/src/install/ros2_shared/share/ros2_shared/hook/cmake_prefix_path.dsv'
[5.554s] INFO:colcon.colcon_core.shell:Creating environment hook '/home/corelab/CatchingBlimp/Summer2023/ros2_stereo/src/install/ros2_shared/share/ros2_shared/hook/cmake_prefix_path.sh'
[5.554s] Level 1:colcon.colcon_core.environment:checking '/home/corelab/CatchingBlimp/Summer2023/ros2_stereo/src/install/ros2_shared/bin'
[5.555s] Level 1:colcon.colcon_core.environment:checking '/home/corelab/CatchingBlimp/Summer2023/ros2_stereo/src/install/ros2_shared/lib/pkgconfig/ros2_shared.pc'
[5.555s] Level 1:colcon.colcon_core.environment:checking '/home/corelab/CatchingBlimp/Summer2023/ros2_stereo/src/install/ros2_shared/lib/python3.8/site-packages'
[5.555s] Level 1:colcon.colcon_core.environment:checking '/home/corelab/CatchingBlimp/Summer2023/ros2_stereo/src/install/ros2_shared/bin'
[5.597s] INFO:colcon.colcon_core.shell:Creating package script '/home/corelab/CatchingBlimp/Summer2023/ros2_stereo/src/install/ros2_shared/share/ros2_shared/package.ps1'
[5.598s] INFO:colcon.colcon_core.shell:Creating package descriptor '/home/corelab/CatchingBlimp/Summer2023/ros2_stereo/src/install/ros2_shared/share/ros2_shared/package.dsv'
[5.598s] INFO:colcon.colcon_core.shell:Creating package script '/home/corelab/CatchingBlimp/Summer2023/ros2_stereo/src/install/ros2_shared/share/ros2_shared/package.sh'
[5.598s] INFO:colcon.colcon_core.shell:Creating package script '/home/corelab/CatchingBlimp/Summer2023/ros2_stereo/src/install/ros2_shared/share/ros2_shared/package.bash'
[5.599s] INFO:colcon.colcon_core.shell:Creating package script '/home/corelab/CatchingBlimp/Summer2023/ros2_stereo/src/install/ros2_shared/share/ros2_shared/package.zsh'
[5.599s] Level 1:colcon.colcon_core.environment:create_file_with_runtime_dependencies(/home/corelab/CatchingBlimp/Summer2023/ros2_stereo/src/install/ros2_shared/share/colcon-core/packages/ros2_shared)
[5.600s] INFO:colcon.colcon_ros.task.ament_cmake.build:Building ROS package in '/home/corelab/CatchingBlimp/Summer2023/ros2_stereo/src/gscam2' with build type 'ament_cmake'
[5.600s] INFO:colcon.colcon_cmake.task.cmake.build:Building CMake package in '/home/corelab/CatchingBlimp/Summer2023/ros2_stereo/src/gscam2'
[5.653s] INFO:colcon.colcon_core.shell:Skip shell extension 'powershell' for command environment: Not usable outside of PowerShell
[5.654s] DEBUG:colcon.colcon_core.shell:Skip shell extension 'dsv' for command environment
[5.817s] DEBUG:colcon.colcon_core.event_handler.log_command:Invoked command in '/home/corelab/CatchingBlimp/Summer2023/ros2_stereo/src/build/image_proc' returned '0': CMAKE_PREFIX_PATH=${CMAKE_PREFIX_PATH}:/opt/ros/foxy /usr/bin/cmake /home/corelab/CatchingBlimp/Summer2023/ros2_stereo/src/image_proc -DAMENT_CMAKE_SYMLINK_INSTALL=1 -DCMAKE_INSTALL_PREFIX=/home/corelab/CatchingBlimp/Summer2023/ros2_stereo/src/install/image_proc
[5.818s] DEBUG:colcon.colcon_core.event_handler.log_command:Invoking command in '/home/corelab/CatchingBlimp/Summer2023/ros2_stereo/src/build/image_proc': CMAKE_PREFIX_PATH=${CMAKE_PREFIX_PATH}:/opt/ros/foxy /usr/bin/cmake --build /home/corelab/CatchingBlimp/Summer2023/ros2_stereo/src/build/image_proc -- -j8 -l8
[5.831s] DEBUG:colcon.colcon_core.event_handler.log_command:Invoking command in '/home/corelab/CatchingBlimp/Summer2023/ros2_stereo/src/build/gscam2': AMENT_PREFIX_PATH=/home/corelab/CatchingBlimp/Summer2023/ros2_stereo/src/install/ros2_shared:${AMENT_PREFIX_PATH} CMAKE_PREFIX_PATH=/home/corelab/CatchingBlimp/Summer2023/ros2_stereo/src/install/ros2_shared:/home/corelab/CatchingBlimp/Summer2023/ros2_stereo/install/stereo_image_proc:/home/corelab/CatchingBlimp/Summer2023/ros2_stereo/install/stereo_combined:/home/corelab/CatchingBlimp/Summer2023/ros2_stereo/install/yolo_msgs:/home/corelab/CatchingBlimp/Summer2023/ros2_stereo/install/opencv_telemetry:/home/corelab/CatchingBlimp/Summer2023/ros2_stereo/install/image_view:/home/corelab/CatchingBlimp/Summer2023/ros2_stereo/install/image_proc:/opt/ros/foxy /usr/bin/cmake /home/corelab/CatchingBlimp/Summer2023/ros2_stereo/src/gscam2 -DAMENT_CMAKE_SYMLINK_INSTALL=1 -DCMAKE_INSTALL_PREFIX=/home/corelab/CatchingBlimp/Summer2023/ros2_stereo/src/install/gscam2
[6.191s] DEBUG:colcon.colcon_core.event_handler.log_command:Invoked command in '/home/corelab/CatchingBlimp/Summer2023/ros2_stereo/src/build/image_view' returned '0': CMAKE_PREFIX_PATH=${CMAKE_PREFIX_PATH}:/opt/ros/foxy /usr/bin/cmake /home/corelab/CatchingBlimp/Summer2023/ros2_stereo/src/image_view -DAMENT_CMAKE_SYMLINK_INSTALL=1 -DCMAKE_INSTALL_PREFIX=/home/corelab/CatchingBlimp/Summer2023/ros2_stereo/src/install/image_view
[6.191s] DEBUG:colcon.colcon_core.event_handler.log_command:Invoking command in '/home/corelab/CatchingBlimp/Summer2023/ros2_stereo/src/build/image_view': CMAKE_PREFIX_PATH=${CMAKE_PREFIX_PATH}:/opt/ros/foxy /usr/bin/cmake --build /home/corelab/CatchingBlimp/Summer2023/ros2_stereo/src/build/image_view -- -j8 -l8
[6.864s] DEBUG:colcon.colcon_core.event_handler.log_command:Invoked command in '/home/corelab/CatchingBlimp/Summer2023/ros2_stereo/src/build/opencv_telemetry' returned '0': CMAKE_PREFIX_PATH=${CMAKE_PREFIX_PATH}:/opt/ros/foxy /usr/bin/cmake /home/corelab/CatchingBlimp/Summer2023/ros2_stereo/src/opencv_telemetry -DAMENT_CMAKE_SYMLINK_INSTALL=1 -DCMAKE_INSTALL_PREFIX=/home/corelab/CatchingBlimp/Summer2023/ros2_stereo/src/install/opencv_telemetry
[6.865s] DEBUG:colcon.colcon_core.event_handler.log_command:Invoking command in '/home/corelab/CatchingBlimp/Summer2023/ros2_stereo/src/build/opencv_telemetry': CMAKE_PREFIX_PATH=${CMAKE_PREFIX_PATH}:/opt/ros/foxy /usr/bin/cmake --build /home/corelab/CatchingBlimp/Summer2023/ros2_stereo/src/build/opencv_telemetry -- -j8 -l8
[11.038s] DEBUG:colcon.colcon_core.event_handler.log_command:Invoked command in '/home/corelab/CatchingBlimp/Summer2023/ros2_stereo/src/build/gscam2' returned '1': AMENT_PREFIX_PATH=/home/corelab/CatchingBlimp/Summer2023/ros2_stereo/src/install/ros2_shared:${AMENT_PREFIX_PATH} CMAKE_PREFIX_PATH=/home/corelab/CatchingBlimp/Summer2023/ros2_stereo/src/install/ros2_shared:/home/corelab/CatchingBlimp/Summer2023/ros2_stereo/install/stereo_image_proc:/home/corelab/CatchingBlimp/Summer2023/ros2_stereo/install/stereo_combined:/home/corelab/CatchingBlimp/Summer2023/ros2_stereo/install/yolo_msgs:/home/corelab/CatchingBlimp/Summer2023/ros2_stereo/install/opencv_telemetry:/home/corelab/CatchingBlimp/Summer2023/ros2_stereo/install/image_view:/home/corelab/CatchingBlimp/Summer2023/ros2_stereo/install/image_proc:/opt/ros/foxy /usr/bin/cmake /home/corelab/CatchingBlimp/Summer2023/ros2_stereo/src/gscam2 -DAMENT_CMAKE_SYMLINK_INSTALL=1 -DCMAKE_INSTALL_PREFIX=/home/corelab/CatchingBlimp/Summer2023/ros2_stereo/src/install/gscam2
[11.079s] Level 1:colcon.colcon_core.environment:create_environment_scripts_only(gscam2)
[11.192s] Level 1:colcon.colcon_core.environment:checking '/home/corelab/CatchingBlimp/Summer2023/ros2_stereo/src/install/gscam2' for CMake module files
[11.192s] Level 1:colcon.colcon_core.environment:checking '/home/corelab/CatchingBlimp/Summer2023/ros2_stereo/src/install/gscam2' for CMake config files
[11.192s] Level 1:colcon.colcon_core.environment:checking '/home/corelab/CatchingBlimp/Summer2023/ros2_stereo/src/install/gscam2/bin'
[11.192s] Level 1:colcon.colcon_core.environment:checking '/home/corelab/CatchingBlimp/Summer2023/ros2_stereo/src/install/gscam2/lib/pkgconfig/gscam2.pc'
[11.192s] Level 1:colcon.colcon_core.environment:checking '/home/corelab/CatchingBlimp/Summer2023/ros2_stereo/src/install/gscam2/lib/python3.8/site-packages'
[11.193s] Level 1:colcon.colcon_core.environment:checking '/home/corelab/CatchingBlimp/Summer2023/ros2_stereo/src/install/gscam2/bin'
[11.283s] INFO:colcon.colcon_core.shell:Creating package script '/home/corelab/CatchingBlimp/Summer2023/ros2_stereo/src/install/gscam2/share/gscam2/package.ps1'
[11.283s] INFO:colcon.colcon_core.shell:Creating package descriptor '/home/corelab/CatchingBlimp/Summer2023/ros2_stereo/src/install/gscam2/share/gscam2/package.dsv'
[11.283s] INFO:colcon.colcon_core.shell:Creating package script '/home/corelab/CatchingBlimp/Summer2023/ros2_stereo/src/install/gscam2/share/gscam2/package.sh'
[11.284s] INFO:colcon.colcon_core.shell:Creating package script '/home/corelab/CatchingBlimp/Summer2023/ros2_stereo/src/install/gscam2/share/gscam2/package.bash'
[11.284s] INFO:colcon.colcon_core.shell:Creating package script '/home/corelab/CatchingBlimp/Summer2023/ros2_stereo/src/install/gscam2/share/gscam2/package.zsh'
[11.284s] Level 1:colcon.colcon_core.environment:create_file_with_runtime_dependencies(/home/corelab/CatchingBlimp/Summer2023/ros2_stereo/src/install/gscam2/share/colcon-core/packages/gscam2)
[25.785s] DEBUG:colcon.colcon_parallel_executor.executor.parallel:closing loop
[25.786s] DEBUG:colcon.colcon_parallel_executor.executor.parallel:loop closed
[25.786s] DEBUG:colcon.colcon_parallel_executor.executor.parallel:run_until_complete finished with '1'
[25.786s] DEBUG:colcon.colcon_core.event_reactor:joining thread
[25.827s] INFO:colcon.colcon_core.plugin_system:Skipping extension 'colcon_notification.desktop_notification.terminal_notifier': Not used on non-Darwin systems
[25.827s] INFO:colcon.colcon_core.plugin_system:Skipping extension 'colcon_notification.desktop_notification.win32': Not used on non-Windows systems
[25.827s] INFO:colcon.colcon_notification.desktop_notification:Sending desktop notification using 'notify2'
[25.838s] DEBUG:colcon.colcon_core.event_reactor:joined thread
[25.874s] INFO:colcon.colcon_core.shell:Creating prefix script '/home/corelab/CatchingBlimp/Summer2023/ros2_stereo/src/install/local_setup.ps1'
[25.875s] INFO:colcon.colcon_core.shell:Creating prefix util module '/home/corelab/CatchingBlimp/Summer2023/ros2_stereo/src/install/_local_setup_util_ps1.py'
[25.876s] INFO:colcon.colcon_core.shell:Creating prefix chain script '/home/corelab/CatchingBlimp/Summer2023/ros2_stereo/src/install/setup.ps1'
[25.913s] INFO:colcon.colcon_core.shell:Creating prefix script '/home/corelab/CatchingBlimp/Summer2023/ros2_stereo/src/install/local_setup.sh'
[25.914s] INFO:colcon.colcon_core.shell:Creating prefix util module '/home/corelab/CatchingBlimp/Summer2023/ros2_stereo/src/install/_local_setup_util_sh.py'
[25.914s] INFO:colcon.colcon_core.shell:Creating prefix chain script '/home/corelab/CatchingBlimp/Summer2023/ros2_stereo/src/install/setup.sh'
[25.951s] INFO:colcon.colcon_core.shell:Creating prefix script '/home/corelab/CatchingBlimp/Summer2023/ros2_stereo/src/install/local_setup.bash'
[25.951s] INFO:colcon.colcon_core.shell:Creating prefix chain script '/home/corelab/CatchingBlimp/Summer2023/ros2_stereo/src/install/setup.bash'
[25.988s] INFO:colcon.colcon_core.shell:Creating prefix script '/home/corelab/CatchingBlimp/Summer2023/ros2_stereo/src/install/local_setup.zsh'
[25.989s] INFO:colcon.colcon_core.shell:Creating prefix chain script '/home/corelab/CatchingBlimp/Summer2023/ros2_stereo/src/install/setup.zsh'
