[0.013s] Invoking command in '/home/corelab/ros2_stereo/build/opencv_telemetry': CMAKE_PREFIX_PATH=${CMAKE_PREFIX_PATH}:/opt/ros/foxy /home/corelab/.local/bin/cmake --build /home/corelab/ros2_stereo/build/opencv_telemetry -- -j16 -l16
[0.043s] -- Found ament_cmake: 0.9.12 (/opt/ros/foxy/share/ament_cmake/cmake)
[0.061s] -- Found PythonInterp: /usr/bin/python3 (found suitable version "3.8.10", minimum required is "3") 
[0.061s] -- Using PYTHON_EXECUTABLE: /usr/bin/python3
[0.210s] -- Found cv_bridge: 3.0.7 (/opt/ros/foxy/share/cv_bridge/cmake)
[0.236s] -- Using all available rosidl_typesupport_c: rosidl_typesupport_connext_c;rosidl_typesupport_fastrtps_c;rosidl_typesupport_introspection_c
[0.239s] -- Found rosidl_adapter: 1.3.1 (/opt/ros/foxy/share/rosidl_adapter/cmake)
[0.242s] -- Found RTI Connext: /opt/rti.com/rti_connext_dds-5.3.1
[0.243s] [33mCMake Warning (dev) at /opt/ros/foxy/share/connext_cmake_module/cmake/Modules/FindConnext.cmake:163 (list):
[0.243s]   Policy CMP0121 is not set: The list() command now validates parsing of
[0.243s]   index arguments.  Run "cmake --help-policy CMP0121" for policy details.
[0.243s]   Use the cmake_policy command to set the policy and suppress this warning.
[0.243s]   Invalid list index "libnddsc.so".
[0.243s] Call Stack (most recent call first):
[0.243s]   /opt/ros/foxy/share/connext_cmake_module/cmake/Modules/FindConnext.cmake:198 (_count_found_libraries)
[0.243s]   /opt/ros/foxy/share/rosidl_typesupport_connext_c/cmake/rosidl_typesupport_connext_c-extras.cmake:5 (find_package)
[0.243s]   /opt/ros/foxy/share/rosidl_typesupport_connext_c/cmake/rosidl_typesupport_connext_cConfig.cmake:41 (include)
[0.243s]   /opt/ros/foxy/share/rosidl_typesupport_c/cmake/rosidl_typesupport_c-extras.cmake:13 (find_package)
[0.243s]   /opt/ros/foxy/share/rosidl_typesupport_c/cmake/rosidl_typesupport_cConfig.cmake:41 (include)
[0.244s]   /opt/ros/foxy/share/rosidl_default_runtime/cmake/rosidl_default_runtime-extras.cmake:12 (find_package)
[0.244s]   /opt/ros/foxy/share/rosidl_default_runtime/cmake/rosidl_default_runtimeConfig.cmake:41 (include)
[0.244s]   /opt/ros/foxy/share/builtin_interfaces/cmake/ament_cmake_export_dependencies-extras.cmake:21 (find_package)
[0.244s]   /opt/ros/foxy/share/builtin_interfaces/cmake/builtin_interfacesConfig.cmake:41 (include)
[0.244s]   /opt/ros/foxy/share/sensor_msgs/cmake/ament_cmake_export_dependencies-extras.cmake:21 (find_package)
[0.244s]   /opt/ros/foxy/share/sensor_msgs/cmake/sensor_msgsConfig.cmake:41 (include)
[0.244s]   /opt/ros/foxy/share/cv_bridge/cmake/ament_cmake_export_dependencies-extras.cmake:21 (find_package)
[0.244s]   /opt/ros/foxy/share/cv_bridge/cmake/cv_bridgeConfig.cmake:41 (include)
[0.244s]   CMakeLists.txt:20 (find_package)
[0.244s] This warning is for project developers.  Use -Wno-dev to suppress it.
[0.244s] [0m
[0.244s] [33mCMake Warning (dev) at /opt/ros/foxy/share/connext_cmake_module/cmake/Modules/FindConnext.cmake:163 (list):
[0.244s]   Policy CMP0121 is not set: The list() command now validates parsing of
[0.244s]   index arguments.  Run "cmake --help-policy CMP0121" for policy details.
[0.244s]   Use the cmake_policy command to set the policy and suppress this warning.
[0.244s]   Invalid list index "libnddscore.so".
[0.244s] Call Stack (most recent call first):
[0.244s]   /opt/ros/foxy/share/connext_cmake_module/cmake/Modules/FindConnext.cmake:198 (_count_found_libraries)
[0.244s]   /opt/ros/foxy/share/rosidl_typesupport_connext_c/cmake/rosidl_typesupport_connext_c-extras.cmake:5 (find_package)
[0.244s]   /opt/ros/foxy/share/rosidl_typesupport_connext_c/cmake/rosidl_typesupport_connext_cConfig.cmake:41 (include)
[0.244s]   /opt/ros/foxy/share/rosidl_typesupport_c/cmake/rosidl_typesupport_c-extras.cmake:13 (find_package)
[0.244s]   /opt/ros/foxy/share/rosidl_typesupport_c/cmake/rosidl_typesupport_cConfig.cmake:41 (include)
[0.244s]   /opt/ros/foxy/share/rosidl_default_runtime/cmake/rosidl_default_runtime-extras.cmake:12 (find_package)
[0.244s]   /opt/ros/foxy/share/rosidl_default_runtime/cmake/rosidl_default_runtimeConfig.cmake:41 (include)
[0.244s]   /opt/ros/foxy/share/builtin_interfaces/cmake/ament_cmake_export_dependencies-extras.cmake:21 (find_package)
[0.244s]   /opt/ros/foxy/share/builtin_interfaces/cmake/builtin_interfacesConfig.cmake:41 (include)
[0.244s]   /opt/ros/foxy/share/sensor_msgs/cmake/ament_cmake_export_dependencies-extras.cmake:21 (find_package)
[0.244s]   /opt/ros/foxy/share/sensor_msgs/cmake/sensor_msgsConfig.cmake:41 (include)
[0.245s]   /opt/ros/foxy/share/cv_bridge/cmake/ament_cmake_export_dependencies-extras.cmake:21 (find_package)
[0.245s]   /opt/ros/foxy/share/cv_bridge/cmake/cv_bridgeConfig.cmake:41 (include)
[0.245s]   CMakeLists.txt:20 (find_package)
[0.245s] This warning is for project developers.  Use -Wno-dev to suppress it.
[0.245s] [0m
[0.245s] [33mCMake Warning (dev) at /opt/ros/foxy/share/connext_cmake_module/cmake/Modules/FindConnext.cmake:163 (list):
[0.245s]   Policy CMP0121 is not set: The list() command now validates parsing of
[0.245s]   index arguments.  Run "cmake --help-policy CMP0121" for policy details.
[0.245s]   Use the cmake_policy command to set the policy and suppress this warning.
[0.245s]   Invalid list index "libnddscpp.so".
[0.245s] Call Stack (most recent call first):
[0.245s]   /opt/ros/foxy/share/connext_cmake_module/cmake/Modules/FindConnext.cmake:198 (_count_found_libraries)
[0.245s]   /opt/ros/foxy/share/rosidl_typesupport_connext_c/cmake/rosidl_typesupport_connext_c-extras.cmake:5 (find_package)
[0.245s]   /opt/ros/foxy/share/rosidl_typesupport_connext_c/cmake/rosidl_typesupport_connext_cConfig.cmake:41 (include)
[0.245s]   /opt/ros/foxy/share/rosidl_typesupport_c/cmake/rosidl_typesupport_c-extras.cmake:13 (find_package)
[0.245s]   /opt/ros/foxy/share/rosidl_typesupport_c/cmake/rosidl_typesupport_cConfig.cmake:41 (include)
[0.245s]   /opt/ros/foxy/share/rosidl_default_runtime/cmake/rosidl_default_runtime-extras.cmake:12 (find_package)
[0.245s]   /opt/ros/foxy/share/rosidl_default_runtime/cmake/rosidl_default_runtimeConfig.cmake:41 (include)
[0.245s]   /opt/ros/foxy/share/builtin_interfaces/cmake/ament_cmake_export_dependencies-extras.cmake:21 (find_package)
[0.245s]   /opt/ros/foxy/share/builtin_interfaces/cmake/builtin_interfacesConfig.cmake:41 (include)
[0.245s]   /opt/ros/foxy/share/sensor_msgs/cmake/ament_cmake_export_dependencies-extras.cmake:21 (find_package)
[0.245s]   /opt/ros/foxy/share/sensor_msgs/cmake/sensor_msgsConfig.cmake:41 (include)
[0.245s]   /opt/ros/foxy/share/cv_bridge/cmake/ament_cmake_export_dependencies-extras.cmake:21 (find_package)
[0.245s]   /opt/ros/foxy/share/cv_bridge/cmake/cv_bridgeConfig.cmake:41 (include)
[0.245s]   CMakeLists.txt:20 (find_package)
[0.245s] This warning is for project developers.  Use -Wno-dev to suppress it.
[0.245s] [0m
[0.245s] [33mCMake Warning (dev) at /opt/ros/foxy/share/connext_cmake_module/cmake/Modules/FindConnext.cmake:163 (list):
[0.245s]   Policy CMP0121 is not set: The list() command now validates parsing of
[0.245s]   index arguments.  Run "cmake --help-policy CMP0121" for policy details.
[0.245s]   Use the cmake_policy command to set the policy and suppress this warning.
[0.245s]   Invalid list index "librticonnextmsgcpp.so".
[0.245s] Call Stack (most recent call first):
[0.246s]   /opt/ros/foxy/share/connext_cmake_module/cmake/Modules/FindConnext.cmake:198 (_count_found_libraries)
[0.246s]   /opt/ros/foxy/share/rosidl_typesupport_connext_c/cmake/rosidl_typesupport_connext_c-extras.cmake:5 (find_package)
[0.246s]   /opt/ros/foxy/share/rosidl_typesupport_connext_c/cmake/rosidl_typesupport_connext_cConfig.cmake:41 (include)
[0.246s]   /opt/ros/foxy/share/rosidl_typesupport_c/cmake/rosidl_typesupport_c-extras.cmake:13 (find_package)
[0.246s]   /opt/ros/foxy/share/rosidl_typesupport_c/cmake/rosidl_typesupport_cConfig.cmake:41 (include)
[0.246s]   /opt/ros/foxy/share/rosidl_default_runtime/cmake/rosidl_default_runtime-extras.cmake:12 (find_package)
[0.246s]   /opt/ros/foxy/share/rosidl_default_runtime/cmake/rosidl_default_runtimeConfig.cmake:41 (include)
[0.246s]   /opt/ros/foxy/share/builtin_interfaces/cmake/ament_cmake_export_dependencies-extras.cmake:21 (find_package)
[0.246s]   /opt/ros/foxy/share/builtin_interfaces/cmake/builtin_interfacesConfig.cmake:41 (include)
[0.246s]   /opt/ros/foxy/share/sensor_msgs/cmake/ament_cmake_export_dependencies-extras.cmake:21 (find_package)
[0.246s]   /opt/ros/foxy/share/sensor_msgs/cmake/sensor_msgsConfig.cmake:41 (include)
[0.246s]   /opt/ros/foxy/share/cv_bridge/cmake/ament_cmake_export_dependencies-extras.cmake:21 (find_package)
[0.246s]   /opt/ros/foxy/share/cv_bridge/cmake/cv_bridgeConfig.cmake:41 (include)
[0.246s]   CMakeLists.txt:20 (find_package)
[0.246s] This warning is for project developers.  Use -Wno-dev to suppress it.
[0.246s] [0m
[0.246s] [33mCMake Warning (dev) at /opt/ros/foxy/share/connext_cmake_module/cmake/Modules/FindConnext.cmake:163 (list):
[0.246s]   Policy CMP0121 is not set: The list() command now validates parsing of
[0.246s]   index arguments.  Run "cmake --help-policy CMP0121" for policy details.
[0.246s]   Use the cmake_policy command to set the policy and suppress this warning.
[0.246s]   Invalid list index "libnddscd.so".
[0.246s] Call Stack (most recent call first):
[0.246s]   /opt/ros/foxy/share/connext_cmake_module/cmake/Modules/FindConnext.cmake:199 (_count_found_libraries)
[0.246s]   /opt/ros/foxy/share/rosidl_typesupport_connext_c/cmake/rosidl_typesupport_connext_c-extras.cmake:5 (find_package)
[0.246s]   /opt/ros/foxy/share/rosidl_typesupport_connext_c/cmake/rosidl_typesupport_connext_cConfig.cmake:41 (include)
[0.246s]   /opt/ros/foxy/share/rosidl_typesupport_c/cmake/rosidl_typesupport_c-extras.cmake:13 (find_package)
[0.246s]   /opt/ros/foxy/share/rosidl_typesupport_c/cmake/rosidl_typesupport_cConfig.cmake:41 (include)
[0.246s]   /opt/ros/foxy/share/rosidl_default_runtime/cmake/rosidl_default_runtime-extras.cmake:12 (find_package)
[0.246s]   /opt/ros/foxy/share/rosidl_default_runtime/cmake/rosidl_default_runtimeConfig.cmake:41 (include)
[0.246s]   /opt/ros/foxy/share/builtin_interfaces/cmake/ament_cmake_export_dependencies-extras.cmake:21 (find_package)
[0.246s]   /opt/ros/foxy/share/builtin_interfaces/cmake/builtin_interfacesConfig.cmake:41 (include)
[0.247s]   /opt/ros/foxy/share/sensor_msgs/cmake/ament_cmake_export_dependencies-extras.cmake:21 (find_package)
[0.247s]   /opt/ros/foxy/share/sensor_msgs/cmake/sensor_msgsConfig.cmake:41 (include)
[0.247s]   /opt/ros/foxy/share/cv_bridge/cmake/ament_cmake_export_dependencies-extras.cmake:21 (find_package)
[0.247s]   /opt/ros/foxy/share/cv_bridge/cmake/cv_bridgeConfig.cmake:41 (include)
[0.247s]   CMakeLists.txt:20 (find_package)
[0.247s] This warning is for project developers.  Use -Wno-dev to suppress it.
[0.247s] [0m
[0.247s] [33mCMake Warning (dev) at /opt/ros/foxy/share/connext_cmake_module/cmake/Modules/FindConnext.cmake:163 (list):
[0.247s]   Policy CMP0121 is not set: The list() command now validates parsing of
[0.247s]   index arguments.  Run "cmake --help-policy CMP0121" for policy details.
[0.247s]   Use the cmake_policy command to set the policy and suppress this warning.
[0.247s]   Invalid list index "libnddscored.so".
[0.247s] Call Stack (most recent call first):
[0.247s]   /opt/ros/foxy/share/connext_cmake_module/cmake/Modules/FindConnext.cmake:199 (_count_found_libraries)
[0.247s]   /opt/ros/foxy/share/rosidl_typesupport_connext_c/cmake/rosidl_typesupport_connext_c-extras.cmake:5 (find_package)
[0.247s]   /opt/ros/foxy/share/rosidl_typesupport_connext_c/cmake/rosidl_typesupport_connext_cConfig.cmake:41 (include)
[0.247s]   /opt/ros/foxy/share/rosidl_typesupport_c/cmake/rosidl_typesupport_c-extras.cmake:13 (find_package)
[0.247s]   /opt/ros/foxy/share/rosidl_typesupport_c/cmake/rosidl_typesupport_cConfig.cmake:41 (include)
[0.247s]   /opt/ros/foxy/share/rosidl_default_runtime/cmake/rosidl_default_runtime-extras.cmake:12 (find_package)
[0.247s]   /opt/ros/foxy/share/rosidl_default_runtime/cmake/rosidl_default_runtimeConfig.cmake:41 (include)
[0.247s]   /opt/ros/foxy/share/builtin_interfaces/cmake/ament_cmake_export_dependencies-extras.cmake:21 (find_package)
[0.247s]   /opt/ros/foxy/share/builtin_interfaces/cmake/builtin_interfacesConfig.cmake:41 (include)
[0.247s]   /opt/ros/foxy/share/sensor_msgs/cmake/ament_cmake_export_dependencies-extras.cmake:21 (find_package)
[0.247s]   /opt/ros/foxy/share/sensor_msgs/cmake/sensor_msgsConfig.cmake:41 (include)
[0.247s]   /opt/ros/foxy/share/cv_bridge/cmake/ament_cmake_export_dependencies-extras.cmake:21 (find_package)
[0.247s]   /opt/ros/foxy/share/cv_bridge/cmake/cv_bridgeConfig.cmake:41 (include)
[0.247s]   CMakeLists.txt:20 (find_package)
[0.247s] This warning is for project developers.  Use -Wno-dev to suppress it.
[0.247s] [0m
[0.247s] [33mCMake Warning (dev) at /opt/ros/foxy/share/connext_cmake_module/cmake/Modules/FindConnext.cmake:163 (list):
[0.247s]   Policy CMP0121 is not set: The list() command now validates parsing of
[0.247s]   index arguments.  Run "cmake --help-policy CMP0121" for policy details.
[0.248s]   Use the cmake_policy command to set the policy and suppress this warning.
[0.248s]   Invalid list index "libnddscppd.so".
[0.248s] Call Stack (most recent call first):
[0.248s]   /opt/ros/foxy/share/connext_cmake_module/cmake/Modules/FindConnext.cmake:199 (_count_found_libraries)
[0.248s]   /opt/ros/foxy/share/rosidl_typesupport_connext_c/cmake/rosidl_typesupport_connext_c-extras.cmake:5 (find_package)
[0.248s]   /opt/ros/foxy/share/rosidl_typesupport_connext_c/cmake/rosidl_typesupport_connext_cConfig.cmake:41 (include)
[0.248s]   /opt/ros/foxy/share/rosidl_typesupport_c/cmake/rosidl_typesupport_c-extras.cmake:13 (find_package)
[0.248s]   /opt/ros/foxy/share/rosidl_typesupport_c/cmake/rosidl_typesupport_cConfig.cmake:41 (include)
[0.248s]   /opt/ros/foxy/share/rosidl_default_runtime/cmake/rosidl_default_runtime-extras.cmake:12 (find_package)
[0.248s]   /opt/ros/foxy/share/rosidl_default_runtime/cmake/rosidl_default_runtimeConfig.cmake:41 (include)
[0.248s]   /opt/ros/foxy/share/builtin_interfaces/cmake/ament_cmake_export_dependencies-extras.cmake:21 (find_package)
[0.248s]   /opt/ros/foxy/share/builtin_interfaces/cmake/builtin_interfacesConfig.cmake:41 (include)
[0.248s]   /opt/ros/foxy/share/sensor_msgs/cmake/ament_cmake_export_dependencies-extras.cmake:21 (find_package)
[0.248s]   /opt/ros/foxy/share/sensor_msgs/cmake/sensor_msgsConfig.cmake:41 (include)
[0.248s]   /opt/ros/foxy/share/cv_bridge/cmake/ament_cmake_export_dependencies-extras.cmake:21 (find_package)
[0.248s]   /opt/ros/foxy/share/cv_bridge/cmake/cv_bridgeConfig.cmake:41 (include)
[0.248s]   CMakeLists.txt:20 (find_package)
[0.248s] This warning is for project developers.  Use -Wno-dev to suppress it.
[0.248s] [0m
[0.248s] [33mCMake Warning (dev) at /opt/ros/foxy/share/connext_cmake_module/cmake/Modules/FindConnext.cmake:163 (list):
[0.248s]   Policy CMP0121 is not set: The list() command now validates parsing of
[0.248s]   index arguments.  Run "cmake --help-policy CMP0121" for policy details.
[0.248s]   Use the cmake_policy command to set the policy and suppress this warning.
[0.248s]   Invalid list index "librticonnextmsgcppd.so".
[0.248s] Call Stack (most recent call first):
[0.248s]   /opt/ros/foxy/share/connext_cmake_module/cmake/Modules/FindConnext.cmake:199 (_count_found_libraries)
[0.248s]   /opt/ros/foxy/share/rosidl_typesupport_connext_c/cmake/rosidl_typesupport_connext_c-extras.cmake:5 (find_package)
[0.248s]   /opt/ros/foxy/share/rosidl_typesupport_connext_c/cmake/rosidl_typesupport_connext_cConfig.cmake:41 (include)
[0.248s]   /opt/ros/foxy/share/rosidl_typesupport_c/cmake/rosidl_typesupport_c-extras.cmake:13 (find_package)
[0.248s]   /opt/ros/foxy/share/rosidl_typesupport_c/cmake/rosidl_typesupport_cConfig.cmake:41 (include)
[0.248s]   /opt/ros/foxy/share/rosidl_default_runtime/cmake/rosidl_default_runtime-extras.cmake:12 (find_package)
[0.248s]   /opt/ros/foxy/share/rosidl_default_runtime/cmake/rosidl_default_runtimeConfig.cmake:41 (include)
[0.249s]   /opt/ros/foxy/share/builtin_interfaces/cmake/ament_cmake_export_dependencies-extras.cmake:21 (find_package)
[0.249s]   /opt/ros/foxy/share/builtin_interfaces/cmake/builtin_interfacesConfig.cmake:41 (include)
[0.249s]   /opt/ros/foxy/share/sensor_msgs/cmake/ament_cmake_export_dependencies-extras.cmake:21 (find_package)
[0.249s]   /opt/ros/foxy/share/sensor_msgs/cmake/sensor_msgsConfig.cmake:41 (include)
[0.249s]   /opt/ros/foxy/share/cv_bridge/cmake/ament_cmake_export_dependencies-extras.cmake:21 (find_package)
[0.249s]   /opt/ros/foxy/share/cv_bridge/cmake/cv_bridgeConfig.cmake:41 (include)
[0.249s]   CMakeLists.txt:20 (find_package)
[0.249s] This warning is for project developers.  Use -Wno-dev to suppress it.
[0.249s] [0m
[0.249s] [0mCMake Deprecation Warning at /home/corelab/ros2_stereo/build/opencv_telemetry/connext_cmake_module/check_abi/CMakeLists.txt:15 (cmake_minimum_required):
[0.249s]   Compatibility with CMake < 2.8.12 will be removed from a future version of
[0.249s]   CMake.
[0.249s] 
[0.249s]   Update the VERSION argument <min> value or use a ...<max> suffix to tell
[0.249s]   CMake that the project does not need compatibility with older versions.
[0.249s] 
[0.249s] [0m
[0.567s] -- Using all available rosidl_typesupport_cpp: rosidl_typesupport_connext_cpp;rosidl_typesupport_fastrtps_cpp;rosidl_typesupport_introspection_cpp
[0.665s] -- Found image_transport: 2.4.0 (/opt/ros/foxy/share/image_transport/cmake)
[0.697s] -- Found rmw_implementation_cmake: 1.0.4 (/opt/ros/foxy/share/rmw_implementation_cmake/cmake)
[0.698s] -- Using RMW implementation 'rmw_fastrtps_cpp' as default
[0.805s] -- Found rosidl_default_generators: 1.0.1 (/opt/ros/foxy/share/rosidl_default_generators/cmake)
[0.812s] -- Found camera_info_manager: 2.4.0 (/opt/ros/foxy/share/camera_info_manager/cmake)
[0.823s] -- Setting yaml-cpp_DIR to: '/opt/ros/foxy/share/yaml_cpp_vendor/cmake/../../../opt/yaml_cpp_vendor/lib/cmake/yaml-cpp'
[0.862s] -- Found PythonInterp: /usr/bin/python3 (found version "3.8.10") 
[1.061s] -- Found ament_cmake_ros: 0.9.2 (/opt/ros/foxy/share/ament_cmake_ros/cmake)
[1.238s] -- Using all available rosidl_typesupport_c: rosidl_typesupport_connext_c;rosidl_typesupport_fastrtps_c;rosidl_typesupport_introspection_c
[1.316s] -- Using all available rosidl_typesupport_cpp: rosidl_typesupport_connext_cpp;rosidl_typesupport_fastrtps_cpp;rosidl_typesupport_introspection_cpp
[1.335s] -- Found PythonInterp: /usr/bin/python3 (found suitable version "3.8.10", minimum required is "3.5") 
[1.336s] -- Found python_cmake_module: 0.8.1 (/opt/ros/foxy/share/python_cmake_module/cmake)
[1.353s] -- Using PYTHON_EXECUTABLE: /usr/bin/python3
[1.353s] -- Using PYTHON_INCLUDE_DIRS: /usr/include/python3.8
[1.354s] -- Using PYTHON_LIBRARIES: /usr/lib/x86_64-linux-gnu/libpython3.8.so
[1.511s] -- Found ament_lint_auto: 0.9.8 (/opt/ros/foxy/share/ament_lint_auto/cmake)
[1.524s] -- Added test 'copyright' to check source files copyright and LICENSE
[1.528s] -- Added test 'cppcheck' to perform static code analysis on C / C++ code
[1.529s] -- Configured cppcheck include dirs: /home/corelab/ros2_stereo/src/opencv_telemetry/include
[1.529s] -- Configured cppcheck exclude dirs and/or files: 
[1.533s] -- Added test 'cpplint' to check C / C++ code against the Google style
[1.533s] -- Configured cpplint exclude dirs and/or files: 
[1.534s] -- Added test 'flake8' to check Python code syntax and style conventions
[1.535s] -- Added test 'lint_cmake' to check CMake code style
[1.536s] -- Added test 'pep257' to check Python code against some of the style conventions in PEP 257
[1.540s] -- Added test 'uncrustify' to check C / C++ code style
[1.540s] -- Configured uncrustify additional arguments: 
[1.541s] -- Added test 'xmllint' to check XML markup files
[1.543s] -- Configuring done
[1.630s] -- Generating done
[1.632s] -- Build files have been written to: /home/corelab/ros2_stereo/build/opencv_telemetry
[1.645s] [  1%] Built target opencv_telemetry__dds_connext_idl
[1.646s] [  3%] Built target opencv_telemetry__cpp
[1.646s] [  8%] Built target opencv_telemetry__rosidl_generator_c
[1.650s] [ 11%] Built target opencv_subscriber
[1.650s] [ 15%] Built target minimal_opencv_ros2_node
[1.651s] [ 18%] Built target split_sync_images
[1.653s] [ 23%] Built target opencv_telemetry__rosidl_typesupport_cpp
[1.653s] [ 28%] Built target opencv_telemetry__rosidl_typesupport_introspection_c
[1.653s] [ 33%] Built target opencv_telemetry__rosidl_typesupport_introspection_cpp
[1.653s] [ 38%] Built target opencv_telemetry__rosidl_typesupport_c
[1.653s] [ 44%] Built target opencv_telemetry__rosidl_typesupport_fastrtps_cpp
[1.659s] [ 55%] Built target opencv_telemetry__rosidl_typesupport_connext_cpp
[1.660s] [ 61%] Built target opencv_telemetry__rosidl_typesupport_fastrtps_c
[1.671s] [ 74%] Built target opencv_telemetry__rosidl_typesupport_connext_c
[1.676s] [ 74%] Built target opencv_telemetry
[1.683s] [ 76%] Built target opencv_telemetry__py
[1.695s] [ 83%] Built target resized_plugins
[1.695s] [ 86%] Built target opencv_telemetry__python
[1.708s] [ 91%] Built target opencv_telemetry__rosidl_typesupport_connext_c__pyext
[1.708s] [ 96%] Built target opencv_telemetry__rosidl_typesupport_fastrtps_c__pyext
[1.708s] [ 96%] Built target opencv_telemetry__rosidl_typesupport_introspection_c__pyext
[1.709s] [100%] Built target opencv_telemetry__rosidl_typesupport_c__pyext
[1.715s] Invoked command in '/home/corelab/ros2_stereo/build/opencv_telemetry' returned '0': CMAKE_PREFIX_PATH=${CMAKE_PREFIX_PATH}:/opt/ros/foxy /home/corelab/.local/bin/cmake --build /home/corelab/ros2_stereo/build/opencv_telemetry -- -j16 -l16
[1.834s] Invoking command in '/home/corelab/ros2_stereo/build/opencv_telemetry': CMAKE_PREFIX_PATH=${CMAKE_PREFIX_PATH}:/opt/ros/foxy /home/corelab/.local/bin/cmake --install /home/corelab/ros2_stereo/build/opencv_telemetry
[1.857s] -- Install configuration: ""
[1.857s] -- Up-to-date: /home/corelab/ros2_stereo/install/opencv_telemetry/share/ament_index/resource_index/rosidl_interfaces/opencv_telemetry
[1.857s] -- Up-to-date: /home/corelab/ros2_stereo/install/opencv_telemetry/include/opencv_telemetry
[1.866s] -- Up-to-date: /home/corelab/ros2_stereo/install/opencv_telemetry/include/opencv_telemetry/msg
[1.866s] -- Up-to-date: /home/corelab/ros2_stereo/install/opencv_telemetry/include/opencv_telemetry/msg/resized_image.h
[1.866s] -- Up-to-date: /home/corelab/ros2_stereo/install/opencv_telemetry/include/opencv_telemetry/msg/detail
[1.866s] -- Up-to-date: /home/corelab/ros2_stereo/install/opencv_telemetry/include/opencv_telemetry/msg/detail/resized_image__functions.c
[1.866s] -- Up-to-date: /home/corelab/ros2_stereo/install/opencv_telemetry/include/opencv_telemetry/msg/detail/resized_image__struct.h
[1.866s] -- Up-to-date: /home/corelab/ros2_stereo/install/opencv_telemetry/include/opencv_telemetry/msg/detail/resized_image__type_support.h
[1.866s] -- Up-to-date: /home/corelab/ros2_stereo/install/opencv_telemetry/include/opencv_telemetry/msg/detail/resized_image__functions.h
[1.866s] -- Up-to-date: /home/corelab/ros2_stereo/install/opencv_telemetry/include/opencv_telemetry/msg/rosidl_generator_c__visibility_control.h
[1.866s] -- Up-to-date: /home/corelab/ros2_stereo/install/opencv_telemetry/share/opencv_telemetry/environment/library_path.sh
[1.866s] -- Installing: /home/corelab/ros2_stereo/install/opencv_telemetry/share/opencv_telemetry/environment/library_path.dsv
[1.866s] -- Up-to-date: /home/corelab/ros2_stereo/install/opencv_telemetry/lib/libopencv_telemetry__rosidl_generator_c.so
[1.866s] -- Up-to-date: /home/corelab/ros2_stereo/install/opencv_telemetry/include/opencv_telemetry
[1.866s] -- Up-to-date: /home/corelab/ros2_stereo/install/opencv_telemetry/include/opencv_telemetry/msg
[1.866s] -- Up-to-date: /home/corelab/ros2_stereo/install/opencv_telemetry/include/opencv_telemetry/msg/rosidl_typesupport_connext_c__visibility_control.h
[1.866s] -- Up-to-date: /home/corelab/ros2_stereo/install/opencv_telemetry/include/opencv_telemetry/msg/resized_image__rosidl_typesupport_connext_c.h
[1.867s] -- Up-to-date: /home/corelab/ros2_stereo/install/opencv_telemetry/include/opencv_telemetry/msg/dds_connext
[1.867s] -- Up-to-date: /home/corelab/ros2_stereo/install/opencv_telemetry/lib/libopencv_telemetry__rosidl_typesupport_connext_c.so
[1.867s] -- Up-to-date: /home/corelab/ros2_stereo/install/opencv_telemetry/share/opencv_telemetry/msg/dds_connext
[1.867s] -- Up-to-date: /home/corelab/ros2_stereo/install/opencv_telemetry/share/opencv_telemetry/msg/dds_connext/ResizedImage_.idl
[1.867s] -- Up-to-date: /home/corelab/ros2_stereo/install/opencv_telemetry/include/opencv_telemetry
[1.867s] -- Up-to-date: /home/corelab/ros2_stereo/install/opencv_telemetry/include/opencv_telemetry/msg
[1.867s] -- Up-to-date: /home/corelab/ros2_stereo/install/opencv_telemetry/include/opencv_telemetry/msg/rosidl_typesupport_connext_cpp__visibility_control.h
[1.867s] -- Up-to-date: /home/corelab/ros2_stereo/install/opencv_telemetry/include/opencv_telemetry/msg/resized_image__rosidl_typesupport_connext_cpp.hpp
[1.867s] -- Up-to-date: /home/corelab/ros2_stereo/install/opencv_telemetry/include/opencv_telemetry/msg/dds_connext
[1.868s] -- Up-to-date: /home/corelab/ros2_stereo/install/opencv_telemetry/include/opencv_telemetry/msg/dds_connext/ResizedImage_Support.h
[1.868s] -- Up-to-date: /home/corelab/ros2_stereo/install/opencv_telemetry/include/opencv_telemetry/msg/dds_connext/ResizedImage_Plugin.cxx
[1.868s] -- Up-to-date: /home/corelab/ros2_stereo/install/opencv_telemetry/include/opencv_telemetry/msg/dds_connext/ResizedImage_.h
[1.868s] -- Up-to-date: /home/corelab/ros2_stereo/install/opencv_telemetry/include/opencv_telemetry/msg/dds_connext/ResizedImage_.cxx
[1.868s] -- Up-to-date: /home/corelab/ros2_stereo/install/opencv_telemetry/include/opencv_telemetry/msg/dds_connext/ResizedImage_Support.cxx
[1.868s] -- Up-to-date: /home/corelab/ros2_stereo/install/opencv_telemetry/include/opencv_telemetry/msg/dds_connext/ResizedImage_Plugin.h
[1.868s] -- Up-to-date: /home/corelab/ros2_stereo/install/opencv_telemetry/lib/libopencv_telemetry__rosidl_typesupport_connext_cpp.so
[1.868s] -- Up-to-date: /home/corelab/ros2_stereo/install/opencv_telemetry/include/opencv_telemetry
[1.868s] -- Up-to-date: /home/corelab/ros2_stereo/install/opencv_telemetry/include/opencv_telemetry/msg
[1.868s] -- Up-to-date: /home/corelab/ros2_stereo/install/opencv_telemetry/include/opencv_telemetry/msg/detail
[1.868s] -- Up-to-date: /home/corelab/ros2_stereo/install/opencv_telemetry/include/opencv_telemetry/msg/detail/resized_image__rosidl_typesupport_fastrtps_c.h
[1.868s] -- Up-to-date: /home/corelab/ros2_stereo/install/opencv_telemetry/include/opencv_telemetry/msg/rosidl_typesupport_fastrtps_c__visibility_control.h
[1.868s] -- Up-to-date: /home/corelab/ros2_stereo/install/opencv_telemetry/lib/libopencv_telemetry__rosidl_typesupport_fastrtps_c.so
[1.868s] -- Up-to-date: /home/corelab/ros2_stereo/install/opencv_telemetry/include/opencv_telemetry
[1.869s] -- Up-to-date: /home/corelab/ros2_stereo/install/opencv_telemetry/include/opencv_telemetry/msg
[1.869s] -- Up-to-date: /home/corelab/ros2_stereo/install/opencv_telemetry/include/opencv_telemetry/msg/rosidl_typesupport_fastrtps_cpp__visibility_control.h
[1.869s] -- Up-to-date: /home/corelab/ros2_stereo/install/opencv_telemetry/include/opencv_telemetry/msg/detail
[1.869s] -- Up-to-date: /home/corelab/ros2_stereo/install/opencv_telemetry/include/opencv_telemetry/msg/detail/resized_image__rosidl_typesupport_fastrtps_cpp.hpp
[1.869s] -- Up-to-date: /home/corelab/ros2_stereo/install/opencv_telemetry/include/opencv_telemetry/msg/detail/dds_fastrtps
[1.869s] -- Up-to-date: /home/corelab/ros2_stereo/install/opencv_telemetry/lib/libopencv_telemetry__rosidl_typesupport_fastrtps_cpp.so
[1.869s] -- Up-to-date: /home/corelab/ros2_stereo/install/opencv_telemetry/include/opencv_telemetry
[1.869s] -- Up-to-date: /home/corelab/ros2_stereo/install/opencv_telemetry/include/opencv_telemetry/msg
[1.869s] -- Up-to-date: /home/corelab/ros2_stereo/install/opencv_telemetry/include/opencv_telemetry/msg/detail
[1.869s] -- Up-to-date: /home/corelab/ros2_stereo/install/opencv_telemetry/include/opencv_telemetry/msg/detail/resized_image__rosidl_typesupport_introspection_c.h
[1.869s] -- Up-to-date: /home/corelab/ros2_stereo/install/opencv_telemetry/include/opencv_telemetry/msg/detail/resized_image__type_support.c
[1.869s] -- Up-to-date: /home/corelab/ros2_stereo/install/opencv_telemetry/include/opencv_telemetry/msg/rosidl_typesupport_introspection_c__visibility_control.h
[1.869s] -- Up-to-date: /home/corelab/ros2_stereo/install/opencv_telemetry/lib/libopencv_telemetry__rosidl_typesupport_introspection_c.so
[1.870s] -- Up-to-date: /home/corelab/ros2_stereo/install/opencv_telemetry/lib/libopencv_telemetry__rosidl_typesupport_c.so
[1.870s] -- Up-to-date: /home/corelab/ros2_stereo/install/opencv_telemetry/include/opencv_telemetry
[1.870s] -- Up-to-date: /home/corelab/ros2_stereo/install/opencv_telemetry/include/opencv_telemetry/msg
[1.870s] -- Up-to-date: /home/corelab/ros2_stereo/install/opencv_telemetry/include/opencv_telemetry/msg/rosidl_generator_cpp__visibility_control.hpp
[1.870s] -- Up-to-date: /home/corelab/ros2_stereo/install/opencv_telemetry/include/opencv_telemetry/msg/resized_image.hpp
[1.870s] -- Up-to-date: /home/corelab/ros2_stereo/install/opencv_telemetry/include/opencv_telemetry/msg/detail
[1.870s] -- Up-to-date: /home/corelab/ros2_stereo/install/opencv_telemetry/include/opencv_telemetry/msg/detail/resized_image__struct.hpp
[1.870s] -- Up-to-date: /home/corelab/ros2_stereo/install/opencv_telemetry/include/opencv_telemetry/msg/detail/resized_image__builder.hpp
[1.870s] -- Up-to-date: /home/corelab/ros2_stereo/install/opencv_telemetry/include/opencv_telemetry/msg/detail/resized_image__traits.hpp
[1.870s] -- Up-to-date: /home/corelab/ros2_stereo/install/opencv_telemetry/include/opencv_telemetry/msg/detail/resized_image__type_support.hpp
[1.870s] -- Up-to-date: /home/corelab/ros2_stereo/install/opencv_telemetry/include/opencv_telemetry
[1.870s] -- Up-to-date: /home/corelab/ros2_stereo/install/opencv_telemetry/include/opencv_telemetry/msg
[1.870s] -- Up-to-date: /home/corelab/ros2_stereo/install/opencv_telemetry/include/opencv_telemetry/msg/detail
[1.870s] -- Up-to-date: /home/corelab/ros2_stereo/install/opencv_telemetry/include/opencv_telemetry/msg/detail/resized_image__type_support.cpp
[1.870s] -- Up-to-date: /home/corelab/ros2_stereo/install/opencv_telemetry/include/opencv_telemetry/msg/detail/resized_image__rosidl_typesupport_introspection_cpp.hpp
[1.871s] -- Up-to-date: /home/corelab/ros2_stereo/install/opencv_telemetry/lib/libopencv_telemetry__rosidl_typesupport_introspection_cpp.so
[1.871s] -- Up-to-date: /home/corelab/ros2_stereo/install/opencv_telemetry/lib/libopencv_telemetry__rosidl_typesupport_cpp.so
[1.871s] -- Up-to-date: /home/corelab/ros2_stereo/install/opencv_telemetry/share/opencv_telemetry/environment/pythonpath.sh
[1.871s] -- Installing: /home/corelab/ros2_stereo/install/opencv_telemetry/share/opencv_telemetry/environment/pythonpath.dsv
[1.871s] -- Installing: /home/corelab/ros2_stereo/install/opencv_telemetry/lib/python3.8/site-packages/opencv_telemetry/__init__.py
[1.893s] Compiling '/home/corelab/ros2_stereo/install/opencv_telemetry/lib/python3.8/site-packages/opencv_telemetry/__init__.py'...
[1.895s] -- Up-to-date: /home/corelab/ros2_stereo/install/opencv_telemetry/lib/python3.8/site-packages/opencv_telemetry/msg
[1.895s] -- Up-to-date: /home/corelab/ros2_stereo/install/opencv_telemetry/lib/python3.8/site-packages/opencv_telemetry/msg/__init__.py
[1.895s] -- Up-to-date: /home/corelab/ros2_stereo/install/opencv_telemetry/lib/python3.8/site-packages/opencv_telemetry/msg/_resized_image_s.c
[1.895s] -- Up-to-date: /home/corelab/ros2_stereo/install/opencv_telemetry/lib/python3.8/site-packages/opencv_telemetry/msg/_resized_image.py
[1.895s] -- Up-to-date: /home/corelab/ros2_stereo/install/opencv_telemetry/lib/python3.8/site-packages/opencv_telemetry/opencv_telemetry_s__rosidl_typesupport_connext_c.cpython-38-x86_64-linux-gnu.so
[1.896s] -- Up-to-date: /home/corelab/ros2_stereo/install/opencv_telemetry/lib/python3.8/site-packages/opencv_telemetry/opencv_telemetry_s__rosidl_typesupport_fastrtps_c.cpython-38-x86_64-linux-gnu.so
[1.896s] -- Up-to-date: /home/corelab/ros2_stereo/install/opencv_telemetry/lib/python3.8/site-packages/opencv_telemetry/opencv_telemetry_s__rosidl_typesupport_introspection_c.cpython-38-x86_64-linux-gnu.so
[1.896s] -- Up-to-date: /home/corelab/ros2_stereo/install/opencv_telemetry/lib/python3.8/site-packages/opencv_telemetry/opencv_telemetry_s__rosidl_typesupport_c.cpython-38-x86_64-linux-gnu.so
[1.896s] -- Up-to-date: /home/corelab/ros2_stereo/install/opencv_telemetry/lib/libopencv_telemetry__python.so
[1.896s] -- Up-to-date: /home/corelab/ros2_stereo/install/opencv_telemetry/share/opencv_telemetry/msg/ResizedImage.idl
[1.897s] -- Up-to-date: /home/corelab/ros2_stereo/install/opencv_telemetry/share/opencv_telemetry/msg/ResizedImage.msg
[1.897s] -- Up-to-date: /home/corelab/ros2_stereo/install/opencv_telemetry/share/opencv_telemetry/resized_plugins.xml
[1.897s] -- Up-to-date: /home/corelab/ros2_stereo/install/opencv_telemetry/lib/opencv_telemetry/opencv_subscriber
[1.897s] -- Up-to-date: /home/corelab/ros2_stereo/install/opencv_telemetry/lib/libresized_plugins.so
[1.897s] -- Up-to-date: /home/corelab/ros2_stereo/install/opencv_telemetry/lib/opencv_telemetry/minimal_opencv_ros2_node
[1.897s] -- Up-to-date: /home/corelab/ros2_stereo/install/opencv_telemetry/lib/opencv_telemetry/split_sync_images
[1.898s] -- Up-to-date: /home/corelab/ros2_stereo/install/opencv_telemetry/include
[1.898s] -- Up-to-date: /home/corelab/ros2_stereo/install/opencv_telemetry/include/opencv_telemetry
[1.898s] -- Up-to-date: /home/corelab/ros2_stereo/install/opencv_telemetry/include/opencv_telemetry/resized_subscriber.hpp
[1.898s] -- Up-to-date: /home/corelab/ros2_stereo/install/opencv_telemetry/include/opencv_telemetry/resized_publisher.hpp
[1.898s] -- Installing: /home/corelab/ros2_stereo/install/opencv_telemetry/share/opencv_telemetry//launch
[1.898s] -- Installing: /home/corelab/ros2_stereo/install/opencv_telemetry/share/opencv_telemetry//launch/silly_ah_blimp_launch.py
[1.898s] -- Up-to-date: /home/corelab/ros2_stereo/install/opencv_telemetry/share/ament_index/resource_index/package_run_dependencies/opencv_telemetry
[1.898s] -- Installing: /home/corelab/ros2_stereo/install/opencv_telemetry/share/ament_index/resource_index/parent_prefix_path/opencv_telemetry
[1.898s] -- Up-to-date: /home/corelab/ros2_stereo/install/opencv_telemetry/share/opencv_telemetry/environment/ament_prefix_path.sh
[1.898s] -- Installing: /home/corelab/ros2_stereo/install/opencv_telemetry/share/opencv_telemetry/environment/ament_prefix_path.dsv
[1.898s] -- Up-to-date: /home/corelab/ros2_stereo/install/opencv_telemetry/share/opencv_telemetry/environment/path.sh
[1.898s] -- Installing: /home/corelab/ros2_stereo/install/opencv_telemetry/share/opencv_telemetry/environment/path.dsv
[1.898s] -- Up-to-date: /home/corelab/ros2_stereo/install/opencv_telemetry/share/opencv_telemetry/local_setup.bash
[1.898s] -- Up-to-date: /home/corelab/ros2_stereo/install/opencv_telemetry/share/opencv_telemetry/local_setup.sh
[1.898s] -- Up-to-date: /home/corelab/ros2_stereo/install/opencv_telemetry/share/opencv_telemetry/local_setup.zsh
[1.898s] -- Installing: /home/corelab/ros2_stereo/install/opencv_telemetry/share/opencv_telemetry/local_setup.dsv
[1.898s] -- Installing: /home/corelab/ros2_stereo/install/opencv_telemetry/share/opencv_telemetry/package.dsv
[1.898s] -- Up-to-date: /home/corelab/ros2_stereo/install/opencv_telemetry/share/ament_index/resource_index/packages/opencv_telemetry
[1.898s] -- Up-to-date: /home/corelab/ros2_stereo/install/opencv_telemetry/share/ament_index/resource_index/opencv_telemetry__pluginlib__plugin/opencv_telemetry
[1.898s] -- Up-to-date: /home/corelab/ros2_stereo/install/opencv_telemetry/share/opencv_telemetry/cmake/opencv_telemetry__rosidl_generator_cExport.cmake
[1.899s] -- Up-to-date: /home/corelab/ros2_stereo/install/opencv_telemetry/share/opencv_telemetry/cmake/opencv_telemetry__rosidl_generator_cExport-noconfig.cmake
[1.899s] -- Up-to-date: /home/corelab/ros2_stereo/install/opencv_telemetry/share/opencv_telemetry/cmake/opencv_telemetry__rosidl_typesupport_introspection_cExport.cmake
[1.899s] -- Up-to-date: /home/corelab/ros2_stereo/install/opencv_telemetry/share/opencv_telemetry/cmake/opencv_telemetry__rosidl_typesupport_introspection_cExport-noconfig.cmake
[1.899s] -- Up-to-date: /home/corelab/ros2_stereo/install/opencv_telemetry/share/opencv_telemetry/cmake/opencv_telemetry__rosidl_typesupport_cExport.cmake
[1.899s] -- Up-to-date: /home/corelab/ros2_stereo/install/opencv_telemetry/share/opencv_telemetry/cmake/opencv_telemetry__rosidl_typesupport_cExport-noconfig.cmake
[1.899s] -- Up-to-date: /home/corelab/ros2_stereo/install/opencv_telemetry/share/opencv_telemetry/cmake/opencv_telemetry__rosidl_generator_cppExport.cmake
[1.899s] -- Up-to-date: /home/corelab/ros2_stereo/install/opencv_telemetry/share/opencv_telemetry/cmake/opencv_telemetry__rosidl_typesupport_introspection_cppExport.cmake
[1.899s] -- Up-to-date: /home/corelab/ros2_stereo/install/opencv_telemetry/share/opencv_telemetry/cmake/opencv_telemetry__rosidl_typesupport_introspection_cppExport-noconfig.cmake
[1.899s] -- Up-to-date: /home/corelab/ros2_stereo/install/opencv_telemetry/share/opencv_telemetry/cmake/opencv_telemetry__rosidl_typesupport_cppExport.cmake
[1.899s] -- Up-to-date: /home/corelab/ros2_stereo/install/opencv_telemetry/share/opencv_telemetry/cmake/opencv_telemetry__rosidl_typesupport_cppExport-noconfig.cmake
[1.899s] -- Up-to-date: /home/corelab/ros2_stereo/install/opencv_telemetry/share/opencv_telemetry/cmake/rosidl_cmake-extras.cmake
[1.899s] -- Up-to-date: /home/corelab/ros2_stereo/install/opencv_telemetry/share/opencv_telemetry/cmake/ament_cmake_export_dependencies-extras.cmake
[1.899s] -- Up-to-date: /home/corelab/ros2_stereo/install/opencv_telemetry/share/opencv_telemetry/cmake/ament_cmake_export_libraries-extras.cmake
[1.899s] -- Up-to-date: /home/corelab/ros2_stereo/install/opencv_telemetry/share/opencv_telemetry/cmake/ament_cmake_export_targets-extras.cmake
[1.899s] -- Up-to-date: /home/corelab/ros2_stereo/install/opencv_telemetry/share/opencv_telemetry/cmake/ament_cmake_export_include_directories-extras.cmake
[1.900s] -- Up-to-date: /home/corelab/ros2_stereo/install/opencv_telemetry/share/opencv_telemetry/cmake/rosidl_cmake_export_typesupport_libraries-extras.cmake
[1.900s] -- Up-to-date: /home/corelab/ros2_stereo/install/opencv_telemetry/share/opencv_telemetry/cmake/rosidl_cmake_export_typesupport_targets-extras.cmake
[1.900s] -- Up-to-date: /home/corelab/ros2_stereo/install/opencv_telemetry/share/opencv_telemetry/cmake/opencv_telemetryConfig.cmake
[1.900s] -- Up-to-date: /home/corelab/ros2_stereo/install/opencv_telemetry/share/opencv_telemetry/cmake/opencv_telemetryConfig-version.cmake
[1.900s] -- Up-to-date: /home/corelab/ros2_stereo/install/opencv_telemetry/share/opencv_telemetry/package.xml
[1.903s] Invoked command in '/home/corelab/ros2_stereo/build/opencv_telemetry' returned '0': CMAKE_PREFIX_PATH=${CMAKE_PREFIX_PATH}:/opt/ros/foxy /home/corelab/.local/bin/cmake --install /home/corelab/ros2_stereo/build/opencv_telemetry
