[  1%] Built target opencv_telemetry__dds_connext_idl
[  3%] Built target opencv_telemetry__cpp
[  8%] Built target opencv_telemetry__rosidl_generator_c
[ 11%] Built target opencv_subscriber
[ 15%] Built target minimal_opencv_ros2_node
[ 18%] Built target split_sync_images
[ 23%] Built target opencv_telemetry__rosidl_typesupport_c
[ 28%] Built target opencv_telemetry__rosidl_typesupport_cpp
[ 33%] Built target opencv_telemetry__rosidl_typesupport_introspection_cpp
[ 38%] Built target opencv_telemetry__rosidl_typesupport_introspection_c
[ 44%] Built target opencv_telemetry__rosidl_typesupport_fastrtps_cpp
[ 55%] Built target opencv_telemetry__rosidl_typesupport_connext_cpp
[ 61%] Built target opencv_telemetry__rosidl_typesupport_fastrtps_c
[ 74%] Built target opencv_telemetry__rosidl_typesupport_connext_c
[ 74%] Built target opencv_telemetry
[ 76%] Built target opencv_telemetry__py
[ 83%] Built target resized_plugins
[ 86%] Built target opencv_telemetry__python
[ 89%] Built target opencv_telemetry__rosidl_typesupport_c__pyext
[ 93%] Built target opencv_telemetry__rosidl_typesupport_connext_c__pyext
[ 96%] Built target opencv_telemetry__rosidl_typesupport_fastrtps_c__pyext
[100%] Built target opencv_telemetry__rosidl_typesupport_introspection_c__pyext
