[0.155s] Invoking command in '/home/corelab/CatchingBlimp/Summer2023/ros2_stereo/build/yolo_msgs': /usr/bin/cmake /home/corelab/CatchingBlimp/Summer2023/ros2_stereo/src/yolo_msgs -DAMENT_CMAKE_SYMLINK_INSTALL=1 -DCMAKE_INSTALL_PREFIX=/home/corelab/CatchingBlimp/Summer2023/ros2_stereo/install/yolo_msgs
[0.297s] -- The C compiler identification is GNU 9.4.0
[0.414s] -- The CXX compiler identification is GNU 9.4.0
[0.421s] -- Check for working C compiler: /usr/bin/cc
[0.467s] -- Check for working C compiler: /usr/bin/cc -- works
[0.468s] -- Detecting C compiler ABI info
[0.516s] -- Detecting C compiler ABI info - done
[0.525s] -- Detecting C compile features
[0.525s] -- Detecting C compile features - done
[0.528s] -- Check for working CXX compiler: /usr/bin/c++
[0.582s] -- Check for working CXX compiler: /usr/bin/c++ -- works
[0.582s] -- Detecting CXX compiler ABI info
[0.636s] -- Detecting CXX compiler ABI info - done
[0.646s] -- Detecting CXX compile features
[0.647s] -- Detecting CXX compile features - done
[0.661s] CMake Error at CMakeLists.txt:19 (find_package):
[0.661s]   By not providing "Findament_cmake.cmake" in CMAKE_MODULE_PATH this project
[0.662s]   has asked CMake to find a package configuration file provided by
[0.662s]   "ament_cmake", but CMake did not find one.
[0.662s] 
[0.662s]   Could not find a package configuration file provided by "ament_cmake" with
[0.662s]   any of the following names:
[0.662s] 
[0.662s]     ament_cmakeConfig.cmake
[0.662s]     ament_cmake-config.cmake
[0.662s] 
[0.662s]   Add the installation prefix of "ament_cmake" to CMAKE_PREFIX_PATH or set
[0.662s]   "ament_cmake_DIR" to a directory containing one of the above files.  If
[0.662s]   "ament_cmake" provides a separate development package or SDK, be sure it
[0.662s]   has been installed.
[0.662s] 
[0.662s] 
[0.663s] -- Configuring incomplete, errors occurred!
[0.664s] See also "/home/corelab/CatchingBlimp/Summer2023/ros2_stereo/build/yolo_msgs/CMakeFiles/CMakeOutput.log".
[0.666s] Invoked command in '/home/corelab/CatchingBlimp/Summer2023/ros2_stereo/build/yolo_msgs' returned '1': /usr/bin/cmake /home/corelab/CatchingBlimp/Summer2023/ros2_stereo/src/yolo_msgs -DAMENT_CMAKE_SYMLINK_INSTALL=1 -DCMAKE_INSTALL_PREFIX=/home/corelab/CatchingBlimp/Summer2023/ros2_stereo/install/yolo_msgs
