[0.619s] Invoking command in '/home/corelab/CatchingBlimp/Summer2023/ros2_stereo/build/yolo_msgs': CMAKE_PREFIX_PATH=${CMAKE_PREFIX_PATH}:/opt/ros/foxy /usr/bin/cmake --build /home/corelab/CatchingBlimp/Summer2023/ros2_stereo/build/yolo_msgs -- -j8 -l8
[0.662s] [  2%] Built target yolo_msgs__cpp
[0.662s] [ 12%] Built target yolo_msgs__rosidl_generator_c
[0.685s] [ 23%] Built target yolo_msgs__rosidl_typesupport_c
[0.685s] [ 34%] Built target yolo_msgs__rosidl_typesupport_introspection_c
[0.697s] [ 44%] Built target yolo_msgs__rosidl_typesupport_cpp
[0.709s] [ 55%] Built target yolo_msgs__rosidl_typesupport_fastrtps_cpp
[0.724s] [ 65%] Built target yolo_msgs__rosidl_typesupport_introspection_cpp
[0.740s] [ 76%] Built target yolo_msgs__rosidl_typesupport_fastrtps_c
[0.756s] [ 76%] Built target yolo_msgs
[0.781s] [ 78%] Built target yolo_msgs__py
[0.806s] [ 87%] Built target yolo_msgs__python
[0.837s] [ 91%] Built target yolo_msgs__rosidl_typesupport_fastrtps_c__pyext
[0.839s] [ 95%] Built target yolo_msgs__rosidl_typesupport_c__pyext
[0.850s] [100%] Built target yolo_msgs__rosidl_typesupport_introspection_c__pyext
[1.034s] Invoked command in '/home/corelab/CatchingBlimp/Summer2023/ros2_stereo/build/yolo_msgs' returned '0': CMAKE_PREFIX_PATH=${CMAKE_PREFIX_PATH}:/opt/ros/foxy /usr/bin/cmake --build /home/corelab/CatchingBlimp/Summer2023/ros2_stereo/build/yolo_msgs -- -j8 -l8
[1.275s] Invoking command in '/home/corelab/CatchingBlimp/Summer2023/ros2_stereo/build/yolo_msgs': CMAKE_PREFIX_PATH=${CMAKE_PREFIX_PATH}:/opt/ros/foxy /usr/bin/cmake --install /home/corelab/CatchingBlimp/Summer2023/ros2_stereo/build/yolo_msgs
[1.285s] -- Install configuration: ""
[1.286s] -- Execute custom install script
[1.287s] -- Up-to-date symlink: /home/corelab/CatchingBlimp/Summer2023/ros2_stereo/install/yolo_msgs/share/ament_index/resource_index/rosidl_interfaces/yolo_msgs
[1.289s] -- Up-to-date symlink: /home/corelab/CatchingBlimp/Summer2023/ros2_stereo/install/yolo_msgs/include/yolo_msgs/msg/bounding_box.h
[1.289s] -- Up-to-date symlink: /home/corelab/CatchingBlimp/Summer2023/ros2_stereo/install/yolo_msgs/include/yolo_msgs/msg/bounding_boxes.h
[1.289s] -- Up-to-date symlink: /home/corelab/CatchingBlimp/Summer2023/ros2_stereo/install/yolo_msgs/include/yolo_msgs/msg/detail/bounding_box__functions.h
[1.290s] -- Up-to-date symlink: /home/corelab/CatchingBlimp/Summer2023/ros2_stereo/install/yolo_msgs/include/yolo_msgs/msg/detail/bounding_box__struct.h
[1.291s] -- Up-to-date symlink: /home/corelab/CatchingBlimp/Summer2023/ros2_stereo/install/yolo_msgs/include/yolo_msgs/msg/detail/bounding_box__type_support.h
[1.293s] -- Up-to-date symlink: /home/corelab/CatchingBlimp/Summer2023/ros2_stereo/install/yolo_msgs/include/yolo_msgs/msg/detail/bounding_boxes__functions.h
[1.293s] -- Up-to-date symlink: /home/corelab/CatchingBlimp/Summer2023/ros2_stereo/install/yolo_msgs/include/yolo_msgs/msg/detail/bounding_boxes__struct.h
[1.294s] -- Up-to-date symlink: /home/corelab/CatchingBlimp/Summer2023/ros2_stereo/install/yolo_msgs/include/yolo_msgs/msg/detail/bounding_boxes__type_support.h
[1.294s] -- Up-to-date symlink: /home/corelab/CatchingBlimp/Summer2023/ros2_stereo/install/yolo_msgs/include/yolo_msgs/msg/detail/object_count__functions.h
[1.295s] -- Up-to-date symlink: /home/corelab/CatchingBlimp/Summer2023/ros2_stereo/install/yolo_msgs/include/yolo_msgs/msg/detail/object_count__struct.h
[1.295s] -- Up-to-date symlink: /home/corelab/CatchingBlimp/Summer2023/ros2_stereo/install/yolo_msgs/include/yolo_msgs/msg/detail/object_count__type_support.h
[1.296s] -- Up-to-date symlink: /home/corelab/CatchingBlimp/Summer2023/ros2_stereo/install/yolo_msgs/include/yolo_msgs/msg/object_count.h
[1.297s] -- Up-to-date symlink: /home/corelab/CatchingBlimp/Summer2023/ros2_stereo/install/yolo_msgs/include/yolo_msgs/msg/rosidl_generator_c__visibility_control.h
[1.299s] -- Up-to-date symlink: /home/corelab/CatchingBlimp/Summer2023/ros2_stereo/install/yolo_msgs/share/yolo_msgs/environment/library_path.sh
[1.299s] -- Up-to-date symlink: /home/corelab/CatchingBlimp/Summer2023/ros2_stereo/install/yolo_msgs/share/yolo_msgs/environment/library_path.dsv
[1.299s] -- Up-to-date symlink: /home/corelab/CatchingBlimp/Summer2023/ros2_stereo/install/yolo_msgs/include/yolo_msgs/msg/detail/bounding_box__rosidl_typesupport_fastrtps_c.h
[1.299s] -- Up-to-date symlink: /home/corelab/CatchingBlimp/Summer2023/ros2_stereo/install/yolo_msgs/include/yolo_msgs/msg/detail/bounding_boxes__rosidl_typesupport_fastrtps_c.h
[1.300s] -- Up-to-date symlink: /home/corelab/CatchingBlimp/Summer2023/ros2_stereo/install/yolo_msgs/include/yolo_msgs/msg/detail/object_count__rosidl_typesupport_fastrtps_c.h
[1.300s] -- Up-to-date symlink: /home/corelab/CatchingBlimp/Summer2023/ros2_stereo/install/yolo_msgs/include/yolo_msgs/msg/rosidl_typesupport_fastrtps_c__visibility_control.h
[1.302s] -- Up-to-date symlink: /home/corelab/CatchingBlimp/Summer2023/ros2_stereo/install/yolo_msgs/lib/libyolo_msgs__rosidl_typesupport_fastrtps_c.so
[1.303s] -- Up-to-date symlink: /home/corelab/CatchingBlimp/Summer2023/ros2_stereo/install/yolo_msgs/include/yolo_msgs/msg/detail/bounding_box__rosidl_typesupport_fastrtps_cpp.hpp
[1.303s] -- Up-to-date symlink: /home/corelab/CatchingBlimp/Summer2023/ros2_stereo/install/yolo_msgs/include/yolo_msgs/msg/detail/bounding_boxes__rosidl_typesupport_fastrtps_cpp.hpp
[1.303s] -- Up-to-date symlink: /home/corelab/CatchingBlimp/Summer2023/ros2_stereo/install/yolo_msgs/include/yolo_msgs/msg/detail/object_count__rosidl_typesupport_fastrtps_cpp.hpp
[1.303s] -- Up-to-date symlink: /home/corelab/CatchingBlimp/Summer2023/ros2_stereo/install/yolo_msgs/include/yolo_msgs/msg/rosidl_typesupport_fastrtps_cpp__visibility_control.h
[1.303s] -- Up-to-date symlink: /home/corelab/CatchingBlimp/Summer2023/ros2_stereo/install/yolo_msgs/lib/libyolo_msgs__rosidl_typesupport_fastrtps_cpp.so
[1.303s] -- Up-to-date symlink: /home/corelab/CatchingBlimp/Summer2023/ros2_stereo/install/yolo_msgs/include/yolo_msgs/msg/detail/bounding_box__rosidl_typesupport_introspection_c.h
[1.303s] -- Up-to-date symlink: /home/corelab/CatchingBlimp/Summer2023/ros2_stereo/install/yolo_msgs/include/yolo_msgs/msg/detail/bounding_boxes__rosidl_typesupport_introspection_c.h
[1.304s] -- Up-to-date symlink: /home/corelab/CatchingBlimp/Summer2023/ros2_stereo/install/yolo_msgs/include/yolo_msgs/msg/detail/object_count__rosidl_typesupport_introspection_c.h
[1.304s] -- Up-to-date symlink: /home/corelab/CatchingBlimp/Summer2023/ros2_stereo/install/yolo_msgs/include/yolo_msgs/msg/rosidl_typesupport_introspection_c__visibility_control.h
[1.304s] -- Up-to-date symlink: /home/corelab/CatchingBlimp/Summer2023/ros2_stereo/install/yolo_msgs/include/yolo_msgs/msg/bounding_box.hpp
[1.306s] -- Up-to-date symlink: /home/corelab/CatchingBlimp/Summer2023/ros2_stereo/install/yolo_msgs/include/yolo_msgs/msg/bounding_boxes.hpp
[1.307s] -- Up-to-date symlink: /home/corelab/CatchingBlimp/Summer2023/ros2_stereo/install/yolo_msgs/include/yolo_msgs/msg/detail/bounding_box__builder.hpp
[1.307s] -- Up-to-date symlink: /home/corelab/CatchingBlimp/Summer2023/ros2_stereo/install/yolo_msgs/include/yolo_msgs/msg/detail/bounding_box__struct.hpp
[1.308s] -- Up-to-date symlink: /home/corelab/CatchingBlimp/Summer2023/ros2_stereo/install/yolo_msgs/include/yolo_msgs/msg/detail/bounding_box__traits.hpp
[1.310s] -- Up-to-date symlink: /home/corelab/CatchingBlimp/Summer2023/ros2_stereo/install/yolo_msgs/include/yolo_msgs/msg/detail/bounding_box__type_support.hpp
[1.310s] -- Up-to-date symlink: /home/corelab/CatchingBlimp/Summer2023/ros2_stereo/install/yolo_msgs/include/yolo_msgs/msg/detail/bounding_boxes__builder.hpp
[1.311s] -- Up-to-date symlink: /home/corelab/CatchingBlimp/Summer2023/ros2_stereo/install/yolo_msgs/include/yolo_msgs/msg/detail/bounding_boxes__struct.hpp
[1.311s] -- Up-to-date symlink: /home/corelab/CatchingBlimp/Summer2023/ros2_stereo/install/yolo_msgs/include/yolo_msgs/msg/detail/bounding_boxes__traits.hpp
[1.312s] -- Up-to-date symlink: /home/corelab/CatchingBlimp/Summer2023/ros2_stereo/install/yolo_msgs/include/yolo_msgs/msg/detail/bounding_boxes__type_support.hpp
[1.312s] -- Up-to-date symlink: /home/corelab/CatchingBlimp/Summer2023/ros2_stereo/install/yolo_msgs/include/yolo_msgs/msg/detail/object_count__builder.hpp
[1.313s] -- Up-to-date symlink: /home/corelab/CatchingBlimp/Summer2023/ros2_stereo/install/yolo_msgs/include/yolo_msgs/msg/detail/object_count__struct.hpp
[1.314s] -- Up-to-date symlink: /home/corelab/CatchingBlimp/Summer2023/ros2_stereo/install/yolo_msgs/include/yolo_msgs/msg/detail/object_count__traits.hpp
[1.315s] -- Up-to-date symlink: /home/corelab/CatchingBlimp/Summer2023/ros2_stereo/install/yolo_msgs/include/yolo_msgs/msg/detail/object_count__type_support.hpp
[1.315s] -- Up-to-date symlink: /home/corelab/CatchingBlimp/Summer2023/ros2_stereo/install/yolo_msgs/include/yolo_msgs/msg/object_count.hpp
[1.316s] -- Up-to-date symlink: /home/corelab/CatchingBlimp/Summer2023/ros2_stereo/install/yolo_msgs/include/yolo_msgs/msg/rosidl_generator_cpp__visibility_control.hpp
[1.317s] -- Up-to-date symlink: /home/corelab/CatchingBlimp/Summer2023/ros2_stereo/install/yolo_msgs/include/yolo_msgs/msg/detail/bounding_box__rosidl_typesupport_introspection_cpp.hpp
[1.317s] -- Up-to-date symlink: /home/corelab/CatchingBlimp/Summer2023/ros2_stereo/install/yolo_msgs/include/yolo_msgs/msg/detail/bounding_boxes__rosidl_typesupport_introspection_cpp.hpp
[1.318s] -- Up-to-date symlink: /home/corelab/CatchingBlimp/Summer2023/ros2_stereo/install/yolo_msgs/include/yolo_msgs/msg/detail/object_count__rosidl_typesupport_introspection_cpp.hpp
[1.318s] -- Up-to-date symlink: /home/corelab/CatchingBlimp/Summer2023/ros2_stereo/install/yolo_msgs/share/yolo_msgs/environment/pythonpath.sh
[1.318s] -- Up-to-date symlink: /home/corelab/CatchingBlimp/Summer2023/ros2_stereo/install/yolo_msgs/share/yolo_msgs/environment/pythonpath.dsv
[1.319s] -- Up-to-date symlink: /home/corelab/CatchingBlimp/Summer2023/ros2_stereo/install/yolo_msgs/lib/python3.8/site-packages/yolo_msgs/__init__.py
[1.319s] -- Up-to-date symlink: /home/corelab/CatchingBlimp/Summer2023/ros2_stereo/install/yolo_msgs/lib/python3.8/site-packages/yolo_msgs/msg/__init__.py
[1.320s] -- Up-to-date symlink: /home/corelab/CatchingBlimp/Summer2023/ros2_stereo/install/yolo_msgs/lib/python3.8/site-packages/yolo_msgs/msg/_bounding_box.py
[1.320s] -- Up-to-date symlink: /home/corelab/CatchingBlimp/Summer2023/ros2_stereo/install/yolo_msgs/lib/python3.8/site-packages/yolo_msgs/msg/_bounding_boxes.py
[1.321s] -- Up-to-date symlink: /home/corelab/CatchingBlimp/Summer2023/ros2_stereo/install/yolo_msgs/lib/python3.8/site-packages/yolo_msgs/msg/_object_count.py
[1.321s] -- Up-to-date symlink: /home/corelab/CatchingBlimp/Summer2023/ros2_stereo/install/yolo_msgs/lib/python3.8/site-packages/yolo_msgs/yolo_msgs_s__rosidl_typesupport_fastrtps_c.cpython-38-x86_64-linux-gnu.so
[1.323s] -- Up-to-date symlink: /home/corelab/CatchingBlimp/Summer2023/ros2_stereo/install/yolo_msgs/lib/python3.8/site-packages/yolo_msgs/yolo_msgs_s__rosidl_typesupport_introspection_c.cpython-38-x86_64-linux-gnu.so
[1.325s] -- Up-to-date symlink: /home/corelab/CatchingBlimp/Summer2023/ros2_stereo/install/yolo_msgs/lib/python3.8/site-packages/yolo_msgs/yolo_msgs_s__rosidl_typesupport_c.cpython-38-x86_64-linux-gnu.so
[1.326s] -- Up-to-date symlink: /home/corelab/CatchingBlimp/Summer2023/ros2_stereo/install/yolo_msgs/lib/libyolo_msgs__python.so
[1.329s] -- Up-to-date symlink: /home/corelab/CatchingBlimp/Summer2023/ros2_stereo/install/yolo_msgs/share/yolo_msgs/msg/BoundingBox.idl
[1.330s] -- Up-to-date symlink: /home/corelab/CatchingBlimp/Summer2023/ros2_stereo/install/yolo_msgs/share/yolo_msgs/msg/BoundingBoxes.idl
[1.333s] -- Up-to-date symlink: /home/corelab/CatchingBlimp/Summer2023/ros2_stereo/install/yolo_msgs/share/yolo_msgs/msg/ObjectCount.idl
[1.333s] -- Up-to-date symlink: /home/corelab/CatchingBlimp/Summer2023/ros2_stereo/install/yolo_msgs/share/yolo_msgs/msg/BoundingBox.msg
[1.333s] -- Up-to-date symlink: /home/corelab/CatchingBlimp/Summer2023/ros2_stereo/install/yolo_msgs/share/yolo_msgs/msg/BoundingBoxes.msg
[1.334s] -- Up-to-date symlink: /home/corelab/CatchingBlimp/Summer2023/ros2_stereo/install/yolo_msgs/share/yolo_msgs/msg/ObjectCount.msg
[1.334s] -- Up-to-date symlink: /home/corelab/CatchingBlimp/Summer2023/ros2_stereo/install/yolo_msgs/share/ament_index/resource_index/package_run_dependencies/yolo_msgs
[1.336s] -- Up-to-date symlink: /home/corelab/CatchingBlimp/Summer2023/ros2_stereo/install/yolo_msgs/share/ament_index/resource_index/parent_prefix_path/yolo_msgs
[1.336s] -- Up-to-date symlink: /home/corelab/CatchingBlimp/Summer2023/ros2_stereo/install/yolo_msgs/share/yolo_msgs/environment/ament_prefix_path.sh
[1.336s] -- Up-to-date symlink: /home/corelab/CatchingBlimp/Summer2023/ros2_stereo/install/yolo_msgs/share/yolo_msgs/environment/ament_prefix_path.dsv
[1.342s] -- Up-to-date symlink: /home/corelab/CatchingBlimp/Summer2023/ros2_stereo/install/yolo_msgs/share/yolo_msgs/environment/path.sh
[1.342s] -- Up-to-date symlink: /home/corelab/CatchingBlimp/Summer2023/ros2_stereo/install/yolo_msgs/share/yolo_msgs/environment/path.dsv
[1.345s] -- Up-to-date symlink: /home/corelab/CatchingBlimp/Summer2023/ros2_stereo/install/yolo_msgs/share/yolo_msgs/local_setup.bash
[1.346s] -- Up-to-date symlink: /home/corelab/CatchingBlimp/Summer2023/ros2_stereo/install/yolo_msgs/share/yolo_msgs/local_setup.sh
[1.346s] -- Up-to-date symlink: /home/corelab/CatchingBlimp/Summer2023/ros2_stereo/install/yolo_msgs/share/yolo_msgs/local_setup.zsh
[1.346s] -- Up-to-date symlink: /home/corelab/CatchingBlimp/Summer2023/ros2_stereo/install/yolo_msgs/share/yolo_msgs/local_setup.dsv
[1.346s] -- Up-to-date symlink: /home/corelab/CatchingBlimp/Summer2023/ros2_stereo/install/yolo_msgs/share/yolo_msgs/package.dsv
[1.347s] -- Up-to-date symlink: /home/corelab/CatchingBlimp/Summer2023/ros2_stereo/install/yolo_msgs/share/ament_index/resource_index/packages/yolo_msgs
[1.347s] -- Up-to-date symlink: /home/corelab/CatchingBlimp/Summer2023/ros2_stereo/install/yolo_msgs/share/yolo_msgs/cmake/rosidl_cmake-extras.cmake
[1.347s] -- Up-to-date symlink: /home/corelab/CatchingBlimp/Summer2023/ros2_stereo/install/yolo_msgs/share/yolo_msgs/cmake/ament_cmake_export_dependencies-extras.cmake
[1.347s] -- Up-to-date symlink: /home/corelab/CatchingBlimp/Summer2023/ros2_stereo/install/yolo_msgs/share/yolo_msgs/cmake/ament_cmake_export_libraries-extras.cmake
[1.347s] -- Up-to-date symlink: /home/corelab/CatchingBlimp/Summer2023/ros2_stereo/install/yolo_msgs/share/yolo_msgs/cmake/ament_cmake_export_targets-extras.cmake
[1.348s] -- Up-to-date symlink: /home/corelab/CatchingBlimp/Summer2023/ros2_stereo/install/yolo_msgs/share/yolo_msgs/cmake/ament_cmake_export_include_directories-extras.cmake
[1.348s] -- Up-to-date symlink: /home/corelab/CatchingBlimp/Summer2023/ros2_stereo/install/yolo_msgs/share/yolo_msgs/cmake/rosidl_cmake_export_typesupport_libraries-extras.cmake
[1.348s] -- Up-to-date symlink: /home/corelab/CatchingBlimp/Summer2023/ros2_stereo/install/yolo_msgs/share/yolo_msgs/cmake/rosidl_cmake_export_typesupport_targets-extras.cmake
[1.349s] -- Up-to-date symlink: /home/corelab/CatchingBlimp/Summer2023/ros2_stereo/install/yolo_msgs/share/yolo_msgs/cmake/yolo_msgsConfig.cmake
[1.349s] -- Up-to-date symlink: /home/corelab/CatchingBlimp/Summer2023/ros2_stereo/install/yolo_msgs/share/yolo_msgs/cmake/yolo_msgsConfig-version.cmake
[1.349s] -- Up-to-date symlink: /home/corelab/CatchingBlimp/Summer2023/ros2_stereo/install/yolo_msgs/share/yolo_msgs/package.xml
[1.349s] -- Up-to-date: /home/corelab/CatchingBlimp/Summer2023/ros2_stereo/install/yolo_msgs/lib/libyolo_msgs__rosidl_generator_c.so
[1.349s] -- Up-to-date: /home/corelab/CatchingBlimp/Summer2023/ros2_stereo/install/yolo_msgs/lib/libyolo_msgs__rosidl_typesupport_introspection_c.so
[1.350s] -- Up-to-date: /home/corelab/CatchingBlimp/Summer2023/ros2_stereo/install/yolo_msgs/lib/libyolo_msgs__rosidl_typesupport_c.so
[1.350s] -- Up-to-date: /home/corelab/CatchingBlimp/Summer2023/ros2_stereo/install/yolo_msgs/lib/libyolo_msgs__rosidl_typesupport_introspection_cpp.so
[1.350s] -- Up-to-date: /home/corelab/CatchingBlimp/Summer2023/ros2_stereo/install/yolo_msgs/lib/libyolo_msgs__rosidl_typesupport_cpp.so
[1.410s] -- Up-to-date: /home/corelab/CatchingBlimp/Summer2023/ros2_stereo/install/yolo_msgs/share/yolo_msgs/cmake/yolo_msgs__rosidl_generator_cExport.cmake
[1.410s] -- Up-to-date: /home/corelab/CatchingBlimp/Summer2023/ros2_stereo/install/yolo_msgs/share/yolo_msgs/cmake/yolo_msgs__rosidl_generator_cExport-noconfig.cmake
[1.410s] -- Up-to-date: /home/corelab/CatchingBlimp/Summer2023/ros2_stereo/install/yolo_msgs/share/yolo_msgs/cmake/yolo_msgs__rosidl_typesupport_introspection_cExport.cmake
[1.410s] -- Up-to-date: /home/corelab/CatchingBlimp/Summer2023/ros2_stereo/install/yolo_msgs/share/yolo_msgs/cmake/yolo_msgs__rosidl_typesupport_introspection_cExport-noconfig.cmake
[1.410s] -- Up-to-date: /home/corelab/CatchingBlimp/Summer2023/ros2_stereo/install/yolo_msgs/share/yolo_msgs/cmake/yolo_msgs__rosidl_typesupport_cExport.cmake
[1.410s] -- Up-to-date: /home/corelab/CatchingBlimp/Summer2023/ros2_stereo/install/yolo_msgs/share/yolo_msgs/cmake/yolo_msgs__rosidl_typesupport_cExport-noconfig.cmake
[1.410s] -- Up-to-date: /home/corelab/CatchingBlimp/Summer2023/ros2_stereo/install/yolo_msgs/share/yolo_msgs/cmake/yolo_msgs__rosidl_generator_cppExport.cmake
[1.410s] -- Up-to-date: /home/corelab/CatchingBlimp/Summer2023/ros2_stereo/install/yolo_msgs/share/yolo_msgs/cmake/yolo_msgs__rosidl_typesupport_introspection_cppExport.cmake
[1.411s] -- Up-to-date: /home/corelab/CatchingBlimp/Summer2023/ros2_stereo/install/yolo_msgs/share/yolo_msgs/cmake/yolo_msgs__rosidl_typesupport_introspection_cppExport-noconfig.cmake
[1.411s] -- Up-to-date: /home/corelab/CatchingBlimp/Summer2023/ros2_stereo/install/yolo_msgs/share/yolo_msgs/cmake/yolo_msgs__rosidl_typesupport_cppExport.cmake
[1.411s] -- Up-to-date: /home/corelab/CatchingBlimp/Summer2023/ros2_stereo/install/yolo_msgs/share/yolo_msgs/cmake/yolo_msgs__rosidl_typesupport_cppExport-noconfig.cmake
[1.580s] Invoked command in '/home/corelab/CatchingBlimp/Summer2023/ros2_stereo/build/yolo_msgs' returned '0': CMAKE_PREFIX_PATH=${CMAKE_PREFIX_PATH}:/opt/ros/foxy /usr/bin/cmake --install /home/corelab/CatchingBlimp/Summer2023/ros2_stereo/build/yolo_msgs
