[ 37%] Built target point_cloud_node
[ 50%] Built target disparity_node
[ 62%] [32mBuilding CXX object CMakeFiles/stereo_image_proc.dir/src/stereo_image_proc/point_cloud_node.cpp.o[0m
[01m[K/home/corelab/ros2_stereo/src/stereo_image_proc/src/stereo_image_proc/point_cloud_node.cpp:[m[K In member function ‘[01m[Kvoid stereo_image_proc::PointCloudNode::imageCb(const ConstSharedPtr&, const ConstSharedPtr&, const ConstSharedPtr&, const ConstSharedPtr&, const ConstSharedPtr&)[m[K’:
[01m[K/home/corelab/ros2_stereo/src/stereo_image_proc/src/stereo_image_proc/point_cloud_node.cpp:247:57:[m[K [01;35m[Kwarning: [m[Kunused parameter ‘[01m[Kbbox_msg[m[K’ [[01;35m[K-Wunused-parameter[m[K]
  247 | [01;35m[Kmsgs::msg::BoundingBox::ConstSharedPtr & bbox_msg[m[K)
      | [01;35m[K~~~~~~~~~~~~~~~~~~~~~~~~~~~~~~~~~~~~~~~~~^~~~~~~~[m[K

[ 75%] [32m[1mLinking CXX shared library libstereo_image_proc.so[0m
[100%] Built target stereo_image_proc
-- Install configuration: ""
-- Up-to-date: /home/corelab/ros2_stereo/install/stereo_image_proc/lib/stereo_image_proc/disparity_node
-- Up-to-date: /home/corelab/ros2_stereo/install/stereo_image_proc/lib/stereo_image_proc/point_cloud_node
-- Up-to-date: /home/corelab/ros2_stereo/install/stereo_image_proc/include
-- Up-to-date: /home/corelab/ros2_stereo/install/stereo_image_proc/include/stereo_image_proc
-- Up-to-date: /home/corelab/ros2_stereo/install/stereo_image_proc/include/stereo_image_proc/stereo_processor.hpp
-- Up-to-date: /home/corelab/ros2_stereo/install/stereo_image_proc/share/stereo_image_proc/environment/library_path.sh
-- Up-to-date: /home/corelab/ros2_stereo/install/stereo_image_proc/share/stereo_image_proc/environment/library_path.dsv
-- Installing: /home/corelab/ros2_stereo/install/stereo_image_proc/lib/libstereo_image_proc.so
-- Set runtime path of "/home/corelab/ros2_stereo/install/stereo_image_proc/lib/libstereo_image_proc.so" to ""
-- Up-to-date: /home/corelab/ros2_stereo/install/stereo_image_proc/share/stereo_image_proc/launch
-- Up-to-date: /home/corelab/ros2_stereo/install/stereo_image_proc/share/stereo_image_proc/launch/stereo_image_proc.launch.py
-- Up-to-date: /home/corelab/ros2_stereo/install/stereo_image_proc/share/ament_index/resource_index/package_run_dependencies/stereo_image_proc
-- Up-to-date: /home/corelab/ros2_stereo/install/stereo_image_proc/share/ament_index/resource_index/parent_prefix_path/stereo_image_proc
-- Up-to-date: /home/corelab/ros2_stereo/install/stereo_image_proc/share/stereo_image_proc/environment/ament_prefix_path.sh
-- Up-to-date: /home/corelab/ros2_stereo/install/stereo_image_proc/share/stereo_image_proc/environment/ament_prefix_path.dsv
-- Up-to-date: /home/corelab/ros2_stereo/install/stereo_image_proc/share/stereo_image_proc/environment/path.sh
-- Up-to-date: /home/corelab/ros2_stereo/install/stereo_image_proc/share/stereo_image_proc/environment/path.dsv
-- Up-to-date: /home/corelab/ros2_stereo/install/stereo_image_proc/share/stereo_image_proc/local_setup.bash
-- Up-to-date: /home/corelab/ros2_stereo/install/stereo_image_proc/share/stereo_image_proc/local_setup.sh
-- Up-to-date: /home/corelab/ros2_stereo/install/stereo_image_proc/share/stereo_image_proc/local_setup.zsh
-- Up-to-date: /home/corelab/ros2_stereo/install/stereo_image_proc/share/stereo_image_proc/local_setup.dsv
-- Installing: /home/corelab/ros2_stereo/install/stereo_image_proc/share/stereo_image_proc/package.dsv
-- Up-to-date: /home/corelab/ros2_stereo/install/stereo_image_proc/share/ament_index/resource_index/packages/stereo_image_proc
-- Up-to-date: /home/corelab/ros2_stereo/install/stereo_image_proc/share/ament_index/resource_index/rclcpp_components/stereo_image_proc
-- Up-to-date: /home/corelab/ros2_stereo/install/stereo_image_proc/share/stereo_image_proc/cmake/ament_cmake_export_dependencies-extras.cmake
-- Up-to-date: /home/corelab/ros2_stereo/install/stereo_image_proc/share/stereo_image_proc/cmake/ament_cmake_export_include_directories-extras.cmake
-- Up-to-date: /home/corelab/ros2_stereo/install/stereo_image_proc/share/stereo_image_proc/cmake/ament_cmake_export_libraries-extras.cmake
-- Up-to-date: /home/corelab/ros2_stereo/install/stereo_image_proc/share/stereo_image_proc/cmake/stereo_image_procConfig.cmake
-- Up-to-date: /home/corelab/ros2_stereo/install/stereo_image_proc/share/stereo_image_proc/cmake/stereo_image_procConfig-version.cmake
-- Up-to-date: /home/corelab/ros2_stereo/install/stereo_image_proc/share/stereo_image_proc/package.xml
