[0.159s] Invoking command in '/home/corelab/CatchingBlimp/Summer2023/ros2_stereo/build/gscam2': AMENT_PREFIX_PATH=/home/corelab/CatchingBlimp/Summer2023/ros2_stereo/install/ros2_shared:${AMENT_PREFIX_PATH} CMAKE_PREFIX_PATH=/home/corelab/CatchingBlimp/Summer2023/ros2_stereo/install/ros2_shared:/home/corelab/CatchingBlimp/Summer2023/ros2_stereo/install/stereo_image_proc:/home/corelab/CatchingBlimp/Summer2023/ros2_stereo/install/stereo_combined:/home/corelab/CatchingBlimp/Summer2023/ros2_stereo/install/yolo_msgs:/home/corelab/CatchingBlimp/Summer2023/ros2_stereo/install/opencv_telemetry:/home/corelab/CatchingBlimp/Summer2023/ros2_stereo/install/image_view:/home/corelab/CatchingBlimp/Summer2023/ros2_stereo/install/image_proc:/opt/ros/foxy /usr/bin/cmake /home/corelab/CatchingBlimp/Summer2023/ros2_stereo/src/gscam2 -DAMENT_CMAKE_SYMLINK_INSTALL=1 -DCMAKE_INSTALL_PREFIX=/home/corelab/CatchingBlimp/Summer2023/ros2_stereo/install/gscam2
[0.172s] -- Checking for module 'gstreamer-1.0'
[0.181s] --   Found gstreamer-1.0, version 1.16.3
[0.211s] -- Checking for module 'gstreamer-app-1.0'
[0.220s] --   Found gstreamer-app-1.0, version 1.16.3
[0.248s] -- Found ament_cmake: 0.9.12 (/opt/ros/foxy/share/ament_cmake/cmake)
[0.266s] -- Found PythonInterp: /usr/bin/python3 (found suitable version "3.8.10", minimum required is "3") 
[0.266s] -- Using PYTHON_EXECUTABLE: /usr/bin/python3
[0.412s] -- Override CMake install command with custom implementation using symlinks instead of copying resources
[0.429s] -- Found camera_calibration_parsers: 2.4.0 (/opt/ros/foxy/share/camera_calibration_parsers/cmake)
[0.461s] -- Using all available rosidl_typesupport_c: rosidl_typesupport_fastrtps_c;rosidl_typesupport_introspection_c
[0.466s] -- Found rosidl_adapter: 1.3.1 (/opt/ros/foxy/share/rosidl_adapter/cmake)
[0.518s] -- Found OpenSSL: /usr/lib/x86_64-linux-gnu/libcrypto.so (found version "1.1.1f")  
[0.540s] -- Found FastRTPS: /opt/ros/foxy/include  
[0.599s] -- Using all available rosidl_typesupport_cpp: rosidl_typesupport_fastrtps_cpp;rosidl_typesupport_introspection_cpp
[0.642s] -- Found rmw_implementation_cmake: 1.0.4 (/opt/ros/foxy/share/rmw_implementation_cmake/cmake)
[0.643s] -- Using RMW implementation 'rmw_fastrtps_cpp' as default
[0.644s] -- Looking for pthread.h
[0.693s] -- Looking for pthread.h - found
[0.693s] -- Performing Test CMAKE_HAVE_LIBC_PTHREAD
[0.743s] -- Performing Test CMAKE_HAVE_LIBC_PTHREAD - Failed
[0.743s] -- Looking for pthread_create in pthreads
[0.786s] -- Looking for pthread_create in pthreads - not found
[0.786s] -- Looking for pthread_create in pthread
[0.846s] -- Looking for pthread_create in pthread - found
[0.846s] -- Found Threads: TRUE  
[1.077s] -- Setting yaml-cpp_DIR to: '/opt/ros/foxy/share/yaml_cpp_vendor/cmake/../../../opt/yaml_cpp_vendor/lib/cmake/yaml-cpp'
[1.081s] -- Found camera_info_manager: 2.4.0 (/opt/ros/foxy/share/camera_info_manager/cmake)
[1.128s] -- Found class_loader: 2.0.3 (/opt/ros/foxy/share/class_loader/cmake)
[1.133s] -- Found rclcpp_components: 2.4.3 (/opt/ros/foxy/share/rclcpp_components/cmake)
[1.174s] -- Found rclpy: 1.0.13 (/opt/ros/foxy/share/rclpy/cmake)
[1.175s] -- Found ros2_shared: 0.1.0 (/home/corelab/CatchingBlimp/Summer2023/ros2_stereo/install/ros2_shared/share/ros2_shared/cmake)
[1.178s] -- Found ament_lint_auto: 0.9.8 (/opt/ros/foxy/share/ament_lint_auto/cmake)
[1.233s] -- Found gtest sources under '/opt/ros/foxy/src/gtest_vendor': C++ tests using 'Google Test' will be built
[1.235s] -- Check if compiler accepts -pthread
[1.286s] -- Check if compiler accepts -pthread - yes
[1.294s] -- Added test 'cppcheck' to perform static code analysis on C / C++ code
[1.294s] -- Configured cppcheck include dirs: $<BUILD_INTERFACE:/home/corelab/CatchingBlimp/Summer2023/ros2_stereo/src/gscam2/include>
[1.294s] -- Configured cppcheck exclude dirs and/or files: 
[1.294s] -- Added test 'flake8' to check Python code syntax and style conventions
[1.295s] -- Added test 'lint_cmake' to check CMake code style
[1.295s] -- Added test 'pep257' to check Python code against some of the style conventions in PEP 257
[1.296s] -- Added test 'uncrustify' to check C / C++ code style
[1.296s] -- Configured uncrustify additional arguments: 
[1.297s] -- Added test 'xmllint' to check XML markup files
[1.300s] -- Configuring done
[1.302s] CMake Error at CMakeLists.txt:47 (add_library):
[1.302s]   Target "gscam_node" links to target
[1.302s]   "camera_calibration_parsers::camera_calibration_parsers" but the target was
[1.302s]   not found.  Perhaps a find_package() call is missing for an IMPORTED
[1.302s]   target, or an ALIAS target is missing?
[1.302s] 
[1.302s] 
[1.302s] CMake Error at CMakeLists.txt:47 (add_library):
[1.302s]   Target "gscam_node" links to target
[1.302s]   "camera_info_manager::camera_info_manager" but the target was not found.
[1.302s]   Perhaps a find_package() call is missing for an IMPORTED target, or an
[1.303s]   ALIAS target is missing?
[1.303s] 
[1.303s] 
[1.303s] CMake Error at CMakeLists.txt:47 (add_library):
[1.303s]   Target "gscam_node" links to target "rclcpp_components::component" but the
[1.303s]   target was not found.  Perhaps a find_package() call is missing for an
[1.303s]   IMPORTED target, or an ALIAS target is missing?
[1.303s] 
[1.303s] 
[1.303s] CMake Error at CMakeLists.txt:47 (add_library):
[1.303s]   Target "gscam_node" links to target "sensor_msgs::sensor_msgs_library" but
[1.303s]   the target was not found.  Perhaps a find_package() call is missing for an
[1.303s]   IMPORTED target, or an ALIAS target is missing?
[1.303s] 
[1.303s] 
[1.303s] CMake Error at CMakeLists.txt:78 (add_library):
[1.303s]   Target "subscriber_node" links to target "rclcpp_components::component" but
[1.303s]   the target was not found.  Perhaps a find_package() call is missing for an
[1.303s]   IMPORTED target, or an ALIAS target is missing?
[1.304s] 
[1.304s] 
[1.304s] CMake Error at CMakeLists.txt:78 (add_library):
[1.304s]   Target "subscriber_node" links to target "sensor_msgs::sensor_msgs_library"
[1.304s]   but the target was not found.  Perhaps a find_package() call is missing for
[1.304s]   an IMPORTED target, or an ALIAS target is missing?
[1.304s] 
[1.304s] 
[1.304s] CMake Error at CMakeLists.txt:115 (add_executable):
[1.304s]   Target "ipc_test_main" links to target "sensor_msgs::sensor_msgs_library"
[1.304s]   but the target was not found.  Perhaps a find_package() call is missing for
[1.304s]   an IMPORTED target, or an ALIAS target is missing?
[1.304s] 
[1.304s] 
[1.304s] CMake Error at /opt/ros/foxy/share/ament_cmake_gtest/cmake/ament_add_gtest_executable.cmake:50 (add_executable):
[1.304s]   Target "smoke_test" links to target "sensor_msgs::sensor_msgs_library" but
[1.304s]   the target was not found.  Perhaps a find_package() call is missing for an
[1.304s]   IMPORTED target, or an ALIAS target is missing?
[1.304s] Call Stack (most recent call first):
[1.304s]   /opt/ros/foxy/share/ament_cmake_gtest/cmake/ament_add_gtest_executable.cmake:37 (_ament_add_gtest_executable)
[1.304s]   /opt/ros/foxy/share/ament_cmake_gtest/cmake/ament_add_gtest.cmake:68 (ament_add_gtest_executable)
[1.305s]   CMakeLists.txt:134 (ament_add_gtest)
[1.305s] 
[1.305s] 
[1.318s] -- Generating done
[1.319s] CMake Generate step failed.  Build files cannot be regenerated correctly.
[1.324s] Invoked command in '/home/corelab/CatchingBlimp/Summer2023/ros2_stereo/build/gscam2' returned '1': AMENT_PREFIX_PATH=/home/corelab/CatchingBlimp/Summer2023/ros2_stereo/install/ros2_shared:${AMENT_PREFIX_PATH} CMAKE_PREFIX_PATH=/home/corelab/CatchingBlimp/Summer2023/ros2_stereo/install/ros2_shared:/home/corelab/CatchingBlimp/Summer2023/ros2_stereo/install/stereo_image_proc:/home/corelab/CatchingBlimp/Summer2023/ros2_stereo/install/stereo_combined:/home/corelab/CatchingBlimp/Summer2023/ros2_stereo/install/yolo_msgs:/home/corelab/CatchingBlimp/Summer2023/ros2_stereo/install/opencv_telemetry:/home/corelab/CatchingBlimp/Summer2023/ros2_stereo/install/image_view:/home/corelab/CatchingBlimp/Summer2023/ros2_stereo/install/image_proc:/opt/ros/foxy /usr/bin/cmake /home/corelab/CatchingBlimp/Summer2023/ros2_stereo/src/gscam2 -DAMENT_CMAKE_SYMLINK_INSTALL=1 -DCMAKE_INSTALL_PREFIX=/home/corelab/CatchingBlimp/Summer2023/ros2_stereo/install/gscam2
