[0.614s] Invoking command in '/home/corelab/CatchingBlimp/Summer2023/ros2_stereo/build/yolo_msgs': CMAKE_PREFIX_PATH=${CMAKE_PREFIX_PATH}:/opt/ros/foxy /usr/bin/cmake --build /home/corelab/CatchingBlimp/Summer2023/ros2_stereo/build/yolo_msgs -- -j8 -l8
[0.661s] [  2%] Built target yolo_msgs__cpp
[0.663s] [ 12%] Built target yolo_msgs__rosidl_generator_c
[0.689s] [ 23%] Built target yolo_msgs__rosidl_typesupport_introspection_cpp
[0.697s] [ 34%] Built target yolo_msgs__rosidl_typesupport_c
[0.697s] [ 44%] Built target yolo_msgs__rosidl_typesupport_fastrtps_cpp
[0.697s] [ 55%] Built target yolo_msgs__rosidl_typesupport_cpp
[0.711s] [ 65%] Built target yolo_msgs__rosidl_typesupport_introspection_c
[0.742s] [ 76%] Built target yolo_msgs__rosidl_typesupport_fastrtps_c
[0.765s] [ 76%] Built target yolo_msgs
[0.783s] [ 78%] Built target yolo_msgs__py
[0.808s] [ 87%] Built target yolo_msgs__python
[0.828s] [ 91%] Built target yolo_msgs__rosidl_typesupport_introspection_c__pyext
[0.835s] [ 95%] Built target yolo_msgs__rosidl_typesupport_fastrtps_c__pyext
[0.842s] [100%] Built target yolo_msgs__rosidl_typesupport_c__pyext
[0.859s] Invoked command in '/home/corelab/CatchingBlimp/Summer2023/ros2_stereo/build/yolo_msgs' returned '0': CMAKE_PREFIX_PATH=${CMAKE_PREFIX_PATH}:/opt/ros/foxy /usr/bin/cmake --build /home/corelab/CatchingBlimp/Summer2023/ros2_stereo/build/yolo_msgs -- -j8 -l8
[1.055s] Invoking command in '/home/corelab/CatchingBlimp/Summer2023/ros2_stereo/build/yolo_msgs': CMAKE_PREFIX_PATH=${CMAKE_PREFIX_PATH}:/opt/ros/foxy /usr/bin/cmake --install /home/corelab/CatchingBlimp/Summer2023/ros2_stereo/build/yolo_msgs
[1.064s] -- Install configuration: ""
[1.064s] -- Execute custom install script
[1.065s] -- Up-to-date symlink: /home/corelab/CatchingBlimp/Summer2023/ros2_stereo/install/yolo_msgs/share/ament_index/resource_index/rosidl_interfaces/yolo_msgs
[1.065s] -- Up-to-date symlink: /home/corelab/CatchingBlimp/Summer2023/ros2_stereo/install/yolo_msgs/include/yolo_msgs/msg/bounding_box.h
[1.065s] -- Up-to-date symlink: /home/corelab/CatchingBlimp/Summer2023/ros2_stereo/install/yolo_msgs/include/yolo_msgs/msg/bounding_boxes.h
[1.065s] -- Up-to-date symlink: /home/corelab/CatchingBlimp/Summer2023/ros2_stereo/install/yolo_msgs/include/yolo_msgs/msg/detail/bounding_box__functions.h
[1.065s] -- Up-to-date symlink: /home/corelab/CatchingBlimp/Summer2023/ros2_stereo/install/yolo_msgs/include/yolo_msgs/msg/detail/bounding_box__struct.h
[1.065s] -- Up-to-date symlink: /home/corelab/CatchingBlimp/Summer2023/ros2_stereo/install/yolo_msgs/include/yolo_msgs/msg/detail/bounding_box__type_support.h
[1.065s] -- Up-to-date symlink: /home/corelab/CatchingBlimp/Summer2023/ros2_stereo/install/yolo_msgs/include/yolo_msgs/msg/detail/bounding_boxes__functions.h
[1.065s] -- Up-to-date symlink: /home/corelab/CatchingBlimp/Summer2023/ros2_stereo/install/yolo_msgs/include/yolo_msgs/msg/detail/bounding_boxes__struct.h
[1.065s] -- Up-to-date symlink: /home/corelab/CatchingBlimp/Summer2023/ros2_stereo/install/yolo_msgs/include/yolo_msgs/msg/detail/bounding_boxes__type_support.h
[1.065s] -- Up-to-date symlink: /home/corelab/CatchingBlimp/Summer2023/ros2_stereo/install/yolo_msgs/include/yolo_msgs/msg/detail/object_count__functions.h
[1.065s] -- Up-to-date symlink: /home/corelab/CatchingBlimp/Summer2023/ros2_stereo/install/yolo_msgs/include/yolo_msgs/msg/detail/object_count__struct.h
[1.065s] -- Up-to-date symlink: /home/corelab/CatchingBlimp/Summer2023/ros2_stereo/install/yolo_msgs/include/yolo_msgs/msg/detail/object_count__type_support.h
[1.065s] -- Up-to-date symlink: /home/corelab/CatchingBlimp/Summer2023/ros2_stereo/install/yolo_msgs/include/yolo_msgs/msg/object_count.h
[1.066s] -- Up-to-date symlink: /home/corelab/CatchingBlimp/Summer2023/ros2_stereo/install/yolo_msgs/include/yolo_msgs/msg/rosidl_generator_c__visibility_control.h
[1.066s] -- Up-to-date symlink: /home/corelab/CatchingBlimp/Summer2023/ros2_stereo/install/yolo_msgs/share/yolo_msgs/environment/library_path.sh
[1.066s] -- Up-to-date symlink: /home/corelab/CatchingBlimp/Summer2023/ros2_stereo/install/yolo_msgs/share/yolo_msgs/environment/library_path.dsv
[1.066s] -- Up-to-date symlink: /home/corelab/CatchingBlimp/Summer2023/ros2_stereo/install/yolo_msgs/include/yolo_msgs/msg/detail/bounding_box__rosidl_typesupport_fastrtps_c.h
[1.067s] -- Up-to-date symlink: /home/corelab/CatchingBlimp/Summer2023/ros2_stereo/install/yolo_msgs/include/yolo_msgs/msg/detail/bounding_boxes__rosidl_typesupport_fastrtps_c.h
[1.067s] -- Up-to-date symlink: /home/corelab/CatchingBlimp/Summer2023/ros2_stereo/install/yolo_msgs/include/yolo_msgs/msg/detail/object_count__rosidl_typesupport_fastrtps_c.h
[1.067s] -- Up-to-date symlink: /home/corelab/CatchingBlimp/Summer2023/ros2_stereo/install/yolo_msgs/include/yolo_msgs/msg/rosidl_typesupport_fastrtps_c__visibility_control.h
[1.068s] -- Up-to-date symlink: /home/corelab/CatchingBlimp/Summer2023/ros2_stereo/install/yolo_msgs/lib/libyolo_msgs__rosidl_typesupport_fastrtps_c.so
[1.068s] -- Up-to-date symlink: /home/corelab/CatchingBlimp/Summer2023/ros2_stereo/install/yolo_msgs/include/yolo_msgs/msg/detail/bounding_box__rosidl_typesupport_fastrtps_cpp.hpp
[1.068s] -- Up-to-date symlink: /home/corelab/CatchingBlimp/Summer2023/ros2_stereo/install/yolo_msgs/include/yolo_msgs/msg/detail/bounding_boxes__rosidl_typesupport_fastrtps_cpp.hpp
[1.068s] -- Up-to-date symlink: /home/corelab/CatchingBlimp/Summer2023/ros2_stereo/install/yolo_msgs/include/yolo_msgs/msg/detail/object_count__rosidl_typesupport_fastrtps_cpp.hpp
[1.068s] -- Up-to-date symlink: /home/corelab/CatchingBlimp/Summer2023/ros2_stereo/install/yolo_msgs/include/yolo_msgs/msg/rosidl_typesupport_fastrtps_cpp__visibility_control.h
[1.069s] -- Up-to-date symlink: /home/corelab/CatchingBlimp/Summer2023/ros2_stereo/install/yolo_msgs/lib/libyolo_msgs__rosidl_typesupport_fastrtps_cpp.so
[1.069s] -- Up-to-date symlink: /home/corelab/CatchingBlimp/Summer2023/ros2_stereo/install/yolo_msgs/include/yolo_msgs/msg/detail/bounding_box__rosidl_typesupport_introspection_c.h
[1.070s] -- Up-to-date symlink: /home/corelab/CatchingBlimp/Summer2023/ros2_stereo/install/yolo_msgs/include/yolo_msgs/msg/detail/bounding_boxes__rosidl_typesupport_introspection_c.h
[1.070s] -- Up-to-date symlink: /home/corelab/CatchingBlimp/Summer2023/ros2_stereo/install/yolo_msgs/include/yolo_msgs/msg/detail/object_count__rosidl_typesupport_introspection_c.h
[1.071s] -- Up-to-date symlink: /home/corelab/CatchingBlimp/Summer2023/ros2_stereo/install/yolo_msgs/include/yolo_msgs/msg/rosidl_typesupport_introspection_c__visibility_control.h
[1.071s] -- Up-to-date symlink: /home/corelab/CatchingBlimp/Summer2023/ros2_stereo/install/yolo_msgs/include/yolo_msgs/msg/bounding_box.hpp
[1.072s] -- Up-to-date symlink: /home/corelab/CatchingBlimp/Summer2023/ros2_stereo/install/yolo_msgs/include/yolo_msgs/msg/bounding_boxes.hpp
[1.072s] -- Up-to-date symlink: /home/corelab/CatchingBlimp/Summer2023/ros2_stereo/install/yolo_msgs/include/yolo_msgs/msg/detail/bounding_box__builder.hpp
[1.072s] -- Up-to-date symlink: /home/corelab/CatchingBlimp/Summer2023/ros2_stereo/install/yolo_msgs/include/yolo_msgs/msg/detail/bounding_box__struct.hpp
[1.073s] -- Up-to-date symlink: /home/corelab/CatchingBlimp/Summer2023/ros2_stereo/install/yolo_msgs/include/yolo_msgs/msg/detail/bounding_box__traits.hpp
[1.073s] -- Up-to-date symlink: /home/corelab/CatchingBlimp/Summer2023/ros2_stereo/install/yolo_msgs/include/yolo_msgs/msg/detail/bounding_box__type_support.hpp
[1.073s] -- Up-to-date symlink: /home/corelab/CatchingBlimp/Summer2023/ros2_stereo/install/yolo_msgs/include/yolo_msgs/msg/detail/bounding_boxes__builder.hpp
[1.073s] -- Up-to-date symlink: /home/corelab/CatchingBlimp/Summer2023/ros2_stereo/install/yolo_msgs/include/yolo_msgs/msg/detail/bounding_boxes__struct.hpp
[1.074s] -- Up-to-date symlink: /home/corelab/CatchingBlimp/Summer2023/ros2_stereo/install/yolo_msgs/include/yolo_msgs/msg/detail/bounding_boxes__traits.hpp
[1.074s] -- Up-to-date symlink: /home/corelab/CatchingBlimp/Summer2023/ros2_stereo/install/yolo_msgs/include/yolo_msgs/msg/detail/bounding_boxes__type_support.hpp
[1.074s] -- Up-to-date symlink: /home/corelab/CatchingBlimp/Summer2023/ros2_stereo/install/yolo_msgs/include/yolo_msgs/msg/detail/object_count__builder.hpp
[1.075s] -- Up-to-date symlink: /home/corelab/CatchingBlimp/Summer2023/ros2_stereo/install/yolo_msgs/include/yolo_msgs/msg/detail/object_count__struct.hpp
[1.075s] -- Up-to-date symlink: /home/corelab/CatchingBlimp/Summer2023/ros2_stereo/install/yolo_msgs/include/yolo_msgs/msg/detail/object_count__traits.hpp
[1.075s] -- Up-to-date symlink: /home/corelab/CatchingBlimp/Summer2023/ros2_stereo/install/yolo_msgs/include/yolo_msgs/msg/detail/object_count__type_support.hpp
[1.076s] -- Up-to-date symlink: /home/corelab/CatchingBlimp/Summer2023/ros2_stereo/install/yolo_msgs/include/yolo_msgs/msg/object_count.hpp
[1.076s] -- Up-to-date symlink: /home/corelab/CatchingBlimp/Summer2023/ros2_stereo/install/yolo_msgs/include/yolo_msgs/msg/rosidl_generator_cpp__visibility_control.hpp
[1.076s] -- Up-to-date symlink: /home/corelab/CatchingBlimp/Summer2023/ros2_stereo/install/yolo_msgs/include/yolo_msgs/msg/detail/bounding_box__rosidl_typesupport_introspection_cpp.hpp
[1.077s] -- Up-to-date symlink: /home/corelab/CatchingBlimp/Summer2023/ros2_stereo/install/yolo_msgs/include/yolo_msgs/msg/detail/bounding_boxes__rosidl_typesupport_introspection_cpp.hpp
[1.077s] -- Up-to-date symlink: /home/corelab/CatchingBlimp/Summer2023/ros2_stereo/install/yolo_msgs/include/yolo_msgs/msg/detail/object_count__rosidl_typesupport_introspection_cpp.hpp
[1.077s] -- Up-to-date symlink: /home/corelab/CatchingBlimp/Summer2023/ros2_stereo/install/yolo_msgs/share/yolo_msgs/environment/pythonpath.sh
[1.078s] -- Up-to-date symlink: /home/corelab/CatchingBlimp/Summer2023/ros2_stereo/install/yolo_msgs/share/yolo_msgs/environment/pythonpath.dsv
[1.078s] -- Up-to-date symlink: /home/corelab/CatchingBlimp/Summer2023/ros2_stereo/install/yolo_msgs/lib/python3.8/site-packages/yolo_msgs/__init__.py
[1.079s] -- Up-to-date symlink: /home/corelab/CatchingBlimp/Summer2023/ros2_stereo/install/yolo_msgs/lib/python3.8/site-packages/yolo_msgs/msg/__init__.py
[1.079s] -- Up-to-date symlink: /home/corelab/CatchingBlimp/Summer2023/ros2_stereo/install/yolo_msgs/lib/python3.8/site-packages/yolo_msgs/msg/_bounding_box.py
[1.080s] -- Up-to-date symlink: /home/corelab/CatchingBlimp/Summer2023/ros2_stereo/install/yolo_msgs/lib/python3.8/site-packages/yolo_msgs/msg/_bounding_boxes.py
[1.080s] -- Up-to-date symlink: /home/corelab/CatchingBlimp/Summer2023/ros2_stereo/install/yolo_msgs/lib/python3.8/site-packages/yolo_msgs/msg/_object_count.py
[1.080s] -- Up-to-date symlink: /home/corelab/CatchingBlimp/Summer2023/ros2_stereo/install/yolo_msgs/lib/python3.8/site-packages/yolo_msgs/yolo_msgs_s__rosidl_typesupport_fastrtps_c.cpython-38-x86_64-linux-gnu.so
[1.081s] -- Up-to-date symlink: /home/corelab/CatchingBlimp/Summer2023/ros2_stereo/install/yolo_msgs/lib/python3.8/site-packages/yolo_msgs/yolo_msgs_s__rosidl_typesupport_introspection_c.cpython-38-x86_64-linux-gnu.so
[1.081s] -- Up-to-date symlink: /home/corelab/CatchingBlimp/Summer2023/ros2_stereo/install/yolo_msgs/lib/python3.8/site-packages/yolo_msgs/yolo_msgs_s__rosidl_typesupport_c.cpython-38-x86_64-linux-gnu.so
[1.081s] -- Up-to-date symlink: /home/corelab/CatchingBlimp/Summer2023/ros2_stereo/install/yolo_msgs/lib/libyolo_msgs__python.so
[1.081s] -- Up-to-date symlink: /home/corelab/CatchingBlimp/Summer2023/ros2_stereo/install/yolo_msgs/share/yolo_msgs/msg/BoundingBox.idl
[1.081s] -- Up-to-date symlink: /home/corelab/CatchingBlimp/Summer2023/ros2_stereo/install/yolo_msgs/share/yolo_msgs/msg/BoundingBoxes.idl
[1.081s] -- Up-to-date symlink: /home/corelab/CatchingBlimp/Summer2023/ros2_stereo/install/yolo_msgs/share/yolo_msgs/msg/ObjectCount.idl
[1.081s] -- Up-to-date symlink: /home/corelab/CatchingBlimp/Summer2023/ros2_stereo/install/yolo_msgs/share/yolo_msgs/msg/BoundingBox.msg
[1.082s] -- Up-to-date symlink: /home/corelab/CatchingBlimp/Summer2023/ros2_stereo/install/yolo_msgs/share/yolo_msgs/msg/BoundingBoxes.msg
[1.082s] -- Up-to-date symlink: /home/corelab/CatchingBlimp/Summer2023/ros2_stereo/install/yolo_msgs/share/yolo_msgs/msg/ObjectCount.msg
[1.082s] -- Up-to-date symlink: /home/corelab/CatchingBlimp/Summer2023/ros2_stereo/install/yolo_msgs/share/ament_index/resource_index/package_run_dependencies/yolo_msgs
[1.082s] -- Up-to-date symlink: /home/corelab/CatchingBlimp/Summer2023/ros2_stereo/install/yolo_msgs/share/ament_index/resource_index/parent_prefix_path/yolo_msgs
[1.082s] -- Up-to-date symlink: /home/corelab/CatchingBlimp/Summer2023/ros2_stereo/install/yolo_msgs/share/yolo_msgs/environment/ament_prefix_path.sh
[1.082s] -- Up-to-date symlink: /home/corelab/CatchingBlimp/Summer2023/ros2_stereo/install/yolo_msgs/share/yolo_msgs/environment/ament_prefix_path.dsv
[1.082s] -- Up-to-date symlink: /home/corelab/CatchingBlimp/Summer2023/ros2_stereo/install/yolo_msgs/share/yolo_msgs/environment/path.sh
[1.082s] -- Up-to-date symlink: /home/corelab/CatchingBlimp/Summer2023/ros2_stereo/install/yolo_msgs/share/yolo_msgs/environment/path.dsv
[1.082s] -- Up-to-date symlink: /home/corelab/CatchingBlimp/Summer2023/ros2_stereo/install/yolo_msgs/share/yolo_msgs/local_setup.bash
[1.082s] -- Up-to-date symlink: /home/corelab/CatchingBlimp/Summer2023/ros2_stereo/install/yolo_msgs/share/yolo_msgs/local_setup.sh
[1.083s] -- Up-to-date symlink: /home/corelab/CatchingBlimp/Summer2023/ros2_stereo/install/yolo_msgs/share/yolo_msgs/local_setup.zsh
[1.083s] -- Up-to-date symlink: /home/corelab/CatchingBlimp/Summer2023/ros2_stereo/install/yolo_msgs/share/yolo_msgs/local_setup.dsv
[1.084s] -- Symlinking: /home/corelab/CatchingBlimp/Summer2023/ros2_stereo/install/yolo_msgs/share/yolo_msgs/package.dsv
[1.086s] -- Up-to-date symlink: /home/corelab/CatchingBlimp/Summer2023/ros2_stereo/install/yolo_msgs/share/ament_index/resource_index/packages/yolo_msgs
[1.087s] -- Up-to-date symlink: /home/corelab/CatchingBlimp/Summer2023/ros2_stereo/install/yolo_msgs/share/yolo_msgs/cmake/rosidl_cmake-extras.cmake
[1.088s] -- Up-to-date symlink: /home/corelab/CatchingBlimp/Summer2023/ros2_stereo/install/yolo_msgs/share/yolo_msgs/cmake/ament_cmake_export_dependencies-extras.cmake
[1.088s] -- Up-to-date symlink: /home/corelab/CatchingBlimp/Summer2023/ros2_stereo/install/yolo_msgs/share/yolo_msgs/cmake/ament_cmake_export_libraries-extras.cmake
[1.088s] -- Up-to-date symlink: /home/corelab/CatchingBlimp/Summer2023/ros2_stereo/install/yolo_msgs/share/yolo_msgs/cmake/ament_cmake_export_targets-extras.cmake
[1.089s] -- Up-to-date symlink: /home/corelab/CatchingBlimp/Summer2023/ros2_stereo/install/yolo_msgs/share/yolo_msgs/cmake/ament_cmake_export_include_directories-extras.cmake
[1.089s] -- Up-to-date symlink: /home/corelab/CatchingBlimp/Summer2023/ros2_stereo/install/yolo_msgs/share/yolo_msgs/cmake/rosidl_cmake_export_typesupport_libraries-extras.cmake
[1.089s] -- Up-to-date symlink: /home/corelab/CatchingBlimp/Summer2023/ros2_stereo/install/yolo_msgs/share/yolo_msgs/cmake/rosidl_cmake_export_typesupport_targets-extras.cmake
[1.090s] -- Up-to-date symlink: /home/corelab/CatchingBlimp/Summer2023/ros2_stereo/install/yolo_msgs/share/yolo_msgs/cmake/yolo_msgsConfig.cmake
[1.090s] -- Up-to-date symlink: /home/corelab/CatchingBlimp/Summer2023/ros2_stereo/install/yolo_msgs/share/yolo_msgs/cmake/yolo_msgsConfig-version.cmake
[1.091s] -- Up-to-date symlink: /home/corelab/CatchingBlimp/Summer2023/ros2_stereo/install/yolo_msgs/share/yolo_msgs/package.xml
[1.091s] -- Up-to-date: /home/corelab/CatchingBlimp/Summer2023/ros2_stereo/install/yolo_msgs/lib/libyolo_msgs__rosidl_generator_c.so
[1.092s] -- Up-to-date: /home/corelab/CatchingBlimp/Summer2023/ros2_stereo/install/yolo_msgs/lib/libyolo_msgs__rosidl_typesupport_introspection_c.so
[1.093s] -- Up-to-date: /home/corelab/CatchingBlimp/Summer2023/ros2_stereo/install/yolo_msgs/lib/libyolo_msgs__rosidl_typesupport_c.so
[1.093s] -- Up-to-date: /home/corelab/CatchingBlimp/Summer2023/ros2_stereo/install/yolo_msgs/lib/libyolo_msgs__rosidl_typesupport_introspection_cpp.so
[1.094s] -- Up-to-date: /home/corelab/CatchingBlimp/Summer2023/ros2_stereo/install/yolo_msgs/lib/libyolo_msgs__rosidl_typesupport_cpp.so
[1.114s] -- Up-to-date: /home/corelab/CatchingBlimp/Summer2023/ros2_stereo/install/yolo_msgs/share/yolo_msgs/cmake/yolo_msgs__rosidl_generator_cExport.cmake
[1.114s] -- Up-to-date: /home/corelab/CatchingBlimp/Summer2023/ros2_stereo/install/yolo_msgs/share/yolo_msgs/cmake/yolo_msgs__rosidl_generator_cExport-noconfig.cmake
[1.115s] -- Up-to-date: /home/corelab/CatchingBlimp/Summer2023/ros2_stereo/install/yolo_msgs/share/yolo_msgs/cmake/yolo_msgs__rosidl_typesupport_introspection_cExport.cmake
[1.115s] -- Up-to-date: /home/corelab/CatchingBlimp/Summer2023/ros2_stereo/install/yolo_msgs/share/yolo_msgs/cmake/yolo_msgs__rosidl_typesupport_introspection_cExport-noconfig.cmake
[1.116s] -- Up-to-date: /home/corelab/CatchingBlimp/Summer2023/ros2_stereo/install/yolo_msgs/share/yolo_msgs/cmake/yolo_msgs__rosidl_typesupport_cExport.cmake
[1.116s] -- Up-to-date: /home/corelab/CatchingBlimp/Summer2023/ros2_stereo/install/yolo_msgs/share/yolo_msgs/cmake/yolo_msgs__rosidl_typesupport_cExport-noconfig.cmake
[1.116s] -- Up-to-date: /home/corelab/CatchingBlimp/Summer2023/ros2_stereo/install/yolo_msgs/share/yolo_msgs/cmake/yolo_msgs__rosidl_generator_cppExport.cmake
[1.116s] -- Up-to-date: /home/corelab/CatchingBlimp/Summer2023/ros2_stereo/install/yolo_msgs/share/yolo_msgs/cmake/yolo_msgs__rosidl_typesupport_introspection_cppExport.cmake
[1.117s] -- Up-to-date: /home/corelab/CatchingBlimp/Summer2023/ros2_stereo/install/yolo_msgs/share/yolo_msgs/cmake/yolo_msgs__rosidl_typesupport_introspection_cppExport-noconfig.cmake
[1.118s] -- Up-to-date: /home/corelab/CatchingBlimp/Summer2023/ros2_stereo/install/yolo_msgs/share/yolo_msgs/cmake/yolo_msgs__rosidl_typesupport_cppExport.cmake
[1.119s] -- Up-to-date: /home/corelab/CatchingBlimp/Summer2023/ros2_stereo/install/yolo_msgs/share/yolo_msgs/cmake/yolo_msgs__rosidl_typesupport_cppExport-noconfig.cmake
