[0.040s] Invoking command in '/home/corelab/GitHub/CatchingBlimp/Summer2023/ros2_stereo/build/yolo_msgs': CMAKE_PREFIX_PATH=/opt/ros/foxy /home/corelab/.local/bin/cmake --build /home/corelab/GitHub/CatchingBlimp/Summer2023/ros2_stereo/build/yolo_msgs -- -j16 -l16
[0.076s] [  1%] Built target yolo_msgs__dds_connext_idl
[0.077s] [  2%] Built target yolo_msgs__cpp
[0.077s] [  8%] Built target yolo_msgs__rosidl_generator_c
[0.085s] [ 14%] Built target yolo_msgs__rosidl_typesupport_cpp
[0.086s] [ 20%] Built target yolo_msgs__rosidl_typesupport_introspection_cpp
[0.087s] [ 27%] Built target yolo_msgs__rosidl_typesupport_fastrtps_cpp
[0.095s] [ 33%] Built target yolo_msgs__rosidl_typesupport_introspection_c
[0.096s] [ 51%] Built target yolo_msgs__rosidl_typesupport_connext_cpp
[0.106s] [ 58%] Built target yolo_msgs__rosidl_typesupport_fastrtps_c
[0.111s] [ 64%] Built target yolo_msgs__rosidl_typesupport_c
[0.113s] [ 83%] Built target yolo_msgs__rosidl_typesupport_connext_c
[0.119s] [ 83%] Built target yolo_msgs
[0.125s] [ 85%] Built target yolo_msgs__py
[0.131s] [ 90%] Built target yolo_msgs__python
[0.138s] [ 92%] Built target yolo_msgs__rosidl_typesupport_fastrtps_c__pyext
[0.138s] [ 95%] Built target yolo_msgs__rosidl_typesupport_connext_c__pyext
[0.138s] [ 97%] Built target yolo_msgs__rosidl_typesupport_c__pyext
[0.138s] [100%] Built target yolo_msgs__rosidl_typesupport_introspection_c__pyext
[0.152s] Invoked command in '/home/corelab/GitHub/CatchingBlimp/Summer2023/ros2_stereo/build/yolo_msgs' returned '0': CMAKE_PREFIX_PATH=/opt/ros/foxy /home/corelab/.local/bin/cmake --build /home/corelab/GitHub/CatchingBlimp/Summer2023/ros2_stereo/build/yolo_msgs -- -j16 -l16
