[0.013s] Invoking command in '/home/corelab/ros2_stereo/build/stereo_image_proc': AMENT_PREFIX_PATH=/home/corelab/ros2_stereo/install/yolo_msgs:/home/corelab/ros2_stereo/install/image_proc:${AMENT_PREFIX_PATH} CMAKE_PREFIX_PATH=/home/corelab/ros2_stereo/install/yolo_msgs:/home/corelab/ros2_stereo/install/image_proc:/opt/ros/foxy LD_LIBRARY_PATH=/home/corelab/ros2_stereo/install/yolo_msgs/lib:/home/corelab/ros2_stereo/install/image_proc/lib:${LD_LIBRARY_PATH} PATH=/home/corelab/ros2_stereo/install/image_proc/bin:${PATH} PYTHONPATH=/home/corelab/ros2_stereo/install/yolo_msgs/lib/python3.8/site-packages:${PYTHONPATH} /home/corelab/.local/bin/cmake --build /home/corelab/ros2_stereo/build/stereo_image_proc -- -j16 -l16
[0.047s] [ 37%] Built target disparity_node
[0.047s] [ 50%] Built target point_cloud_node
[0.054s] [ 62%] [32mBuilding CXX object CMakeFiles/stereo_image_proc.dir/src/stereo_image_proc/point_cloud_node.cpp.o[0m
[8.321s] [ 75%] [32m[1mLinking CXX shared library libstereo_image_proc.so[0m
[9.277s] [100%] Built target stereo_image_proc
[9.289s] Invoked command in '/home/corelab/ros2_stereo/build/stereo_image_proc' returned '0': AMENT_PREFIX_PATH=/home/corelab/ros2_stereo/install/yolo_msgs:/home/corelab/ros2_stereo/install/image_proc:${AMENT_PREFIX_PATH} CMAKE_PREFIX_PATH=/home/corelab/ros2_stereo/install/yolo_msgs:/home/corelab/ros2_stereo/install/image_proc:/opt/ros/foxy LD_LIBRARY_PATH=/home/corelab/ros2_stereo/install/yolo_msgs/lib:/home/corelab/ros2_stereo/install/image_proc/lib:${LD_LIBRARY_PATH} PATH=/home/corelab/ros2_stereo/install/image_proc/bin:${PATH} PYTHONPATH=/home/corelab/ros2_stereo/install/yolo_msgs/lib/python3.8/site-packages:${PYTHONPATH} /home/corelab/.local/bin/cmake --build /home/corelab/ros2_stereo/build/stereo_image_proc -- -j16 -l16
[9.352s] Invoking command in '/home/corelab/ros2_stereo/build/stereo_image_proc': AMENT_PREFIX_PATH=/home/corelab/ros2_stereo/install/yolo_msgs:/home/corelab/ros2_stereo/install/image_proc:${AMENT_PREFIX_PATH} CMAKE_PREFIX_PATH=/home/corelab/ros2_stereo/install/yolo_msgs:/home/corelab/ros2_stereo/install/image_proc:/opt/ros/foxy LD_LIBRARY_PATH=/home/corelab/ros2_stereo/install/yolo_msgs/lib:/home/corelab/ros2_stereo/install/image_proc/lib:${LD_LIBRARY_PATH} PATH=/home/corelab/ros2_stereo/install/image_proc/bin:${PATH} PYTHONPATH=/home/corelab/ros2_stereo/install/yolo_msgs/lib/python3.8/site-packages:${PYTHONPATH} /home/corelab/.local/bin/cmake --install /home/corelab/ros2_stereo/build/stereo_image_proc
[9.373s] -- Install configuration: ""
[9.373s] -- Up-to-date: /home/corelab/ros2_stereo/install/stereo_image_proc/lib/stereo_image_proc/disparity_node
[9.373s] -- Up-to-date: /home/corelab/ros2_stereo/install/stereo_image_proc/lib/stereo_image_proc/point_cloud_node
[9.373s] -- Up-to-date: /home/corelab/ros2_stereo/install/stereo_image_proc/include
[9.373s] -- Up-to-date: /home/corelab/ros2_stereo/install/stereo_image_proc/include/stereo_image_proc
[9.373s] -- Up-to-date: /home/corelab/ros2_stereo/install/stereo_image_proc/include/stereo_image_proc/stereo_processor.hpp
[9.373s] -- Up-to-date: /home/corelab/ros2_stereo/install/stereo_image_proc/share/stereo_image_proc/environment/library_path.sh
[9.373s] -- Up-to-date: /home/corelab/ros2_stereo/install/stereo_image_proc/share/stereo_image_proc/environment/library_path.dsv
[9.373s] -- Installing: /home/corelab/ros2_stereo/install/stereo_image_proc/lib/libstereo_image_proc.so
[9.379s] -- Set runtime path of "/home/corelab/ros2_stereo/install/stereo_image_proc/lib/libstereo_image_proc.so" to ""
[9.379s] -- Up-to-date: /home/corelab/ros2_stereo/install/stereo_image_proc/share/stereo_image_proc/launch
[9.379s] -- Up-to-date: /home/corelab/ros2_stereo/install/stereo_image_proc/share/stereo_image_proc/launch/stereo_image_proc.launch.py
[9.379s] -- Up-to-date: /home/corelab/ros2_stereo/install/stereo_image_proc/share/ament_index/resource_index/package_run_dependencies/stereo_image_proc
[9.379s] -- Up-to-date: /home/corelab/ros2_stereo/install/stereo_image_proc/share/ament_index/resource_index/parent_prefix_path/stereo_image_proc
[9.379s] -- Up-to-date: /home/corelab/ros2_stereo/install/stereo_image_proc/share/stereo_image_proc/environment/ament_prefix_path.sh
[9.379s] -- Up-to-date: /home/corelab/ros2_stereo/install/stereo_image_proc/share/stereo_image_proc/environment/ament_prefix_path.dsv
[9.379s] -- Up-to-date: /home/corelab/ros2_stereo/install/stereo_image_proc/share/stereo_image_proc/environment/path.sh
[9.379s] -- Up-to-date: /home/corelab/ros2_stereo/install/stereo_image_proc/share/stereo_image_proc/environment/path.dsv
[9.379s] -- Up-to-date: /home/corelab/ros2_stereo/install/stereo_image_proc/share/stereo_image_proc/local_setup.bash
[9.379s] -- Up-to-date: /home/corelab/ros2_stereo/install/stereo_image_proc/share/stereo_image_proc/local_setup.sh
[9.379s] -- Up-to-date: /home/corelab/ros2_stereo/install/stereo_image_proc/share/stereo_image_proc/local_setup.zsh
[9.380s] -- Up-to-date: /home/corelab/ros2_stereo/install/stereo_image_proc/share/stereo_image_proc/local_setup.dsv
[9.380s] -- Installing: /home/corelab/ros2_stereo/install/stereo_image_proc/share/stereo_image_proc/package.dsv
[9.380s] -- Up-to-date: /home/corelab/ros2_stereo/install/stereo_image_proc/share/ament_index/resource_index/packages/stereo_image_proc
[9.380s] -- Up-to-date: /home/corelab/ros2_stereo/install/stereo_image_proc/share/ament_index/resource_index/rclcpp_components/stereo_image_proc
[9.380s] -- Up-to-date: /home/corelab/ros2_stereo/install/stereo_image_proc/share/stereo_image_proc/cmake/ament_cmake_export_dependencies-extras.cmake
[9.380s] -- Up-to-date: /home/corelab/ros2_stereo/install/stereo_image_proc/share/stereo_image_proc/cmake/ament_cmake_export_include_directories-extras.cmake
[9.380s] -- Up-to-date: /home/corelab/ros2_stereo/install/stereo_image_proc/share/stereo_image_proc/cmake/ament_cmake_export_libraries-extras.cmake
[9.380s] -- Up-to-date: /home/corelab/ros2_stereo/install/stereo_image_proc/share/stereo_image_proc/cmake/stereo_image_procConfig.cmake
[9.380s] -- Up-to-date: /home/corelab/ros2_stereo/install/stereo_image_proc/share/stereo_image_proc/cmake/stereo_image_procConfig-version.cmake
[9.380s] -- Up-to-date: /home/corelab/ros2_stereo/install/stereo_image_proc/share/stereo_image_proc/package.xml
[9.383s] Invoked command in '/home/corelab/ros2_stereo/build/stereo_image_proc' returned '0': AMENT_PREFIX_PATH=/home/corelab/ros2_stereo/install/yolo_msgs:/home/corelab/ros2_stereo/install/image_proc:${AMENT_PREFIX_PATH} CMAKE_PREFIX_PATH=/home/corelab/ros2_stereo/install/yolo_msgs:/home/corelab/ros2_stereo/install/image_proc:/opt/ros/foxy LD_LIBRARY_PATH=/home/corelab/ros2_stereo/install/yolo_msgs/lib:/home/corelab/ros2_stereo/install/image_proc/lib:${LD_LIBRARY_PATH} PATH=/home/corelab/ros2_stereo/install/image_proc/bin:${PATH} PYTHONPATH=/home/corelab/ros2_stereo/install/yolo_msgs/lib/python3.8/site-packages:${PYTHONPATH} /home/corelab/.local/bin/cmake --install /home/corelab/ros2_stereo/build/stereo_image_proc
