[0.037s] Invoking command in '/home/corelab/GitHub/CatchingBlimp/Summer2023/ros2_stereo/build/stereo_combined': CMAKE_PREFIX_PATH=${CMAKE_PREFIX_PATH}:/home/corelab/Luke_ML_Blimp/ros2_tracks_ws/install/track_ros2:/opt/ros/foxy /home/corelab/.local/bin/cmake --build /home/corelab/GitHub/CatchingBlimp/Summer2023/ros2_stereo/build/stereo_combined -- -j16 -l16
[0.100s] [ 25%] [32mBuilding CXX object CMakeFiles/stereo_combined_node.dir/src/StereoCombined.cpp.o[0m
[4.655s] [ 50%] [32m[1mLinking CXX executable stereo_combined_node[0m
[5.053s] /usr/bin/ld: warning: libopencv_imgcodecs.so.4.2, needed by /opt/ros/foxy/lib/libcv_bridge.so, may conflict with libopencv_imgcodecs.so.407
[5.053s] /usr/bin/ld: warning: libopencv_imgproc.so.4.2, needed by /opt/ros/foxy/lib/libcv_bridge.so, may conflict with libopencv_imgproc.so.407
[5.053s] /usr/bin/ld: warning: libopencv_core.so.4.2, needed by /opt/ros/foxy/lib/libcv_bridge.so, may conflict with libopencv_core.so.407
[5.064s] [100%] Built target stereo_combined_node
[5.069s] Invoked command in '/home/corelab/GitHub/CatchingBlimp/Summer2023/ros2_stereo/build/stereo_combined' returned '0': CMAKE_PREFIX_PATH=${CMAKE_PREFIX_PATH}:/home/corelab/Luke_ML_Blimp/ros2_tracks_ws/install/track_ros2:/opt/ros/foxy /home/corelab/.local/bin/cmake --build /home/corelab/GitHub/CatchingBlimp/Summer2023/ros2_stereo/build/stereo_combined -- -j16 -l16
[5.115s] Invoking command in '/home/corelab/GitHub/CatchingBlimp/Summer2023/ros2_stereo/build/stereo_combined': CMAKE_PREFIX_PATH=${CMAKE_PREFIX_PATH}:/home/corelab/Luke_ML_Blimp/ros2_tracks_ws/install/track_ros2:/opt/ros/foxy /home/corelab/.local/bin/cmake --install /home/corelab/GitHub/CatchingBlimp/Summer2023/ros2_stereo/build/stereo_combined
[5.139s] -- Install configuration: ""
[5.140s] -- Execute custom install script
[5.140s] -- Up-to-date symlink: /home/corelab/GitHub/CatchingBlimp/Summer2023/ros2_stereo/install/stereo_combined/lib/stereo_combined/stereo_combined_node
[5.140s] -- Up-to-date symlink: /home/corelab/GitHub/CatchingBlimp/Summer2023/ros2_stereo/install/stereo_combined/share/stereo_combined//launch/combined_node.launch.py
[5.140s] -- Up-to-date symlink: /home/corelab/GitHub/CatchingBlimp/Summer2023/ros2_stereo/install/stereo_combined/share/stereo_combined//launch/vision_test.launch.xml
[5.142s] -- Up-to-date symlink: /home/corelab/GitHub/CatchingBlimp/Summer2023/ros2_stereo/install/stereo_combined/share/stereo_combined//calibration/calibration_data_test_flight/calibrationdata.tar.gz
[5.142s] -- Up-to-date symlink: /home/corelab/GitHub/CatchingBlimp/Summer2023/ros2_stereo/install/stereo_combined/share/stereo_combined//calibration/calibration_data_test_flight/calibrationdata/left-0000.png
[5.142s] -- Up-to-date symlink: /home/corelab/GitHub/CatchingBlimp/Summer2023/ros2_stereo/install/stereo_combined/share/stereo_combined//calibration/calibration_data_test_flight/calibrationdata/left-0001.png
[5.142s] -- Up-to-date symlink: /home/corelab/GitHub/CatchingBlimp/Summer2023/ros2_stereo/install/stereo_combined/share/stereo_combined//calibration/calibration_data_test_flight/calibrationdata/left-0002.png
[5.142s] -- Up-to-date symlink: /home/corelab/GitHub/CatchingBlimp/Summer2023/ros2_stereo/install/stereo_combined/share/stereo_combined//calibration/calibration_data_test_flight/calibrationdata/left-0003.png
[5.142s] -- Up-to-date symlink: /home/corelab/GitHub/CatchingBlimp/Summer2023/ros2_stereo/install/stereo_combined/share/stereo_combined//calibration/calibration_data_test_flight/calibrationdata/left-0004.png
[5.142s] -- Up-to-date symlink: /home/corelab/GitHub/CatchingBlimp/Summer2023/ros2_stereo/install/stereo_combined/share/stereo_combined//calibration/calibration_data_test_flight/calibrationdata/left-0005.png
[5.142s] -- Up-to-date symlink: /home/corelab/GitHub/CatchingBlimp/Summer2023/ros2_stereo/install/stereo_combined/share/stereo_combined//calibration/calibration_data_test_flight/calibrationdata/left-0006.png
[5.142s] -- Up-to-date symlink: /home/corelab/GitHub/CatchingBlimp/Summer2023/ros2_stereo/install/stereo_combined/share/stereo_combined//calibration/calibration_data_test_flight/calibrationdata/left-0007.png
[5.142s] -- Up-to-date symlink: /home/corelab/GitHub/CatchingBlimp/Summer2023/ros2_stereo/install/stereo_combined/share/stereo_combined//calibration/calibration_data_test_flight/calibrationdata/left-0008.png
[5.142s] -- Up-to-date symlink: /home/corelab/GitHub/CatchingBlimp/Summer2023/ros2_stereo/install/stereo_combined/share/stereo_combined//calibration/calibration_data_test_flight/calibrationdata/left-0009.png
[5.143s] -- Up-to-date symlink: /home/corelab/GitHub/CatchingBlimp/Summer2023/ros2_stereo/install/stereo_combined/share/stereo_combined//calibration/calibration_data_test_flight/calibrationdata/left-0010.png
[5.143s] -- Up-to-date symlink: /home/corelab/GitHub/CatchingBlimp/Summer2023/ros2_stereo/install/stereo_combined/share/stereo_combined//calibration/calibration_data_test_flight/calibrationdata/left-0011.png
[5.143s] -- Up-to-date symlink: /home/corelab/GitHub/CatchingBlimp/Summer2023/ros2_stereo/install/stereo_combined/share/stereo_combined//calibration/calibration_data_test_flight/calibrationdata/left-0012.png
[5.143s] -- Up-to-date symlink: /home/corelab/GitHub/CatchingBlimp/Summer2023/ros2_stereo/install/stereo_combined/share/stereo_combined//calibration/calibration_data_test_flight/calibrationdata/left-0013.png
[5.143s] -- Up-to-date symlink: /home/corelab/GitHub/CatchingBlimp/Summer2023/ros2_stereo/install/stereo_combined/share/stereo_combined//calibration/calibration_data_test_flight/calibrationdata/left-0014.png
[5.143s] -- Up-to-date symlink: /home/corelab/GitHub/CatchingBlimp/Summer2023/ros2_stereo/install/stereo_combined/share/stereo_combined//calibration/calibration_data_test_flight/calibrationdata/left-0015.png
[5.143s] -- Up-to-date symlink: /home/corelab/GitHub/CatchingBlimp/Summer2023/ros2_stereo/install/stereo_combined/share/stereo_combined//calibration/calibration_data_test_flight/calibrationdata/left-0016.png
[5.143s] -- Up-to-date symlink: /home/corelab/GitHub/CatchingBlimp/Summer2023/ros2_stereo/install/stereo_combined/share/stereo_combined//calibration/calibration_data_test_flight/calibrationdata/left-0017.png
[5.143s] -- Up-to-date symlink: /home/corelab/GitHub/CatchingBlimp/Summer2023/ros2_stereo/install/stereo_combined/share/stereo_combined//calibration/calibration_data_test_flight/calibrationdata/left-0018.png
[5.143s] -- Up-to-date symlink: /home/corelab/GitHub/CatchingBlimp/Summer2023/ros2_stereo/install/stereo_combined/share/stereo_combined//calibration/calibration_data_test_flight/calibrationdata/left-0019.png
[5.143s] -- Up-to-date symlink: /home/corelab/GitHub/CatchingBlimp/Summer2023/ros2_stereo/install/stereo_combined/share/stereo_combined//calibration/calibration_data_test_flight/calibrationdata/left-0020.png
[5.143s] -- Up-to-date symlink: /home/corelab/GitHub/CatchingBlimp/Summer2023/ros2_stereo/install/stereo_combined/share/stereo_combined//calibration/calibration_data_test_flight/calibrationdata/left-0021.png
[5.143s] -- Up-to-date symlink: /home/corelab/GitHub/CatchingBlimp/Summer2023/ros2_stereo/install/stereo_combined/share/stereo_combined//calibration/calibration_data_test_flight/calibrationdata/left-0022.png
[5.143s] -- Up-to-date symlink: /home/corelab/GitHub/CatchingBlimp/Summer2023/ros2_stereo/install/stereo_combined/share/stereo_combined//calibration/calibration_data_test_flight/calibrationdata/left-0023.png
[5.144s] -- Up-to-date symlink: /home/corelab/GitHub/CatchingBlimp/Summer2023/ros2_stereo/install/stereo_combined/share/stereo_combined//calibration/calibration_data_test_flight/calibrationdata/left-0024.png
[5.144s] -- Up-to-date symlink: /home/corelab/GitHub/CatchingBlimp/Summer2023/ros2_stereo/install/stereo_combined/share/stereo_combined//calibration/calibration_data_test_flight/calibrationdata/left-0025.png
[5.144s] -- Up-to-date symlink: /home/corelab/GitHub/CatchingBlimp/Summer2023/ros2_stereo/install/stereo_combined/share/stereo_combined//calibration/calibration_data_test_flight/calibrationdata/left-0026.png
[5.144s] -- Up-to-date symlink: /home/corelab/GitHub/CatchingBlimp/Summer2023/ros2_stereo/install/stereo_combined/share/stereo_combined//calibration/calibration_data_test_flight/calibrationdata/left-0027.png
[5.144s] -- Up-to-date symlink: /home/corelab/GitHub/CatchingBlimp/Summer2023/ros2_stereo/install/stereo_combined/share/stereo_combined//calibration/calibration_data_test_flight/calibrationdata/left-0028.png
[5.144s] -- Up-to-date symlink: /home/corelab/GitHub/CatchingBlimp/Summer2023/ros2_stereo/install/stereo_combined/share/stereo_combined//calibration/calibration_data_test_flight/calibrationdata/left-0029.png
[5.144s] -- Up-to-date symlink: /home/corelab/GitHub/CatchingBlimp/Summer2023/ros2_stereo/install/stereo_combined/share/stereo_combined//calibration/calibration_data_test_flight/calibrationdata/left-0030.png
[5.144s] -- Up-to-date symlink: /home/corelab/GitHub/CatchingBlimp/Summer2023/ros2_stereo/install/stereo_combined/share/stereo_combined//calibration/calibration_data_test_flight/calibrationdata/left-0031.png
[5.144s] -- Up-to-date symlink: /home/corelab/GitHub/CatchingBlimp/Summer2023/ros2_stereo/install/stereo_combined/share/stereo_combined//calibration/calibration_data_test_flight/calibrationdata/left-0032.png
[5.144s] -- Up-to-date symlink: /home/corelab/GitHub/CatchingBlimp/Summer2023/ros2_stereo/install/stereo_combined/share/stereo_combined//calibration/calibration_data_test_flight/calibrationdata/left-0033.png
[5.144s] -- Up-to-date symlink: /home/corelab/GitHub/CatchingBlimp/Summer2023/ros2_stereo/install/stereo_combined/share/stereo_combined//calibration/calibration_data_test_flight/calibrationdata/left-0034.png
[5.144s] -- Up-to-date symlink: /home/corelab/GitHub/CatchingBlimp/Summer2023/ros2_stereo/install/stereo_combined/share/stereo_combined//calibration/calibration_data_test_flight/calibrationdata/left-0035.png
[5.144s] -- Up-to-date symlink: /home/corelab/GitHub/CatchingBlimp/Summer2023/ros2_stereo/install/stereo_combined/share/stereo_combined//calibration/calibration_data_test_flight/calibrationdata/left-0036.png
[5.144s] -- Up-to-date symlink: /home/corelab/GitHub/CatchingBlimp/Summer2023/ros2_stereo/install/stereo_combined/share/stereo_combined//calibration/calibration_data_test_flight/calibrationdata/left-0037.png
[5.144s] -- Up-to-date symlink: /home/corelab/GitHub/CatchingBlimp/Summer2023/ros2_stereo/install/stereo_combined/share/stereo_combined//calibration/calibration_data_test_flight/calibrationdata/left-0038.png
[5.144s] -- Up-to-date symlink: /home/corelab/GitHub/CatchingBlimp/Summer2023/ros2_stereo/install/stereo_combined/share/stereo_combined//calibration/calibration_data_test_flight/calibrationdata/left-0039.png
[5.144s] -- Up-to-date symlink: /home/corelab/GitHub/CatchingBlimp/Summer2023/ros2_stereo/install/stereo_combined/share/stereo_combined//calibration/calibration_data_test_flight/calibrationdata/left-0040.png
[5.144s] -- Up-to-date symlink: /home/corelab/GitHub/CatchingBlimp/Summer2023/ros2_stereo/install/stereo_combined/share/stereo_combined//calibration/calibration_data_test_flight/calibrationdata/left-0041.png
[5.144s] -- Up-to-date symlink: /home/corelab/GitHub/CatchingBlimp/Summer2023/ros2_stereo/install/stereo_combined/share/stereo_combined//calibration/calibration_data_test_flight/calibrationdata/left-0042.png
[5.145s] -- Up-to-date symlink: /home/corelab/GitHub/CatchingBlimp/Summer2023/ros2_stereo/install/stereo_combined/share/stereo_combined//calibration/calibration_data_test_flight/calibrationdata/left-0043.png
[5.145s] -- Up-to-date symlink: /home/corelab/GitHub/CatchingBlimp/Summer2023/ros2_stereo/install/stereo_combined/share/stereo_combined//calibration/calibration_data_test_flight/calibrationdata/left-0044.png
[5.145s] -- Up-to-date symlink: /home/corelab/GitHub/CatchingBlimp/Summer2023/ros2_stereo/install/stereo_combined/share/stereo_combined//calibration/calibration_data_test_flight/calibrationdata/left-0045.png
[5.145s] -- Up-to-date symlink: /home/corelab/GitHub/CatchingBlimp/Summer2023/ros2_stereo/install/stereo_combined/share/stereo_combined//calibration/calibration_data_test_flight/calibrationdata/left-0046.png
[5.145s] -- Up-to-date symlink: /home/corelab/GitHub/CatchingBlimp/Summer2023/ros2_stereo/install/stereo_combined/share/stereo_combined//calibration/calibration_data_test_flight/calibrationdata/left-0047.png
[5.145s] -- Up-to-date symlink: /home/corelab/GitHub/CatchingBlimp/Summer2023/ros2_stereo/install/stereo_combined/share/stereo_combined//calibration/calibration_data_test_flight/calibrationdata/left-0048.png
[5.145s] -- Up-to-date symlink: /home/corelab/GitHub/CatchingBlimp/Summer2023/ros2_stereo/install/stereo_combined/share/stereo_combined//calibration/calibration_data_test_flight/calibrationdata/left-0049.png
[5.145s] -- Up-to-date symlink: /home/corelab/GitHub/CatchingBlimp/Summer2023/ros2_stereo/install/stereo_combined/share/stereo_combined//calibration/calibration_data_test_flight/calibrationdata/left-0050.png
[5.145s] -- Up-to-date symlink: /home/corelab/GitHub/CatchingBlimp/Summer2023/ros2_stereo/install/stereo_combined/share/stereo_combined//calibration/calibration_data_test_flight/calibrationdata/left.yaml
[5.145s] -- Up-to-date symlink: /home/corelab/GitHub/CatchingBlimp/Summer2023/ros2_stereo/install/stereo_combined/share/stereo_combined//calibration/calibration_data_test_flight/calibrationdata/ost.txt
[5.145s] -- Up-to-date symlink: /home/corelab/GitHub/CatchingBlimp/Summer2023/ros2_stereo/install/stereo_combined/share/stereo_combined//calibration/calibration_data_test_flight/calibrationdata/right-0000.png
[5.145s] -- Up-to-date symlink: /home/corelab/GitHub/CatchingBlimp/Summer2023/ros2_stereo/install/stereo_combined/share/stereo_combined//calibration/calibration_data_test_flight/calibrationdata/right-0001.png
[5.145s] -- Up-to-date symlink: /home/corelab/GitHub/CatchingBlimp/Summer2023/ros2_stereo/install/stereo_combined/share/stereo_combined//calibration/calibration_data_test_flight/calibrationdata/right-0002.png
[5.145s] -- Up-to-date symlink: /home/corelab/GitHub/CatchingBlimp/Summer2023/ros2_stereo/install/stereo_combined/share/stereo_combined//calibration/calibration_data_test_flight/calibrationdata/right-0003.png
[5.145s] -- Up-to-date symlink: /home/corelab/GitHub/CatchingBlimp/Summer2023/ros2_stereo/install/stereo_combined/share/stereo_combined//calibration/calibration_data_test_flight/calibrationdata/right-0004.png
[5.145s] -- Up-to-date symlink: /home/corelab/GitHub/CatchingBlimp/Summer2023/ros2_stereo/install/stereo_combined/share/stereo_combined//calibration/calibration_data_test_flight/calibrationdata/right-0005.png
[5.145s] -- Up-to-date symlink: /home/corelab/GitHub/CatchingBlimp/Summer2023/ros2_stereo/install/stereo_combined/share/stereo_combined//calibration/calibration_data_test_flight/calibrationdata/right-0006.png
[5.146s] -- Up-to-date symlink: /home/corelab/GitHub/CatchingBlimp/Summer2023/ros2_stereo/install/stereo_combined/share/stereo_combined//calibration/calibration_data_test_flight/calibrationdata/right-0007.png
[5.146s] -- Up-to-date symlink: /home/corelab/GitHub/CatchingBlimp/Summer2023/ros2_stereo/install/stereo_combined/share/stereo_combined//calibration/calibration_data_test_flight/calibrationdata/right-0008.png
[5.146s] -- Up-to-date symlink: /home/corelab/GitHub/CatchingBlimp/Summer2023/ros2_stereo/install/stereo_combined/share/stereo_combined//calibration/calibration_data_test_flight/calibrationdata/right-0009.png
[5.146s] -- Up-to-date symlink: /home/corelab/GitHub/CatchingBlimp/Summer2023/ros2_stereo/install/stereo_combined/share/stereo_combined//calibration/calibration_data_test_flight/calibrationdata/right-0010.png
[5.146s] -- Up-to-date symlink: /home/corelab/GitHub/CatchingBlimp/Summer2023/ros2_stereo/install/stereo_combined/share/stereo_combined//calibration/calibration_data_test_flight/calibrationdata/right-0011.png
[5.146s] -- Up-to-date symlink: /home/corelab/GitHub/CatchingBlimp/Summer2023/ros2_stereo/install/stereo_combined/share/stereo_combined//calibration/calibration_data_test_flight/calibrationdata/right-0012.png
[5.146s] -- Up-to-date symlink: /home/corelab/GitHub/CatchingBlimp/Summer2023/ros2_stereo/install/stereo_combined/share/stereo_combined//calibration/calibration_data_test_flight/calibrationdata/right-0013.png
[5.146s] -- Up-to-date symlink: /home/corelab/GitHub/CatchingBlimp/Summer2023/ros2_stereo/install/stereo_combined/share/stereo_combined//calibration/calibration_data_test_flight/calibrationdata/right-0014.png
[5.146s] -- Up-to-date symlink: /home/corelab/GitHub/CatchingBlimp/Summer2023/ros2_stereo/install/stereo_combined/share/stereo_combined//calibration/calibration_data_test_flight/calibrationdata/right-0015.png
[5.146s] -- Up-to-date symlink: /home/corelab/GitHub/CatchingBlimp/Summer2023/ros2_stereo/install/stereo_combined/share/stereo_combined//calibration/calibration_data_test_flight/calibrationdata/right-0016.png
[5.146s] -- Up-to-date symlink: /home/corelab/GitHub/CatchingBlimp/Summer2023/ros2_stereo/install/stereo_combined/share/stereo_combined//calibration/calibration_data_test_flight/calibrationdata/right-0017.png
[5.146s] -- Up-to-date symlink: /home/corelab/GitHub/CatchingBlimp/Summer2023/ros2_stereo/install/stereo_combined/share/stereo_combined//calibration/calibration_data_test_flight/calibrationdata/right-0018.png
[5.146s] -- Up-to-date symlink: /home/corelab/GitHub/CatchingBlimp/Summer2023/ros2_stereo/install/stereo_combined/share/stereo_combined//calibration/calibration_data_test_flight/calibrationdata/right-0019.png
[5.146s] -- Up-to-date symlink: /home/corelab/GitHub/CatchingBlimp/Summer2023/ros2_stereo/install/stereo_combined/share/stereo_combined//calibration/calibration_data_test_flight/calibrationdata/right-0020.png
[5.146s] -- Up-to-date symlink: /home/corelab/GitHub/CatchingBlimp/Summer2023/ros2_stereo/install/stereo_combined/share/stereo_combined//calibration/calibration_data_test_flight/calibrationdata/right-0021.png
[5.146s] -- Up-to-date symlink: /home/corelab/GitHub/CatchingBlimp/Summer2023/ros2_stereo/install/stereo_combined/share/stereo_combined//calibration/calibration_data_test_flight/calibrationdata/right-0022.png
[5.146s] -- Up-to-date symlink: /home/corelab/GitHub/CatchingBlimp/Summer2023/ros2_stereo/install/stereo_combined/share/stereo_combined//calibration/calibration_data_test_flight/calibrationdata/right-0023.png
[5.147s] -- Up-to-date symlink: /home/corelab/GitHub/CatchingBlimp/Summer2023/ros2_stereo/install/stereo_combined/share/stereo_combined//calibration/calibration_data_test_flight/calibrationdata/right-0024.png
[5.147s] -- Up-to-date symlink: /home/corelab/GitHub/CatchingBlimp/Summer2023/ros2_stereo/install/stereo_combined/share/stereo_combined//calibration/calibration_data_test_flight/calibrationdata/right-0025.png
[5.147s] -- Up-to-date symlink: /home/corelab/GitHub/CatchingBlimp/Summer2023/ros2_stereo/install/stereo_combined/share/stereo_combined//calibration/calibration_data_test_flight/calibrationdata/right-0026.png
[5.147s] -- Up-to-date symlink: /home/corelab/GitHub/CatchingBlimp/Summer2023/ros2_stereo/install/stereo_combined/share/stereo_combined//calibration/calibration_data_test_flight/calibrationdata/right-0027.png
[5.147s] -- Up-to-date symlink: /home/corelab/GitHub/CatchingBlimp/Summer2023/ros2_stereo/install/stereo_combined/share/stereo_combined//calibration/calibration_data_test_flight/calibrationdata/right-0028.png
[5.147s] -- Up-to-date symlink: /home/corelab/GitHub/CatchingBlimp/Summer2023/ros2_stereo/install/stereo_combined/share/stereo_combined//calibration/calibration_data_test_flight/calibrationdata/right-0029.png
[5.147s] -- Up-to-date symlink: /home/corelab/GitHub/CatchingBlimp/Summer2023/ros2_stereo/install/stereo_combined/share/stereo_combined//calibration/calibration_data_test_flight/calibrationdata/right-0030.png
[5.147s] -- Up-to-date symlink: /home/corelab/GitHub/CatchingBlimp/Summer2023/ros2_stereo/install/stereo_combined/share/stereo_combined//calibration/calibration_data_test_flight/calibrationdata/right-0031.png
[5.147s] -- Up-to-date symlink: /home/corelab/GitHub/CatchingBlimp/Summer2023/ros2_stereo/install/stereo_combined/share/stereo_combined//calibration/calibration_data_test_flight/calibrationdata/right-0032.png
[5.147s] -- Up-to-date symlink: /home/corelab/GitHub/CatchingBlimp/Summer2023/ros2_stereo/install/stereo_combined/share/stereo_combined//calibration/calibration_data_test_flight/calibrationdata/right-0033.png
[5.147s] -- Up-to-date symlink: /home/corelab/GitHub/CatchingBlimp/Summer2023/ros2_stereo/install/stereo_combined/share/stereo_combined//calibration/calibration_data_test_flight/calibrationdata/right-0034.png
[5.147s] -- Up-to-date symlink: /home/corelab/GitHub/CatchingBlimp/Summer2023/ros2_stereo/install/stereo_combined/share/stereo_combined//calibration/calibration_data_test_flight/calibrationdata/right-0035.png
[5.147s] -- Up-to-date symlink: /home/corelab/GitHub/CatchingBlimp/Summer2023/ros2_stereo/install/stereo_combined/share/stereo_combined//calibration/calibration_data_test_flight/calibrationdata/right-0036.png
[5.147s] -- Up-to-date symlink: /home/corelab/GitHub/CatchingBlimp/Summer2023/ros2_stereo/install/stereo_combined/share/stereo_combined//calibration/calibration_data_test_flight/calibrationdata/right-0037.png
[5.147s] -- Up-to-date symlink: /home/corelab/GitHub/CatchingBlimp/Summer2023/ros2_stereo/install/stereo_combined/share/stereo_combined//calibration/calibration_data_test_flight/calibrationdata/right-0038.png
[5.147s] -- Up-to-date symlink: /home/corelab/GitHub/CatchingBlimp/Summer2023/ros2_stereo/install/stereo_combined/share/stereo_combined//calibration/calibration_data_test_flight/calibrationdata/right-0039.png
[5.148s] -- Up-to-date symlink: /home/corelab/GitHub/CatchingBlimp/Summer2023/ros2_stereo/install/stereo_combined/share/stereo_combined//calibration/calibration_data_test_flight/calibrationdata/right-0040.png
[5.148s] -- Up-to-date symlink: /home/corelab/GitHub/CatchingBlimp/Summer2023/ros2_stereo/install/stereo_combined/share/stereo_combined//calibration/calibration_data_test_flight/calibrationdata/right-0041.png
[5.148s] -- Up-to-date symlink: /home/corelab/GitHub/CatchingBlimp/Summer2023/ros2_stereo/install/stereo_combined/share/stereo_combined//calibration/calibration_data_test_flight/calibrationdata/right-0042.png
[5.148s] -- Up-to-date symlink: /home/corelab/GitHub/CatchingBlimp/Summer2023/ros2_stereo/install/stereo_combined/share/stereo_combined//calibration/calibration_data_test_flight/calibrationdata/right-0043.png
[5.148s] -- Up-to-date symlink: /home/corelab/GitHub/CatchingBlimp/Summer2023/ros2_stereo/install/stereo_combined/share/stereo_combined//calibration/calibration_data_test_flight/calibrationdata/right-0044.png
[5.148s] -- Up-to-date symlink: /home/corelab/GitHub/CatchingBlimp/Summer2023/ros2_stereo/install/stereo_combined/share/stereo_combined//calibration/calibration_data_test_flight/calibrationdata/right-0045.png
[5.148s] -- Up-to-date symlink: /home/corelab/GitHub/CatchingBlimp/Summer2023/ros2_stereo/install/stereo_combined/share/stereo_combined//calibration/calibration_data_test_flight/calibrationdata/right-0046.png
[5.148s] -- Up-to-date symlink: /home/corelab/GitHub/CatchingBlimp/Summer2023/ros2_stereo/install/stereo_combined/share/stereo_combined//calibration/calibration_data_test_flight/calibrationdata/right-0047.png
[5.148s] -- Up-to-date symlink: /home/corelab/GitHub/CatchingBlimp/Summer2023/ros2_stereo/install/stereo_combined/share/stereo_combined//calibration/calibration_data_test_flight/calibrationdata/right-0048.png
[5.148s] -- Up-to-date symlink: /home/corelab/GitHub/CatchingBlimp/Summer2023/ros2_stereo/install/stereo_combined/share/stereo_combined//calibration/calibration_data_test_flight/calibrationdata/right-0049.png
[5.148s] -- Up-to-date symlink: /home/corelab/GitHub/CatchingBlimp/Summer2023/ros2_stereo/install/stereo_combined/share/stereo_combined//calibration/calibration_data_test_flight/calibrationdata/right-0050.png
[5.149s] -- Up-to-date symlink: /home/corelab/GitHub/CatchingBlimp/Summer2023/ros2_stereo/install/stereo_combined/share/stereo_combined//calibration/calibration_data_test_flight/calibrationdata/right.yaml
[5.149s] -- Up-to-date symlink: /home/corelab/GitHub/CatchingBlimp/Summer2023/ros2_stereo/install/stereo_combined/share/stereo_combined//calibration/calibrationdata.tar.gz
[5.149s] -- Up-to-date symlink: /home/corelab/GitHub/CatchingBlimp/Summer2023/ros2_stereo/install/stereo_combined/share/stereo_combined//calibration/calibrationdata_test1/left-0000.png
[5.149s] -- Up-to-date symlink: /home/corelab/GitHub/CatchingBlimp/Summer2023/ros2_stereo/install/stereo_combined/share/stereo_combined//calibration/calibrationdata_test1/left-0001.png
[5.149s] -- Up-to-date symlink: /home/corelab/GitHub/CatchingBlimp/Summer2023/ros2_stereo/install/stereo_combined/share/stereo_combined//calibration/calibrationdata_test1/left-0002.png
[5.149s] -- Up-to-date symlink: /home/corelab/GitHub/CatchingBlimp/Summer2023/ros2_stereo/install/stereo_combined/share/stereo_combined//calibration/calibrationdata_test1/left-0003.png
[5.149s] -- Up-to-date symlink: /home/corelab/GitHub/CatchingBlimp/Summer2023/ros2_stereo/install/stereo_combined/share/stereo_combined//calibration/calibrationdata_test1/left-0004.png
[5.149s] -- Up-to-date symlink: /home/corelab/GitHub/CatchingBlimp/Summer2023/ros2_stereo/install/stereo_combined/share/stereo_combined//calibration/calibrationdata_test1/left-0005.png
[5.149s] -- Up-to-date symlink: /home/corelab/GitHub/CatchingBlimp/Summer2023/ros2_stereo/install/stereo_combined/share/stereo_combined//calibration/calibrationdata_test1/left-0006.png
[5.149s] -- Up-to-date symlink: /home/corelab/GitHub/CatchingBlimp/Summer2023/ros2_stereo/install/stereo_combined/share/stereo_combined//calibration/calibrationdata_test1/left-0007.png
[5.149s] -- Up-to-date symlink: /home/corelab/GitHub/CatchingBlimp/Summer2023/ros2_stereo/install/stereo_combined/share/stereo_combined//calibration/calibrationdata_test1/left-0008.png
[5.149s] -- Up-to-date symlink: /home/corelab/GitHub/CatchingBlimp/Summer2023/ros2_stereo/install/stereo_combined/share/stereo_combined//calibration/calibrationdata_test1/left-0009.png
[5.149s] -- Up-to-date symlink: /home/corelab/GitHub/CatchingBlimp/Summer2023/ros2_stereo/install/stereo_combined/share/stereo_combined//calibration/calibrationdata_test1/left-0010.png
[5.149s] -- Up-to-date symlink: /home/corelab/GitHub/CatchingBlimp/Summer2023/ros2_stereo/install/stereo_combined/share/stereo_combined//calibration/calibrationdata_test1/left-0011.png
[5.149s] -- Up-to-date symlink: /home/corelab/GitHub/CatchingBlimp/Summer2023/ros2_stereo/install/stereo_combined/share/stereo_combined//calibration/calibrationdata_test1/left-0012.png
[5.149s] -- Up-to-date symlink: /home/corelab/GitHub/CatchingBlimp/Summer2023/ros2_stereo/install/stereo_combined/share/stereo_combined//calibration/calibrationdata_test1/left-0013.png
[5.150s] -- Up-to-date symlink: /home/corelab/GitHub/CatchingBlimp/Summer2023/ros2_stereo/install/stereo_combined/share/stereo_combined//calibration/calibrationdata_test1/left-0014.png
[5.150s] -- Up-to-date symlink: /home/corelab/GitHub/CatchingBlimp/Summer2023/ros2_stereo/install/stereo_combined/share/stereo_combined//calibration/calibrationdata_test1/left-0015.png
[5.150s] -- Up-to-date symlink: /home/corelab/GitHub/CatchingBlimp/Summer2023/ros2_stereo/install/stereo_combined/share/stereo_combined//calibration/calibrationdata_test1/left-0016.png
[5.150s] -- Up-to-date symlink: /home/corelab/GitHub/CatchingBlimp/Summer2023/ros2_stereo/install/stereo_combined/share/stereo_combined//calibration/calibrationdata_test1/left-0017.png
[5.150s] -- Up-to-date symlink: /home/corelab/GitHub/CatchingBlimp/Summer2023/ros2_stereo/install/stereo_combined/share/stereo_combined//calibration/calibrationdata_test1/left-0018.png
[5.150s] -- Up-to-date symlink: /home/corelab/GitHub/CatchingBlimp/Summer2023/ros2_stereo/install/stereo_combined/share/stereo_combined//calibration/calibrationdata_test1/left-0019.png
[5.150s] -- Up-to-date symlink: /home/corelab/GitHub/CatchingBlimp/Summer2023/ros2_stereo/install/stereo_combined/share/stereo_combined//calibration/calibrationdata_test1/left-0020.png
[5.150s] -- Up-to-date symlink: /home/corelab/GitHub/CatchingBlimp/Summer2023/ros2_stereo/install/stereo_combined/share/stereo_combined//calibration/calibrationdata_test1/left-0021.png
[5.150s] -- Up-to-date symlink: /home/corelab/GitHub/CatchingBlimp/Summer2023/ros2_stereo/install/stereo_combined/share/stereo_combined//calibration/calibrationdata_test1/left-0022.png
[5.150s] -- Up-to-date symlink: /home/corelab/GitHub/CatchingBlimp/Summer2023/ros2_stereo/install/stereo_combined/share/stereo_combined//calibration/calibrationdata_test1/left-0023.png
[5.150s] -- Up-to-date symlink: /home/corelab/GitHub/CatchingBlimp/Summer2023/ros2_stereo/install/stereo_combined/share/stereo_combined//calibration/calibrationdata_test1/left-0024.png
[5.150s] -- Up-to-date symlink: /home/corelab/GitHub/CatchingBlimp/Summer2023/ros2_stereo/install/stereo_combined/share/stereo_combined//calibration/calibrationdata_test1/left-0025.png
[5.151s] -- Up-to-date symlink: /home/corelab/GitHub/CatchingBlimp/Summer2023/ros2_stereo/install/stereo_combined/share/stereo_combined//calibration/calibrationdata_test1/left-0026.png
[5.151s] -- Up-to-date symlink: /home/corelab/GitHub/CatchingBlimp/Summer2023/ros2_stereo/install/stereo_combined/share/stereo_combined//calibration/calibrationdata_test1/left-0027.png
[5.151s] -- Up-to-date symlink: /home/corelab/GitHub/CatchingBlimp/Summer2023/ros2_stereo/install/stereo_combined/share/stereo_combined//calibration/calibrationdata_test1/left-0028.png
[5.151s] -- Up-to-date symlink: /home/corelab/GitHub/CatchingBlimp/Summer2023/ros2_stereo/install/stereo_combined/share/stereo_combined//calibration/calibrationdata_test1/left-0029.png
[5.151s] -- Up-to-date symlink: /home/corelab/GitHub/CatchingBlimp/Summer2023/ros2_stereo/install/stereo_combined/share/stereo_combined//calibration/calibrationdata_test1/left-0030.png
[5.151s] -- Up-to-date symlink: /home/corelab/GitHub/CatchingBlimp/Summer2023/ros2_stereo/install/stereo_combined/share/stereo_combined//calibration/calibrationdata_test1/left-0031.png
[5.151s] -- Up-to-date symlink: /home/corelab/GitHub/CatchingBlimp/Summer2023/ros2_stereo/install/stereo_combined/share/stereo_combined//calibration/calibrationdata_test1/left-0032.png
[5.151s] -- Up-to-date symlink: /home/corelab/GitHub/CatchingBlimp/Summer2023/ros2_stereo/install/stereo_combined/share/stereo_combined//calibration/calibrationdata_test1/left-0033.png
[5.151s] -- Up-to-date symlink: /home/corelab/GitHub/CatchingBlimp/Summer2023/ros2_stereo/install/stereo_combined/share/stereo_combined//calibration/calibrationdata_test1/left-0034.png
[5.151s] -- Up-to-date symlink: /home/corelab/GitHub/CatchingBlimp/Summer2023/ros2_stereo/install/stereo_combined/share/stereo_combined//calibration/calibrationdata_test1/left-0035.png
[5.151s] -- Up-to-date symlink: /home/corelab/GitHub/CatchingBlimp/Summer2023/ros2_stereo/install/stereo_combined/share/stereo_combined//calibration/calibrationdata_test1/left-0036.png
[5.152s] -- Up-to-date symlink: /home/corelab/GitHub/CatchingBlimp/Summer2023/ros2_stereo/install/stereo_combined/share/stereo_combined//calibration/calibrationdata_test1/left-0037.png
[5.152s] -- Up-to-date symlink: /home/corelab/GitHub/CatchingBlimp/Summer2023/ros2_stereo/install/stereo_combined/share/stereo_combined//calibration/calibrationdata_test1/left-0038.png
[5.152s] -- Up-to-date symlink: /home/corelab/GitHub/CatchingBlimp/Summer2023/ros2_stereo/install/stereo_combined/share/stereo_combined//calibration/calibrationdata_test1/left-0039.png
[5.152s] -- Up-to-date symlink: /home/corelab/GitHub/CatchingBlimp/Summer2023/ros2_stereo/install/stereo_combined/share/stereo_combined//calibration/calibrationdata_test1/left-0040.png
[5.152s] -- Up-to-date symlink: /home/corelab/GitHub/CatchingBlimp/Summer2023/ros2_stereo/install/stereo_combined/share/stereo_combined//calibration/calibrationdata_test1/left-0041.png
[5.152s] -- Up-to-date symlink: /home/corelab/GitHub/CatchingBlimp/Summer2023/ros2_stereo/install/stereo_combined/share/stereo_combined//calibration/calibrationdata_test1/left-0042.png
[5.152s] -- Up-to-date symlink: /home/corelab/GitHub/CatchingBlimp/Summer2023/ros2_stereo/install/stereo_combined/share/stereo_combined//calibration/calibrationdata_test1/left-0043.png
[5.152s] -- Up-to-date symlink: /home/corelab/GitHub/CatchingBlimp/Summer2023/ros2_stereo/install/stereo_combined/share/stereo_combined//calibration/calibrationdata_test1/left-0044.png
[5.152s] -- Up-to-date symlink: /home/corelab/GitHub/CatchingBlimp/Summer2023/ros2_stereo/install/stereo_combined/share/stereo_combined//calibration/calibrationdata_test1/left-0045.png
[5.152s] -- Up-to-date symlink: /home/corelab/GitHub/CatchingBlimp/Summer2023/ros2_stereo/install/stereo_combined/share/stereo_combined//calibration/calibrationdata_test1/left-0046.png
[5.152s] -- Up-to-date symlink: /home/corelab/GitHub/CatchingBlimp/Summer2023/ros2_stereo/install/stereo_combined/share/stereo_combined//calibration/calibrationdata_test1/left-0047.png
[5.152s] -- Up-to-date symlink: /home/corelab/GitHub/CatchingBlimp/Summer2023/ros2_stereo/install/stereo_combined/share/stereo_combined//calibration/calibrationdata_test1/left-0048.png
[5.152s] -- Up-to-date symlink: /home/corelab/GitHub/CatchingBlimp/Summer2023/ros2_stereo/install/stereo_combined/share/stereo_combined//calibration/calibrationdata_test1/left-0049.png
[5.153s] -- Up-to-date symlink: /home/corelab/GitHub/CatchingBlimp/Summer2023/ros2_stereo/install/stereo_combined/share/stereo_combined//calibration/calibrationdata_test1/left-0050.png
[5.153s] -- Up-to-date symlink: /home/corelab/GitHub/CatchingBlimp/Summer2023/ros2_stereo/install/stereo_combined/share/stereo_combined//calibration/calibrationdata_test1/left-0051.png
[5.153s] -- Up-to-date symlink: /home/corelab/GitHub/CatchingBlimp/Summer2023/ros2_stereo/install/stereo_combined/share/stereo_combined//calibration/calibrationdata_test1/left-0052.png
[5.153s] -- Up-to-date symlink: /home/corelab/GitHub/CatchingBlimp/Summer2023/ros2_stereo/install/stereo_combined/share/stereo_combined//calibration/calibrationdata_test1/left-0053.png
[5.153s] -- Up-to-date symlink: /home/corelab/GitHub/CatchingBlimp/Summer2023/ros2_stereo/install/stereo_combined/share/stereo_combined//calibration/calibrationdata_test1/left-0054.png
[5.153s] -- Up-to-date symlink: /home/corelab/GitHub/CatchingBlimp/Summer2023/ros2_stereo/install/stereo_combined/share/stereo_combined//calibration/calibrationdata_test1/left.yaml
[5.153s] -- Up-to-date symlink: /home/corelab/GitHub/CatchingBlimp/Summer2023/ros2_stereo/install/stereo_combined/share/stereo_combined//calibration/calibrationdata_test1/ost.txt
[5.153s] -- Up-to-date symlink: /home/corelab/GitHub/CatchingBlimp/Summer2023/ros2_stereo/install/stereo_combined/share/stereo_combined//calibration/calibrationdata_test1/right-0000.png
[5.153s] -- Up-to-date symlink: /home/corelab/GitHub/CatchingBlimp/Summer2023/ros2_stereo/install/stereo_combined/share/stereo_combined//calibration/calibrationdata_test1/right-0001.png
[5.153s] -- Up-to-date symlink: /home/corelab/GitHub/CatchingBlimp/Summer2023/ros2_stereo/install/stereo_combined/share/stereo_combined//calibration/calibrationdata_test1/right-0002.png
[5.153s] -- Up-to-date symlink: /home/corelab/GitHub/CatchingBlimp/Summer2023/ros2_stereo/install/stereo_combined/share/stereo_combined//calibration/calibrationdata_test1/right-0003.png
[5.153s] -- Up-to-date symlink: /home/corelab/GitHub/CatchingBlimp/Summer2023/ros2_stereo/install/stereo_combined/share/stereo_combined//calibration/calibrationdata_test1/right-0004.png
[5.153s] -- Up-to-date symlink: /home/corelab/GitHub/CatchingBlimp/Summer2023/ros2_stereo/install/stereo_combined/share/stereo_combined//calibration/calibrationdata_test1/right-0005.png
[5.154s] -- Up-to-date symlink: /home/corelab/GitHub/CatchingBlimp/Summer2023/ros2_stereo/install/stereo_combined/share/stereo_combined//calibration/calibrationdata_test1/right-0006.png
[5.154s] -- Up-to-date symlink: /home/corelab/GitHub/CatchingBlimp/Summer2023/ros2_stereo/install/stereo_combined/share/stereo_combined//calibration/calibrationdata_test1/right-0007.png
[5.154s] -- Up-to-date symlink: /home/corelab/GitHub/CatchingBlimp/Summer2023/ros2_stereo/install/stereo_combined/share/stereo_combined//calibration/calibrationdata_test1/right-0008.png
[5.154s] -- Up-to-date symlink: /home/corelab/GitHub/CatchingBlimp/Summer2023/ros2_stereo/install/stereo_combined/share/stereo_combined//calibration/calibrationdata_test1/right-0009.png
[5.154s] -- Up-to-date symlink: /home/corelab/GitHub/CatchingBlimp/Summer2023/ros2_stereo/install/stereo_combined/share/stereo_combined//calibration/calibrationdata_test1/right-0010.png
[5.154s] -- Up-to-date symlink: /home/corelab/GitHub/CatchingBlimp/Summer2023/ros2_stereo/install/stereo_combined/share/stereo_combined//calibration/calibrationdata_test1/right-0011.png
[5.154s] -- Up-to-date symlink: /home/corelab/GitHub/CatchingBlimp/Summer2023/ros2_stereo/install/stereo_combined/share/stereo_combined//calibration/calibrationdata_test1/right-0012.png
[5.154s] -- Up-to-date symlink: /home/corelab/GitHub/CatchingBlimp/Summer2023/ros2_stereo/install/stereo_combined/share/stereo_combined//calibration/calibrationdata_test1/right-0013.png
[5.154s] -- Up-to-date symlink: /home/corelab/GitHub/CatchingBlimp/Summer2023/ros2_stereo/install/stereo_combined/share/stereo_combined//calibration/calibrationdata_test1/right-0014.png
[5.154s] -- Up-to-date symlink: /home/corelab/GitHub/CatchingBlimp/Summer2023/ros2_stereo/install/stereo_combined/share/stereo_combined//calibration/calibrationdata_test1/right-0015.png
[5.154s] -- Up-to-date symlink: /home/corelab/GitHub/CatchingBlimp/Summer2023/ros2_stereo/install/stereo_combined/share/stereo_combined//calibration/calibrationdata_test1/right-0016.png
[5.154s] -- Up-to-date symlink: /home/corelab/GitHub/CatchingBlimp/Summer2023/ros2_stereo/install/stereo_combined/share/stereo_combined//calibration/calibrationdata_test1/right-0017.png
[5.154s] -- Up-to-date symlink: /home/corelab/GitHub/CatchingBlimp/Summer2023/ros2_stereo/install/stereo_combined/share/stereo_combined//calibration/calibrationdata_test1/right-0018.png
[5.154s] -- Up-to-date symlink: /home/corelab/GitHub/CatchingBlimp/Summer2023/ros2_stereo/install/stereo_combined/share/stereo_combined//calibration/calibrationdata_test1/right-0019.png
[5.155s] -- Up-to-date symlink: /home/corelab/GitHub/CatchingBlimp/Summer2023/ros2_stereo/install/stereo_combined/share/stereo_combined//calibration/calibrationdata_test1/right-0020.png
[5.155s] -- Up-to-date symlink: /home/corelab/GitHub/CatchingBlimp/Summer2023/ros2_stereo/install/stereo_combined/share/stereo_combined//calibration/calibrationdata_test1/right-0021.png
[5.155s] -- Up-to-date symlink: /home/corelab/GitHub/CatchingBlimp/Summer2023/ros2_stereo/install/stereo_combined/share/stereo_combined//calibration/calibrationdata_test1/right-0022.png
[5.155s] -- Up-to-date symlink: /home/corelab/GitHub/CatchingBlimp/Summer2023/ros2_stereo/install/stereo_combined/share/stereo_combined//calibration/calibrationdata_test1/right-0023.png
[5.155s] -- Up-to-date symlink: /home/corelab/GitHub/CatchingBlimp/Summer2023/ros2_stereo/install/stereo_combined/share/stereo_combined//calibration/calibrationdata_test1/right-0024.png
[5.155s] -- Up-to-date symlink: /home/corelab/GitHub/CatchingBlimp/Summer2023/ros2_stereo/install/stereo_combined/share/stereo_combined//calibration/calibrationdata_test1/right-0025.png
[5.155s] -- Up-to-date symlink: /home/corelab/GitHub/CatchingBlimp/Summer2023/ros2_stereo/install/stereo_combined/share/stereo_combined//calibration/calibrationdata_test1/right-0026.png
[5.155s] -- Up-to-date symlink: /home/corelab/GitHub/CatchingBlimp/Summer2023/ros2_stereo/install/stereo_combined/share/stereo_combined//calibration/calibrationdata_test1/right-0027.png
[5.155s] -- Up-to-date symlink: /home/corelab/GitHub/CatchingBlimp/Summer2023/ros2_stereo/install/stereo_combined/share/stereo_combined//calibration/calibrationdata_test1/right-0028.png
[5.155s] -- Up-to-date symlink: /home/corelab/GitHub/CatchingBlimp/Summer2023/ros2_stereo/install/stereo_combined/share/stereo_combined//calibration/calibrationdata_test1/right-0029.png
[5.155s] -- Up-to-date symlink: /home/corelab/GitHub/CatchingBlimp/Summer2023/ros2_stereo/install/stereo_combined/share/stereo_combined//calibration/calibrationdata_test1/right-0030.png
[5.155s] -- Up-to-date symlink: /home/corelab/GitHub/CatchingBlimp/Summer2023/ros2_stereo/install/stereo_combined/share/stereo_combined//calibration/calibrationdata_test1/right-0031.png
[5.155s] -- Up-to-date symlink: /home/corelab/GitHub/CatchingBlimp/Summer2023/ros2_stereo/install/stereo_combined/share/stereo_combined//calibration/calibrationdata_test1/right-0032.png
[5.155s] -- Up-to-date symlink: /home/corelab/GitHub/CatchingBlimp/Summer2023/ros2_stereo/install/stereo_combined/share/stereo_combined//calibration/calibrationdata_test1/right-0033.png
[5.156s] -- Up-to-date symlink: /home/corelab/GitHub/CatchingBlimp/Summer2023/ros2_stereo/install/stereo_combined/share/stereo_combined//calibration/calibrationdata_test1/right-0034.png
[5.156s] -- Up-to-date symlink: /home/corelab/GitHub/CatchingBlimp/Summer2023/ros2_stereo/install/stereo_combined/share/stereo_combined//calibration/calibrationdata_test1/right-0035.png
[5.156s] -- Up-to-date symlink: /home/corelab/GitHub/CatchingBlimp/Summer2023/ros2_stereo/install/stereo_combined/share/stereo_combined//calibration/calibrationdata_test1/right-0036.png
[5.156s] -- Up-to-date symlink: /home/corelab/GitHub/CatchingBlimp/Summer2023/ros2_stereo/install/stereo_combined/share/stereo_combined//calibration/calibrationdata_test1/right-0037.png
[5.156s] -- Up-to-date symlink: /home/corelab/GitHub/CatchingBlimp/Summer2023/ros2_stereo/install/stereo_combined/share/stereo_combined//calibration/calibrationdata_test1/right-0038.png
[5.156s] -- Up-to-date symlink: /home/corelab/GitHub/CatchingBlimp/Summer2023/ros2_stereo/install/stereo_combined/share/stereo_combined//calibration/calibrationdata_test1/right-0039.png
[5.156s] -- Up-to-date symlink: /home/corelab/GitHub/CatchingBlimp/Summer2023/ros2_stereo/install/stereo_combined/share/stereo_combined//calibration/calibrationdata_test1/right-0040.png
[5.156s] -- Up-to-date symlink: /home/corelab/GitHub/CatchingBlimp/Summer2023/ros2_stereo/install/stereo_combined/share/stereo_combined//calibration/calibrationdata_test1/right-0041.png
[5.156s] -- Up-to-date symlink: /home/corelab/GitHub/CatchingBlimp/Summer2023/ros2_stereo/install/stereo_combined/share/stereo_combined//calibration/calibrationdata_test1/right-0042.png
[5.156s] -- Up-to-date symlink: /home/corelab/GitHub/CatchingBlimp/Summer2023/ros2_stereo/install/stereo_combined/share/stereo_combined//calibration/calibrationdata_test1/right-0043.png
[5.156s] -- Up-to-date symlink: /home/corelab/GitHub/CatchingBlimp/Summer2023/ros2_stereo/install/stereo_combined/share/stereo_combined//calibration/calibrationdata_test1/right-0044.png
[5.156s] -- Up-to-date symlink: /home/corelab/GitHub/CatchingBlimp/Summer2023/ros2_stereo/install/stereo_combined/share/stereo_combined//calibration/calibrationdata_test1/right-0045.png
[5.157s] -- Up-to-date symlink: /home/corelab/GitHub/CatchingBlimp/Summer2023/ros2_stereo/install/stereo_combined/share/stereo_combined//calibration/calibrationdata_test1/right-0046.png
[5.157s] -- Up-to-date symlink: /home/corelab/GitHub/CatchingBlimp/Summer2023/ros2_stereo/install/stereo_combined/share/stereo_combined//calibration/calibrationdata_test1/right-0047.png
[5.157s] -- Up-to-date symlink: /home/corelab/GitHub/CatchingBlimp/Summer2023/ros2_stereo/install/stereo_combined/share/stereo_combined//calibration/calibrationdata_test1/right-0048.png
[5.157s] -- Up-to-date symlink: /home/corelab/GitHub/CatchingBlimp/Summer2023/ros2_stereo/install/stereo_combined/share/stereo_combined//calibration/calibrationdata_test1/right-0049.png
[5.157s] -- Up-to-date symlink: /home/corelab/GitHub/CatchingBlimp/Summer2023/ros2_stereo/install/stereo_combined/share/stereo_combined//calibration/calibrationdata_test1/right-0050.png
[5.157s] -- Up-to-date symlink: /home/corelab/GitHub/CatchingBlimp/Summer2023/ros2_stereo/install/stereo_combined/share/stereo_combined//calibration/calibrationdata_test1/right-0051.png
[5.157s] -- Up-to-date symlink: /home/corelab/GitHub/CatchingBlimp/Summer2023/ros2_stereo/install/stereo_combined/share/stereo_combined//calibration/calibrationdata_test1/right-0052.png
[5.157s] -- Up-to-date symlink: /home/corelab/GitHub/CatchingBlimp/Summer2023/ros2_stereo/install/stereo_combined/share/stereo_combined//calibration/calibrationdata_test1/right-0053.png
[5.157s] -- Up-to-date symlink: /home/corelab/GitHub/CatchingBlimp/Summer2023/ros2_stereo/install/stereo_combined/share/stereo_combined//calibration/calibrationdata_test1/right-0054.png
[5.157s] -- Up-to-date symlink: /home/corelab/GitHub/CatchingBlimp/Summer2023/ros2_stereo/install/stereo_combined/share/stereo_combined//calibration/calibrationdata_test1/right.yaml
[5.157s] -- Up-to-date symlink: /home/corelab/GitHub/CatchingBlimp/Summer2023/ros2_stereo/install/stereo_combined/share/stereo_combined//calibration/calibrationdata_test2/left-0000.png
[5.157s] -- Up-to-date symlink: /home/corelab/GitHub/CatchingBlimp/Summer2023/ros2_stereo/install/stereo_combined/share/stereo_combined//calibration/calibrationdata_test2/left-0001.png
[5.157s] -- Up-to-date symlink: /home/corelab/GitHub/CatchingBlimp/Summer2023/ros2_stereo/install/stereo_combined/share/stereo_combined//calibration/calibrationdata_test2/left-0002.png
[5.160s] -- Up-to-date symlink: /home/corelab/GitHub/CatchingBlimp/Summer2023/ros2_stereo/install/stereo_combined/share/stereo_combined//calibration/calibrationdata_test2/left-0003.png
[5.160s] -- Up-to-date symlink: /home/corelab/GitHub/CatchingBlimp/Summer2023/ros2_stereo/install/stereo_combined/share/stereo_combined//calibration/calibrationdata_test2/left-0004.png
[5.160s] -- Up-to-date symlink: /home/corelab/GitHub/CatchingBlimp/Summer2023/ros2_stereo/install/stereo_combined/share/stereo_combined//calibration/calibrationdata_test2/left-0005.png
[5.160s] -- Up-to-date symlink: /home/corelab/GitHub/CatchingBlimp/Summer2023/ros2_stereo/install/stereo_combined/share/stereo_combined//calibration/calibrationdata_test2/left-0006.png
[5.160s] -- Up-to-date symlink: /home/corelab/GitHub/CatchingBlimp/Summer2023/ros2_stereo/install/stereo_combined/share/stereo_combined//calibration/calibrationdata_test2/left-0007.png
[5.160s] -- Up-to-date symlink: /home/corelab/GitHub/CatchingBlimp/Summer2023/ros2_stereo/install/stereo_combined/share/stereo_combined//calibration/calibrationdata_test2/left-0008.png
[5.160s] -- Up-to-date symlink: /home/corelab/GitHub/CatchingBlimp/Summer2023/ros2_stereo/install/stereo_combined/share/stereo_combined//calibration/calibrationdata_test2/left-0009.png
[5.160s] -- Up-to-date symlink: /home/corelab/GitHub/CatchingBlimp/Summer2023/ros2_stereo/install/stereo_combined/share/stereo_combined//calibration/calibrationdata_test2/left-0010.png
[5.160s] -- Up-to-date symlink: /home/corelab/GitHub/CatchingBlimp/Summer2023/ros2_stereo/install/stereo_combined/share/stereo_combined//calibration/calibrationdata_test2/left-0011.png
[5.160s] -- Up-to-date symlink: /home/corelab/GitHub/CatchingBlimp/Summer2023/ros2_stereo/install/stereo_combined/share/stereo_combined//calibration/calibrationdata_test2/left-0012.png
[5.160s] -- Up-to-date symlink: /home/corelab/GitHub/CatchingBlimp/Summer2023/ros2_stereo/install/stereo_combined/share/stereo_combined//calibration/calibrationdata_test2/left-0013.png
[5.160s] -- Up-to-date symlink: /home/corelab/GitHub/CatchingBlimp/Summer2023/ros2_stereo/install/stereo_combined/share/stereo_combined//calibration/calibrationdata_test2/left-0014.png
[5.160s] -- Up-to-date symlink: /home/corelab/GitHub/CatchingBlimp/Summer2023/ros2_stereo/install/stereo_combined/share/stereo_combined//calibration/calibrationdata_test2/left-0015.png
[5.160s] -- Up-to-date symlink: /home/corelab/GitHub/CatchingBlimp/Summer2023/ros2_stereo/install/stereo_combined/share/stereo_combined//calibration/calibrationdata_test2/left-0016.png
[5.161s] -- Up-to-date symlink: /home/corelab/GitHub/CatchingBlimp/Summer2023/ros2_stereo/install/stereo_combined/share/stereo_combined//calibration/calibrationdata_test2/left-0017.png
[5.161s] -- Up-to-date symlink: /home/corelab/GitHub/CatchingBlimp/Summer2023/ros2_stereo/install/stereo_combined/share/stereo_combined//calibration/calibrationdata_test2/left-0018.png
[5.161s] -- Up-to-date symlink: /home/corelab/GitHub/CatchingBlimp/Summer2023/ros2_stereo/install/stereo_combined/share/stereo_combined//calibration/calibrationdata_test2/left-0019.png
[5.161s] -- Up-to-date symlink: /home/corelab/GitHub/CatchingBlimp/Summer2023/ros2_stereo/install/stereo_combined/share/stereo_combined//calibration/calibrationdata_test2/left-0020.png
[5.161s] -- Up-to-date symlink: /home/corelab/GitHub/CatchingBlimp/Summer2023/ros2_stereo/install/stereo_combined/share/stereo_combined//calibration/calibrationdata_test2/left-0021.png
[5.161s] -- Up-to-date symlink: /home/corelab/GitHub/CatchingBlimp/Summer2023/ros2_stereo/install/stereo_combined/share/stereo_combined//calibration/calibrationdata_test2/left-0022.png
[5.161s] -- Up-to-date symlink: /home/corelab/GitHub/CatchingBlimp/Summer2023/ros2_stereo/install/stereo_combined/share/stereo_combined//calibration/calibrationdata_test2/left-0023.png
[5.161s] -- Up-to-date symlink: /home/corelab/GitHub/CatchingBlimp/Summer2023/ros2_stereo/install/stereo_combined/share/stereo_combined//calibration/calibrationdata_test2/left-0024.png
[5.161s] -- Up-to-date symlink: /home/corelab/GitHub/CatchingBlimp/Summer2023/ros2_stereo/install/stereo_combined/share/stereo_combined//calibration/calibrationdata_test2/left-0025.png
[5.161s] -- Up-to-date symlink: /home/corelab/GitHub/CatchingBlimp/Summer2023/ros2_stereo/install/stereo_combined/share/stereo_combined//calibration/calibrationdata_test2/left-0026.png
[5.161s] -- Up-to-date symlink: /home/corelab/GitHub/CatchingBlimp/Summer2023/ros2_stereo/install/stereo_combined/share/stereo_combined//calibration/calibrationdata_test2/left-0027.png
[5.161s] -- Up-to-date symlink: /home/corelab/GitHub/CatchingBlimp/Summer2023/ros2_stereo/install/stereo_combined/share/stereo_combined//calibration/calibrationdata_test2/left-0028.png
[5.162s] -- Up-to-date symlink: /home/corelab/GitHub/CatchingBlimp/Summer2023/ros2_stereo/install/stereo_combined/share/stereo_combined//calibration/calibrationdata_test2/left-0029.png
[5.162s] -- Up-to-date symlink: /home/corelab/GitHub/CatchingBlimp/Summer2023/ros2_stereo/install/stereo_combined/share/stereo_combined//calibration/calibrationdata_test2/left-0030.png
[5.162s] -- Up-to-date symlink: /home/corelab/GitHub/CatchingBlimp/Summer2023/ros2_stereo/install/stereo_combined/share/stereo_combined//calibration/calibrationdata_test2/left-0031.png
[5.162s] -- Up-to-date symlink: /home/corelab/GitHub/CatchingBlimp/Summer2023/ros2_stereo/install/stereo_combined/share/stereo_combined//calibration/calibrationdata_test2/left-0032.png
[5.162s] -- Up-to-date symlink: /home/corelab/GitHub/CatchingBlimp/Summer2023/ros2_stereo/install/stereo_combined/share/stereo_combined//calibration/calibrationdata_test2/left-0033.png
[5.162s] -- Up-to-date symlink: /home/corelab/GitHub/CatchingBlimp/Summer2023/ros2_stereo/install/stereo_combined/share/stereo_combined//calibration/calibrationdata_test2/left-0034.png
[5.162s] -- Up-to-date symlink: /home/corelab/GitHub/CatchingBlimp/Summer2023/ros2_stereo/install/stereo_combined/share/stereo_combined//calibration/calibrationdata_test2/left-0035.png
[5.162s] -- Up-to-date symlink: /home/corelab/GitHub/CatchingBlimp/Summer2023/ros2_stereo/install/stereo_combined/share/stereo_combined//calibration/calibrationdata_test2/left-0036.png
[5.162s] -- Up-to-date symlink: /home/corelab/GitHub/CatchingBlimp/Summer2023/ros2_stereo/install/stereo_combined/share/stereo_combined//calibration/calibrationdata_test2/left-0037.png
[5.162s] -- Up-to-date symlink: /home/corelab/GitHub/CatchingBlimp/Summer2023/ros2_stereo/install/stereo_combined/share/stereo_combined//calibration/calibrationdata_test2/left-0038.png
[5.162s] -- Up-to-date symlink: /home/corelab/GitHub/CatchingBlimp/Summer2023/ros2_stereo/install/stereo_combined/share/stereo_combined//calibration/calibrationdata_test2/left-0039.png
[5.162s] -- Up-to-date symlink: /home/corelab/GitHub/CatchingBlimp/Summer2023/ros2_stereo/install/stereo_combined/share/stereo_combined//calibration/calibrationdata_test2/left-0040.png
[5.162s] -- Up-to-date symlink: /home/corelab/GitHub/CatchingBlimp/Summer2023/ros2_stereo/install/stereo_combined/share/stereo_combined//calibration/calibrationdata_test2/left-0041.png
[5.162s] -- Up-to-date symlink: /home/corelab/GitHub/CatchingBlimp/Summer2023/ros2_stereo/install/stereo_combined/share/stereo_combined//calibration/calibrationdata_test2/left-0042.png
[5.162s] -- Up-to-date symlink: /home/corelab/GitHub/CatchingBlimp/Summer2023/ros2_stereo/install/stereo_combined/share/stereo_combined//calibration/calibrationdata_test2/left-0043.png
[5.163s] -- Up-to-date symlink: /home/corelab/GitHub/CatchingBlimp/Summer2023/ros2_stereo/install/stereo_combined/share/stereo_combined//calibration/calibrationdata_test2/left-0044.png
[5.163s] -- Up-to-date symlink: /home/corelab/GitHub/CatchingBlimp/Summer2023/ros2_stereo/install/stereo_combined/share/stereo_combined//calibration/calibrationdata_test2/left-0045.png
[5.163s] -- Up-to-date symlink: /home/corelab/GitHub/CatchingBlimp/Summer2023/ros2_stereo/install/stereo_combined/share/stereo_combined//calibration/calibrationdata_test2/left-0046.png
[5.163s] -- Up-to-date symlink: /home/corelab/GitHub/CatchingBlimp/Summer2023/ros2_stereo/install/stereo_combined/share/stereo_combined//calibration/calibrationdata_test2/left-0047.png
[5.163s] -- Up-to-date symlink: /home/corelab/GitHub/CatchingBlimp/Summer2023/ros2_stereo/install/stereo_combined/share/stereo_combined//calibration/calibrationdata_test2/left-0048.png
[5.163s] -- Up-to-date symlink: /home/corelab/GitHub/CatchingBlimp/Summer2023/ros2_stereo/install/stereo_combined/share/stereo_combined//calibration/calibrationdata_test2/left-0049.png
[5.163s] -- Up-to-date symlink: /home/corelab/GitHub/CatchingBlimp/Summer2023/ros2_stereo/install/stereo_combined/share/stereo_combined//calibration/calibrationdata_test2/left-0050.png
[5.163s] -- Up-to-date symlink: /home/corelab/GitHub/CatchingBlimp/Summer2023/ros2_stereo/install/stereo_combined/share/stereo_combined//calibration/calibrationdata_test2/left.yaml
[5.163s] -- Up-to-date symlink: /home/corelab/GitHub/CatchingBlimp/Summer2023/ros2_stereo/install/stereo_combined/share/stereo_combined//calibration/calibrationdata_test2/ost.txt
[5.163s] -- Up-to-date symlink: /home/corelab/GitHub/CatchingBlimp/Summer2023/ros2_stereo/install/stereo_combined/share/stereo_combined//calibration/calibrationdata_test2/right-0000.png
[5.163s] -- Up-to-date symlink: /home/corelab/GitHub/CatchingBlimp/Summer2023/ros2_stereo/install/stereo_combined/share/stereo_combined//calibration/calibrationdata_test2/right-0001.png
[5.163s] -- Up-to-date symlink: /home/corelab/GitHub/CatchingBlimp/Summer2023/ros2_stereo/install/stereo_combined/share/stereo_combined//calibration/calibrationdata_test2/right-0002.png
[5.163s] -- Up-to-date symlink: /home/corelab/GitHub/CatchingBlimp/Summer2023/ros2_stereo/install/stereo_combined/share/stereo_combined//calibration/calibrationdata_test2/right-0003.png
[5.163s] -- Up-to-date symlink: /home/corelab/GitHub/CatchingBlimp/Summer2023/ros2_stereo/install/stereo_combined/share/stereo_combined//calibration/calibrationdata_test2/right-0004.png
[5.163s] -- Up-to-date symlink: /home/corelab/GitHub/CatchingBlimp/Summer2023/ros2_stereo/install/stereo_combined/share/stereo_combined//calibration/calibrationdata_test2/right-0005.png
[5.163s] -- Up-to-date symlink: /home/corelab/GitHub/CatchingBlimp/Summer2023/ros2_stereo/install/stereo_combined/share/stereo_combined//calibration/calibrationdata_test2/right-0006.png
[5.163s] -- Up-to-date symlink: /home/corelab/GitHub/CatchingBlimp/Summer2023/ros2_stereo/install/stereo_combined/share/stereo_combined//calibration/calibrationdata_test2/right-0007.png
[5.164s] -- Up-to-date symlink: /home/corelab/GitHub/CatchingBlimp/Summer2023/ros2_stereo/install/stereo_combined/share/stereo_combined//calibration/calibrationdata_test2/right-0008.png
[5.164s] -- Up-to-date symlink: /home/corelab/GitHub/CatchingBlimp/Summer2023/ros2_stereo/install/stereo_combined/share/stereo_combined//calibration/calibrationdata_test2/right-0009.png
[5.164s] -- Up-to-date symlink: /home/corelab/GitHub/CatchingBlimp/Summer2023/ros2_stereo/install/stereo_combined/share/stereo_combined//calibration/calibrationdata_test2/right-0010.png
[5.164s] -- Up-to-date symlink: /home/corelab/GitHub/CatchingBlimp/Summer2023/ros2_stereo/install/stereo_combined/share/stereo_combined//calibration/calibrationdata_test2/right-0011.png
[5.164s] -- Up-to-date symlink: /home/corelab/GitHub/CatchingBlimp/Summer2023/ros2_stereo/install/stereo_combined/share/stereo_combined//calibration/calibrationdata_test2/right-0012.png
[5.164s] -- Up-to-date symlink: /home/corelab/GitHub/CatchingBlimp/Summer2023/ros2_stereo/install/stereo_combined/share/stereo_combined//calibration/calibrationdata_test2/right-0013.png
[5.164s] -- Up-to-date symlink: /home/corelab/GitHub/CatchingBlimp/Summer2023/ros2_stereo/install/stereo_combined/share/stereo_combined//calibration/calibrationdata_test2/right-0014.png
[5.164s] -- Up-to-date symlink: /home/corelab/GitHub/CatchingBlimp/Summer2023/ros2_stereo/install/stereo_combined/share/stereo_combined//calibration/calibrationdata_test2/right-0015.png
[5.164s] -- Up-to-date symlink: /home/corelab/GitHub/CatchingBlimp/Summer2023/ros2_stereo/install/stereo_combined/share/stereo_combined//calibration/calibrationdata_test2/right-0016.png
[5.164s] -- Up-to-date symlink: /home/corelab/GitHub/CatchingBlimp/Summer2023/ros2_stereo/install/stereo_combined/share/stereo_combined//calibration/calibrationdata_test2/right-0017.png
[5.164s] -- Up-to-date symlink: /home/corelab/GitHub/CatchingBlimp/Summer2023/ros2_stereo/install/stereo_combined/share/stereo_combined//calibration/calibrationdata_test2/right-0018.png
[5.164s] -- Up-to-date symlink: /home/corelab/GitHub/CatchingBlimp/Summer2023/ros2_stereo/install/stereo_combined/share/stereo_combined//calibration/calibrationdata_test2/right-0019.png
[5.164s] -- Up-to-date symlink: /home/corelab/GitHub/CatchingBlimp/Summer2023/ros2_stereo/install/stereo_combined/share/stereo_combined//calibration/calibrationdata_test2/right-0020.png
[5.164s] -- Up-to-date symlink: /home/corelab/GitHub/CatchingBlimp/Summer2023/ros2_stereo/install/stereo_combined/share/stereo_combined//calibration/calibrationdata_test2/right-0021.png
[5.164s] -- Up-to-date symlink: /home/corelab/GitHub/CatchingBlimp/Summer2023/ros2_stereo/install/stereo_combined/share/stereo_combined//calibration/calibrationdata_test2/right-0022.png
[5.164s] -- Up-to-date symlink: /home/corelab/GitHub/CatchingBlimp/Summer2023/ros2_stereo/install/stereo_combined/share/stereo_combined//calibration/calibrationdata_test2/right-0023.png
[5.164s] -- Up-to-date symlink: /home/corelab/GitHub/CatchingBlimp/Summer2023/ros2_stereo/install/stereo_combined/share/stereo_combined//calibration/calibrationdata_test2/right-0024.png
[5.164s] -- Up-to-date symlink: /home/corelab/GitHub/CatchingBlimp/Summer2023/ros2_stereo/install/stereo_combined/share/stereo_combined//calibration/calibrationdata_test2/right-0025.png
[5.164s] -- Up-to-date symlink: /home/corelab/GitHub/CatchingBlimp/Summer2023/ros2_stereo/install/stereo_combined/share/stereo_combined//calibration/calibrationdata_test2/right-0026.png
[5.164s] -- Up-to-date symlink: /home/corelab/GitHub/CatchingBlimp/Summer2023/ros2_stereo/install/stereo_combined/share/stereo_combined//calibration/calibrationdata_test2/right-0027.png
[5.164s] -- Up-to-date symlink: /home/corelab/GitHub/CatchingBlimp/Summer2023/ros2_stereo/install/stereo_combined/share/stereo_combined//calibration/calibrationdata_test2/right-0028.png
[5.165s] -- Up-to-date symlink: /home/corelab/GitHub/CatchingBlimp/Summer2023/ros2_stereo/install/stereo_combined/share/stereo_combined//calibration/calibrationdata_test2/right-0029.png
[5.165s] -- Up-to-date symlink: /home/corelab/GitHub/CatchingBlimp/Summer2023/ros2_stereo/install/stereo_combined/share/stereo_combined//calibration/calibrationdata_test2/right-0030.png
[5.165s] -- Up-to-date symlink: /home/corelab/GitHub/CatchingBlimp/Summer2023/ros2_stereo/install/stereo_combined/share/stereo_combined//calibration/calibrationdata_test2/right-0031.png
[5.165s] -- Up-to-date symlink: /home/corelab/GitHub/CatchingBlimp/Summer2023/ros2_stereo/install/stereo_combined/share/stereo_combined//calibration/calibrationdata_test2/right-0032.png
[5.165s] -- Up-to-date symlink: /home/corelab/GitHub/CatchingBlimp/Summer2023/ros2_stereo/install/stereo_combined/share/stereo_combined//calibration/calibrationdata_test2/right-0033.png
[5.165s] -- Up-to-date symlink: /home/corelab/GitHub/CatchingBlimp/Summer2023/ros2_stereo/install/stereo_combined/share/stereo_combined//calibration/calibrationdata_test2/right-0034.png
[5.165s] -- Up-to-date symlink: /home/corelab/GitHub/CatchingBlimp/Summer2023/ros2_stereo/install/stereo_combined/share/stereo_combined//calibration/calibrationdata_test2/right-0035.png
[5.165s] -- Up-to-date symlink: /home/corelab/GitHub/CatchingBlimp/Summer2023/ros2_stereo/install/stereo_combined/share/stereo_combined//calibration/calibrationdata_test2/right-0036.png
[5.165s] -- Up-to-date symlink: /home/corelab/GitHub/CatchingBlimp/Summer2023/ros2_stereo/install/stereo_combined/share/stereo_combined//calibration/calibrationdata_test2/right-0037.png
[5.165s] -- Up-to-date symlink: /home/corelab/GitHub/CatchingBlimp/Summer2023/ros2_stereo/install/stereo_combined/share/stereo_combined//calibration/calibrationdata_test2/right-0038.png
[5.165s] -- Up-to-date symlink: /home/corelab/GitHub/CatchingBlimp/Summer2023/ros2_stereo/install/stereo_combined/share/stereo_combined//calibration/calibrationdata_test2/right-0039.png
[5.165s] -- Up-to-date symlink: /home/corelab/GitHub/CatchingBlimp/Summer2023/ros2_stereo/install/stereo_combined/share/stereo_combined//calibration/calibrationdata_test2/right-0040.png
[5.165s] -- Up-to-date symlink: /home/corelab/GitHub/CatchingBlimp/Summer2023/ros2_stereo/install/stereo_combined/share/stereo_combined//calibration/calibrationdata_test2/right-0041.png
[5.165s] -- Up-to-date symlink: /home/corelab/GitHub/CatchingBlimp/Summer2023/ros2_stereo/install/stereo_combined/share/stereo_combined//calibration/calibrationdata_test2/right-0042.png
[5.165s] -- Up-to-date symlink: /home/corelab/GitHub/CatchingBlimp/Summer2023/ros2_stereo/install/stereo_combined/share/stereo_combined//calibration/calibrationdata_test2/right-0043.png
[5.165s] -- Up-to-date symlink: /home/corelab/GitHub/CatchingBlimp/Summer2023/ros2_stereo/install/stereo_combined/share/stereo_combined//calibration/calibrationdata_test2/right-0044.png
[5.165s] -- Up-to-date symlink: /home/corelab/GitHub/CatchingBlimp/Summer2023/ros2_stereo/install/stereo_combined/share/stereo_combined//calibration/calibrationdata_test2/right-0045.png
[5.165s] -- Up-to-date symlink: /home/corelab/GitHub/CatchingBlimp/Summer2023/ros2_stereo/install/stereo_combined/share/stereo_combined//calibration/calibrationdata_test2/right-0046.png
[5.165s] -- Up-to-date symlink: /home/corelab/GitHub/CatchingBlimp/Summer2023/ros2_stereo/install/stereo_combined/share/stereo_combined//calibration/calibrationdata_test2/right-0047.png
[5.165s] -- Up-to-date symlink: /home/corelab/GitHub/CatchingBlimp/Summer2023/ros2_stereo/install/stereo_combined/share/stereo_combined//calibration/calibrationdata_test2/right-0048.png
[5.165s] -- Up-to-date symlink: /home/corelab/GitHub/CatchingBlimp/Summer2023/ros2_stereo/install/stereo_combined/share/stereo_combined//calibration/calibrationdata_test2/right-0049.png
[5.165s] -- Up-to-date symlink: /home/corelab/GitHub/CatchingBlimp/Summer2023/ros2_stereo/install/stereo_combined/share/stereo_combined//calibration/calibrationdata_test2/right-0050.png
[5.165s] -- Up-to-date symlink: /home/corelab/GitHub/CatchingBlimp/Summer2023/ros2_stereo/install/stereo_combined/share/stereo_combined//calibration/calibrationdata_test2/right.yaml
[5.165s] -- Up-to-date symlink: /home/corelab/GitHub/CatchingBlimp/Summer2023/ros2_stereo/install/stereo_combined/share/stereo_combined//calibration/camera1_elp_left.yaml
[5.165s] -- Up-to-date symlink: /home/corelab/GitHub/CatchingBlimp/Summer2023/ros2_stereo/install/stereo_combined/share/stereo_combined//calibration/camera1_elp_right.yaml
[5.165s] -- Up-to-date symlink: /home/corelab/GitHub/CatchingBlimp/Summer2023/ros2_stereo/install/stereo_combined/share/stereo_combined//calibration/elp_left.yaml
[5.166s] -- Up-to-date symlink: /home/corelab/GitHub/CatchingBlimp/Summer2023/ros2_stereo/install/stereo_combined/share/stereo_combined//calibration/elp_right.yaml
[5.166s] -- Up-to-date symlink: /home/corelab/GitHub/CatchingBlimp/Summer2023/ros2_stereo/install/stereo_combined/share/stereo_combined//calibration/temp/elp_left.yaml
[5.166s] -- Up-to-date symlink: /home/corelab/GitHub/CatchingBlimp/Summer2023/ros2_stereo/install/stereo_combined/share/stereo_combined//calibration/temp/elp_right.yaml
[5.166s] -- Up-to-date symlink: /home/corelab/GitHub/CatchingBlimp/Summer2023/ros2_stereo/install/stereo_combined/share/ament_index/resource_index/package_run_dependencies/stereo_combined
[5.166s] -- Up-to-date symlink: /home/corelab/GitHub/CatchingBlimp/Summer2023/ros2_stereo/install/stereo_combined/share/ament_index/resource_index/parent_prefix_path/stereo_combined
[5.166s] -- Up-to-date symlink: /home/corelab/GitHub/CatchingBlimp/Summer2023/ros2_stereo/install/stereo_combined/share/stereo_combined/environment/ament_prefix_path.sh
[5.166s] -- Up-to-date symlink: /home/corelab/GitHub/CatchingBlimp/Summer2023/ros2_stereo/install/stereo_combined/share/stereo_combined/environment/ament_prefix_path.dsv
[5.166s] -- Up-to-date symlink: /home/corelab/GitHub/CatchingBlimp/Summer2023/ros2_stereo/install/stereo_combined/share/stereo_combined/environment/path.sh
[5.166s] -- Up-to-date symlink: /home/corelab/GitHub/CatchingBlimp/Summer2023/ros2_stereo/install/stereo_combined/share/stereo_combined/environment/path.dsv
[5.166s] -- Up-to-date symlink: /home/corelab/GitHub/CatchingBlimp/Summer2023/ros2_stereo/install/stereo_combined/share/stereo_combined/local_setup.bash
[5.166s] -- Up-to-date symlink: /home/corelab/GitHub/CatchingBlimp/Summer2023/ros2_stereo/install/stereo_combined/share/stereo_combined/local_setup.sh
[5.166s] -- Up-to-date symlink: /home/corelab/GitHub/CatchingBlimp/Summer2023/ros2_stereo/install/stereo_combined/share/stereo_combined/local_setup.zsh
[5.166s] -- Up-to-date symlink: /home/corelab/GitHub/CatchingBlimp/Summer2023/ros2_stereo/install/stereo_combined/share/stereo_combined/local_setup.dsv
[5.166s] -- Symlinking: /home/corelab/GitHub/CatchingBlimp/Summer2023/ros2_stereo/install/stereo_combined/share/stereo_combined/package.dsv
[5.166s] -- Up-to-date symlink: /home/corelab/GitHub/CatchingBlimp/Summer2023/ros2_stereo/install/stereo_combined/share/ament_index/resource_index/packages/stereo_combined
[5.166s] -- Up-to-date symlink: /home/corelab/GitHub/CatchingBlimp/Summer2023/ros2_stereo/install/stereo_combined/share/stereo_combined/cmake/stereo_combinedConfig.cmake
[5.166s] -- Up-to-date symlink: /home/corelab/GitHub/CatchingBlimp/Summer2023/ros2_stereo/install/stereo_combined/share/stereo_combined/cmake/stereo_combinedConfig-version.cmake
[5.166s] -- Up-to-date symlink: /home/corelab/GitHub/CatchingBlimp/Summer2023/ros2_stereo/install/stereo_combined/share/stereo_combined/package.xml
[5.173s] Invoked command in '/home/corelab/GitHub/CatchingBlimp/Summer2023/ros2_stereo/build/stereo_combined' returned '0': CMAKE_PREFIX_PATH=${CMAKE_PREFIX_PATH}:/home/corelab/Luke_ML_Blimp/ros2_tracks_ws/install/track_ros2:/opt/ros/foxy /home/corelab/.local/bin/cmake --install /home/corelab/GitHub/CatchingBlimp/Summer2023/ros2_stereo/build/stereo_combined
