[0.028s] Invoking command in '/home/corelab/ros2_stereo/build/image_view': CMAKE_PREFIX_PATH=/opt/ros/foxy /home/corelab/.local/bin/cmake --build /home/corelab/ros2_stereo/build/image_view -- -j16 -l16
[0.107s] [  5%] [32mBuilding CXX object CMakeFiles/image_view_nodes.dir/src/disparity_view_node.cpp.o[0m
[0.107s] [ 10%] [32mBuilding CXX object CMakeFiles/image_view_nodes.dir/src/extract_images_node.cpp.o[0m
[0.108s] [ 15%] [32mBuilding CXX object CMakeFiles/image_view_nodes.dir/src/image_view_node.cpp.o[0m
[0.110s] [ 21%] [32mBuilding CXX object CMakeFiles/image_view_nodes.dir/src/image_saver_node.cpp.o[0m
[0.110s] [ 26%] [32mBuilding CXX object CMakeFiles/image_view_nodes.dir/src/stereo_view_node.cpp.o[0m
[0.111s] [ 31%] [32mBuilding CXX object CMakeFiles/image_view_nodes.dir/src/video_recorder_node.cpp.o[0m
[9.006s] [ 36%] [32m[1mLinking CXX shared library libimage_view_nodes.so[0m
[9.759s] [ 36%] Built target image_view_nodes
[9.777s] [ 47%] [32mBuilding CXX object CMakeFiles/disparity_view.dir/src/disparity_view.cpp.o[0m
[9.778s] [ 47%] [32mBuilding CXX object CMakeFiles/video_recorder.dir/src/video_recorder.cpp.o[0m
[9.779s] [ 57%] [32mBuilding CXX object CMakeFiles/extract_images.dir/src/extract_images.cpp.o[0m
[9.779s] [ 57%] [32mBuilding CXX object CMakeFiles/image_saver.dir/src/image_saver.cpp.o[0m
[9.779s] [ 63%] [32mBuilding CXX object CMakeFiles/image_view.dir/src/image_view.cpp.o[0m
[9.779s] [ 68%] [32mBuilding CXX object CMakeFiles/stereo_view.dir/src/stereo_view.cpp.o[0m
[11.529s] [ 78%] [32m[1mLinking CXX executable extract_images[0m
[11.529s] [ 78%] [32m[1mLinking CXX executable disparity_view[0m
[11.530s] [ 84%] [32m[1mLinking CXX executable image_saver[0m
[11.575s] [ 89%] [32m[1mLinking CXX executable video_recorder[0m
[12.019s] [ 94%] [32m[1mLinking CXX executable image_view[0m
[12.344s] [100%] [32m[1mLinking CXX executable stereo_view[0m
[13.169s] [100%] Built target image_saver
[13.213s] [100%] Built target video_recorder
[13.247s] [100%] Built target disparity_view
[13.309s] [100%] Built target extract_images
[13.395s] [100%] Built target image_view
[13.432s] [100%] Built target stereo_view
[13.438s] Invoked command in '/home/corelab/ros2_stereo/build/image_view' returned '0': CMAKE_PREFIX_PATH=/opt/ros/foxy /home/corelab/.local/bin/cmake --build /home/corelab/ros2_stereo/build/image_view -- -j16 -l16
[13.486s] Invoking command in '/home/corelab/ros2_stereo/build/image_view': CMAKE_PREFIX_PATH=/opt/ros/foxy /home/corelab/.local/bin/cmake --install /home/corelab/ros2_stereo/build/image_view
[13.508s] -- Install configuration: ""
[13.508s] -- Up-to-date: /home/corelab/ros2_stereo/install/image_view/include
[13.508s] -- Up-to-date: /home/corelab/ros2_stereo/install/image_view/include/image_view
[13.508s] -- Up-to-date: /home/corelab/ros2_stereo/install/image_view/include/image_view/disparity_view_node.hpp
[13.508s] -- Up-to-date: /home/corelab/ros2_stereo/install/image_view/include/image_view/image_saver_node.hpp
[13.508s] -- Up-to-date: /home/corelab/ros2_stereo/install/image_view/include/image_view/extract_images_node.hpp
[13.509s] -- Up-to-date: /home/corelab/ros2_stereo/install/image_view/include/image_view/video_recorder_node.hpp
[13.509s] -- Up-to-date: /home/corelab/ros2_stereo/install/image_view/include/image_view/stereo_view_node.hpp
[13.509s] -- Up-to-date: /home/corelab/ros2_stereo/install/image_view/include/image_view/image_view_node.hpp
[13.509s] -- Up-to-date: /home/corelab/ros2_stereo/install/image_view/share/image_view/environment/library_path.sh
[13.509s] -- Up-to-date: /home/corelab/ros2_stereo/install/image_view/share/image_view/environment/library_path.dsv
[13.509s] -- Installing: /home/corelab/ros2_stereo/install/image_view/lib/libimage_view_nodes.so
[13.513s] -- Set runtime path of "/home/corelab/ros2_stereo/install/image_view/lib/libimage_view_nodes.so" to ""
[13.513s] -- Installing: /home/corelab/ros2_stereo/install/image_view/lib/image_view/disparity_view
[13.513s] -- Set runtime path of "/home/corelab/ros2_stereo/install/image_view/lib/image_view/disparity_view" to ""
[13.514s] -- Installing: /home/corelab/ros2_stereo/install/image_view/lib/image_view/image_view
[13.514s] -- Set runtime path of "/home/corelab/ros2_stereo/install/image_view/lib/image_view/image_view" to ""
[13.514s] -- Installing: /home/corelab/ros2_stereo/install/image_view/lib/image_view/stereo_view
[13.515s] -- Set runtime path of "/home/corelab/ros2_stereo/install/image_view/lib/image_view/stereo_view" to ""
[13.515s] -- Installing: /home/corelab/ros2_stereo/install/image_view/lib/image_view/extract_images
[13.515s] -- Set runtime path of "/home/corelab/ros2_stereo/install/image_view/lib/image_view/extract_images" to ""
[13.515s] -- Installing: /home/corelab/ros2_stereo/install/image_view/lib/image_view/image_saver
[13.516s] -- Set runtime path of "/home/corelab/ros2_stereo/install/image_view/lib/image_view/image_saver" to ""
[13.516s] -- Installing: /home/corelab/ros2_stereo/install/image_view/lib/image_view/video_recorder
[13.516s] -- Set runtime path of "/home/corelab/ros2_stereo/install/image_view/lib/image_view/video_recorder" to ""
[13.516s] -- Up-to-date: /home/corelab/ros2_stereo/install/image_view/share/ament_index/resource_index/package_run_dependencies/image_view
[13.516s] -- Up-to-date: /home/corelab/ros2_stereo/install/image_view/share/ament_index/resource_index/parent_prefix_path/image_view
[13.516s] -- Up-to-date: /home/corelab/ros2_stereo/install/image_view/share/image_view/environment/ament_prefix_path.sh
[13.516s] -- Up-to-date: /home/corelab/ros2_stereo/install/image_view/share/image_view/environment/ament_prefix_path.dsv
[13.517s] -- Up-to-date: /home/corelab/ros2_stereo/install/image_view/share/image_view/environment/path.sh
[13.517s] -- Up-to-date: /home/corelab/ros2_stereo/install/image_view/share/image_view/environment/path.dsv
[13.517s] -- Up-to-date: /home/corelab/ros2_stereo/install/image_view/share/image_view/local_setup.bash
[13.517s] -- Up-to-date: /home/corelab/ros2_stereo/install/image_view/share/image_view/local_setup.sh
[13.517s] -- Up-to-date: /home/corelab/ros2_stereo/install/image_view/share/image_view/local_setup.zsh
[13.517s] -- Up-to-date: /home/corelab/ros2_stereo/install/image_view/share/image_view/local_setup.dsv
[13.517s] -- Installing: /home/corelab/ros2_stereo/install/image_view/share/image_view/package.dsv
[13.517s] -- Up-to-date: /home/corelab/ros2_stereo/install/image_view/share/ament_index/resource_index/packages/image_view
[13.517s] -- Up-to-date: /home/corelab/ros2_stereo/install/image_view/share/ament_index/resource_index/rclcpp_components/image_view
[13.517s] -- Up-to-date: /home/corelab/ros2_stereo/install/image_view/share/image_view/cmake/ament_cmake_export_dependencies-extras.cmake
[13.517s] -- Up-to-date: /home/corelab/ros2_stereo/install/image_view/share/image_view/cmake/ament_cmake_export_include_directories-extras.cmake
[13.517s] -- Up-to-date: /home/corelab/ros2_stereo/install/image_view/share/image_view/cmake/ament_cmake_export_libraries-extras.cmake
[13.517s] -- Up-to-date: /home/corelab/ros2_stereo/install/image_view/share/image_view/cmake/image_viewConfig.cmake
[13.517s] -- Up-to-date: /home/corelab/ros2_stereo/install/image_view/share/image_view/cmake/image_viewConfig-version.cmake
[13.517s] -- Up-to-date: /home/corelab/ros2_stereo/install/image_view/share/image_view/package.xml
[13.522s] Invoked command in '/home/corelab/ros2_stereo/build/image_view' returned '0': CMAKE_PREFIX_PATH=/opt/ros/foxy /home/corelab/.local/bin/cmake --install /home/corelab/ros2_stereo/build/image_view
