[0.015s] Invoking command in '/home/corelab/ros2_stereo/build/stereo_image_proc': CMAKE_PREFIX_PATH=/home/corelab/ros2_stereo/install/yolo_msgs:/home/corelab/ros2_stereo/install/image_proc:/home/corelab/ros2_stereo/install/stereo_image_proc:/home/corelab/ros2_stereo/install/gscam2:/home/corelab/ros2_stereo/install/ros2_shared:/home/corelab/ros2_stereo/install/opencv_telemetry:/home/corelab/ros2_stereo/install/image_view:/opt/ros/foxy LD_LIBRARY_PATH=/home/corelab/ros2_stereo/install/yolo_msgs/lib:/home/corelab/ros2_stereo/install/image_proc/lib:/home/corelab/ros2_stereo/install/stereo_image_proc/lib:/home/corelab/ros2_stereo/install/gscam2/lib:/home/corelab/ros2_stereo/install/opencv_telemetry/lib:/home/corelab/ros2_stereo/install/image_view/lib:/usr/lib/x86_64-linux-gnu/gazebo-11/plugins:/opt/ros/foxy/opt/yaml_cpp_vendor/lib:/opt/ros/foxy/opt/rviz_ogre_vendor/lib:/opt/ros/foxy/lib/x86_64-linux-gnu:/opt/ros/foxy/opt/libphidget22/lib:/usr/share/gurumdds/cmake/../../../lib:/opt/rti.com/rti_connext_dds-5.3.1/lib/x64Linux3gcc5.4.0:/opt/ros/foxy/lib /home/corelab/.local/bin/cmake --build /home/corelab/ros2_stereo/build/stereo_image_proc -- -j16 -l16
[0.047s] [ 25%] Built target disparity_node
[0.047s] [ 50%] Built target point_cloud_node
[0.050s] [100%] Built target stereo_image_proc
[0.058s] Invoked command in '/home/corelab/ros2_stereo/build/stereo_image_proc' returned '0': CMAKE_PREFIX_PATH=/home/corelab/ros2_stereo/install/yolo_msgs:/home/corelab/ros2_stereo/install/image_proc:/home/corelab/ros2_stereo/install/stereo_image_proc:/home/corelab/ros2_stereo/install/gscam2:/home/corelab/ros2_stereo/install/ros2_shared:/home/corelab/ros2_stereo/install/opencv_telemetry:/home/corelab/ros2_stereo/install/image_view:/opt/ros/foxy LD_LIBRARY_PATH=/home/corelab/ros2_stereo/install/yolo_msgs/lib:/home/corelab/ros2_stereo/install/image_proc/lib:/home/corelab/ros2_stereo/install/stereo_image_proc/lib:/home/corelab/ros2_stereo/install/gscam2/lib:/home/corelab/ros2_stereo/install/opencv_telemetry/lib:/home/corelab/ros2_stereo/install/image_view/lib:/usr/lib/x86_64-linux-gnu/gazebo-11/plugins:/opt/ros/foxy/opt/yaml_cpp_vendor/lib:/opt/ros/foxy/opt/rviz_ogre_vendor/lib:/opt/ros/foxy/lib/x86_64-linux-gnu:/opt/ros/foxy/opt/libphidget22/lib:/usr/share/gurumdds/cmake/../../../lib:/opt/rti.com/rti_connext_dds-5.3.1/lib/x64Linux3gcc5.4.0:/opt/ros/foxy/lib /home/corelab/.local/bin/cmake --build /home/corelab/ros2_stereo/build/stereo_image_proc -- -j16 -l16
[0.135s] Invoking command in '/home/corelab/ros2_stereo/build/stereo_image_proc': CMAKE_PREFIX_PATH=/home/corelab/ros2_stereo/install/yolo_msgs:/home/corelab/ros2_stereo/install/image_proc:/home/corelab/ros2_stereo/install/stereo_image_proc:/home/corelab/ros2_stereo/install/gscam2:/home/corelab/ros2_stereo/install/ros2_shared:/home/corelab/ros2_stereo/install/opencv_telemetry:/home/corelab/ros2_stereo/install/image_view:/opt/ros/foxy LD_LIBRARY_PATH=/home/corelab/ros2_stereo/install/yolo_msgs/lib:/home/corelab/ros2_stereo/install/image_proc/lib:/home/corelab/ros2_stereo/install/stereo_image_proc/lib:/home/corelab/ros2_stereo/install/gscam2/lib:/home/corelab/ros2_stereo/install/opencv_telemetry/lib:/home/corelab/ros2_stereo/install/image_view/lib:/usr/lib/x86_64-linux-gnu/gazebo-11/plugins:/opt/ros/foxy/opt/yaml_cpp_vendor/lib:/opt/ros/foxy/opt/rviz_ogre_vendor/lib:/opt/ros/foxy/lib/x86_64-linux-gnu:/opt/ros/foxy/opt/libphidget22/lib:/usr/share/gurumdds/cmake/../../../lib:/opt/rti.com/rti_connext_dds-5.3.1/lib/x64Linux3gcc5.4.0:/opt/ros/foxy/lib /home/corelab/.local/bin/cmake --install /home/corelab/ros2_stereo/build/stereo_image_proc
[0.156s] -- Install configuration: ""
[0.157s] -- Up-to-date: /home/corelab/ros2_stereo/install/stereo_image_proc/lib/stereo_image_proc/disparity_node
[0.157s] -- Up-to-date: /home/corelab/ros2_stereo/install/stereo_image_proc/lib/stereo_image_proc/point_cloud_node
[0.157s] -- Up-to-date: /home/corelab/ros2_stereo/install/stereo_image_proc/include
[0.157s] -- Up-to-date: /home/corelab/ros2_stereo/install/stereo_image_proc/include/stereo_image_proc
[0.157s] -- Up-to-date: /home/corelab/ros2_stereo/install/stereo_image_proc/include/stereo_image_proc/stereo_processor.hpp
[0.157s] -- Up-to-date: /home/corelab/ros2_stereo/install/stereo_image_proc/share/stereo_image_proc/environment/library_path.sh
[0.157s] -- Up-to-date: /home/corelab/ros2_stereo/install/stereo_image_proc/share/stereo_image_proc/environment/library_path.dsv
[0.157s] -- Up-to-date: /home/corelab/ros2_stereo/install/stereo_image_proc/lib/libstereo_image_proc.so
[0.157s] -- Up-to-date: /home/corelab/ros2_stereo/install/stereo_image_proc/share/stereo_image_proc/launch
[0.157s] -- Installing: /home/corelab/ros2_stereo/install/stereo_image_proc/share/stereo_image_proc/launch/disparity.launch.py
[0.157s] -- Up-to-date: /home/corelab/ros2_stereo/install/stereo_image_proc/share/stereo_image_proc/launch/stereo_image_proc.launch.py
[0.157s] -- Up-to-date: /home/corelab/ros2_stereo/install/stereo_image_proc/share/stereo_image_proc/launch/point_cloud.launch.py
[0.158s] -- Up-to-date: /home/corelab/ros2_stereo/install/stereo_image_proc/share/ament_index/resource_index/package_run_dependencies/stereo_image_proc
[0.158s] -- Up-to-date: /home/corelab/ros2_stereo/install/stereo_image_proc/share/ament_index/resource_index/parent_prefix_path/stereo_image_proc
[0.158s] -- Up-to-date: /home/corelab/ros2_stereo/install/stereo_image_proc/share/stereo_image_proc/environment/ament_prefix_path.sh
[0.158s] -- Up-to-date: /home/corelab/ros2_stereo/install/stereo_image_proc/share/stereo_image_proc/environment/ament_prefix_path.dsv
[0.158s] -- Up-to-date: /home/corelab/ros2_stereo/install/stereo_image_proc/share/stereo_image_proc/environment/path.sh
[0.158s] -- Up-to-date: /home/corelab/ros2_stereo/install/stereo_image_proc/share/stereo_image_proc/environment/path.dsv
[0.158s] -- Up-to-date: /home/corelab/ros2_stereo/install/stereo_image_proc/share/stereo_image_proc/local_setup.bash
[0.158s] -- Up-to-date: /home/corelab/ros2_stereo/install/stereo_image_proc/share/stereo_image_proc/local_setup.sh
[0.158s] -- Up-to-date: /home/corelab/ros2_stereo/install/stereo_image_proc/share/stereo_image_proc/local_setup.zsh
[0.158s] -- Up-to-date: /home/corelab/ros2_stereo/install/stereo_image_proc/share/stereo_image_proc/local_setup.dsv
[0.158s] -- Installing: /home/corelab/ros2_stereo/install/stereo_image_proc/share/stereo_image_proc/package.dsv
[0.158s] -- Up-to-date: /home/corelab/ros2_stereo/install/stereo_image_proc/share/ament_index/resource_index/packages/stereo_image_proc
[0.158s] -- Up-to-date: /home/corelab/ros2_stereo/install/stereo_image_proc/share/ament_index/resource_index/rclcpp_components/stereo_image_proc
[0.158s] -- Up-to-date: /home/corelab/ros2_stereo/install/stereo_image_proc/share/stereo_image_proc/cmake/ament_cmake_export_dependencies-extras.cmake
[0.158s] -- Up-to-date: /home/corelab/ros2_stereo/install/stereo_image_proc/share/stereo_image_proc/cmake/ament_cmake_export_include_directories-extras.cmake
[0.158s] -- Up-to-date: /home/corelab/ros2_stereo/install/stereo_image_proc/share/stereo_image_proc/cmake/ament_cmake_export_libraries-extras.cmake
[0.158s] -- Up-to-date: /home/corelab/ros2_stereo/install/stereo_image_proc/share/stereo_image_proc/cmake/stereo_image_procConfig.cmake
[0.158s] -- Up-to-date: /home/corelab/ros2_stereo/install/stereo_image_proc/share/stereo_image_proc/cmake/stereo_image_procConfig-version.cmake
[0.158s] -- Up-to-date: /home/corelab/ros2_stereo/install/stereo_image_proc/share/stereo_image_proc/package.xml
[0.161s] Invoked command in '/home/corelab/ros2_stereo/build/stereo_image_proc' returned '0': CMAKE_PREFIX_PATH=/home/corelab/ros2_stereo/install/yolo_msgs:/home/corelab/ros2_stereo/install/image_proc:/home/corelab/ros2_stereo/install/stereo_image_proc:/home/corelab/ros2_stereo/install/gscam2:/home/corelab/ros2_stereo/install/ros2_shared:/home/corelab/ros2_stereo/install/opencv_telemetry:/home/corelab/ros2_stereo/install/image_view:/opt/ros/foxy LD_LIBRARY_PATH=/home/corelab/ros2_stereo/install/yolo_msgs/lib:/home/corelab/ros2_stereo/install/image_proc/lib:/home/corelab/ros2_stereo/install/stereo_image_proc/lib:/home/corelab/ros2_stereo/install/gscam2/lib:/home/corelab/ros2_stereo/install/opencv_telemetry/lib:/home/corelab/ros2_stereo/install/image_view/lib:/usr/lib/x86_64-linux-gnu/gazebo-11/plugins:/opt/ros/foxy/opt/yaml_cpp_vendor/lib:/opt/ros/foxy/opt/rviz_ogre_vendor/lib:/opt/ros/foxy/lib/x86_64-linux-gnu:/opt/ros/foxy/opt/libphidget22/lib:/usr/share/gurumdds/cmake/../../../lib:/opt/rti.com/rti_connext_dds-5.3.1/lib/x64Linux3gcc5.4.0:/opt/ros/foxy/lib /home/corelab/.local/bin/cmake --install /home/corelab/ros2_stereo/build/stereo_image_proc
