Performing C SOURCE FILE Test CMAKE_HAVE_LIBC_PTHREAD failed with the following output:
Change Dir: /home/corelab/ros2_stereo/src/stereo_image_proc/build/CMakeFiles/CMakeScratch/TryCompile-5KUK9I

Run Build Command(s):/usr/bin/make -f Makefile cmTC_e0f5e/fast && /usr/bin/make  -f CMakeFiles/cmTC_e0f5e.dir/build.make CMakeFiles/cmTC_e0f5e.dir/build
make[1]: Entering directory '/home/corelab/ros2_stereo/src/stereo_image_proc/build/CMakeFiles/CMakeScratch/TryCompile-5KUK9I'
Building C object CMakeFiles/cmTC_e0f5e.dir/src.c.o
/usr/bin/gcc -DCMAKE_HAVE_LIBC_PTHREAD   -o CMakeFiles/cmTC_e0f5e.dir/src.c.o -c /home/corelab/ros2_stereo/src/stereo_image_proc/build/CMakeFiles/CMakeScratch/TryCompile-5KUK9I/src.c
Linking C executable cmTC_e0f5e
/home/corelab/.local/lib/python3.8/site-packages/cmake/data/bin/cmake -E cmake_link_script CMakeFiles/cmTC_e0f5e.dir/link.txt --verbose=1
/usr/bin/gcc CMakeFiles/cmTC_e0f5e.dir/src.c.o -o cmTC_e0f5e 
/usr/bin/ld: CMakeFiles/cmTC_e0f5e.dir/src.c.o: in function `main':
src.c:(.text+0x46): undefined reference to `pthread_create'
/usr/bin/ld: src.c:(.text+0x52): undefined reference to `pthread_detach'
/usr/bin/ld: src.c:(.text+0x5e): undefined reference to `pthread_cancel'
/usr/bin/ld: src.c:(.text+0x6f): undefined reference to `pthread_join'
collect2: error: ld returned 1 exit status
make[1]: *** [CMakeFiles/cmTC_e0f5e.dir/build.make:99: cmTC_e0f5e] Error 1
make[1]: Leaving directory '/home/corelab/ros2_stereo/src/stereo_image_proc/build/CMakeFiles/CMakeScratch/TryCompile-5KUK9I'
make: *** [Makefile:127: cmTC_e0f5e/fast] Error 2


Source file was:
#include <pthread.h>

static void* test_func(void* data)
{
  return data;
}

int main(void)
{
  pthread_t thread;
  pthread_create(&thread, NULL, test_func, NULL);
  pthread_detach(thread);
  pthread_cancel(thread);
  pthread_join(thread, NULL);
  pthread_atfork(NULL, NULL, NULL);
  pthread_exit(NULL);

  return 0;
}


Determining if the function pthread_create exists in the pthreads failed with the following output:
Change Dir: /home/corelab/ros2_stereo/src/stereo_image_proc/build/CMakeFiles/CMakeScratch/TryCompile-2Z0PYG

Run Build Command(s):/usr/bin/make -f Makefile cmTC_46160/fast && /usr/bin/make  -f CMakeFiles/cmTC_46160.dir/build.make CMakeFiles/cmTC_46160.dir/build
make[1]: Entering directory '/home/corelab/ros2_stereo/src/stereo_image_proc/build/CMakeFiles/CMakeScratch/TryCompile-2Z0PYG'
Building C object CMakeFiles/cmTC_46160.dir/CheckFunctionExists.c.o
/usr/bin/gcc   -DCHECK_FUNCTION_EXISTS=pthread_create -o CMakeFiles/cmTC_46160.dir/CheckFunctionExists.c.o -c /home/corelab/ros2_stereo/src/stereo_image_proc/build/CMakeFiles/CMakeScratch/TryCompile-2Z0PYG/CheckFunctionExists.c
Linking C executable cmTC_46160
/home/corelab/.local/lib/python3.8/site-packages/cmake/data/bin/cmake -E cmake_link_script CMakeFiles/cmTC_46160.dir/link.txt --verbose=1
/usr/bin/gcc  -DCHECK_FUNCTION_EXISTS=pthread_create CMakeFiles/cmTC_46160.dir/CheckFunctionExists.c.o -o cmTC_46160  -lpthreads 
/usr/bin/ld: cannot find -lpthreads
collect2: error: ld returned 1 exit status
make[1]: *** [CMakeFiles/cmTC_46160.dir/build.make:99: cmTC_46160] Error 1
make[1]: Leaving directory '/home/corelab/ros2_stereo/src/stereo_image_proc/build/CMakeFiles/CMakeScratch/TryCompile-2Z0PYG'
make: *** [Makefile:127: cmTC_46160/fast] Error 2



