[0.038s] Invoking command in '/home/corelab/GitHub/CatchingBlimp/Summer2023/ros2_stereo/build/stereo_combined': CMAKE_PREFIX_PATH=${CMAKE_PREFIX_PATH}:/home/corelab/Luke_ML_Blimp/ros2_tracks_ws/install/track_ros2:/opt/ros/foxy /home/corelab/.local/bin/cmake --build /home/corelab/GitHub/CatchingBlimp/Summer2023/ros2_stereo/build/stereo_combined -- -j16 -l16
[0.096s] [ 25%] [32mBuilding CXX object CMakeFiles/stereo_combined_node.dir/src/StereoCombined.cpp.o[0m
[1.787s] In file included from [01m[K/opt/ros/foxy/include/rclcpp/client.hpp:40[m[K,
[1.787s]                  from [01m[K/opt/ros/foxy/include/rclcpp/callback_group.hpp:23[m[K,
[1.787s]                  from [01m[K/opt/ros/foxy/include/rclcpp/any_executable.hpp:20[m[K,
[1.787s]                  from [01m[K/opt/ros/foxy/include/rclcpp/memory_strategy.hpp:24[m[K,
[1.787s]                  from [01m[K/opt/ros/foxy/include/rclcpp/memory_strategies.hpp:18[m[K,
[1.788s]                  from [01m[K/opt/ros/foxy/include/rclcpp/executor_options.hpp:20[m[K,
[1.788s]                  from [01m[K/opt/ros/foxy/include/rclcpp/executor.hpp:33[m[K,
[1.788s]                  from [01m[K/opt/ros/foxy/include/rclcpp/executors/multi_threaded_executor.hpp:26[m[K,
[1.788s]                  from [01m[K/opt/ros/foxy/include/rclcpp/executors.hpp:21[m[K,
[1.788s]                  from [01m[K/opt/ros/foxy/include/rclcpp/rclcpp.hpp:146[m[K,
[1.788s]                  from [01m[K/home/corelab/GitHub/CatchingBlimp/Summer2023/ros2_stereo/src/stereo_combined/include/StereoCombined.hpp:6[m[K,
[1.788s]                  from [01m[K/home/corelab/GitHub/CatchingBlimp/Summer2023/ros2_stereo/src/stereo_combined/src/StereoCombined.cpp:1[m[K:
[1.788s] [01m[K/home/corelab/GitHub/CatchingBlimp/Summer2023/ros2_stereo/src/stereo_combined/src/StereoCombined.cpp:[m[K In member function ‘[01m[Kvoid StereoCombined::syncImageCallback(sensor_msgs::msg::Image_<std::allocator<void> >::SharedPtr)[m[K’:
[1.788s] [01m[K/home/corelab/GitHub/CatchingBlimp/Summer2023/ros2_stereo/src/stereo_combined/src/StereoCombined.cpp:126:9:[m[K [01;31m[Kerror: [m[K‘[01m[Ksub_raw_[m[K’ was not declared in this scope
[1.788s]   126 |         [01;31m[Ksub_raw_[m[K.getTopic().c_str(), bit_depth);
[1.788s]       |         [01;31m[K^~~~~~~~[m[K
[1.790s] [01m[K/home/corelab/GitHub/CatchingBlimp/Summer2023/ros2_stereo/src/stereo_combined/src/StereoCombined.cpp:197:9:[m[K [01;31m[Kerror: [m[K‘[01m[KdebayerEdgeAware[m[K’ was not declared in this scope; did you mean ‘[01m[Kimage_proc::debayerEdgeAware[m[K’?
[1.790s]   197 |         [01;31m[KdebayerEdgeAware[m[K(bayer, color);
[1.790s]       |         [01;31m[K^~~~~~~~~~~~~~~~[m[K
[1.790s]       |         [32m[Kimage_proc::debayerEdgeAware[m[K
[1.790s] In file included from [01m[K/home/corelab/GitHub/CatchingBlimp/Summer2023/ros2_stereo/src/stereo_combined/include/StereoCombined.hpp:20[m[K,
[1.790s]                  from [01m[K/home/corelab/GitHub/CatchingBlimp/Summer2023/ros2_stereo/src/stereo_combined/src/StereoCombined.cpp:1[m[K:
[1.790s] [01m[K/home/corelab/GitHub/CatchingBlimp/Summer2023/ros2_stereo/src/stereo_combined/include/edge_aware.hpp:43:6:[m[K [01;36m[Knote: [m[K‘[01m[Kimage_proc::debayerEdgeAware[m[K’ declared here
[1.790s]    43 | void [01;36m[KdebayerEdgeAware[m[K(const cv::Mat & bayer, cv::Mat & color);
[1.791s]       |      [01;36m[K^~~~~~~~~~~~~~~~[m[K
[1.791s] [01m[K/home/corelab/GitHub/CatchingBlimp/Summer2023/ros2_stereo/src/stereo_combined/src/StereoCombined.cpp:199:9:[m[K [01;31m[Kerror: [m[K‘[01m[KdebayerEdgeAwareWeighted[m[K’ was not declared in this scope; did you mean ‘[01m[Kimage_proc::debayerEdgeAwareWeighted[m[K’?
[1.791s]   199 |         [01;31m[KdebayerEdgeAwareWeighted[m[K(bayer, color);
[1.791s]       |         [01;31m[K^~~~~~~~~~~~~~~~~~~~~~~~[m[K
[1.791s]       |         [32m[Kimage_proc::debayerEdgeAwareWeighted[m[K
[1.791s] In file included from [01m[K/home/corelab/GitHub/CatchingBlimp/Summer2023/ros2_stereo/src/stereo_combined/include/StereoCombined.hpp:20[m[K,
[1.791s]                  from [01m[K/home/corelab/GitHub/CatchingBlimp/Summer2023/ros2_stereo/src/stereo_combined/src/StereoCombined.cpp:1[m[K:
[1.791s] [01m[K/home/corelab/GitHub/CatchingBlimp/Summer2023/ros2_stereo/src/stereo_combined/include/edge_aware.hpp:44:6:[m[K [01;36m[Knote: [m[K‘[01m[Kimage_proc::debayerEdgeAwareWeighted[m[K’ declared here
[1.791s]    44 | void [01;36m[KdebayerEdgeAwareWeighted[m[K(const cv::Mat & bayer, cv::Mat & color);
[1.791s]       |      [01;36m[K^~~~~~~~~~~~~~~~~~~~~~~~[m[K
[3.157s] make[2]: *** [CMakeFiles/stereo_combined_node.dir/build.make:90: CMakeFiles/stereo_combined_node.dir/src/StereoCombined.cpp.o] Error 1
[3.157s] make[1]: *** [CMakeFiles/Makefile2:137: CMakeFiles/stereo_combined_node.dir/all] Error 2
[3.157s] make: *** [Makefile:146: all] Error 2
[3.161s] Invoked command in '/home/corelab/GitHub/CatchingBlimp/Summer2023/ros2_stereo/build/stereo_combined' returned '2': CMAKE_PREFIX_PATH=${CMAKE_PREFIX_PATH}:/home/corelab/Luke_ML_Blimp/ros2_tracks_ws/install/track_ros2:/opt/ros/foxy /home/corelab/.local/bin/cmake --build /home/corelab/GitHub/CatchingBlimp/Summer2023/ros2_stereo/build/stereo_combined -- -j16 -l16
