[0.012s] Invoking command in '/home/corelab/ros2_stereo/build/gscam2': CMAKE_PREFIX_PATH=/home/corelab/ros2_stereo/install/ros2_shared:/home/corelab/ros2_stereo/install/stereo_image_proc:/home/corelab/ros2_stereo/install/yolo_msgs:/home/corelab/ros2_stereo/install/gscam2:/home/corelab/ros2_stereo/install/opencv_telemetry:/home/corelab/ros2_stereo/install/image_view:/home/corelab/ros2_stereo/install/image_proc:/opt/ros/foxy /home/corelab/.local/bin/cmake --build /home/corelab/ros2_stereo/build/gscam2 -- -j16 -l16
[0.045s] [ 14%] Built target gtest_main
[0.045s] [ 28%] Built target gtest
[0.045s] [ 42%] Built target subscriber_node
[0.046s] [ 57%] Built target gscam_node
[0.054s] [ 71%] Built target gscam_main
[0.054s] [ 85%] Built target ipc_test_main
[0.054s] [100%] Built target smoke_test
[0.059s] Invoked command in '/home/corelab/ros2_stereo/build/gscam2' returned '0': CMAKE_PREFIX_PATH=/home/corelab/ros2_stereo/install/ros2_shared:/home/corelab/ros2_stereo/install/stereo_image_proc:/home/corelab/ros2_stereo/install/yolo_msgs:/home/corelab/ros2_stereo/install/gscam2:/home/corelab/ros2_stereo/install/opencv_telemetry:/home/corelab/ros2_stereo/install/image_view:/home/corelab/ros2_stereo/install/image_proc:/opt/ros/foxy /home/corelab/.local/bin/cmake --build /home/corelab/ros2_stereo/build/gscam2 -- -j16 -l16
[0.122s] Invoking command in '/home/corelab/ros2_stereo/build/gscam2': CMAKE_PREFIX_PATH=/home/corelab/ros2_stereo/install/ros2_shared:/home/corelab/ros2_stereo/install/stereo_image_proc:/home/corelab/ros2_stereo/install/yolo_msgs:/home/corelab/ros2_stereo/install/gscam2:/home/corelab/ros2_stereo/install/opencv_telemetry:/home/corelab/ros2_stereo/install/image_view:/home/corelab/ros2_stereo/install/image_proc:/opt/ros/foxy /home/corelab/.local/bin/cmake --install /home/corelab/ros2_stereo/build/gscam2
[0.151s] -- Install configuration: ""
[0.151s] -- Up-to-date: /home/corelab/ros2_stereo/install/gscam2/share/gscam2/environment/library_path.sh
[0.151s] -- Up-to-date: /home/corelab/ros2_stereo/install/gscam2/share/gscam2/environment/library_path.dsv
[0.151s] -- Up-to-date: /home/corelab/ros2_stereo/install/gscam2/share/ament_index/resource_index/package_run_dependencies/gscam2
[0.151s] -- Up-to-date: /home/corelab/ros2_stereo/install/gscam2/share/ament_index/resource_index/parent_prefix_path/gscam2
[0.151s] -- Up-to-date: /home/corelab/ros2_stereo/install/gscam2/share/gscam2/environment/ament_prefix_path.sh
[0.151s] -- Up-to-date: /home/corelab/ros2_stereo/install/gscam2/share/gscam2/environment/ament_prefix_path.dsv
[0.151s] -- Up-to-date: /home/corelab/ros2_stereo/install/gscam2/share/gscam2/environment/path.sh
[0.151s] -- Up-to-date: /home/corelab/ros2_stereo/install/gscam2/share/gscam2/environment/path.dsv
[0.151s] -- Up-to-date: /home/corelab/ros2_stereo/install/gscam2/share/gscam2/local_setup.bash
[0.151s] -- Up-to-date: /home/corelab/ros2_stereo/install/gscam2/share/gscam2/local_setup.sh
[0.152s] -- Up-to-date: /home/corelab/ros2_stereo/install/gscam2/share/gscam2/local_setup.zsh
[0.152s] -- Up-to-date: /home/corelab/ros2_stereo/install/gscam2/share/gscam2/local_setup.dsv
[0.152s] -- Installing: /home/corelab/ros2_stereo/install/gscam2/share/gscam2/package.dsv
[0.152s] -- Up-to-date: /home/corelab/ros2_stereo/install/gscam2/share/ament_index/resource_index/packages/gscam2
[0.152s] -- Up-to-date: /home/corelab/ros2_stereo/install/gscam2/share/ament_index/resource_index/rclcpp_components/gscam2
[0.152s] -- Up-to-date: /home/corelab/ros2_stereo/install/gscam2/share/gscam2/cmake/export_gscam_nodeExport.cmake
[0.152s] -- Up-to-date: /home/corelab/ros2_stereo/install/gscam2/share/gscam2/cmake/export_gscam_nodeExport-noconfig.cmake
[0.152s] -- Up-to-date: /home/corelab/ros2_stereo/install/gscam2/share/gscam2/cmake/export_subscriber_nodeExport.cmake
[0.152s] -- Up-to-date: /home/corelab/ros2_stereo/install/gscam2/share/gscam2/cmake/export_subscriber_nodeExport-noconfig.cmake
[0.152s] -- Up-to-date: /home/corelab/ros2_stereo/install/gscam2/share/gscam2/cmake/ament_cmake_export_dependencies-extras.cmake
[0.152s] -- Up-to-date: /home/corelab/ros2_stereo/install/gscam2/share/gscam2/cmake/ament_cmake_export_include_directories-extras.cmake
[0.152s] -- Up-to-date: /home/corelab/ros2_stereo/install/gscam2/share/gscam2/cmake/ament_cmake_export_targets-extras.cmake
[0.152s] -- Up-to-date: /home/corelab/ros2_stereo/install/gscam2/share/gscam2/cmake/ament_cmake_export_libraries-extras.cmake
[0.152s] -- Up-to-date: /home/corelab/ros2_stereo/install/gscam2/share/gscam2/cmake/gscam2Config.cmake
[0.152s] -- Up-to-date: /home/corelab/ros2_stereo/install/gscam2/share/gscam2/cmake/gscam2Config-version.cmake
[0.152s] -- Up-to-date: /home/corelab/ros2_stereo/install/gscam2/share/gscam2/package.xml
[0.152s] -- Up-to-date: /home/corelab/ros2_stereo/install/gscam2/include/gscam2
[0.152s] -- Up-to-date: /home/corelab/ros2_stereo/install/gscam2/include/gscam2/gscam_node.hpp
[0.152s] -- Up-to-date: /home/corelab/ros2_stereo/install/gscam2/include/gscam2/subscriber_node.hpp
[0.152s] -- Up-to-date: /home/corelab/ros2_stereo/install/gscam2/lib/libgscam_node.so
[0.152s] -- Up-to-date: /home/corelab/ros2_stereo/install/gscam2/lib/libsubscriber_node.so
[0.153s] -- Up-to-date: /home/corelab/ros2_stereo/install/gscam2/lib/gscam2/gscam_main
[0.153s] -- Up-to-date: /home/corelab/ros2_stereo/install/gscam2/lib/gscam2/ipc_test_main
[0.153s] -- Up-to-date: /home/corelab/ros2_stereo/install/gscam2/share/gscam2/cfg
[0.153s] -- Up-to-date: /home/corelab/ros2_stereo/install/gscam2/share/gscam2/cfg/my_camera.ini
[0.153s] -- Up-to-date: /home/corelab/ros2_stereo/install/gscam2/share/gscam2/cfg/workaround_params.yaml
[0.153s] -- Up-to-date: /home/corelab/ros2_stereo/install/gscam2/share/gscam2/cfg/elp_left.yaml
[0.153s] -- Up-to-date: /home/corelab/ros2_stereo/install/gscam2/share/gscam2/cfg/params.yaml
[0.153s] -- Up-to-date: /home/corelab/ros2_stereo/install/gscam2/share/gscam2/launch
[0.153s] -- Up-to-date: /home/corelab/ros2_stereo/install/gscam2/share/gscam2/launch/burn_cream_blimp_node_param_launch.py
[0.153s] -- Up-to-date: /home/corelab/ros2_stereo/install/gscam2/share/gscam2/launch/composition_launch.py
[0.153s] -- Up-to-date: /home/corelab/ros2_stereo/install/gscam2/share/gscam2/launch/container_param_launch.py
[0.156s] Invoked command in '/home/corelab/ros2_stereo/build/gscam2' returned '0': CMAKE_PREFIX_PATH=/home/corelab/ros2_stereo/install/ros2_shared:/home/corelab/ros2_stereo/install/stereo_image_proc:/home/corelab/ros2_stereo/install/yolo_msgs:/home/corelab/ros2_stereo/install/gscam2:/home/corelab/ros2_stereo/install/opencv_telemetry:/home/corelab/ros2_stereo/install/image_view:/home/corelab/ros2_stereo/install/image_proc:/opt/ros/foxy /home/corelab/.local/bin/cmake --install /home/corelab/ros2_stereo/build/gscam2
