[0.034s] Invoking command in '/home/corelab/ros2_stereo/build/ros2_shared': CMAKE_PREFIX_PATH=/opt/ros/foxy /home/corelab/.local/bin/cmake --build /home/corelab/ros2_stereo/build/ros2_shared -- -j16 -l16
[0.091s] Invoked command in '/home/corelab/ros2_stereo/build/ros2_shared' returned '0': CMAKE_PREFIX_PATH=/opt/ros/foxy /home/corelab/.local/bin/cmake --build /home/corelab/ros2_stereo/build/ros2_shared -- -j16 -l16
[0.254s] Invoking command in '/home/corelab/ros2_stereo/build/ros2_shared': CMAKE_PREFIX_PATH=/opt/ros/foxy /home/corelab/.local/bin/cmake --install /home/corelab/ros2_stereo/build/ros2_shared
[0.291s] -- Install configuration: ""
[0.291s] -- Up-to-date: /home/corelab/ros2_stereo/install/ros2_shared/include
[0.291s] -- Up-to-date: /home/corelab/ros2_stereo/install/ros2_shared/include/ros2_shared
[0.291s] -- Up-to-date: /home/corelab/ros2_stereo/install/ros2_shared/include/ros2_shared/param_macros.hpp
[0.291s] -- Up-to-date: /home/corelab/ros2_stereo/install/ros2_shared/include/ros2_shared/string_printf.hpp
[0.291s] -- Up-to-date: /home/corelab/ros2_stereo/install/ros2_shared/include/ros2_shared/context_macros.hpp
[0.291s] -- Up-to-date: /home/corelab/ros2_stereo/install/ros2_shared/share/ament_index/resource_index/package_run_dependencies/ros2_shared
[0.291s] -- Up-to-date: /home/corelab/ros2_stereo/install/ros2_shared/share/ament_index/resource_index/parent_prefix_path/ros2_shared
[0.291s] -- Up-to-date: /home/corelab/ros2_stereo/install/ros2_shared/share/ros2_shared/environment/ament_prefix_path.sh
[0.291s] -- Up-to-date: /home/corelab/ros2_stereo/install/ros2_shared/share/ros2_shared/environment/ament_prefix_path.dsv
[0.291s] -- Up-to-date: /home/corelab/ros2_stereo/install/ros2_shared/share/ros2_shared/environment/path.sh
[0.291s] -- Up-to-date: /home/corelab/ros2_stereo/install/ros2_shared/share/ros2_shared/environment/path.dsv
[0.292s] -- Up-to-date: /home/corelab/ros2_stereo/install/ros2_shared/share/ros2_shared/local_setup.bash
[0.292s] -- Up-to-date: /home/corelab/ros2_stereo/install/ros2_shared/share/ros2_shared/local_setup.sh
[0.292s] -- Up-to-date: /home/corelab/ros2_stereo/install/ros2_shared/share/ros2_shared/local_setup.zsh
[0.292s] -- Up-to-date: /home/corelab/ros2_stereo/install/ros2_shared/share/ros2_shared/local_setup.dsv
[0.292s] -- Up-to-date: /home/corelab/ros2_stereo/install/ros2_shared/share/ros2_shared/package.dsv
[0.292s] -- Up-to-date: /home/corelab/ros2_stereo/install/ros2_shared/share/ament_index/resource_index/packages/ros2_shared
[0.292s] -- Up-to-date: /home/corelab/ros2_stereo/install/ros2_shared/share/ros2_shared/cmake/ros2_shared_targetsExport.cmake
[0.292s] -- Up-to-date: /home/corelab/ros2_stereo/install/ros2_shared/share/ros2_shared/cmake/ament_cmake_export_targets-extras.cmake
[0.292s] -- Up-to-date: /home/corelab/ros2_stereo/install/ros2_shared/share/ros2_shared/cmake/ament_cmake_export_dependencies-extras.cmake
[0.292s] -- Up-to-date: /home/corelab/ros2_stereo/install/ros2_shared/share/ros2_shared/cmake/ros2_sharedConfig.cmake
[0.292s] -- Up-to-date: /home/corelab/ros2_stereo/install/ros2_shared/share/ros2_shared/cmake/ros2_sharedConfig-version.cmake
[0.292s] -- Up-to-date: /home/corelab/ros2_stereo/install/ros2_shared/share/ros2_shared/package.xml
[0.300s] Invoked command in '/home/corelab/ros2_stereo/build/ros2_shared' returned '0': CMAKE_PREFIX_PATH=/opt/ros/foxy /home/corelab/.local/bin/cmake --install /home/corelab/ros2_stereo/build/ros2_shared
