[0.031s] Invoking command in '/home/corelab/ros2_stereo/build/image_proc': CMAKE_PREFIX_PATH=/opt/ros/foxy /home/corelab/.local/bin/cmake /home/corelab/ros2_stereo/src/image_proc -DCMAKE_INSTALL_PREFIX=/home/corelab/ros2_stereo/install/image_proc
[0.077s] -- The C compiler identification is GNU 9.4.0
[0.109s] -- The CXX compiler identification is GNU 9.4.0
[0.115s] -- Detecting C compiler ABI info
[0.145s] -- Detecting C compiler ABI info - done
[0.151s] -- Check for working C compiler: /usr/bin/cc - skipped
[0.151s] -- Detecting C compile features
[0.151s] -- Detecting C compile features - done
[0.153s] -- Detecting CXX compiler ABI info
[0.188s] -- Detecting CXX compiler ABI info - done
[0.195s] -- Check for working CXX compiler: /usr/bin/c++ - skipped
[0.195s] -- Detecting CXX compile features
[0.195s] -- Detecting CXX compile features - done
[0.198s] -- Found ament_cmake_auto: 0.9.12 (/opt/ros/foxy/share/ament_cmake_auto/cmake)
[0.225s] -- Found PythonInterp: /usr/bin/python3 (found suitable version "3.8.10", minimum required is "3") 
[0.225s] -- Using PYTHON_EXECUTABLE: /usr/bin/python3
[0.502s] -- Using all available rosidl_typesupport_c: rosidl_typesupport_connext_c;rosidl_typesupport_fastrtps_c;rosidl_typesupport_introspection_c
[0.511s] -- Found rosidl_adapter: 1.3.1 (/opt/ros/foxy/share/rosidl_adapter/cmake)
[0.518s] -- Found RTI Connext: /opt/rti.com/rti_connext_dds-5.3.1
[0.519s] [33mCMake Warning (dev) at /opt/ros/foxy/share/connext_cmake_module/cmake/Modules/FindConnext.cmake:163 (list):
[0.519s]   Policy CMP0121 is not set: The list() command now validates parsing of
[0.519s]   index arguments.  Run "cmake --help-policy CMP0121" for policy details.
[0.519s]   Use the cmake_policy command to set the policy and suppress this warning.
[0.519s]   Invalid list index "libnddsc.so".
[0.519s] Call Stack (most recent call first):
[0.519s]   /opt/ros/foxy/share/connext_cmake_module/cmake/Modules/FindConnext.cmake:198 (_count_found_libraries)
[0.519s]   /opt/ros/foxy/share/rosidl_typesupport_connext_c/cmake/rosidl_typesupport_connext_c-extras.cmake:5 (find_package)
[0.520s]   /opt/ros/foxy/share/rosidl_typesupport_connext_c/cmake/rosidl_typesupport_connext_cConfig.cmake:41 (include)
[0.520s]   /opt/ros/foxy/share/rosidl_typesupport_c/cmake/rosidl_typesupport_c-extras.cmake:13 (find_package)
[0.520s]   /opt/ros/foxy/share/rosidl_typesupport_c/cmake/rosidl_typesupport_cConfig.cmake:41 (include)
[0.520s]   /opt/ros/foxy/share/rosidl_default_runtime/cmake/rosidl_default_runtime-extras.cmake:12 (find_package)
[0.520s]   /opt/ros/foxy/share/rosidl_default_runtime/cmake/rosidl_default_runtimeConfig.cmake:41 (include)
[0.520s]   /opt/ros/foxy/share/builtin_interfaces/cmake/ament_cmake_export_dependencies-extras.cmake:21 (find_package)
[0.520s]   /opt/ros/foxy/share/builtin_interfaces/cmake/builtin_interfacesConfig.cmake:41 (include)
[0.520s]   /opt/ros/foxy/share/sensor_msgs/cmake/ament_cmake_export_dependencies-extras.cmake:21 (find_package)
[0.520s]   /opt/ros/foxy/share/sensor_msgs/cmake/sensor_msgsConfig.cmake:41 (include)
[0.520s]   /opt/ros/foxy/share/cv_bridge/cmake/ament_cmake_export_dependencies-extras.cmake:21 (find_package)
[0.520s]   /opt/ros/foxy/share/cv_bridge/cmake/cv_bridgeConfig.cmake:41 (include)
[0.520s]   /opt/ros/foxy/share/ament_cmake_auto/cmake/ament_auto_find_build_dependencies.cmake:67 (find_package)
[0.520s]   CMakeLists.txt:14 (ament_auto_find_build_dependencies)
[0.520s] This warning is for project developers.  Use -Wno-dev to suppress it.
[0.520s] [0m
[0.520s] [33mCMake Warning (dev) at /opt/ros/foxy/share/connext_cmake_module/cmake/Modules/FindConnext.cmake:163 (list):
[0.520s]   Policy CMP0121 is not set: The list() command now validates parsing of
[0.521s]   index arguments.  Run "cmake --help-policy CMP0121" for policy details.
[0.521s]   Use the cmake_policy command to set the policy and suppress this warning.
[0.521s]   Invalid list index "libnddscore.so".
[0.521s] Call Stack (most recent call first):
[0.521s]   /opt/ros/foxy/share/connext_cmake_module/cmake/Modules/FindConnext.cmake:198 (_count_found_libraries)
[0.521s]   /opt/ros/foxy/share/rosidl_typesupport_connext_c/cmake/rosidl_typesupport_connext_c-extras.cmake:5 (find_package)
[0.521s]   /opt/ros/foxy/share/rosidl_typesupport_connext_c/cmake/rosidl_typesupport_connext_cConfig.cmake:41 (include)
[0.521s]   /opt/ros/foxy/share/rosidl_typesupport_c/cmake/rosidl_typesupport_c-extras.cmake:13 (find_package)
[0.521s]   /opt/ros/foxy/share/rosidl_typesupport_c/cmake/rosidl_typesupport_cConfig.cmake:41 (include)
[0.521s]   /opt/ros/foxy/share/rosidl_default_runtime/cmake/rosidl_default_runtime-extras.cmake:12 (find_package)
[0.521s]   /opt/ros/foxy/share/rosidl_default_runtime/cmake/rosidl_default_runtimeConfig.cmake:41 (include)
[0.521s]   /opt/ros/foxy/share/builtin_interfaces/cmake/ament_cmake_export_dependencies-extras.cmake:21 (find_package)
[0.521s]   /opt/ros/foxy/share/builtin_interfaces/cmake/builtin_interfacesConfig.cmake:41 (include)
[0.521s]   /opt/ros/foxy/share/sensor_msgs/cmake/ament_cmake_export_dependencies-extras.cmake:21 (find_package)
[0.521s]   /opt/ros/foxy/share/sensor_msgs/cmake/sensor_msgsConfig.cmake:41 (include)
[0.521s]   /opt/ros/foxy/share/cv_bridge/cmake/ament_cmake_export_dependencies-extras.cmake:21 (find_package)
[0.521s]   /opt/ros/foxy/share/cv_bridge/cmake/cv_bridgeConfig.cmake:41 (include)
[0.521s]   /opt/ros/foxy/share/ament_cmake_auto/cmake/ament_auto_find_build_dependencies.cmake:67 (find_package)
[0.521s]   CMakeLists.txt:14 (ament_auto_find_build_dependencies)
[0.521s] This warning is for project developers.  Use -Wno-dev to suppress it.
[0.521s] [0m
[0.521s] [33mCMake Warning (dev) at /opt/ros/foxy/share/connext_cmake_module/cmake/Modules/FindConnext.cmake:163 (list):
[0.521s]   Policy CMP0121 is not set: The list() command now validates parsing of
[0.521s]   index arguments.  Run "cmake --help-policy CMP0121" for policy details.
[0.521s]   Use the cmake_policy command to set the policy and suppress this warning.
[0.521s]   Invalid list index "libnddscpp.so".
[0.521s] Call Stack (most recent call first):
[0.521s]   /opt/ros/foxy/share/connext_cmake_module/cmake/Modules/FindConnext.cmake:198 (_count_found_libraries)
[0.521s]   /opt/ros/foxy/share/rosidl_typesupport_connext_c/cmake/rosidl_typesupport_connext_c-extras.cmake:5 (find_package)
[0.522s]   /opt/ros/foxy/share/rosidl_typesupport_connext_c/cmake/rosidl_typesupport_connext_cConfig.cmake:41 (include)
[0.522s]   /opt/ros/foxy/share/rosidl_typesupport_c/cmake/rosidl_typesupport_c-extras.cmake:13 (find_package)
[0.522s]   /opt/ros/foxy/share/rosidl_typesupport_c/cmake/rosidl_typesupport_cConfig.cmake:41 (include)
[0.522s]   /opt/ros/foxy/share/rosidl_default_runtime/cmake/rosidl_default_runtime-extras.cmake:12 (find_package)
[0.522s]   /opt/ros/foxy/share/rosidl_default_runtime/cmake/rosidl_default_runtimeConfig.cmake:41 (include)
[0.522s]   /opt/ros/foxy/share/builtin_interfaces/cmake/ament_cmake_export_dependencies-extras.cmake:21 (find_package)
[0.522s]   /opt/ros/foxy/share/builtin_interfaces/cmake/builtin_interfacesConfig.cmake:41 (include)
[0.522s]   /opt/ros/foxy/share/sensor_msgs/cmake/ament_cmake_export_dependencies-extras.cmake:21 (find_package)
[0.522s]   /opt/ros/foxy/share/sensor_msgs/cmake/sensor_msgsConfig.cmake:41 (include)
[0.522s]   /opt/ros/foxy/share/cv_bridge/cmake/ament_cmake_export_dependencies-extras.cmake:21 (find_package)
[0.522s]   /opt/ros/foxy/share/cv_bridge/cmake/cv_bridgeConfig.cmake:41 (include)
[0.522s]   /opt/ros/foxy/share/ament_cmake_auto/cmake/ament_auto_find_build_dependencies.cmake:67 (find_package)
[0.522s]   CMakeLists.txt:14 (ament_auto_find_build_dependencies)
[0.522s] This warning is for project developers.  Use -Wno-dev to suppress it.
[0.522s] [0m
[0.522s] [33mCMake Warning (dev) at /opt/ros/foxy/share/connext_cmake_module/cmake/Modules/FindConnext.cmake:163 (list):
[0.522s]   Policy CMP0121 is not set: The list() command now validates parsing of
[0.522s]   index arguments.  Run "cmake --help-policy CMP0121" for policy details.
[0.522s]   Use the cmake_policy command to set the policy and suppress this warning.
[0.523s]   Invalid list index "librticonnextmsgcpp.so".
[0.523s] Call Stack (most recent call first):
[0.523s]   /opt/ros/foxy/share/connext_cmake_module/cmake/Modules/FindConnext.cmake:198 (_count_found_libraries)
[0.523s]   /opt/ros/foxy/share/rosidl_typesupport_connext_c/cmake/rosidl_typesupport_connext_c-extras.cmake:5 (find_package)
[0.523s]   /opt/ros/foxy/share/rosidl_typesupport_connext_c/cmake/rosidl_typesupport_connext_cConfig.cmake:41 (include)
[0.523s]   /opt/ros/foxy/share/rosidl_typesupport_c/cmake/rosidl_typesupport_c-extras.cmake:13 (find_package)
[0.523s]   /opt/ros/foxy/share/rosidl_typesupport_c/cmake/rosidl_typesupport_cConfig.cmake:41 (include)
[0.523s]   /opt/ros/foxy/share/rosidl_default_runtime/cmake/rosidl_default_runtime-extras.cmake:12 (find_package)
[0.523s]   /opt/ros/foxy/share/rosidl_default_runtime/cmake/rosidl_default_runtimeConfig.cmake:41 (include)
[0.523s]   /opt/ros/foxy/share/builtin_interfaces/cmake/ament_cmake_export_dependencies-extras.cmake:21 (find_package)
[0.523s]   /opt/ros/foxy/share/builtin_interfaces/cmake/builtin_interfacesConfig.cmake:41 (include)
[0.523s]   /opt/ros/foxy/share/sensor_msgs/cmake/ament_cmake_export_dependencies-extras.cmake:21 (find_package)
[0.523s]   /opt/ros/foxy/share/sensor_msgs/cmake/sensor_msgsConfig.cmake:41 (include)
[0.523s]   /opt/ros/foxy/share/cv_bridge/cmake/ament_cmake_export_dependencies-extras.cmake:21 (find_package)
[0.523s]   /opt/ros/foxy/share/cv_bridge/cmake/cv_bridgeConfig.cmake:41 (include)
[0.523s]   /opt/ros/foxy/share/ament_cmake_auto/cmake/ament_auto_find_build_dependencies.cmake:67 (find_package)
[0.523s]   CMakeLists.txt:14 (ament_auto_find_build_dependencies)
[0.523s] This warning is for project developers.  Use -Wno-dev to suppress it.
[0.524s] [0m
[0.524s] [33mCMake Warning (dev) at /opt/ros/foxy/share/connext_cmake_module/cmake/Modules/FindConnext.cmake:163 (list):
[0.524s]   Policy CMP0121 is not set: The list() command now validates parsing of
[0.524s]   index arguments.  Run "cmake --help-policy CMP0121" for policy details.
[0.524s]   Use the cmake_policy command to set the policy and suppress this warning.
[0.524s]   Invalid list index "libnddscd.so".
[0.524s] Call Stack (most recent call first):
[0.524s]   /opt/ros/foxy/share/connext_cmake_module/cmake/Modules/FindConnext.cmake:199 (_count_found_libraries)
[0.524s]   /opt/ros/foxy/share/rosidl_typesupport_connext_c/cmake/rosidl_typesupport_connext_c-extras.cmake:5 (find_package)
[0.524s]   /opt/ros/foxy/share/rosidl_typesupport_connext_c/cmake/rosidl_typesupport_connext_cConfig.cmake:41 (include)
[0.524s]   /opt/ros/foxy/share/rosidl_typesupport_c/cmake/rosidl_typesupport_c-extras.cmake:13 (find_package)
[0.524s]   /opt/ros/foxy/share/rosidl_typesupport_c/cmake/rosidl_typesupport_cConfig.cmake:41 (include)
[0.524s]   /opt/ros/foxy/share/rosidl_default_runtime/cmake/rosidl_default_runtime-extras.cmake:12 (find_package)
[0.524s]   /opt/ros/foxy/share/rosidl_default_runtime/cmake/rosidl_default_runtimeConfig.cmake:41 (include)
[0.524s]   /opt/ros/foxy/share/builtin_interfaces/cmake/ament_cmake_export_dependencies-extras.cmake:21 (find_package)
[0.524s]   /opt/ros/foxy/share/builtin_interfaces/cmake/builtin_interfacesConfig.cmake:41 (include)
[0.524s]   /opt/ros/foxy/share/sensor_msgs/cmake/ament_cmake_export_dependencies-extras.cmake:21 (find_package)
[0.525s]   /opt/ros/foxy/share/sensor_msgs/cmake/sensor_msgsConfig.cmake:41 (include)
[0.525s]   /opt/ros/foxy/share/cv_bridge/cmake/ament_cmake_export_dependencies-extras.cmake:21 (find_package)
[0.525s]   /opt/ros/foxy/share/cv_bridge/cmake/cv_bridgeConfig.cmake:41 (include)
[0.525s]   /opt/ros/foxy/share/ament_cmake_auto/cmake/ament_auto_find_build_dependencies.cmake:67 (find_package)
[0.525s]   CMakeLists.txt:14 (ament_auto_find_build_dependencies)
[0.525s] This warning is for project developers.  Use -Wno-dev to suppress it.
[0.525s] [0m
[0.525s] [33mCMake Warning (dev) at /opt/ros/foxy/share/connext_cmake_module/cmake/Modules/FindConnext.cmake:163 (list):
[0.525s]   Policy CMP0121 is not set: The list() command now validates parsing of
[0.525s]   index arguments.  Run "cmake --help-policy CMP0121" for policy details.
[0.525s]   Use the cmake_policy command to set the policy and suppress this warning.
[0.525s]   Invalid list index "libnddscored.so".
[0.525s] Call Stack (most recent call first):
[0.525s]   /opt/ros/foxy/share/connext_cmake_module/cmake/Modules/FindConnext.cmake:199 (_count_found_libraries)
[0.525s]   /opt/ros/foxy/share/rosidl_typesupport_connext_c/cmake/rosidl_typesupport_connext_c-extras.cmake:5 (find_package)
[0.525s]   /opt/ros/foxy/share/rosidl_typesupport_connext_c/cmake/rosidl_typesupport_connext_cConfig.cmake:41 (include)
[0.525s]   /opt/ros/foxy/share/rosidl_typesupport_c/cmake/rosidl_typesupport_c-extras.cmake:13 (find_package)
[0.525s]   /opt/ros/foxy/share/rosidl_typesupport_c/cmake/rosidl_typesupport_cConfig.cmake:41 (include)
[0.526s]   /opt/ros/foxy/share/rosidl_default_runtime/cmake/rosidl_default_runtime-extras.cmake:12 (find_package)
[0.526s]   /opt/ros/foxy/share/rosidl_default_runtime/cmake/rosidl_default_runtimeConfig.cmake:41 (include)
[0.526s]   /opt/ros/foxy/share/builtin_interfaces/cmake/ament_cmake_export_dependencies-extras.cmake:21 (find_package)
[0.526s]   /opt/ros/foxy/share/builtin_interfaces/cmake/builtin_interfacesConfig.cmake:41 (include)
[0.526s]   /opt/ros/foxy/share/sensor_msgs/cmake/ament_cmake_export_dependencies-extras.cmake:21 (find_package)
[0.526s]   /opt/ros/foxy/share/sensor_msgs/cmake/sensor_msgsConfig.cmake:41 (include)
[0.526s]   /opt/ros/foxy/share/cv_bridge/cmake/ament_cmake_export_dependencies-extras.cmake:21 (find_package)
[0.526s]   /opt/ros/foxy/share/cv_bridge/cmake/cv_bridgeConfig.cmake:41 (include)
[0.526s]   /opt/ros/foxy/share/ament_cmake_auto/cmake/ament_auto_find_build_dependencies.cmake:67 (find_package)
[0.526s]   CMakeLists.txt:14 (ament_auto_find_build_dependencies)
[0.526s] This warning is for project developers.  Use -Wno-dev to suppress it.
[0.526s] [0m
[0.526s] [33mCMake Warning (dev) at /opt/ros/foxy/share/connext_cmake_module/cmake/Modules/FindConnext.cmake:163 (list):
[0.526s]   Policy CMP0121 is not set: The list() command now validates parsing of
[0.526s]   index arguments.  Run "cmake --help-policy CMP0121" for policy details.
[0.526s]   Use the cmake_policy command to set the policy and suppress this warning.
[0.526s]   Invalid list index "libnddscppd.so".
[0.527s] Call Stack (most recent call first):
[0.527s]   /opt/ros/foxy/share/connext_cmake_module/cmake/Modules/FindConnext.cmake:199 (_count_found_libraries)
[0.527s]   /opt/ros/foxy/share/rosidl_typesupport_connext_c/cmake/rosidl_typesupport_connext_c-extras.cmake:5 (find_package)
[0.527s]   /opt/ros/foxy/share/rosidl_typesupport_connext_c/cmake/rosidl_typesupport_connext_cConfig.cmake:41 (include)
[0.527s]   /opt/ros/foxy/share/rosidl_typesupport_c/cmake/rosidl_typesupport_c-extras.cmake:13 (find_package)
[0.527s]   /opt/ros/foxy/share/rosidl_typesupport_c/cmake/rosidl_typesupport_cConfig.cmake:41 (include)
[0.527s]   /opt/ros/foxy/share/rosidl_default_runtime/cmake/rosidl_default_runtime-extras.cmake:12 (find_package)
[0.527s]   /opt/ros/foxy/share/rosidl_default_runtime/cmake/rosidl_default_runtimeConfig.cmake:41 (include)
[0.527s]   /opt/ros/foxy/share/builtin_interfaces/cmake/ament_cmake_export_dependencies-extras.cmake:21 (find_package)
[0.527s]   /opt/ros/foxy/share/builtin_interfaces/cmake/builtin_interfacesConfig.cmake:41 (include)
[0.527s]   /opt/ros/foxy/share/sensor_msgs/cmake/ament_cmake_export_dependencies-extras.cmake:21 (find_package)
[0.527s]   /opt/ros/foxy/share/sensor_msgs/cmake/sensor_msgsConfig.cmake:41 (include)
[0.527s]   /opt/ros/foxy/share/cv_bridge/cmake/ament_cmake_export_dependencies-extras.cmake:21 (find_package)
[0.527s]   /opt/ros/foxy/share/cv_bridge/cmake/cv_bridgeConfig.cmake:41 (include)
[0.527s]   /opt/ros/foxy/share/ament_cmake_auto/cmake/ament_auto_find_build_dependencies.cmake:67 (find_package)
[0.527s]   CMakeLists.txt:14 (ament_auto_find_build_dependencies)
[0.527s] This warning is for project developers.  Use -Wno-dev to suppress it.
[0.527s] [0m
[0.528s] [33mCMake Warning (dev) at /opt/ros/foxy/share/connext_cmake_module/cmake/Modules/FindConnext.cmake:163 (list):
[0.528s]   Policy CMP0121 is not set: The list() command now validates parsing of
[0.528s]   index arguments.  Run "cmake --help-policy CMP0121" for policy details.
[0.528s]   Use the cmake_policy command to set the policy and suppress this warning.
[0.528s]   Invalid list index "librticonnextmsgcppd.so".
[0.528s] Call Stack (most recent call first):
[0.528s]   /opt/ros/foxy/share/connext_cmake_module/cmake/Modules/FindConnext.cmake:199 (_count_found_libraries)
[0.528s]   /opt/ros/foxy/share/rosidl_typesupport_connext_c/cmake/rosidl_typesupport_connext_c-extras.cmake:5 (find_package)
[0.528s]   /opt/ros/foxy/share/rosidl_typesupport_connext_c/cmake/rosidl_typesupport_connext_cConfig.cmake:41 (include)
[0.528s]   /opt/ros/foxy/share/rosidl_typesupport_c/cmake/rosidl_typesupport_c-extras.cmake:13 (find_package)
[0.528s]   /opt/ros/foxy/share/rosidl_typesupport_c/cmake/rosidl_typesupport_cConfig.cmake:41 (include)
[0.528s]   /opt/ros/foxy/share/rosidl_default_runtime/cmake/rosidl_default_runtime-extras.cmake:12 (find_package)
[0.528s]   /opt/ros/foxy/share/rosidl_default_runtime/cmake/rosidl_default_runtimeConfig.cmake:41 (include)
[0.528s]   /opt/ros/foxy/share/builtin_interfaces/cmake/ament_cmake_export_dependencies-extras.cmake:21 (find_package)
[0.528s]   /opt/ros/foxy/share/builtin_interfaces/cmake/builtin_interfacesConfig.cmake:41 (include)
[0.528s]   /opt/ros/foxy/share/sensor_msgs/cmake/ament_cmake_export_dependencies-extras.cmake:21 (find_package)
[0.528s]   /opt/ros/foxy/share/sensor_msgs/cmake/sensor_msgsConfig.cmake:41 (include)
[0.528s]   /opt/ros/foxy/share/cv_bridge/cmake/ament_cmake_export_dependencies-extras.cmake:21 (find_package)
[0.528s]   /opt/ros/foxy/share/cv_bridge/cmake/cv_bridgeConfig.cmake:41 (include)
[0.528s]   /opt/ros/foxy/share/ament_cmake_auto/cmake/ament_auto_find_build_dependencies.cmake:67 (find_package)
[0.528s]   CMakeLists.txt:14 (ament_auto_find_build_dependencies)
[0.528s] This warning is for project developers.  Use -Wno-dev to suppress it.
[0.528s] [0m
[0.528s] [0mCMake Deprecation Warning at /home/corelab/ros2_stereo/build/image_proc/connext_cmake_module/check_abi/CMakeLists.txt:15 (cmake_minimum_required):
[0.528s]   Compatibility with CMake < 2.8.12 will be removed from a future version of
[0.528s]   CMake.
[0.529s] 
[0.529s]   Update the VERSION argument <min> value or use a ...<max> suffix to tell
[0.529s]   CMake that the project does not need compatibility with older versions.
[0.529s] 
[0.529s] [0m
[1.100s] -- Found OpenSSL: /usr/lib/x86_64-linux-gnu/libcrypto.so (found version "1.1.1f")  
[1.123s] -- Found FastRTPS: /opt/ros/foxy/include  
[1.181s] -- Using all available rosidl_typesupport_cpp: rosidl_typesupport_connext_cpp;rosidl_typesupport_fastrtps_cpp;rosidl_typesupport_introspection_cpp
[1.347s] -- Found rmw_implementation_cmake: 1.0.4 (/opt/ros/foxy/share/rmw_implementation_cmake/cmake)
[1.348s] -- Using RMW implementation 'rmw_fastrtps_cpp' as default
[1.349s] -- Performing Test CMAKE_HAVE_LIBC_PTHREAD
[1.380s] -- Performing Test CMAKE_HAVE_LIBC_PTHREAD - Failed
[1.380s] -- Looking for pthread_create in pthreads
[1.405s] -- Looking for pthread_create in pthreads - not found
[1.405s] -- Looking for pthread_create in pthread
[1.435s] -- Looking for pthread_create in pthread - found
[1.436s] -- Found Threads: TRUE  
[1.604s] -- Found OpenCV: /usr/local (found version "4.7.0") 
[1.748s] -- Found ament_lint_auto: 0.9.8 (/opt/ros/foxy/share/ament_lint_auto/cmake)
[1.776s] -- Added test 'copyright' to check source files copyright and LICENSE
[1.781s] -- Added test 'cppcheck' to perform static code analysis on C / C++ code
[1.781s] -- Configured cppcheck include dirs: /home/corelab/ros2_stereo/src/image_proc/include
[1.781s] -- Configured cppcheck exclude dirs and/or files: 
[1.786s] -- Added test 'cpplint' to check C / C++ code against the Google style
[1.786s] -- Configured cpplint exclude dirs and/or files: 
[1.786s] -- Added test 'flake8' to check Python code syntax and style conventions
[1.788s] -- Added test 'lint_cmake' to check CMake code style
[1.789s] -- Added test 'pep257' to check Python code against some of the style conventions in PEP 257
[1.793s] -- Added test 'uncrustify' to check C / C++ code style
[1.793s] -- Configured uncrustify additional arguments: 
[1.794s] -- Added test 'xmllint' to check XML markup files
[1.796s] -- Configuring done
[1.867s] -- Generating done
[1.868s] -- Build files have been written to: /home/corelab/ros2_stereo/build/image_proc
[1.879s] Invoked command in '/home/corelab/ros2_stereo/build/image_proc' returned '0': CMAKE_PREFIX_PATH=/opt/ros/foxy /home/corelab/.local/bin/cmake /home/corelab/ros2_stereo/src/image_proc -DCMAKE_INSTALL_PREFIX=/home/corelab/ros2_stereo/install/image_proc
[1.881s] Invoking command in '/home/corelab/ros2_stereo/build/image_proc': CMAKE_PREFIX_PATH=/opt/ros/foxy /home/corelab/.local/bin/cmake --build /home/corelab/ros2_stereo/build/image_proc -- -j16 -l16
[1.912s] [  6%] [32mBuilding CXX object CMakeFiles/image_proc.dir/src/image_proc/processor.cpp.o[0m
[2.768s] [ 13%] [32m[1mLinking CXX shared library libimage_proc.so[0m
[3.002s] [ 13%] Built target image_proc
[3.014s] [ 20%] [32mBuilding CXX object CMakeFiles/rectify.dir/src/rectify.cpp.o[0m
[6.589s] [ 26%] [32m[1mLinking CXX shared library librectify.so[0m
[7.016s] [ 26%] Built target rectify
[7.104s] [ 33%] [32mBuilding CXX object CMakeFiles/debayer.dir/src/debayer.cpp.o[0m
[7.118s] [ 40%] [32mBuilding CXX object CMakeFiles/debayer.dir/src/edge_aware.cpp.o[0m
[9.848s] [ 46%] [32m[1mLinking CXX shared library libdebayer.so[0m
[10.051s] [ 46%] Built target debayer
[10.057s] [ 53%] [32mBuilding CXX object CMakeFiles/resize.dir/src/resize.cpp.o[0m
[11.980s] [ 60%] [32m[1mLinking CXX shared library libresize.so[0m
[12.175s] [ 60%] Built target resize
[12.181s] [ 66%] [32mBuilding CXX object CMakeFiles/crop_decimate.dir/src/crop_decimate.cpp.o[0m
[14.712s] [ 73%] [32m[1mLinking CXX shared library libcrop_decimate.so[0m
[14.916s] [ 73%] Built target crop_decimate
[14.922s] [ 80%] [32mBuilding CXX object CMakeFiles/crop_non_zero.dir/src/crop_non_zero.cpp.o[0m
[16.300s] [ 86%] [32m[1mLinking CXX shared library libcrop_non_zero.so[0m
[16.417s] [ 86%] Built target crop_non_zero
[16.422s] [ 93%] [32mBuilding CXX object CMakeFiles/image_proc_exe.dir/src/image_proc.cpp.o[0m
[17.649s] [100%] [32m[1mLinking CXX executable image_proc[0m
[17.894s] [100%] Built target image_proc_exe
[17.905s] Invoked command in '/home/corelab/ros2_stereo/build/image_proc' returned '0': CMAKE_PREFIX_PATH=/opt/ros/foxy /home/corelab/.local/bin/cmake --build /home/corelab/ros2_stereo/build/image_proc -- -j16 -l16
[18.005s] Invoking command in '/home/corelab/ros2_stereo/build/image_proc': CMAKE_PREFIX_PATH=/opt/ros/foxy /home/corelab/.local/bin/cmake --install /home/corelab/ros2_stereo/build/image_proc
[18.049s] -- Install configuration: ""
[18.049s] -- Installing: /home/corelab/ros2_stereo/install/image_proc/bin/image_proc
[18.049s] -- Set runtime path of "/home/corelab/ros2_stereo/install/image_proc/bin/image_proc" to ""
[18.049s] -- Installing: /home/corelab/ros2_stereo/install/image_proc/include
[18.049s] -- Installing: /home/corelab/ros2_stereo/install/image_proc/include/image_proc
[18.049s] -- Installing: /home/corelab/ros2_stereo/install/image_proc/include/image_proc/debayer.hpp
[18.049s] -- Installing: /home/corelab/ros2_stereo/install/image_proc/include/image_proc/edge_aware.hpp
[18.049s] -- Installing: /home/corelab/ros2_stereo/install/image_proc/include/image_proc/processor.hpp
[18.050s] -- Installing: /home/corelab/ros2_stereo/install/image_proc/include/image_proc/crop_decimate.hpp
[18.050s] -- Installing: /home/corelab/ros2_stereo/install/image_proc/include/image_proc/rectify.hpp
[18.050s] -- Installing: /home/corelab/ros2_stereo/install/image_proc/include/image_proc/resize.hpp
[18.050s] -- Installing: /home/corelab/ros2_stereo/install/image_proc/include/image_proc/crop_non_zero.hpp
[18.050s] -- Installing: /home/corelab/ros2_stereo/install/image_proc/share/image_proc/environment/library_path.sh
[18.050s] -- Installing: /home/corelab/ros2_stereo/install/image_proc/share/image_proc/environment/library_path.dsv
[18.050s] -- Installing: /home/corelab/ros2_stereo/install/image_proc/lib/libimage_proc.so
[18.050s] -- Set runtime path of "/home/corelab/ros2_stereo/install/image_proc/lib/libimage_proc.so" to ""
[18.050s] -- Installing: /home/corelab/ros2_stereo/install/image_proc/lib/librectify.so
[18.050s] -- Set runtime path of "/home/corelab/ros2_stereo/install/image_proc/lib/librectify.so" to ""
[18.050s] -- Installing: /home/corelab/ros2_stereo/install/image_proc/lib/libdebayer.so
[18.051s] -- Set runtime path of "/home/corelab/ros2_stereo/install/image_proc/lib/libdebayer.so" to ""
[18.051s] -- Installing: /home/corelab/ros2_stereo/install/image_proc/lib/libresize.so
[18.051s] -- Set runtime path of "/home/corelab/ros2_stereo/install/image_proc/lib/libresize.so" to ""
[18.051s] -- Installing: /home/corelab/ros2_stereo/install/image_proc/lib/libcrop_decimate.so
[18.051s] -- Set runtime path of "/home/corelab/ros2_stereo/install/image_proc/lib/libcrop_decimate.so" to ""
[18.051s] -- Installing: /home/corelab/ros2_stereo/install/image_proc/lib/libcrop_non_zero.so
[18.052s] -- Set runtime path of "/home/corelab/ros2_stereo/install/image_proc/lib/libcrop_non_zero.so" to ""
[18.052s] -- Installing: /home/corelab/ros2_stereo/install/image_proc/lib/image_proc/image_proc
[18.052s] -- Set runtime path of "/home/corelab/ros2_stereo/install/image_proc/lib/image_proc/image_proc" to ""
[18.052s] -- Installing: /home/corelab/ros2_stereo/install/image_proc/share/image_proc/launch
[18.052s] -- Installing: /home/corelab/ros2_stereo/install/image_proc/share/image_proc/launch/image_proc.launch.py
[18.060s] -- Installing: /home/corelab/ros2_stereo/install/image_proc/share/ament_index/resource_index/package_run_dependencies/image_proc
[18.061s] -- Installing: /home/corelab/ros2_stereo/install/image_proc/share/ament_index/resource_index/parent_prefix_path/image_proc
[18.061s] -- Installing: /home/corelab/ros2_stereo/install/image_proc/share/image_proc/environment/ament_prefix_path.sh
[18.061s] -- Installing: /home/corelab/ros2_stereo/install/image_proc/share/image_proc/environment/ament_prefix_path.dsv
[18.061s] -- Installing: /home/corelab/ros2_stereo/install/image_proc/share/image_proc/environment/path.sh
[18.061s] -- Installing: /home/corelab/ros2_stereo/install/image_proc/share/image_proc/environment/path.dsv
[18.061s] -- Installing: /home/corelab/ros2_stereo/install/image_proc/share/image_proc/local_setup.bash
[18.061s] -- Installing: /home/corelab/ros2_stereo/install/image_proc/share/image_proc/local_setup.sh
[18.061s] -- Installing: /home/corelab/ros2_stereo/install/image_proc/share/image_proc/local_setup.zsh
[18.061s] -- Installing: /home/corelab/ros2_stereo/install/image_proc/share/image_proc/local_setup.dsv
[18.061s] -- Installing: /home/corelab/ros2_stereo/install/image_proc/share/image_proc/package.dsv
[18.061s] -- Installing: /home/corelab/ros2_stereo/install/image_proc/share/ament_index/resource_index/packages/image_proc
[18.061s] -- Installing: /home/corelab/ros2_stereo/install/image_proc/share/ament_index/resource_index/rclcpp_components/image_proc
[18.061s] -- Installing: /home/corelab/ros2_stereo/install/image_proc/share/image_proc/cmake/ament_cmake_export_dependencies-extras.cmake
[18.061s] -- Installing: /home/corelab/ros2_stereo/install/image_proc/share/image_proc/cmake/ament_cmake_export_include_directories-extras.cmake
[18.062s] -- Installing: /home/corelab/ros2_stereo/install/image_proc/share/image_proc/cmake/ament_cmake_export_libraries-extras.cmake
[18.062s] -- Installing: /home/corelab/ros2_stereo/install/image_proc/share/image_proc/cmake/image_procConfig.cmake
[18.062s] -- Installing: /home/corelab/ros2_stereo/install/image_proc/share/image_proc/cmake/image_procConfig-version.cmake
[18.062s] -- Installing: /home/corelab/ros2_stereo/install/image_proc/share/image_proc/package.xml
[18.066s] Invoked command in '/home/corelab/ros2_stereo/build/image_proc' returned '0': CMAKE_PREFIX_PATH=/opt/ros/foxy /home/corelab/.local/bin/cmake --install /home/corelab/ros2_stereo/build/image_proc
