[0.193s] DEBUG:colcon:Command line arguments: ['/usr/bin/colcon', 'build', '--allow-overriding', 'image_proc', 'image_view', 'stereo_image_proc']
[0.193s] DEBUG:colcon:Parsed command line arguments: Namespace(allow_overriding=['image_proc', 'image_view', 'stereo_image_proc'], ament_cmake_args=None, base_paths=['.'], build_base='build', catkin_cmake_args=None, catkin_skip_building_tests=False, cmake_args=None, cmake_clean_cache=False, cmake_clean_first=False, cmake_force_configure=False, cmake_target=None, cmake_target_skip_unavailable=False, continue_on_error=False, event_handlers=None, executor='parallel', ignore_user_meta=False, install_base='install', log_base=None, log_level=None, main=<bound method BuildVerb.main of <colcon_core.verb.build.BuildVerb object at 0x7f4ffd65d160>>, merge_install=False, metas=['./colcon.meta'], packages_above=None, packages_above_and_dependencies=None, packages_above_depth=None, packages_end=None, packages_ignore=None, packages_ignore_regex=None, packages_select=None, packages_select_build_failed=False, packages_select_by_dep=None, packages_select_regex=None, packages_select_test_failures=False, packages_skip=None, packages_skip_build_finished=False, packages_skip_by_dep=None, packages_skip_regex=None, packages_skip_test_passed=False, packages_skip_up_to=None, packages_start=None, packages_up_to=None, packages_up_to_regex=None, parallel_workers=16, paths=None, symlink_install=False, test_result_base=None, verb_extension=<colcon_core.verb.build.BuildVerb object at 0x7f4ffd65d160>, verb_name='build', verb_parser=<colcon_defaults.argument_parser.defaults.DefaultArgumentsDecorator object at 0x7f4ffd62feb0>)
[0.216s] Level 1:colcon.colcon_core.package_discovery:discover_packages(colcon_meta) check parameters
[0.216s] Level 1:colcon.colcon_core.package_discovery:discover_packages(recursive) check parameters
[0.216s] Level 1:colcon.colcon_core.package_discovery:discover_packages(ignore) check parameters
[0.216s] Level 1:colcon.colcon_core.package_discovery:discover_packages(path) check parameters
[0.216s] Level 1:colcon.colcon_core.package_discovery:discover_packages(colcon_meta) discover
[0.216s] Level 1:colcon.colcon_core.package_discovery:discover_packages(recursive) discover
[0.216s] INFO:colcon.colcon_core.package_discovery:Crawling recursively for packages in '/home/corelab/ros2_stereo'
[0.216s] Level 1:colcon.colcon_core.package_identification:_identify(.) by extensions ['ignore', 'ignore_ament_install']
[0.216s] Level 1:colcon.colcon_core.package_identification:_identify(.) by extension 'ignore'
[0.216s] Level 1:colcon.colcon_core.package_identification:_identify(.) by extension 'ignore_ament_install'
[0.216s] Level 1:colcon.colcon_core.package_identification:_identify(.) by extensions ['colcon_pkg']
[0.216s] Level 1:colcon.colcon_core.package_identification:_identify(.) by extension 'colcon_pkg'
[0.216s] Level 1:colcon.colcon_core.package_identification:_identify(.) by extensions ['colcon_meta']
[0.216s] Level 1:colcon.colcon_core.package_identification:_identify(.) by extension 'colcon_meta'
[0.216s] Level 1:colcon.colcon_core.package_identification:_identify(.) by extensions ['ros']
[0.216s] Level 1:colcon.colcon_core.package_identification:_identify(.) by extension 'ros'
[0.223s] Level 1:colcon.colcon_core.package_identification:_identify(.) by extensions ['cmake', 'python']
[0.223s] Level 1:colcon.colcon_core.package_identification:_identify(.) by extension 'cmake'
[0.223s] Level 1:colcon.colcon_core.package_identification:_identify(.) by extension 'python'
[0.223s] Level 1:colcon.colcon_core.package_identification:_identify(.) by extensions ['python_setup_py']
[0.223s] Level 1:colcon.colcon_core.package_identification:_identify(.) by extension 'python_setup_py'
[0.224s] Level 1:colcon.colcon_core.package_identification:_identify(build) by extensions ['ignore', 'ignore_ament_install']
[0.224s] Level 1:colcon.colcon_core.package_identification:_identify(build) by extension 'ignore'
[0.224s] Level 1:colcon.colcon_core.package_identification:_identify(build) ignored
[0.224s] Level 1:colcon.colcon_core.package_identification:_identify(install) by extensions ['ignore', 'ignore_ament_install']
[0.224s] Level 1:colcon.colcon_core.package_identification:_identify(install) by extension 'ignore'
[0.224s] Level 1:colcon.colcon_core.package_identification:_identify(install) ignored
[0.224s] Level 1:colcon.colcon_core.package_identification:_identify(log) by extensions ['ignore', 'ignore_ament_install']
[0.224s] Level 1:colcon.colcon_core.package_identification:_identify(log) by extension 'ignore'
[0.224s] Level 1:colcon.colcon_core.package_identification:_identify(log) ignored
[0.224s] Level 1:colcon.colcon_core.package_identification:_identify(src) by extensions ['ignore', 'ignore_ament_install']
[0.224s] Level 1:colcon.colcon_core.package_identification:_identify(src) by extension 'ignore'
[0.224s] Level 1:colcon.colcon_core.package_identification:_identify(src) by extension 'ignore_ament_install'
[0.224s] Level 1:colcon.colcon_core.package_identification:_identify(src) by extensions ['colcon_pkg']
[0.224s] Level 1:colcon.colcon_core.package_identification:_identify(src) by extension 'colcon_pkg'
[0.224s] Level 1:colcon.colcon_core.package_identification:_identify(src) by extensions ['colcon_meta']
[0.224s] Level 1:colcon.colcon_core.package_identification:_identify(src) by extension 'colcon_meta'
[0.224s] Level 1:colcon.colcon_core.package_identification:_identify(src) by extensions ['ros']
[0.224s] Level 1:colcon.colcon_core.package_identification:_identify(src) by extension 'ros'
[0.224s] Level 1:colcon.colcon_core.package_identification:_identify(src) by extensions ['cmake', 'python']
[0.224s] Level 1:colcon.colcon_core.package_identification:_identify(src) by extension 'cmake'
[0.224s] Level 1:colcon.colcon_core.package_identification:_identify(src) by extension 'python'
[0.224s] Level 1:colcon.colcon_core.package_identification:_identify(src) by extensions ['python_setup_py']
[0.224s] Level 1:colcon.colcon_core.package_identification:_identify(src) by extension 'python_setup_py'
[0.224s] Level 1:colcon.colcon_core.package_identification:_identify(src/image_proc) by extensions ['ignore', 'ignore_ament_install']
[0.224s] Level 1:colcon.colcon_core.package_identification:_identify(src/image_proc) by extension 'ignore'
[0.224s] Level 1:colcon.colcon_core.package_identification:_identify(src/image_proc) by extension 'ignore_ament_install'
[0.224s] Level 1:colcon.colcon_core.package_identification:_identify(src/image_proc) by extensions ['colcon_pkg']
[0.224s] Level 1:colcon.colcon_core.package_identification:_identify(src/image_proc) by extension 'colcon_pkg'
[0.224s] Level 1:colcon.colcon_core.package_identification:_identify(src/image_proc) by extensions ['colcon_meta']
[0.224s] Level 1:colcon.colcon_core.package_identification:_identify(src/image_proc) by extension 'colcon_meta'
[0.224s] Level 1:colcon.colcon_core.package_identification:_identify(src/image_proc) by extensions ['ros']
[0.224s] Level 1:colcon.colcon_core.package_identification:_identify(src/image_proc) by extension 'ros'
[0.226s] DEBUG:colcon.colcon_core.package_identification:Package 'src/image_proc' with type 'ros.ament_cmake' and name 'image_proc'
[0.226s] Level 1:colcon.colcon_core.package_identification:_identify(src/image_view) by extensions ['ignore', 'ignore_ament_install']
[0.226s] Level 1:colcon.colcon_core.package_identification:_identify(src/image_view) by extension 'ignore'
[0.226s] Level 1:colcon.colcon_core.package_identification:_identify(src/image_view) by extension 'ignore_ament_install'
[0.226s] Level 1:colcon.colcon_core.package_identification:_identify(src/image_view) by extensions ['colcon_pkg']
[0.227s] Level 1:colcon.colcon_core.package_identification:_identify(src/image_view) by extension 'colcon_pkg'
[0.227s] Level 1:colcon.colcon_core.package_identification:_identify(src/image_view) by extensions ['colcon_meta']
[0.227s] Level 1:colcon.colcon_core.package_identification:_identify(src/image_view) by extension 'colcon_meta'
[0.227s] Level 1:colcon.colcon_core.package_identification:_identify(src/image_view) by extensions ['ros']
[0.227s] Level 1:colcon.colcon_core.package_identification:_identify(src/image_view) by extension 'ros'
[0.227s] DEBUG:colcon.colcon_core.package_identification:Package 'src/image_view' with type 'ros.ament_cmake' and name 'image_view'
[0.227s] Level 1:colcon.colcon_core.package_identification:_identify(src/stereo_image_proc) by extensions ['ignore', 'ignore_ament_install']
[0.227s] Level 1:colcon.colcon_core.package_identification:_identify(src/stereo_image_proc) by extension 'ignore'
[0.227s] Level 1:colcon.colcon_core.package_identification:_identify(src/stereo_image_proc) by extension 'ignore_ament_install'
[0.227s] Level 1:colcon.colcon_core.package_identification:_identify(src/stereo_image_proc) by extensions ['colcon_pkg']
[0.228s] Level 1:colcon.colcon_core.package_identification:_identify(src/stereo_image_proc) by extension 'colcon_pkg'
[0.228s] Level 1:colcon.colcon_core.package_identification:_identify(src/stereo_image_proc) by extensions ['colcon_meta']
[0.228s] Level 1:colcon.colcon_core.package_identification:_identify(src/stereo_image_proc) by extension 'colcon_meta'
[0.228s] Level 1:colcon.colcon_core.package_identification:_identify(src/stereo_image_proc) by extensions ['ros']
[0.228s] Level 1:colcon.colcon_core.package_identification:_identify(src/stereo_image_proc) by extension 'ros'
[0.228s] DEBUG:colcon.colcon_core.package_identification:Package 'src/stereo_image_proc' with type 'ros.ament_cmake' and name 'stereo_image_proc'
[0.228s] Level 1:colcon.colcon_core.package_discovery:discover_packages(recursive) using defaults
[0.228s] Level 1:colcon.colcon_core.package_discovery:discover_packages(ignore) discover
[0.228s] Level 1:colcon.colcon_core.package_discovery:discover_packages(ignore) using defaults
[0.228s] Level 1:colcon.colcon_core.package_discovery:discover_packages(path) discover
[0.228s] Level 1:colcon.colcon_core.package_discovery:discover_packages(path) using defaults
[0.241s] Level 1:colcon.colcon_core.package_discovery:discover_packages(prefix_path) check parameters
[0.241s] Level 1:colcon.colcon_core.package_discovery:discover_packages(prefix_path) discover
[0.242s] WARNING:colcon.colcon_core.prefix_path.colcon:The path '/home/corelab/ros2_img_publisher/install' in the environment variable COLCON_PREFIX_PATH doesn't exist
[0.242s] WARNING:colcon.colcon_ros.prefix_path.ament:The path '/home/corelab/ros2_img_publisher/install/image_publisher' in the environment variable AMENT_PREFIX_PATH doesn't exist
[0.242s] WARNING:colcon.colcon_ros.prefix_path.catkin:The path '/home/corelab/ros2_img_publisher/install/image_publisher' in the environment variable CMAKE_PREFIX_PATH doesn't exist
[0.243s] DEBUG:colcon.colcon_installed_package_information.package_discovery:Found 3 installed packages in /home/corelab/ros2_stereo/install
[0.244s] DEBUG:colcon.colcon_installed_package_information.package_discovery:Found 1 installed packages in /home/corelab/ros2_camera_calibration/install
[0.244s] DEBUG:colcon.colcon_installed_package_information.package_discovery:Found 1 installed packages in /home/corelab/opencv_ros2/install
[0.245s] DEBUG:colcon.colcon_installed_package_information.package_discovery:Found 1 installed packages in /home/corelab/image_transport_tutorials_ws/install
[0.245s] DEBUG:colcon.colcon_installed_package_information.package_discovery:Found 1 installed packages in /home/corelab/ros2_ws/install
[0.248s] DEBUG:colcon.colcon_installed_package_information.package_discovery:Found 1075 installed packages in /opt/ros/foxy
[0.257s] Level 1:colcon.colcon_core.package_discovery:discover_packages(prefix_path) using defaults
[0.320s] Level 5:colcon.colcon_core.verb:set package 'image_proc' build argument 'cmake_args' from command line to 'None'
[0.320s] Level 5:colcon.colcon_core.verb:set package 'image_proc' build argument 'cmake_target' from command line to 'None'
[0.320s] Level 5:colcon.colcon_core.verb:set package 'image_proc' build argument 'cmake_target_skip_unavailable' from command line to 'False'
[0.320s] Level 5:colcon.colcon_core.verb:set package 'image_proc' build argument 'cmake_clean_cache' from command line to 'False'
[0.320s] Level 5:colcon.colcon_core.verb:set package 'image_proc' build argument 'cmake_clean_first' from command line to 'False'
[0.320s] Level 5:colcon.colcon_core.verb:set package 'image_proc' build argument 'cmake_force_configure' from command line to 'False'
[0.320s] Level 5:colcon.colcon_core.verb:set package 'image_proc' build argument 'ament_cmake_args' from command line to 'None'
[0.320s] Level 5:colcon.colcon_core.verb:set package 'image_proc' build argument 'catkin_cmake_args' from command line to 'None'
[0.320s] Level 5:colcon.colcon_core.verb:set package 'image_proc' build argument 'catkin_skip_building_tests' from command line to 'False'
[0.320s] DEBUG:colcon.colcon_core.verb:Building package 'image_proc' with the following arguments: {'ament_cmake_args': None, 'build_base': '/home/corelab/ros2_stereo/build/image_proc', 'catkin_cmake_args': None, 'catkin_skip_building_tests': False, 'cmake_args': None, 'cmake_clean_cache': False, 'cmake_clean_first': False, 'cmake_force_configure': False, 'cmake_target': None, 'cmake_target_skip_unavailable': False, 'install_base': '/home/corelab/ros2_stereo/install/image_proc', 'merge_install': False, 'path': '/home/corelab/ros2_stereo/src/image_proc', 'symlink_install': False, 'test_result_base': None}
[0.321s] Level 5:colcon.colcon_core.verb:set package 'image_view' build argument 'cmake_args' from command line to 'None'
[0.321s] Level 5:colcon.colcon_core.verb:set package 'image_view' build argument 'cmake_target' from command line to 'None'
[0.321s] Level 5:colcon.colcon_core.verb:set package 'image_view' build argument 'cmake_target_skip_unavailable' from command line to 'False'
[0.321s] Level 5:colcon.colcon_core.verb:set package 'image_view' build argument 'cmake_clean_cache' from command line to 'False'
[0.321s] Level 5:colcon.colcon_core.verb:set package 'image_view' build argument 'cmake_clean_first' from command line to 'False'
[0.321s] Level 5:colcon.colcon_core.verb:set package 'image_view' build argument 'cmake_force_configure' from command line to 'False'
[0.321s] Level 5:colcon.colcon_core.verb:set package 'image_view' build argument 'ament_cmake_args' from command line to 'None'
[0.321s] Level 5:colcon.colcon_core.verb:set package 'image_view' build argument 'catkin_cmake_args' from command line to 'None'
[0.321s] Level 5:colcon.colcon_core.verb:set package 'image_view' build argument 'catkin_skip_building_tests' from command line to 'False'
[0.321s] DEBUG:colcon.colcon_core.verb:Building package 'image_view' with the following arguments: {'ament_cmake_args': None, 'build_base': '/home/corelab/ros2_stereo/build/image_view', 'catkin_cmake_args': None, 'catkin_skip_building_tests': False, 'cmake_args': None, 'cmake_clean_cache': False, 'cmake_clean_first': False, 'cmake_force_configure': False, 'cmake_target': None, 'cmake_target_skip_unavailable': False, 'install_base': '/home/corelab/ros2_stereo/install/image_view', 'merge_install': False, 'path': '/home/corelab/ros2_stereo/src/image_view', 'symlink_install': False, 'test_result_base': None}
[0.321s] Level 5:colcon.colcon_core.verb:set package 'stereo_image_proc' build argument 'cmake_args' from command line to 'None'
[0.322s] Level 5:colcon.colcon_core.verb:set package 'stereo_image_proc' build argument 'cmake_target' from command line to 'None'
[0.322s] Level 5:colcon.colcon_core.verb:set package 'stereo_image_proc' build argument 'cmake_target_skip_unavailable' from command line to 'False'
[0.322s] Level 5:colcon.colcon_core.verb:set package 'stereo_image_proc' build argument 'cmake_clean_cache' from command line to 'False'
[0.322s] Level 5:colcon.colcon_core.verb:set package 'stereo_image_proc' build argument 'cmake_clean_first' from command line to 'False'
[0.322s] Level 5:colcon.colcon_core.verb:set package 'stereo_image_proc' build argument 'cmake_force_configure' from command line to 'False'
[0.322s] Level 5:colcon.colcon_core.verb:set package 'stereo_image_proc' build argument 'ament_cmake_args' from command line to 'None'
[0.322s] Level 5:colcon.colcon_core.verb:set package 'stereo_image_proc' build argument 'catkin_cmake_args' from command line to 'None'
[0.322s] Level 5:colcon.colcon_core.verb:set package 'stereo_image_proc' build argument 'catkin_skip_building_tests' from command line to 'False'
[0.322s] DEBUG:colcon.colcon_core.verb:Building package 'stereo_image_proc' with the following arguments: {'ament_cmake_args': None, 'build_base': '/home/corelab/ros2_stereo/build/stereo_image_proc', 'catkin_cmake_args': None, 'catkin_skip_building_tests': False, 'cmake_args': None, 'cmake_clean_cache': False, 'cmake_clean_first': False, 'cmake_force_configure': False, 'cmake_target': None, 'cmake_target_skip_unavailable': False, 'install_base': '/home/corelab/ros2_stereo/install/stereo_image_proc', 'merge_install': False, 'path': '/home/corelab/ros2_stereo/src/stereo_image_proc', 'symlink_install': False, 'test_result_base': None}
[0.322s] INFO:colcon.colcon_core.executor:Executing jobs using 'parallel' executor
[0.324s] DEBUG:colcon.colcon_parallel_executor.executor.parallel:run_until_complete
[0.324s] INFO:colcon.colcon_ros.task.ament_cmake.build:Building ROS package in '/home/corelab/ros2_stereo/src/image_proc' with build type 'ament_cmake'
[0.324s] INFO:colcon.colcon_cmake.task.cmake.build:Building CMake package in '/home/corelab/ros2_stereo/src/image_proc'
[0.326s] INFO:colcon.colcon_core.plugin_system:Skipping extension 'colcon_core.shell.bat': Not used on non-Windows systems
[0.326s] INFO:colcon.colcon_core.shell:Skip shell extension 'powershell' for command environment: Not usable outside of PowerShell
[0.326s] DEBUG:colcon.colcon_core.shell:Skip shell extension 'dsv' for command environment
[0.334s] INFO:colcon.colcon_ros.task.ament_cmake.build:Building ROS package in '/home/corelab/ros2_stereo/src/image_view' with build type 'ament_cmake'
[0.334s] INFO:colcon.colcon_cmake.task.cmake.build:Building CMake package in '/home/corelab/ros2_stereo/src/image_view'
[0.335s] INFO:colcon.colcon_core.shell:Skip shell extension 'powershell' for command environment: Not usable outside of PowerShell
[0.335s] DEBUG:colcon.colcon_core.shell:Skip shell extension 'dsv' for command environment
[0.346s] DEBUG:colcon.colcon_core.event_handler.log_command:Invoking command in '/home/corelab/ros2_stereo/build/image_proc': CMAKE_PREFIX_PATH=${CMAKE_PREFIX_PATH}:/home/corelab/ros2_camera_calibration/install/camera_calibration:/opt/ros/foxy /home/corelab/.local/bin/cmake --build /home/corelab/ros2_stereo/build/image_proc -- -j16 -l16
[0.349s] DEBUG:colcon.colcon_core.event_handler.log_command:Invoking command in '/home/corelab/ros2_stereo/build/image_view': CMAKE_PREFIX_PATH=${CMAKE_PREFIX_PATH}:/home/corelab/ros2_camera_calibration/install/camera_calibration:/opt/ros/foxy /home/corelab/.local/bin/cmake --build /home/corelab/ros2_stereo/build/image_view -- -j16 -l16
[0.402s] DEBUG:colcon.colcon_core.event_handler.log_command:Invoked command in '/home/corelab/ros2_stereo/build/image_view' returned '0': CMAKE_PREFIX_PATH=${CMAKE_PREFIX_PATH}:/home/corelab/ros2_camera_calibration/install/camera_calibration:/opt/ros/foxy /home/corelab/.local/bin/cmake --build /home/corelab/ros2_stereo/build/image_view -- -j16 -l16
[0.431s] DEBUG:colcon.colcon_core.event_handler.log_command:Invoked command in '/home/corelab/ros2_stereo/build/image_proc' returned '0': CMAKE_PREFIX_PATH=${CMAKE_PREFIX_PATH}:/home/corelab/ros2_camera_calibration/install/camera_calibration:/opt/ros/foxy /home/corelab/.local/bin/cmake --build /home/corelab/ros2_stereo/build/image_proc -- -j16 -l16
[0.471s] DEBUG:colcon.colcon_core.event_handler.log_command:Invoking command in '/home/corelab/ros2_stereo/build/image_view': CMAKE_PREFIX_PATH=${CMAKE_PREFIX_PATH}:/home/corelab/ros2_camera_calibration/install/camera_calibration:/opt/ros/foxy /home/corelab/.local/bin/cmake --install /home/corelab/ros2_stereo/build/image_view
[0.473s] DEBUG:colcon.colcon_core.event_handler.log_command:Invoking command in '/home/corelab/ros2_stereo/build/image_proc': CMAKE_PREFIX_PATH=${CMAKE_PREFIX_PATH}:/home/corelab/ros2_camera_calibration/install/camera_calibration:/opt/ros/foxy /home/corelab/.local/bin/cmake --install /home/corelab/ros2_stereo/build/image_proc
[0.494s] Level 1:colcon.colcon_core.environment:create_environment_scripts_only(image_view)
[0.495s] DEBUG:colcon.colcon_core.event_handler.log_command:Invoked command in '/home/corelab/ros2_stereo/build/image_view' returned '0': CMAKE_PREFIX_PATH=${CMAKE_PREFIX_PATH}:/home/corelab/ros2_camera_calibration/install/camera_calibration:/opt/ros/foxy /home/corelab/.local/bin/cmake --install /home/corelab/ros2_stereo/build/image_view
[0.498s] Level 1:colcon.colcon_core.environment:checking '/home/corelab/ros2_stereo/install/image_view' for CMake module files
[0.498s] Level 1:colcon.colcon_core.environment:checking '/home/corelab/ros2_stereo/install/image_view' for CMake config files
[0.498s] Level 1:colcon.colcon_core.shell:create_environment_hook('image_view', 'cmake_prefix_path')
[0.499s] INFO:colcon.colcon_core.shell:Creating environment hook '/home/corelab/ros2_stereo/install/image_view/share/image_view/hook/cmake_prefix_path.ps1'
[0.499s] INFO:colcon.colcon_core.shell:Creating environment descriptor '/home/corelab/ros2_stereo/install/image_view/share/image_view/hook/cmake_prefix_path.dsv'
[0.500s] INFO:colcon.colcon_core.shell:Creating environment hook '/home/corelab/ros2_stereo/install/image_view/share/image_view/hook/cmake_prefix_path.sh'
[0.500s] Level 1:colcon.colcon_core.environment:checking '/home/corelab/ros2_stereo/install/image_view/lib'
[0.500s] Level 1:colcon.colcon_core.shell:create_environment_hook('image_view', 'ld_library_path_lib')
[0.501s] INFO:colcon.colcon_core.shell:Creating environment hook '/home/corelab/ros2_stereo/install/image_view/share/image_view/hook/ld_library_path_lib.ps1'
[0.501s] INFO:colcon.colcon_core.shell:Creating environment descriptor '/home/corelab/ros2_stereo/install/image_view/share/image_view/hook/ld_library_path_lib.dsv'
[0.501s] INFO:colcon.colcon_core.shell:Creating environment hook '/home/corelab/ros2_stereo/install/image_view/share/image_view/hook/ld_library_path_lib.sh'
[0.502s] Level 1:colcon.colcon_core.environment:checking '/home/corelab/ros2_stereo/install/image_view/bin'
[0.502s] Level 1:colcon.colcon_core.environment:checking '/home/corelab/ros2_stereo/install/image_view/lib/pkgconfig/image_view.pc'
[0.502s] Level 1:colcon.colcon_core.environment:checking '/home/corelab/ros2_stereo/install/image_view/lib/python3.8/site-packages'
[0.502s] Level 1:colcon.colcon_core.environment:checking '/home/corelab/ros2_stereo/install/image_view/bin'
[0.503s] INFO:colcon.colcon_core.shell:Creating package script '/home/corelab/ros2_stereo/install/image_view/share/image_view/package.ps1'
[0.503s] INFO:colcon.colcon_core.shell:Creating package descriptor '/home/corelab/ros2_stereo/install/image_view/share/image_view/package.dsv'
[0.503s] INFO:colcon.colcon_core.shell:Creating package script '/home/corelab/ros2_stereo/install/image_view/share/image_view/package.sh'
[0.504s] INFO:colcon.colcon_core.shell:Creating package script '/home/corelab/ros2_stereo/install/image_view/share/image_view/package.bash'
[0.504s] INFO:colcon.colcon_core.shell:Creating package script '/home/corelab/ros2_stereo/install/image_view/share/image_view/package.zsh'
[0.504s] Level 1:colcon.colcon_core.environment:create_file_with_runtime_dependencies(/home/corelab/ros2_stereo/install/image_view/share/colcon-core/packages/image_view)
[0.507s] Level 1:colcon.colcon_core.environment:create_environment_scripts_only(image_proc)
[0.508s] Level 1:colcon.colcon_core.environment:checking '/home/corelab/ros2_stereo/install/image_proc' for CMake module files
[0.509s] DEBUG:colcon.colcon_core.event_handler.log_command:Invoked command in '/home/corelab/ros2_stereo/build/image_proc' returned '0': CMAKE_PREFIX_PATH=${CMAKE_PREFIX_PATH}:/home/corelab/ros2_camera_calibration/install/camera_calibration:/opt/ros/foxy /home/corelab/.local/bin/cmake --install /home/corelab/ros2_stereo/build/image_proc
[0.509s] Level 1:colcon.colcon_core.environment:checking '/home/corelab/ros2_stereo/install/image_proc' for CMake config files
[0.509s] Level 1:colcon.colcon_core.shell:create_environment_hook('image_proc', 'cmake_prefix_path')
[0.510s] INFO:colcon.colcon_core.shell:Creating environment hook '/home/corelab/ros2_stereo/install/image_proc/share/image_proc/hook/cmake_prefix_path.ps1'
[0.510s] INFO:colcon.colcon_core.shell:Creating environment descriptor '/home/corelab/ros2_stereo/install/image_proc/share/image_proc/hook/cmake_prefix_path.dsv'
[0.510s] INFO:colcon.colcon_core.shell:Creating environment hook '/home/corelab/ros2_stereo/install/image_proc/share/image_proc/hook/cmake_prefix_path.sh'
[0.511s] Level 1:colcon.colcon_core.environment:checking '/home/corelab/ros2_stereo/install/image_proc/lib'
[0.511s] Level 1:colcon.colcon_core.shell:create_environment_hook('image_proc', 'ld_library_path_lib')
[0.511s] INFO:colcon.colcon_core.shell:Creating environment hook '/home/corelab/ros2_stereo/install/image_proc/share/image_proc/hook/ld_library_path_lib.ps1'
[0.512s] INFO:colcon.colcon_core.shell:Creating environment descriptor '/home/corelab/ros2_stereo/install/image_proc/share/image_proc/hook/ld_library_path_lib.dsv'
[0.512s] INFO:colcon.colcon_core.shell:Creating environment hook '/home/corelab/ros2_stereo/install/image_proc/share/image_proc/hook/ld_library_path_lib.sh'
[0.512s] Level 1:colcon.colcon_core.environment:checking '/home/corelab/ros2_stereo/install/image_proc/bin'
[0.512s] Level 1:colcon.colcon_core.shell:create_environment_hook('image_proc', 'path')
[0.513s] INFO:colcon.colcon_core.shell:Creating environment hook '/home/corelab/ros2_stereo/install/image_proc/share/image_proc/hook/path.ps1'
[0.513s] INFO:colcon.colcon_core.shell:Creating environment descriptor '/home/corelab/ros2_stereo/install/image_proc/share/image_proc/hook/path.dsv'
[0.513s] INFO:colcon.colcon_core.shell:Creating environment hook '/home/corelab/ros2_stereo/install/image_proc/share/image_proc/hook/path.sh'
[0.513s] Level 1:colcon.colcon_core.environment:checking '/home/corelab/ros2_stereo/install/image_proc/lib/pkgconfig/image_proc.pc'
[0.513s] Level 1:colcon.colcon_core.environment:checking '/home/corelab/ros2_stereo/install/image_proc/lib/python3.8/site-packages'
[0.514s] Level 1:colcon.colcon_core.environment:checking '/home/corelab/ros2_stereo/install/image_proc/bin'
[0.514s] Level 1:colcon.colcon_core.shell:create_environment_hook('image_proc', 'pythonscriptspath')
[0.514s] INFO:colcon.colcon_core.shell:Creating environment hook '/home/corelab/ros2_stereo/install/image_proc/share/image_proc/hook/pythonscriptspath.ps1'
[0.515s] INFO:colcon.colcon_core.shell:Creating environment descriptor '/home/corelab/ros2_stereo/install/image_proc/share/image_proc/hook/pythonscriptspath.dsv'
[0.515s] INFO:colcon.colcon_core.shell:Creating environment hook '/home/corelab/ros2_stereo/install/image_proc/share/image_proc/hook/pythonscriptspath.sh'
[0.516s] INFO:colcon.colcon_core.shell:Creating package script '/home/corelab/ros2_stereo/install/image_proc/share/image_proc/package.ps1'
[0.516s] INFO:colcon.colcon_core.shell:Creating package descriptor '/home/corelab/ros2_stereo/install/image_proc/share/image_proc/package.dsv'
[0.516s] INFO:colcon.colcon_core.shell:Creating package script '/home/corelab/ros2_stereo/install/image_proc/share/image_proc/package.sh'
[0.517s] INFO:colcon.colcon_core.shell:Creating package script '/home/corelab/ros2_stereo/install/image_proc/share/image_proc/package.bash'
[0.517s] INFO:colcon.colcon_core.shell:Creating package script '/home/corelab/ros2_stereo/install/image_proc/share/image_proc/package.zsh'
[0.517s] Level 1:colcon.colcon_core.environment:create_file_with_runtime_dependencies(/home/corelab/ros2_stereo/install/image_proc/share/colcon-core/packages/image_proc)
[0.550s] Level 1:colcon.colcon_core.environment:create_environment_scripts_only(image_view)
[0.551s] Level 1:colcon.colcon_core.environment:checking '/home/corelab/ros2_stereo/install/image_view' for CMake module files
[0.551s] Level 1:colcon.colcon_core.environment:checking '/home/corelab/ros2_stereo/install/image_view' for CMake config files
[0.551s] Level 1:colcon.colcon_core.shell:create_environment_hook('image_view', 'cmake_prefix_path')
[0.552s] INFO:colcon.colcon_core.shell:Creating environment hook '/home/corelab/ros2_stereo/install/image_view/share/image_view/hook/cmake_prefix_path.ps1'
[0.553s] INFO:colcon.colcon_core.shell:Creating environment descriptor '/home/corelab/ros2_stereo/install/image_view/share/image_view/hook/cmake_prefix_path.dsv'
[0.553s] INFO:colcon.colcon_core.shell:Creating environment hook '/home/corelab/ros2_stereo/install/image_view/share/image_view/hook/cmake_prefix_path.sh'
[0.553s] Level 1:colcon.colcon_core.environment:checking '/home/corelab/ros2_stereo/install/image_view/lib'
[0.553s] Level 1:colcon.colcon_core.shell:create_environment_hook('image_view', 'ld_library_path_lib')
[0.554s] INFO:colcon.colcon_core.shell:Creating environment hook '/home/corelab/ros2_stereo/install/image_view/share/image_view/hook/ld_library_path_lib.ps1'
[0.554s] INFO:colcon.colcon_core.shell:Creating environment descriptor '/home/corelab/ros2_stereo/install/image_view/share/image_view/hook/ld_library_path_lib.dsv'
[0.554s] INFO:colcon.colcon_core.shell:Creating environment hook '/home/corelab/ros2_stereo/install/image_view/share/image_view/hook/ld_library_path_lib.sh'
[0.555s] Level 1:colcon.colcon_core.environment:checking '/home/corelab/ros2_stereo/install/image_view/bin'
[0.555s] Level 1:colcon.colcon_core.environment:checking '/home/corelab/ros2_stereo/install/image_view/lib/pkgconfig/image_view.pc'
[0.555s] Level 1:colcon.colcon_core.environment:checking '/home/corelab/ros2_stereo/install/image_view/lib/python3.8/site-packages'
[0.555s] Level 1:colcon.colcon_core.environment:checking '/home/corelab/ros2_stereo/install/image_view/bin'
[0.556s] INFO:colcon.colcon_core.shell:Creating package script '/home/corelab/ros2_stereo/install/image_view/share/image_view/package.ps1'
[0.556s] INFO:colcon.colcon_core.shell:Creating package descriptor '/home/corelab/ros2_stereo/install/image_view/share/image_view/package.dsv'
[0.556s] INFO:colcon.colcon_core.shell:Creating package script '/home/corelab/ros2_stereo/install/image_view/share/image_view/package.sh'
[0.557s] INFO:colcon.colcon_core.shell:Creating package script '/home/corelab/ros2_stereo/install/image_view/share/image_view/package.bash'
[0.557s] INFO:colcon.colcon_core.shell:Creating package script '/home/corelab/ros2_stereo/install/image_view/share/image_view/package.zsh'
[0.557s] Level 1:colcon.colcon_core.environment:create_file_with_runtime_dependencies(/home/corelab/ros2_stereo/install/image_view/share/colcon-core/packages/image_view)
[0.558s] Level 1:colcon.colcon_core.environment:create_environment_scripts_only(image_proc)
[0.560s] Level 1:colcon.colcon_core.environment:checking '/home/corelab/ros2_stereo/install/image_proc' for CMake module files
[0.560s] Level 1:colcon.colcon_core.environment:checking '/home/corelab/ros2_stereo/install/image_proc' for CMake config files
[0.560s] Level 1:colcon.colcon_core.shell:create_environment_hook('image_proc', 'cmake_prefix_path')
[0.561s] INFO:colcon.colcon_core.shell:Creating environment hook '/home/corelab/ros2_stereo/install/image_proc/share/image_proc/hook/cmake_prefix_path.ps1'
[0.561s] INFO:colcon.colcon_core.shell:Creating environment descriptor '/home/corelab/ros2_stereo/install/image_proc/share/image_proc/hook/cmake_prefix_path.dsv'
[0.561s] INFO:colcon.colcon_core.shell:Creating environment hook '/home/corelab/ros2_stereo/install/image_proc/share/image_proc/hook/cmake_prefix_path.sh'
[0.562s] Level 1:colcon.colcon_core.environment:checking '/home/corelab/ros2_stereo/install/image_proc/lib'
[0.562s] Level 1:colcon.colcon_core.shell:create_environment_hook('image_proc', 'ld_library_path_lib')
[0.562s] INFO:colcon.colcon_core.shell:Creating environment hook '/home/corelab/ros2_stereo/install/image_proc/share/image_proc/hook/ld_library_path_lib.ps1'
[0.563s] INFO:colcon.colcon_core.shell:Creating environment descriptor '/home/corelab/ros2_stereo/install/image_proc/share/image_proc/hook/ld_library_path_lib.dsv'
[0.563s] INFO:colcon.colcon_core.shell:Creating environment hook '/home/corelab/ros2_stereo/install/image_proc/share/image_proc/hook/ld_library_path_lib.sh'
[0.563s] Level 1:colcon.colcon_core.environment:checking '/home/corelab/ros2_stereo/install/image_proc/bin'
[0.563s] Level 1:colcon.colcon_core.shell:create_environment_hook('image_proc', 'path')
[0.564s] INFO:colcon.colcon_core.shell:Creating environment hook '/home/corelab/ros2_stereo/install/image_proc/share/image_proc/hook/path.ps1'
[0.564s] INFO:colcon.colcon_core.shell:Creating environment descriptor '/home/corelab/ros2_stereo/install/image_proc/share/image_proc/hook/path.dsv'
[0.564s] INFO:colcon.colcon_core.shell:Creating environment hook '/home/corelab/ros2_stereo/install/image_proc/share/image_proc/hook/path.sh'
[0.564s] Level 1:colcon.colcon_core.environment:checking '/home/corelab/ros2_stereo/install/image_proc/lib/pkgconfig/image_proc.pc'
[0.564s] Level 1:colcon.colcon_core.environment:checking '/home/corelab/ros2_stereo/install/image_proc/lib/python3.8/site-packages'
[0.565s] Level 1:colcon.colcon_core.environment:checking '/home/corelab/ros2_stereo/install/image_proc/bin'
[0.565s] Level 1:colcon.colcon_core.shell:create_environment_hook('image_proc', 'pythonscriptspath')
[0.565s] INFO:colcon.colcon_core.shell:Creating environment hook '/home/corelab/ros2_stereo/install/image_proc/share/image_proc/hook/pythonscriptspath.ps1'
[0.566s] INFO:colcon.colcon_core.shell:Creating environment descriptor '/home/corelab/ros2_stereo/install/image_proc/share/image_proc/hook/pythonscriptspath.dsv'
[0.566s] INFO:colcon.colcon_core.shell:Creating environment hook '/home/corelab/ros2_stereo/install/image_proc/share/image_proc/hook/pythonscriptspath.sh'
[0.567s] INFO:colcon.colcon_core.shell:Creating package script '/home/corelab/ros2_stereo/install/image_proc/share/image_proc/package.ps1'
[0.567s] INFO:colcon.colcon_core.shell:Creating package descriptor '/home/corelab/ros2_stereo/install/image_proc/share/image_proc/package.dsv'
[0.567s] INFO:colcon.colcon_core.shell:Creating package script '/home/corelab/ros2_stereo/install/image_proc/share/image_proc/package.sh'
[0.568s] INFO:colcon.colcon_core.shell:Creating package script '/home/corelab/ros2_stereo/install/image_proc/share/image_proc/package.bash'
[0.568s] INFO:colcon.colcon_core.shell:Creating package script '/home/corelab/ros2_stereo/install/image_proc/share/image_proc/package.zsh'
[0.568s] Level 1:colcon.colcon_core.environment:create_file_with_runtime_dependencies(/home/corelab/ros2_stereo/install/image_proc/share/colcon-core/packages/image_proc)
[0.568s] INFO:colcon.colcon_ros.task.ament_cmake.build:Building ROS package in '/home/corelab/ros2_stereo/src/stereo_image_proc' with build type 'ament_cmake'
[0.568s] INFO:colcon.colcon_cmake.task.cmake.build:Building CMake package in '/home/corelab/ros2_stereo/src/stereo_image_proc'
[0.569s] INFO:colcon.colcon_core.shell:Skip shell extension 'powershell' for command environment: Not usable outside of PowerShell
[0.569s] DEBUG:colcon.colcon_core.shell:Skip shell extension 'dsv' for command environment
[0.582s] DEBUG:colcon.colcon_core.event_handler.log_command:Invoking command in '/home/corelab/ros2_stereo/build/stereo_image_proc': CMAKE_PREFIX_PATH=/home/corelab/ros2_stereo/install/image_proc:/home/corelab/ros2_stereo/install/stereo_image_proc:/home/corelab/ros2_stereo/install/image_view:/home/corelab/opencv_ros2/install/opencv_telemetry:/home/corelab/ros2_img_publisher/install/image_publisher:/home/corelab/image_transport_tutorials_ws/install/image_transport_tutorials:/home/corelab/ros2_ws/install/cpp_pubsub:/home/corelab/ros2_camera_calibration/install/camera_calibration:/opt/ros/foxy LD_LIBRARY_PATH=/home/corelab/ros2_stereo/install/image_proc/lib:/home/corelab/ros2_stereo/install/stereo_image_proc/lib:/home/corelab/ros2_stereo/install/image_view/lib:/home/corelab/opencv_ros2/install/opencv_telemetry/lib:/home/corelab/ros2_img_publisher/install/image_publisher/lib:/home/corelab/image_transport_tutorials_ws/install/image_transport_tutorials/lib:/opt/ros/foxy/opt/yaml_cpp_vendor/lib:/opt/ros/foxy/opt/rviz_ogre_vendor/lib:/opt/ros/foxy/lib/x86_64-linux-gnu:/opt/ros/foxy/lib /home/corelab/.local/bin/cmake --build /home/corelab/ros2_stereo/build/stereo_image_proc -- -j16 -l16
[8.073s] DEBUG:colcon.colcon_core.event_handler.log_command:Invoked command in '/home/corelab/ros2_stereo/build/stereo_image_proc' returned '0': CMAKE_PREFIX_PATH=/home/corelab/ros2_stereo/install/image_proc:/home/corelab/ros2_stereo/install/stereo_image_proc:/home/corelab/ros2_stereo/install/image_view:/home/corelab/opencv_ros2/install/opencv_telemetry:/home/corelab/ros2_img_publisher/install/image_publisher:/home/corelab/image_transport_tutorials_ws/install/image_transport_tutorials:/home/corelab/ros2_ws/install/cpp_pubsub:/home/corelab/ros2_camera_calibration/install/camera_calibration:/opt/ros/foxy LD_LIBRARY_PATH=/home/corelab/ros2_stereo/install/image_proc/lib:/home/corelab/ros2_stereo/install/stereo_image_proc/lib:/home/corelab/ros2_stereo/install/image_view/lib:/home/corelab/opencv_ros2/install/opencv_telemetry/lib:/home/corelab/ros2_img_publisher/install/image_publisher/lib:/home/corelab/image_transport_tutorials_ws/install/image_transport_tutorials/lib:/opt/ros/foxy/opt/yaml_cpp_vendor/lib:/opt/ros/foxy/opt/rviz_ogre_vendor/lib:/opt/ros/foxy/lib/x86_64-linux-gnu:/opt/ros/foxy/lib /home/corelab/.local/bin/cmake --build /home/corelab/ros2_stereo/build/stereo_image_proc -- -j16 -l16
[8.109s] DEBUG:colcon.colcon_core.event_handler.log_command:Invoking command in '/home/corelab/ros2_stereo/build/stereo_image_proc': CMAKE_PREFIX_PATH=/home/corelab/ros2_stereo/install/image_proc:/home/corelab/ros2_stereo/install/stereo_image_proc:/home/corelab/ros2_stereo/install/image_view:/home/corelab/opencv_ros2/install/opencv_telemetry:/home/corelab/ros2_img_publisher/install/image_publisher:/home/corelab/image_transport_tutorials_ws/install/image_transport_tutorials:/home/corelab/ros2_ws/install/cpp_pubsub:/home/corelab/ros2_camera_calibration/install/camera_calibration:/opt/ros/foxy LD_LIBRARY_PATH=/home/corelab/ros2_stereo/install/image_proc/lib:/home/corelab/ros2_stereo/install/stereo_image_proc/lib:/home/corelab/ros2_stereo/install/image_view/lib:/home/corelab/opencv_ros2/install/opencv_telemetry/lib:/home/corelab/ros2_img_publisher/install/image_publisher/lib:/home/corelab/image_transport_tutorials_ws/install/image_transport_tutorials/lib:/opt/ros/foxy/opt/yaml_cpp_vendor/lib:/opt/ros/foxy/opt/rviz_ogre_vendor/lib:/opt/ros/foxy/lib/x86_64-linux-gnu:/opt/ros/foxy/lib /home/corelab/.local/bin/cmake --install /home/corelab/ros2_stereo/build/stereo_image_proc
[8.140s] Level 1:colcon.colcon_core.environment:create_environment_scripts_only(stereo_image_proc)
[8.142s] Level 1:colcon.colcon_core.environment:checking '/home/corelab/ros2_stereo/install/stereo_image_proc' for CMake module files
[8.142s] DEBUG:colcon.colcon_core.event_handler.log_command:Invoked command in '/home/corelab/ros2_stereo/build/stereo_image_proc' returned '0': CMAKE_PREFIX_PATH=/home/corelab/ros2_stereo/install/image_proc:/home/corelab/ros2_stereo/install/stereo_image_proc:/home/corelab/ros2_stereo/install/image_view:/home/corelab/opencv_ros2/install/opencv_telemetry:/home/corelab/ros2_img_publisher/install/image_publisher:/home/corelab/image_transport_tutorials_ws/install/image_transport_tutorials:/home/corelab/ros2_ws/install/cpp_pubsub:/home/corelab/ros2_camera_calibration/install/camera_calibration:/opt/ros/foxy LD_LIBRARY_PATH=/home/corelab/ros2_stereo/install/image_proc/lib:/home/corelab/ros2_stereo/install/stereo_image_proc/lib:/home/corelab/ros2_stereo/install/image_view/lib:/home/corelab/opencv_ros2/install/opencv_telemetry/lib:/home/corelab/ros2_img_publisher/install/image_publisher/lib:/home/corelab/image_transport_tutorials_ws/install/image_transport_tutorials/lib:/opt/ros/foxy/opt/yaml_cpp_vendor/lib:/opt/ros/foxy/opt/rviz_ogre_vendor/lib:/opt/ros/foxy/lib/x86_64-linux-gnu:/opt/ros/foxy/lib /home/corelab/.local/bin/cmake --install /home/corelab/ros2_stereo/build/stereo_image_proc
[8.142s] Level 1:colcon.colcon_core.environment:checking '/home/corelab/ros2_stereo/install/stereo_image_proc' for CMake config files
[8.142s] Level 1:colcon.colcon_core.shell:create_environment_hook('stereo_image_proc', 'cmake_prefix_path')
[8.143s] INFO:colcon.colcon_core.shell:Creating environment hook '/home/corelab/ros2_stereo/install/stereo_image_proc/share/stereo_image_proc/hook/cmake_prefix_path.ps1'
[8.143s] INFO:colcon.colcon_core.shell:Creating environment descriptor '/home/corelab/ros2_stereo/install/stereo_image_proc/share/stereo_image_proc/hook/cmake_prefix_path.dsv'
[8.144s] INFO:colcon.colcon_core.shell:Creating environment hook '/home/corelab/ros2_stereo/install/stereo_image_proc/share/stereo_image_proc/hook/cmake_prefix_path.sh'
[8.144s] Level 1:colcon.colcon_core.environment:checking '/home/corelab/ros2_stereo/install/stereo_image_proc/lib'
[8.144s] Level 1:colcon.colcon_core.shell:create_environment_hook('stereo_image_proc', 'ld_library_path_lib')
[8.145s] INFO:colcon.colcon_core.shell:Creating environment hook '/home/corelab/ros2_stereo/install/stereo_image_proc/share/stereo_image_proc/hook/ld_library_path_lib.ps1'
[8.145s] INFO:colcon.colcon_core.shell:Creating environment descriptor '/home/corelab/ros2_stereo/install/stereo_image_proc/share/stereo_image_proc/hook/ld_library_path_lib.dsv'
[8.145s] INFO:colcon.colcon_core.shell:Creating environment hook '/home/corelab/ros2_stereo/install/stereo_image_proc/share/stereo_image_proc/hook/ld_library_path_lib.sh'
[8.145s] Level 1:colcon.colcon_core.environment:checking '/home/corelab/ros2_stereo/install/stereo_image_proc/bin'
[8.145s] Level 1:colcon.colcon_core.environment:checking '/home/corelab/ros2_stereo/install/stereo_image_proc/lib/pkgconfig/stereo_image_proc.pc'
[8.145s] Level 1:colcon.colcon_core.environment:checking '/home/corelab/ros2_stereo/install/stereo_image_proc/lib/python3.8/site-packages'
[8.146s] Level 1:colcon.colcon_core.environment:checking '/home/corelab/ros2_stereo/install/stereo_image_proc/bin'
[8.146s] INFO:colcon.colcon_core.shell:Creating package script '/home/corelab/ros2_stereo/install/stereo_image_proc/share/stereo_image_proc/package.ps1'
[8.147s] INFO:colcon.colcon_core.shell:Creating package descriptor '/home/corelab/ros2_stereo/install/stereo_image_proc/share/stereo_image_proc/package.dsv'
[8.147s] INFO:colcon.colcon_core.shell:Creating package script '/home/corelab/ros2_stereo/install/stereo_image_proc/share/stereo_image_proc/package.sh'
[8.147s] INFO:colcon.colcon_core.shell:Creating package script '/home/corelab/ros2_stereo/install/stereo_image_proc/share/stereo_image_proc/package.bash'
[8.147s] INFO:colcon.colcon_core.shell:Creating package script '/home/corelab/ros2_stereo/install/stereo_image_proc/share/stereo_image_proc/package.zsh'
[8.147s] Level 1:colcon.colcon_core.environment:create_file_with_runtime_dependencies(/home/corelab/ros2_stereo/install/stereo_image_proc/share/colcon-core/packages/stereo_image_proc)
[8.184s] Level 1:colcon.colcon_core.environment:create_environment_scripts_only(stereo_image_proc)
[8.185s] Level 1:colcon.colcon_core.environment:checking '/home/corelab/ros2_stereo/install/stereo_image_proc' for CMake module files
[8.186s] Level 1:colcon.colcon_core.environment:checking '/home/corelab/ros2_stereo/install/stereo_image_proc' for CMake config files
[8.186s] Level 1:colcon.colcon_core.shell:create_environment_hook('stereo_image_proc', 'cmake_prefix_path')
[8.187s] INFO:colcon.colcon_core.shell:Creating environment hook '/home/corelab/ros2_stereo/install/stereo_image_proc/share/stereo_image_proc/hook/cmake_prefix_path.ps1'
[8.188s] INFO:colcon.colcon_core.shell:Creating environment descriptor '/home/corelab/ros2_stereo/install/stereo_image_proc/share/stereo_image_proc/hook/cmake_prefix_path.dsv'
[8.188s] INFO:colcon.colcon_core.shell:Creating environment hook '/home/corelab/ros2_stereo/install/stereo_image_proc/share/stereo_image_proc/hook/cmake_prefix_path.sh'
[8.188s] Level 1:colcon.colcon_core.environment:checking '/home/corelab/ros2_stereo/install/stereo_image_proc/lib'
[8.188s] Level 1:colcon.colcon_core.shell:create_environment_hook('stereo_image_proc', 'ld_library_path_lib')
[8.190s] INFO:colcon.colcon_core.shell:Creating environment hook '/home/corelab/ros2_stereo/install/stereo_image_proc/share/stereo_image_proc/hook/ld_library_path_lib.ps1'
[8.190s] INFO:colcon.colcon_core.shell:Creating environment descriptor '/home/corelab/ros2_stereo/install/stereo_image_proc/share/stereo_image_proc/hook/ld_library_path_lib.dsv'
[8.190s] INFO:colcon.colcon_core.shell:Creating environment hook '/home/corelab/ros2_stereo/install/stereo_image_proc/share/stereo_image_proc/hook/ld_library_path_lib.sh'
[8.191s] Level 1:colcon.colcon_core.environment:checking '/home/corelab/ros2_stereo/install/stereo_image_proc/bin'
[8.191s] Level 1:colcon.colcon_core.environment:checking '/home/corelab/ros2_stereo/install/stereo_image_proc/lib/pkgconfig/stereo_image_proc.pc'
[8.191s] Level 1:colcon.colcon_core.environment:checking '/home/corelab/ros2_stereo/install/stereo_image_proc/lib/python3.8/site-packages'
[8.191s] Level 1:colcon.colcon_core.environment:checking '/home/corelab/ros2_stereo/install/stereo_image_proc/bin'
[8.192s] INFO:colcon.colcon_core.shell:Creating package script '/home/corelab/ros2_stereo/install/stereo_image_proc/share/stereo_image_proc/package.ps1'
[8.193s] INFO:colcon.colcon_core.shell:Creating package descriptor '/home/corelab/ros2_stereo/install/stereo_image_proc/share/stereo_image_proc/package.dsv'
[8.193s] INFO:colcon.colcon_core.shell:Creating package script '/home/corelab/ros2_stereo/install/stereo_image_proc/share/stereo_image_proc/package.sh'
[8.193s] INFO:colcon.colcon_core.shell:Creating package script '/home/corelab/ros2_stereo/install/stereo_image_proc/share/stereo_image_proc/package.bash'
[8.193s] INFO:colcon.colcon_core.shell:Creating package script '/home/corelab/ros2_stereo/install/stereo_image_proc/share/stereo_image_proc/package.zsh'
[8.194s] Level 1:colcon.colcon_core.environment:create_file_with_runtime_dependencies(/home/corelab/ros2_stereo/install/stereo_image_proc/share/colcon-core/packages/stereo_image_proc)
[8.194s] DEBUG:colcon.colcon_parallel_executor.executor.parallel:closing loop
[8.194s] DEBUG:colcon.colcon_parallel_executor.executor.parallel:loop closed
[8.194s] DEBUG:colcon.colcon_parallel_executor.executor.parallel:run_until_complete finished with '0'
[8.194s] DEBUG:colcon.colcon_core.event_reactor:joining thread
[8.197s] INFO:colcon.colcon_core.plugin_system:Skipping extension 'colcon_notification.desktop_notification.terminal_notifier': Not used on non-Darwin systems
[8.197s] INFO:colcon.colcon_core.plugin_system:Skipping extension 'colcon_notification.desktop_notification.win32': Not used on non-Windows systems
[8.197s] INFO:colcon.colcon_notification.desktop_notification:Sending desktop notification using 'notify2'
[8.208s] DEBUG:colcon.colcon_core.event_reactor:joined thread
[8.209s] INFO:colcon.colcon_core.shell:Creating prefix script '/home/corelab/ros2_stereo/install/local_setup.ps1'
[8.210s] INFO:colcon.colcon_core.shell:Creating prefix util module '/home/corelab/ros2_stereo/install/_local_setup_util_ps1.py'
[8.211s] INFO:colcon.colcon_core.shell:Creating prefix chain script '/home/corelab/ros2_stereo/install/setup.ps1'
[8.212s] INFO:colcon.colcon_core.shell:Creating prefix script '/home/corelab/ros2_stereo/install/local_setup.sh'
[8.213s] INFO:colcon.colcon_core.shell:Creating prefix util module '/home/corelab/ros2_stereo/install/_local_setup_util_sh.py'
[8.213s] INFO:colcon.colcon_core.shell:Creating prefix chain script '/home/corelab/ros2_stereo/install/setup.sh'
[8.215s] INFO:colcon.colcon_core.shell:Creating prefix script '/home/corelab/ros2_stereo/install/local_setup.bash'
[8.215s] INFO:colcon.colcon_core.shell:Creating prefix chain script '/home/corelab/ros2_stereo/install/setup.bash'
[8.216s] INFO:colcon.colcon_core.shell:Creating prefix script '/home/corelab/ros2_stereo/install/local_setup.zsh'
[8.217s] INFO:colcon.colcon_core.shell:Creating prefix chain script '/home/corelab/ros2_stereo/install/setup.zsh'
