[0.235s] Invoking command in '/home/corelab/CatchingBlimp/Summer2023/ros2_stereo/build/image_view': CMAKE_PREFIX_PATH=/opt/ros/foxy /usr/bin/cmake --build /home/corelab/CatchingBlimp/Summer2023/ros2_stereo/build/image_view -- -j8 -l8
[0.255s] CMake Error at CMakeLists.txt:4 (cmake_policy):
[0.255s]   Policy "CMP0121" is not known to this version of CMake.
[0.255s] 
[0.256s] 
[0.256s] -- Found ament_cmake_auto: 0.9.12 (/opt/ros/foxy/share/ament_cmake_auto/cmake)
[0.275s] -- Using PYTHON_EXECUTABLE: /usr/bin/python3
[0.444s] -- Override CMake install command with custom implementation using symlinks instead of copying resources
[0.567s] -- Using all available rosidl_typesupport_c: rosidl_typesupport_fastrtps_c;rosidl_typesupport_introspection_c
[0.569s] -- Found rosidl_adapter: 1.3.1 (/opt/ros/foxy/share/rosidl_adapter/cmake)
[0.618s] -- Using all available rosidl_typesupport_cpp: rosidl_typesupport_fastrtps_cpp;rosidl_typesupport_introspection_cpp
[0.656s] -- Found rmw_implementation_cmake: 1.0.4 (/opt/ros/foxy/share/rmw_implementation_cmake/cmake)
[0.657s] -- Using RMW implementation 'rmw_fastrtps_cpp' as default
[0.879s] -- Setting yaml-cpp_DIR to: '/opt/ros/foxy/share/yaml_cpp_vendor/cmake/../../../opt/yaml_cpp_vendor/lib/cmake/yaml-cpp'
[1.521s] -- Found ament_lint_auto: 0.9.8 (/opt/ros/foxy/share/ament_lint_auto/cmake)
[1.532s] -- Added test 'copyright' to check source files copyright and LICENSE
[1.532s] -- Added test 'cppcheck' to perform static code analysis on C / C++ code
[1.534s] -- Configured cppcheck include dirs: /home/corelab/CatchingBlimp/Summer2023/ros2_stereo/src/image_view/include
[1.534s] -- Configured cppcheck exclude dirs and/or files: 
[1.535s] -- Added test 'cpplint' to check C / C++ code against the Google style
[1.536s] -- Configured cpplint exclude dirs and/or files: 
[1.536s] -- Added test 'lint_cmake' to check CMake code style
[1.537s] -- Added test 'uncrustify' to check C / C++ code style
[1.538s] -- Configured uncrustify additional arguments: 
[1.538s] -- Added test 'xmllint' to check XML markup files
[1.539s] -- Configuring incomplete, errors occurred!
[1.539s] See also "/home/corelab/CatchingBlimp/Summer2023/ros2_stereo/build/image_view/CMakeFiles/CMakeOutput.log".
[1.540s] See also "/home/corelab/CatchingBlimp/Summer2023/ros2_stereo/build/image_view/CMakeFiles/CMakeError.log".
[1.544s] make: *** [Makefile:680: cmake_check_build_system] Error 1
[2.190s] Invoked command in '/home/corelab/CatchingBlimp/Summer2023/ros2_stereo/build/image_view' returned '2': CMAKE_PREFIX_PATH=/opt/ros/foxy /usr/bin/cmake --build /home/corelab/CatchingBlimp/Summer2023/ros2_stereo/build/image_view -- -j8 -l8
