[0.007s] Invoking command in '/home/corelab/ros2_stereo/build/gscam2': AMENT_PREFIX_PATH=/home/corelab/ros2_stereo/install/ros2_shared:${AMENT_PREFIX_PATH} CMAKE_PREFIX_PATH=/home/corelab/ros2_stereo/install/ros2_shared:/opt/ros/foxy /home/corelab/.local/bin/cmake /home/corelab/ros2_stereo/src/gscam2 -DCMAKE_INSTALL_PREFIX=/home/corelab/ros2_stereo/install/gscam2
[0.054s] -- The C compiler identification is GNU 9.4.0
[0.085s] -- The CXX compiler identification is GNU 9.4.0
[0.090s] -- Detecting C compiler ABI info
[0.119s] -- Detecting C compiler ABI info - done
[0.125s] -- Check for working C compiler: /usr/bin/cc - skipped
[0.125s] -- Detecting C compile features
[0.125s] -- Detecting C compile features - done
[0.127s] -- Detecting CXX compiler ABI info
[0.161s] -- Detecting CXX compiler ABI info - done
[0.167s] -- Check for working CXX compiler: /usr/bin/c++ - skipped
[0.167s] -- Detecting CXX compile features
[0.168s] -- Detecting CXX compile features - done
[0.170s] -- Found PkgConfig: /usr/bin/pkg-config (found version "0.29.1") 
[0.170s] -- Checking for module 'gstreamer-1.0'
[0.180s] --   Found gstreamer-1.0, version 1.16.3
[0.204s] -- Checking for module 'gstreamer-app-1.0'
[0.213s] --   Found gstreamer-app-1.0, version 1.16.3
[0.243s] -- Found ament_cmake: 0.9.12 (/opt/ros/foxy/share/ament_cmake/cmake)
[0.267s] -- Found PythonInterp: /usr/bin/python3 (found suitable version "3.8.10", minimum required is "3") 
[0.267s] -- Using PYTHON_EXECUTABLE: /usr/bin/python3
[0.482s] -- Found camera_calibration_parsers: 2.4.0 (/opt/ros/foxy/share/camera_calibration_parsers/cmake)
[0.564s] -- Using all available rosidl_typesupport_c: rosidl_typesupport_connext_c;rosidl_typesupport_fastrtps_c;rosidl_typesupport_introspection_c
[0.579s] -- Found rosidl_adapter: 1.3.1 (/opt/ros/foxy/share/rosidl_adapter/cmake)
[0.590s] -- Found RTI Connext: /opt/rti.com/rti_connext_dds-5.3.1
[0.593s] [33mCMake Warning (dev) at /opt/ros/foxy/share/connext_cmake_module/cmake/Modules/FindConnext.cmake:163 (list):
[0.593s]   Policy CMP0121 is not set: The list() command now validates parsing of
[0.593s]   index arguments.  Run "cmake --help-policy CMP0121" for policy details.
[0.593s]   Use the cmake_policy command to set the policy and suppress this warning.
[0.593s]   Invalid list index "libnddsc.so".
[0.593s] Call Stack (most recent call first):
[0.593s]   /opt/ros/foxy/share/connext_cmake_module/cmake/Modules/FindConnext.cmake:198 (_count_found_libraries)
[0.593s]   /opt/ros/foxy/share/rosidl_typesupport_connext_c/cmake/rosidl_typesupport_connext_c-extras.cmake:5 (find_package)
[0.593s]   /opt/ros/foxy/share/rosidl_typesupport_connext_c/cmake/rosidl_typesupport_connext_cConfig.cmake:41 (include)
[0.593s]   /opt/ros/foxy/share/rosidl_typesupport_c/cmake/rosidl_typesupport_c-extras.cmake:13 (find_package)
[0.593s]   /opt/ros/foxy/share/rosidl_typesupport_c/cmake/rosidl_typesupport_cConfig.cmake:41 (include)
[0.593s]   /opt/ros/foxy/share/rosidl_default_runtime/cmake/rosidl_default_runtime-extras.cmake:12 (find_package)
[0.593s]   /opt/ros/foxy/share/rosidl_default_runtime/cmake/rosidl_default_runtimeConfig.cmake:41 (include)
[0.597s]   /opt/ros/foxy/share/builtin_interfaces/cmake/ament_cmake_export_dependencies-extras.cmake:21 (find_package)
[0.598s]   /opt/ros/foxy/share/builtin_interfaces/cmake/builtin_interfacesConfig.cmake:41 (include)
[0.598s]   /opt/ros/foxy/share/rcl_interfaces/cmake/ament_cmake_export_dependencies-extras.cmake:21 (find_package)
[0.598s]   /opt/ros/foxy/share/rcl_interfaces/cmake/rcl_interfacesConfig.cmake:41 (include)
[0.598s]   /opt/ros/foxy/share/rcl/cmake/ament_cmake_export_dependencies-extras.cmake:21 (find_package)
[0.598s]   /opt/ros/foxy/share/rcl/cmake/rclConfig.cmake:41 (include)
[0.598s]   /opt/ros/foxy/share/libstatistics_collector/cmake/ament_cmake_export_dependencies-extras.cmake:21 (find_package)
[0.598s]   /opt/ros/foxy/share/libstatistics_collector/cmake/libstatistics_collectorConfig.cmake:41 (include)
[0.598s]   /opt/ros/foxy/share/rclcpp/cmake/ament_cmake_export_dependencies-extras.cmake:21 (find_package)
[0.598s]   /opt/ros/foxy/share/rclcpp/cmake/rclcppConfig.cmake:41 (include)
[0.598s]   /opt/ros/foxy/share/camera_calibration_parsers/cmake/ament_cmake_export_dependencies-extras.cmake:21 (find_package)
[0.598s]   /opt/ros/foxy/share/camera_calibration_parsers/cmake/camera_calibration_parsersConfig.cmake:41 (include)
[0.598s]   CMakeLists.txt:35 (find_package)
[0.598s] This warning is for project developers.  Use -Wno-dev to suppress it.
[0.598s] [0m
[0.598s] [33mCMake Warning (dev) at /opt/ros/foxy/share/connext_cmake_module/cmake/Modules/FindConnext.cmake:163 (list):
[0.599s]   Policy CMP0121 is not set: The list() command now validates parsing of
[0.599s]   index arguments.  Run "cmake --help-policy CMP0121" for policy details.
[0.599s]   Use the cmake_policy command to set the policy and suppress this warning.
[0.599s]   Invalid list index "libnddscore.so".
[0.599s] Call Stack (most recent call first):
[0.599s]   /opt/ros/foxy/share/connext_cmake_module/cmake/Modules/FindConnext.cmake:198 (_count_found_libraries)
[0.599s]   /opt/ros/foxy/share/rosidl_typesupport_connext_c/cmake/rosidl_typesupport_connext_c-extras.cmake:5 (find_package)
[0.599s]   /opt/ros/foxy/share/rosidl_typesupport_connext_c/cmake/rosidl_typesupport_connext_cConfig.cmake:41 (include)
[0.599s]   /opt/ros/foxy/share/rosidl_typesupport_c/cmake/rosidl_typesupport_c-extras.cmake:13 (find_package)
[0.599s]   /opt/ros/foxy/share/rosidl_typesupport_c/cmake/rosidl_typesupport_cConfig.cmake:41 (include)
[0.599s]   /opt/ros/foxy/share/rosidl_default_runtime/cmake/rosidl_default_runtime-extras.cmake:12 (find_package)
[0.599s]   /opt/ros/foxy/share/rosidl_default_runtime/cmake/rosidl_default_runtimeConfig.cmake:41 (include)
[0.599s]   /opt/ros/foxy/share/builtin_interfaces/cmake/ament_cmake_export_dependencies-extras.cmake:21 (find_package)
[0.599s]   /opt/ros/foxy/share/builtin_interfaces/cmake/builtin_interfacesConfig.cmake:41 (include)
[0.599s]   /opt/ros/foxy/share/rcl_interfaces/cmake/ament_cmake_export_dependencies-extras.cmake:21 (find_package)
[0.599s]   /opt/ros/foxy/share/rcl_interfaces/cmake/rcl_interfacesConfig.cmake:41 (include)
[0.599s]   /opt/ros/foxy/share/rcl/cmake/ament_cmake_export_dependencies-extras.cmake:21 (find_package)
[0.600s]   /opt/ros/foxy/share/rcl/cmake/rclConfig.cmake:41 (include)
[0.600s]   /opt/ros/foxy/share/libstatistics_collector/cmake/ament_cmake_export_dependencies-extras.cmake:21 (find_package)
[0.600s]   /opt/ros/foxy/share/libstatistics_collector/cmake/libstatistics_collectorConfig.cmake:41 (include)
[0.600s]   /opt/ros/foxy/share/rclcpp/cmake/ament_cmake_export_dependencies-extras.cmake:21 (find_package)
[0.600s]   /opt/ros/foxy/share/rclcpp/cmake/rclcppConfig.cmake:41 (include)
[0.600s]   /opt/ros/foxy/share/camera_calibration_parsers/cmake/ament_cmake_export_dependencies-extras.cmake:21 (find_package)
[0.600s]   /opt/ros/foxy/share/camera_calibration_parsers/cmake/camera_calibration_parsersConfig.cmake:41 (include)
[0.600s]   CMakeLists.txt:35 (find_package)
[0.600s] This warning is for project developers.  Use -Wno-dev to suppress it.
[0.600s] [0m
[0.600s] [33mCMake Warning (dev) at /opt/ros/foxy/share/connext_cmake_module/cmake/Modules/FindConnext.cmake:163 (list):
[0.600s]   Policy CMP0121 is not set: The list() command now validates parsing of
[0.600s]   index arguments.  Run "cmake --help-policy CMP0121" for policy details.
[0.600s]   Use the cmake_policy command to set the policy and suppress this warning.
[0.600s]   Invalid list index "libnddscpp.so".
[0.600s] Call Stack (most recent call first):
[0.601s]   /opt/ros/foxy/share/connext_cmake_module/cmake/Modules/FindConnext.cmake:198 (_count_found_libraries)
[0.601s]   /opt/ros/foxy/share/rosidl_typesupport_connext_c/cmake/rosidl_typesupport_connext_c-extras.cmake:5 (find_package)
[0.601s]   /opt/ros/foxy/share/rosidl_typesupport_connext_c/cmake/rosidl_typesupport_connext_cConfig.cmake:41 (include)
[0.601s]   /opt/ros/foxy/share/rosidl_typesupport_c/cmake/rosidl_typesupport_c-extras.cmake:13 (find_package)
[0.601s]   /opt/ros/foxy/share/rosidl_typesupport_c/cmake/rosidl_typesupport_cConfig.cmake:41 (include)
[0.601s]   /opt/ros/foxy/share/rosidl_default_runtime/cmake/rosidl_default_runtime-extras.cmake:12 (find_package)
[0.601s]   /opt/ros/foxy/share/rosidl_default_runtime/cmake/rosidl_default_runtimeConfig.cmake:41 (include)
[0.601s]   /opt/ros/foxy/share/builtin_interfaces/cmake/ament_cmake_export_dependencies-extras.cmake:21 (find_package)
[0.601s]   /opt/ros/foxy/share/builtin_interfaces/cmake/builtin_interfacesConfig.cmake:41 (include)
[0.601s]   /opt/ros/foxy/share/rcl_interfaces/cmake/ament_cmake_export_dependencies-extras.cmake:21 (find_package)
[0.601s]   /opt/ros/foxy/share/rcl_interfaces/cmake/rcl_interfacesConfig.cmake:41 (include)
[0.601s]   /opt/ros/foxy/share/rcl/cmake/ament_cmake_export_dependencies-extras.cmake:21 (find_package)
[0.601s]   /opt/ros/foxy/share/rcl/cmake/rclConfig.cmake:41 (include)
[0.601s]   /opt/ros/foxy/share/libstatistics_collector/cmake/ament_cmake_export_dependencies-extras.cmake:21 (find_package)
[0.601s]   /opt/ros/foxy/share/libstatistics_collector/cmake/libstatistics_collectorConfig.cmake:41 (include)
[0.601s]   /opt/ros/foxy/share/rclcpp/cmake/ament_cmake_export_dependencies-extras.cmake:21 (find_package)
[0.601s]   /opt/ros/foxy/share/rclcpp/cmake/rclcppConfig.cmake:41 (include)
[0.602s]   /opt/ros/foxy/share/camera_calibration_parsers/cmake/ament_cmake_export_dependencies-extras.cmake:21 (find_package)
[0.602s]   /opt/ros/foxy/share/camera_calibration_parsers/cmake/camera_calibration_parsersConfig.cmake:41 (include)
[0.602s]   CMakeLists.txt:35 (find_package)
[0.602s] This warning is for project developers.  Use -Wno-dev to suppress it.
[0.602s] [0m
[0.602s] [33mCMake Warning (dev) at /opt/ros/foxy/share/connext_cmake_module/cmake/Modules/FindConnext.cmake:163 (list):
[0.602s]   Policy CMP0121 is not set: The list() command now validates parsing of
[0.602s]   index arguments.  Run "cmake --help-policy CMP0121" for policy details.
[0.602s]   Use the cmake_policy command to set the policy and suppress this warning.
[0.602s]   Invalid list index "librticonnextmsgcpp.so".
[0.602s] Call Stack (most recent call first):
[0.602s]   /opt/ros/foxy/share/connext_cmake_module/cmake/Modules/FindConnext.cmake:198 (_count_found_libraries)
[0.602s]   /opt/ros/foxy/share/rosidl_typesupport_connext_c/cmake/rosidl_typesupport_connext_c-extras.cmake:5 (find_package)
[0.602s]   /opt/ros/foxy/share/rosidl_typesupport_connext_c/cmake/rosidl_typesupport_connext_cConfig.cmake:41 (include)
[0.602s]   /opt/ros/foxy/share/rosidl_typesupport_c/cmake/rosidl_typesupport_c-extras.cmake:13 (find_package)
[0.602s]   /opt/ros/foxy/share/rosidl_typesupport_c/cmake/rosidl_typesupport_cConfig.cmake:41 (include)
[0.602s]   /opt/ros/foxy/share/rosidl_default_runtime/cmake/rosidl_default_runtime-extras.cmake:12 (find_package)
[0.602s]   /opt/ros/foxy/share/rosidl_default_runtime/cmake/rosidl_default_runtimeConfig.cmake:41 (include)
[0.603s]   /opt/ros/foxy/share/builtin_interfaces/cmake/ament_cmake_export_dependencies-extras.cmake:21 (find_package)
[0.603s]   /opt/ros/foxy/share/builtin_interfaces/cmake/builtin_interfacesConfig.cmake:41 (include)
[0.603s]   /opt/ros/foxy/share/rcl_interfaces/cmake/ament_cmake_export_dependencies-extras.cmake:21 (find_package)
[0.603s]   /opt/ros/foxy/share/rcl_interfaces/cmake/rcl_interfacesConfig.cmake:41 (include)
[0.603s]   /opt/ros/foxy/share/rcl/cmake/ament_cmake_export_dependencies-extras.cmake:21 (find_package)
[0.603s]   /opt/ros/foxy/share/rcl/cmake/rclConfig.cmake:41 (include)
[0.603s]   /opt/ros/foxy/share/libstatistics_collector/cmake/ament_cmake_export_dependencies-extras.cmake:21 (find_package)
[0.603s]   /opt/ros/foxy/share/libstatistics_collector/cmake/libstatistics_collectorConfig.cmake:41 (include)
[0.603s]   /opt/ros/foxy/share/rclcpp/cmake/ament_cmake_export_dependencies-extras.cmake:21 (find_package)
[0.603s]   /opt/ros/foxy/share/rclcpp/cmake/rclcppConfig.cmake:41 (include)
[0.603s]   /opt/ros/foxy/share/camera_calibration_parsers/cmake/ament_cmake_export_dependencies-extras.cmake:21 (find_package)
[0.603s]   /opt/ros/foxy/share/camera_calibration_parsers/cmake/camera_calibration_parsersConfig.cmake:41 (include)
[0.603s]   CMakeLists.txt:35 (find_package)
[0.603s] This warning is for project developers.  Use -Wno-dev to suppress it.
[0.603s] [0m
[0.604s] [33mCMake Warning (dev) at /opt/ros/foxy/share/connext_cmake_module/cmake/Modules/FindConnext.cmake:163 (list):
[0.605s]   Policy CMP0121 is not set: The list() command now validates parsing of
[0.605s]   index arguments.  Run "cmake --help-policy CMP0121" for policy details.
[0.605s]   Use the cmake_policy command to set the policy and suppress this warning.
[0.605s]   Invalid list index "libnddscd.so".
[0.605s] Call Stack (most recent call first):
[0.605s]   /opt/ros/foxy/share/connext_cmake_module/cmake/Modules/FindConnext.cmake:199 (_count_found_libraries)
[0.605s]   /opt/ros/foxy/share/rosidl_typesupport_connext_c/cmake/rosidl_typesupport_connext_c-extras.cmake:5 (find_package)
[0.605s]   /opt/ros/foxy/share/rosidl_typesupport_connext_c/cmake/rosidl_typesupport_connext_cConfig.cmake:41 (include)
[0.605s]   /opt/ros/foxy/share/rosidl_typesupport_c/cmake/rosidl_typesupport_c-extras.cmake:13 (find_package)
[0.605s]   /opt/ros/foxy/share/rosidl_typesupport_c/cmake/rosidl_typesupport_cConfig.cmake:41 (include)
[0.605s]   /opt/ros/foxy/share/rosidl_default_runtime/cmake/rosidl_default_runtime-extras.cmake:12 (find_package)
[0.605s]   /opt/ros/foxy/share/rosidl_default_runtime/cmake/rosidl_default_runtimeConfig.cmake:41 (include)
[0.605s]   /opt/ros/foxy/share/builtin_interfaces/cmake/ament_cmake_export_dependencies-extras.cmake:21 (find_package)
[0.605s]   /opt/ros/foxy/share/builtin_interfaces/cmake/builtin_interfacesConfig.cmake:41 (include)
[0.605s]   /opt/ros/foxy/share/rcl_interfaces/cmake/ament_cmake_export_dependencies-extras.cmake:21 (find_package)
[0.605s]   /opt/ros/foxy/share/rcl_interfaces/cmake/rcl_interfacesConfig.cmake:41 (include)
[0.605s]   /opt/ros/foxy/share/rcl/cmake/ament_cmake_export_dependencies-extras.cmake:21 (find_package)
[0.606s]   /opt/ros/foxy/share/rcl/cmake/rclConfig.cmake:41 (include)
[0.606s]   /opt/ros/foxy/share/libstatistics_collector/cmake/ament_cmake_export_dependencies-extras.cmake:21 (find_package)
[0.606s]   /opt/ros/foxy/share/libstatistics_collector/cmake/libstatistics_collectorConfig.cmake:41 (include)
[0.606s]   /opt/ros/foxy/share/rclcpp/cmake/ament_cmake_export_dependencies-extras.cmake:21 (find_package)
[0.606s]   /opt/ros/foxy/share/rclcpp/cmake/rclcppConfig.cmake:41 (include)
[0.606s]   /opt/ros/foxy/share/camera_calibration_parsers/cmake/ament_cmake_export_dependencies-extras.cmake:21 (find_package)
[0.606s]   /opt/ros/foxy/share/camera_calibration_parsers/cmake/camera_calibration_parsersConfig.cmake:41 (include)
[0.606s]   CMakeLists.txt:35 (find_package)
[0.606s] This warning is for project developers.  Use -Wno-dev to suppress it.
[0.606s] [0m
[0.606s] [33mCMake Warning (dev) at /opt/ros/foxy/share/connext_cmake_module/cmake/Modules/FindConnext.cmake:163 (list):
[0.606s]   Policy CMP0121 is not set: The list() command now validates parsing of
[0.606s]   index arguments.  Run "cmake --help-policy CMP0121" for policy details.
[0.606s]   Use the cmake_policy command to set the policy and suppress this warning.
[0.606s]   Invalid list index "libnddscored.so".
[0.606s] Call Stack (most recent call first):
[0.606s]   /opt/ros/foxy/share/connext_cmake_module/cmake/Modules/FindConnext.cmake:199 (_count_found_libraries)
[0.607s]   /opt/ros/foxy/share/rosidl_typesupport_connext_c/cmake/rosidl_typesupport_connext_c-extras.cmake:5 (find_package)
[0.607s]   /opt/ros/foxy/share/rosidl_typesupport_connext_c/cmake/rosidl_typesupport_connext_cConfig.cmake:41 (include)
[0.607s]   /opt/ros/foxy/share/rosidl_typesupport_c/cmake/rosidl_typesupport_c-extras.cmake:13 (find_package)
[0.607s]   /opt/ros/foxy/share/rosidl_typesupport_c/cmake/rosidl_typesupport_cConfig.cmake:41 (include)
[0.607s]   /opt/ros/foxy/share/rosidl_default_runtime/cmake/rosidl_default_runtime-extras.cmake:12 (find_package)
[0.607s]   /opt/ros/foxy/share/rosidl_default_runtime/cmake/rosidl_default_runtimeConfig.cmake:41 (include)
[0.607s]   /opt/ros/foxy/share/builtin_interfaces/cmake/ament_cmake_export_dependencies-extras.cmake:21 (find_package)
[0.607s]   /opt/ros/foxy/share/builtin_interfaces/cmake/builtin_interfacesConfig.cmake:41 (include)
[0.607s]   /opt/ros/foxy/share/rcl_interfaces/cmake/ament_cmake_export_dependencies-extras.cmake:21 (find_package)
[0.607s]   /opt/ros/foxy/share/rcl_interfaces/cmake/rcl_interfacesConfig.cmake:41 (include)
[0.608s]   /opt/ros/foxy/share/rcl/cmake/ament_cmake_export_dependencies-extras.cmake:21 (find_package)
[0.608s]   /opt/ros/foxy/share/rcl/cmake/rclConfig.cmake:41 (include)
[0.608s]   /opt/ros/foxy/share/libstatistics_collector/cmake/ament_cmake_export_dependencies-extras.cmake:21 (find_package)
[0.608s]   /opt/ros/foxy/share/libstatistics_collector/cmake/libstatistics_collectorConfig.cmake:41 (include)
[0.608s]   /opt/ros/foxy/share/rclcpp/cmake/ament_cmake_export_dependencies-extras.cmake:21 (find_package)
[0.608s]   /opt/ros/foxy/share/rclcpp/cmake/rclcppConfig.cmake:41 (include)
[0.608s]   /opt/ros/foxy/share/camera_calibration_parsers/cmake/ament_cmake_export_dependencies-extras.cmake:21 (find_package)
[0.608s]   /opt/ros/foxy/share/camera_calibration_parsers/cmake/camera_calibration_parsersConfig.cmake:41 (include)
[0.608s]   CMakeLists.txt:35 (find_package)
[0.608s] This warning is for project developers.  Use -Wno-dev to suppress it.
[0.608s] [0m
[0.608s] [33mCMake Warning (dev) at /opt/ros/foxy/share/connext_cmake_module/cmake/Modules/FindConnext.cmake:163 (list):
[0.608s]   Policy CMP0121 is not set: The list() command now validates parsing of
[0.608s]   index arguments.  Run "cmake --help-policy CMP0121" for policy details.
[0.608s]   Use the cmake_policy command to set the policy and suppress this warning.
[0.608s]   Invalid list index "libnddscppd.so".
[0.608s] Call Stack (most recent call first):
[0.609s]   /opt/ros/foxy/share/connext_cmake_module/cmake/Modules/FindConnext.cmake:199 (_count_found_libraries)
[0.609s]   /opt/ros/foxy/share/rosidl_typesupport_connext_c/cmake/rosidl_typesupport_connext_c-extras.cmake:5 (find_package)
[0.609s]   /opt/ros/foxy/share/rosidl_typesupport_connext_c/cmake/rosidl_typesupport_connext_cConfig.cmake:41 (include)
[0.609s]   /opt/ros/foxy/share/rosidl_typesupport_c/cmake/rosidl_typesupport_c-extras.cmake:13 (find_package)
[0.609s]   /opt/ros/foxy/share/rosidl_typesupport_c/cmake/rosidl_typesupport_cConfig.cmake:41 (include)
[0.609s]   /opt/ros/foxy/share/rosidl_default_runtime/cmake/rosidl_default_runtime-extras.cmake:12 (find_package)
[0.609s]   /opt/ros/foxy/share/rosidl_default_runtime/cmake/rosidl_default_runtimeConfig.cmake:41 (include)
[0.609s]   /opt/ros/foxy/share/builtin_interfaces/cmake/ament_cmake_export_dependencies-extras.cmake:21 (find_package)
[0.609s]   /opt/ros/foxy/share/builtin_interfaces/cmake/builtin_interfacesConfig.cmake:41 (include)
[0.609s]   /opt/ros/foxy/share/rcl_interfaces/cmake/ament_cmake_export_dependencies-extras.cmake:21 (find_package)
[0.609s]   /opt/ros/foxy/share/rcl_interfaces/cmake/rcl_interfacesConfig.cmake:41 (include)
[0.609s]   /opt/ros/foxy/share/rcl/cmake/ament_cmake_export_dependencies-extras.cmake:21 (find_package)
[0.609s]   /opt/ros/foxy/share/rcl/cmake/rclConfig.cmake:41 (include)
[0.609s]   /opt/ros/foxy/share/libstatistics_collector/cmake/ament_cmake_export_dependencies-extras.cmake:21 (find_package)
[0.609s]   /opt/ros/foxy/share/libstatistics_collector/cmake/libstatistics_collectorConfig.cmake:41 (include)
[0.609s]   /opt/ros/foxy/share/rclcpp/cmake/ament_cmake_export_dependencies-extras.cmake:21 (find_package)
[0.609s]   /opt/ros/foxy/share/rclcpp/cmake/rclcppConfig.cmake:41 (include)
[0.609s]   /opt/ros/foxy/share/camera_calibration_parsers/cmake/ament_cmake_export_dependencies-extras.cmake:21 (find_package)
[0.610s]   /opt/ros/foxy/share/camera_calibration_parsers/cmake/camera_calibration_parsersConfig.cmake:41 (include)
[0.610s]   CMakeLists.txt:35 (find_package)
[0.610s] This warning is for project developers.  Use -Wno-dev to suppress it.
[0.610s] [0m
[0.610s] [33mCMake Warning (dev) at /opt/ros/foxy/share/connext_cmake_module/cmake/Modules/FindConnext.cmake:163 (list):
[0.610s]   Policy CMP0121 is not set: The list() command now validates parsing of
[0.610s]   index arguments.  Run "cmake --help-policy CMP0121" for policy details.
[0.610s]   Use the cmake_policy command to set the policy and suppress this warning.
[0.610s]   Invalid list index "librticonnextmsgcppd.so".
[0.610s] Call Stack (most recent call first):
[0.610s]   /opt/ros/foxy/share/connext_cmake_module/cmake/Modules/FindConnext.cmake:199 (_count_found_libraries)
[0.610s]   /opt/ros/foxy/share/rosidl_typesupport_connext_c/cmake/rosidl_typesupport_connext_c-extras.cmake:5 (find_package)
[0.610s]   /opt/ros/foxy/share/rosidl_typesupport_connext_c/cmake/rosidl_typesupport_connext_cConfig.cmake:41 (include)
[0.610s]   /opt/ros/foxy/share/rosidl_typesupport_c/cmake/rosidl_typesupport_c-extras.cmake:13 (find_package)
[0.610s]   /opt/ros/foxy/share/rosidl_typesupport_c/cmake/rosidl_typesupport_cConfig.cmake:41 (include)
[0.610s]   /opt/ros/foxy/share/rosidl_default_runtime/cmake/rosidl_default_runtime-extras.cmake:12 (find_package)
[0.610s]   /opt/ros/foxy/share/rosidl_default_runtime/cmake/rosidl_default_runtimeConfig.cmake:41 (include)
[0.610s]   /opt/ros/foxy/share/builtin_interfaces/cmake/ament_cmake_export_dependencies-extras.cmake:21 (find_package)
[0.611s]   /opt/ros/foxy/share/builtin_interfaces/cmake/builtin_interfacesConfig.cmake:41 (include)
[0.611s]   /opt/ros/foxy/share/rcl_interfaces/cmake/ament_cmake_export_dependencies-extras.cmake:21 (find_package)
[0.611s]   /opt/ros/foxy/share/rcl_interfaces/cmake/rcl_interfacesConfig.cmake:41 (include)
[0.611s]   /opt/ros/foxy/share/rcl/cmake/ament_cmake_export_dependencies-extras.cmake:21 (find_package)
[0.611s]   /opt/ros/foxy/share/rcl/cmake/rclConfig.cmake:41 (include)
[0.611s]   /opt/ros/foxy/share/libstatistics_collector/cmake/ament_cmake_export_dependencies-extras.cmake:21 (find_package)
[0.611s]   /opt/ros/foxy/share/libstatistics_collector/cmake/libstatistics_collectorConfig.cmake:41 (include)
[0.611s]   /opt/ros/foxy/share/rclcpp/cmake/ament_cmake_export_dependencies-extras.cmake:21 (find_package)
[0.611s]   /opt/ros/foxy/share/rclcpp/cmake/rclcppConfig.cmake:41 (include)
[0.611s]   /opt/ros/foxy/share/camera_calibration_parsers/cmake/ament_cmake_export_dependencies-extras.cmake:21 (find_package)
[0.611s]   /opt/ros/foxy/share/camera_calibration_parsers/cmake/camera_calibration_parsersConfig.cmake:41 (include)
[0.611s]   CMakeLists.txt:35 (find_package)
[0.611s] This warning is for project developers.  Use -Wno-dev to suppress it.
[0.611s] [0m
[0.611s] [0mCMake Deprecation Warning at /home/corelab/ros2_stereo/build/gscam2/connext_cmake_module/check_abi/CMakeLists.txt:15 (cmake_minimum_required):
[0.612s]   Compatibility with CMake < 2.8.12 will be removed from a future version of
[0.612s]   CMake.
[0.612s] 
[0.612s]   Update the VERSION argument <min> value or use a ...<max> suffix to tell
[0.612s]   CMake that the project does not need compatibility with older versions.
[0.612s] 
[0.612s] [0m
[2.375s] -- Found OpenSSL: /usr/lib/x86_64-linux-gnu/libcrypto.so (found version "1.1.1f")  
[2.435s] -- Found FastRTPS: /opt/ros/foxy/include  
[2.566s] -- Using all available rosidl_typesupport_cpp: rosidl_typesupport_connext_cpp;rosidl_typesupport_fastrtps_cpp;rosidl_typesupport_introspection_cpp
[2.633s] -- Found rmw_implementation_cmake: 1.0.4 (/opt/ros/foxy/share/rmw_implementation_cmake/cmake)
[2.634s] -- Using RMW implementation 'rmw_fastrtps_cpp' as default
[2.635s] -- Performing Test CMAKE_HAVE_LIBC_PTHREAD
[2.748s] -- Performing Test CMAKE_HAVE_LIBC_PTHREAD - Failed
[2.748s] -- Looking for pthread_create in pthreads
[2.905s] -- Looking for pthread_create in pthreads - not found
[2.905s] -- Looking for pthread_create in pthread
[3.119s] -- Looking for pthread_create in pthread - found
[3.120s] -- Found Threads: TRUE  
[3.493s] -- Setting yaml-cpp_DIR to: '/opt/ros/foxy/share/yaml_cpp_vendor/cmake/../../../opt/yaml_cpp_vendor/lib/cmake/yaml-cpp'
[3.504s] -- Found camera_info_manager: 2.4.0 (/opt/ros/foxy/share/camera_info_manager/cmake)
[3.577s] -- Found class_loader: 2.0.3 (/opt/ros/foxy/share/class_loader/cmake)
[3.589s] -- Found rclcpp_components: 2.4.3 (/opt/ros/foxy/share/rclcpp_components/cmake)
[3.684s] -- Found rclpy: 1.0.13 (/opt/ros/foxy/share/rclpy/cmake)
[3.685s] -- Found ros2_shared: 0.1.0 (/home/corelab/ros2_stereo/install/ros2_shared/share/ros2_shared/cmake)
[3.985s] -- Found ament_lint_auto: 0.9.8 (/opt/ros/foxy/share/ament_lint_auto/cmake)
[4.128s] -- Found gtest sources under '/opt/ros/foxy/src/gtest_vendor': C++ tests using 'Google Test' will be built
[4.132s] -- Check if compiler accepts -pthread
[4.224s] -- Check if compiler accepts -pthread - yes
[4.233s] -- Added test 'cppcheck' to perform static code analysis on C / C++ code
[4.233s] -- Configured cppcheck include dirs: /home/corelab/ros2_stereo/src/gscam2/include
[4.233s] -- Configured cppcheck exclude dirs and/or files: 
[4.234s] -- Added test 'flake8' to check Python code syntax and style conventions
[4.235s] -- Added test 'lint_cmake' to check CMake code style
[4.236s] -- Added test 'pep257' to check Python code against some of the style conventions in PEP 257
[4.239s] -- Added test 'uncrustify' to check C / C++ code style
[4.239s] -- Configured uncrustify additional arguments: 
[4.239s] -- Added test 'xmllint' to check XML markup files
[4.243s] -- Configuring done
[4.303s] -- Generating done
[4.306s] -- Build files have been written to: /home/corelab/ros2_stereo/build/gscam2
[4.339s] Invoked command in '/home/corelab/ros2_stereo/build/gscam2' returned '0': AMENT_PREFIX_PATH=/home/corelab/ros2_stereo/install/ros2_shared:${AMENT_PREFIX_PATH} CMAKE_PREFIX_PATH=/home/corelab/ros2_stereo/install/ros2_shared:/opt/ros/foxy /home/corelab/.local/bin/cmake /home/corelab/ros2_stereo/src/gscam2 -DCMAKE_INSTALL_PREFIX=/home/corelab/ros2_stereo/install/gscam2
[4.341s] Invoking command in '/home/corelab/ros2_stereo/build/gscam2': AMENT_PREFIX_PATH=/home/corelab/ros2_stereo/install/ros2_shared:${AMENT_PREFIX_PATH} CMAKE_PREFIX_PATH=/home/corelab/ros2_stereo/install/ros2_shared:/opt/ros/foxy /home/corelab/.local/bin/cmake --build /home/corelab/ros2_stereo/build/gscam2 -- -j16 -l16
[4.405s] [  7%] [32mBuilding CXX object gtest/CMakeFiles/gtest_main.dir/src/gtest_main.cc.o[0m
[4.409s] [ 14%] [32mBuilding CXX object CMakeFiles/gscam_node.dir/src/gscam_node.cpp.o[0m
[4.409s] [ 21%] [32mBuilding CXX object gtest/CMakeFiles/gtest.dir/src/gtest-all.cc.o[0m
[4.438s] [ 28%] [32mBuilding CXX object CMakeFiles/subscriber_node.dir/src/subscriber_node.cpp.o[0m
[4.597s] [01m[K/home/corelab/ros2_stereo/src/gscam2/src/gscam_node.cpp:28:3:[m[K [01;35m[Kwarning: [m[Kmulti-line comment [[01;35m[K-Wcomment[m[K]
[4.598s]    28 |   [01;35m[K/[m[K/ CXT_MACRO_MEMBER(camera_info_url, std::string, "")        /* Location of camera info file  */ \
[4.598s]       |   [01;35m[K^[m[K
[5.215s] [ 35%] [32m[1mLinking CXX static library libgtest_main.a[0m
[5.370s] [ 35%] Built target gtest_main
[7.923s] [ 42%] [32m[1mLinking CXX static library libgtest.a[0m
[7.946s] [ 42%] Built target gtest
[8.030s] [ 50%] [32m[1mLinking CXX shared library libgscam_node.so[0m
[8.161s] [ 50%] Built target gscam_node
[8.167s] [ 64%] [32mBuilding CXX object CMakeFiles/smoke_test.dir/test/smoke_test.cpp.o[0m
[8.167s] [ 64%] [32mBuilding CXX object CMakeFiles/gscam_main.dir/src/gscam_main.cpp.o[0m
[8.858s] [ 71%] [32m[1mLinking CXX shared library libsubscriber_node.so[0m
[9.036s] [ 71%] Built target subscriber_node
[9.041s] [ 78%] [32mBuilding CXX object CMakeFiles/ipc_test_main.dir/src/ipc_test_main.cpp.o[0m
[9.404s] [ 85%] [32m[1mLinking CXX executable gscam_main[0m
[9.515s] [ 85%] Built target gscam_main
[10.261s] [ 92%] [32m[1mLinking CXX executable ipc_test_main[0m
[10.399s] [ 92%] Built target ipc_test_main
[11.668s] [100%] [32m[1mLinking CXX executable smoke_test[0m
[11.996s] [100%] Built target smoke_test
[12.008s] Invoked command in '/home/corelab/ros2_stereo/build/gscam2' returned '0': AMENT_PREFIX_PATH=/home/corelab/ros2_stereo/install/ros2_shared:${AMENT_PREFIX_PATH} CMAKE_PREFIX_PATH=/home/corelab/ros2_stereo/install/ros2_shared:/opt/ros/foxy /home/corelab/.local/bin/cmake --build /home/corelab/ros2_stereo/build/gscam2 -- -j16 -l16
[12.083s] Invoking command in '/home/corelab/ros2_stereo/build/gscam2': AMENT_PREFIX_PATH=/home/corelab/ros2_stereo/install/ros2_shared:${AMENT_PREFIX_PATH} CMAKE_PREFIX_PATH=/home/corelab/ros2_stereo/install/ros2_shared:/opt/ros/foxy /home/corelab/.local/bin/cmake --install /home/corelab/ros2_stereo/build/gscam2
[12.132s] -- Install configuration: ""
[12.132s] -- Installing: /home/corelab/ros2_stereo/install/gscam2/share/gscam2/environment/library_path.sh
[12.132s] -- Installing: /home/corelab/ros2_stereo/install/gscam2/share/gscam2/environment/library_path.dsv
[12.132s] -- Installing: /home/corelab/ros2_stereo/install/gscam2/share/ament_index/resource_index/package_run_dependencies/gscam2
[12.132s] -- Installing: /home/corelab/ros2_stereo/install/gscam2/share/ament_index/resource_index/parent_prefix_path/gscam2
[12.132s] -- Installing: /home/corelab/ros2_stereo/install/gscam2/share/gscam2/environment/ament_prefix_path.sh
[12.132s] -- Installing: /home/corelab/ros2_stereo/install/gscam2/share/gscam2/environment/ament_prefix_path.dsv
[12.132s] -- Installing: /home/corelab/ros2_stereo/install/gscam2/share/gscam2/environment/path.sh
[12.133s] -- Installing: /home/corelab/ros2_stereo/install/gscam2/share/gscam2/environment/path.dsv
[12.133s] -- Installing: /home/corelab/ros2_stereo/install/gscam2/share/gscam2/local_setup.bash
[12.133s] -- Installing: /home/corelab/ros2_stereo/install/gscam2/share/gscam2/local_setup.sh
[12.133s] -- Installing: /home/corelab/ros2_stereo/install/gscam2/share/gscam2/local_setup.zsh
[12.133s] -- Installing: /home/corelab/ros2_stereo/install/gscam2/share/gscam2/local_setup.dsv
[12.133s] -- Installing: /home/corelab/ros2_stereo/install/gscam2/share/gscam2/package.dsv
[12.133s] -- Installing: /home/corelab/ros2_stereo/install/gscam2/share/ament_index/resource_index/packages/gscam2
[12.133s] -- Installing: /home/corelab/ros2_stereo/install/gscam2/share/ament_index/resource_index/rclcpp_components/gscam2
[12.133s] -- Installing: /home/corelab/ros2_stereo/install/gscam2/share/gscam2/cmake/export_gscam_nodeExport.cmake
[12.133s] -- Installing: /home/corelab/ros2_stereo/install/gscam2/share/gscam2/cmake/export_gscam_nodeExport-noconfig.cmake
[12.133s] -- Installing: /home/corelab/ros2_stereo/install/gscam2/share/gscam2/cmake/export_subscriber_nodeExport.cmake
[12.133s] -- Installing: /home/corelab/ros2_stereo/install/gscam2/share/gscam2/cmake/export_subscriber_nodeExport-noconfig.cmake
[12.133s] -- Installing: /home/corelab/ros2_stereo/install/gscam2/share/gscam2/cmake/ament_cmake_export_dependencies-extras.cmake
[12.133s] -- Installing: /home/corelab/ros2_stereo/install/gscam2/share/gscam2/cmake/ament_cmake_export_include_directories-extras.cmake
[12.134s] -- Installing: /home/corelab/ros2_stereo/install/gscam2/share/gscam2/cmake/ament_cmake_export_targets-extras.cmake
[12.134s] -- Installing: /home/corelab/ros2_stereo/install/gscam2/share/gscam2/cmake/ament_cmake_export_libraries-extras.cmake
[12.134s] -- Installing: /home/corelab/ros2_stereo/install/gscam2/share/gscam2/cmake/gscam2Config.cmake
[12.134s] -- Installing: /home/corelab/ros2_stereo/install/gscam2/share/gscam2/cmake/gscam2Config-version.cmake
[12.134s] -- Installing: /home/corelab/ros2_stereo/install/gscam2/share/gscam2/package.xml
[12.134s] -- Installing: /home/corelab/ros2_stereo/install/gscam2/include/gscam2
[12.134s] -- Installing: /home/corelab/ros2_stereo/install/gscam2/include/gscam2/gscam_node.hpp
[12.134s] -- Installing: /home/corelab/ros2_stereo/install/gscam2/include/gscam2/subscriber_node.hpp
[12.134s] -- Installing: /home/corelab/ros2_stereo/install/gscam2/lib/libgscam_node.so
[12.135s] -- Set runtime path of "/home/corelab/ros2_stereo/install/gscam2/lib/libgscam_node.so" to ""
[12.135s] -- Installing: /home/corelab/ros2_stereo/install/gscam2/lib/libsubscriber_node.so
[12.138s] -- Set runtime path of "/home/corelab/ros2_stereo/install/gscam2/lib/libsubscriber_node.so" to ""
[12.139s] -- Installing: /home/corelab/ros2_stereo/install/gscam2/lib/gscam2/gscam_main
[12.139s] -- Set runtime path of "/home/corelab/ros2_stereo/install/gscam2/lib/gscam2/gscam_main" to ""
[12.139s] -- Installing: /home/corelab/ros2_stereo/install/gscam2/lib/gscam2/ipc_test_main
[12.139s] -- Set runtime path of "/home/corelab/ros2_stereo/install/gscam2/lib/gscam2/ipc_test_main" to ""
[12.139s] -- Installing: /home/corelab/ros2_stereo/install/gscam2/share/gscam2/cfg
[12.139s] -- Installing: /home/corelab/ros2_stereo/install/gscam2/share/gscam2/cfg/my_camera.ini
[12.148s] -- Installing: /home/corelab/ros2_stereo/install/gscam2/share/gscam2/cfg/workaround_params.yaml
[12.148s] -- Installing: /home/corelab/ros2_stereo/install/gscam2/share/gscam2/cfg/elp_left.yaml
[12.149s] -- Installing: /home/corelab/ros2_stereo/install/gscam2/share/gscam2/cfg/params.yaml
[12.149s] -- Installing: /home/corelab/ros2_stereo/install/gscam2/share/gscam2/launch
[12.149s] -- Installing: /home/corelab/ros2_stereo/install/gscam2/share/gscam2/launch/composition_launch.py
[12.149s] -- Installing: /home/corelab/ros2_stereo/install/gscam2/share/gscam2/launch/container_param_launch.py
[12.149s] -- Installing: /home/corelab/ros2_stereo/install/gscam2/share/gscam2/launch/node_param_launch.py
[12.178s] Invoked command in '/home/corelab/ros2_stereo/build/gscam2' returned '0': AMENT_PREFIX_PATH=/home/corelab/ros2_stereo/install/ros2_shared:${AMENT_PREFIX_PATH} CMAKE_PREFIX_PATH=/home/corelab/ros2_stereo/install/ros2_shared:/opt/ros/foxy /home/corelab/.local/bin/cmake --install /home/corelab/ros2_stereo/build/gscam2
