In file included from [01m[K/home/corelab/GitHub/CatchingBlimp/Summer2023/ros2_stereo/src/stereo_combined/src/stereo_combined_node.cpp:3[m[K:
[01m[K/home/corelab/GitHub/CatchingBlimp/Summer2023/ros2_stereo/src/stereo_combined/include/StereoCombined.hpp:99:66:[m[K [01;31m[Kerror: [m[Kredeclaration of ‘[01m[Krclcpp::Subscription<yolo_msgs::msg::BoundingBox_<std::allocator<void> > >::SharedPtr StereoCombined::syncImageSub_[m[K’
   99 |     rclcpp::Subscription<yolo_msgs::msg::BoundingBox>::SharedPtr [01;31m[KsyncImageSub_[m[K;
      |                                                                  [01;31m[K^~~~~~~~~~~~~[m[K
[01m[K/home/corelab/GitHub/CatchingBlimp/Summer2023/ros2_stereo/src/stereo_combined/include/StereoCombined.hpp:48:62:[m[K [01;36m[Knote: [m[Kprevious declaration ‘[01m[Krclcpp::Subscription<sensor_msgs::msg::Image_<std::allocator<void> > >::SharedPtr StereoCombined::syncImageSub_[m[K’
   48 |     rclcpp::Subscription<sensor_msgs::msg::Image>::SharedPtr [01;36m[KsyncImageSub_[m[K;
      |                                                              [01;36m[K^~~~~~~~~~~~~[m[K
[01m[K/home/corelab/GitHub/CatchingBlimp/Summer2023/ros2_stereo/src/stereo_combined/include/StereoCombined.hpp:[m[K In function ‘[01m[Kbool isInBoundingBoxBalloon(const BoundingBox&, int, int)[m[K’:
[01m[K/home/corelab/GitHub/CatchingBlimp/Summer2023/ros2_stereo/src/stereo_combined/include/StereoCombined.hpp:169:37:[m[K [01;31m[Kerror: [m[Kbase operand of ‘[01m[K->[m[K’ has non-pointer type ‘[01m[Kconst BoundingBox[m[K’ {aka ‘[01m[Kconst yolo_msgs::msg::BoundingBox_<std::allocator<void> >[m[K’}
  169 |     int64 x_center_balloon= bbox_msg[01;31m[K->[m[Kx_center_balloon;
      |                                     [01;31m[K^~[m[K
[01m[K/home/corelab/GitHub/CatchingBlimp/Summer2023/ros2_stereo/src/stereo_combined/include/StereoCombined.hpp:170:37:[m[K [01;31m[Kerror: [m[Kbase operand of ‘[01m[K->[m[K’ has non-pointer type ‘[01m[Kconst BoundingBox[m[K’ {aka ‘[01m[Kconst yolo_msgs::msg::BoundingBox_<std::allocator<void> >[m[K’}
  170 |     int64 y_center_balloon= bbox_msg[01;31m[K->[m[Ky_center_balloon;
      |                                     [01;31m[K^~[m[K
[01m[K/home/corelab/GitHub/CatchingBlimp/Summer2023/ros2_stereo/src/stereo_combined/include/StereoCombined.hpp:171:34:[m[K [01;31m[Kerror: [m[Kbase operand of ‘[01m[K->[m[K’ has non-pointer type ‘[01m[Kconst BoundingBox[m[K’ {aka ‘[01m[Kconst yolo_msgs::msg::BoundingBox_<std::allocator<void> >[m[K’}
  171 |     int64 width_balloon= bbox_msg[01;31m[K->[m[Kwidth_balloon;
      |                                  [01;31m[K^~[m[K
[01m[K/home/corelab/GitHub/CatchingBlimp/Summer2023/ros2_stereo/src/stereo_combined/include/StereoCombined.hpp:172:35:[m[K [01;31m[Kerror: [m[Kbase operand of ‘[01m[K->[m[K’ has non-pointer type ‘[01m[Kconst BoundingBox[m[K’ {aka ‘[01m[Kconst yolo_msgs::msg::BoundingBox_<std::allocator<void> >[m[K’}
  172 |     int64 height_balloon= bbox_msg[01;31m[K->[m[Kheight_balloon;
      |                                   [01;31m[K^~[m[K
[01m[K/home/corelab/GitHub/CatchingBlimp/Summer2023/ros2_stereo/src/stereo_combined/include/StereoCombined.hpp:[m[K In function ‘[01m[Kbool isInBoundingBoxOgoal(const BoundingBox&, int, int)[m[K’:
[01m[K/home/corelab/GitHub/CatchingBlimp/Summer2023/ros2_stereo/src/stereo_combined/include/StereoCombined.hpp:185:36:[m[K [01;31m[Kerror: [m[Kbase operand of ‘[01m[K->[m[K’ has non-pointer type ‘[01m[Kconst BoundingBox[m[K’ {aka ‘[01m[Kconst yolo_msgs::msg::BoundingBox_<std::allocator<void> >[m[K’}
  185 |     int64 x_center_o_goal= bbox_msg[01;31m[K->[m[Kx_center_o_goal;
      |                                    [01;31m[K^~[m[K
[01m[K/home/corelab/GitHub/CatchingBlimp/Summer2023/ros2_stereo/src/stereo_combined/include/StereoCombined.hpp:186:36:[m[K [01;31m[Kerror: [m[Kbase operand of ‘[01m[K->[m[K’ has non-pointer type ‘[01m[Kconst BoundingBox[m[K’ {aka ‘[01m[Kconst yolo_msgs::msg::BoundingBox_<std::allocator<void> >[m[K’}
  186 |     int64 y_center_o_goal= bbox_msg[01;31m[K->[m[Ky_center_o_goal;
      |                                    [01;31m[K^~[m[K
[01m[K/home/corelab/GitHub/CatchingBlimp/Summer2023/ros2_stereo/src/stereo_combined/include/StereoCombined.hpp:187:33:[m[K [01;31m[Kerror: [m[Kbase operand of ‘[01m[K->[m[K’ has non-pointer type ‘[01m[Kconst BoundingBox[m[K’ {aka ‘[01m[Kconst yolo_msgs::msg::BoundingBox_<std::allocator<void> >[m[K’}
  187 |     int64 width_o_goal= bbox_msg[01;31m[K->[m[Kwidth_o_goal;
      |                                 [01;31m[K^~[m[K
[01m[K/home/corelab/GitHub/CatchingBlimp/Summer2023/ros2_stereo/src/stereo_combined/include/StereoCombined.hpp:188:34:[m[K [01;31m[Kerror: [m[Kbase operand of ‘[01m[K->[m[K’ has non-pointer type ‘[01m[Kconst BoundingBox[m[K’ {aka ‘[01m[Kconst yolo_msgs::msg::BoundingBox_<std::allocator<void> >[m[K’}
  188 |     int64 height_o_goal= bbox_msg[01;31m[K->[m[Kheight_o_goal;
      |                                  [01;31m[K^~[m[K
[01m[K/home/corelab/GitHub/CatchingBlimp/Summer2023/ros2_stereo/src/stereo_combined/include/StereoCombined.hpp:[m[K In function ‘[01m[Kbool isInBoundingBoxYgoal(const BoundingBox&, int, int)[m[K’:
[01m[K/home/corelab/GitHub/CatchingBlimp/Summer2023/ros2_stereo/src/stereo_combined/include/StereoCombined.hpp:201:36:[m[K [01;31m[Kerror: [m[Kbase operand of ‘[01m[K->[m[K’ has non-pointer type ‘[01m[Kconst BoundingBox[m[K’ {aka ‘[01m[Kconst yolo_msgs::msg::BoundingBox_<std::allocator<void> >[m[K’}
  201 |     int64 x_center_y_goal= bbox_msg[01;31m[K->[m[Kx_center_y_goal;
      |                                    [01;31m[K^~[m[K
[01m[K/home/corelab/GitHub/CatchingBlimp/Summer2023/ros2_stereo/src/stereo_combined/include/StereoCombined.hpp:202:36:[m[K [01;31m[Kerror: [m[Kbase operand of ‘[01m[K->[m[K’ has non-pointer type ‘[01m[Kconst BoundingBox[m[K’ {aka ‘[01m[Kconst yolo_msgs::msg::BoundingBox_<std::allocator<void> >[m[K’}
  202 |     int64 y_center_y_goal= bbox_msg[01;31m[K->[m[Ky_center_y_goal;
      |                                    [01;31m[K^~[m[K
[01m[K/home/corelab/GitHub/CatchingBlimp/Summer2023/ros2_stereo/src/stereo_combined/include/StereoCombined.hpp:203:33:[m[K [01;31m[Kerror: [m[Kbase operand of ‘[01m[K->[m[K’ has non-pointer type ‘[01m[Kconst BoundingBox[m[K’ {aka ‘[01m[Kconst yolo_msgs::msg::BoundingBox_<std::allocator<void> >[m[K’}
  203 |     int64 width_y_goal= bbox_msg[01;31m[K->[m[Kwidth_y_goal;
      |                                 [01;31m[K^~[m[K
[01m[K/home/corelab/GitHub/CatchingBlimp/Summer2023/ros2_stereo/src/stereo_combined/include/StereoCombined.hpp:204:34:[m[K [01;31m[Kerror: [m[Kbase operand of ‘[01m[K->[m[K’ has non-pointer type ‘[01m[Kconst BoundingBox[m[K’ {aka ‘[01m[Kconst yolo_msgs::msg::BoundingBox_<std::allocator<void> >[m[K’}
  204 |     int64 height_y_goal= bbox_msg[01;31m[K->[m[Kheight_y_goal;
      |                                  [01;31m[K^~[m[K
In file included from [01m[K/home/corelab/GitHub/CatchingBlimp/Summer2023/ros2_stereo/src/stereo_combined/src/StereoCombined.cpp:1[m[K:
[01m[K/home/corelab/GitHub/CatchingBlimp/Summer2023/ros2_stereo/src/stereo_combined/include/StereoCombined.hpp:99:66:[m[K [01;31m[Kerror: [m[Kredeclaration of ‘[01m[Krclcpp::Subscription<yolo_msgs::msg::BoundingBox_<std::allocator<void> > >::SharedPtr StereoCombined::syncImageSub_[m[K’
   99 |     rclcpp::Subscription<yolo_msgs::msg::BoundingBox>::SharedPtr [01;31m[KsyncImageSub_[m[K;
      |                                                                  [01;31m[K^~~~~~~~~~~~~[m[K
[01m[K/home/corelab/GitHub/CatchingBlimp/Summer2023/ros2_stereo/src/stereo_combined/include/StereoCombined.hpp:48:62:[m[K [01;36m[Knote: [m[Kprevious declaration ‘[01m[Krclcpp::Subscription<sensor_msgs::msg::Image_<std::allocator<void> > >::SharedPtr StereoCombined::syncImageSub_[m[K’
   48 |     rclcpp::Subscription<sensor_msgs::msg::Image>::SharedPtr [01;36m[KsyncImageSub_[m[K;
      |                                                              [01;36m[K^~~~~~~~~~~~~[m[K
[01m[K/home/corelab/GitHub/CatchingBlimp/Summer2023/ros2_stereo/src/stereo_combined/include/StereoCombined.hpp:[m[K In function ‘[01m[Kbool isInBoundingBoxBalloon(const BoundingBox&, int, int)[m[K’:
[01m[K/home/corelab/GitHub/CatchingBlimp/Summer2023/ros2_stereo/src/stereo_combined/include/StereoCombined.hpp:169:37:[m[K [01;31m[Kerror: [m[Kbase operand of ‘[01m[K->[m[K’ has non-pointer type ‘[01m[Kconst BoundingBox[m[K’ {aka ‘[01m[Kconst yolo_msgs::msg::BoundingBox_<std::allocator<void> >[m[K’}
  169 |     int64 x_center_balloon= bbox_msg[01;31m[K->[m[Kx_center_balloon;
      |                                     [01;31m[K^~[m[K
[01m[K/home/corelab/GitHub/CatchingBlimp/Summer2023/ros2_stereo/src/stereo_combined/include/StereoCombined.hpp:170:37:[m[K [01;31m[Kerror: [m[Kbase operand of ‘[01m[K->[m[K’ has non-pointer type ‘[01m[Kconst BoundingBox[m[K’ {aka ‘[01m[Kconst yolo_msgs::msg::BoundingBox_<std::allocator<void> >[m[K’}
  170 |     int64 y_center_balloon= bbox_msg[01;31m[K->[m[Ky_center_balloon;
      |                                     [01;31m[K^~[m[K
[01m[K/home/corelab/GitHub/CatchingBlimp/Summer2023/ros2_stereo/src/stereo_combined/include/StereoCombined.hpp:171:34:[m[K [01;31m[Kerror: [m[Kbase operand of ‘[01m[K->[m[K’ has non-pointer type ‘[01m[Kconst BoundingBox[m[K’ {aka ‘[01m[Kconst yolo_msgs::msg::BoundingBox_<std::allocator<void> >[m[K’}
  171 |     int64 width_balloon= bbox_msg[01;31m[K->[m[Kwidth_balloon;
      |                                  [01;31m[K^~[m[K
[01m[K/home/corelab/GitHub/CatchingBlimp/Summer2023/ros2_stereo/src/stereo_combined/include/StereoCombined.hpp:172:35:[m[K [01;31m[Kerror: [m[Kbase operand of ‘[01m[K->[m[K’ has non-pointer type ‘[01m[Kconst BoundingBox[m[K’ {aka ‘[01m[Kconst yolo_msgs::msg::BoundingBox_<std::allocator<void> >[m[K’}
  172 |     int64 height_balloon= bbox_msg[01;31m[K->[m[Kheight_balloon;
      |                                   [01;31m[K^~[m[K
[01m[K/home/corelab/GitHub/CatchingBlimp/Summer2023/ros2_stereo/src/stereo_combined/include/StereoCombined.hpp:[m[K In function ‘[01m[Kbool isInBoundingBoxOgoal(const BoundingBox&, int, int)[m[K’:
[01m[K/home/corelab/GitHub/CatchingBlimp/Summer2023/ros2_stereo/src/stereo_combined/include/StereoCombined.hpp:185:36:[m[K [01;31m[Kerror: [m[Kbase operand of ‘[01m[K->[m[K’ has non-pointer type ‘[01m[Kconst BoundingBox[m[K’ {aka ‘[01m[Kconst yolo_msgs::msg::BoundingBox_<std::allocator<void> >[m[K’}
  185 |     int64 x_center_o_goal= bbox_msg[01;31m[K->[m[Kx_center_o_goal;
      |                                    [01;31m[K^~[m[K
[01m[K/home/corelab/GitHub/CatchingBlimp/Summer2023/ros2_stereo/src/stereo_combined/include/StereoCombined.hpp:186:36:[m[K [01;31m[Kerror: [m[Kbase operand of ‘[01m[K->[m[K’ has non-pointer type ‘[01m[Kconst BoundingBox[m[K’ {aka ‘[01m[Kconst yolo_msgs::msg::BoundingBox_<std::allocator<void> >[m[K’}
  186 |     int64 y_center_o_goal= bbox_msg[01;31m[K->[m[Ky_center_o_goal;
      |                                    [01;31m[K^~[m[K
[01m[K/home/corelab/GitHub/CatchingBlimp/Summer2023/ros2_stereo/src/stereo_combined/include/StereoCombined.hpp:187:33:[m[K [01;31m[Kerror: [m[Kbase operand of ‘[01m[K->[m[K’ has non-pointer type ‘[01m[Kconst BoundingBox[m[K’ {aka ‘[01m[Kconst yolo_msgs::msg::BoundingBox_<std::allocator<void> >[m[K’}
  187 |     int64 width_o_goal= bbox_msg[01;31m[K->[m[Kwidth_o_goal;
      |                                 [01;31m[K^~[m[K
[01m[K/home/corelab/GitHub/CatchingBlimp/Summer2023/ros2_stereo/src/stereo_combined/include/StereoCombined.hpp:188:34:[m[K [01;31m[Kerror: [m[Kbase operand of ‘[01m[K->[m[K’ has non-pointer type ‘[01m[Kconst BoundingBox[m[K’ {aka ‘[01m[Kconst yolo_msgs::msg::BoundingBox_<std::allocator<void> >[m[K’}
  188 |     int64 height_o_goal= bbox_msg[01;31m[K->[m[Kheight_o_goal;
      |                                  [01;31m[K^~[m[K
[01m[K/home/corelab/GitHub/CatchingBlimp/Summer2023/ros2_stereo/src/stereo_combined/include/StereoCombined.hpp:[m[K In function ‘[01m[Kbool isInBoundingBoxYgoal(const BoundingBox&, int, int)[m[K’:
[01m[K/home/corelab/GitHub/CatchingBlimp/Summer2023/ros2_stereo/src/stereo_combined/include/StereoCombined.hpp:201:36:[m[K [01;31m[Kerror: [m[Kbase operand of ‘[01m[K->[m[K’ has non-pointer type ‘[01m[Kconst BoundingBox[m[K’ {aka ‘[01m[Kconst yolo_msgs::msg::BoundingBox_<std::allocator<void> >[m[K’}
  201 |     int64 x_center_y_goal= bbox_msg[01;31m[K->[m[Kx_center_y_goal;
      |                                    [01;31m[K^~[m[K
[01m[K/home/corelab/GitHub/CatchingBlimp/Summer2023/ros2_stereo/src/stereo_combined/include/StereoCombined.hpp:202:36:[m[K [01;31m[Kerror: [m[Kbase operand of ‘[01m[K->[m[K’ has non-pointer type ‘[01m[Kconst BoundingBox[m[K’ {aka ‘[01m[Kconst yolo_msgs::msg::BoundingBox_<std::allocator<void> >[m[K’}
  202 |     int64 y_center_y_goal= bbox_msg[01;31m[K->[m[Ky_center_y_goal;
      |                                    [01;31m[K^~[m[K
[01m[K/home/corelab/GitHub/CatchingBlimp/Summer2023/ros2_stereo/src/stereo_combined/include/StereoCombined.hpp:203:33:[m[K [01;31m[Kerror: [m[Kbase operand of ‘[01m[K->[m[K’ has non-pointer type ‘[01m[Kconst BoundingBox[m[K’ {aka ‘[01m[Kconst yolo_msgs::msg::BoundingBox_<std::allocator<void> >[m[K’}
  203 |     int64 width_y_goal= bbox_msg[01;31m[K->[m[Kwidth_y_goal;
      |                                 [01;31m[K^~[m[K
[01m[K/home/corelab/GitHub/CatchingBlimp/Summer2023/ros2_stereo/src/stereo_combined/include/StereoCombined.hpp:204:34:[m[K [01;31m[Kerror: [m[Kbase operand of ‘[01m[K->[m[K’ has non-pointer type ‘[01m[Kconst BoundingBox[m[K’ {aka ‘[01m[Kconst yolo_msgs::msg::BoundingBox_<std::allocator<void> >[m[K’}
  204 |     int64 height_y_goal= bbox_msg[01;31m[K->[m[Kheight_y_goal;
      |                                  [01;31m[K^~[m[K
[01m[K/home/corelab/GitHub/CatchingBlimp/Summer2023/ros2_stereo/src/stereo_combined/src/StereoCombined.cpp:[m[K At global scope:
[01m[K/home/corelab/GitHub/CatchingBlimp/Summer2023/ros2_stereo/src/stereo_combined/src/StereoCombined.cpp:221:6:[m[K [01;31m[Kerror: [m[Kno declaration matches ‘[01m[Kvoid StereoCombined::boundingBoxCallback(const ConstSharedPtr&)[m[K’
  221 | void [01;31m[KStereoCombined[m[K::boundingBoxCallback(const yolo_msgs::msg::BoundingBox::ConstSharedPtr &bounding_box_msg) {
      |      [01;31m[K^~~~~~~~~~~~~~[m[K
[01m[K/home/corelab/GitHub/CatchingBlimp/Summer2023/ros2_stereo/src/stereo_combined/src/StereoCombined.cpp:221:6:[m[K [01;36m[Knote: [m[Kno functions named ‘[01m[Kvoid StereoCombined::boundingBoxCallback(const ConstSharedPtr&)[m[K’
In file included from [01m[K/home/corelab/GitHub/CatchingBlimp/Summer2023/ros2_stereo/src/stereo_combined/src/StereoCombined.cpp:1[m[K:
[01m[K/home/corelab/GitHub/CatchingBlimp/Summer2023/ros2_stereo/src/stereo_combined/include/StereoCombined.hpp:44:7:[m[K [01;36m[Knote: [m[K‘[01m[Kclass StereoCombined[m[K’ defined here
   44 | class [01;36m[KStereoCombined[m[K : public rclcpp::Node {
      |       [01;36m[K^~~~~~~~~~~~~~[m[K
[01m[K/home/corelab/GitHub/CatchingBlimp/Summer2023/ros2_stereo/src/stereo_combined/src/StereoCombined.cpp:[m[K In member function ‘[01m[Kvoid StereoCombined::syncImageCallback(sensor_msgs::msg::Image_<std::allocator<void> >::SharedPtr)[m[K’:
[01m[K/home/corelab/GitHub/CatchingBlimp/Summer2023/ros2_stereo/src/stereo_combined/src/StereoCombined.cpp:912:44:[m[K [01;31m[Kerror: [m[Kinvalid initialization of reference of type ‘[01m[Kconst BoundingBox&[m[K’ {aka ‘[01m[Kconst yolo_msgs::msg::BoundingBox_<std::allocator<void> >&[m[K’} from expression of type ‘[01m[Kyolo_msgs::msg::BoundingBox*[m[K’ {aka ‘[01m[Kyolo_msgs::msg::BoundingBox_<std::allocator<void> >*[m[K’}
  912 |                 if (isInBoundingBoxBalloon([01;31m[K&bbox_msg[m[K,u,v)) {
      |                                            [01;31m[K^~~~~~~~~[m[K
In file included from [01m[K/home/corelab/GitHub/CatchingBlimp/Summer2023/ros2_stereo/src/stereo_combined/src/StereoCombined.cpp:1[m[K:
[01m[K/home/corelab/GitHub/CatchingBlimp/Summer2023/ros2_stereo/src/stereo_combined/include/StereoCombined.hpp:167:73:[m[K [01;36m[Knote: [m[Kin passing argument 1 of ‘[01m[Kbool isInBoundingBoxBalloon(const BoundingBox&, int, int)[m[K’
  167 |   inline bool isInBoundingBoxBalloon([01;36m[Kconst yolo_msgs::msg::BoundingBox &bbox_msg[m[K, int u, int v)
      |                                      [01;36m[K~~~~~~~~~~~~~~~~~~~~~~~~~~~~~~~~~~~^~~~~~~~[m[K
[01m[K/home/corelab/GitHub/CatchingBlimp/Summer2023/ros2_stereo/src/stereo_combined/src/StereoCombined.cpp:919:42:[m[K [01;31m[Kerror: [m[Kinvalid initialization of reference of type ‘[01m[Kconst BoundingBox&[m[K’ {aka ‘[01m[Kconst yolo_msgs::msg::BoundingBox_<std::allocator<void> >&[m[K’} from expression of type ‘[01m[Kyolo_msgs::msg::BoundingBox*[m[K’ {aka ‘[01m[Kyolo_msgs::msg::BoundingBox_<std::allocator<void> >*[m[K’}
  919 |                 if (isInBoundingBoxOgoal([01;31m[K&bbox_msg[m[K,u,v)) {
      |                                          [01;31m[K^~~~~~~~~[m[K
In file included from [01m[K/home/corelab/GitHub/CatchingBlimp/Summer2023/ros2_stereo/src/stereo_combined/src/StereoCombined.cpp:1[m[K:
[01m[K/home/corelab/GitHub/CatchingBlimp/Summer2023/ros2_stereo/src/stereo_combined/include/StereoCombined.hpp:183:71:[m[K [01;36m[Knote: [m[Kin passing argument 1 of ‘[01m[Kbool isInBoundingBoxOgoal(const BoundingBox&, int, int)[m[K’
  183 |   inline bool isInBoundingBoxOgoal([01;36m[Kconst yolo_msgs::msg::BoundingBox &bbox_msg[m[K, int u, int v)
      |                                    [01;36m[K~~~~~~~~~~~~~~~~~~~~~~~~~~~~~~~~~~~^~~~~~~~[m[K
[01m[K/home/corelab/GitHub/CatchingBlimp/Summer2023/ros2_stereo/src/stereo_combined/src/StereoCombined.cpp:926:42:[m[K [01;31m[Kerror: [m[Kinvalid initialization of reference of type ‘[01m[Kconst BoundingBox&[m[K’ {aka ‘[01m[Kconst yolo_msgs::msg::BoundingBox_<std::allocator<void> >&[m[K’} from expression of type ‘[01m[Kyolo_msgs::msg::BoundingBox*[m[K’ {aka ‘[01m[Kyolo_msgs::msg::BoundingBox_<std::allocator<void> >*[m[K’}
  926 |                 if (isInBoundingBoxYgoal([01;31m[K&bbox_msg[m[K,u,v)) {
      |                                          [01;31m[K^~~~~~~~~[m[K
In file included from [01m[K/home/corelab/GitHub/CatchingBlimp/Summer2023/ros2_stereo/src/stereo_combined/src/StereoCombined.cpp:1[m[K:
[01m[K/home/corelab/GitHub/CatchingBlimp/Summer2023/ros2_stereo/src/stereo_combined/include/StereoCombined.hpp:199:71:[m[K [01;36m[Knote: [m[Kin passing argument 1 of ‘[01m[Kbool isInBoundingBoxYgoal(const BoundingBox&, int, int)[m[K’
  199 |   inline bool isInBoundingBoxYgoal([01;36m[Kconst yolo_msgs::msg::BoundingBox &bbox_msg[m[K, int u, int v)
      |                                    [01;36m[K~~~~~~~~~~~~~~~~~~~~~~~~~~~~~~~~~~~^~~~~~~~[m[K
[01m[K/home/corelab/GitHub/CatchingBlimp/Summer2023/ros2_stereo/src/stereo_combined/include/StereoCombined.hpp:[m[K At global scope:
[01m[K/home/corelab/GitHub/CatchingBlimp/Summer2023/ros2_stereo/src/stereo_combined/include/StereoCombined.hpp:133:13:[m[K [01;35m[Kwarning: [m[K‘[01m[Kvoid add_param_to_map(std::map<std::__cxx11::basic_string<char>, std::pair<double, rcl_interfaces::msg::ParameterDescriptor_<std::allocator<void> > > >&, const string&, const string&, double, double, double, double)[m[K’ defined but not used [[01;35m[K-Wunused-function[m[K]
  133 | static void [01;35m[Kadd_param_to_map[m[K(
      |             [01;35m[K^~~~~~~~~~~~~~~~[m[K
[01m[K/home/corelab/GitHub/CatchingBlimp/Summer2023/ros2_stereo/src/stereo_combined/include/StereoCombined.hpp:115:13:[m[K [01;35m[Kwarning: [m[K‘[01m[Kvoid add_param_to_map(std::map<std::__cxx11::basic_string<char>, std::pair<int, rcl_interfaces::msg::ParameterDescriptor_<std::allocator<void> > > >&, const string&, const string&, int, int, int, int)[m[K’ defined but not used [[01;35m[K-Wunused-function[m[K]
  115 | static void [01;35m[Kadd_param_to_map[m[K(
      |             [01;35m[K^~~~~~~~~~~~~~~~[m[K
make[2]: *** [CMakeFiles/stereo_combined_node.dir/build.make:76: CMakeFiles/stereo_combined_node.dir/src/stereo_combined_node.cpp.o] Error 1
make[2]: *** Waiting for unfinished jobs....
make[2]: *** [CMakeFiles/stereo_combined_node.dir/build.make:90: CMakeFiles/stereo_combined_node.dir/src/StereoCombined.cpp.o] Error 1
make[1]: *** [CMakeFiles/Makefile2:137: CMakeFiles/stereo_combined_node.dir/all] Error 2
make: *** [Makefile:146: all] Error 2
