[0.038s] Invoking command in '/home/corelab/GitHub/CatchingBlimp/Summer2023/ros2_stereo/build/stereo_combined': CMAKE_PREFIX_PATH=${CMAKE_PREFIX_PATH}:/home/corelab/Luke_ML_Blimp/ros2_tracks_ws/install/track_ros2:/opt/ros/foxy /home/corelab/.local/bin/cmake --build /home/corelab/GitHub/CatchingBlimp/Summer2023/ros2_stereo/build/stereo_combined -- -j16 -l16
[0.093s] [100%] Built target stereo_combined_node
[0.100s] Invoked command in '/home/corelab/GitHub/CatchingBlimp/Summer2023/ros2_stereo/build/stereo_combined' returned '0': CMAKE_PREFIX_PATH=${CMAKE_PREFIX_PATH}:/home/corelab/Luke_ML_Blimp/ros2_tracks_ws/install/track_ros2:/opt/ros/foxy /home/corelab/.local/bin/cmake --build /home/corelab/GitHub/CatchingBlimp/Summer2023/ros2_stereo/build/stereo_combined -- -j16 -l16
[0.156s] Invoking command in '/home/corelab/GitHub/CatchingBlimp/Summer2023/ros2_stereo/build/stereo_combined': CMAKE_PREFIX_PATH=${CMAKE_PREFIX_PATH}:/home/corelab/Luke_ML_Blimp/ros2_tracks_ws/install/track_ros2:/opt/ros/foxy /home/corelab/.local/bin/cmake --install /home/corelab/GitHub/CatchingBlimp/Summer2023/ros2_stereo/build/stereo_combined
[0.184s] -- Install configuration: ""
[0.184s] -- Execute custom install script
[0.184s] -- Up-to-date symlink: /home/corelab/GitHub/CatchingBlimp/Summer2023/ros2_stereo/install/stereo_combined/lib/stereo_combined/stereo_combined_node
[0.184s] -- Up-to-date symlink: /home/corelab/GitHub/CatchingBlimp/Summer2023/ros2_stereo/install/stereo_combined/share/stereo_combined//launch/combined_node.launch.py
[0.184s] -- Up-to-date symlink: /home/corelab/GitHub/CatchingBlimp/Summer2023/ros2_stereo/install/stereo_combined/share/stereo_combined//launch/vision_test.launch.xml
[0.185s] -- Up-to-date symlink: /home/corelab/GitHub/CatchingBlimp/Summer2023/ros2_stereo/install/stereo_combined/share/stereo_combined//calibration/calibration_data_test_flight/calibrationdata.tar.gz
[0.186s] -- Up-to-date symlink: /home/corelab/GitHub/CatchingBlimp/Summer2023/ros2_stereo/install/stereo_combined/share/stereo_combined//calibration/calibration_data_test_flight/calibrationdata/left-0000.png
[0.187s] -- Up-to-date symlink: /home/corelab/GitHub/CatchingBlimp/Summer2023/ros2_stereo/install/stereo_combined/share/stereo_combined//calibration/calibration_data_test_flight/calibrationdata/left-0001.png
[0.187s] -- Up-to-date symlink: /home/corelab/GitHub/CatchingBlimp/Summer2023/ros2_stereo/install/stereo_combined/share/stereo_combined//calibration/calibration_data_test_flight/calibrationdata/left-0002.png
[0.187s] -- Up-to-date symlink: /home/corelab/GitHub/CatchingBlimp/Summer2023/ros2_stereo/install/stereo_combined/share/stereo_combined//calibration/calibration_data_test_flight/calibrationdata/left-0003.png
[0.187s] -- Up-to-date symlink: /home/corelab/GitHub/CatchingBlimp/Summer2023/ros2_stereo/install/stereo_combined/share/stereo_combined//calibration/calibration_data_test_flight/calibrationdata/left-0004.png
[0.187s] -- Up-to-date symlink: /home/corelab/GitHub/CatchingBlimp/Summer2023/ros2_stereo/install/stereo_combined/share/stereo_combined//calibration/calibration_data_test_flight/calibrationdata/left-0005.png
[0.188s] -- Up-to-date symlink: /home/corelab/GitHub/CatchingBlimp/Summer2023/ros2_stereo/install/stereo_combined/share/stereo_combined//calibration/calibration_data_test_flight/calibrationdata/left-0006.png
[0.188s] -- Up-to-date symlink: /home/corelab/GitHub/CatchingBlimp/Summer2023/ros2_stereo/install/stereo_combined/share/stereo_combined//calibration/calibration_data_test_flight/calibrationdata/left-0007.png
[0.188s] -- Up-to-date symlink: /home/corelab/GitHub/CatchingBlimp/Summer2023/ros2_stereo/install/stereo_combined/share/stereo_combined//calibration/calibration_data_test_flight/calibrationdata/left-0008.png
[0.188s] -- Up-to-date symlink: /home/corelab/GitHub/CatchingBlimp/Summer2023/ros2_stereo/install/stereo_combined/share/stereo_combined//calibration/calibration_data_test_flight/calibrationdata/left-0009.png
[0.188s] -- Up-to-date symlink: /home/corelab/GitHub/CatchingBlimp/Summer2023/ros2_stereo/install/stereo_combined/share/stereo_combined//calibration/calibration_data_test_flight/calibrationdata/left-0010.png
[0.188s] -- Up-to-date symlink: /home/corelab/GitHub/CatchingBlimp/Summer2023/ros2_stereo/install/stereo_combined/share/stereo_combined//calibration/calibration_data_test_flight/calibrationdata/left-0011.png
[0.188s] -- Up-to-date symlink: /home/corelab/GitHub/CatchingBlimp/Summer2023/ros2_stereo/install/stereo_combined/share/stereo_combined//calibration/calibration_data_test_flight/calibrationdata/left-0012.png
[0.189s] -- Up-to-date symlink: /home/corelab/GitHub/CatchingBlimp/Summer2023/ros2_stereo/install/stereo_combined/share/stereo_combined//calibration/calibration_data_test_flight/calibrationdata/left-0013.png
[0.189s] -- Up-to-date symlink: /home/corelab/GitHub/CatchingBlimp/Summer2023/ros2_stereo/install/stereo_combined/share/stereo_combined//calibration/calibration_data_test_flight/calibrationdata/left-0014.png
[0.190s] -- Up-to-date symlink: /home/corelab/GitHub/CatchingBlimp/Summer2023/ros2_stereo/install/stereo_combined/share/stereo_combined//calibration/calibration_data_test_flight/calibrationdata/left-0015.png
[0.190s] -- Up-to-date symlink: /home/corelab/GitHub/CatchingBlimp/Summer2023/ros2_stereo/install/stereo_combined/share/stereo_combined//calibration/calibration_data_test_flight/calibrationdata/left-0016.png
[0.190s] -- Up-to-date symlink: /home/corelab/GitHub/CatchingBlimp/Summer2023/ros2_stereo/install/stereo_combined/share/stereo_combined//calibration/calibration_data_test_flight/calibrationdata/left-0017.png
[0.190s] -- Up-to-date symlink: /home/corelab/GitHub/CatchingBlimp/Summer2023/ros2_stereo/install/stereo_combined/share/stereo_combined//calibration/calibration_data_test_flight/calibrationdata/left-0018.png
[0.190s] -- Up-to-date symlink: /home/corelab/GitHub/CatchingBlimp/Summer2023/ros2_stereo/install/stereo_combined/share/stereo_combined//calibration/calibration_data_test_flight/calibrationdata/left-0019.png
[0.190s] -- Up-to-date symlink: /home/corelab/GitHub/CatchingBlimp/Summer2023/ros2_stereo/install/stereo_combined/share/stereo_combined//calibration/calibration_data_test_flight/calibrationdata/left-0020.png
[0.191s] -- Up-to-date symlink: /home/corelab/GitHub/CatchingBlimp/Summer2023/ros2_stereo/install/stereo_combined/share/stereo_combined//calibration/calibration_data_test_flight/calibrationdata/left-0021.png
[0.191s] -- Up-to-date symlink: /home/corelab/GitHub/CatchingBlimp/Summer2023/ros2_stereo/install/stereo_combined/share/stereo_combined//calibration/calibration_data_test_flight/calibrationdata/left-0022.png
[0.191s] -- Up-to-date symlink: /home/corelab/GitHub/CatchingBlimp/Summer2023/ros2_stereo/install/stereo_combined/share/stereo_combined//calibration/calibration_data_test_flight/calibrationdata/left-0023.png
[0.191s] -- Up-to-date symlink: /home/corelab/GitHub/CatchingBlimp/Summer2023/ros2_stereo/install/stereo_combined/share/stereo_combined//calibration/calibration_data_test_flight/calibrationdata/left-0024.png
[0.191s] -- Up-to-date symlink: /home/corelab/GitHub/CatchingBlimp/Summer2023/ros2_stereo/install/stereo_combined/share/stereo_combined//calibration/calibration_data_test_flight/calibrationdata/left-0025.png
[0.191s] -- Up-to-date symlink: /home/corelab/GitHub/CatchingBlimp/Summer2023/ros2_stereo/install/stereo_combined/share/stereo_combined//calibration/calibration_data_test_flight/calibrationdata/left-0026.png
[0.191s] -- Up-to-date symlink: /home/corelab/GitHub/CatchingBlimp/Summer2023/ros2_stereo/install/stereo_combined/share/stereo_combined//calibration/calibration_data_test_flight/calibrationdata/left-0027.png
[0.191s] -- Up-to-date symlink: /home/corelab/GitHub/CatchingBlimp/Summer2023/ros2_stereo/install/stereo_combined/share/stereo_combined//calibration/calibration_data_test_flight/calibrationdata/left-0028.png
[0.192s] -- Up-to-date symlink: /home/corelab/GitHub/CatchingBlimp/Summer2023/ros2_stereo/install/stereo_combined/share/stereo_combined//calibration/calibration_data_test_flight/calibrationdata/left-0029.png
[0.192s] -- Up-to-date symlink: /home/corelab/GitHub/CatchingBlimp/Summer2023/ros2_stereo/install/stereo_combined/share/stereo_combined//calibration/calibration_data_test_flight/calibrationdata/left-0030.png
[0.192s] -- Up-to-date symlink: /home/corelab/GitHub/CatchingBlimp/Summer2023/ros2_stereo/install/stereo_combined/share/stereo_combined//calibration/calibration_data_test_flight/calibrationdata/left-0031.png
[0.192s] -- Up-to-date symlink: /home/corelab/GitHub/CatchingBlimp/Summer2023/ros2_stereo/install/stereo_combined/share/stereo_combined//calibration/calibration_data_test_flight/calibrationdata/left-0032.png
[0.192s] -- Up-to-date symlink: /home/corelab/GitHub/CatchingBlimp/Summer2023/ros2_stereo/install/stereo_combined/share/stereo_combined//calibration/calibration_data_test_flight/calibrationdata/left-0033.png
[0.192s] -- Up-to-date symlink: /home/corelab/GitHub/CatchingBlimp/Summer2023/ros2_stereo/install/stereo_combined/share/stereo_combined//calibration/calibration_data_test_flight/calibrationdata/left-0034.png
[0.192s] -- Up-to-date symlink: /home/corelab/GitHub/CatchingBlimp/Summer2023/ros2_stereo/install/stereo_combined/share/stereo_combined//calibration/calibration_data_test_flight/calibrationdata/left-0035.png
[0.192s] -- Up-to-date symlink: /home/corelab/GitHub/CatchingBlimp/Summer2023/ros2_stereo/install/stereo_combined/share/stereo_combined//calibration/calibration_data_test_flight/calibrationdata/left-0036.png
[0.192s] -- Up-to-date symlink: /home/corelab/GitHub/CatchingBlimp/Summer2023/ros2_stereo/install/stereo_combined/share/stereo_combined//calibration/calibration_data_test_flight/calibrationdata/left-0037.png
[0.192s] -- Up-to-date symlink: /home/corelab/GitHub/CatchingBlimp/Summer2023/ros2_stereo/install/stereo_combined/share/stereo_combined//calibration/calibration_data_test_flight/calibrationdata/left-0038.png
[0.192s] -- Up-to-date symlink: /home/corelab/GitHub/CatchingBlimp/Summer2023/ros2_stereo/install/stereo_combined/share/stereo_combined//calibration/calibration_data_test_flight/calibrationdata/left-0039.png
[0.192s] -- Up-to-date symlink: /home/corelab/GitHub/CatchingBlimp/Summer2023/ros2_stereo/install/stereo_combined/share/stereo_combined//calibration/calibration_data_test_flight/calibrationdata/left-0040.png
[0.192s] -- Up-to-date symlink: /home/corelab/GitHub/CatchingBlimp/Summer2023/ros2_stereo/install/stereo_combined/share/stereo_combined//calibration/calibration_data_test_flight/calibrationdata/left-0041.png
[0.192s] -- Up-to-date symlink: /home/corelab/GitHub/CatchingBlimp/Summer2023/ros2_stereo/install/stereo_combined/share/stereo_combined//calibration/calibration_data_test_flight/calibrationdata/left-0042.png
[0.192s] -- Up-to-date symlink: /home/corelab/GitHub/CatchingBlimp/Summer2023/ros2_stereo/install/stereo_combined/share/stereo_combined//calibration/calibration_data_test_flight/calibrationdata/left-0043.png
[0.193s] -- Up-to-date symlink: /home/corelab/GitHub/CatchingBlimp/Summer2023/ros2_stereo/install/stereo_combined/share/stereo_combined//calibration/calibration_data_test_flight/calibrationdata/left-0044.png
[0.193s] -- Up-to-date symlink: /home/corelab/GitHub/CatchingBlimp/Summer2023/ros2_stereo/install/stereo_combined/share/stereo_combined//calibration/calibration_data_test_flight/calibrationdata/left-0045.png
[0.193s] -- Up-to-date symlink: /home/corelab/GitHub/CatchingBlimp/Summer2023/ros2_stereo/install/stereo_combined/share/stereo_combined//calibration/calibration_data_test_flight/calibrationdata/left-0046.png
[0.193s] -- Up-to-date symlink: /home/corelab/GitHub/CatchingBlimp/Summer2023/ros2_stereo/install/stereo_combined/share/stereo_combined//calibration/calibration_data_test_flight/calibrationdata/left-0047.png
[0.193s] -- Up-to-date symlink: /home/corelab/GitHub/CatchingBlimp/Summer2023/ros2_stereo/install/stereo_combined/share/stereo_combined//calibration/calibration_data_test_flight/calibrationdata/left-0048.png
[0.193s] -- Up-to-date symlink: /home/corelab/GitHub/CatchingBlimp/Summer2023/ros2_stereo/install/stereo_combined/share/stereo_combined//calibration/calibration_data_test_flight/calibrationdata/left-0049.png
[0.193s] -- Up-to-date symlink: /home/corelab/GitHub/CatchingBlimp/Summer2023/ros2_stereo/install/stereo_combined/share/stereo_combined//calibration/calibration_data_test_flight/calibrationdata/left-0050.png
[0.193s] -- Up-to-date symlink: /home/corelab/GitHub/CatchingBlimp/Summer2023/ros2_stereo/install/stereo_combined/share/stereo_combined//calibration/calibration_data_test_flight/calibrationdata/left.yaml
[0.193s] -- Up-to-date symlink: /home/corelab/GitHub/CatchingBlimp/Summer2023/ros2_stereo/install/stereo_combined/share/stereo_combined//calibration/calibration_data_test_flight/calibrationdata/ost.txt
[0.193s] -- Up-to-date symlink: /home/corelab/GitHub/CatchingBlimp/Summer2023/ros2_stereo/install/stereo_combined/share/stereo_combined//calibration/calibration_data_test_flight/calibrationdata/right-0000.png
[0.193s] -- Up-to-date symlink: /home/corelab/GitHub/CatchingBlimp/Summer2023/ros2_stereo/install/stereo_combined/share/stereo_combined//calibration/calibration_data_test_flight/calibrationdata/right-0001.png
[0.193s] -- Up-to-date symlink: /home/corelab/GitHub/CatchingBlimp/Summer2023/ros2_stereo/install/stereo_combined/share/stereo_combined//calibration/calibration_data_test_flight/calibrationdata/right-0002.png
[0.193s] -- Up-to-date symlink: /home/corelab/GitHub/CatchingBlimp/Summer2023/ros2_stereo/install/stereo_combined/share/stereo_combined//calibration/calibration_data_test_flight/calibrationdata/right-0003.png
[0.194s] -- Up-to-date symlink: /home/corelab/GitHub/CatchingBlimp/Summer2023/ros2_stereo/install/stereo_combined/share/stereo_combined//calibration/calibration_data_test_flight/calibrationdata/right-0004.png
[0.195s] -- Up-to-date symlink: /home/corelab/GitHub/CatchingBlimp/Summer2023/ros2_stereo/install/stereo_combined/share/stereo_combined//calibration/calibration_data_test_flight/calibrationdata/right-0005.png
[0.195s] -- Up-to-date symlink: /home/corelab/GitHub/CatchingBlimp/Summer2023/ros2_stereo/install/stereo_combined/share/stereo_combined//calibration/calibration_data_test_flight/calibrationdata/right-0006.png
[0.195s] -- Up-to-date symlink: /home/corelab/GitHub/CatchingBlimp/Summer2023/ros2_stereo/install/stereo_combined/share/stereo_combined//calibration/calibration_data_test_flight/calibrationdata/right-0007.png
[0.195s] -- Up-to-date symlink: /home/corelab/GitHub/CatchingBlimp/Summer2023/ros2_stereo/install/stereo_combined/share/stereo_combined//calibration/calibration_data_test_flight/calibrationdata/right-0008.png
[0.196s] -- Up-to-date symlink: /home/corelab/GitHub/CatchingBlimp/Summer2023/ros2_stereo/install/stereo_combined/share/stereo_combined//calibration/calibration_data_test_flight/calibrationdata/right-0009.png
[0.196s] -- Up-to-date symlink: /home/corelab/GitHub/CatchingBlimp/Summer2023/ros2_stereo/install/stereo_combined/share/stereo_combined//calibration/calibration_data_test_flight/calibrationdata/right-0010.png
[0.196s] -- Up-to-date symlink: /home/corelab/GitHub/CatchingBlimp/Summer2023/ros2_stereo/install/stereo_combined/share/stereo_combined//calibration/calibration_data_test_flight/calibrationdata/right-0011.png
[0.196s] -- Up-to-date symlink: /home/corelab/GitHub/CatchingBlimp/Summer2023/ros2_stereo/install/stereo_combined/share/stereo_combined//calibration/calibration_data_test_flight/calibrationdata/right-0012.png
[0.197s] -- Up-to-date symlink: /home/corelab/GitHub/CatchingBlimp/Summer2023/ros2_stereo/install/stereo_combined/share/stereo_combined//calibration/calibration_data_test_flight/calibrationdata/right-0013.png
[0.197s] -- Up-to-date symlink: /home/corelab/GitHub/CatchingBlimp/Summer2023/ros2_stereo/install/stereo_combined/share/stereo_combined//calibration/calibration_data_test_flight/calibrationdata/right-0014.png
[0.197s] -- Up-to-date symlink: /home/corelab/GitHub/CatchingBlimp/Summer2023/ros2_stereo/install/stereo_combined/share/stereo_combined//calibration/calibration_data_test_flight/calibrationdata/right-0015.png
[0.197s] -- Up-to-date symlink: /home/corelab/GitHub/CatchingBlimp/Summer2023/ros2_stereo/install/stereo_combined/share/stereo_combined//calibration/calibration_data_test_flight/calibrationdata/right-0016.png
[0.197s] -- Up-to-date symlink: /home/corelab/GitHub/CatchingBlimp/Summer2023/ros2_stereo/install/stereo_combined/share/stereo_combined//calibration/calibration_data_test_flight/calibrationdata/right-0017.png
[0.197s] -- Up-to-date symlink: /home/corelab/GitHub/CatchingBlimp/Summer2023/ros2_stereo/install/stereo_combined/share/stereo_combined//calibration/calibration_data_test_flight/calibrationdata/right-0018.png
[0.197s] -- Up-to-date symlink: /home/corelab/GitHub/CatchingBlimp/Summer2023/ros2_stereo/install/stereo_combined/share/stereo_combined//calibration/calibration_data_test_flight/calibrationdata/right-0019.png
[0.197s] -- Up-to-date symlink: /home/corelab/GitHub/CatchingBlimp/Summer2023/ros2_stereo/install/stereo_combined/share/stereo_combined//calibration/calibration_data_test_flight/calibrationdata/right-0020.png
[0.197s] -- Up-to-date symlink: /home/corelab/GitHub/CatchingBlimp/Summer2023/ros2_stereo/install/stereo_combined/share/stereo_combined//calibration/calibration_data_test_flight/calibrationdata/right-0021.png
[0.198s] -- Up-to-date symlink: /home/corelab/GitHub/CatchingBlimp/Summer2023/ros2_stereo/install/stereo_combined/share/stereo_combined//calibration/calibration_data_test_flight/calibrationdata/right-0022.png
[0.198s] -- Up-to-date symlink: /home/corelab/GitHub/CatchingBlimp/Summer2023/ros2_stereo/install/stereo_combined/share/stereo_combined//calibration/calibration_data_test_flight/calibrationdata/right-0023.png
[0.198s] -- Up-to-date symlink: /home/corelab/GitHub/CatchingBlimp/Summer2023/ros2_stereo/install/stereo_combined/share/stereo_combined//calibration/calibration_data_test_flight/calibrationdata/right-0024.png
[0.198s] -- Up-to-date symlink: /home/corelab/GitHub/CatchingBlimp/Summer2023/ros2_stereo/install/stereo_combined/share/stereo_combined//calibration/calibration_data_test_flight/calibrationdata/right-0025.png
[0.198s] -- Up-to-date symlink: /home/corelab/GitHub/CatchingBlimp/Summer2023/ros2_stereo/install/stereo_combined/share/stereo_combined//calibration/calibration_data_test_flight/calibrationdata/right-0026.png
[0.198s] -- Up-to-date symlink: /home/corelab/GitHub/CatchingBlimp/Summer2023/ros2_stereo/install/stereo_combined/share/stereo_combined//calibration/calibration_data_test_flight/calibrationdata/right-0027.png
[0.198s] -- Up-to-date symlink: /home/corelab/GitHub/CatchingBlimp/Summer2023/ros2_stereo/install/stereo_combined/share/stereo_combined//calibration/calibration_data_test_flight/calibrationdata/right-0028.png
[0.198s] -- Up-to-date symlink: /home/corelab/GitHub/CatchingBlimp/Summer2023/ros2_stereo/install/stereo_combined/share/stereo_combined//calibration/calibration_data_test_flight/calibrationdata/right-0029.png
[0.199s] -- Up-to-date symlink: /home/corelab/GitHub/CatchingBlimp/Summer2023/ros2_stereo/install/stereo_combined/share/stereo_combined//calibration/calibration_data_test_flight/calibrationdata/right-0030.png
[0.199s] -- Up-to-date symlink: /home/corelab/GitHub/CatchingBlimp/Summer2023/ros2_stereo/install/stereo_combined/share/stereo_combined//calibration/calibration_data_test_flight/calibrationdata/right-0031.png
[0.199s] -- Up-to-date symlink: /home/corelab/GitHub/CatchingBlimp/Summer2023/ros2_stereo/install/stereo_combined/share/stereo_combined//calibration/calibration_data_test_flight/calibrationdata/right-0032.png
[0.199s] -- Up-to-date symlink: /home/corelab/GitHub/CatchingBlimp/Summer2023/ros2_stereo/install/stereo_combined/share/stereo_combined//calibration/calibration_data_test_flight/calibrationdata/right-0033.png
[0.199s] -- Up-to-date symlink: /home/corelab/GitHub/CatchingBlimp/Summer2023/ros2_stereo/install/stereo_combined/share/stereo_combined//calibration/calibration_data_test_flight/calibrationdata/right-0034.png
[0.199s] -- Up-to-date symlink: /home/corelab/GitHub/CatchingBlimp/Summer2023/ros2_stereo/install/stereo_combined/share/stereo_combined//calibration/calibration_data_test_flight/calibrationdata/right-0035.png
[0.199s] -- Up-to-date symlink: /home/corelab/GitHub/CatchingBlimp/Summer2023/ros2_stereo/install/stereo_combined/share/stereo_combined//calibration/calibration_data_test_flight/calibrationdata/right-0036.png
[0.199s] -- Up-to-date symlink: /home/corelab/GitHub/CatchingBlimp/Summer2023/ros2_stereo/install/stereo_combined/share/stereo_combined//calibration/calibration_data_test_flight/calibrationdata/right-0037.png
[0.199s] -- Up-to-date symlink: /home/corelab/GitHub/CatchingBlimp/Summer2023/ros2_stereo/install/stereo_combined/share/stereo_combined//calibration/calibration_data_test_flight/calibrationdata/right-0038.png
[0.199s] -- Up-to-date symlink: /home/corelab/GitHub/CatchingBlimp/Summer2023/ros2_stereo/install/stereo_combined/share/stereo_combined//calibration/calibration_data_test_flight/calibrationdata/right-0039.png
[0.200s] -- Up-to-date symlink: /home/corelab/GitHub/CatchingBlimp/Summer2023/ros2_stereo/install/stereo_combined/share/stereo_combined//calibration/calibration_data_test_flight/calibrationdata/right-0040.png
[0.200s] -- Up-to-date symlink: /home/corelab/GitHub/CatchingBlimp/Summer2023/ros2_stereo/install/stereo_combined/share/stereo_combined//calibration/calibration_data_test_flight/calibrationdata/right-0041.png
[0.200s] -- Up-to-date symlink: /home/corelab/GitHub/CatchingBlimp/Summer2023/ros2_stereo/install/stereo_combined/share/stereo_combined//calibration/calibration_data_test_flight/calibrationdata/right-0042.png
[0.200s] -- Up-to-date symlink: /home/corelab/GitHub/CatchingBlimp/Summer2023/ros2_stereo/install/stereo_combined/share/stereo_combined//calibration/calibration_data_test_flight/calibrationdata/right-0043.png
[0.200s] -- Up-to-date symlink: /home/corelab/GitHub/CatchingBlimp/Summer2023/ros2_stereo/install/stereo_combined/share/stereo_combined//calibration/calibration_data_test_flight/calibrationdata/right-0044.png
[0.200s] -- Up-to-date symlink: /home/corelab/GitHub/CatchingBlimp/Summer2023/ros2_stereo/install/stereo_combined/share/stereo_combined//calibration/calibration_data_test_flight/calibrationdata/right-0045.png
[0.200s] -- Up-to-date symlink: /home/corelab/GitHub/CatchingBlimp/Summer2023/ros2_stereo/install/stereo_combined/share/stereo_combined//calibration/calibration_data_test_flight/calibrationdata/right-0046.png
[0.200s] -- Up-to-date symlink: /home/corelab/GitHub/CatchingBlimp/Summer2023/ros2_stereo/install/stereo_combined/share/stereo_combined//calibration/calibration_data_test_flight/calibrationdata/right-0047.png
[0.200s] -- Up-to-date symlink: /home/corelab/GitHub/CatchingBlimp/Summer2023/ros2_stereo/install/stereo_combined/share/stereo_combined//calibration/calibration_data_test_flight/calibrationdata/right-0048.png
[0.200s] -- Up-to-date symlink: /home/corelab/GitHub/CatchingBlimp/Summer2023/ros2_stereo/install/stereo_combined/share/stereo_combined//calibration/calibration_data_test_flight/calibrationdata/right-0049.png
[0.200s] -- Up-to-date symlink: /home/corelab/GitHub/CatchingBlimp/Summer2023/ros2_stereo/install/stereo_combined/share/stereo_combined//calibration/calibration_data_test_flight/calibrationdata/right-0050.png
[0.201s] -- Up-to-date symlink: /home/corelab/GitHub/CatchingBlimp/Summer2023/ros2_stereo/install/stereo_combined/share/stereo_combined//calibration/calibration_data_test_flight/calibrationdata/right.yaml
[0.201s] -- Up-to-date symlink: /home/corelab/GitHub/CatchingBlimp/Summer2023/ros2_stereo/install/stereo_combined/share/stereo_combined//calibration/calibrationdata.tar.gz
[0.201s] -- Up-to-date symlink: /home/corelab/GitHub/CatchingBlimp/Summer2023/ros2_stereo/install/stereo_combined/share/stereo_combined//calibration/calibrationdata_test1/left-0000.png
[0.201s] -- Up-to-date symlink: /home/corelab/GitHub/CatchingBlimp/Summer2023/ros2_stereo/install/stereo_combined/share/stereo_combined//calibration/calibrationdata_test1/left-0001.png
[0.201s] -- Up-to-date symlink: /home/corelab/GitHub/CatchingBlimp/Summer2023/ros2_stereo/install/stereo_combined/share/stereo_combined//calibration/calibrationdata_test1/left-0002.png
[0.201s] -- Up-to-date symlink: /home/corelab/GitHub/CatchingBlimp/Summer2023/ros2_stereo/install/stereo_combined/share/stereo_combined//calibration/calibrationdata_test1/left-0003.png
[0.201s] -- Up-to-date symlink: /home/corelab/GitHub/CatchingBlimp/Summer2023/ros2_stereo/install/stereo_combined/share/stereo_combined//calibration/calibrationdata_test1/left-0004.png
[0.201s] -- Up-to-date symlink: /home/corelab/GitHub/CatchingBlimp/Summer2023/ros2_stereo/install/stereo_combined/share/stereo_combined//calibration/calibrationdata_test1/left-0005.png
[0.201s] -- Up-to-date symlink: /home/corelab/GitHub/CatchingBlimp/Summer2023/ros2_stereo/install/stereo_combined/share/stereo_combined//calibration/calibrationdata_test1/left-0006.png
[0.201s] -- Up-to-date symlink: /home/corelab/GitHub/CatchingBlimp/Summer2023/ros2_stereo/install/stereo_combined/share/stereo_combined//calibration/calibrationdata_test1/left-0007.png
[0.201s] -- Up-to-date symlink: /home/corelab/GitHub/CatchingBlimp/Summer2023/ros2_stereo/install/stereo_combined/share/stereo_combined//calibration/calibrationdata_test1/left-0008.png
[0.201s] -- Up-to-date symlink: /home/corelab/GitHub/CatchingBlimp/Summer2023/ros2_stereo/install/stereo_combined/share/stereo_combined//calibration/calibrationdata_test1/left-0009.png
[0.201s] -- Up-to-date symlink: /home/corelab/GitHub/CatchingBlimp/Summer2023/ros2_stereo/install/stereo_combined/share/stereo_combined//calibration/calibrationdata_test1/left-0010.png
[0.201s] -- Up-to-date symlink: /home/corelab/GitHub/CatchingBlimp/Summer2023/ros2_stereo/install/stereo_combined/share/stereo_combined//calibration/calibrationdata_test1/left-0011.png
[0.202s] -- Up-to-date symlink: /home/corelab/GitHub/CatchingBlimp/Summer2023/ros2_stereo/install/stereo_combined/share/stereo_combined//calibration/calibrationdata_test1/left-0012.png
[0.202s] -- Up-to-date symlink: /home/corelab/GitHub/CatchingBlimp/Summer2023/ros2_stereo/install/stereo_combined/share/stereo_combined//calibration/calibrationdata_test1/left-0013.png
[0.202s] -- Up-to-date symlink: /home/corelab/GitHub/CatchingBlimp/Summer2023/ros2_stereo/install/stereo_combined/share/stereo_combined//calibration/calibrationdata_test1/left-0014.png
[0.202s] -- Up-to-date symlink: /home/corelab/GitHub/CatchingBlimp/Summer2023/ros2_stereo/install/stereo_combined/share/stereo_combined//calibration/calibrationdata_test1/left-0015.png
[0.202s] -- Up-to-date symlink: /home/corelab/GitHub/CatchingBlimp/Summer2023/ros2_stereo/install/stereo_combined/share/stereo_combined//calibration/calibrationdata_test1/left-0016.png
[0.202s] -- Up-to-date symlink: /home/corelab/GitHub/CatchingBlimp/Summer2023/ros2_stereo/install/stereo_combined/share/stereo_combined//calibration/calibrationdata_test1/left-0017.png
[0.202s] -- Up-to-date symlink: /home/corelab/GitHub/CatchingBlimp/Summer2023/ros2_stereo/install/stereo_combined/share/stereo_combined//calibration/calibrationdata_test1/left-0018.png
[0.202s] -- Up-to-date symlink: /home/corelab/GitHub/CatchingBlimp/Summer2023/ros2_stereo/install/stereo_combined/share/stereo_combined//calibration/calibrationdata_test1/left-0019.png
[0.202s] -- Up-to-date symlink: /home/corelab/GitHub/CatchingBlimp/Summer2023/ros2_stereo/install/stereo_combined/share/stereo_combined//calibration/calibrationdata_test1/left-0020.png
[0.202s] -- Up-to-date symlink: /home/corelab/GitHub/CatchingBlimp/Summer2023/ros2_stereo/install/stereo_combined/share/stereo_combined//calibration/calibrationdata_test1/left-0021.png
[0.203s] -- Up-to-date symlink: /home/corelab/GitHub/CatchingBlimp/Summer2023/ros2_stereo/install/stereo_combined/share/stereo_combined//calibration/calibrationdata_test1/left-0022.png
[0.203s] -- Up-to-date symlink: /home/corelab/GitHub/CatchingBlimp/Summer2023/ros2_stereo/install/stereo_combined/share/stereo_combined//calibration/calibrationdata_test1/left-0023.png
[0.203s] -- Up-to-date symlink: /home/corelab/GitHub/CatchingBlimp/Summer2023/ros2_stereo/install/stereo_combined/share/stereo_combined//calibration/calibrationdata_test1/left-0024.png
[0.203s] -- Up-to-date symlink: /home/corelab/GitHub/CatchingBlimp/Summer2023/ros2_stereo/install/stereo_combined/share/stereo_combined//calibration/calibrationdata_test1/left-0025.png
[0.203s] -- Up-to-date symlink: /home/corelab/GitHub/CatchingBlimp/Summer2023/ros2_stereo/install/stereo_combined/share/stereo_combined//calibration/calibrationdata_test1/left-0026.png
[0.203s] -- Up-to-date symlink: /home/corelab/GitHub/CatchingBlimp/Summer2023/ros2_stereo/install/stereo_combined/share/stereo_combined//calibration/calibrationdata_test1/left-0027.png
[0.203s] -- Up-to-date symlink: /home/corelab/GitHub/CatchingBlimp/Summer2023/ros2_stereo/install/stereo_combined/share/stereo_combined//calibration/calibrationdata_test1/left-0028.png
[0.203s] -- Up-to-date symlink: /home/corelab/GitHub/CatchingBlimp/Summer2023/ros2_stereo/install/stereo_combined/share/stereo_combined//calibration/calibrationdata_test1/left-0029.png
[0.203s] -- Up-to-date symlink: /home/corelab/GitHub/CatchingBlimp/Summer2023/ros2_stereo/install/stereo_combined/share/stereo_combined//calibration/calibrationdata_test1/left-0030.png
[0.204s] -- Up-to-date symlink: /home/corelab/GitHub/CatchingBlimp/Summer2023/ros2_stereo/install/stereo_combined/share/stereo_combined//calibration/calibrationdata_test1/left-0031.png
[0.204s] -- Up-to-date symlink: /home/corelab/GitHub/CatchingBlimp/Summer2023/ros2_stereo/install/stereo_combined/share/stereo_combined//calibration/calibrationdata_test1/left-0032.png
[0.204s] -- Up-to-date symlink: /home/corelab/GitHub/CatchingBlimp/Summer2023/ros2_stereo/install/stereo_combined/share/stereo_combined//calibration/calibrationdata_test1/left-0033.png
[0.204s] -- Up-to-date symlink: /home/corelab/GitHub/CatchingBlimp/Summer2023/ros2_stereo/install/stereo_combined/share/stereo_combined//calibration/calibrationdata_test1/left-0034.png
[0.204s] -- Up-to-date symlink: /home/corelab/GitHub/CatchingBlimp/Summer2023/ros2_stereo/install/stereo_combined/share/stereo_combined//calibration/calibrationdata_test1/left-0035.png
[0.204s] -- Up-to-date symlink: /home/corelab/GitHub/CatchingBlimp/Summer2023/ros2_stereo/install/stereo_combined/share/stereo_combined//calibration/calibrationdata_test1/left-0036.png
[0.204s] -- Up-to-date symlink: /home/corelab/GitHub/CatchingBlimp/Summer2023/ros2_stereo/install/stereo_combined/share/stereo_combined//calibration/calibrationdata_test1/left-0037.png
[0.204s] -- Up-to-date symlink: /home/corelab/GitHub/CatchingBlimp/Summer2023/ros2_stereo/install/stereo_combined/share/stereo_combined//calibration/calibrationdata_test1/left-0038.png
[0.204s] -- Up-to-date symlink: /home/corelab/GitHub/CatchingBlimp/Summer2023/ros2_stereo/install/stereo_combined/share/stereo_combined//calibration/calibrationdata_test1/left-0039.png
[0.204s] -- Up-to-date symlink: /home/corelab/GitHub/CatchingBlimp/Summer2023/ros2_stereo/install/stereo_combined/share/stereo_combined//calibration/calibrationdata_test1/left-0040.png
[0.205s] -- Up-to-date symlink: /home/corelab/GitHub/CatchingBlimp/Summer2023/ros2_stereo/install/stereo_combined/share/stereo_combined//calibration/calibrationdata_test1/left-0041.png
[0.205s] -- Up-to-date symlink: /home/corelab/GitHub/CatchingBlimp/Summer2023/ros2_stereo/install/stereo_combined/share/stereo_combined//calibration/calibrationdata_test1/left-0042.png
[0.205s] -- Up-to-date symlink: /home/corelab/GitHub/CatchingBlimp/Summer2023/ros2_stereo/install/stereo_combined/share/stereo_combined//calibration/calibrationdata_test1/left-0043.png
[0.206s] -- Up-to-date symlink: /home/corelab/GitHub/CatchingBlimp/Summer2023/ros2_stereo/install/stereo_combined/share/stereo_combined//calibration/calibrationdata_test1/left-0044.png
[0.206s] -- Up-to-date symlink: /home/corelab/GitHub/CatchingBlimp/Summer2023/ros2_stereo/install/stereo_combined/share/stereo_combined//calibration/calibrationdata_test1/left-0045.png
[0.206s] -- Up-to-date symlink: /home/corelab/GitHub/CatchingBlimp/Summer2023/ros2_stereo/install/stereo_combined/share/stereo_combined//calibration/calibrationdata_test1/left-0046.png
[0.206s] -- Up-to-date symlink: /home/corelab/GitHub/CatchingBlimp/Summer2023/ros2_stereo/install/stereo_combined/share/stereo_combined//calibration/calibrationdata_test1/left-0047.png
[0.206s] -- Up-to-date symlink: /home/corelab/GitHub/CatchingBlimp/Summer2023/ros2_stereo/install/stereo_combined/share/stereo_combined//calibration/calibrationdata_test1/left-0048.png
[0.208s] -- Up-to-date symlink: /home/corelab/GitHub/CatchingBlimp/Summer2023/ros2_stereo/install/stereo_combined/share/stereo_combined//calibration/calibrationdata_test1/left-0049.png
[0.208s] -- Up-to-date symlink: /home/corelab/GitHub/CatchingBlimp/Summer2023/ros2_stereo/install/stereo_combined/share/stereo_combined//calibration/calibrationdata_test1/left-0050.png
[0.208s] -- Up-to-date symlink: /home/corelab/GitHub/CatchingBlimp/Summer2023/ros2_stereo/install/stereo_combined/share/stereo_combined//calibration/calibrationdata_test1/left-0051.png
[0.209s] -- Up-to-date symlink: /home/corelab/GitHub/CatchingBlimp/Summer2023/ros2_stereo/install/stereo_combined/share/stereo_combined//calibration/calibrationdata_test1/left-0052.png
[0.209s] -- Up-to-date symlink: /home/corelab/GitHub/CatchingBlimp/Summer2023/ros2_stereo/install/stereo_combined/share/stereo_combined//calibration/calibrationdata_test1/left-0053.png
[0.209s] -- Up-to-date symlink: /home/corelab/GitHub/CatchingBlimp/Summer2023/ros2_stereo/install/stereo_combined/share/stereo_combined//calibration/calibrationdata_test1/left-0054.png
[0.209s] -- Up-to-date symlink: /home/corelab/GitHub/CatchingBlimp/Summer2023/ros2_stereo/install/stereo_combined/share/stereo_combined//calibration/calibrationdata_test1/left.yaml
[0.209s] -- Up-to-date symlink: /home/corelab/GitHub/CatchingBlimp/Summer2023/ros2_stereo/install/stereo_combined/share/stereo_combined//calibration/calibrationdata_test1/ost.txt
[0.209s] -- Up-to-date symlink: /home/corelab/GitHub/CatchingBlimp/Summer2023/ros2_stereo/install/stereo_combined/share/stereo_combined//calibration/calibrationdata_test1/right-0000.png
[0.209s] -- Up-to-date symlink: /home/corelab/GitHub/CatchingBlimp/Summer2023/ros2_stereo/install/stereo_combined/share/stereo_combined//calibration/calibrationdata_test1/right-0001.png
[0.209s] -- Up-to-date symlink: /home/corelab/GitHub/CatchingBlimp/Summer2023/ros2_stereo/install/stereo_combined/share/stereo_combined//calibration/calibrationdata_test1/right-0002.png
[0.210s] -- Up-to-date symlink: /home/corelab/GitHub/CatchingBlimp/Summer2023/ros2_stereo/install/stereo_combined/share/stereo_combined//calibration/calibrationdata_test1/right-0003.png
[0.210s] -- Up-to-date symlink: /home/corelab/GitHub/CatchingBlimp/Summer2023/ros2_stereo/install/stereo_combined/share/stereo_combined//calibration/calibrationdata_test1/right-0004.png
[0.210s] -- Up-to-date symlink: /home/corelab/GitHub/CatchingBlimp/Summer2023/ros2_stereo/install/stereo_combined/share/stereo_combined//calibration/calibrationdata_test1/right-0005.png
[0.210s] -- Up-to-date symlink: /home/corelab/GitHub/CatchingBlimp/Summer2023/ros2_stereo/install/stereo_combined/share/stereo_combined//calibration/calibrationdata_test1/right-0006.png
[0.210s] -- Up-to-date symlink: /home/corelab/GitHub/CatchingBlimp/Summer2023/ros2_stereo/install/stereo_combined/share/stereo_combined//calibration/calibrationdata_test1/right-0007.png
[0.210s] -- Up-to-date symlink: /home/corelab/GitHub/CatchingBlimp/Summer2023/ros2_stereo/install/stereo_combined/share/stereo_combined//calibration/calibrationdata_test1/right-0008.png
[0.210s] -- Up-to-date symlink: /home/corelab/GitHub/CatchingBlimp/Summer2023/ros2_stereo/install/stereo_combined/share/stereo_combined//calibration/calibrationdata_test1/right-0009.png
[0.210s] -- Up-to-date symlink: /home/corelab/GitHub/CatchingBlimp/Summer2023/ros2_stereo/install/stereo_combined/share/stereo_combined//calibration/calibrationdata_test1/right-0010.png
[0.210s] -- Up-to-date symlink: /home/corelab/GitHub/CatchingBlimp/Summer2023/ros2_stereo/install/stereo_combined/share/stereo_combined//calibration/calibrationdata_test1/right-0011.png
[0.210s] -- Up-to-date symlink: /home/corelab/GitHub/CatchingBlimp/Summer2023/ros2_stereo/install/stereo_combined/share/stereo_combined//calibration/calibrationdata_test1/right-0012.png
[0.211s] -- Up-to-date symlink: /home/corelab/GitHub/CatchingBlimp/Summer2023/ros2_stereo/install/stereo_combined/share/stereo_combined//calibration/calibrationdata_test1/right-0013.png
[0.211s] -- Up-to-date symlink: /home/corelab/GitHub/CatchingBlimp/Summer2023/ros2_stereo/install/stereo_combined/share/stereo_combined//calibration/calibrationdata_test1/right-0014.png
[0.211s] -- Up-to-date symlink: /home/corelab/GitHub/CatchingBlimp/Summer2023/ros2_stereo/install/stereo_combined/share/stereo_combined//calibration/calibrationdata_test1/right-0015.png
[0.213s] -- Up-to-date symlink: /home/corelab/GitHub/CatchingBlimp/Summer2023/ros2_stereo/install/stereo_combined/share/stereo_combined//calibration/calibrationdata_test1/right-0016.png
[0.213s] -- Up-to-date symlink: /home/corelab/GitHub/CatchingBlimp/Summer2023/ros2_stereo/install/stereo_combined/share/stereo_combined//calibration/calibrationdata_test1/right-0017.png
[0.213s] -- Up-to-date symlink: /home/corelab/GitHub/CatchingBlimp/Summer2023/ros2_stereo/install/stereo_combined/share/stereo_combined//calibration/calibrationdata_test1/right-0018.png
[0.213s] -- Up-to-date symlink: /home/corelab/GitHub/CatchingBlimp/Summer2023/ros2_stereo/install/stereo_combined/share/stereo_combined//calibration/calibrationdata_test1/right-0019.png
[0.213s] -- Up-to-date symlink: /home/corelab/GitHub/CatchingBlimp/Summer2023/ros2_stereo/install/stereo_combined/share/stereo_combined//calibration/calibrationdata_test1/right-0020.png
[0.213s] -- Up-to-date symlink: /home/corelab/GitHub/CatchingBlimp/Summer2023/ros2_stereo/install/stereo_combined/share/stereo_combined//calibration/calibrationdata_test1/right-0021.png
[0.214s] -- Up-to-date symlink: /home/corelab/GitHub/CatchingBlimp/Summer2023/ros2_stereo/install/stereo_combined/share/stereo_combined//calibration/calibrationdata_test1/right-0022.png
[0.214s] -- Up-to-date symlink: /home/corelab/GitHub/CatchingBlimp/Summer2023/ros2_stereo/install/stereo_combined/share/stereo_combined//calibration/calibrationdata_test1/right-0023.png
[0.214s] -- Up-to-date symlink: /home/corelab/GitHub/CatchingBlimp/Summer2023/ros2_stereo/install/stereo_combined/share/stereo_combined//calibration/calibrationdata_test1/right-0024.png
[0.214s] -- Up-to-date symlink: /home/corelab/GitHub/CatchingBlimp/Summer2023/ros2_stereo/install/stereo_combined/share/stereo_combined//calibration/calibrationdata_test1/right-0025.png
[0.214s] -- Up-to-date symlink: /home/corelab/GitHub/CatchingBlimp/Summer2023/ros2_stereo/install/stereo_combined/share/stereo_combined//calibration/calibrationdata_test1/right-0026.png
[0.214s] -- Up-to-date symlink: /home/corelab/GitHub/CatchingBlimp/Summer2023/ros2_stereo/install/stereo_combined/share/stereo_combined//calibration/calibrationdata_test1/right-0027.png
[0.215s] -- Up-to-date symlink: /home/corelab/GitHub/CatchingBlimp/Summer2023/ros2_stereo/install/stereo_combined/share/stereo_combined//calibration/calibrationdata_test1/right-0028.png
[0.215s] -- Up-to-date symlink: /home/corelab/GitHub/CatchingBlimp/Summer2023/ros2_stereo/install/stereo_combined/share/stereo_combined//calibration/calibrationdata_test1/right-0029.png
[0.215s] -- Up-to-date symlink: /home/corelab/GitHub/CatchingBlimp/Summer2023/ros2_stereo/install/stereo_combined/share/stereo_combined//calibration/calibrationdata_test1/right-0030.png
[0.215s] -- Up-to-date symlink: /home/corelab/GitHub/CatchingBlimp/Summer2023/ros2_stereo/install/stereo_combined/share/stereo_combined//calibration/calibrationdata_test1/right-0031.png
[0.215s] -- Up-to-date symlink: /home/corelab/GitHub/CatchingBlimp/Summer2023/ros2_stereo/install/stereo_combined/share/stereo_combined//calibration/calibrationdata_test1/right-0032.png
[0.215s] -- Up-to-date symlink: /home/corelab/GitHub/CatchingBlimp/Summer2023/ros2_stereo/install/stereo_combined/share/stereo_combined//calibration/calibrationdata_test1/right-0033.png
[0.215s] -- Up-to-date symlink: /home/corelab/GitHub/CatchingBlimp/Summer2023/ros2_stereo/install/stereo_combined/share/stereo_combined//calibration/calibrationdata_test1/right-0034.png
[0.215s] -- Up-to-date symlink: /home/corelab/GitHub/CatchingBlimp/Summer2023/ros2_stereo/install/stereo_combined/share/stereo_combined//calibration/calibrationdata_test1/right-0035.png
[0.215s] -- Up-to-date symlink: /home/corelab/GitHub/CatchingBlimp/Summer2023/ros2_stereo/install/stereo_combined/share/stereo_combined//calibration/calibrationdata_test1/right-0036.png
[0.215s] -- Up-to-date symlink: /home/corelab/GitHub/CatchingBlimp/Summer2023/ros2_stereo/install/stereo_combined/share/stereo_combined//calibration/calibrationdata_test1/right-0037.png
[0.215s] -- Up-to-date symlink: /home/corelab/GitHub/CatchingBlimp/Summer2023/ros2_stereo/install/stereo_combined/share/stereo_combined//calibration/calibrationdata_test1/right-0038.png
[0.216s] -- Up-to-date symlink: /home/corelab/GitHub/CatchingBlimp/Summer2023/ros2_stereo/install/stereo_combined/share/stereo_combined//calibration/calibrationdata_test1/right-0039.png
[0.216s] -- Up-to-date symlink: /home/corelab/GitHub/CatchingBlimp/Summer2023/ros2_stereo/install/stereo_combined/share/stereo_combined//calibration/calibrationdata_test1/right-0040.png
[0.216s] -- Up-to-date symlink: /home/corelab/GitHub/CatchingBlimp/Summer2023/ros2_stereo/install/stereo_combined/share/stereo_combined//calibration/calibrationdata_test1/right-0041.png
[0.216s] -- Up-to-date symlink: /home/corelab/GitHub/CatchingBlimp/Summer2023/ros2_stereo/install/stereo_combined/share/stereo_combined//calibration/calibrationdata_test1/right-0042.png
[0.216s] -- Up-to-date symlink: /home/corelab/GitHub/CatchingBlimp/Summer2023/ros2_stereo/install/stereo_combined/share/stereo_combined//calibration/calibrationdata_test1/right-0043.png
[0.216s] -- Up-to-date symlink: /home/corelab/GitHub/CatchingBlimp/Summer2023/ros2_stereo/install/stereo_combined/share/stereo_combined//calibration/calibrationdata_test1/right-0044.png
[0.216s] -- Up-to-date symlink: /home/corelab/GitHub/CatchingBlimp/Summer2023/ros2_stereo/install/stereo_combined/share/stereo_combined//calibration/calibrationdata_test1/right-0045.png
[0.216s] -- Up-to-date symlink: /home/corelab/GitHub/CatchingBlimp/Summer2023/ros2_stereo/install/stereo_combined/share/stereo_combined//calibration/calibrationdata_test1/right-0046.png
[0.216s] -- Up-to-date symlink: /home/corelab/GitHub/CatchingBlimp/Summer2023/ros2_stereo/install/stereo_combined/share/stereo_combined//calibration/calibrationdata_test1/right-0047.png
[0.216s] -- Up-to-date symlink: /home/corelab/GitHub/CatchingBlimp/Summer2023/ros2_stereo/install/stereo_combined/share/stereo_combined//calibration/calibrationdata_test1/right-0048.png
[0.216s] -- Up-to-date symlink: /home/corelab/GitHub/CatchingBlimp/Summer2023/ros2_stereo/install/stereo_combined/share/stereo_combined//calibration/calibrationdata_test1/right-0049.png
[0.216s] -- Up-to-date symlink: /home/corelab/GitHub/CatchingBlimp/Summer2023/ros2_stereo/install/stereo_combined/share/stereo_combined//calibration/calibrationdata_test1/right-0050.png
[0.216s] -- Up-to-date symlink: /home/corelab/GitHub/CatchingBlimp/Summer2023/ros2_stereo/install/stereo_combined/share/stereo_combined//calibration/calibrationdata_test1/right-0051.png
[0.217s] -- Up-to-date symlink: /home/corelab/GitHub/CatchingBlimp/Summer2023/ros2_stereo/install/stereo_combined/share/stereo_combined//calibration/calibrationdata_test1/right-0052.png
[0.217s] -- Up-to-date symlink: /home/corelab/GitHub/CatchingBlimp/Summer2023/ros2_stereo/install/stereo_combined/share/stereo_combined//calibration/calibrationdata_test1/right-0053.png
[0.217s] -- Up-to-date symlink: /home/corelab/GitHub/CatchingBlimp/Summer2023/ros2_stereo/install/stereo_combined/share/stereo_combined//calibration/calibrationdata_test1/right-0054.png
[0.217s] -- Up-to-date symlink: /home/corelab/GitHub/CatchingBlimp/Summer2023/ros2_stereo/install/stereo_combined/share/stereo_combined//calibration/calibrationdata_test1/right.yaml
[0.219s] -- Up-to-date symlink: /home/corelab/GitHub/CatchingBlimp/Summer2023/ros2_stereo/install/stereo_combined/share/stereo_combined//calibration/calibrationdata_test2/left-0000.png
[0.220s] -- Up-to-date symlink: /home/corelab/GitHub/CatchingBlimp/Summer2023/ros2_stereo/install/stereo_combined/share/stereo_combined//calibration/calibrationdata_test2/left-0001.png
[0.220s] -- Up-to-date symlink: /home/corelab/GitHub/CatchingBlimp/Summer2023/ros2_stereo/install/stereo_combined/share/stereo_combined//calibration/calibrationdata_test2/left-0002.png
[0.220s] -- Up-to-date symlink: /home/corelab/GitHub/CatchingBlimp/Summer2023/ros2_stereo/install/stereo_combined/share/stereo_combined//calibration/calibrationdata_test2/left-0003.png
[0.220s] -- Up-to-date symlink: /home/corelab/GitHub/CatchingBlimp/Summer2023/ros2_stereo/install/stereo_combined/share/stereo_combined//calibration/calibrationdata_test2/left-0004.png
[0.220s] -- Up-to-date symlink: /home/corelab/GitHub/CatchingBlimp/Summer2023/ros2_stereo/install/stereo_combined/share/stereo_combined//calibration/calibrationdata_test2/left-0005.png
[0.220s] -- Up-to-date symlink: /home/corelab/GitHub/CatchingBlimp/Summer2023/ros2_stereo/install/stereo_combined/share/stereo_combined//calibration/calibrationdata_test2/left-0006.png
[0.220s] -- Up-to-date symlink: /home/corelab/GitHub/CatchingBlimp/Summer2023/ros2_stereo/install/stereo_combined/share/stereo_combined//calibration/calibrationdata_test2/left-0007.png
[0.220s] -- Up-to-date symlink: /home/corelab/GitHub/CatchingBlimp/Summer2023/ros2_stereo/install/stereo_combined/share/stereo_combined//calibration/calibrationdata_test2/left-0008.png
[0.221s] -- Up-to-date symlink: /home/corelab/GitHub/CatchingBlimp/Summer2023/ros2_stereo/install/stereo_combined/share/stereo_combined//calibration/calibrationdata_test2/left-0009.png
[0.221s] -- Up-to-date symlink: /home/corelab/GitHub/CatchingBlimp/Summer2023/ros2_stereo/install/stereo_combined/share/stereo_combined//calibration/calibrationdata_test2/left-0010.png
[0.221s] -- Up-to-date symlink: /home/corelab/GitHub/CatchingBlimp/Summer2023/ros2_stereo/install/stereo_combined/share/stereo_combined//calibration/calibrationdata_test2/left-0011.png
[0.221s] -- Up-to-date symlink: /home/corelab/GitHub/CatchingBlimp/Summer2023/ros2_stereo/install/stereo_combined/share/stereo_combined//calibration/calibrationdata_test2/left-0012.png
[0.221s] -- Up-to-date symlink: /home/corelab/GitHub/CatchingBlimp/Summer2023/ros2_stereo/install/stereo_combined/share/stereo_combined//calibration/calibrationdata_test2/left-0013.png
[0.221s] -- Up-to-date symlink: /home/corelab/GitHub/CatchingBlimp/Summer2023/ros2_stereo/install/stereo_combined/share/stereo_combined//calibration/calibrationdata_test2/left-0014.png
[0.223s] -- Up-to-date symlink: /home/corelab/GitHub/CatchingBlimp/Summer2023/ros2_stereo/install/stereo_combined/share/stereo_combined//calibration/calibrationdata_test2/left-0015.png
[0.223s] -- Up-to-date symlink: /home/corelab/GitHub/CatchingBlimp/Summer2023/ros2_stereo/install/stereo_combined/share/stereo_combined//calibration/calibrationdata_test2/left-0016.png
[0.223s] -- Up-to-date symlink: /home/corelab/GitHub/CatchingBlimp/Summer2023/ros2_stereo/install/stereo_combined/share/stereo_combined//calibration/calibrationdata_test2/left-0017.png
[0.223s] -- Up-to-date symlink: /home/corelab/GitHub/CatchingBlimp/Summer2023/ros2_stereo/install/stereo_combined/share/stereo_combined//calibration/calibrationdata_test2/left-0018.png
[0.223s] -- Up-to-date symlink: /home/corelab/GitHub/CatchingBlimp/Summer2023/ros2_stereo/install/stereo_combined/share/stereo_combined//calibration/calibrationdata_test2/left-0019.png
[0.224s] -- Up-to-date symlink: /home/corelab/GitHub/CatchingBlimp/Summer2023/ros2_stereo/install/stereo_combined/share/stereo_combined//calibration/calibrationdata_test2/left-0020.png
[0.224s] -- Up-to-date symlink: /home/corelab/GitHub/CatchingBlimp/Summer2023/ros2_stereo/install/stereo_combined/share/stereo_combined//calibration/calibrationdata_test2/left-0021.png
[0.224s] -- Up-to-date symlink: /home/corelab/GitHub/CatchingBlimp/Summer2023/ros2_stereo/install/stereo_combined/share/stereo_combined//calibration/calibrationdata_test2/left-0022.png
[0.224s] -- Up-to-date symlink: /home/corelab/GitHub/CatchingBlimp/Summer2023/ros2_stereo/install/stereo_combined/share/stereo_combined//calibration/calibrationdata_test2/left-0023.png
[0.224s] -- Up-to-date symlink: /home/corelab/GitHub/CatchingBlimp/Summer2023/ros2_stereo/install/stereo_combined/share/stereo_combined//calibration/calibrationdata_test2/left-0024.png
[0.224s] -- Up-to-date symlink: /home/corelab/GitHub/CatchingBlimp/Summer2023/ros2_stereo/install/stereo_combined/share/stereo_combined//calibration/calibrationdata_test2/left-0025.png
[0.224s] -- Up-to-date symlink: /home/corelab/GitHub/CatchingBlimp/Summer2023/ros2_stereo/install/stereo_combined/share/stereo_combined//calibration/calibrationdata_test2/left-0026.png
[0.224s] -- Up-to-date symlink: /home/corelab/GitHub/CatchingBlimp/Summer2023/ros2_stereo/install/stereo_combined/share/stereo_combined//calibration/calibrationdata_test2/left-0027.png
[0.224s] -- Up-to-date symlink: /home/corelab/GitHub/CatchingBlimp/Summer2023/ros2_stereo/install/stereo_combined/share/stereo_combined//calibration/calibrationdata_test2/left-0028.png
[0.224s] -- Up-to-date symlink: /home/corelab/GitHub/CatchingBlimp/Summer2023/ros2_stereo/install/stereo_combined/share/stereo_combined//calibration/calibrationdata_test2/left-0029.png
[0.224s] -- Up-to-date symlink: /home/corelab/GitHub/CatchingBlimp/Summer2023/ros2_stereo/install/stereo_combined/share/stereo_combined//calibration/calibrationdata_test2/left-0030.png
[0.224s] -- Up-to-date symlink: /home/corelab/GitHub/CatchingBlimp/Summer2023/ros2_stereo/install/stereo_combined/share/stereo_combined//calibration/calibrationdata_test2/left-0031.png
[0.224s] -- Up-to-date symlink: /home/corelab/GitHub/CatchingBlimp/Summer2023/ros2_stereo/install/stereo_combined/share/stereo_combined//calibration/calibrationdata_test2/left-0032.png
[0.224s] -- Up-to-date symlink: /home/corelab/GitHub/CatchingBlimp/Summer2023/ros2_stereo/install/stereo_combined/share/stereo_combined//calibration/calibrationdata_test2/left-0033.png
[0.224s] -- Up-to-date symlink: /home/corelab/GitHub/CatchingBlimp/Summer2023/ros2_stereo/install/stereo_combined/share/stereo_combined//calibration/calibrationdata_test2/left-0034.png
[0.224s] -- Up-to-date symlink: /home/corelab/GitHub/CatchingBlimp/Summer2023/ros2_stereo/install/stereo_combined/share/stereo_combined//calibration/calibrationdata_test2/left-0035.png
[0.224s] -- Up-to-date symlink: /home/corelab/GitHub/CatchingBlimp/Summer2023/ros2_stereo/install/stereo_combined/share/stereo_combined//calibration/calibrationdata_test2/left-0036.png
[0.225s] -- Up-to-date symlink: /home/corelab/GitHub/CatchingBlimp/Summer2023/ros2_stereo/install/stereo_combined/share/stereo_combined//calibration/calibrationdata_test2/left-0037.png
[0.225s] -- Up-to-date symlink: /home/corelab/GitHub/CatchingBlimp/Summer2023/ros2_stereo/install/stereo_combined/share/stereo_combined//calibration/calibrationdata_test2/left-0038.png
[0.225s] -- Up-to-date symlink: /home/corelab/GitHub/CatchingBlimp/Summer2023/ros2_stereo/install/stereo_combined/share/stereo_combined//calibration/calibrationdata_test2/left-0039.png
[0.225s] -- Up-to-date symlink: /home/corelab/GitHub/CatchingBlimp/Summer2023/ros2_stereo/install/stereo_combined/share/stereo_combined//calibration/calibrationdata_test2/left-0040.png
[0.225s] -- Up-to-date symlink: /home/corelab/GitHub/CatchingBlimp/Summer2023/ros2_stereo/install/stereo_combined/share/stereo_combined//calibration/calibrationdata_test2/left-0041.png
[0.225s] -- Up-to-date symlink: /home/corelab/GitHub/CatchingBlimp/Summer2023/ros2_stereo/install/stereo_combined/share/stereo_combined//calibration/calibrationdata_test2/left-0042.png
[0.226s] -- Up-to-date symlink: /home/corelab/GitHub/CatchingBlimp/Summer2023/ros2_stereo/install/stereo_combined/share/stereo_combined//calibration/calibrationdata_test2/left-0043.png
[0.226s] -- Up-to-date symlink: /home/corelab/GitHub/CatchingBlimp/Summer2023/ros2_stereo/install/stereo_combined/share/stereo_combined//calibration/calibrationdata_test2/left-0044.png
[0.226s] -- Up-to-date symlink: /home/corelab/GitHub/CatchingBlimp/Summer2023/ros2_stereo/install/stereo_combined/share/stereo_combined//calibration/calibrationdata_test2/left-0045.png
[0.226s] -- Up-to-date symlink: /home/corelab/GitHub/CatchingBlimp/Summer2023/ros2_stereo/install/stereo_combined/share/stereo_combined//calibration/calibrationdata_test2/left-0046.png
[0.226s] -- Up-to-date symlink: /home/corelab/GitHub/CatchingBlimp/Summer2023/ros2_stereo/install/stereo_combined/share/stereo_combined//calibration/calibrationdata_test2/left-0047.png
[0.226s] -- Up-to-date symlink: /home/corelab/GitHub/CatchingBlimp/Summer2023/ros2_stereo/install/stereo_combined/share/stereo_combined//calibration/calibrationdata_test2/left-0048.png
[0.226s] -- Up-to-date symlink: /home/corelab/GitHub/CatchingBlimp/Summer2023/ros2_stereo/install/stereo_combined/share/stereo_combined//calibration/calibrationdata_test2/left-0049.png
[0.227s] -- Up-to-date symlink: /home/corelab/GitHub/CatchingBlimp/Summer2023/ros2_stereo/install/stereo_combined/share/stereo_combined//calibration/calibrationdata_test2/left-0050.png
[0.227s] -- Up-to-date symlink: /home/corelab/GitHub/CatchingBlimp/Summer2023/ros2_stereo/install/stereo_combined/share/stereo_combined//calibration/calibrationdata_test2/left.yaml
[0.227s] -- Up-to-date symlink: /home/corelab/GitHub/CatchingBlimp/Summer2023/ros2_stereo/install/stereo_combined/share/stereo_combined//calibration/calibrationdata_test2/ost.txt
[0.227s] -- Up-to-date symlink: /home/corelab/GitHub/CatchingBlimp/Summer2023/ros2_stereo/install/stereo_combined/share/stereo_combined//calibration/calibrationdata_test2/right-0000.png
[0.227s] -- Up-to-date symlink: /home/corelab/GitHub/CatchingBlimp/Summer2023/ros2_stereo/install/stereo_combined/share/stereo_combined//calibration/calibrationdata_test2/right-0001.png
[0.229s] -- Up-to-date symlink: /home/corelab/GitHub/CatchingBlimp/Summer2023/ros2_stereo/install/stereo_combined/share/stereo_combined//calibration/calibrationdata_test2/right-0002.png
[0.229s] -- Up-to-date symlink: /home/corelab/GitHub/CatchingBlimp/Summer2023/ros2_stereo/install/stereo_combined/share/stereo_combined//calibration/calibrationdata_test2/right-0003.png
[0.229s] -- Up-to-date symlink: /home/corelab/GitHub/CatchingBlimp/Summer2023/ros2_stereo/install/stereo_combined/share/stereo_combined//calibration/calibrationdata_test2/right-0004.png
[0.229s] -- Up-to-date symlink: /home/corelab/GitHub/CatchingBlimp/Summer2023/ros2_stereo/install/stereo_combined/share/stereo_combined//calibration/calibrationdata_test2/right-0005.png
[0.230s] -- Up-to-date symlink: /home/corelab/GitHub/CatchingBlimp/Summer2023/ros2_stereo/install/stereo_combined/share/stereo_combined//calibration/calibrationdata_test2/right-0006.png
[0.230s] -- Up-to-date symlink: /home/corelab/GitHub/CatchingBlimp/Summer2023/ros2_stereo/install/stereo_combined/share/stereo_combined//calibration/calibrationdata_test2/right-0007.png
[0.230s] -- Up-to-date symlink: /home/corelab/GitHub/CatchingBlimp/Summer2023/ros2_stereo/install/stereo_combined/share/stereo_combined//calibration/calibrationdata_test2/right-0008.png
[0.231s] -- Up-to-date symlink: /home/corelab/GitHub/CatchingBlimp/Summer2023/ros2_stereo/install/stereo_combined/share/stereo_combined//calibration/calibrationdata_test2/right-0009.png
[0.231s] -- Up-to-date symlink: /home/corelab/GitHub/CatchingBlimp/Summer2023/ros2_stereo/install/stereo_combined/share/stereo_combined//calibration/calibrationdata_test2/right-0010.png
[0.231s] -- Up-to-date symlink: /home/corelab/GitHub/CatchingBlimp/Summer2023/ros2_stereo/install/stereo_combined/share/stereo_combined//calibration/calibrationdata_test2/right-0011.png
[0.231s] -- Up-to-date symlink: /home/corelab/GitHub/CatchingBlimp/Summer2023/ros2_stereo/install/stereo_combined/share/stereo_combined//calibration/calibrationdata_test2/right-0012.png
[0.231s] -- Up-to-date symlink: /home/corelab/GitHub/CatchingBlimp/Summer2023/ros2_stereo/install/stereo_combined/share/stereo_combined//calibration/calibrationdata_test2/right-0013.png
[0.231s] -- Up-to-date symlink: /home/corelab/GitHub/CatchingBlimp/Summer2023/ros2_stereo/install/stereo_combined/share/stereo_combined//calibration/calibrationdata_test2/right-0014.png
[0.231s] -- Up-to-date symlink: /home/corelab/GitHub/CatchingBlimp/Summer2023/ros2_stereo/install/stereo_combined/share/stereo_combined//calibration/calibrationdata_test2/right-0015.png
[0.231s] -- Up-to-date symlink: /home/corelab/GitHub/CatchingBlimp/Summer2023/ros2_stereo/install/stereo_combined/share/stereo_combined//calibration/calibrationdata_test2/right-0016.png
[0.231s] -- Up-to-date symlink: /home/corelab/GitHub/CatchingBlimp/Summer2023/ros2_stereo/install/stereo_combined/share/stereo_combined//calibration/calibrationdata_test2/right-0017.png
[0.231s] -- Up-to-date symlink: /home/corelab/GitHub/CatchingBlimp/Summer2023/ros2_stereo/install/stereo_combined/share/stereo_combined//calibration/calibrationdata_test2/right-0018.png
[0.231s] -- Up-to-date symlink: /home/corelab/GitHub/CatchingBlimp/Summer2023/ros2_stereo/install/stereo_combined/share/stereo_combined//calibration/calibrationdata_test2/right-0019.png
[0.231s] -- Up-to-date symlink: /home/corelab/GitHub/CatchingBlimp/Summer2023/ros2_stereo/install/stereo_combined/share/stereo_combined//calibration/calibrationdata_test2/right-0020.png
[0.231s] -- Up-to-date symlink: /home/corelab/GitHub/CatchingBlimp/Summer2023/ros2_stereo/install/stereo_combined/share/stereo_combined//calibration/calibrationdata_test2/right-0021.png
[0.231s] -- Up-to-date symlink: /home/corelab/GitHub/CatchingBlimp/Summer2023/ros2_stereo/install/stereo_combined/share/stereo_combined//calibration/calibrationdata_test2/right-0022.png
[0.231s] -- Up-to-date symlink: /home/corelab/GitHub/CatchingBlimp/Summer2023/ros2_stereo/install/stereo_combined/share/stereo_combined//calibration/calibrationdata_test2/right-0023.png
[0.231s] -- Up-to-date symlink: /home/corelab/GitHub/CatchingBlimp/Summer2023/ros2_stereo/install/stereo_combined/share/stereo_combined//calibration/calibrationdata_test2/right-0024.png
[0.231s] -- Up-to-date symlink: /home/corelab/GitHub/CatchingBlimp/Summer2023/ros2_stereo/install/stereo_combined/share/stereo_combined//calibration/calibrationdata_test2/right-0025.png
[0.231s] -- Up-to-date symlink: /home/corelab/GitHub/CatchingBlimp/Summer2023/ros2_stereo/install/stereo_combined/share/stereo_combined//calibration/calibrationdata_test2/right-0026.png
[0.232s] -- Up-to-date symlink: /home/corelab/GitHub/CatchingBlimp/Summer2023/ros2_stereo/install/stereo_combined/share/stereo_combined//calibration/calibrationdata_test2/right-0027.png
[0.232s] -- Up-to-date symlink: /home/corelab/GitHub/CatchingBlimp/Summer2023/ros2_stereo/install/stereo_combined/share/stereo_combined//calibration/calibrationdata_test2/right-0028.png
[0.232s] -- Up-to-date symlink: /home/corelab/GitHub/CatchingBlimp/Summer2023/ros2_stereo/install/stereo_combined/share/stereo_combined//calibration/calibrationdata_test2/right-0029.png
[0.232s] -- Up-to-date symlink: /home/corelab/GitHub/CatchingBlimp/Summer2023/ros2_stereo/install/stereo_combined/share/stereo_combined//calibration/calibrationdata_test2/right-0030.png
[0.232s] -- Up-to-date symlink: /home/corelab/GitHub/CatchingBlimp/Summer2023/ros2_stereo/install/stereo_combined/share/stereo_combined//calibration/calibrationdata_test2/right-0031.png
[0.232s] -- Up-to-date symlink: /home/corelab/GitHub/CatchingBlimp/Summer2023/ros2_stereo/install/stereo_combined/share/stereo_combined//calibration/calibrationdata_test2/right-0032.png
[0.232s] -- Up-to-date symlink: /home/corelab/GitHub/CatchingBlimp/Summer2023/ros2_stereo/install/stereo_combined/share/stereo_combined//calibration/calibrationdata_test2/right-0033.png
[0.233s] -- Up-to-date symlink: /home/corelab/GitHub/CatchingBlimp/Summer2023/ros2_stereo/install/stereo_combined/share/stereo_combined//calibration/calibrationdata_test2/right-0034.png
[0.233s] -- Up-to-date symlink: /home/corelab/GitHub/CatchingBlimp/Summer2023/ros2_stereo/install/stereo_combined/share/stereo_combined//calibration/calibrationdata_test2/right-0035.png
[0.233s] -- Up-to-date symlink: /home/corelab/GitHub/CatchingBlimp/Summer2023/ros2_stereo/install/stereo_combined/share/stereo_combined//calibration/calibrationdata_test2/right-0036.png
[0.233s] -- Up-to-date symlink: /home/corelab/GitHub/CatchingBlimp/Summer2023/ros2_stereo/install/stereo_combined/share/stereo_combined//calibration/calibrationdata_test2/right-0037.png
[0.233s] -- Up-to-date symlink: /home/corelab/GitHub/CatchingBlimp/Summer2023/ros2_stereo/install/stereo_combined/share/stereo_combined//calibration/calibrationdata_test2/right-0038.png
[0.233s] -- Up-to-date symlink: /home/corelab/GitHub/CatchingBlimp/Summer2023/ros2_stereo/install/stereo_combined/share/stereo_combined//calibration/calibrationdata_test2/right-0039.png
[0.233s] -- Up-to-date symlink: /home/corelab/GitHub/CatchingBlimp/Summer2023/ros2_stereo/install/stereo_combined/share/stereo_combined//calibration/calibrationdata_test2/right-0040.png
[0.234s] -- Up-to-date symlink: /home/corelab/GitHub/CatchingBlimp/Summer2023/ros2_stereo/install/stereo_combined/share/stereo_combined//calibration/calibrationdata_test2/right-0041.png
[0.235s] -- Up-to-date symlink: /home/corelab/GitHub/CatchingBlimp/Summer2023/ros2_stereo/install/stereo_combined/share/stereo_combined//calibration/calibrationdata_test2/right-0042.png
[0.236s] -- Up-to-date symlink: /home/corelab/GitHub/CatchingBlimp/Summer2023/ros2_stereo/install/stereo_combined/share/stereo_combined//calibration/calibrationdata_test2/right-0043.png
[0.236s] -- Up-to-date symlink: /home/corelab/GitHub/CatchingBlimp/Summer2023/ros2_stereo/install/stereo_combined/share/stereo_combined//calibration/calibrationdata_test2/right-0044.png
[0.236s] -- Up-to-date symlink: /home/corelab/GitHub/CatchingBlimp/Summer2023/ros2_stereo/install/stereo_combined/share/stereo_combined//calibration/calibrationdata_test2/right-0045.png
[0.236s] -- Up-to-date symlink: /home/corelab/GitHub/CatchingBlimp/Summer2023/ros2_stereo/install/stereo_combined/share/stereo_combined//calibration/calibrationdata_test2/right-0046.png
[0.236s] -- Up-to-date symlink: /home/corelab/GitHub/CatchingBlimp/Summer2023/ros2_stereo/install/stereo_combined/share/stereo_combined//calibration/calibrationdata_test2/right-0047.png
[0.236s] -- Up-to-date symlink: /home/corelab/GitHub/CatchingBlimp/Summer2023/ros2_stereo/install/stereo_combined/share/stereo_combined//calibration/calibrationdata_test2/right-0048.png
[0.236s] -- Up-to-date symlink: /home/corelab/GitHub/CatchingBlimp/Summer2023/ros2_stereo/install/stereo_combined/share/stereo_combined//calibration/calibrationdata_test2/right-0049.png
[0.236s] -- Up-to-date symlink: /home/corelab/GitHub/CatchingBlimp/Summer2023/ros2_stereo/install/stereo_combined/share/stereo_combined//calibration/calibrationdata_test2/right-0050.png
[0.236s] -- Up-to-date symlink: /home/corelab/GitHub/CatchingBlimp/Summer2023/ros2_stereo/install/stereo_combined/share/stereo_combined//calibration/calibrationdata_test2/right.yaml
[0.236s] -- Up-to-date symlink: /home/corelab/GitHub/CatchingBlimp/Summer2023/ros2_stereo/install/stereo_combined/share/stereo_combined//calibration/camera1_elp_left.yaml
[0.237s] -- Up-to-date symlink: /home/corelab/GitHub/CatchingBlimp/Summer2023/ros2_stereo/install/stereo_combined/share/stereo_combined//calibration/camera1_elp_right.yaml
[0.237s] -- Up-to-date symlink: /home/corelab/GitHub/CatchingBlimp/Summer2023/ros2_stereo/install/stereo_combined/share/stereo_combined//calibration/elp_left.yaml
[0.237s] -- Up-to-date symlink: /home/corelab/GitHub/CatchingBlimp/Summer2023/ros2_stereo/install/stereo_combined/share/stereo_combined//calibration/elp_right.yaml
[0.237s] -- Up-to-date symlink: /home/corelab/GitHub/CatchingBlimp/Summer2023/ros2_stereo/install/stereo_combined/share/stereo_combined//calibration/temp/elp_left.yaml
[0.237s] -- Up-to-date symlink: /home/corelab/GitHub/CatchingBlimp/Summer2023/ros2_stereo/install/stereo_combined/share/stereo_combined//calibration/temp/elp_right.yaml
[0.237s] -- Up-to-date symlink: /home/corelab/GitHub/CatchingBlimp/Summer2023/ros2_stereo/install/stereo_combined/share/ament_index/resource_index/package_run_dependencies/stereo_combined
[0.237s] -- Up-to-date symlink: /home/corelab/GitHub/CatchingBlimp/Summer2023/ros2_stereo/install/stereo_combined/share/ament_index/resource_index/parent_prefix_path/stereo_combined
[0.238s] -- Up-to-date symlink: /home/corelab/GitHub/CatchingBlimp/Summer2023/ros2_stereo/install/stereo_combined/share/stereo_combined/environment/ament_prefix_path.sh
[0.238s] -- Up-to-date symlink: /home/corelab/GitHub/CatchingBlimp/Summer2023/ros2_stereo/install/stereo_combined/share/stereo_combined/environment/ament_prefix_path.dsv
[0.243s] -- Up-to-date symlink: /home/corelab/GitHub/CatchingBlimp/Summer2023/ros2_stereo/install/stereo_combined/share/stereo_combined/environment/path.sh
[0.244s] -- Up-to-date symlink: /home/corelab/GitHub/CatchingBlimp/Summer2023/ros2_stereo/install/stereo_combined/share/stereo_combined/environment/path.dsv
[0.244s] -- Up-to-date symlink: /home/corelab/GitHub/CatchingBlimp/Summer2023/ros2_stereo/install/stereo_combined/share/stereo_combined/local_setup.bash
[0.244s] -- Up-to-date symlink: /home/corelab/GitHub/CatchingBlimp/Summer2023/ros2_stereo/install/stereo_combined/share/stereo_combined/local_setup.sh
[0.244s] -- Up-to-date symlink: /home/corelab/GitHub/CatchingBlimp/Summer2023/ros2_stereo/install/stereo_combined/share/stereo_combined/local_setup.zsh
[0.244s] -- Up-to-date symlink: /home/corelab/GitHub/CatchingBlimp/Summer2023/ros2_stereo/install/stereo_combined/share/stereo_combined/local_setup.dsv
[0.244s] -- Symlinking: /home/corelab/GitHub/CatchingBlimp/Summer2023/ros2_stereo/install/stereo_combined/share/stereo_combined/package.dsv
[0.245s] -- Up-to-date symlink: /home/corelab/GitHub/CatchingBlimp/Summer2023/ros2_stereo/install/stereo_combined/share/ament_index/resource_index/packages/stereo_combined
[0.245s] -- Up-to-date symlink: /home/corelab/GitHub/CatchingBlimp/Summer2023/ros2_stereo/install/stereo_combined/share/stereo_combined/cmake/stereo_combinedConfig.cmake
[0.245s] -- Up-to-date symlink: /home/corelab/GitHub/CatchingBlimp/Summer2023/ros2_stereo/install/stereo_combined/share/stereo_combined/cmake/stereo_combinedConfig-version.cmake
[0.245s] -- Up-to-date symlink: /home/corelab/GitHub/CatchingBlimp/Summer2023/ros2_stereo/install/stereo_combined/share/stereo_combined/package.xml
[0.245s] Invoked command in '/home/corelab/GitHub/CatchingBlimp/Summer2023/ros2_stereo/build/stereo_combined' returned '0': CMAKE_PREFIX_PATH=${CMAKE_PREFIX_PATH}:/home/corelab/Luke_ML_Blimp/ros2_tracks_ws/install/track_ros2:/opt/ros/foxy /home/corelab/.local/bin/cmake --install /home/corelab/GitHub/CatchingBlimp/Summer2023/ros2_stereo/build/stereo_combined
