[0.479s] Invoking command in '/home/corelab/CatchingBlimp/Summer2023/ros2_stereo/src/build/ros2_shared': CMAKE_PREFIX_PATH=${CMAKE_PREFIX_PATH}:/opt/ros/foxy /usr/bin/cmake --build /home/corelab/CatchingBlimp/Summer2023/ros2_stereo/src/build/ros2_shared -- -j8 -l8
[0.518s] Invoked command in '/home/corelab/CatchingBlimp/Summer2023/ros2_stereo/src/build/ros2_shared' returned '0': CMAKE_PREFIX_PATH=${CMAKE_PREFIX_PATH}:/opt/ros/foxy /usr/bin/cmake --build /home/corelab/CatchingBlimp/Summer2023/ros2_stereo/src/build/ros2_shared -- -j8 -l8
[0.550s] Invoking command in '/home/corelab/CatchingBlimp/Summer2023/ros2_stereo/src/build/ros2_shared': CMAKE_PREFIX_PATH=${CMAKE_PREFIX_PATH}:/opt/ros/foxy /usr/bin/cmake --install /home/corelab/CatchingBlimp/Summer2023/ros2_stereo/src/build/ros2_shared
[0.556s] -- Install configuration: ""
[0.557s] -- Execute custom install script
[0.558s] -- Up-to-date symlink: /home/corelab/CatchingBlimp/Summer2023/ros2_stereo/src/install/ros2_shared/include/ros2_shared/context_macros.hpp
[0.558s] -- Up-to-date symlink: /home/corelab/CatchingBlimp/Summer2023/ros2_stereo/src/install/ros2_shared/include/ros2_shared/param_macros.hpp
[0.559s] -- Up-to-date symlink: /home/corelab/CatchingBlimp/Summer2023/ros2_stereo/src/install/ros2_shared/include/ros2_shared/string_printf.hpp
[0.559s] -- Up-to-date symlink: /home/corelab/CatchingBlimp/Summer2023/ros2_stereo/src/install/ros2_shared/share/ament_index/resource_index/package_run_dependencies/ros2_shared
[0.560s] -- Up-to-date symlink: /home/corelab/CatchingBlimp/Summer2023/ros2_stereo/src/install/ros2_shared/share/ament_index/resource_index/parent_prefix_path/ros2_shared
[0.560s] -- Up-to-date symlink: /home/corelab/CatchingBlimp/Summer2023/ros2_stereo/src/install/ros2_shared/share/ros2_shared/environment/ament_prefix_path.sh
[0.561s] -- Up-to-date symlink: /home/corelab/CatchingBlimp/Summer2023/ros2_stereo/src/install/ros2_shared/share/ros2_shared/environment/ament_prefix_path.dsv
[0.561s] -- Up-to-date symlink: /home/corelab/CatchingBlimp/Summer2023/ros2_stereo/src/install/ros2_shared/share/ros2_shared/environment/path.sh
[0.561s] -- Up-to-date symlink: /home/corelab/CatchingBlimp/Summer2023/ros2_stereo/src/install/ros2_shared/share/ros2_shared/environment/path.dsv
[0.562s] -- Up-to-date symlink: /home/corelab/CatchingBlimp/Summer2023/ros2_stereo/src/install/ros2_shared/share/ros2_shared/local_setup.bash
[0.562s] -- Up-to-date symlink: /home/corelab/CatchingBlimp/Summer2023/ros2_stereo/src/install/ros2_shared/share/ros2_shared/local_setup.sh
[0.563s] -- Up-to-date symlink: /home/corelab/CatchingBlimp/Summer2023/ros2_stereo/src/install/ros2_shared/share/ros2_shared/local_setup.zsh
[0.563s] -- Up-to-date symlink: /home/corelab/CatchingBlimp/Summer2023/ros2_stereo/src/install/ros2_shared/share/ros2_shared/local_setup.dsv
[0.564s] -- Symlinking: /home/corelab/CatchingBlimp/Summer2023/ros2_stereo/src/install/ros2_shared/share/ros2_shared/package.dsv
[0.572s] -- Up-to-date symlink: /home/corelab/CatchingBlimp/Summer2023/ros2_stereo/src/install/ros2_shared/share/ament_index/resource_index/packages/ros2_shared
[0.572s] -- Up-to-date symlink: /home/corelab/CatchingBlimp/Summer2023/ros2_stereo/src/install/ros2_shared/share/ros2_shared/cmake/ament_cmake_export_targets-extras.cmake
[0.572s] -- Up-to-date symlink: /home/corelab/CatchingBlimp/Summer2023/ros2_stereo/src/install/ros2_shared/share/ros2_shared/cmake/ament_cmake_export_dependencies-extras.cmake
[0.572s] -- Up-to-date symlink: /home/corelab/CatchingBlimp/Summer2023/ros2_stereo/src/install/ros2_shared/share/ros2_shared/cmake/ros2_sharedConfig.cmake
[0.573s] -- Up-to-date symlink: /home/corelab/CatchingBlimp/Summer2023/ros2_stereo/src/install/ros2_shared/share/ros2_shared/cmake/ros2_sharedConfig-version.cmake
[0.573s] -- Up-to-date symlink: /home/corelab/CatchingBlimp/Summer2023/ros2_stereo/src/install/ros2_shared/share/ros2_shared/package.xml
[0.573s] -- Up-to-date: /home/corelab/CatchingBlimp/Summer2023/ros2_stereo/src/install/ros2_shared/share/ros2_shared/cmake/ros2_shared_targetsExport.cmake
[0.580s] Invoked command in '/home/corelab/CatchingBlimp/Summer2023/ros2_stereo/src/build/ros2_shared' returned '0': CMAKE_PREFIX_PATH=${CMAKE_PREFIX_PATH}:/opt/ros/foxy /usr/bin/cmake --install /home/corelab/CatchingBlimp/Summer2023/ros2_stereo/src/build/ros2_shared
