[0.178s] Invoking command in '/home/corelab/CatchingBlimp/Summer2023/ros2_stereo/src/build/opencv_telemetry': CMAKE_PREFIX_PATH=${CMAKE_PREFIX_PATH}:/opt/ros/foxy /usr/bin/cmake --build /home/corelab/CatchingBlimp/Summer2023/ros2_stereo/src/build/opencv_telemetry -- -j8 -l8
[0.239s] [  2%] Built target opencv_telemetry__cpp
[0.246s] [  7%] Built target minimal_opencv_ros2_node
[0.250s] [ 12%] Built target split_sync_images
[0.253s] [ 19%] Built target opencv_telemetry__rosidl_generator_c
[0.259s] [ 24%] Built target opencv_subscriber
[0.270s] [ 31%] Built target opencv_telemetry__rosidl_typesupport_introspection_cpp
[0.277s] [ 39%] Built target opencv_telemetry__rosidl_typesupport_cpp
[0.287s] [ 46%] Built target opencv_telemetry__rosidl_typesupport_fastrtps_cpp
[0.291s] [ 53%] Built target opencv_telemetry__rosidl_typesupport_c
[0.300s] [ 60%] Built target opencv_telemetry__rosidl_typesupport_introspection_c
[0.320s] [ 68%] Built target opencv_telemetry__rosidl_typesupport_fastrtps_c
[0.337s] [ 68%] Built target opencv_telemetry
[0.354s] [ 70%] Built target opencv_telemetry__py
[0.367s] [ 80%] Built target resized_plugins
[0.384s] [ 85%] Built target opencv_telemetry__python
[0.408s] [100%] Built target opencv_telemetry__rosidl_typesupport_c__pyext
[0.408s] [100%] Built target opencv_telemetry__rosidl_typesupport_fastrtps_c__pyext
[0.409s] [100%] Built target opencv_telemetry__rosidl_typesupport_introspection_c__pyext
[0.430s] Invoked command in '/home/corelab/CatchingBlimp/Summer2023/ros2_stereo/src/build/opencv_telemetry' returned '0': CMAKE_PREFIX_PATH=${CMAKE_PREFIX_PATH}:/opt/ros/foxy /usr/bin/cmake --build /home/corelab/CatchingBlimp/Summer2023/ros2_stereo/src/build/opencv_telemetry -- -j8 -l8
[0.762s] Invoking command in '/home/corelab/CatchingBlimp/Summer2023/ros2_stereo/src/build/opencv_telemetry': CMAKE_PREFIX_PATH=${CMAKE_PREFIX_PATH}:/opt/ros/foxy /usr/bin/cmake --install /home/corelab/CatchingBlimp/Summer2023/ros2_stereo/src/build/opencv_telemetry
[0.771s] -- Install configuration: ""
[0.771s] -- Execute custom install script
[0.771s] -- Symlinking: /home/corelab/CatchingBlimp/Summer2023/ros2_stereo/src/install/opencv_telemetry/share/ament_index/resource_index/rosidl_interfaces/opencv_telemetry
[0.778s] -- Symlinking: /home/corelab/CatchingBlimp/Summer2023/ros2_stereo/src/install/opencv_telemetry/include/opencv_telemetry/msg/detail/resized_image__functions.h
[0.791s] -- Symlinking: /home/corelab/CatchingBlimp/Summer2023/ros2_stereo/src/install/opencv_telemetry/include/opencv_telemetry/msg/detail/resized_image__struct.h
[0.801s] -- Symlinking: /home/corelab/CatchingBlimp/Summer2023/ros2_stereo/src/install/opencv_telemetry/include/opencv_telemetry/msg/detail/resized_image__type_support.h
[0.811s] -- Symlinking: /home/corelab/CatchingBlimp/Summer2023/ros2_stereo/src/install/opencv_telemetry/include/opencv_telemetry/msg/resized_image.h
[0.819s] -- Symlinking: /home/corelab/CatchingBlimp/Summer2023/ros2_stereo/src/install/opencv_telemetry/include/opencv_telemetry/msg/rosidl_generator_c__visibility_control.h
[0.827s] -- Symlinking: /home/corelab/CatchingBlimp/Summer2023/ros2_stereo/src/install/opencv_telemetry/share/opencv_telemetry/environment/library_path.sh
[0.833s] -- Symlinking: /home/corelab/CatchingBlimp/Summer2023/ros2_stereo/src/install/opencv_telemetry/share/opencv_telemetry/environment/library_path.dsv
[0.842s] -- Symlinking: /home/corelab/CatchingBlimp/Summer2023/ros2_stereo/src/install/opencv_telemetry/include/opencv_telemetry/msg/detail/resized_image__rosidl_typesupport_fastrtps_c.h
[0.849s] -- Symlinking: /home/corelab/CatchingBlimp/Summer2023/ros2_stereo/src/install/opencv_telemetry/include/opencv_telemetry/msg/rosidl_typesupport_fastrtps_c__visibility_control.h
[0.858s] -- Symlinking: /home/corelab/CatchingBlimp/Summer2023/ros2_stereo/src/install/opencv_telemetry/lib/libopencv_telemetry__rosidl_typesupport_fastrtps_c.so
[0.866s] -- Symlinking: /home/corelab/CatchingBlimp/Summer2023/ros2_stereo/src/install/opencv_telemetry/include/opencv_telemetry/msg/detail/resized_image__rosidl_typesupport_fastrtps_cpp.hpp
[0.874s] -- Symlinking: /home/corelab/CatchingBlimp/Summer2023/ros2_stereo/src/install/opencv_telemetry/include/opencv_telemetry/msg/rosidl_typesupport_fastrtps_cpp__visibility_control.h
[0.882s] -- Symlinking: /home/corelab/CatchingBlimp/Summer2023/ros2_stereo/src/install/opencv_telemetry/lib/libopencv_telemetry__rosidl_typesupport_fastrtps_cpp.so
[0.893s] -- Symlinking: /home/corelab/CatchingBlimp/Summer2023/ros2_stereo/src/install/opencv_telemetry/include/opencv_telemetry/msg/detail/resized_image__rosidl_typesupport_introspection_c.h
[0.899s] -- Symlinking: /home/corelab/CatchingBlimp/Summer2023/ros2_stereo/src/install/opencv_telemetry/include/opencv_telemetry/msg/rosidl_typesupport_introspection_c__visibility_control.h
[0.907s] -- Symlinking: /home/corelab/CatchingBlimp/Summer2023/ros2_stereo/src/install/opencv_telemetry/include/opencv_telemetry/msg/detail/resized_image__builder.hpp
[0.914s] -- Symlinking: /home/corelab/CatchingBlimp/Summer2023/ros2_stereo/src/install/opencv_telemetry/include/opencv_telemetry/msg/detail/resized_image__struct.hpp
[0.921s] -- Symlinking: /home/corelab/CatchingBlimp/Summer2023/ros2_stereo/src/install/opencv_telemetry/include/opencv_telemetry/msg/detail/resized_image__traits.hpp
[0.929s] -- Symlinking: /home/corelab/CatchingBlimp/Summer2023/ros2_stereo/src/install/opencv_telemetry/include/opencv_telemetry/msg/detail/resized_image__type_support.hpp
[0.936s] -- Symlinking: /home/corelab/CatchingBlimp/Summer2023/ros2_stereo/src/install/opencv_telemetry/include/opencv_telemetry/msg/resized_image.hpp
[0.943s] -- Symlinking: /home/corelab/CatchingBlimp/Summer2023/ros2_stereo/src/install/opencv_telemetry/include/opencv_telemetry/msg/rosidl_generator_cpp__visibility_control.hpp
[0.951s] -- Symlinking: /home/corelab/CatchingBlimp/Summer2023/ros2_stereo/src/install/opencv_telemetry/include/opencv_telemetry/msg/detail/resized_image__rosidl_typesupport_introspection_cpp.hpp
[0.959s] -- Symlinking: /home/corelab/CatchingBlimp/Summer2023/ros2_stereo/src/install/opencv_telemetry/share/opencv_telemetry/environment/pythonpath.sh
[0.966s] -- Symlinking: /home/corelab/CatchingBlimp/Summer2023/ros2_stereo/src/install/opencv_telemetry/share/opencv_telemetry/environment/pythonpath.dsv
[0.973s] -- Symlinking: /home/corelab/CatchingBlimp/Summer2023/ros2_stereo/src/install/opencv_telemetry/lib/python3.8/site-packages/opencv_telemetry/__init__.py
[0.980s] -- Symlinking: /home/corelab/CatchingBlimp/Summer2023/ros2_stereo/src/install/opencv_telemetry/lib/python3.8/site-packages/opencv_telemetry/msg/__init__.py
[0.987s] -- Symlinking: /home/corelab/CatchingBlimp/Summer2023/ros2_stereo/src/install/opencv_telemetry/lib/python3.8/site-packages/opencv_telemetry/msg/_resized_image.py
[1.003s] -- Symlinking: /home/corelab/CatchingBlimp/Summer2023/ros2_stereo/src/install/opencv_telemetry/lib/python3.8/site-packages/opencv_telemetry/opencv_telemetry_s__rosidl_typesupport_fastrtps_c.cpython-38-x86_64-linux-gnu.so
[1.010s] -- Symlinking: /home/corelab/CatchingBlimp/Summer2023/ros2_stereo/src/install/opencv_telemetry/lib/python3.8/site-packages/opencv_telemetry/opencv_telemetry_s__rosidl_typesupport_introspection_c.cpython-38-x86_64-linux-gnu.so
[1.018s] -- Symlinking: /home/corelab/CatchingBlimp/Summer2023/ros2_stereo/src/install/opencv_telemetry/lib/python3.8/site-packages/opencv_telemetry/opencv_telemetry_s__rosidl_typesupport_c.cpython-38-x86_64-linux-gnu.so
[1.025s] -- Symlinking: /home/corelab/CatchingBlimp/Summer2023/ros2_stereo/src/install/opencv_telemetry/lib/libopencv_telemetry__python.so
[1.034s] -- Symlinking: /home/corelab/CatchingBlimp/Summer2023/ros2_stereo/src/install/opencv_telemetry/share/opencv_telemetry/msg/ResizedImage.idl
[1.040s] -- Symlinking: /home/corelab/CatchingBlimp/Summer2023/ros2_stereo/src/install/opencv_telemetry/share/opencv_telemetry/msg/ResizedImage.msg
[1.050s] -- Symlinking: /home/corelab/CatchingBlimp/Summer2023/ros2_stereo/src/install/opencv_telemetry/share/opencv_telemetry//resized_plugins.xml
[1.057s] -- Symlinking: /home/corelab/CatchingBlimp/Summer2023/ros2_stereo/src/install/opencv_telemetry/lib/opencv_telemetry/opencv_subscriber
[1.065s] -- Symlinking: /home/corelab/CatchingBlimp/Summer2023/ros2_stereo/src/install/opencv_telemetry//libresized_plugins.so
[1.071s] -- Symlinking: /home/corelab/CatchingBlimp/Summer2023/ros2_stereo/src/install/opencv_telemetry/lib/opencv_telemetry/minimal_opencv_ros2_node
[1.078s] -- Symlinking: /home/corelab/CatchingBlimp/Summer2023/ros2_stereo/src/install/opencv_telemetry/lib/opencv_telemetry/split_sync_images
[1.087s] -- Symlinking: /home/corelab/CatchingBlimp/Summer2023/ros2_stereo/src/install/opencv_telemetry/include/opencv_telemetry/resized_publisher.hpp
[1.092s] -- Symlinking: /home/corelab/CatchingBlimp/Summer2023/ros2_stereo/src/install/opencv_telemetry/include/opencv_telemetry/resized_subscriber.hpp
[1.099s] -- Symlinking: /home/corelab/CatchingBlimp/Summer2023/ros2_stereo/src/install/opencv_telemetry/share/opencv_telemetry//launch/split_node.launch.py
[1.108s] -- Symlinking: /home/corelab/CatchingBlimp/Summer2023/ros2_stereo/src/install/opencv_telemetry/share/opencv_telemetry//calibration/calibration_data_test_flight/calibrationdata.tar.gz
[1.114s] -- Symlinking: /home/corelab/CatchingBlimp/Summer2023/ros2_stereo/src/install/opencv_telemetry/share/opencv_telemetry//calibration/calibration_data_test_flight/calibrationdata/left-0000.png
[1.121s] -- Symlinking: /home/corelab/CatchingBlimp/Summer2023/ros2_stereo/src/install/opencv_telemetry/share/opencv_telemetry//calibration/calibration_data_test_flight/calibrationdata/left-0001.png
[1.128s] -- Symlinking: /home/corelab/CatchingBlimp/Summer2023/ros2_stereo/src/install/opencv_telemetry/share/opencv_telemetry//calibration/calibration_data_test_flight/calibrationdata/left-0002.png
[1.135s] -- Symlinking: /home/corelab/CatchingBlimp/Summer2023/ros2_stereo/src/install/opencv_telemetry/share/opencv_telemetry//calibration/calibration_data_test_flight/calibrationdata/left-0003.png
[1.142s] -- Symlinking: /home/corelab/CatchingBlimp/Summer2023/ros2_stereo/src/install/opencv_telemetry/share/opencv_telemetry//calibration/calibration_data_test_flight/calibrationdata/left-0004.png
[1.149s] -- Symlinking: /home/corelab/CatchingBlimp/Summer2023/ros2_stereo/src/install/opencv_telemetry/share/opencv_telemetry//calibration/calibration_data_test_flight/calibrationdata/left-0005.png
[1.157s] -- Symlinking: /home/corelab/CatchingBlimp/Summer2023/ros2_stereo/src/install/opencv_telemetry/share/opencv_telemetry//calibration/calibration_data_test_flight/calibrationdata/left-0006.png
[1.165s] -- Symlinking: /home/corelab/CatchingBlimp/Summer2023/ros2_stereo/src/install/opencv_telemetry/share/opencv_telemetry//calibration/calibration_data_test_flight/calibrationdata/left-0007.png
[1.174s] -- Symlinking: /home/corelab/CatchingBlimp/Summer2023/ros2_stereo/src/install/opencv_telemetry/share/opencv_telemetry//calibration/calibration_data_test_flight/calibrationdata/left-0008.png
[1.179s] -- Symlinking: /home/corelab/CatchingBlimp/Summer2023/ros2_stereo/src/install/opencv_telemetry/share/opencv_telemetry//calibration/calibration_data_test_flight/calibrationdata/left-0009.png
[1.185s] -- Symlinking: /home/corelab/CatchingBlimp/Summer2023/ros2_stereo/src/install/opencv_telemetry/share/opencv_telemetry//calibration/calibration_data_test_flight/calibrationdata/left-0010.png
[1.194s] -- Symlinking: /home/corelab/CatchingBlimp/Summer2023/ros2_stereo/src/install/opencv_telemetry/share/opencv_telemetry//calibration/calibration_data_test_flight/calibrationdata/left-0011.png
[1.200s] -- Symlinking: /home/corelab/CatchingBlimp/Summer2023/ros2_stereo/src/install/opencv_telemetry/share/opencv_telemetry//calibration/calibration_data_test_flight/calibrationdata/left-0012.png
[1.207s] -- Symlinking: /home/corelab/CatchingBlimp/Summer2023/ros2_stereo/src/install/opencv_telemetry/share/opencv_telemetry//calibration/calibration_data_test_flight/calibrationdata/left-0013.png
[1.214s] -- Symlinking: /home/corelab/CatchingBlimp/Summer2023/ros2_stereo/src/install/opencv_telemetry/share/opencv_telemetry//calibration/calibration_data_test_flight/calibrationdata/left-0014.png
[1.221s] -- Symlinking: /home/corelab/CatchingBlimp/Summer2023/ros2_stereo/src/install/opencv_telemetry/share/opencv_telemetry//calibration/calibration_data_test_flight/calibrationdata/left-0015.png
[1.228s] -- Symlinking: /home/corelab/CatchingBlimp/Summer2023/ros2_stereo/src/install/opencv_telemetry/share/opencv_telemetry//calibration/calibration_data_test_flight/calibrationdata/left-0016.png
[1.237s] -- Symlinking: /home/corelab/CatchingBlimp/Summer2023/ros2_stereo/src/install/opencv_telemetry/share/opencv_telemetry//calibration/calibration_data_test_flight/calibrationdata/left-0017.png
[1.244s] -- Symlinking: /home/corelab/CatchingBlimp/Summer2023/ros2_stereo/src/install/opencv_telemetry/share/opencv_telemetry//calibration/calibration_data_test_flight/calibrationdata/left-0018.png
[1.251s] -- Symlinking: /home/corelab/CatchingBlimp/Summer2023/ros2_stereo/src/install/opencv_telemetry/share/opencv_telemetry//calibration/calibration_data_test_flight/calibrationdata/left-0019.png
[1.259s] -- Symlinking: /home/corelab/CatchingBlimp/Summer2023/ros2_stereo/src/install/opencv_telemetry/share/opencv_telemetry//calibration/calibration_data_test_flight/calibrationdata/left-0020.png
[1.265s] -- Symlinking: /home/corelab/CatchingBlimp/Summer2023/ros2_stereo/src/install/opencv_telemetry/share/opencv_telemetry//calibration/calibration_data_test_flight/calibrationdata/left-0021.png
[1.275s] -- Symlinking: /home/corelab/CatchingBlimp/Summer2023/ros2_stereo/src/install/opencv_telemetry/share/opencv_telemetry//calibration/calibration_data_test_flight/calibrationdata/left-0022.png
[1.281s] -- Symlinking: /home/corelab/CatchingBlimp/Summer2023/ros2_stereo/src/install/opencv_telemetry/share/opencv_telemetry//calibration/calibration_data_test_flight/calibrationdata/left-0023.png
[1.289s] -- Symlinking: /home/corelab/CatchingBlimp/Summer2023/ros2_stereo/src/install/opencv_telemetry/share/opencv_telemetry//calibration/calibration_data_test_flight/calibrationdata/left-0024.png
[1.298s] -- Symlinking: /home/corelab/CatchingBlimp/Summer2023/ros2_stereo/src/install/opencv_telemetry/share/opencv_telemetry//calibration/calibration_data_test_flight/calibrationdata/left-0025.png
[1.306s] -- Symlinking: /home/corelab/CatchingBlimp/Summer2023/ros2_stereo/src/install/opencv_telemetry/share/opencv_telemetry//calibration/calibration_data_test_flight/calibrationdata/left-0026.png
[1.311s] -- Symlinking: /home/corelab/CatchingBlimp/Summer2023/ros2_stereo/src/install/opencv_telemetry/share/opencv_telemetry//calibration/calibration_data_test_flight/calibrationdata/left-0027.png
[1.320s] -- Symlinking: /home/corelab/CatchingBlimp/Summer2023/ros2_stereo/src/install/opencv_telemetry/share/opencv_telemetry//calibration/calibration_data_test_flight/calibrationdata/left-0028.png
[1.326s] -- Symlinking: /home/corelab/CatchingBlimp/Summer2023/ros2_stereo/src/install/opencv_telemetry/share/opencv_telemetry//calibration/calibration_data_test_flight/calibrationdata/left-0029.png
[1.333s] -- Symlinking: /home/corelab/CatchingBlimp/Summer2023/ros2_stereo/src/install/opencv_telemetry/share/opencv_telemetry//calibration/calibration_data_test_flight/calibrationdata/left-0030.png
[1.341s] -- Symlinking: /home/corelab/CatchingBlimp/Summer2023/ros2_stereo/src/install/opencv_telemetry/share/opencv_telemetry//calibration/calibration_data_test_flight/calibrationdata/left-0031.png
[1.349s] -- Symlinking: /home/corelab/CatchingBlimp/Summer2023/ros2_stereo/src/install/opencv_telemetry/share/opencv_telemetry//calibration/calibration_data_test_flight/calibrationdata/left-0032.png
[1.356s] -- Symlinking: /home/corelab/CatchingBlimp/Summer2023/ros2_stereo/src/install/opencv_telemetry/share/opencv_telemetry//calibration/calibration_data_test_flight/calibrationdata/left-0033.png
[1.363s] -- Symlinking: /home/corelab/CatchingBlimp/Summer2023/ros2_stereo/src/install/opencv_telemetry/share/opencv_telemetry//calibration/calibration_data_test_flight/calibrationdata/left-0034.png
[1.368s] -- Symlinking: /home/corelab/CatchingBlimp/Summer2023/ros2_stereo/src/install/opencv_telemetry/share/opencv_telemetry//calibration/calibration_data_test_flight/calibrationdata/left-0035.png
[1.376s] -- Symlinking: /home/corelab/CatchingBlimp/Summer2023/ros2_stereo/src/install/opencv_telemetry/share/opencv_telemetry//calibration/calibration_data_test_flight/calibrationdata/left-0036.png
[1.384s] -- Symlinking: /home/corelab/CatchingBlimp/Summer2023/ros2_stereo/src/install/opencv_telemetry/share/opencv_telemetry//calibration/calibration_data_test_flight/calibrationdata/left-0037.png
[1.392s] -- Symlinking: /home/corelab/CatchingBlimp/Summer2023/ros2_stereo/src/install/opencv_telemetry/share/opencv_telemetry//calibration/calibration_data_test_flight/calibrationdata/left-0038.png
[1.400s] -- Symlinking: /home/corelab/CatchingBlimp/Summer2023/ros2_stereo/src/install/opencv_telemetry/share/opencv_telemetry//calibration/calibration_data_test_flight/calibrationdata/left-0039.png
[1.407s] -- Symlinking: /home/corelab/CatchingBlimp/Summer2023/ros2_stereo/src/install/opencv_telemetry/share/opencv_telemetry//calibration/calibration_data_test_flight/calibrationdata/left-0040.png
[1.413s] -- Symlinking: /home/corelab/CatchingBlimp/Summer2023/ros2_stereo/src/install/opencv_telemetry/share/opencv_telemetry//calibration/calibration_data_test_flight/calibrationdata/left-0041.png
[1.436s] -- Symlinking: /home/corelab/CatchingBlimp/Summer2023/ros2_stereo/src/install/opencv_telemetry/share/opencv_telemetry//calibration/calibration_data_test_flight/calibrationdata/left-0042.png
[1.436s] -- Symlinking: /home/corelab/CatchingBlimp/Summer2023/ros2_stereo/src/install/opencv_telemetry/share/opencv_telemetry//calibration/calibration_data_test_flight/calibrationdata/left-0043.png
[1.437s] -- Symlinking: /home/corelab/CatchingBlimp/Summer2023/ros2_stereo/src/install/opencv_telemetry/share/opencv_telemetry//calibration/calibration_data_test_flight/calibrationdata/left-0044.png
[1.444s] -- Symlinking: /home/corelab/CatchingBlimp/Summer2023/ros2_stereo/src/install/opencv_telemetry/share/opencv_telemetry//calibration/calibration_data_test_flight/calibrationdata/left-0045.png
[1.451s] -- Symlinking: /home/corelab/CatchingBlimp/Summer2023/ros2_stereo/src/install/opencv_telemetry/share/opencv_telemetry//calibration/calibration_data_test_flight/calibrationdata/left-0046.png
[1.460s] -- Symlinking: /home/corelab/CatchingBlimp/Summer2023/ros2_stereo/src/install/opencv_telemetry/share/opencv_telemetry//calibration/calibration_data_test_flight/calibrationdata/left-0047.png
[1.465s] -- Symlinking: /home/corelab/CatchingBlimp/Summer2023/ros2_stereo/src/install/opencv_telemetry/share/opencv_telemetry//calibration/calibration_data_test_flight/calibrationdata/left-0048.png
[1.474s] -- Symlinking: /home/corelab/CatchingBlimp/Summer2023/ros2_stereo/src/install/opencv_telemetry/share/opencv_telemetry//calibration/calibration_data_test_flight/calibrationdata/left-0049.png
[1.481s] -- Symlinking: /home/corelab/CatchingBlimp/Summer2023/ros2_stereo/src/install/opencv_telemetry/share/opencv_telemetry//calibration/calibration_data_test_flight/calibrationdata/left-0050.png
[1.488s] -- Symlinking: /home/corelab/CatchingBlimp/Summer2023/ros2_stereo/src/install/opencv_telemetry/share/opencv_telemetry//calibration/calibration_data_test_flight/calibrationdata/left.yaml
[1.495s] -- Symlinking: /home/corelab/CatchingBlimp/Summer2023/ros2_stereo/src/install/opencv_telemetry/share/opencv_telemetry//calibration/calibration_data_test_flight/calibrationdata/ost.txt
[1.501s] -- Symlinking: /home/corelab/CatchingBlimp/Summer2023/ros2_stereo/src/install/opencv_telemetry/share/opencv_telemetry//calibration/calibration_data_test_flight/calibrationdata/right-0000.png
[1.509s] -- Symlinking: /home/corelab/CatchingBlimp/Summer2023/ros2_stereo/src/install/opencv_telemetry/share/opencv_telemetry//calibration/calibration_data_test_flight/calibrationdata/right-0001.png
[1.516s] -- Symlinking: /home/corelab/CatchingBlimp/Summer2023/ros2_stereo/src/install/opencv_telemetry/share/opencv_telemetry//calibration/calibration_data_test_flight/calibrationdata/right-0002.png
[1.523s] -- Symlinking: /home/corelab/CatchingBlimp/Summer2023/ros2_stereo/src/install/opencv_telemetry/share/opencv_telemetry//calibration/calibration_data_test_flight/calibrationdata/right-0003.png
[1.530s] -- Symlinking: /home/corelab/CatchingBlimp/Summer2023/ros2_stereo/src/install/opencv_telemetry/share/opencv_telemetry//calibration/calibration_data_test_flight/calibrationdata/right-0004.png
[1.537s] -- Symlinking: /home/corelab/CatchingBlimp/Summer2023/ros2_stereo/src/install/opencv_telemetry/share/opencv_telemetry//calibration/calibration_data_test_flight/calibrationdata/right-0005.png
[1.544s] -- Symlinking: /home/corelab/CatchingBlimp/Summer2023/ros2_stereo/src/install/opencv_telemetry/share/opencv_telemetry//calibration/calibration_data_test_flight/calibrationdata/right-0006.png
[1.550s] -- Symlinking: /home/corelab/CatchingBlimp/Summer2023/ros2_stereo/src/install/opencv_telemetry/share/opencv_telemetry//calibration/calibration_data_test_flight/calibrationdata/right-0007.png
[1.558s] -- Symlinking: /home/corelab/CatchingBlimp/Summer2023/ros2_stereo/src/install/opencv_telemetry/share/opencv_telemetry//calibration/calibration_data_test_flight/calibrationdata/right-0008.png
[1.563s] -- Symlinking: /home/corelab/CatchingBlimp/Summer2023/ros2_stereo/src/install/opencv_telemetry/share/opencv_telemetry//calibration/calibration_data_test_flight/calibrationdata/right-0009.png
[1.569s] -- Symlinking: /home/corelab/CatchingBlimp/Summer2023/ros2_stereo/src/install/opencv_telemetry/share/opencv_telemetry//calibration/calibration_data_test_flight/calibrationdata/right-0010.png
[1.575s] -- Symlinking: /home/corelab/CatchingBlimp/Summer2023/ros2_stereo/src/install/opencv_telemetry/share/opencv_telemetry//calibration/calibration_data_test_flight/calibrationdata/right-0011.png
[1.581s] -- Symlinking: /home/corelab/CatchingBlimp/Summer2023/ros2_stereo/src/install/opencv_telemetry/share/opencv_telemetry//calibration/calibration_data_test_flight/calibrationdata/right-0012.png
[1.586s] -- Symlinking: /home/corelab/CatchingBlimp/Summer2023/ros2_stereo/src/install/opencv_telemetry/share/opencv_telemetry//calibration/calibration_data_test_flight/calibrationdata/right-0013.png
[1.593s] -- Symlinking: /home/corelab/CatchingBlimp/Summer2023/ros2_stereo/src/install/opencv_telemetry/share/opencv_telemetry//calibration/calibration_data_test_flight/calibrationdata/right-0014.png
[1.600s] -- Symlinking: /home/corelab/CatchingBlimp/Summer2023/ros2_stereo/src/install/opencv_telemetry/share/opencv_telemetry//calibration/calibration_data_test_flight/calibrationdata/right-0015.png
[1.606s] -- Symlinking: /home/corelab/CatchingBlimp/Summer2023/ros2_stereo/src/install/opencv_telemetry/share/opencv_telemetry//calibration/calibration_data_test_flight/calibrationdata/right-0016.png
[1.612s] -- Symlinking: /home/corelab/CatchingBlimp/Summer2023/ros2_stereo/src/install/opencv_telemetry/share/opencv_telemetry//calibration/calibration_data_test_flight/calibrationdata/right-0017.png
[1.620s] -- Symlinking: /home/corelab/CatchingBlimp/Summer2023/ros2_stereo/src/install/opencv_telemetry/share/opencv_telemetry//calibration/calibration_data_test_flight/calibrationdata/right-0018.png
[1.625s] -- Symlinking: /home/corelab/CatchingBlimp/Summer2023/ros2_stereo/src/install/opencv_telemetry/share/opencv_telemetry//calibration/calibration_data_test_flight/calibrationdata/right-0019.png
[1.632s] -- Symlinking: /home/corelab/CatchingBlimp/Summer2023/ros2_stereo/src/install/opencv_telemetry/share/opencv_telemetry//calibration/calibration_data_test_flight/calibrationdata/right-0020.png
[1.638s] -- Symlinking: /home/corelab/CatchingBlimp/Summer2023/ros2_stereo/src/install/opencv_telemetry/share/opencv_telemetry//calibration/calibration_data_test_flight/calibrationdata/right-0021.png
[1.644s] -- Symlinking: /home/corelab/CatchingBlimp/Summer2023/ros2_stereo/src/install/opencv_telemetry/share/opencv_telemetry//calibration/calibration_data_test_flight/calibrationdata/right-0022.png
[1.651s] -- Symlinking: /home/corelab/CatchingBlimp/Summer2023/ros2_stereo/src/install/opencv_telemetry/share/opencv_telemetry//calibration/calibration_data_test_flight/calibrationdata/right-0023.png
[1.657s] -- Symlinking: /home/corelab/CatchingBlimp/Summer2023/ros2_stereo/src/install/opencv_telemetry/share/opencv_telemetry//calibration/calibration_data_test_flight/calibrationdata/right-0024.png
[1.665s] -- Symlinking: /home/corelab/CatchingBlimp/Summer2023/ros2_stereo/src/install/opencv_telemetry/share/opencv_telemetry//calibration/calibration_data_test_flight/calibrationdata/right-0025.png
[1.671s] -- Symlinking: /home/corelab/CatchingBlimp/Summer2023/ros2_stereo/src/install/opencv_telemetry/share/opencv_telemetry//calibration/calibration_data_test_flight/calibrationdata/right-0026.png
[1.677s] -- Symlinking: /home/corelab/CatchingBlimp/Summer2023/ros2_stereo/src/install/opencv_telemetry/share/opencv_telemetry//calibration/calibration_data_test_flight/calibrationdata/right-0027.png
[1.684s] -- Symlinking: /home/corelab/CatchingBlimp/Summer2023/ros2_stereo/src/install/opencv_telemetry/share/opencv_telemetry//calibration/calibration_data_test_flight/calibrationdata/right-0028.png
[1.691s] -- Symlinking: /home/corelab/CatchingBlimp/Summer2023/ros2_stereo/src/install/opencv_telemetry/share/opencv_telemetry//calibration/calibration_data_test_flight/calibrationdata/right-0029.png
[1.697s] -- Symlinking: /home/corelab/CatchingBlimp/Summer2023/ros2_stereo/src/install/opencv_telemetry/share/opencv_telemetry//calibration/calibration_data_test_flight/calibrationdata/right-0030.png
[1.709s] -- Symlinking: /home/corelab/CatchingBlimp/Summer2023/ros2_stereo/src/install/opencv_telemetry/share/opencv_telemetry//calibration/calibration_data_test_flight/calibrationdata/right-0031.png
[1.710s] -- Symlinking: /home/corelab/CatchingBlimp/Summer2023/ros2_stereo/src/install/opencv_telemetry/share/opencv_telemetry//calibration/calibration_data_test_flight/calibrationdata/right-0032.png
[1.716s] -- Symlinking: /home/corelab/CatchingBlimp/Summer2023/ros2_stereo/src/install/opencv_telemetry/share/opencv_telemetry//calibration/calibration_data_test_flight/calibrationdata/right-0033.png
[1.724s] -- Symlinking: /home/corelab/CatchingBlimp/Summer2023/ros2_stereo/src/install/opencv_telemetry/share/opencv_telemetry//calibration/calibration_data_test_flight/calibrationdata/right-0034.png
[1.729s] -- Symlinking: /home/corelab/CatchingBlimp/Summer2023/ros2_stereo/src/install/opencv_telemetry/share/opencv_telemetry//calibration/calibration_data_test_flight/calibrationdata/right-0035.png
[1.736s] -- Symlinking: /home/corelab/CatchingBlimp/Summer2023/ros2_stereo/src/install/opencv_telemetry/share/opencv_telemetry//calibration/calibration_data_test_flight/calibrationdata/right-0036.png
[1.743s] -- Symlinking: /home/corelab/CatchingBlimp/Summer2023/ros2_stereo/src/install/opencv_telemetry/share/opencv_telemetry//calibration/calibration_data_test_flight/calibrationdata/right-0037.png
[1.749s] -- Symlinking: /home/corelab/CatchingBlimp/Summer2023/ros2_stereo/src/install/opencv_telemetry/share/opencv_telemetry//calibration/calibration_data_test_flight/calibrationdata/right-0038.png
[1.756s] -- Symlinking: /home/corelab/CatchingBlimp/Summer2023/ros2_stereo/src/install/opencv_telemetry/share/opencv_telemetry//calibration/calibration_data_test_flight/calibrationdata/right-0039.png
[1.762s] -- Symlinking: /home/corelab/CatchingBlimp/Summer2023/ros2_stereo/src/install/opencv_telemetry/share/opencv_telemetry//calibration/calibration_data_test_flight/calibrationdata/right-0040.png
[1.771s] -- Symlinking: /home/corelab/CatchingBlimp/Summer2023/ros2_stereo/src/install/opencv_telemetry/share/opencv_telemetry//calibration/calibration_data_test_flight/calibrationdata/right-0041.png
[1.776s] -- Symlinking: /home/corelab/CatchingBlimp/Summer2023/ros2_stereo/src/install/opencv_telemetry/share/opencv_telemetry//calibration/calibration_data_test_flight/calibrationdata/right-0042.png
[1.783s] -- Symlinking: /home/corelab/CatchingBlimp/Summer2023/ros2_stereo/src/install/opencv_telemetry/share/opencv_telemetry//calibration/calibration_data_test_flight/calibrationdata/right-0043.png
[1.788s] -- Symlinking: /home/corelab/CatchingBlimp/Summer2023/ros2_stereo/src/install/opencv_telemetry/share/opencv_telemetry//calibration/calibration_data_test_flight/calibrationdata/right-0044.png
[1.795s] -- Symlinking: /home/corelab/CatchingBlimp/Summer2023/ros2_stereo/src/install/opencv_telemetry/share/opencv_telemetry//calibration/calibration_data_test_flight/calibrationdata/right-0045.png
[1.800s] -- Symlinking: /home/corelab/CatchingBlimp/Summer2023/ros2_stereo/src/install/opencv_telemetry/share/opencv_telemetry//calibration/calibration_data_test_flight/calibrationdata/right-0046.png
[1.807s] -- Symlinking: /home/corelab/CatchingBlimp/Summer2023/ros2_stereo/src/install/opencv_telemetry/share/opencv_telemetry//calibration/calibration_data_test_flight/calibrationdata/right-0047.png
[1.814s] -- Symlinking: /home/corelab/CatchingBlimp/Summer2023/ros2_stereo/src/install/opencv_telemetry/share/opencv_telemetry//calibration/calibration_data_test_flight/calibrationdata/right-0048.png
[1.820s] -- Symlinking: /home/corelab/CatchingBlimp/Summer2023/ros2_stereo/src/install/opencv_telemetry/share/opencv_telemetry//calibration/calibration_data_test_flight/calibrationdata/right-0049.png
[1.826s] -- Symlinking: /home/corelab/CatchingBlimp/Summer2023/ros2_stereo/src/install/opencv_telemetry/share/opencv_telemetry//calibration/calibration_data_test_flight/calibrationdata/right-0050.png
[1.835s] -- Symlinking: /home/corelab/CatchingBlimp/Summer2023/ros2_stereo/src/install/opencv_telemetry/share/opencv_telemetry//calibration/calibration_data_test_flight/calibrationdata/right.yaml
[1.840s] -- Symlinking: /home/corelab/CatchingBlimp/Summer2023/ros2_stereo/src/install/opencv_telemetry/share/opencv_telemetry//calibration/calibrationdata.tar.gz
[1.848s] -- Symlinking: /home/corelab/CatchingBlimp/Summer2023/ros2_stereo/src/install/opencv_telemetry/share/opencv_telemetry//calibration/calibrationdata_test1/left-0000.png
[1.853s] -- Symlinking: /home/corelab/CatchingBlimp/Summer2023/ros2_stereo/src/install/opencv_telemetry/share/opencv_telemetry//calibration/calibrationdata_test1/left-0001.png
[1.860s] -- Symlinking: /home/corelab/CatchingBlimp/Summer2023/ros2_stereo/src/install/opencv_telemetry/share/opencv_telemetry//calibration/calibrationdata_test1/left-0002.png
[1.867s] -- Symlinking: /home/corelab/CatchingBlimp/Summer2023/ros2_stereo/src/install/opencv_telemetry/share/opencv_telemetry//calibration/calibrationdata_test1/left-0003.png
[1.872s] -- Symlinking: /home/corelab/CatchingBlimp/Summer2023/ros2_stereo/src/install/opencv_telemetry/share/opencv_telemetry//calibration/calibrationdata_test1/left-0004.png
[1.880s] -- Symlinking: /home/corelab/CatchingBlimp/Summer2023/ros2_stereo/src/install/opencv_telemetry/share/opencv_telemetry//calibration/calibrationdata_test1/left-0005.png
[1.887s] -- Symlinking: /home/corelab/CatchingBlimp/Summer2023/ros2_stereo/src/install/opencv_telemetry/share/opencv_telemetry//calibration/calibrationdata_test1/left-0006.png
[1.893s] -- Symlinking: /home/corelab/CatchingBlimp/Summer2023/ros2_stereo/src/install/opencv_telemetry/share/opencv_telemetry//calibration/calibrationdata_test1/left-0007.png
[1.899s] -- Symlinking: /home/corelab/CatchingBlimp/Summer2023/ros2_stereo/src/install/opencv_telemetry/share/opencv_telemetry//calibration/calibrationdata_test1/left-0008.png
[1.906s] -- Symlinking: /home/corelab/CatchingBlimp/Summer2023/ros2_stereo/src/install/opencv_telemetry/share/opencv_telemetry//calibration/calibrationdata_test1/left-0009.png
[1.912s] -- Symlinking: /home/corelab/CatchingBlimp/Summer2023/ros2_stereo/src/install/opencv_telemetry/share/opencv_telemetry//calibration/calibrationdata_test1/left-0010.png
[1.918s] -- Symlinking: /home/corelab/CatchingBlimp/Summer2023/ros2_stereo/src/install/opencv_telemetry/share/opencv_telemetry//calibration/calibrationdata_test1/left-0011.png
[1.924s] -- Symlinking: /home/corelab/CatchingBlimp/Summer2023/ros2_stereo/src/install/opencv_telemetry/share/opencv_telemetry//calibration/calibrationdata_test1/left-0012.png
[1.932s] -- Symlinking: /home/corelab/CatchingBlimp/Summer2023/ros2_stereo/src/install/opencv_telemetry/share/opencv_telemetry//calibration/calibrationdata_test1/left-0013.png
[1.940s] -- Symlinking: /home/corelab/CatchingBlimp/Summer2023/ros2_stereo/src/install/opencv_telemetry/share/opencv_telemetry//calibration/calibrationdata_test1/left-0014.png
[1.948s] -- Symlinking: /home/corelab/CatchingBlimp/Summer2023/ros2_stereo/src/install/opencv_telemetry/share/opencv_telemetry//calibration/calibrationdata_test1/left-0015.png
[1.957s] -- Symlinking: /home/corelab/CatchingBlimp/Summer2023/ros2_stereo/src/install/opencv_telemetry/share/opencv_telemetry//calibration/calibrationdata_test1/left-0016.png
[1.965s] -- Symlinking: /home/corelab/CatchingBlimp/Summer2023/ros2_stereo/src/install/opencv_telemetry/share/opencv_telemetry//calibration/calibrationdata_test1/left-0017.png
[1.973s] -- Symlinking: /home/corelab/CatchingBlimp/Summer2023/ros2_stereo/src/install/opencv_telemetry/share/opencv_telemetry//calibration/calibrationdata_test1/left-0018.png
[1.980s] -- Symlinking: /home/corelab/CatchingBlimp/Summer2023/ros2_stereo/src/install/opencv_telemetry/share/opencv_telemetry//calibration/calibrationdata_test1/left-0019.png
[1.988s] -- Symlinking: /home/corelab/CatchingBlimp/Summer2023/ros2_stereo/src/install/opencv_telemetry/share/opencv_telemetry//calibration/calibrationdata_test1/left-0020.png
[1.993s] -- Symlinking: /home/corelab/CatchingBlimp/Summer2023/ros2_stereo/src/install/opencv_telemetry/share/opencv_telemetry//calibration/calibrationdata_test1/left-0021.png
[2.001s] -- Symlinking: /home/corelab/CatchingBlimp/Summer2023/ros2_stereo/src/install/opencv_telemetry/share/opencv_telemetry//calibration/calibrationdata_test1/left-0022.png
[2.008s] -- Symlinking: /home/corelab/CatchingBlimp/Summer2023/ros2_stereo/src/install/opencv_telemetry/share/opencv_telemetry//calibration/calibrationdata_test1/left-0023.png
[2.016s] -- Symlinking: /home/corelab/CatchingBlimp/Summer2023/ros2_stereo/src/install/opencv_telemetry/share/opencv_telemetry//calibration/calibrationdata_test1/left-0024.png
[2.021s] -- Symlinking: /home/corelab/CatchingBlimp/Summer2023/ros2_stereo/src/install/opencv_telemetry/share/opencv_telemetry//calibration/calibrationdata_test1/left-0025.png
[2.031s] -- Symlinking: /home/corelab/CatchingBlimp/Summer2023/ros2_stereo/src/install/opencv_telemetry/share/opencv_telemetry//calibration/calibrationdata_test1/left-0026.png
[2.036s] -- Symlinking: /home/corelab/CatchingBlimp/Summer2023/ros2_stereo/src/install/opencv_telemetry/share/opencv_telemetry//calibration/calibrationdata_test1/left-0027.png
[2.044s] -- Symlinking: /home/corelab/CatchingBlimp/Summer2023/ros2_stereo/src/install/opencv_telemetry/share/opencv_telemetry//calibration/calibrationdata_test1/left-0028.png
[2.051s] -- Symlinking: /home/corelab/CatchingBlimp/Summer2023/ros2_stereo/src/install/opencv_telemetry/share/opencv_telemetry//calibration/calibrationdata_test1/left-0029.png
[2.059s] -- Symlinking: /home/corelab/CatchingBlimp/Summer2023/ros2_stereo/src/install/opencv_telemetry/share/opencv_telemetry//calibration/calibrationdata_test1/left-0030.png
[2.065s] -- Symlinking: /home/corelab/CatchingBlimp/Summer2023/ros2_stereo/src/install/opencv_telemetry/share/opencv_telemetry//calibration/calibrationdata_test1/left-0031.png
[2.074s] -- Symlinking: /home/corelab/CatchingBlimp/Summer2023/ros2_stereo/src/install/opencv_telemetry/share/opencv_telemetry//calibration/calibrationdata_test1/left-0032.png
[2.080s] -- Symlinking: /home/corelab/CatchingBlimp/Summer2023/ros2_stereo/src/install/opencv_telemetry/share/opencv_telemetry//calibration/calibrationdata_test1/left-0033.png
[2.088s] -- Symlinking: /home/corelab/CatchingBlimp/Summer2023/ros2_stereo/src/install/opencv_telemetry/share/opencv_telemetry//calibration/calibrationdata_test1/left-0034.png
[2.095s] -- Symlinking: /home/corelab/CatchingBlimp/Summer2023/ros2_stereo/src/install/opencv_telemetry/share/opencv_telemetry//calibration/calibrationdata_test1/left-0035.png
[2.104s] -- Symlinking: /home/corelab/CatchingBlimp/Summer2023/ros2_stereo/src/install/opencv_telemetry/share/opencv_telemetry//calibration/calibrationdata_test1/left-0036.png
[2.110s] -- Symlinking: /home/corelab/CatchingBlimp/Summer2023/ros2_stereo/src/install/opencv_telemetry/share/opencv_telemetry//calibration/calibrationdata_test1/left-0037.png
[2.119s] -- Symlinking: /home/corelab/CatchingBlimp/Summer2023/ros2_stereo/src/install/opencv_telemetry/share/opencv_telemetry//calibration/calibrationdata_test1/left-0038.png
[2.125s] -- Symlinking: /home/corelab/CatchingBlimp/Summer2023/ros2_stereo/src/install/opencv_telemetry/share/opencv_telemetry//calibration/calibrationdata_test1/left-0039.png
[2.133s] -- Symlinking: /home/corelab/CatchingBlimp/Summer2023/ros2_stereo/src/install/opencv_telemetry/share/opencv_telemetry//calibration/calibrationdata_test1/left-0040.png
[2.140s] -- Symlinking: /home/corelab/CatchingBlimp/Summer2023/ros2_stereo/src/install/opencv_telemetry/share/opencv_telemetry//calibration/calibrationdata_test1/left-0041.png
[2.149s] -- Symlinking: /home/corelab/CatchingBlimp/Summer2023/ros2_stereo/src/install/opencv_telemetry/share/opencv_telemetry//calibration/calibrationdata_test1/left-0042.png
[2.155s] -- Symlinking: /home/corelab/CatchingBlimp/Summer2023/ros2_stereo/src/install/opencv_telemetry/share/opencv_telemetry//calibration/calibrationdata_test1/left-0043.png
[2.163s] -- Symlinking: /home/corelab/CatchingBlimp/Summer2023/ros2_stereo/src/install/opencv_telemetry/share/opencv_telemetry//calibration/calibrationdata_test1/left-0044.png
[2.169s] -- Symlinking: /home/corelab/CatchingBlimp/Summer2023/ros2_stereo/src/install/opencv_telemetry/share/opencv_telemetry//calibration/calibrationdata_test1/left-0045.png
[2.177s] -- Symlinking: /home/corelab/CatchingBlimp/Summer2023/ros2_stereo/src/install/opencv_telemetry/share/opencv_telemetry//calibration/calibrationdata_test1/left-0046.png
[2.185s] -- Symlinking: /home/corelab/CatchingBlimp/Summer2023/ros2_stereo/src/install/opencv_telemetry/share/opencv_telemetry//calibration/calibrationdata_test1/left-0047.png
[2.192s] -- Symlinking: /home/corelab/CatchingBlimp/Summer2023/ros2_stereo/src/install/opencv_telemetry/share/opencv_telemetry//calibration/calibrationdata_test1/left-0048.png
[2.198s] -- Symlinking: /home/corelab/CatchingBlimp/Summer2023/ros2_stereo/src/install/opencv_telemetry/share/opencv_telemetry//calibration/calibrationdata_test1/left-0049.png
[2.207s] -- Symlinking: /home/corelab/CatchingBlimp/Summer2023/ros2_stereo/src/install/opencv_telemetry/share/opencv_telemetry//calibration/calibrationdata_test1/left-0050.png
[2.211s] -- Symlinking: /home/corelab/CatchingBlimp/Summer2023/ros2_stereo/src/install/opencv_telemetry/share/opencv_telemetry//calibration/calibrationdata_test1/left-0051.png
[2.219s] -- Symlinking: /home/corelab/CatchingBlimp/Summer2023/ros2_stereo/src/install/opencv_telemetry/share/opencv_telemetry//calibration/calibrationdata_test1/left-0052.png
[2.225s] -- Symlinking: /home/corelab/CatchingBlimp/Summer2023/ros2_stereo/src/install/opencv_telemetry/share/opencv_telemetry//calibration/calibrationdata_test1/left-0053.png
[2.232s] -- Symlinking: /home/corelab/CatchingBlimp/Summer2023/ros2_stereo/src/install/opencv_telemetry/share/opencv_telemetry//calibration/calibrationdata_test1/left-0054.png
[2.238s] -- Symlinking: /home/corelab/CatchingBlimp/Summer2023/ros2_stereo/src/install/opencv_telemetry/share/opencv_telemetry//calibration/calibrationdata_test1/left.yaml
[2.247s] -- Symlinking: /home/corelab/CatchingBlimp/Summer2023/ros2_stereo/src/install/opencv_telemetry/share/opencv_telemetry//calibration/calibrationdata_test1/ost.txt
[2.251s] -- Symlinking: /home/corelab/CatchingBlimp/Summer2023/ros2_stereo/src/install/opencv_telemetry/share/opencv_telemetry//calibration/calibrationdata_test1/right-0000.png
[2.259s] -- Symlinking: /home/corelab/CatchingBlimp/Summer2023/ros2_stereo/src/install/opencv_telemetry/share/opencv_telemetry//calibration/calibrationdata_test1/right-0001.png
[2.265s] -- Symlinking: /home/corelab/CatchingBlimp/Summer2023/ros2_stereo/src/install/opencv_telemetry/share/opencv_telemetry//calibration/calibrationdata_test1/right-0002.png
[2.273s] -- Symlinking: /home/corelab/CatchingBlimp/Summer2023/ros2_stereo/src/install/opencv_telemetry/share/opencv_telemetry//calibration/calibrationdata_test1/right-0003.png
[2.278s] -- Symlinking: /home/corelab/CatchingBlimp/Summer2023/ros2_stereo/src/install/opencv_telemetry/share/opencv_telemetry//calibration/calibrationdata_test1/right-0004.png
[2.287s] -- Symlinking: /home/corelab/CatchingBlimp/Summer2023/ros2_stereo/src/install/opencv_telemetry/share/opencv_telemetry//calibration/calibrationdata_test1/right-0005.png
[2.291s] -- Symlinking: /home/corelab/CatchingBlimp/Summer2023/ros2_stereo/src/install/opencv_telemetry/share/opencv_telemetry//calibration/calibrationdata_test1/right-0006.png
[2.297s] -- Symlinking: /home/corelab/CatchingBlimp/Summer2023/ros2_stereo/src/install/opencv_telemetry/share/opencv_telemetry//calibration/calibrationdata_test1/right-0007.png
[2.304s] -- Symlinking: /home/corelab/CatchingBlimp/Summer2023/ros2_stereo/src/install/opencv_telemetry/share/opencv_telemetry//calibration/calibrationdata_test1/right-0008.png
[2.311s] -- Symlinking: /home/corelab/CatchingBlimp/Summer2023/ros2_stereo/src/install/opencv_telemetry/share/opencv_telemetry//calibration/calibrationdata_test1/right-0009.png
[2.317s] -- Symlinking: /home/corelab/CatchingBlimp/Summer2023/ros2_stereo/src/install/opencv_telemetry/share/opencv_telemetry//calibration/calibrationdata_test1/right-0010.png
[2.325s] -- Symlinking: /home/corelab/CatchingBlimp/Summer2023/ros2_stereo/src/install/opencv_telemetry/share/opencv_telemetry//calibration/calibrationdata_test1/right-0011.png
[2.330s] -- Symlinking: /home/corelab/CatchingBlimp/Summer2023/ros2_stereo/src/install/opencv_telemetry/share/opencv_telemetry//calibration/calibrationdata_test1/right-0012.png
[2.337s] -- Symlinking: /home/corelab/CatchingBlimp/Summer2023/ros2_stereo/src/install/opencv_telemetry/share/opencv_telemetry//calibration/calibrationdata_test1/right-0013.png
[2.343s] -- Symlinking: /home/corelab/CatchingBlimp/Summer2023/ros2_stereo/src/install/opencv_telemetry/share/opencv_telemetry//calibration/calibrationdata_test1/right-0014.png
[2.351s] -- Symlinking: /home/corelab/CatchingBlimp/Summer2023/ros2_stereo/src/install/opencv_telemetry/share/opencv_telemetry//calibration/calibrationdata_test1/right-0015.png
[2.356s] -- Symlinking: /home/corelab/CatchingBlimp/Summer2023/ros2_stereo/src/install/opencv_telemetry/share/opencv_telemetry//calibration/calibrationdata_test1/right-0016.png
[2.364s] -- Symlinking: /home/corelab/CatchingBlimp/Summer2023/ros2_stereo/src/install/opencv_telemetry/share/opencv_telemetry//calibration/calibrationdata_test1/right-0017.png
[2.369s] -- Symlinking: /home/corelab/CatchingBlimp/Summer2023/ros2_stereo/src/install/opencv_telemetry/share/opencv_telemetry//calibration/calibrationdata_test1/right-0018.png
[2.376s] -- Symlinking: /home/corelab/CatchingBlimp/Summer2023/ros2_stereo/src/install/opencv_telemetry/share/opencv_telemetry//calibration/calibrationdata_test1/right-0019.png
[2.383s] -- Symlinking: /home/corelab/CatchingBlimp/Summer2023/ros2_stereo/src/install/opencv_telemetry/share/opencv_telemetry//calibration/calibrationdata_test1/right-0020.png
[2.390s] -- Symlinking: /home/corelab/CatchingBlimp/Summer2023/ros2_stereo/src/install/opencv_telemetry/share/opencv_telemetry//calibration/calibrationdata_test1/right-0021.png
[2.397s] -- Symlinking: /home/corelab/CatchingBlimp/Summer2023/ros2_stereo/src/install/opencv_telemetry/share/opencv_telemetry//calibration/calibrationdata_test1/right-0022.png
[2.403s] -- Symlinking: /home/corelab/CatchingBlimp/Summer2023/ros2_stereo/src/install/opencv_telemetry/share/opencv_telemetry//calibration/calibrationdata_test1/right-0023.png
[2.410s] -- Symlinking: /home/corelab/CatchingBlimp/Summer2023/ros2_stereo/src/install/opencv_telemetry/share/opencv_telemetry//calibration/calibrationdata_test1/right-0024.png
[2.415s] -- Symlinking: /home/corelab/CatchingBlimp/Summer2023/ros2_stereo/src/install/opencv_telemetry/share/opencv_telemetry//calibration/calibrationdata_test1/right-0025.png
[2.422s] -- Symlinking: /home/corelab/CatchingBlimp/Summer2023/ros2_stereo/src/install/opencv_telemetry/share/opencv_telemetry//calibration/calibrationdata_test1/right-0026.png
[2.428s] -- Symlinking: /home/corelab/CatchingBlimp/Summer2023/ros2_stereo/src/install/opencv_telemetry/share/opencv_telemetry//calibration/calibrationdata_test1/right-0027.png
[2.433s] -- Symlinking: /home/corelab/CatchingBlimp/Summer2023/ros2_stereo/src/install/opencv_telemetry/share/opencv_telemetry//calibration/calibrationdata_test1/right-0028.png
[2.440s] -- Symlinking: /home/corelab/CatchingBlimp/Summer2023/ros2_stereo/src/install/opencv_telemetry/share/opencv_telemetry//calibration/calibrationdata_test1/right-0029.png
[2.448s] -- Symlinking: /home/corelab/CatchingBlimp/Summer2023/ros2_stereo/src/install/opencv_telemetry/share/opencv_telemetry//calibration/calibrationdata_test1/right-0030.png
[2.452s] -- Symlinking: /home/corelab/CatchingBlimp/Summer2023/ros2_stereo/src/install/opencv_telemetry/share/opencv_telemetry//calibration/calibrationdata_test1/right-0031.png
[2.460s] -- Symlinking: /home/corelab/CatchingBlimp/Summer2023/ros2_stereo/src/install/opencv_telemetry/share/opencv_telemetry//calibration/calibrationdata_test1/right-0032.png
[2.467s] -- Symlinking: /home/corelab/CatchingBlimp/Summer2023/ros2_stereo/src/install/opencv_telemetry/share/opencv_telemetry//calibration/calibrationdata_test1/right-0033.png
[2.473s] -- Symlinking: /home/corelab/CatchingBlimp/Summer2023/ros2_stereo/src/install/opencv_telemetry/share/opencv_telemetry//calibration/calibrationdata_test1/right-0034.png
[2.479s] -- Symlinking: /home/corelab/CatchingBlimp/Summer2023/ros2_stereo/src/install/opencv_telemetry/share/opencv_telemetry//calibration/calibrationdata_test1/right-0035.png
[2.487s] -- Symlinking: /home/corelab/CatchingBlimp/Summer2023/ros2_stereo/src/install/opencv_telemetry/share/opencv_telemetry//calibration/calibrationdata_test1/right-0036.png
[2.492s] -- Symlinking: /home/corelab/CatchingBlimp/Summer2023/ros2_stereo/src/install/opencv_telemetry/share/opencv_telemetry//calibration/calibrationdata_test1/right-0037.png
[2.500s] -- Symlinking: /home/corelab/CatchingBlimp/Summer2023/ros2_stereo/src/install/opencv_telemetry/share/opencv_telemetry//calibration/calibrationdata_test1/right-0038.png
[2.507s] -- Symlinking: /home/corelab/CatchingBlimp/Summer2023/ros2_stereo/src/install/opencv_telemetry/share/opencv_telemetry//calibration/calibrationdata_test1/right-0039.png
[2.513s] -- Symlinking: /home/corelab/CatchingBlimp/Summer2023/ros2_stereo/src/install/opencv_telemetry/share/opencv_telemetry//calibration/calibrationdata_test1/right-0040.png
[2.520s] -- Symlinking: /home/corelab/CatchingBlimp/Summer2023/ros2_stereo/src/install/opencv_telemetry/share/opencv_telemetry//calibration/calibrationdata_test1/right-0041.png
[2.527s] -- Symlinking: /home/corelab/CatchingBlimp/Summer2023/ros2_stereo/src/install/opencv_telemetry/share/opencv_telemetry//calibration/calibrationdata_test1/right-0042.png
[2.531s] -- Symlinking: /home/corelab/CatchingBlimp/Summer2023/ros2_stereo/src/install/opencv_telemetry/share/opencv_telemetry//calibration/calibrationdata_test1/right-0043.png
[2.538s] -- Symlinking: /home/corelab/CatchingBlimp/Summer2023/ros2_stereo/src/install/opencv_telemetry/share/opencv_telemetry//calibration/calibrationdata_test1/right-0044.png
[2.545s] -- Symlinking: /home/corelab/CatchingBlimp/Summer2023/ros2_stereo/src/install/opencv_telemetry/share/opencv_telemetry//calibration/calibrationdata_test1/right-0045.png
[2.552s] -- Symlinking: /home/corelab/CatchingBlimp/Summer2023/ros2_stereo/src/install/opencv_telemetry/share/opencv_telemetry//calibration/calibrationdata_test1/right-0046.png
[2.558s] -- Symlinking: /home/corelab/CatchingBlimp/Summer2023/ros2_stereo/src/install/opencv_telemetry/share/opencv_telemetry//calibration/calibrationdata_test1/right-0047.png
[2.566s] -- Symlinking: /home/corelab/CatchingBlimp/Summer2023/ros2_stereo/src/install/opencv_telemetry/share/opencv_telemetry//calibration/calibrationdata_test1/right-0048.png
[2.571s] -- Symlinking: /home/corelab/CatchingBlimp/Summer2023/ros2_stereo/src/install/opencv_telemetry/share/opencv_telemetry//calibration/calibrationdata_test1/right-0049.png
[2.577s] -- Symlinking: /home/corelab/CatchingBlimp/Summer2023/ros2_stereo/src/install/opencv_telemetry/share/opencv_telemetry//calibration/calibrationdata_test1/right-0050.png
[2.584s] -- Symlinking: /home/corelab/CatchingBlimp/Summer2023/ros2_stereo/src/install/opencv_telemetry/share/opencv_telemetry//calibration/calibrationdata_test1/right-0051.png
[2.590s] -- Symlinking: /home/corelab/CatchingBlimp/Summer2023/ros2_stereo/src/install/opencv_telemetry/share/opencv_telemetry//calibration/calibrationdata_test1/right-0052.png
[2.596s] -- Symlinking: /home/corelab/CatchingBlimp/Summer2023/ros2_stereo/src/install/opencv_telemetry/share/opencv_telemetry//calibration/calibrationdata_test1/right-0053.png
[2.604s] -- Symlinking: /home/corelab/CatchingBlimp/Summer2023/ros2_stereo/src/install/opencv_telemetry/share/opencv_telemetry//calibration/calibrationdata_test1/right-0054.png
[2.610s] -- Symlinking: /home/corelab/CatchingBlimp/Summer2023/ros2_stereo/src/install/opencv_telemetry/share/opencv_telemetry//calibration/calibrationdata_test1/right.yaml
[2.616s] -- Symlinking: /home/corelab/CatchingBlimp/Summer2023/ros2_stereo/src/install/opencv_telemetry/share/opencv_telemetry//calibration/calibrationdata_test2/left-0000.png
[2.622s] -- Symlinking: /home/corelab/CatchingBlimp/Summer2023/ros2_stereo/src/install/opencv_telemetry/share/opencv_telemetry//calibration/calibrationdata_test2/left-0001.png
[2.628s] -- Symlinking: /home/corelab/CatchingBlimp/Summer2023/ros2_stereo/src/install/opencv_telemetry/share/opencv_telemetry//calibration/calibrationdata_test2/left-0002.png
[2.636s] -- Symlinking: /home/corelab/CatchingBlimp/Summer2023/ros2_stereo/src/install/opencv_telemetry/share/opencv_telemetry//calibration/calibrationdata_test2/left-0003.png
[2.641s] -- Symlinking: /home/corelab/CatchingBlimp/Summer2023/ros2_stereo/src/install/opencv_telemetry/share/opencv_telemetry//calibration/calibrationdata_test2/left-0004.png
[2.647s] -- Symlinking: /home/corelab/CatchingBlimp/Summer2023/ros2_stereo/src/install/opencv_telemetry/share/opencv_telemetry//calibration/calibrationdata_test2/left-0005.png
[2.655s] -- Symlinking: /home/corelab/CatchingBlimp/Summer2023/ros2_stereo/src/install/opencv_telemetry/share/opencv_telemetry//calibration/calibrationdata_test2/left-0006.png
[2.661s] -- Symlinking: /home/corelab/CatchingBlimp/Summer2023/ros2_stereo/src/install/opencv_telemetry/share/opencv_telemetry//calibration/calibrationdata_test2/left-0007.png
[2.668s] -- Symlinking: /home/corelab/CatchingBlimp/Summer2023/ros2_stereo/src/install/opencv_telemetry/share/opencv_telemetry//calibration/calibrationdata_test2/left-0008.png
[2.674s] -- Symlinking: /home/corelab/CatchingBlimp/Summer2023/ros2_stereo/src/install/opencv_telemetry/share/opencv_telemetry//calibration/calibrationdata_test2/left-0009.png
[2.681s] -- Symlinking: /home/corelab/CatchingBlimp/Summer2023/ros2_stereo/src/install/opencv_telemetry/share/opencv_telemetry//calibration/calibrationdata_test2/left-0010.png
[2.687s] -- Symlinking: /home/corelab/CatchingBlimp/Summer2023/ros2_stereo/src/install/opencv_telemetry/share/opencv_telemetry//calibration/calibrationdata_test2/left-0011.png
[2.695s] -- Symlinking: /home/corelab/CatchingBlimp/Summer2023/ros2_stereo/src/install/opencv_telemetry/share/opencv_telemetry//calibration/calibrationdata_test2/left-0012.png
[2.700s] -- Symlinking: /home/corelab/CatchingBlimp/Summer2023/ros2_stereo/src/install/opencv_telemetry/share/opencv_telemetry//calibration/calibrationdata_test2/left-0013.png
[2.708s] -- Symlinking: /home/corelab/CatchingBlimp/Summer2023/ros2_stereo/src/install/opencv_telemetry/share/opencv_telemetry//calibration/calibrationdata_test2/left-0014.png
[2.714s] -- Symlinking: /home/corelab/CatchingBlimp/Summer2023/ros2_stereo/src/install/opencv_telemetry/share/opencv_telemetry//calibration/calibrationdata_test2/left-0015.png
[2.722s] -- Symlinking: /home/corelab/CatchingBlimp/Summer2023/ros2_stereo/src/install/opencv_telemetry/share/opencv_telemetry//calibration/calibrationdata_test2/left-0016.png
[2.727s] -- Symlinking: /home/corelab/CatchingBlimp/Summer2023/ros2_stereo/src/install/opencv_telemetry/share/opencv_telemetry//calibration/calibrationdata_test2/left-0017.png
[2.735s] -- Symlinking: /home/corelab/CatchingBlimp/Summer2023/ros2_stereo/src/install/opencv_telemetry/share/opencv_telemetry//calibration/calibrationdata_test2/left-0018.png
[2.740s] -- Symlinking: /home/corelab/CatchingBlimp/Summer2023/ros2_stereo/src/install/opencv_telemetry/share/opencv_telemetry//calibration/calibrationdata_test2/left-0019.png
[2.747s] -- Symlinking: /home/corelab/CatchingBlimp/Summer2023/ros2_stereo/src/install/opencv_telemetry/share/opencv_telemetry//calibration/calibrationdata_test2/left-0020.png
[2.753s] -- Symlinking: /home/corelab/CatchingBlimp/Summer2023/ros2_stereo/src/install/opencv_telemetry/share/opencv_telemetry//calibration/calibrationdata_test2/left-0021.png
[2.760s] -- Symlinking: /home/corelab/CatchingBlimp/Summer2023/ros2_stereo/src/install/opencv_telemetry/share/opencv_telemetry//calibration/calibrationdata_test2/left-0022.png
[2.766s] -- Symlinking: /home/corelab/CatchingBlimp/Summer2023/ros2_stereo/src/install/opencv_telemetry/share/opencv_telemetry//calibration/calibrationdata_test2/left-0023.png
[2.773s] -- Symlinking: /home/corelab/CatchingBlimp/Summer2023/ros2_stereo/src/install/opencv_telemetry/share/opencv_telemetry//calibration/calibrationdata_test2/left-0024.png
[2.778s] -- Symlinking: /home/corelab/CatchingBlimp/Summer2023/ros2_stereo/src/install/opencv_telemetry/share/opencv_telemetry//calibration/calibrationdata_test2/left-0025.png
[2.785s] -- Symlinking: /home/corelab/CatchingBlimp/Summer2023/ros2_stereo/src/install/opencv_telemetry/share/opencv_telemetry//calibration/calibrationdata_test2/left-0026.png
[2.792s] -- Symlinking: /home/corelab/CatchingBlimp/Summer2023/ros2_stereo/src/install/opencv_telemetry/share/opencv_telemetry//calibration/calibrationdata_test2/left-0027.png
[2.800s] -- Symlinking: /home/corelab/CatchingBlimp/Summer2023/ros2_stereo/src/install/opencv_telemetry/share/opencv_telemetry//calibration/calibrationdata_test2/left-0028.png
[2.806s] -- Symlinking: /home/corelab/CatchingBlimp/Summer2023/ros2_stereo/src/install/opencv_telemetry/share/opencv_telemetry//calibration/calibrationdata_test2/left-0029.png
[2.813s] -- Symlinking: /home/corelab/CatchingBlimp/Summer2023/ros2_stereo/src/install/opencv_telemetry/share/opencv_telemetry//calibration/calibrationdata_test2/left-0030.png
[2.820s] -- Symlinking: /home/corelab/CatchingBlimp/Summer2023/ros2_stereo/src/install/opencv_telemetry/share/opencv_telemetry//calibration/calibrationdata_test2/left-0031.png
[2.825s] -- Symlinking: /home/corelab/CatchingBlimp/Summer2023/ros2_stereo/src/install/opencv_telemetry/share/opencv_telemetry//calibration/calibrationdata_test2/left-0032.png
[2.832s] -- Symlinking: /home/corelab/CatchingBlimp/Summer2023/ros2_stereo/src/install/opencv_telemetry/share/opencv_telemetry//calibration/calibrationdata_test2/left-0033.png
[2.838s] -- Symlinking: /home/corelab/CatchingBlimp/Summer2023/ros2_stereo/src/install/opencv_telemetry/share/opencv_telemetry//calibration/calibrationdata_test2/left-0034.png
[2.844s] -- Symlinking: /home/corelab/CatchingBlimp/Summer2023/ros2_stereo/src/install/opencv_telemetry/share/opencv_telemetry//calibration/calibrationdata_test2/left-0035.png
[2.850s] -- Symlinking: /home/corelab/CatchingBlimp/Summer2023/ros2_stereo/src/install/opencv_telemetry/share/opencv_telemetry//calibration/calibrationdata_test2/left-0036.png
[2.859s] -- Symlinking: /home/corelab/CatchingBlimp/Summer2023/ros2_stereo/src/install/opencv_telemetry/share/opencv_telemetry//calibration/calibrationdata_test2/left-0037.png
[2.863s] -- Symlinking: /home/corelab/CatchingBlimp/Summer2023/ros2_stereo/src/install/opencv_telemetry/share/opencv_telemetry//calibration/calibrationdata_test2/left-0038.png
[2.870s] -- Symlinking: /home/corelab/CatchingBlimp/Summer2023/ros2_stereo/src/install/opencv_telemetry/share/opencv_telemetry//calibration/calibrationdata_test2/left-0039.png
[2.876s] -- Symlinking: /home/corelab/CatchingBlimp/Summer2023/ros2_stereo/src/install/opencv_telemetry/share/opencv_telemetry//calibration/calibrationdata_test2/left-0040.png
[2.883s] -- Symlinking: /home/corelab/CatchingBlimp/Summer2023/ros2_stereo/src/install/opencv_telemetry/share/opencv_telemetry//calibration/calibrationdata_test2/left-0041.png
[2.890s] -- Symlinking: /home/corelab/CatchingBlimp/Summer2023/ros2_stereo/src/install/opencv_telemetry/share/opencv_telemetry//calibration/calibrationdata_test2/left-0042.png
[2.895s] -- Symlinking: /home/corelab/CatchingBlimp/Summer2023/ros2_stereo/src/install/opencv_telemetry/share/opencv_telemetry//calibration/calibrationdata_test2/left-0043.png
[2.901s] -- Symlinking: /home/corelab/CatchingBlimp/Summer2023/ros2_stereo/src/install/opencv_telemetry/share/opencv_telemetry//calibration/calibrationdata_test2/left-0044.png
[2.908s] -- Symlinking: /home/corelab/CatchingBlimp/Summer2023/ros2_stereo/src/install/opencv_telemetry/share/opencv_telemetry//calibration/calibrationdata_test2/left-0045.png
[2.914s] -- Symlinking: /home/corelab/CatchingBlimp/Summer2023/ros2_stereo/src/install/opencv_telemetry/share/opencv_telemetry//calibration/calibrationdata_test2/left-0046.png
[2.920s] -- Symlinking: /home/corelab/CatchingBlimp/Summer2023/ros2_stereo/src/install/opencv_telemetry/share/opencv_telemetry//calibration/calibrationdata_test2/left-0047.png
[2.926s] -- Symlinking: /home/corelab/CatchingBlimp/Summer2023/ros2_stereo/src/install/opencv_telemetry/share/opencv_telemetry//calibration/calibrationdata_test2/left-0048.png
[2.933s] -- Symlinking: /home/corelab/CatchingBlimp/Summer2023/ros2_stereo/src/install/opencv_telemetry/share/opencv_telemetry//calibration/calibrationdata_test2/left-0049.png
[2.939s] -- Symlinking: /home/corelab/CatchingBlimp/Summer2023/ros2_stereo/src/install/opencv_telemetry/share/opencv_telemetry//calibration/calibrationdata_test2/left-0050.png
[2.945s] -- Symlinking: /home/corelab/CatchingBlimp/Summer2023/ros2_stereo/src/install/opencv_telemetry/share/opencv_telemetry//calibration/calibrationdata_test2/left.yaml
[2.951s] -- Symlinking: /home/corelab/CatchingBlimp/Summer2023/ros2_stereo/src/install/opencv_telemetry/share/opencv_telemetry//calibration/calibrationdata_test2/ost.txt
[2.957s] -- Symlinking: /home/corelab/CatchingBlimp/Summer2023/ros2_stereo/src/install/opencv_telemetry/share/opencv_telemetry//calibration/calibrationdata_test2/right-0000.png
[2.964s] -- Symlinking: /home/corelab/CatchingBlimp/Summer2023/ros2_stereo/src/install/opencv_telemetry/share/opencv_telemetry//calibration/calibrationdata_test2/right-0001.png
[2.970s] -- Symlinking: /home/corelab/CatchingBlimp/Summer2023/ros2_stereo/src/install/opencv_telemetry/share/opencv_telemetry//calibration/calibrationdata_test2/right-0002.png
[2.976s] -- Symlinking: /home/corelab/CatchingBlimp/Summer2023/ros2_stereo/src/install/opencv_telemetry/share/opencv_telemetry//calibration/calibrationdata_test2/right-0003.png
[2.982s] -- Symlinking: /home/corelab/CatchingBlimp/Summer2023/ros2_stereo/src/install/opencv_telemetry/share/opencv_telemetry//calibration/calibrationdata_test2/right-0004.png
[2.989s] -- Symlinking: /home/corelab/CatchingBlimp/Summer2023/ros2_stereo/src/install/opencv_telemetry/share/opencv_telemetry//calibration/calibrationdata_test2/right-0005.png
[2.995s] -- Symlinking: /home/corelab/CatchingBlimp/Summer2023/ros2_stereo/src/install/opencv_telemetry/share/opencv_telemetry//calibration/calibrationdata_test2/right-0006.png
[3.002s] -- Symlinking: /home/corelab/CatchingBlimp/Summer2023/ros2_stereo/src/install/opencv_telemetry/share/opencv_telemetry//calibration/calibrationdata_test2/right-0007.png
[3.008s] -- Symlinking: /home/corelab/CatchingBlimp/Summer2023/ros2_stereo/src/install/opencv_telemetry/share/opencv_telemetry//calibration/calibrationdata_test2/right-0008.png
[3.015s] -- Symlinking: /home/corelab/CatchingBlimp/Summer2023/ros2_stereo/src/install/opencv_telemetry/share/opencv_telemetry//calibration/calibrationdata_test2/right-0009.png
[3.021s] -- Symlinking: /home/corelab/CatchingBlimp/Summer2023/ros2_stereo/src/install/opencv_telemetry/share/opencv_telemetry//calibration/calibrationdata_test2/right-0010.png
[3.027s] -- Symlinking: /home/corelab/CatchingBlimp/Summer2023/ros2_stereo/src/install/opencv_telemetry/share/opencv_telemetry//calibration/calibrationdata_test2/right-0011.png
[3.033s] -- Symlinking: /home/corelab/CatchingBlimp/Summer2023/ros2_stereo/src/install/opencv_telemetry/share/opencv_telemetry//calibration/calibrationdata_test2/right-0012.png
[3.040s] -- Symlinking: /home/corelab/CatchingBlimp/Summer2023/ros2_stereo/src/install/opencv_telemetry/share/opencv_telemetry//calibration/calibrationdata_test2/right-0013.png
[3.046s] -- Symlinking: /home/corelab/CatchingBlimp/Summer2023/ros2_stereo/src/install/opencv_telemetry/share/opencv_telemetry//calibration/calibrationdata_test2/right-0014.png
[3.052s] -- Symlinking: /home/corelab/CatchingBlimp/Summer2023/ros2_stereo/src/install/opencv_telemetry/share/opencv_telemetry//calibration/calibrationdata_test2/right-0015.png
[3.058s] -- Symlinking: /home/corelab/CatchingBlimp/Summer2023/ros2_stereo/src/install/opencv_telemetry/share/opencv_telemetry//calibration/calibrationdata_test2/right-0016.png
[3.065s] -- Symlinking: /home/corelab/CatchingBlimp/Summer2023/ros2_stereo/src/install/opencv_telemetry/share/opencv_telemetry//calibration/calibrationdata_test2/right-0017.png
[3.071s] -- Symlinking: /home/corelab/CatchingBlimp/Summer2023/ros2_stereo/src/install/opencv_telemetry/share/opencv_telemetry//calibration/calibrationdata_test2/right-0018.png
[3.078s] -- Symlinking: /home/corelab/CatchingBlimp/Summer2023/ros2_stereo/src/install/opencv_telemetry/share/opencv_telemetry//calibration/calibrationdata_test2/right-0019.png
[3.084s] -- Symlinking: /home/corelab/CatchingBlimp/Summer2023/ros2_stereo/src/install/opencv_telemetry/share/opencv_telemetry//calibration/calibrationdata_test2/right-0020.png
[3.090s] -- Symlinking: /home/corelab/CatchingBlimp/Summer2023/ros2_stereo/src/install/opencv_telemetry/share/opencv_telemetry//calibration/calibrationdata_test2/right-0021.png
[3.097s] -- Symlinking: /home/corelab/CatchingBlimp/Summer2023/ros2_stereo/src/install/opencv_telemetry/share/opencv_telemetry//calibration/calibrationdata_test2/right-0022.png
[3.103s] -- Symlinking: /home/corelab/CatchingBlimp/Summer2023/ros2_stereo/src/install/opencv_telemetry/share/opencv_telemetry//calibration/calibrationdata_test2/right-0023.png
[3.109s] -- Symlinking: /home/corelab/CatchingBlimp/Summer2023/ros2_stereo/src/install/opencv_telemetry/share/opencv_telemetry//calibration/calibrationdata_test2/right-0024.png
[3.115s] -- Symlinking: /home/corelab/CatchingBlimp/Summer2023/ros2_stereo/src/install/opencv_telemetry/share/opencv_telemetry//calibration/calibrationdata_test2/right-0025.png
[3.122s] -- Symlinking: /home/corelab/CatchingBlimp/Summer2023/ros2_stereo/src/install/opencv_telemetry/share/opencv_telemetry//calibration/calibrationdata_test2/right-0026.png
[3.128s] -- Symlinking: /home/corelab/CatchingBlimp/Summer2023/ros2_stereo/src/install/opencv_telemetry/share/opencv_telemetry//calibration/calibrationdata_test2/right-0027.png
[3.134s] -- Symlinking: /home/corelab/CatchingBlimp/Summer2023/ros2_stereo/src/install/opencv_telemetry/share/opencv_telemetry//calibration/calibrationdata_test2/right-0028.png
[3.140s] -- Symlinking: /home/corelab/CatchingBlimp/Summer2023/ros2_stereo/src/install/opencv_telemetry/share/opencv_telemetry//calibration/calibrationdata_test2/right-0029.png
[3.147s] -- Symlinking: /home/corelab/CatchingBlimp/Summer2023/ros2_stereo/src/install/opencv_telemetry/share/opencv_telemetry//calibration/calibrationdata_test2/right-0030.png
[3.153s] -- Symlinking: /home/corelab/CatchingBlimp/Summer2023/ros2_stereo/src/install/opencv_telemetry/share/opencv_telemetry//calibration/calibrationdata_test2/right-0031.png
[3.159s] -- Symlinking: /home/corelab/CatchingBlimp/Summer2023/ros2_stereo/src/install/opencv_telemetry/share/opencv_telemetry//calibration/calibrationdata_test2/right-0032.png
[3.165s] -- Symlinking: /home/corelab/CatchingBlimp/Summer2023/ros2_stereo/src/install/opencv_telemetry/share/opencv_telemetry//calibration/calibrationdata_test2/right-0033.png
[3.172s] -- Symlinking: /home/corelab/CatchingBlimp/Summer2023/ros2_stereo/src/install/opencv_telemetry/share/opencv_telemetry//calibration/calibrationdata_test2/right-0034.png
[3.178s] -- Symlinking: /home/corelab/CatchingBlimp/Summer2023/ros2_stereo/src/install/opencv_telemetry/share/opencv_telemetry//calibration/calibrationdata_test2/right-0035.png
[3.185s] -- Symlinking: /home/corelab/CatchingBlimp/Summer2023/ros2_stereo/src/install/opencv_telemetry/share/opencv_telemetry//calibration/calibrationdata_test2/right-0036.png
[3.191s] -- Symlinking: /home/corelab/CatchingBlimp/Summer2023/ros2_stereo/src/install/opencv_telemetry/share/opencv_telemetry//calibration/calibrationdata_test2/right-0037.png
[3.198s] -- Symlinking: /home/corelab/CatchingBlimp/Summer2023/ros2_stereo/src/install/opencv_telemetry/share/opencv_telemetry//calibration/calibrationdata_test2/right-0038.png
[3.205s] -- Symlinking: /home/corelab/CatchingBlimp/Summer2023/ros2_stereo/src/install/opencv_telemetry/share/opencv_telemetry//calibration/calibrationdata_test2/right-0039.png
[3.211s] -- Symlinking: /home/corelab/CatchingBlimp/Summer2023/ros2_stereo/src/install/opencv_telemetry/share/opencv_telemetry//calibration/calibrationdata_test2/right-0040.png
[3.218s] -- Symlinking: /home/corelab/CatchingBlimp/Summer2023/ros2_stereo/src/install/opencv_telemetry/share/opencv_telemetry//calibration/calibrationdata_test2/right-0041.png
[3.224s] -- Symlinking: /home/corelab/CatchingBlimp/Summer2023/ros2_stereo/src/install/opencv_telemetry/share/opencv_telemetry//calibration/calibrationdata_test2/right-0042.png
[3.230s] -- Symlinking: /home/corelab/CatchingBlimp/Summer2023/ros2_stereo/src/install/opencv_telemetry/share/opencv_telemetry//calibration/calibrationdata_test2/right-0043.png
[3.236s] -- Symlinking: /home/corelab/CatchingBlimp/Summer2023/ros2_stereo/src/install/opencv_telemetry/share/opencv_telemetry//calibration/calibrationdata_test2/right-0044.png
[3.244s] -- Symlinking: /home/corelab/CatchingBlimp/Summer2023/ros2_stereo/src/install/opencv_telemetry/share/opencv_telemetry//calibration/calibrationdata_test2/right-0045.png
[3.251s] -- Symlinking: /home/corelab/CatchingBlimp/Summer2023/ros2_stereo/src/install/opencv_telemetry/share/opencv_telemetry//calibration/calibrationdata_test2/right-0046.png
[3.258s] -- Symlinking: /home/corelab/CatchingBlimp/Summer2023/ros2_stereo/src/install/opencv_telemetry/share/opencv_telemetry//calibration/calibrationdata_test2/right-0047.png
[3.265s] -- Symlinking: /home/corelab/CatchingBlimp/Summer2023/ros2_stereo/src/install/opencv_telemetry/share/opencv_telemetry//calibration/calibrationdata_test2/right-0048.png
[3.272s] -- Symlinking: /home/corelab/CatchingBlimp/Summer2023/ros2_stereo/src/install/opencv_telemetry/share/opencv_telemetry//calibration/calibrationdata_test2/right-0049.png
[3.280s] -- Symlinking: /home/corelab/CatchingBlimp/Summer2023/ros2_stereo/src/install/opencv_telemetry/share/opencv_telemetry//calibration/calibrationdata_test2/right-0050.png
[3.288s] -- Symlinking: /home/corelab/CatchingBlimp/Summer2023/ros2_stereo/src/install/opencv_telemetry/share/opencv_telemetry//calibration/calibrationdata_test2/right.yaml
[3.295s] -- Symlinking: /home/corelab/CatchingBlimp/Summer2023/ros2_stereo/src/install/opencv_telemetry/share/opencv_telemetry//calibration/camera1_elp_left.yaml
[3.302s] -- Symlinking: /home/corelab/CatchingBlimp/Summer2023/ros2_stereo/src/install/opencv_telemetry/share/opencv_telemetry//calibration/camera1_elp_right.yaml
[3.310s] -- Symlinking: /home/corelab/CatchingBlimp/Summer2023/ros2_stereo/src/install/opencv_telemetry/share/opencv_telemetry//calibration/camera3_elp_left.yaml
[3.317s] -- Symlinking: /home/corelab/CatchingBlimp/Summer2023/ros2_stereo/src/install/opencv_telemetry/share/opencv_telemetry//calibration/camera3_elp_right.yaml
[3.324s] -- Symlinking: /home/corelab/CatchingBlimp/Summer2023/ros2_stereo/src/install/opencv_telemetry/share/opencv_telemetry//calibration/camera5_elp_left.yaml
[3.330s] -- Symlinking: /home/corelab/CatchingBlimp/Summer2023/ros2_stereo/src/install/opencv_telemetry/share/opencv_telemetry//calibration/camera5_elp_right.yaml
[3.337s] -- Symlinking: /home/corelab/CatchingBlimp/Summer2023/ros2_stereo/src/install/opencv_telemetry/share/opencv_telemetry//calibration/elp_left.yaml
[3.345s] -- Symlinking: /home/corelab/CatchingBlimp/Summer2023/ros2_stereo/src/install/opencv_telemetry/share/opencv_telemetry//calibration/elp_right.yaml
[3.351s] -- Symlinking: /home/corelab/CatchingBlimp/Summer2023/ros2_stereo/src/install/opencv_telemetry/share/opencv_telemetry//calibration/temp/elp_left.yaml
[3.358s] -- Symlinking: /home/corelab/CatchingBlimp/Summer2023/ros2_stereo/src/install/opencv_telemetry/share/opencv_telemetry//calibration/temp/elp_right.yaml
[3.365s] -- Symlinking: /home/corelab/CatchingBlimp/Summer2023/ros2_stereo/src/install/opencv_telemetry/share/ament_index/resource_index/package_run_dependencies/opencv_telemetry
[3.372s] -- Symlinking: /home/corelab/CatchingBlimp/Summer2023/ros2_stereo/src/install/opencv_telemetry/share/ament_index/resource_index/parent_prefix_path/opencv_telemetry
[3.379s] -- Symlinking: /home/corelab/CatchingBlimp/Summer2023/ros2_stereo/src/install/opencv_telemetry/share/opencv_telemetry/environment/ament_prefix_path.sh
[3.385s] -- Symlinking: /home/corelab/CatchingBlimp/Summer2023/ros2_stereo/src/install/opencv_telemetry/share/opencv_telemetry/environment/ament_prefix_path.dsv
[3.392s] -- Symlinking: /home/corelab/CatchingBlimp/Summer2023/ros2_stereo/src/install/opencv_telemetry/share/opencv_telemetry/environment/path.sh
[3.398s] -- Symlinking: /home/corelab/CatchingBlimp/Summer2023/ros2_stereo/src/install/opencv_telemetry/share/opencv_telemetry/environment/path.dsv
[3.404s] -- Symlinking: /home/corelab/CatchingBlimp/Summer2023/ros2_stereo/src/install/opencv_telemetry/share/opencv_telemetry/local_setup.bash
[3.410s] -- Symlinking: /home/corelab/CatchingBlimp/Summer2023/ros2_stereo/src/install/opencv_telemetry/share/opencv_telemetry/local_setup.sh
[3.416s] -- Symlinking: /home/corelab/CatchingBlimp/Summer2023/ros2_stereo/src/install/opencv_telemetry/share/opencv_telemetry/local_setup.zsh
[3.423s] -- Symlinking: /home/corelab/CatchingBlimp/Summer2023/ros2_stereo/src/install/opencv_telemetry/share/opencv_telemetry/local_setup.dsv
[3.429s] -- Symlinking: /home/corelab/CatchingBlimp/Summer2023/ros2_stereo/src/install/opencv_telemetry/share/opencv_telemetry/package.dsv
[3.435s] -- Symlinking: /home/corelab/CatchingBlimp/Summer2023/ros2_stereo/src/install/opencv_telemetry/share/ament_index/resource_index/packages/opencv_telemetry
[3.441s] -- Symlinking: /home/corelab/CatchingBlimp/Summer2023/ros2_stereo/src/install/opencv_telemetry/share/ament_index/resource_index/opencv_telemetry__pluginlib__plugin/opencv_telemetry
[3.448s] -- Symlinking: /home/corelab/CatchingBlimp/Summer2023/ros2_stereo/src/install/opencv_telemetry/share/opencv_telemetry/cmake/rosidl_cmake-extras.cmake
[3.454s] -- Symlinking: /home/corelab/CatchingBlimp/Summer2023/ros2_stereo/src/install/opencv_telemetry/share/opencv_telemetry/cmake/ament_cmake_export_dependencies-extras.cmake
[3.460s] -- Symlinking: /home/corelab/CatchingBlimp/Summer2023/ros2_stereo/src/install/opencv_telemetry/share/opencv_telemetry/cmake/ament_cmake_export_libraries-extras.cmake
[3.466s] -- Symlinking: /home/corelab/CatchingBlimp/Summer2023/ros2_stereo/src/install/opencv_telemetry/share/opencv_telemetry/cmake/ament_cmake_export_targets-extras.cmake
[3.473s] -- Symlinking: /home/corelab/CatchingBlimp/Summer2023/ros2_stereo/src/install/opencv_telemetry/share/opencv_telemetry/cmake/ament_cmake_export_include_directories-extras.cmake
[3.479s] -- Symlinking: /home/corelab/CatchingBlimp/Summer2023/ros2_stereo/src/install/opencv_telemetry/share/opencv_telemetry/cmake/rosidl_cmake_export_typesupport_libraries-extras.cmake
[3.486s] -- Symlinking: /home/corelab/CatchingBlimp/Summer2023/ros2_stereo/src/install/opencv_telemetry/share/opencv_telemetry/cmake/rosidl_cmake_export_typesupport_targets-extras.cmake
[3.492s] -- Symlinking: /home/corelab/CatchingBlimp/Summer2023/ros2_stereo/src/install/opencv_telemetry/share/opencv_telemetry/cmake/opencv_telemetryConfig.cmake
[3.498s] -- Symlinking: /home/corelab/CatchingBlimp/Summer2023/ros2_stereo/src/install/opencv_telemetry/share/opencv_telemetry/cmake/opencv_telemetryConfig-version.cmake
[3.505s] -- Symlinking: /home/corelab/CatchingBlimp/Summer2023/ros2_stereo/src/install/opencv_telemetry/share/opencv_telemetry/package.xml
[3.512s] -- Installing: /home/corelab/CatchingBlimp/Summer2023/ros2_stereo/src/install/opencv_telemetry/lib/libopencv_telemetry__rosidl_generator_c.so
[3.512s] -- Set runtime path of "/home/corelab/CatchingBlimp/Summer2023/ros2_stereo/src/install/opencv_telemetry/lib/libopencv_telemetry__rosidl_generator_c.so" to ""
[3.512s] -- Installing: /home/corelab/CatchingBlimp/Summer2023/ros2_stereo/src/install/opencv_telemetry/lib/libopencv_telemetry__rosidl_typesupport_introspection_c.so
[3.512s] -- Set runtime path of "/home/corelab/CatchingBlimp/Summer2023/ros2_stereo/src/install/opencv_telemetry/lib/libopencv_telemetry__rosidl_typesupport_introspection_c.so" to ""
[3.512s] -- Installing: /home/corelab/CatchingBlimp/Summer2023/ros2_stereo/src/install/opencv_telemetry/lib/libopencv_telemetry__rosidl_typesupport_c.so
[3.512s] -- Set runtime path of "/home/corelab/CatchingBlimp/Summer2023/ros2_stereo/src/install/opencv_telemetry/lib/libopencv_telemetry__rosidl_typesupport_c.so" to ""
[3.512s] -- Installing: /home/corelab/CatchingBlimp/Summer2023/ros2_stereo/src/install/opencv_telemetry/lib/libopencv_telemetry__rosidl_typesupport_introspection_cpp.so
[3.513s] -- Set runtime path of "/home/corelab/CatchingBlimp/Summer2023/ros2_stereo/src/install/opencv_telemetry/lib/libopencv_telemetry__rosidl_typesupport_introspection_cpp.so" to ""
[3.513s] -- Installing: /home/corelab/CatchingBlimp/Summer2023/ros2_stereo/src/install/opencv_telemetry/lib/libopencv_telemetry__rosidl_typesupport_cpp.so
[3.513s] -- Set runtime path of "/home/corelab/CatchingBlimp/Summer2023/ros2_stereo/src/install/opencv_telemetry/lib/libopencv_telemetry__rosidl_typesupport_cpp.so" to ""
[3.536s] Compiling '/home/corelab/CatchingBlimp/Summer2023/ros2_stereo/src/install/opencv_telemetry/lib/python3.8/site-packages/opencv_telemetry/__init__.py'...
[3.539s] -- Installing: /home/corelab/CatchingBlimp/Summer2023/ros2_stereo/src/install/opencv_telemetry/share/opencv_telemetry/cmake/opencv_telemetry__rosidl_generator_cExport.cmake
[3.539s] -- Installing: /home/corelab/CatchingBlimp/Summer2023/ros2_stereo/src/install/opencv_telemetry/share/opencv_telemetry/cmake/opencv_telemetry__rosidl_generator_cExport-noconfig.cmake
[3.539s] -- Installing: /home/corelab/CatchingBlimp/Summer2023/ros2_stereo/src/install/opencv_telemetry/share/opencv_telemetry/cmake/opencv_telemetry__rosidl_typesupport_introspection_cExport.cmake
[3.540s] -- Installing: /home/corelab/CatchingBlimp/Summer2023/ros2_stereo/src/install/opencv_telemetry/share/opencv_telemetry/cmake/opencv_telemetry__rosidl_typesupport_introspection_cExport-noconfig.cmake
[3.540s] -- Installing: /home/corelab/CatchingBlimp/Summer2023/ros2_stereo/src/install/opencv_telemetry/share/opencv_telemetry/cmake/opencv_telemetry__rosidl_typesupport_cExport.cmake
[3.540s] -- Installing: /home/corelab/CatchingBlimp/Summer2023/ros2_stereo/src/install/opencv_telemetry/share/opencv_telemetry/cmake/opencv_telemetry__rosidl_typesupport_cExport-noconfig.cmake
[3.540s] -- Installing: /home/corelab/CatchingBlimp/Summer2023/ros2_stereo/src/install/opencv_telemetry/share/opencv_telemetry/cmake/opencv_telemetry__rosidl_generator_cppExport.cmake
[3.540s] -- Installing: /home/corelab/CatchingBlimp/Summer2023/ros2_stereo/src/install/opencv_telemetry/share/opencv_telemetry/cmake/opencv_telemetry__rosidl_typesupport_introspection_cppExport.cmake
[3.540s] -- Installing: /home/corelab/CatchingBlimp/Summer2023/ros2_stereo/src/install/opencv_telemetry/share/opencv_telemetry/cmake/opencv_telemetry__rosidl_typesupport_introspection_cppExport-noconfig.cmake
[3.540s] -- Installing: /home/corelab/CatchingBlimp/Summer2023/ros2_stereo/src/install/opencv_telemetry/share/opencv_telemetry/cmake/opencv_telemetry__rosidl_typesupport_cppExport.cmake
[3.540s] -- Installing: /home/corelab/CatchingBlimp/Summer2023/ros2_stereo/src/install/opencv_telemetry/share/opencv_telemetry/cmake/opencv_telemetry__rosidl_typesupport_cppExport-noconfig.cmake
