[0.302s] Invoking command in '/home/corelab/CatchingBlimp/Summer2023/ros2_stereo/build/yolo_msgs': CMAKE_PREFIX_PATH=/opt/ros/foxy /usr/bin/cmake /home/corelab/CatchingBlimp/Summer2023/ros2_stereo/src/yolo_msgs -DAMENT_CMAKE_SYMLINK_INSTALL=1 -DCMAKE_INSTALL_PREFIX=/home/corelab/CatchingBlimp/Summer2023/ros2_stereo/install/yolo_msgs
[0.314s] -- Found ament_cmake: 0.9.12 (/opt/ros/foxy/share/ament_cmake/cmake)
[0.335s] -- Found PythonInterp: /usr/bin/python3 (found suitable version "3.8.10", minimum required is "3") 
[0.335s] -- Using PYTHON_EXECUTABLE: /usr/bin/python3
[0.479s] -- Override CMake install command with custom implementation using symlinks instead of copying resources
[0.502s] -- Found std_msgs: 2.0.5 (/opt/ros/foxy/share/std_msgs/cmake)
[0.531s] -- Using all available rosidl_typesupport_c: rosidl_typesupport_fastrtps_c;rosidl_typesupport_introspection_c
[0.538s] -- Found rosidl_adapter: 1.3.1 (/opt/ros/foxy/share/rosidl_adapter/cmake)
[0.599s] -- Found OpenSSL: /usr/lib/x86_64-linux-gnu/libcrypto.so (found version "1.1.1f")  
[0.622s] -- Found FastRTPS: /opt/ros/foxy/include  
[0.689s] -- Using all available rosidl_typesupport_cpp: rosidl_typesupport_fastrtps_cpp;rosidl_typesupport_introspection_cpp
[0.735s] -- Found rosidl_default_generators: 1.0.1 (/opt/ros/foxy/share/rosidl_default_generators/cmake)
[0.746s] -- Found ament_lint_auto: 0.9.8 (/opt/ros/foxy/share/ament_lint_auto/cmake)
[0.818s] -- Found PythonInterp: /usr/bin/python3 (found version "3.8.10") 
[0.901s] -- Found ament_cmake_ros: 0.9.2 (/opt/ros/foxy/share/ament_cmake_ros/cmake)
[1.042s] -- Using all available rosidl_typesupport_c: rosidl_typesupport_fastrtps_c;rosidl_typesupport_introspection_c
[1.093s] -- Using all available rosidl_typesupport_cpp: rosidl_typesupport_fastrtps_cpp;rosidl_typesupport_introspection_cpp
[1.112s] -- Found PythonInterp: /usr/bin/python3 (found suitable version "3.8.10", minimum required is "3.5") 
[1.113s] -- Found python_cmake_module: 0.8.1 (/opt/ros/foxy/share/python_cmake_module/cmake)
[1.135s] -- Found PythonLibs: /usr/lib/x86_64-linux-gnu/libpython3.8.so (found suitable version "3.8.10", minimum required is "3.5") 
[1.135s] -- Using PYTHON_EXECUTABLE: /usr/bin/python3
[1.135s] -- Using PYTHON_INCLUDE_DIRS: /usr/include/python3.8
[1.135s] -- Using PYTHON_LIBRARIES: /usr/lib/x86_64-linux-gnu/libpython3.8.so
[1.151s] -- Found PythonExtra: .so  
[1.203s] -- Added test 'copyright' to check source files copyright and LICENSE
[1.205s] -- Added test 'lint_cmake' to check CMake code style
[1.206s] -- Added test 'xmllint' to check XML markup files
[1.214s] -- Configuring done
[1.251s] -- Generating done
[1.253s] -- Build files have been written to: /home/corelab/CatchingBlimp/Summer2023/ros2_stereo/build/yolo_msgs
[1.256s] Invoked command in '/home/corelab/CatchingBlimp/Summer2023/ros2_stereo/build/yolo_msgs' returned '0': CMAKE_PREFIX_PATH=/opt/ros/foxy /usr/bin/cmake /home/corelab/CatchingBlimp/Summer2023/ros2_stereo/src/yolo_msgs -DAMENT_CMAKE_SYMLINK_INSTALL=1 -DCMAKE_INSTALL_PREFIX=/home/corelab/CatchingBlimp/Summer2023/ros2_stereo/install/yolo_msgs
[1.259s] Invoking command in '/home/corelab/CatchingBlimp/Summer2023/ros2_stereo/build/yolo_msgs': CMAKE_PREFIX_PATH=/opt/ros/foxy /usr/bin/cmake --build /home/corelab/CatchingBlimp/Summer2023/ros2_stereo/build/yolo_msgs -- -j8 -l8
[1.286s] [  2%] [34m[1mGenerating C code for ROS interfaces[0m
[1.286s] [35m[1mScanning dependencies of target yolo_msgs__cpp[0m
[1.293s] [  4%] [34m[1mGenerating C++ code for ROS interfaces[0m
[1.537s] [  4%] Built target yolo_msgs__cpp
[1.544s] [  6%] [34m[1mGenerating C++ introspection for ROS interfaces[0m
[1.547s] [  8%] [34m[1mGenerating C++ type support dispatch for ROS interfaces[0m
[1.549s] [ 10%] [34m[1mGenerating C++ type support for eProsima Fast-RTPS[0m
[1.555s] [35m[1mScanning dependencies of target yolo_msgs__rosidl_generator_c[0m
[1.570s] [ 17%] [32mBuilding C object CMakeFiles/yolo_msgs__rosidl_generator_c.dir/rosidl_generator_c/yolo_msgs/msg/detail/bounding_boxes__functions.c.o[0m
[1.570s] [ 17%] [32mBuilding C object CMakeFiles/yolo_msgs__rosidl_generator_c.dir/rosidl_generator_c/yolo_msgs/msg/detail/bounding_box__functions.c.o[0m
[1.570s] [ 17%] [32mBuilding C object CMakeFiles/yolo_msgs__rosidl_generator_c.dir/rosidl_generator_c/yolo_msgs/msg/detail/object_count__functions.c.o[0m
[1.617s] [ 19%] [32m[1mLinking C shared library libyolo_msgs__rosidl_generator_c.so[0m
[1.644s] [ 19%] Built target yolo_msgs__rosidl_generator_c
[1.652s] [ 23%] [34m[1mGenerating C introspection for ROS interfaces[0m
[1.652s] [ 23%] [34m[1mGenerating C type support dispatch for ROS interfaces[0m
[1.740s] [35m[1mScanning dependencies of target yolo_msgs__rosidl_typesupport_cpp[0m
[1.753s] [ 29%] [32mBuilding CXX object CMakeFiles/yolo_msgs__rosidl_typesupport_cpp.dir/rosidl_typesupport_cpp/yolo_msgs/msg/bounding_box__type_support.cpp.o[0m
[1.753s] [ 29%] [32mBuilding CXX object CMakeFiles/yolo_msgs__rosidl_typesupport_cpp.dir/rosidl_typesupport_cpp/yolo_msgs/msg/bounding_boxes__type_support.cpp.o[0m
[1.753s] [ 29%] [32mBuilding CXX object CMakeFiles/yolo_msgs__rosidl_typesupport_cpp.dir/rosidl_typesupport_cpp/yolo_msgs/msg/object_count__type_support.cpp.o[0m
[1.797s] [35m[1mScanning dependencies of target yolo_msgs__rosidl_typesupport_introspection_cpp[0m
[1.799s] [35m[1mScanning dependencies of target yolo_msgs__rosidl_typesupport_fastrtps_cpp[0m
[1.808s] [ 31%] [32mBuilding CXX object CMakeFiles/yolo_msgs__rosidl_typesupport_introspection_cpp.dir/rosidl_typesupport_introspection_cpp/yolo_msgs/msg/detail/bounding_boxes__type_support.cpp.o[0m
[1.811s] [ 34%] [32mBuilding CXX object CMakeFiles/yolo_msgs__rosidl_typesupport_introspection_cpp.dir/rosidl_typesupport_introspection_cpp/yolo_msgs/msg/detail/bounding_box__type_support.cpp.o[0m
[1.830s] [ 36%] [32mBuilding CXX object CMakeFiles/yolo_msgs__rosidl_typesupport_fastrtps_cpp.dir/rosidl_typesupport_fastrtps_cpp/yolo_msgs/msg/detail/dds_fastrtps/bounding_box__type_support.cpp.o[0m
[1.854s] [35m[1mScanning dependencies of target yolo_msgs__rosidl_typesupport_c[0m
[1.865s] [ 38%] [32mBuilding CXX object CMakeFiles/yolo_msgs__rosidl_typesupport_c.dir/rosidl_typesupport_c/yolo_msgs/msg/bounding_box__type_support.cpp.o[0m
[1.892s] [ 40%] [32mBuilding CXX object CMakeFiles/yolo_msgs__rosidl_typesupport_c.dir/rosidl_typesupport_c/yolo_msgs/msg/bounding_boxes__type_support.cpp.o[0m
[1.901s] [35m[1mScanning dependencies of target yolo_msgs__rosidl_typesupport_introspection_c[0m
[1.913s] [ 42%] [32mBuilding C object CMakeFiles/yolo_msgs__rosidl_typesupport_introspection_c.dir/rosidl_typesupport_introspection_c/yolo_msgs/msg/detail/bounding_box__type_support.c.o[0m
[1.914s] [ 44%] [32mBuilding CXX object CMakeFiles/yolo_msgs__rosidl_typesupport_c.dir/rosidl_typesupport_c/yolo_msgs/msg/object_count__type_support.cpp.o[0m
[1.937s] [ 46%] [32m[1mLinking CXX shared library libyolo_msgs__rosidl_typesupport_c.so[0m
[1.940s] [ 48%] [32mBuilding C object CMakeFiles/yolo_msgs__rosidl_typesupport_introspection_c.dir/rosidl_typesupport_introspection_c/yolo_msgs/msg/detail/bounding_boxes__type_support.c.o[0m
[1.968s] [ 48%] Built target yolo_msgs__rosidl_typesupport_c
[1.970s] [ 51%] [32mBuilding C object CMakeFiles/yolo_msgs__rosidl_typesupport_introspection_c.dir/rosidl_typesupport_introspection_c/yolo_msgs/msg/detail/object_count__type_support.c.o[0m
[1.975s] [ 53%] [32mBuilding CXX object CMakeFiles/yolo_msgs__rosidl_typesupport_introspection_cpp.dir/rosidl_typesupport_introspection_cpp/yolo_msgs/msg/detail/object_count__type_support.cpp.o[0m
[1.995s] [ 55%] [32m[1mLinking C shared library libyolo_msgs__rosidl_typesupport_introspection_c.so[0m
[2.000s] [ 57%] [32mBuilding CXX object CMakeFiles/yolo_msgs__rosidl_typesupport_fastrtps_cpp.dir/rosidl_typesupport_fastrtps_cpp/yolo_msgs/msg/detail/dds_fastrtps/bounding_boxes__type_support.cpp.o[0m
[2.006s] [ 59%] [32mBuilding CXX object CMakeFiles/yolo_msgs__rosidl_typesupport_fastrtps_cpp.dir/rosidl_typesupport_fastrtps_cpp/yolo_msgs/msg/detail/dds_fastrtps/object_count__type_support.cpp.o[0m
[2.022s] [ 59%] Built target yolo_msgs__rosidl_typesupport_introspection_c
[2.023s] [ 61%] [32m[1mLinking CXX shared library libyolo_msgs__rosidl_typesupport_cpp.so[0m
[2.055s] [ 61%] Built target yolo_msgs__rosidl_typesupport_cpp
[2.190s] [ 63%] [32m[1mLinking CXX shared library libyolo_msgs__rosidl_typesupport_introspection_cpp.so[0m
[2.241s] [ 63%] Built target yolo_msgs__rosidl_typesupport_introspection_cpp
[2.337s] [ 65%] [32m[1mLinking CXX shared library libyolo_msgs__rosidl_typesupport_fastrtps_cpp.so[0m
[2.394s] [ 65%] Built target yolo_msgs__rosidl_typesupport_fastrtps_cpp
[2.400s] [ 68%] [34m[1mGenerating C type support for eProsima Fast-RTPS[0m
[2.609s] [35m[1mScanning dependencies of target yolo_msgs__rosidl_typesupport_fastrtps_c[0m
[2.621s] [ 74%] [32mBuilding CXX object CMakeFiles/yolo_msgs__rosidl_typesupport_fastrtps_c.dir/rosidl_typesupport_fastrtps_c/yolo_msgs/msg/detail/bounding_box__type_support_c.cpp.o[0m
[2.621s] [ 74%] [32mBuilding CXX object CMakeFiles/yolo_msgs__rosidl_typesupport_fastrtps_c.dir/rosidl_typesupport_fastrtps_c/yolo_msgs/msg/detail/bounding_boxes__type_support_c.cpp.o[0m
[2.621s] [ 74%] [32mBuilding CXX object CMakeFiles/yolo_msgs__rosidl_typesupport_fastrtps_c.dir/rosidl_typesupport_fastrtps_c/yolo_msgs/msg/detail/object_count__type_support_c.cpp.o[0m
[2.877s] [ 76%] [32m[1mLinking CXX shared library libyolo_msgs__rosidl_typesupport_fastrtps_c.so[0m
[2.932s] [ 76%] Built target yolo_msgs__rosidl_typesupport_fastrtps_c
[2.938s] [35m[1mScanning dependencies of target yolo_msgs[0m
[2.945s] [ 76%] Built target yolo_msgs
[2.951s] [35m[1mScanning dependencies of target yolo_msgs__py[0m
[2.957s] [ 78%] [34m[1mGenerating Python code for ROS interfaces[0m
[3.385s] [ 78%] Built target yolo_msgs__py
[3.391s] [35m[1mScanning dependencies of target yolo_msgs__python[0m
[3.425s] [ 85%] [32mBuilding C object CMakeFiles/yolo_msgs__python.dir/rosidl_generator_py/yolo_msgs/msg/_object_count_s.c.o[0m
[3.425s] [ 85%] [32mBuilding C object CMakeFiles/yolo_msgs__python.dir/rosidl_generator_py/yolo_msgs/msg/_bounding_box_s.c.o[0m
[3.425s] [ 85%] [32mBuilding C object CMakeFiles/yolo_msgs__python.dir/rosidl_generator_py/yolo_msgs/msg/_bounding_boxes_s.c.o[0m
[3.508s] [ 87%] [32m[1mLinking C shared library rosidl_generator_py/yolo_msgs/libyolo_msgs__python.so[0m
[3.536s] [ 87%] Built target yolo_msgs__python
[3.542s] [35m[1mScanning dependencies of target yolo_msgs__rosidl_typesupport_c__pyext[0m
[3.542s] [35m[1mScanning dependencies of target yolo_msgs__rosidl_typesupport_introspection_c__pyext[0m
[3.542s] [35m[1mScanning dependencies of target yolo_msgs__rosidl_typesupport_fastrtps_c__pyext[0m
[3.554s] [ 91%] [32mBuilding C object CMakeFiles/yolo_msgs__rosidl_typesupport_introspection_c__pyext.dir/rosidl_generator_py/yolo_msgs/_yolo_msgs_s.ep.rosidl_typesupport_introspection_c.c.o[0m
[3.554s] [ 91%] [32mBuilding C object CMakeFiles/yolo_msgs__rosidl_typesupport_c__pyext.dir/rosidl_generator_py/yolo_msgs/_yolo_msgs_s.ep.rosidl_typesupport_c.c.o[0m
[3.555s] [ 93%] [32mBuilding C object CMakeFiles/yolo_msgs__rosidl_typesupport_fastrtps_c__pyext.dir/rosidl_generator_py/yolo_msgs/_yolo_msgs_s.ep.rosidl_typesupport_fastrtps_c.c.o[0m
[3.614s] [ 97%] [32m[1mLinking C shared library rosidl_generator_py/yolo_msgs/yolo_msgs_s__rosidl_typesupport_introspection_c.cpython-38-x86_64-linux-gnu.so[0m
[3.614s] [ 97%] [32m[1mLinking C shared library rosidl_generator_py/yolo_msgs/yolo_msgs_s__rosidl_typesupport_c.cpython-38-x86_64-linux-gnu.so[0m
[3.615s] [100%] [32m[1mLinking CXX shared library rosidl_generator_py/yolo_msgs/yolo_msgs_s__rosidl_typesupport_fastrtps_c.cpython-38-x86_64-linux-gnu.so[0m
[3.639s] [100%] Built target yolo_msgs__rosidl_typesupport_introspection_c__pyext
[3.639s] [100%] Built target yolo_msgs__rosidl_typesupport_c__pyext
[3.661s] [100%] Built target yolo_msgs__rosidl_typesupport_fastrtps_c__pyext
