-- The C compiler identification is GNU 9.4.0
-- The CXX compiler identification is GNU 9.4.0
-- Detecting C compiler ABI info
-- Detecting C compiler ABI info - done
-- Check for working C compiler: /usr/bin/cc - skipped
-- Detecting C compile features
-- Detecting C compile features - done
-- Detecting CXX compiler ABI info
-- Detecting CXX compiler ABI info - done
-- Check for working CXX compiler: /usr/bin/c++ - skipped
-- Detecting CXX compile features
-- Detecting CXX compile features - done
-- Found ament_cmake: 0.9.12 (/opt/ros/foxy/share/ament_cmake/cmake)
-- Found PythonInterp: /usr/bin/python3 (found suitable version "3.8.10", minimum required is "3") 
-- Using PYTHON_EXECUTABLE: /usr/bin/python3
-- Found rclcpp: 2.4.3 (/opt/ros/foxy/share/rclcpp/cmake)
-- Using all available rosidl_typesupport_c: rosidl_typesupport_connext_c;rosidl_typesupport_fastrtps_c;rosidl_typesupport_introspection_c
-- Found rosidl_adapter: 1.3.1 (/opt/ros/foxy/share/rosidl_adapter/cmake)
-- Found RTI Connext: /opt/rti.com/rti_connext_dds-5.3.1
[33mCMake Warning (dev) at /opt/ros/foxy/share/connext_cmake_module/cmake/Modules/FindConnext.cmake:163 (list):
  Policy CMP0121 is not set: The list() command now validates parsing of
  index arguments.  Run "cmake --help-policy CMP0121" for policy details.
  Use the cmake_policy command to set the policy and suppress this warning.
  Invalid list index "libnddsc.so".
Call Stack (most recent call first):
  /opt/ros/foxy/share/connext_cmake_module/cmake/Modules/FindConnext.cmake:198 (_count_found_libraries)
  /opt/ros/foxy/share/rosidl_typesupport_connext_c/cmake/rosidl_typesupport_connext_c-extras.cmake:5 (find_package)
  /opt/ros/foxy/share/rosidl_typesupport_connext_c/cmake/rosidl_typesupport_connext_cConfig.cmake:41 (include)
  /opt/ros/foxy/share/rosidl_typesupport_c/cmake/rosidl_typesupport_c-extras.cmake:13 (find_package)
  /opt/ros/foxy/share/rosidl_typesupport_c/cmake/rosidl_typesupport_cConfig.cmake:41 (include)
  /opt/ros/foxy/share/rosidl_default_runtime/cmake/rosidl_default_runtime-extras.cmake:12 (find_package)
  /opt/ros/foxy/share/rosidl_default_runtime/cmake/rosidl_default_runtimeConfig.cmake:41 (include)
  /opt/ros/foxy/share/builtin_interfaces/cmake/ament_cmake_export_dependencies-extras.cmake:21 (find_package)
  /opt/ros/foxy/share/builtin_interfaces/cmake/builtin_interfacesConfig.cmake:41 (include)
  /opt/ros/foxy/share/rcl_interfaces/cmake/ament_cmake_export_dependencies-extras.cmake:21 (find_package)
  /opt/ros/foxy/share/rcl_interfaces/cmake/rcl_interfacesConfig.cmake:41 (include)
  /opt/ros/foxy/share/rcl/cmake/ament_cmake_export_dependencies-extras.cmake:21 (find_package)
  /opt/ros/foxy/share/rcl/cmake/rclConfig.cmake:41 (include)
  /opt/ros/foxy/share/libstatistics_collector/cmake/ament_cmake_export_dependencies-extras.cmake:21 (find_package)
  /opt/ros/foxy/share/libstatistics_collector/cmake/libstatistics_collectorConfig.cmake:41 (include)
  /opt/ros/foxy/share/rclcpp/cmake/ament_cmake_export_dependencies-extras.cmake:21 (find_package)
  /opt/ros/foxy/share/rclcpp/cmake/rclcppConfig.cmake:41 (include)
  CMakeLists.txt:20 (find_package)
This warning is for project developers.  Use -Wno-dev to suppress it.
[0m
[33mCMake Warning (dev) at /opt/ros/foxy/share/connext_cmake_module/cmake/Modules/FindConnext.cmake:163 (list):
  Policy CMP0121 is not set: The list() command now validates parsing of
  index arguments.  Run "cmake --help-policy CMP0121" for policy details.
  Use the cmake_policy command to set the policy and suppress this warning.
  Invalid list index "libnddscore.so".
Call Stack (most recent call first):
  /opt/ros/foxy/share/connext_cmake_module/cmake/Modules/FindConnext.cmake:198 (_count_found_libraries)
  /opt/ros/foxy/share/rosidl_typesupport_connext_c/cmake/rosidl_typesupport_connext_c-extras.cmake:5 (find_package)
  /opt/ros/foxy/share/rosidl_typesupport_connext_c/cmake/rosidl_typesupport_connext_cConfig.cmake:41 (include)
  /opt/ros/foxy/share/rosidl_typesupport_c/cmake/rosidl_typesupport_c-extras.cmake:13 (find_package)
  /opt/ros/foxy/share/rosidl_typesupport_c/cmake/rosidl_typesupport_cConfig.cmake:41 (include)
  /opt/ros/foxy/share/rosidl_default_runtime/cmake/rosidl_default_runtime-extras.cmake:12 (find_package)
  /opt/ros/foxy/share/rosidl_default_runtime/cmake/rosidl_default_runtimeConfig.cmake:41 (include)
  /opt/ros/foxy/share/builtin_interfaces/cmake/ament_cmake_export_dependencies-extras.cmake:21 (find_package)
  /opt/ros/foxy/share/builtin_interfaces/cmake/builtin_interfacesConfig.cmake:41 (include)
  /opt/ros/foxy/share/rcl_interfaces/cmake/ament_cmake_export_dependencies-extras.cmake:21 (find_package)
  /opt/ros/foxy/share/rcl_interfaces/cmake/rcl_interfacesConfig.cmake:41 (include)
  /opt/ros/foxy/share/rcl/cmake/ament_cmake_export_dependencies-extras.cmake:21 (find_package)
  /opt/ros/foxy/share/rcl/cmake/rclConfig.cmake:41 (include)
  /opt/ros/foxy/share/libstatistics_collector/cmake/ament_cmake_export_dependencies-extras.cmake:21 (find_package)
  /opt/ros/foxy/share/libstatistics_collector/cmake/libstatistics_collectorConfig.cmake:41 (include)
  /opt/ros/foxy/share/rclcpp/cmake/ament_cmake_export_dependencies-extras.cmake:21 (find_package)
  /opt/ros/foxy/share/rclcpp/cmake/rclcppConfig.cmake:41 (include)
  CMakeLists.txt:20 (find_package)
This warning is for project developers.  Use -Wno-dev to suppress it.
[0m
[33mCMake Warning (dev) at /opt/ros/foxy/share/connext_cmake_module/cmake/Modules/FindConnext.cmake:163 (list):
  Policy CMP0121 is not set: The list() command now validates parsing of
  index arguments.  Run "cmake --help-policy CMP0121" for policy details.
  Use the cmake_policy command to set the policy and suppress this warning.
  Invalid list index "libnddscpp.so".
Call Stack (most recent call first):
  /opt/ros/foxy/share/connext_cmake_module/cmake/Modules/FindConnext.cmake:198 (_count_found_libraries)
  /opt/ros/foxy/share/rosidl_typesupport_connext_c/cmake/rosidl_typesupport_connext_c-extras.cmake:5 (find_package)
  /opt/ros/foxy/share/rosidl_typesupport_connext_c/cmake/rosidl_typesupport_connext_cConfig.cmake:41 (include)
  /opt/ros/foxy/share/rosidl_typesupport_c/cmake/rosidl_typesupport_c-extras.cmake:13 (find_package)
  /opt/ros/foxy/share/rosidl_typesupport_c/cmake/rosidl_typesupport_cConfig.cmake:41 (include)
  /opt/ros/foxy/share/rosidl_default_runtime/cmake/rosidl_default_runtime-extras.cmake:12 (find_package)
  /opt/ros/foxy/share/rosidl_default_runtime/cmake/rosidl_default_runtimeConfig.cmake:41 (include)
  /opt/ros/foxy/share/builtin_interfaces/cmake/ament_cmake_export_dependencies-extras.cmake:21 (find_package)
  /opt/ros/foxy/share/builtin_interfaces/cmake/builtin_interfacesConfig.cmake:41 (include)
  /opt/ros/foxy/share/rcl_interfaces/cmake/ament_cmake_export_dependencies-extras.cmake:21 (find_package)
  /opt/ros/foxy/share/rcl_interfaces/cmake/rcl_interfacesConfig.cmake:41 (include)
  /opt/ros/foxy/share/rcl/cmake/ament_cmake_export_dependencies-extras.cmake:21 (find_package)
  /opt/ros/foxy/share/rcl/cmake/rclConfig.cmake:41 (include)
  /opt/ros/foxy/share/libstatistics_collector/cmake/ament_cmake_export_dependencies-extras.cmake:21 (find_package)
  /opt/ros/foxy/share/libstatistics_collector/cmake/libstatistics_collectorConfig.cmake:41 (include)
  /opt/ros/foxy/share/rclcpp/cmake/ament_cmake_export_dependencies-extras.cmake:21 (find_package)
  /opt/ros/foxy/share/rclcpp/cmake/rclcppConfig.cmake:41 (include)
  CMakeLists.txt:20 (find_package)
This warning is for project developers.  Use -Wno-dev to suppress it.
[0m
[33mCMake Warning (dev) at /opt/ros/foxy/share/connext_cmake_module/cmake/Modules/FindConnext.cmake:163 (list):
  Policy CMP0121 is not set: The list() command now validates parsing of
  index arguments.  Run "cmake --help-policy CMP0121" for policy details.
  Use the cmake_policy command to set the policy and suppress this warning.
  Invalid list index "librticonnextmsgcpp.so".
Call Stack (most recent call first):
  /opt/ros/foxy/share/connext_cmake_module/cmake/Modules/FindConnext.cmake:198 (_count_found_libraries)
  /opt/ros/foxy/share/rosidl_typesupport_connext_c/cmake/rosidl_typesupport_connext_c-extras.cmake:5 (find_package)
  /opt/ros/foxy/share/rosidl_typesupport_connext_c/cmake/rosidl_typesupport_connext_cConfig.cmake:41 (include)
  /opt/ros/foxy/share/rosidl_typesupport_c/cmake/rosidl_typesupport_c-extras.cmake:13 (find_package)
  /opt/ros/foxy/share/rosidl_typesupport_c/cmake/rosidl_typesupport_cConfig.cmake:41 (include)
  /opt/ros/foxy/share/rosidl_default_runtime/cmake/rosidl_default_runtime-extras.cmake:12 (find_package)
  /opt/ros/foxy/share/rosidl_default_runtime/cmake/rosidl_default_runtimeConfig.cmake:41 (include)
  /opt/ros/foxy/share/builtin_interfaces/cmake/ament_cmake_export_dependencies-extras.cmake:21 (find_package)
  /opt/ros/foxy/share/builtin_interfaces/cmake/builtin_interfacesConfig.cmake:41 (include)
  /opt/ros/foxy/share/rcl_interfaces/cmake/ament_cmake_export_dependencies-extras.cmake:21 (find_package)
  /opt/ros/foxy/share/rcl_interfaces/cmake/rcl_interfacesConfig.cmake:41 (include)
  /opt/ros/foxy/share/rcl/cmake/ament_cmake_export_dependencies-extras.cmake:21 (find_package)
  /opt/ros/foxy/share/rcl/cmake/rclConfig.cmake:41 (include)
  /opt/ros/foxy/share/libstatistics_collector/cmake/ament_cmake_export_dependencies-extras.cmake:21 (find_package)
  /opt/ros/foxy/share/libstatistics_collector/cmake/libstatistics_collectorConfig.cmake:41 (include)
  /opt/ros/foxy/share/rclcpp/cmake/ament_cmake_export_dependencies-extras.cmake:21 (find_package)
  /opt/ros/foxy/share/rclcpp/cmake/rclcppConfig.cmake:41 (include)
  CMakeLists.txt:20 (find_package)
This warning is for project developers.  Use -Wno-dev to suppress it.
[0m
[33mCMake Warning (dev) at /opt/ros/foxy/share/connext_cmake_module/cmake/Modules/FindConnext.cmake:163 (list):
  Policy CMP0121 is not set: The list() command now validates parsing of
  index arguments.  Run "cmake --help-policy CMP0121" for policy details.
  Use the cmake_policy command to set the policy and suppress this warning.
  Invalid list index "libnddscd.so".
Call Stack (most recent call first):
  /opt/ros/foxy/share/connext_cmake_module/cmake/Modules/FindConnext.cmake:199 (_count_found_libraries)
  /opt/ros/foxy/share/rosidl_typesupport_connext_c/cmake/rosidl_typesupport_connext_c-extras.cmake:5 (find_package)
  /opt/ros/foxy/share/rosidl_typesupport_connext_c/cmake/rosidl_typesupport_connext_cConfig.cmake:41 (include)
  /opt/ros/foxy/share/rosidl_typesupport_c/cmake/rosidl_typesupport_c-extras.cmake:13 (find_package)
  /opt/ros/foxy/share/rosidl_typesupport_c/cmake/rosidl_typesupport_cConfig.cmake:41 (include)
  /opt/ros/foxy/share/rosidl_default_runtime/cmake/rosidl_default_runtime-extras.cmake:12 (find_package)
  /opt/ros/foxy/share/rosidl_default_runtime/cmake/rosidl_default_runtimeConfig.cmake:41 (include)
  /opt/ros/foxy/share/builtin_interfaces/cmake/ament_cmake_export_dependencies-extras.cmake:21 (find_package)
  /opt/ros/foxy/share/builtin_interfaces/cmake/builtin_interfacesConfig.cmake:41 (include)
  /opt/ros/foxy/share/rcl_interfaces/cmake/ament_cmake_export_dependencies-extras.cmake:21 (find_package)
  /opt/ros/foxy/share/rcl_interfaces/cmake/rcl_interfacesConfig.cmake:41 (include)
  /opt/ros/foxy/share/rcl/cmake/ament_cmake_export_dependencies-extras.cmake:21 (find_package)
  /opt/ros/foxy/share/rcl/cmake/rclConfig.cmake:41 (include)
  /opt/ros/foxy/share/libstatistics_collector/cmake/ament_cmake_export_dependencies-extras.cmake:21 (find_package)
  /opt/ros/foxy/share/libstatistics_collector/cmake/libstatistics_collectorConfig.cmake:41 (include)
  /opt/ros/foxy/share/rclcpp/cmake/ament_cmake_export_dependencies-extras.cmake:21 (find_package)
  /opt/ros/foxy/share/rclcpp/cmake/rclcppConfig.cmake:41 (include)
  CMakeLists.txt:20 (find_package)
This warning is for project developers.  Use -Wno-dev to suppress it.
[0m
[33mCMake Warning (dev) at /opt/ros/foxy/share/connext_cmake_module/cmake/Modules/FindConnext.cmake:163 (list):
  Policy CMP0121 is not set: The list() command now validates parsing of
  index arguments.  Run "cmake --help-policy CMP0121" for policy details.
  Use the cmake_policy command to set the policy and suppress this warning.
  Invalid list index "libnddscored.so".
Call Stack (most recent call first):
  /opt/ros/foxy/share/connext_cmake_module/cmake/Modules/FindConnext.cmake:199 (_count_found_libraries)
  /opt/ros/foxy/share/rosidl_typesupport_connext_c/cmake/rosidl_typesupport_connext_c-extras.cmake:5 (find_package)
  /opt/ros/foxy/share/rosidl_typesupport_connext_c/cmake/rosidl_typesupport_connext_cConfig.cmake:41 (include)
  /opt/ros/foxy/share/rosidl_typesupport_c/cmake/rosidl_typesupport_c-extras.cmake:13 (find_package)
  /opt/ros/foxy/share/rosidl_typesupport_c/cmake/rosidl_typesupport_cConfig.cmake:41 (include)
  /opt/ros/foxy/share/rosidl_default_runtime/cmake/rosidl_default_runtime-extras.cmake:12 (find_package)
  /opt/ros/foxy/share/rosidl_default_runtime/cmake/rosidl_default_runtimeConfig.cmake:41 (include)
  /opt/ros/foxy/share/builtin_interfaces/cmake/ament_cmake_export_dependencies-extras.cmake:21 (find_package)
  /opt/ros/foxy/share/builtin_interfaces/cmake/builtin_interfacesConfig.cmake:41 (include)
  /opt/ros/foxy/share/rcl_interfaces/cmake/ament_cmake_export_dependencies-extras.cmake:21 (find_package)
  /opt/ros/foxy/share/rcl_interfaces/cmake/rcl_interfacesConfig.cmake:41 (include)
  /opt/ros/foxy/share/rcl/cmake/ament_cmake_export_dependencies-extras.cmake:21 (find_package)
  /opt/ros/foxy/share/rcl/cmake/rclConfig.cmake:41 (include)
  /opt/ros/foxy/share/libstatistics_collector/cmake/ament_cmake_export_dependencies-extras.cmake:21 (find_package)
  /opt/ros/foxy/share/libstatistics_collector/cmake/libstatistics_collectorConfig.cmake:41 (include)
  /opt/ros/foxy/share/rclcpp/cmake/ament_cmake_export_dependencies-extras.cmake:21 (find_package)
  /opt/ros/foxy/share/rclcpp/cmake/rclcppConfig.cmake:41 (include)
  CMakeLists.txt:20 (find_package)
This warning is for project developers.  Use -Wno-dev to suppress it.
[0m
[33mCMake Warning (dev) at /opt/ros/foxy/share/connext_cmake_module/cmake/Modules/FindConnext.cmake:163 (list):
  Policy CMP0121 is not set: The list() command now validates parsing of
  index arguments.  Run "cmake --help-policy CMP0121" for policy details.
  Use the cmake_policy command to set the policy and suppress this warning.
  Invalid list index "libnddscppd.so".
Call Stack (most recent call first):
  /opt/ros/foxy/share/connext_cmake_module/cmake/Modules/FindConnext.cmake:199 (_count_found_libraries)
  /opt/ros/foxy/share/rosidl_typesupport_connext_c/cmake/rosidl_typesupport_connext_c-extras.cmake:5 (find_package)
  /opt/ros/foxy/share/rosidl_typesupport_connext_c/cmake/rosidl_typesupport_connext_cConfig.cmake:41 (include)
  /opt/ros/foxy/share/rosidl_typesupport_c/cmake/rosidl_typesupport_c-extras.cmake:13 (find_package)
  /opt/ros/foxy/share/rosidl_typesupport_c/cmake/rosidl_typesupport_cConfig.cmake:41 (include)
  /opt/ros/foxy/share/rosidl_default_runtime/cmake/rosidl_default_runtime-extras.cmake:12 (find_package)
  /opt/ros/foxy/share/rosidl_default_runtime/cmake/rosidl_default_runtimeConfig.cmake:41 (include)
  /opt/ros/foxy/share/builtin_interfaces/cmake/ament_cmake_export_dependencies-extras.cmake:21 (find_package)
  /opt/ros/foxy/share/builtin_interfaces/cmake/builtin_interfacesConfig.cmake:41 (include)
  /opt/ros/foxy/share/rcl_interfaces/cmake/ament_cmake_export_dependencies-extras.cmake:21 (find_package)
  /opt/ros/foxy/share/rcl_interfaces/cmake/rcl_interfacesConfig.cmake:41 (include)
  /opt/ros/foxy/share/rcl/cmake/ament_cmake_export_dependencies-extras.cmake:21 (find_package)
  /opt/ros/foxy/share/rcl/cmake/rclConfig.cmake:41 (include)
  /opt/ros/foxy/share/libstatistics_collector/cmake/ament_cmake_export_dependencies-extras.cmake:21 (find_package)
  /opt/ros/foxy/share/libstatistics_collector/cmake/libstatistics_collectorConfig.cmake:41 (include)
  /opt/ros/foxy/share/rclcpp/cmake/ament_cmake_export_dependencies-extras.cmake:21 (find_package)
  /opt/ros/foxy/share/rclcpp/cmake/rclcppConfig.cmake:41 (include)
  CMakeLists.txt:20 (find_package)
This warning is for project developers.  Use -Wno-dev to suppress it.
[0m
[33mCMake Warning (dev) at /opt/ros/foxy/share/connext_cmake_module/cmake/Modules/FindConnext.cmake:163 (list):
  Policy CMP0121 is not set: The list() command now validates parsing of
  index arguments.  Run "cmake --help-policy CMP0121" for policy details.
  Use the cmake_policy command to set the policy and suppress this warning.
  Invalid list index "librticonnextmsgcppd.so".
Call Stack (most recent call first):
  /opt/ros/foxy/share/connext_cmake_module/cmake/Modules/FindConnext.cmake:199 (_count_found_libraries)
  /opt/ros/foxy/share/rosidl_typesupport_connext_c/cmake/rosidl_typesupport_connext_c-extras.cmake:5 (find_package)
  /opt/ros/foxy/share/rosidl_typesupport_connext_c/cmake/rosidl_typesupport_connext_cConfig.cmake:41 (include)
  /opt/ros/foxy/share/rosidl_typesupport_c/cmake/rosidl_typesupport_c-extras.cmake:13 (find_package)
  /opt/ros/foxy/share/rosidl_typesupport_c/cmake/rosidl_typesupport_cConfig.cmake:41 (include)
  /opt/ros/foxy/share/rosidl_default_runtime/cmake/rosidl_default_runtime-extras.cmake:12 (find_package)
  /opt/ros/foxy/share/rosidl_default_runtime/cmake/rosidl_default_runtimeConfig.cmake:41 (include)
  /opt/ros/foxy/share/builtin_interfaces/cmake/ament_cmake_export_dependencies-extras.cmake:21 (find_package)
  /opt/ros/foxy/share/builtin_interfaces/cmake/builtin_interfacesConfig.cmake:41 (include)
  /opt/ros/foxy/share/rcl_interfaces/cmake/ament_cmake_export_dependencies-extras.cmake:21 (find_package)
  /opt/ros/foxy/share/rcl_interfaces/cmake/rcl_interfacesConfig.cmake:41 (include)
  /opt/ros/foxy/share/rcl/cmake/ament_cmake_export_dependencies-extras.cmake:21 (find_package)
  /opt/ros/foxy/share/rcl/cmake/rclConfig.cmake:41 (include)
  /opt/ros/foxy/share/libstatistics_collector/cmake/ament_cmake_export_dependencies-extras.cmake:21 (find_package)
  /opt/ros/foxy/share/libstatistics_collector/cmake/libstatistics_collectorConfig.cmake:41 (include)
  /opt/ros/foxy/share/rclcpp/cmake/ament_cmake_export_dependencies-extras.cmake:21 (find_package)
  /opt/ros/foxy/share/rclcpp/cmake/rclcppConfig.cmake:41 (include)
  CMakeLists.txt:20 (find_package)
This warning is for project developers.  Use -Wno-dev to suppress it.
[0m
[0mCMake Deprecation Warning at /home/corelab/GitHub/CatchingBlimp/Summer2023/ros2_stereo/build/stereo_combined/connext_cmake_module/check_abi/CMakeLists.txt:15 (cmake_minimum_required):
  Compatibility with CMake < 2.8.12 will be removed from a future version of
  CMake.

  Update the VERSION argument <min> value or use a ...<max> suffix to tell
  CMake that the project does not need compatibility with older versions.

[0m
-- Found OpenSSL: /usr/lib/x86_64-linux-gnu/libcrypto.so (found version "1.1.1f")  
-- Found FastRTPS: /opt/ros/foxy/include  
-- Using all available rosidl_typesupport_cpp: rosidl_typesupport_connext_cpp;rosidl_typesupport_fastrtps_cpp;rosidl_typesupport_introspection_cpp
-- Found rmw_implementation_cmake: 1.0.4 (/opt/ros/foxy/share/rmw_implementation_cmake/cmake)
-- Using RMW implementation 'rmw_fastrtps_cpp' as default
-- Performing Test CMAKE_HAVE_LIBC_PTHREAD
-- Performing Test CMAKE_HAVE_LIBC_PTHREAD - Failed
-- Looking for pthread_create in pthreads
-- Looking for pthread_create in pthreads - not found
-- Looking for pthread_create in pthread
-- Looking for pthread_create in pthread - found
-- Found Threads: TRUE  
-- Configuring done
[31mCMake Error at CMakeLists.txt:23 (add_executable):
  Cannot find source file:

    include/StereoCombined.h

  Tried extensions .c .C .c++ .cc .cpp .cxx .cu .mpp .m .M .mm .ixx .cppm .h
  .hh .h++ .hm .hpp .hxx .in .txx .f .F .for .f77 .f90 .f95 .f03 .hip .ispc

[0m
[31mCMake Error at CMakeLists.txt:23 (add_executable):
  No SOURCES given to target: stereo_combined_node

[0m
[0mCMake Generate step failed.  Build files cannot be regenerated correctly.[0m
