[0.161s] Invoking command in '/home/corelab/CatchingBlimp/Summer2023/ros2_stereo/build/stereo_image_proc': CMAKE_PREFIX_PATH=/home/corelab/CatchingBlimp/Summer2023/ros2_stereo/install/yolo_msgs:/home/corelab/CatchingBlimp/Summer2023/ros2_stereo/install/image_proc:/home/corelab/CatchingBlimp/Summer2023/ros2_stereo/install/stereo_image_proc:/home/corelab/CatchingBlimp/Summer2023/ros2_stereo/install/stereo_combined:/home/corelab/CatchingBlimp/Summer2023/ros2_stereo/install/opencv_telemetry:/home/corelab/CatchingBlimp/Summer2023/ros2_stereo/install/image_view:/opt/ros/foxy LD_LIBRARY_PATH=/home/corelab/CatchingBlimp/Summer2023/ros2_stereo/install/yolo_msgs/lib:/home/corelab/CatchingBlimp/Summer2023/ros2_stereo/install/image_proc/lib:/home/corelab/CatchingBlimp/Summer2023/ros2_stereo/install/stereo_image_proc/lib:/home/corelab/CatchingBlimp/Summer2023/ros2_stereo/install/opencv_telemetry/lib:/home/corelab/CatchingBlimp/Summer2023/ros2_stereo/install/image_view/lib:/opt/ros/foxy/opt/yaml_cpp_vendor/lib:/opt/ros/foxy/opt/rviz_ogre_vendor/lib:/opt/ros/foxy/lib/x86_64-linux-gnu:/opt/ros/foxy/lib /usr/bin/cmake --build /home/corelab/CatchingBlimp/Summer2023/ros2_stereo/build/stereo_image_proc -- -j8 -l8
[0.208s] [ 25%] Built target disparity_node
[0.208s] [ 50%] Built target point_cloud_node
[0.219s] [100%] Built target stereo_image_proc
[0.227s] Invoked command in '/home/corelab/CatchingBlimp/Summer2023/ros2_stereo/build/stereo_image_proc' returned '0': CMAKE_PREFIX_PATH=/home/corelab/CatchingBlimp/Summer2023/ros2_stereo/install/yolo_msgs:/home/corelab/CatchingBlimp/Summer2023/ros2_stereo/install/image_proc:/home/corelab/CatchingBlimp/Summer2023/ros2_stereo/install/stereo_image_proc:/home/corelab/CatchingBlimp/Summer2023/ros2_stereo/install/stereo_combined:/home/corelab/CatchingBlimp/Summer2023/ros2_stereo/install/opencv_telemetry:/home/corelab/CatchingBlimp/Summer2023/ros2_stereo/install/image_view:/opt/ros/foxy LD_LIBRARY_PATH=/home/corelab/CatchingBlimp/Summer2023/ros2_stereo/install/yolo_msgs/lib:/home/corelab/CatchingBlimp/Summer2023/ros2_stereo/install/image_proc/lib:/home/corelab/CatchingBlimp/Summer2023/ros2_stereo/install/stereo_image_proc/lib:/home/corelab/CatchingBlimp/Summer2023/ros2_stereo/install/opencv_telemetry/lib:/home/corelab/CatchingBlimp/Summer2023/ros2_stereo/install/image_view/lib:/opt/ros/foxy/opt/yaml_cpp_vendor/lib:/opt/ros/foxy/opt/rviz_ogre_vendor/lib:/opt/ros/foxy/lib/x86_64-linux-gnu:/opt/ros/foxy/lib /usr/bin/cmake --build /home/corelab/CatchingBlimp/Summer2023/ros2_stereo/build/stereo_image_proc -- -j8 -l8
[0.251s] Invoking command in '/home/corelab/CatchingBlimp/Summer2023/ros2_stereo/build/stereo_image_proc': CMAKE_PREFIX_PATH=/home/corelab/CatchingBlimp/Summer2023/ros2_stereo/install/yolo_msgs:/home/corelab/CatchingBlimp/Summer2023/ros2_stereo/install/image_proc:/home/corelab/CatchingBlimp/Summer2023/ros2_stereo/install/stereo_image_proc:/home/corelab/CatchingBlimp/Summer2023/ros2_stereo/install/stereo_combined:/home/corelab/CatchingBlimp/Summer2023/ros2_stereo/install/opencv_telemetry:/home/corelab/CatchingBlimp/Summer2023/ros2_stereo/install/image_view:/opt/ros/foxy LD_LIBRARY_PATH=/home/corelab/CatchingBlimp/Summer2023/ros2_stereo/install/yolo_msgs/lib:/home/corelab/CatchingBlimp/Summer2023/ros2_stereo/install/image_proc/lib:/home/corelab/CatchingBlimp/Summer2023/ros2_stereo/install/stereo_image_proc/lib:/home/corelab/CatchingBlimp/Summer2023/ros2_stereo/install/opencv_telemetry/lib:/home/corelab/CatchingBlimp/Summer2023/ros2_stereo/install/image_view/lib:/opt/ros/foxy/opt/yaml_cpp_vendor/lib:/opt/ros/foxy/opt/rviz_ogre_vendor/lib:/opt/ros/foxy/lib/x86_64-linux-gnu:/opt/ros/foxy/lib /usr/bin/cmake --install /home/corelab/CatchingBlimp/Summer2023/ros2_stereo/build/stereo_image_proc
[0.257s] -- Install configuration: ""
[0.257s] -- Execute custom install script
[0.258s] -- Up-to-date symlink: /home/corelab/CatchingBlimp/Summer2023/ros2_stereo/install/stereo_image_proc/lib/stereo_image_proc/disparity_node
[0.258s] -- Up-to-date symlink: /home/corelab/CatchingBlimp/Summer2023/ros2_stereo/install/stereo_image_proc/lib/stereo_image_proc/point_cloud_node
[0.258s] -- Up-to-date symlink: /home/corelab/CatchingBlimp/Summer2023/ros2_stereo/install/stereo_image_proc/include/stereo_image_proc/stereo_processor.hpp
[0.258s] -- Up-to-date symlink: /home/corelab/CatchingBlimp/Summer2023/ros2_stereo/install/stereo_image_proc/share/stereo_image_proc/environment/library_path.sh
[0.259s] -- Up-to-date symlink: /home/corelab/CatchingBlimp/Summer2023/ros2_stereo/install/stereo_image_proc/share/stereo_image_proc/environment/library_path.dsv
[0.259s] -- Up-to-date symlink: /home/corelab/CatchingBlimp/Summer2023/ros2_stereo/install/stereo_image_proc/lib/libstereo_image_proc.so
[0.260s] -- Up-to-date symlink: /home/corelab/CatchingBlimp/Summer2023/ros2_stereo/install/stereo_image_proc/share/stereo_image_proc/launch/disparity.launch.py
[0.260s] -- Up-to-date symlink: /home/corelab/CatchingBlimp/Summer2023/ros2_stereo/install/stereo_image_proc/share/stereo_image_proc/launch/point_cloud.launch.py
[0.260s] -- Up-to-date symlink: /home/corelab/CatchingBlimp/Summer2023/ros2_stereo/install/stereo_image_proc/share/stereo_image_proc/launch/stereo_image_proc.launch.py
[0.260s] -- Up-to-date symlink: /home/corelab/CatchingBlimp/Summer2023/ros2_stereo/install/stereo_image_proc/share/ament_index/resource_index/package_run_dependencies/stereo_image_proc
[0.261s] -- Up-to-date symlink: /home/corelab/CatchingBlimp/Summer2023/ros2_stereo/install/stereo_image_proc/share/ament_index/resource_index/parent_prefix_path/stereo_image_proc
[0.261s] -- Up-to-date symlink: /home/corelab/CatchingBlimp/Summer2023/ros2_stereo/install/stereo_image_proc/share/stereo_image_proc/environment/ament_prefix_path.sh
[0.261s] -- Up-to-date symlink: /home/corelab/CatchingBlimp/Summer2023/ros2_stereo/install/stereo_image_proc/share/stereo_image_proc/environment/ament_prefix_path.dsv
[0.262s] -- Up-to-date symlink: /home/corelab/CatchingBlimp/Summer2023/ros2_stereo/install/stereo_image_proc/share/stereo_image_proc/environment/path.sh
[0.262s] -- Up-to-date symlink: /home/corelab/CatchingBlimp/Summer2023/ros2_stereo/install/stereo_image_proc/share/stereo_image_proc/environment/path.dsv
[0.262s] -- Up-to-date symlink: /home/corelab/CatchingBlimp/Summer2023/ros2_stereo/install/stereo_image_proc/share/stereo_image_proc/local_setup.bash
[0.262s] -- Up-to-date symlink: /home/corelab/CatchingBlimp/Summer2023/ros2_stereo/install/stereo_image_proc/share/stereo_image_proc/local_setup.sh
[0.263s] -- Up-to-date symlink: /home/corelab/CatchingBlimp/Summer2023/ros2_stereo/install/stereo_image_proc/share/stereo_image_proc/local_setup.zsh
[0.263s] -- Up-to-date symlink: /home/corelab/CatchingBlimp/Summer2023/ros2_stereo/install/stereo_image_proc/share/stereo_image_proc/local_setup.dsv
[0.263s] -- Symlinking: /home/corelab/CatchingBlimp/Summer2023/ros2_stereo/install/stereo_image_proc/share/stereo_image_proc/package.dsv
[0.270s] -- Up-to-date symlink: /home/corelab/CatchingBlimp/Summer2023/ros2_stereo/install/stereo_image_proc/share/ament_index/resource_index/packages/stereo_image_proc
[0.271s] -- Up-to-date symlink: /home/corelab/CatchingBlimp/Summer2023/ros2_stereo/install/stereo_image_proc/share/ament_index/resource_index/rclcpp_components/stereo_image_proc
[0.271s] -- Up-to-date symlink: /home/corelab/CatchingBlimp/Summer2023/ros2_stereo/install/stereo_image_proc/share/stereo_image_proc/cmake/ament_cmake_export_dependencies-extras.cmake
[0.271s] -- Up-to-date symlink: /home/corelab/CatchingBlimp/Summer2023/ros2_stereo/install/stereo_image_proc/share/stereo_image_proc/cmake/ament_cmake_export_include_directories-extras.cmake
[0.271s] -- Up-to-date symlink: /home/corelab/CatchingBlimp/Summer2023/ros2_stereo/install/stereo_image_proc/share/stereo_image_proc/cmake/ament_cmake_export_libraries-extras.cmake
[0.272s] -- Up-to-date symlink: /home/corelab/CatchingBlimp/Summer2023/ros2_stereo/install/stereo_image_proc/share/stereo_image_proc/cmake/stereo_image_procConfig.cmake
[0.272s] -- Up-to-date symlink: /home/corelab/CatchingBlimp/Summer2023/ros2_stereo/install/stereo_image_proc/share/stereo_image_proc/cmake/stereo_image_procConfig-version.cmake
[0.272s] -- Up-to-date symlink: /home/corelab/CatchingBlimp/Summer2023/ros2_stereo/install/stereo_image_proc/share/stereo_image_proc/package.xml
[0.274s] Invoked command in '/home/corelab/CatchingBlimp/Summer2023/ros2_stereo/build/stereo_image_proc' returned '0': CMAKE_PREFIX_PATH=/home/corelab/CatchingBlimp/Summer2023/ros2_stereo/install/yolo_msgs:/home/corelab/CatchingBlimp/Summer2023/ros2_stereo/install/image_proc:/home/corelab/CatchingBlimp/Summer2023/ros2_stereo/install/stereo_image_proc:/home/corelab/CatchingBlimp/Summer2023/ros2_stereo/install/stereo_combined:/home/corelab/CatchingBlimp/Summer2023/ros2_stereo/install/opencv_telemetry:/home/corelab/CatchingBlimp/Summer2023/ros2_stereo/install/image_view:/opt/ros/foxy LD_LIBRARY_PATH=/home/corelab/CatchingBlimp/Summer2023/ros2_stereo/install/yolo_msgs/lib:/home/corelab/CatchingBlimp/Summer2023/ros2_stereo/install/image_proc/lib:/home/corelab/CatchingBlimp/Summer2023/ros2_stereo/install/stereo_image_proc/lib:/home/corelab/CatchingBlimp/Summer2023/ros2_stereo/install/opencv_telemetry/lib:/home/corelab/CatchingBlimp/Summer2023/ros2_stereo/install/image_view/lib:/opt/ros/foxy/opt/yaml_cpp_vendor/lib:/opt/ros/foxy/opt/rviz_ogre_vendor/lib:/opt/ros/foxy/lib/x86_64-linux-gnu:/opt/ros/foxy/lib /usr/bin/cmake --install /home/corelab/CatchingBlimp/Summer2023/ros2_stereo/build/stereo_image_proc
