[0.206s] [34mcolcon[0m [1;30mDEBUG[0m [32mCommand line arguments: ['/usr/bin/colcon', 'build', '--packages-select', 'opencv_telemetry'][0m
[0.206s] [34mcolcon[0m [1;30mDEBUG[0m [32mParsed command line arguments: Namespace(allow_overriding=[], ament_cmake_args=None, base_paths=['.'], build_base='build', catkin_cmake_args=None, catkin_skip_building_tests=False, cmake_args=None, cmake_clean_cache=False, cmake_clean_first=False, cmake_force_configure=False, cmake_target=None, cmake_target_skip_unavailable=False, continue_on_error=False, event_handlers=None, executor='parallel', ignore_user_meta=False, install_base='install', log_base=None, log_level=None, main=<bound method BuildVerb.main of <colcon_core.verb.build.BuildVerb object at 0x7f35553b5f70>>, merge_install=False, metas=['./colcon.meta'], packages_above=None, packages_above_and_dependencies=None, packages_above_depth=None, packages_end=None, packages_ignore=None, packages_ignore_regex=None, packages_select=['opencv_telemetry'], packages_select_build_failed=False, packages_select_by_dep=None, packages_select_regex=None, packages_select_test_failures=False, packages_skip=None, packages_skip_build_finished=False, packages_skip_by_dep=None, packages_skip_regex=None, packages_skip_test_passed=False, packages_skip_up_to=None, packages_start=None, packages_up_to=None, packages_up_to_regex=None, parallel_workers=16, paths=None, symlink_install=False, test_result_base=None, verb_extension=<colcon_core.verb.build.BuildVerb object at 0x7f35553b5f70>, verb_name='build', verb_parser=<colcon_defaults.argument_parser.defaults.DefaultArgumentsDecorator object at 0x7f35552f5790>)[0m
[0.228s] [34mcolcon.colcon_core.package_discovery[0m [1;30mLevel 1[0m discover_packages(colcon_meta) check parameters
[0.228s] [34mcolcon.colcon_core.package_discovery[0m [1;30mLevel 1[0m discover_packages(recursive) check parameters
[0.228s] [34mcolcon.colcon_core.package_discovery[0m [1;30mLevel 1[0m discover_packages(ignore) check parameters
[0.229s] [34mcolcon.colcon_core.package_discovery[0m [1;30mLevel 1[0m discover_packages(path) check parameters
[0.229s] [34mcolcon.colcon_core.package_discovery[0m [1;30mLevel 1[0m discover_packages(colcon_meta) discover
[0.229s] [34mcolcon.colcon_core.package_discovery[0m [1;30mLevel 1[0m discover_packages(recursive) discover
[0.229s] [34mcolcon.colcon_core.package_discovery[0m [1;30mINFO[0m Crawling recursively for packages in '/home/corelab/ros2_stereo'
[0.229s] [34mcolcon.colcon_core.package_identification[0m [1;30mLevel 1[0m _identify(.) by extensions ['ignore', 'ignore_ament_install']
[0.229s] [34mcolcon.colcon_core.package_identification[0m [1;30mLevel 1[0m _identify(.) by extension 'ignore'
[0.229s] [34mcolcon.colcon_core.package_identification[0m [1;30mLevel 1[0m _identify(.) by extension 'ignore_ament_install'
[0.229s] [34mcolcon.colcon_core.package_identification[0m [1;30mLevel 1[0m _identify(.) by extensions ['colcon_pkg']
[0.229s] [34mcolcon.colcon_core.package_identification[0m [1;30mLevel 1[0m _identify(.) by extension 'colcon_pkg'
[0.229s] [34mcolcon.colcon_core.package_identification[0m [1;30mLevel 1[0m _identify(.) by extensions ['colcon_meta']
[0.229s] [34mcolcon.colcon_core.package_identification[0m [1;30mLevel 1[0m _identify(.) by extension 'colcon_meta'
[0.229s] [34mcolcon.colcon_core.package_identification[0m [1;30mLevel 1[0m _identify(.) by extensions ['ros']
[0.229s] [34mcolcon.colcon_core.package_identification[0m [1;30mLevel 1[0m _identify(.) by extension 'ros'
[0.236s] [34mcolcon.colcon_core.package_identification[0m [1;30mLevel 1[0m _identify(.) by extensions ['cmake', 'python']
[0.236s] [34mcolcon.colcon_core.package_identification[0m [1;30mLevel 1[0m _identify(.) by extension 'cmake'
[0.236s] [34mcolcon.colcon_core.package_identification[0m [1;30mLevel 1[0m _identify(.) by extension 'python'
[0.236s] [34mcolcon.colcon_core.package_identification[0m [1;30mLevel 1[0m _identify(.) by extensions ['python_setup_py']
[0.236s] [34mcolcon.colcon_core.package_identification[0m [1;30mLevel 1[0m _identify(.) by extension 'python_setup_py'
[0.236s] [34mcolcon.colcon_core.package_identification[0m [1;30mLevel 1[0m _identify(build) by extensions ['ignore', 'ignore_ament_install']
[0.236s] [34mcolcon.colcon_core.package_identification[0m [1;30mLevel 1[0m _identify(build) by extension 'ignore'
[0.237s] [34mcolcon.colcon_core.package_identification[0m [1;30mLevel 1[0m _identify(build) ignored
[0.237s] [34mcolcon.colcon_core.package_identification[0m [1;30mLevel 1[0m _identify(install) by extensions ['ignore', 'ignore_ament_install']
[0.237s] [34mcolcon.colcon_core.package_identification[0m [1;30mLevel 1[0m _identify(install) by extension 'ignore'
[0.237s] [34mcolcon.colcon_core.package_identification[0m [1;30mLevel 1[0m _identify(install) ignored
[0.237s] [34mcolcon.colcon_core.package_identification[0m [1;30mLevel 1[0m _identify(log) by extensions ['ignore', 'ignore_ament_install']
[0.237s] [34mcolcon.colcon_core.package_identification[0m [1;30mLevel 1[0m _identify(log) by extension 'ignore'
[0.237s] [34mcolcon.colcon_core.package_identification[0m [1;30mLevel 1[0m _identify(log) ignored
[0.237s] [34mcolcon.colcon_core.package_identification[0m [1;30mLevel 1[0m _identify(src) by extensions ['ignore', 'ignore_ament_install']
[0.237s] [34mcolcon.colcon_core.package_identification[0m [1;30mLevel 1[0m _identify(src) by extension 'ignore'
[0.237s] [34mcolcon.colcon_core.package_identification[0m [1;30mLevel 1[0m _identify(src) by extension 'ignore_ament_install'
[0.237s] [34mcolcon.colcon_core.package_identification[0m [1;30mLevel 1[0m _identify(src) by extensions ['colcon_pkg']
[0.237s] [34mcolcon.colcon_core.package_identification[0m [1;30mLevel 1[0m _identify(src) by extension 'colcon_pkg'
[0.237s] [34mcolcon.colcon_core.package_identification[0m [1;30mLevel 1[0m _identify(src) by extensions ['colcon_meta']
[0.237s] [34mcolcon.colcon_core.package_identification[0m [1;30mLevel 1[0m _identify(src) by extension 'colcon_meta'
[0.237s] [34mcolcon.colcon_core.package_identification[0m [1;30mLevel 1[0m _identify(src) by extensions ['ros']
[0.237s] [34mcolcon.colcon_core.package_identification[0m [1;30mLevel 1[0m _identify(src) by extension 'ros'
[0.237s] [34mcolcon.colcon_core.package_identification[0m [1;30mLevel 1[0m _identify(src) by extensions ['cmake', 'python']
[0.237s] [34mcolcon.colcon_core.package_identification[0m [1;30mLevel 1[0m _identify(src) by extension 'cmake'
[0.237s] [34mcolcon.colcon_core.package_identification[0m [1;30mLevel 1[0m _identify(src) by extension 'python'
[0.237s] [34mcolcon.colcon_core.package_identification[0m [1;30mLevel 1[0m _identify(src) by extensions ['python_setup_py']
[0.237s] [34mcolcon.colcon_core.package_identification[0m [1;30mLevel 1[0m _identify(src) by extension 'python_setup_py'
[0.237s] [34mcolcon.colcon_core.package_identification[0m [1;30mLevel 1[0m _identify(src/gscam2) by extensions ['ignore', 'ignore_ament_install']
[0.237s] [34mcolcon.colcon_core.package_identification[0m [1;30mLevel 1[0m _identify(src/gscam2) by extension 'ignore'
[0.237s] [34mcolcon.colcon_core.package_identification[0m [1;30mLevel 1[0m _identify(src/gscam2) by extension 'ignore_ament_install'
[0.237s] [34mcolcon.colcon_core.package_identification[0m [1;30mLevel 1[0m _identify(src/gscam2) by extensions ['colcon_pkg']
[0.237s] [34mcolcon.colcon_core.package_identification[0m [1;30mLevel 1[0m _identify(src/gscam2) by extension 'colcon_pkg'
[0.237s] [34mcolcon.colcon_core.package_identification[0m [1;30mLevel 1[0m _identify(src/gscam2) by extensions ['colcon_meta']
[0.237s] [34mcolcon.colcon_core.package_identification[0m [1;30mLevel 1[0m _identify(src/gscam2) by extension 'colcon_meta'
[0.237s] [34mcolcon.colcon_core.package_identification[0m [1;30mLevel 1[0m _identify(src/gscam2) by extensions ['ros']
[0.237s] [34mcolcon.colcon_core.package_identification[0m [1;30mLevel 1[0m _identify(src/gscam2) by extension 'ros'
[0.240s] [34mcolcon.colcon_core.package_identification[0m [1;30mDEBUG[0m [32mPackage 'src/gscam2' with type 'ros.ament_cmake' and name 'gscam2'[0m
[0.240s] [34mcolcon.colcon_core.package_identification[0m [1;30mLevel 1[0m _identify(src/image_proc) by extensions ['ignore', 'ignore_ament_install']
[0.240s] [34mcolcon.colcon_core.package_identification[0m [1;30mLevel 1[0m _identify(src/image_proc) by extension 'ignore'
[0.240s] [34mcolcon.colcon_core.package_identification[0m [1;30mLevel 1[0m _identify(src/image_proc) by extension 'ignore_ament_install'
[0.240s] [34mcolcon.colcon_core.package_identification[0m [1;30mLevel 1[0m _identify(src/image_proc) by extensions ['colcon_pkg']
[0.240s] [34mcolcon.colcon_core.package_identification[0m [1;30mLevel 1[0m _identify(src/image_proc) by extension 'colcon_pkg'
[0.240s] [34mcolcon.colcon_core.package_identification[0m [1;30mLevel 1[0m _identify(src/image_proc) by extensions ['colcon_meta']
[0.240s] [34mcolcon.colcon_core.package_identification[0m [1;30mLevel 1[0m _identify(src/image_proc) by extension 'colcon_meta'
[0.240s] [34mcolcon.colcon_core.package_identification[0m [1;30mLevel 1[0m _identify(src/image_proc) by extensions ['ros']
[0.240s] [34mcolcon.colcon_core.package_identification[0m [1;30mLevel 1[0m _identify(src/image_proc) by extension 'ros'
[0.240s] [34mcolcon.colcon_core.package_identification[0m [1;30mDEBUG[0m [32mPackage 'src/image_proc' with type 'ros.ament_cmake' and name 'image_proc'[0m
[0.241s] [34mcolcon.colcon_core.package_identification[0m [1;30mLevel 1[0m _identify(src/image_view) by extensions ['ignore', 'ignore_ament_install']
[0.241s] [34mcolcon.colcon_core.package_identification[0m [1;30mLevel 1[0m _identify(src/image_view) by extension 'ignore'
[0.241s] [34mcolcon.colcon_core.package_identification[0m [1;30mLevel 1[0m _identify(src/image_view) by extension 'ignore_ament_install'
[0.241s] [34mcolcon.colcon_core.package_identification[0m [1;30mLevel 1[0m _identify(src/image_view) by extensions ['colcon_pkg']
[0.241s] [34mcolcon.colcon_core.package_identification[0m [1;30mLevel 1[0m _identify(src/image_view) by extension 'colcon_pkg'
[0.241s] [34mcolcon.colcon_core.package_identification[0m [1;30mLevel 1[0m _identify(src/image_view) by extensions ['colcon_meta']
[0.241s] [34mcolcon.colcon_core.package_identification[0m [1;30mLevel 1[0m _identify(src/image_view) by extension 'colcon_meta'
[0.241s] [34mcolcon.colcon_core.package_identification[0m [1;30mLevel 1[0m _identify(src/image_view) by extensions ['ros']
[0.241s] [34mcolcon.colcon_core.package_identification[0m [1;30mLevel 1[0m _identify(src/image_view) by extension 'ros'
[0.241s] [34mcolcon.colcon_core.package_identification[0m [1;30mDEBUG[0m [32mPackage 'src/image_view' with type 'ros.ament_cmake' and name 'image_view'[0m
[0.241s] [34mcolcon.colcon_core.package_identification[0m [1;30mLevel 1[0m _identify(src/opencv_telemetry) by extensions ['ignore', 'ignore_ament_install']
[0.242s] [34mcolcon.colcon_core.package_identification[0m [1;30mLevel 1[0m _identify(src/opencv_telemetry) by extension 'ignore'
[0.242s] [34mcolcon.colcon_core.package_identification[0m [1;30mLevel 1[0m _identify(src/opencv_telemetry) by extension 'ignore_ament_install'
[0.242s] [34mcolcon.colcon_core.package_identification[0m [1;30mLevel 1[0m _identify(src/opencv_telemetry) by extensions ['colcon_pkg']
[0.242s] [34mcolcon.colcon_core.package_identification[0m [1;30mLevel 1[0m _identify(src/opencv_telemetry) by extension 'colcon_pkg'
[0.242s] [34mcolcon.colcon_core.package_identification[0m [1;30mLevel 1[0m _identify(src/opencv_telemetry) by extensions ['colcon_meta']
[0.242s] [34mcolcon.colcon_core.package_identification[0m [1;30mLevel 1[0m _identify(src/opencv_telemetry) by extension 'colcon_meta'
[0.242s] [34mcolcon.colcon_core.package_identification[0m [1;30mLevel 1[0m _identify(src/opencv_telemetry) by extensions ['ros']
[0.242s] [34mcolcon.colcon_core.package_identification[0m [1;30mLevel 1[0m _identify(src/opencv_telemetry) by extension 'ros'
[0.242s] [34mcolcon.colcon_core.package_identification[0m [1;30mDEBUG[0m [32mPackage 'src/opencv_telemetry' with type 'ros.ament_cmake' and name 'opencv_telemetry'[0m
[0.242s] [34mcolcon.colcon_core.package_identification[0m [1;30mLevel 1[0m _identify(src/ros2_shared) by extensions ['ignore', 'ignore_ament_install']
[0.242s] [34mcolcon.colcon_core.package_identification[0m [1;30mLevel 1[0m _identify(src/ros2_shared) by extension 'ignore'
[0.242s] [34mcolcon.colcon_core.package_identification[0m [1;30mLevel 1[0m _identify(src/ros2_shared) by extension 'ignore_ament_install'
[0.242s] [34mcolcon.colcon_core.package_identification[0m [1;30mLevel 1[0m _identify(src/ros2_shared) by extensions ['colcon_pkg']
[0.242s] [34mcolcon.colcon_core.package_identification[0m [1;30mLevel 1[0m _identify(src/ros2_shared) by extension 'colcon_pkg'
[0.242s] [34mcolcon.colcon_core.package_identification[0m [1;30mLevel 1[0m _identify(src/ros2_shared) by extensions ['colcon_meta']
[0.242s] [34mcolcon.colcon_core.package_identification[0m [1;30mLevel 1[0m _identify(src/ros2_shared) by extension 'colcon_meta'
[0.242s] [34mcolcon.colcon_core.package_identification[0m [1;30mLevel 1[0m _identify(src/ros2_shared) by extensions ['ros']
[0.242s] [34mcolcon.colcon_core.package_identification[0m [1;30mLevel 1[0m _identify(src/ros2_shared) by extension 'ros'
[0.243s] [34mcolcon.colcon_core.package_identification[0m [1;30mDEBUG[0m [32mPackage 'src/ros2_shared' with type 'ros.ament_cmake' and name 'ros2_shared'[0m
[0.243s] [34mcolcon.colcon_core.package_identification[0m [1;30mLevel 1[0m _identify(src/stereo_image_proc) by extensions ['ignore', 'ignore_ament_install']
[0.243s] [34mcolcon.colcon_core.package_identification[0m [1;30mLevel 1[0m _identify(src/stereo_image_proc) by extension 'ignore'
[0.243s] [34mcolcon.colcon_core.package_identification[0m [1;30mLevel 1[0m _identify(src/stereo_image_proc) by extension 'ignore_ament_install'
[0.243s] [34mcolcon.colcon_core.package_identification[0m [1;30mLevel 1[0m _identify(src/stereo_image_proc) by extensions ['colcon_pkg']
[0.243s] [34mcolcon.colcon_core.package_identification[0m [1;30mLevel 1[0m _identify(src/stereo_image_proc) by extension 'colcon_pkg'
[0.243s] [34mcolcon.colcon_core.package_identification[0m [1;30mLevel 1[0m _identify(src/stereo_image_proc) by extensions ['colcon_meta']
[0.243s] [34mcolcon.colcon_core.package_identification[0m [1;30mLevel 1[0m _identify(src/stereo_image_proc) by extension 'colcon_meta'
[0.243s] [34mcolcon.colcon_core.package_identification[0m [1;30mLevel 1[0m _identify(src/stereo_image_proc) by extensions ['ros']
[0.243s] [34mcolcon.colcon_core.package_identification[0m [1;30mLevel 1[0m _identify(src/stereo_image_proc) by extension 'ros'
[0.244s] [34mcolcon.colcon_core.package_identification[0m [1;30mDEBUG[0m [32mPackage 'src/stereo_image_proc' with type 'ros.ament_cmake' and name 'stereo_image_proc'[0m
[0.244s] [34mcolcon.colcon_core.package_identification[0m [1;30mLevel 1[0m _identify(src/yolo_msgs) by extensions ['ignore', 'ignore_ament_install']
[0.244s] [34mcolcon.colcon_core.package_identification[0m [1;30mLevel 1[0m _identify(src/yolo_msgs) by extension 'ignore'
[0.244s] [34mcolcon.colcon_core.package_identification[0m [1;30mLevel 1[0m _identify(src/yolo_msgs) by extension 'ignore_ament_install'
[0.244s] [34mcolcon.colcon_core.package_identification[0m [1;30mLevel 1[0m _identify(src/yolo_msgs) by extensions ['colcon_pkg']
[0.244s] [34mcolcon.colcon_core.package_identification[0m [1;30mLevel 1[0m _identify(src/yolo_msgs) by extension 'colcon_pkg'
[0.244s] [34mcolcon.colcon_core.package_identification[0m [1;30mLevel 1[0m _identify(src/yolo_msgs) by extensions ['colcon_meta']
[0.244s] [34mcolcon.colcon_core.package_identification[0m [1;30mLevel 1[0m _identify(src/yolo_msgs) by extension 'colcon_meta'
[0.244s] [34mcolcon.colcon_core.package_identification[0m [1;30mLevel 1[0m _identify(src/yolo_msgs) by extensions ['ros']
[0.244s] [34mcolcon.colcon_core.package_identification[0m [1;30mLevel 1[0m _identify(src/yolo_msgs) by extension 'ros'
[0.244s] [34mcolcon.colcon_core.package_identification[0m [1;30mDEBUG[0m [32mPackage 'src/yolo_msgs' with type 'ros.ament_cmake' and name 'yolo_msgs'[0m
[0.244s] [34mcolcon.colcon_core.package_discovery[0m [1;30mLevel 1[0m discover_packages(recursive) using defaults
[0.244s] [34mcolcon.colcon_core.package_discovery[0m [1;30mLevel 1[0m discover_packages(ignore) discover
[0.244s] [34mcolcon.colcon_core.package_discovery[0m [1;30mLevel 1[0m discover_packages(ignore) using defaults
[0.244s] [34mcolcon.colcon_core.package_discovery[0m [1;30mLevel 1[0m discover_packages(path) discover
[0.244s] [34mcolcon.colcon_core.package_discovery[0m [1;30mLevel 1[0m discover_packages(path) using defaults
[0.254s] [34mcolcon.colcon_core.package_selection[0m [1;30mINFO[0m Skipping not selected package 'image_proc' in 'src/image_proc'
[0.254s] [34mcolcon.colcon_core.package_selection[0m [1;30mINFO[0m Skipping not selected package 'image_view' in 'src/image_view'
[0.254s] [34mcolcon.colcon_core.package_selection[0m [1;30mINFO[0m Skipping not selected package 'ros2_shared' in 'src/ros2_shared'
[0.254s] [34mcolcon.colcon_core.package_selection[0m [1;30mINFO[0m Skipping not selected package 'yolo_msgs' in 'src/yolo_msgs'
[0.254s] [34mcolcon.colcon_core.package_selection[0m [1;30mINFO[0m Skipping not selected package 'gscam2' in 'src/gscam2'
[0.254s] [34mcolcon.colcon_core.package_selection[0m [1;30mINFO[0m Skipping not selected package 'stereo_image_proc' in 'src/stereo_image_proc'
[0.255s] [34mcolcon.colcon_core.package_discovery[0m [1;30mLevel 1[0m discover_packages(prefix_path) check parameters
[0.255s] [34mcolcon.colcon_core.package_discovery[0m [1;30mLevel 1[0m discover_packages(prefix_path) discover
[0.257s] [34mcolcon.colcon_installed_package_information.package_discovery[0m [1;30mDEBUG[0m [32mFound 7 installed packages in /home/corelab/ros2_stereo/install[0m
[0.259s] [34mcolcon.colcon_installed_package_information.package_discovery[0m [1;30mDEBUG[0m [32mFound 1075 installed packages in /opt/ros/foxy[0m
[0.268s] [34mcolcon.colcon_core.package_discovery[0m [1;30mLevel 1[0m discover_packages(prefix_path) using defaults
[0.332s] [34mcolcon.colcon_core.verb[0m [1;30mLevel 5[0m set package 'opencv_telemetry' build argument 'cmake_args' from command line to 'None'
[0.332s] [34mcolcon.colcon_core.verb[0m [1;30mLevel 5[0m set package 'opencv_telemetry' build argument 'cmake_target' from command line to 'None'
[0.332s] [34mcolcon.colcon_core.verb[0m [1;30mLevel 5[0m set package 'opencv_telemetry' build argument 'cmake_target_skip_unavailable' from command line to 'False'
[0.332s] [34mcolcon.colcon_core.verb[0m [1;30mLevel 5[0m set package 'opencv_telemetry' build argument 'cmake_clean_cache' from command line to 'False'
[0.332s] [34mcolcon.colcon_core.verb[0m [1;30mLevel 5[0m set package 'opencv_telemetry' build argument 'cmake_clean_first' from command line to 'False'
[0.332s] [34mcolcon.colcon_core.verb[0m [1;30mLevel 5[0m set package 'opencv_telemetry' build argument 'cmake_force_configure' from command line to 'False'
[0.332s] [34mcolcon.colcon_core.verb[0m [1;30mLevel 5[0m set package 'opencv_telemetry' build argument 'ament_cmake_args' from command line to 'None'
[0.332s] [34mcolcon.colcon_core.verb[0m [1;30mLevel 5[0m set package 'opencv_telemetry' build argument 'catkin_cmake_args' from command line to 'None'
[0.332s] [34mcolcon.colcon_core.verb[0m [1;30mLevel 5[0m set package 'opencv_telemetry' build argument 'catkin_skip_building_tests' from command line to 'False'
[0.332s] [34mcolcon.colcon_core.verb[0m [1;30mDEBUG[0m [32mBuilding package 'opencv_telemetry' with the following arguments: {'ament_cmake_args': None, 'build_base': '/home/corelab/ros2_stereo/build/opencv_telemetry', 'catkin_cmake_args': None, 'catkin_skip_building_tests': False, 'cmake_args': None, 'cmake_clean_cache': False, 'cmake_clean_first': False, 'cmake_force_configure': False, 'cmake_target': None, 'cmake_target_skip_unavailable': False, 'install_base': '/home/corelab/ros2_stereo/install/opencv_telemetry', 'merge_install': False, 'path': '/home/corelab/ros2_stereo/src/opencv_telemetry', 'symlink_install': False, 'test_result_base': None}[0m
[0.333s] [34mcolcon.colcon_core.executor[0m [1;30mINFO[0m Executing jobs using 'parallel' executor
[0.335s] [34mcolcon.colcon_parallel_executor.executor.parallel[0m [1;30mDEBUG[0m [32mrun_until_complete[0m
[0.335s] [34mcolcon.colcon_ros.task.ament_cmake.build[0m [1;30mINFO[0m Building ROS package in '/home/corelab/ros2_stereo/src/opencv_telemetry' with build type 'ament_cmake'
[0.335s] [34mcolcon.colcon_cmake.task.cmake.build[0m [1;30mINFO[0m Building CMake package in '/home/corelab/ros2_stereo/src/opencv_telemetry'
[0.337s] [34mcolcon.colcon_core.plugin_system[0m [1;30mINFO[0m Skipping extension 'colcon_core.shell.bat': Not used on non-Windows systems
[0.337s] [34mcolcon.colcon_core.shell[0m [1;30mINFO[0m Skip shell extension 'powershell' for command environment: Not usable outside of PowerShell
[0.337s] [34mcolcon.colcon_core.shell[0m [1;30mDEBUG[0m [32mSkip shell extension 'dsv' for command environment[0m
[0.348s] [34mcolcon.colcon_core.event_handler.log_command[0m [1;30mDEBUG[0m [32mInvoking command in '/home/corelab/ros2_stereo/build/opencv_telemetry': CMAKE_PREFIX_PATH=${CMAKE_PREFIX_PATH}:/opt/ros/foxy /home/corelab/.local/bin/cmake --build /home/corelab/ros2_stereo/build/opencv_telemetry -- -j16 -l16[0m
[4.373s] [34mcolcon.colcon_core.event_handler.log_command[0m [1;30mDEBUG[0m [32mInvoked command in '/home/corelab/ros2_stereo/build/opencv_telemetry' returned '0': CMAKE_PREFIX_PATH=${CMAKE_PREFIX_PATH}:/opt/ros/foxy /home/corelab/.local/bin/cmake --build /home/corelab/ros2_stereo/build/opencv_telemetry -- -j16 -l16[0m
[4.701s] [34mcolcon.colcon_core.event_handler.log_command[0m [1;30mDEBUG[0m [32mInvoking command in '/home/corelab/ros2_stereo/build/opencv_telemetry': CMAKE_PREFIX_PATH=${CMAKE_PREFIX_PATH}:/opt/ros/foxy /home/corelab/.local/bin/cmake --install /home/corelab/ros2_stereo/build/opencv_telemetry[0m
[4.768s] [34mcolcon.colcon_core.environment[0m [1;30mLevel 1[0m create_environment_scripts_only(opencv_telemetry)
[4.768s] [34mcolcon.colcon_core.event_handler.log_command[0m [1;30mDEBUG[0m [32mInvoked command in '/home/corelab/ros2_stereo/build/opencv_telemetry' returned '0': CMAKE_PREFIX_PATH=${CMAKE_PREFIX_PATH}:/opt/ros/foxy /home/corelab/.local/bin/cmake --install /home/corelab/ros2_stereo/build/opencv_telemetry[0m
[4.771s] [34mcolcon.colcon_core.environment[0m [1;30mLevel 1[0m checking '/home/corelab/ros2_stereo/install/opencv_telemetry' for CMake module files
[4.772s] [34mcolcon.colcon_core.environment[0m [1;30mLevel 1[0m checking '/home/corelab/ros2_stereo/install/opencv_telemetry' for CMake config files
[4.772s] [34mcolcon.colcon_core.shell[0m [1;30mLevel 1[0m create_environment_hook('opencv_telemetry', 'cmake_prefix_path')
[4.773s] [34mcolcon.colcon_core.shell[0m [1;30mINFO[0m Creating environment hook '/home/corelab/ros2_stereo/install/opencv_telemetry/share/opencv_telemetry/hook/cmake_prefix_path.ps1'
[4.773s] [34mcolcon.colcon_core.shell[0m [1;30mINFO[0m Creating environment descriptor '/home/corelab/ros2_stereo/install/opencv_telemetry/share/opencv_telemetry/hook/cmake_prefix_path.dsv'
[4.773s] [34mcolcon.colcon_core.shell[0m [1;30mINFO[0m Creating environment hook '/home/corelab/ros2_stereo/install/opencv_telemetry/share/opencv_telemetry/hook/cmake_prefix_path.sh'
[4.774s] [34mcolcon.colcon_core.environment[0m [1;30mLevel 1[0m checking '/home/corelab/ros2_stereo/install/opencv_telemetry/lib'
[4.774s] [34mcolcon.colcon_core.shell[0m [1;30mLevel 1[0m create_environment_hook('opencv_telemetry', 'ld_library_path_lib')
[4.775s] [34mcolcon.colcon_core.shell[0m [1;30mINFO[0m Creating environment hook '/home/corelab/ros2_stereo/install/opencv_telemetry/share/opencv_telemetry/hook/ld_library_path_lib.ps1'
[4.775s] [34mcolcon.colcon_core.shell[0m [1;30mINFO[0m Creating environment descriptor '/home/corelab/ros2_stereo/install/opencv_telemetry/share/opencv_telemetry/hook/ld_library_path_lib.dsv'
[4.775s] [34mcolcon.colcon_core.shell[0m [1;30mINFO[0m Creating environment hook '/home/corelab/ros2_stereo/install/opencv_telemetry/share/opencv_telemetry/hook/ld_library_path_lib.sh'
[4.775s] [34mcolcon.colcon_core.environment[0m [1;30mLevel 1[0m checking '/home/corelab/ros2_stereo/install/opencv_telemetry/bin'
[4.776s] [34mcolcon.colcon_core.environment[0m [1;30mLevel 1[0m checking '/home/corelab/ros2_stereo/install/opencv_telemetry/lib/pkgconfig/opencv_telemetry.pc'
[4.776s] [34mcolcon.colcon_core.environment[0m [1;30mLevel 1[0m checking '/home/corelab/ros2_stereo/install/opencv_telemetry/lib/python3.8/site-packages'
[4.776s] [34mcolcon.colcon_core.shell[0m [1;30mLevel 1[0m create_environment_hook('opencv_telemetry', 'pythonpath')
[4.777s] [34mcolcon.colcon_core.shell[0m [1;30mINFO[0m Creating environment hook '/home/corelab/ros2_stereo/install/opencv_telemetry/share/opencv_telemetry/hook/pythonpath.ps1'
[4.777s] [34mcolcon.colcon_core.shell[0m [1;30mINFO[0m Creating environment descriptor '/home/corelab/ros2_stereo/install/opencv_telemetry/share/opencv_telemetry/hook/pythonpath.dsv'
[4.777s] [34mcolcon.colcon_core.shell[0m [1;30mINFO[0m Creating environment hook '/home/corelab/ros2_stereo/install/opencv_telemetry/share/opencv_telemetry/hook/pythonpath.sh'
[4.777s] [34mcolcon.colcon_core.environment[0m [1;30mLevel 1[0m checking '/home/corelab/ros2_stereo/install/opencv_telemetry/bin'
[4.778s] [34mcolcon.colcon_core.shell[0m [1;30mINFO[0m Creating package script '/home/corelab/ros2_stereo/install/opencv_telemetry/share/opencv_telemetry/package.ps1'
[4.778s] [34mcolcon.colcon_core.shell[0m [1;30mINFO[0m Creating package descriptor '/home/corelab/ros2_stereo/install/opencv_telemetry/share/opencv_telemetry/package.dsv'
[4.779s] [34mcolcon.colcon_core.shell[0m [1;30mINFO[0m Creating package script '/home/corelab/ros2_stereo/install/opencv_telemetry/share/opencv_telemetry/package.sh'
[4.779s] [34mcolcon.colcon_core.shell[0m [1;30mINFO[0m Creating package script '/home/corelab/ros2_stereo/install/opencv_telemetry/share/opencv_telemetry/package.bash'
[4.780s] [34mcolcon.colcon_core.shell[0m [1;30mINFO[0m Creating package script '/home/corelab/ros2_stereo/install/opencv_telemetry/share/opencv_telemetry/package.zsh'
[4.780s] [34mcolcon.colcon_core.environment[0m [1;30mLevel 1[0m create_file_with_runtime_dependencies(/home/corelab/ros2_stereo/install/opencv_telemetry/share/colcon-core/packages/opencv_telemetry)
[4.851s] [34mcolcon.colcon_core.environment[0m [1;30mLevel 1[0m create_environment_scripts_only(opencv_telemetry)
[4.852s] [34mcolcon.colcon_core.environment[0m [1;30mLevel 1[0m checking '/home/corelab/ros2_stereo/install/opencv_telemetry' for CMake module files
[4.853s] [34mcolcon.colcon_core.environment[0m [1;30mLevel 1[0m checking '/home/corelab/ros2_stereo/install/opencv_telemetry' for CMake config files
[4.853s] [34mcolcon.colcon_core.shell[0m [1;30mLevel 1[0m create_environment_hook('opencv_telemetry', 'cmake_prefix_path')
[4.854s] [34mcolcon.colcon_core.shell[0m [1;30mINFO[0m Creating environment hook '/home/corelab/ros2_stereo/install/opencv_telemetry/share/opencv_telemetry/hook/cmake_prefix_path.ps1'
[4.854s] [34mcolcon.colcon_core.shell[0m [1;30mINFO[0m Creating environment descriptor '/home/corelab/ros2_stereo/install/opencv_telemetry/share/opencv_telemetry/hook/cmake_prefix_path.dsv'
[4.854s] [34mcolcon.colcon_core.shell[0m [1;30mINFO[0m Creating environment hook '/home/corelab/ros2_stereo/install/opencv_telemetry/share/opencv_telemetry/hook/cmake_prefix_path.sh'
[4.855s] [34mcolcon.colcon_core.environment[0m [1;30mLevel 1[0m checking '/home/corelab/ros2_stereo/install/opencv_telemetry/lib'
[4.855s] [34mcolcon.colcon_core.shell[0m [1;30mLevel 1[0m create_environment_hook('opencv_telemetry', 'ld_library_path_lib')
[4.856s] [34mcolcon.colcon_core.shell[0m [1;30mINFO[0m Creating environment hook '/home/corelab/ros2_stereo/install/opencv_telemetry/share/opencv_telemetry/hook/ld_library_path_lib.ps1'
[4.856s] [34mcolcon.colcon_core.shell[0m [1;30mINFO[0m Creating environment descriptor '/home/corelab/ros2_stereo/install/opencv_telemetry/share/opencv_telemetry/hook/ld_library_path_lib.dsv'
[4.856s] [34mcolcon.colcon_core.shell[0m [1;30mINFO[0m Creating environment hook '/home/corelab/ros2_stereo/install/opencv_telemetry/share/opencv_telemetry/hook/ld_library_path_lib.sh'
[4.857s] [34mcolcon.colcon_core.environment[0m [1;30mLevel 1[0m checking '/home/corelab/ros2_stereo/install/opencv_telemetry/bin'
[4.857s] [34mcolcon.colcon_core.environment[0m [1;30mLevel 1[0m checking '/home/corelab/ros2_stereo/install/opencv_telemetry/lib/pkgconfig/opencv_telemetry.pc'
[4.857s] [34mcolcon.colcon_core.environment[0m [1;30mLevel 1[0m checking '/home/corelab/ros2_stereo/install/opencv_telemetry/lib/python3.8/site-packages'
[4.857s] [34mcolcon.colcon_core.shell[0m [1;30mLevel 1[0m create_environment_hook('opencv_telemetry', 'pythonpath')
[4.858s] [34mcolcon.colcon_core.shell[0m [1;30mINFO[0m Creating environment hook '/home/corelab/ros2_stereo/install/opencv_telemetry/share/opencv_telemetry/hook/pythonpath.ps1'
[4.858s] [34mcolcon.colcon_core.shell[0m [1;30mINFO[0m Creating environment descriptor '/home/corelab/ros2_stereo/install/opencv_telemetry/share/opencv_telemetry/hook/pythonpath.dsv'
[4.859s] [34mcolcon.colcon_core.shell[0m [1;30mINFO[0m Creating environment hook '/home/corelab/ros2_stereo/install/opencv_telemetry/share/opencv_telemetry/hook/pythonpath.sh'
[4.859s] [34mcolcon.colcon_core.environment[0m [1;30mLevel 1[0m checking '/home/corelab/ros2_stereo/install/opencv_telemetry/bin'
[4.861s] [34mcolcon.colcon_core.shell[0m [1;30mINFO[0m Creating package script '/home/corelab/ros2_stereo/install/opencv_telemetry/share/opencv_telemetry/package.ps1'
[4.862s] [34mcolcon.colcon_core.shell[0m [1;30mINFO[0m Creating package descriptor '/home/corelab/ros2_stereo/install/opencv_telemetry/share/opencv_telemetry/package.dsv'
[4.862s] [34mcolcon.colcon_core.shell[0m [1;30mINFO[0m Creating package script '/home/corelab/ros2_stereo/install/opencv_telemetry/share/opencv_telemetry/package.sh'
[4.863s] [34mcolcon.colcon_core.shell[0m [1;30mINFO[0m Creating package script '/home/corelab/ros2_stereo/install/opencv_telemetry/share/opencv_telemetry/package.bash'
[4.863s] [34mcolcon.colcon_core.shell[0m [1;30mINFO[0m Creating package script '/home/corelab/ros2_stereo/install/opencv_telemetry/share/opencv_telemetry/package.zsh'
[4.863s] [34mcolcon.colcon_core.environment[0m [1;30mLevel 1[0m create_file_with_runtime_dependencies(/home/corelab/ros2_stereo/install/opencv_telemetry/share/colcon-core/packages/opencv_telemetry)
[4.863s] [34mcolcon.colcon_parallel_executor.executor.parallel[0m [1;30mDEBUG[0m [32mclosing loop[0m
[4.864s] [34mcolcon.colcon_parallel_executor.executor.parallel[0m [1;30mDEBUG[0m [32mloop closed[0m
[4.864s] [34mcolcon.colcon_parallel_executor.executor.parallel[0m [1;30mDEBUG[0m [32mrun_until_complete finished with '0'[0m
[4.864s] [34mcolcon.colcon_core.event_reactor[0m [1;30mDEBUG[0m [32mjoining thread[0m
[4.869s] [34mcolcon.colcon_core.plugin_system[0m [1;30mINFO[0m Skipping extension 'colcon_notification.desktop_notification.terminal_notifier': Not used on non-Darwin systems
[4.869s] [34mcolcon.colcon_core.plugin_system[0m [1;30mINFO[0m Skipping extension 'colcon_notification.desktop_notification.win32': Not used on non-Windows systems
[4.869s] [34mcolcon.colcon_notification.desktop_notification[0m [1;30mINFO[0m Sending desktop notification using 'notify2'
[4.886s] [34mcolcon.colcon_core.event_reactor[0m [1;30mDEBUG[0m [32mjoined thread[0m
[4.887s] [34mcolcon.colcon_core.shell[0m [1;30mINFO[0m Creating prefix script '/home/corelab/ros2_stereo/install/local_setup.ps1'
[4.888s] [34mcolcon.colcon_core.shell[0m [1;30mINFO[0m Creating prefix util module '/home/corelab/ros2_stereo/install/_local_setup_util_ps1.py'
[4.889s] [34mcolcon.colcon_core.shell[0m [1;30mINFO[0m Creating prefix chain script '/home/corelab/ros2_stereo/install/setup.ps1'
[4.889s] [34mcolcon.colcon_core.shell[0m [1;30mINFO[0m Creating prefix script '/home/corelab/ros2_stereo/install/local_setup.sh'
[4.890s] [34mcolcon.colcon_core.shell[0m [1;30mINFO[0m Creating prefix util module '/home/corelab/ros2_stereo/install/_local_setup_util_sh.py'
[4.890s] [34mcolcon.colcon_core.shell[0m [1;30mINFO[0m Creating prefix chain script '/home/corelab/ros2_stereo/install/setup.sh'
[4.891s] [34mcolcon.colcon_core.shell[0m [1;30mINFO[0m Creating prefix script '/home/corelab/ros2_stereo/install/local_setup.bash'
[4.891s] [34mcolcon.colcon_core.shell[0m [1;30mINFO[0m Creating prefix chain script '/home/corelab/ros2_stereo/install/setup.bash'
[4.892s] [34mcolcon.colcon_core.shell[0m [1;30mINFO[0m Creating prefix script '/home/corelab/ros2_stereo/install/local_setup.zsh'
[4.892s] [34mcolcon.colcon_core.shell[0m [1;30mINFO[0m Creating prefix chain script '/home/corelab/ros2_stereo/install/setup.zsh'
