[0.450s] Invoking command in '/home/corelab/CatchingBlimp/Summer2023/ros2_stereo/build/image_proc': CMAKE_PREFIX_PATH=/opt/ros/foxy /usr/bin/cmake /home/corelab/CatchingBlimp/Summer2023/ros2_stereo/src/image_proc -DAMENT_CMAKE_SYMLINK_INSTALL=1 -DCMAKE_INSTALL_PREFIX=/home/corelab/CatchingBlimp/Summer2023/ros2_stereo/install/image_proc
[0.490s] -- The C compiler identification is GNU 9.4.0
[0.530s] -- The CXX compiler identification is GNU 9.4.0
[0.533s] -- Check for working C compiler: /usr/bin/cc
[0.581s] -- Check for working C compiler: /usr/bin/cc -- works
[0.582s] -- Detecting C compiler ABI info
[0.634s] -- Detecting C compiler ABI info - done
[0.643s] -- Detecting C compile features
[0.644s] -- Detecting C compile features - done
[0.645s] -- Check for working CXX compiler: /usr/bin/c++
[0.703s] -- Check for working CXX compiler: /usr/bin/c++ -- works
[0.703s] -- Detecting CXX compiler ABI info
[0.761s] -- Detecting CXX compiler ABI info - done
[0.771s] -- Detecting CXX compile features
[0.771s] -- Detecting CXX compile features - done
[0.773s] -- Found ament_cmake_auto: 0.9.12 (/opt/ros/foxy/share/ament_cmake_auto/cmake)
[0.791s] -- Found PythonInterp: /usr/bin/python3 (found suitable version "3.8.10", minimum required is "3") 
[0.791s] -- Using PYTHON_EXECUTABLE: /usr/bin/python3
[0.943s] -- Override CMake install command with custom implementation using symlinks instead of copying resources
[1.031s] -- Using all available rosidl_typesupport_c: rosidl_typesupport_fastrtps_c;rosidl_typesupport_introspection_c
[1.035s] -- Found rosidl_adapter: 1.3.1 (/opt/ros/foxy/share/rosidl_adapter/cmake)
[1.087s] -- Found OpenSSL: /usr/lib/x86_64-linux-gnu/libcrypto.so (found version "1.1.1f")  
[1.109s] -- Found FastRTPS: /opt/ros/foxy/include  
[1.166s] -- Using all available rosidl_typesupport_cpp: rosidl_typesupport_fastrtps_cpp;rosidl_typesupport_introspection_cpp
[1.358s] -- Found rmw_implementation_cmake: 1.0.4 (/opt/ros/foxy/share/rmw_implementation_cmake/cmake)
[1.360s] -- Using RMW implementation 'rmw_fastrtps_cpp' as default
[1.360s] -- Looking for pthread.h
[1.410s] -- Looking for pthread.h - found
[1.410s] -- Performing Test CMAKE_HAVE_LIBC_PTHREAD
[1.464s] -- Performing Test CMAKE_HAVE_LIBC_PTHREAD - Failed
[1.464s] -- Looking for pthread_create in pthreads
[1.506s] -- Looking for pthread_create in pthreads - not found
[1.507s] -- Looking for pthread_create in pthread
[1.552s] -- Looking for pthread_create in pthread - found
[1.553s] -- Found Threads: TRUE  
[1.751s] -- Found OpenCV: /usr (found version "4.2.0") 
[1.939s] -- Found ament_lint_auto: 0.9.8 (/opt/ros/foxy/share/ament_lint_auto/cmake)
[1.956s] -- Added test 'copyright' to check source files copyright and LICENSE
[1.962s] -- Added test 'cppcheck' to perform static code analysis on C / C++ code
[1.963s] -- Configured cppcheck include dirs: /home/corelab/CatchingBlimp/Summer2023/ros2_stereo/src/image_proc/include
[1.964s] -- Configured cppcheck exclude dirs and/or files: 
[1.970s] -- Added test 'cpplint' to check C / C++ code against the Google style
[1.970s] -- Configured cpplint exclude dirs and/or files: 
[1.971s] -- Added test 'flake8' to check Python code syntax and style conventions
[1.973s] -- Added test 'lint_cmake' to check CMake code style
[1.975s] -- Added test 'pep257' to check Python code against some of the style conventions in PEP 257
[1.981s] -- Added test 'uncrustify' to check C / C++ code style
[1.981s] -- Configured uncrustify additional arguments: 
[1.982s] -- Added test 'xmllint' to check XML markup files
[1.987s] -- Configuring done
[2.153s] -- Generating done
[2.155s] -- Build files have been written to: /home/corelab/CatchingBlimp/Summer2023/ros2_stereo/build/image_proc
[2.163s] Invoked command in '/home/corelab/CatchingBlimp/Summer2023/ros2_stereo/build/image_proc' returned '0': CMAKE_PREFIX_PATH=/opt/ros/foxy /usr/bin/cmake /home/corelab/CatchingBlimp/Summer2023/ros2_stereo/src/image_proc -DAMENT_CMAKE_SYMLINK_INSTALL=1 -DCMAKE_INSTALL_PREFIX=/home/corelab/CatchingBlimp/Summer2023/ros2_stereo/install/image_proc
[2.165s] Invoking command in '/home/corelab/CatchingBlimp/Summer2023/ros2_stereo/build/image_proc': CMAKE_PREFIX_PATH=/opt/ros/foxy /usr/bin/cmake --build /home/corelab/CatchingBlimp/Summer2023/ros2_stereo/build/image_proc -- -j8 -l8
[2.213s] [35m[1mScanning dependencies of target image_proc[0m
[2.290s] [  6%] [32mBuilding CXX object CMakeFiles/image_proc.dir/src/image_proc/processor.cpp.o[0m
[3.137s] [ 13%] [32m[1mLinking CXX shared library libimage_proc.so[0m
[3.422s] [ 13%] Built target image_proc
[3.478s] [35m[1mScanning dependencies of target rectify[0m
[3.643s] [ 20%] [32mBuilding CXX object CMakeFiles/rectify.dir/src/rectify.cpp.o[0m
[8.124s] [ 26%] [32m[1mLinking CXX shared library librectify.so[0m
[8.453s] [ 26%] Built target rectify
[8.474s] [35m[1mScanning dependencies of target debayer[0m
[8.592s] [ 33%] [32mBuilding CXX object CMakeFiles/debayer.dir/src/edge_aware.cpp.o[0m
[8.593s] [ 40%] [32mBuilding CXX object CMakeFiles/debayer.dir/src/debayer.cpp.o[0m
[11.173s] [ 46%] [32m[1mLinking CXX shared library libdebayer.so[0m
[11.352s] [ 46%] Built target debayer
[11.360s] [35m[1mScanning dependencies of target resize[0m
[11.401s] [ 53%] [32mBuilding CXX object CMakeFiles/resize.dir/src/resize.cpp.o[0m
[13.586s] [ 60%] [32m[1mLinking CXX shared library libresize.so[0m
[13.769s] [ 60%] Built target resize
[13.783s] [35m[1mScanning dependencies of target crop_decimate[0m
[13.826s] [ 66%] [32mBuilding CXX object CMakeFiles/crop_decimate.dir/src/crop_decimate.cpp.o[0m
[16.839s] [ 73%] [32m[1mLinking CXX shared library libcrop_decimate.so[0m
[17.292s] [ 73%] Built target crop_decimate
[17.306s] [35m[1mScanning dependencies of target crop_non_zero[0m
[17.415s] [ 80%] [32mBuilding CXX object CMakeFiles/crop_non_zero.dir/src/crop_non_zero.cpp.o[0m
[19.495s] [ 86%] [32m[1mLinking CXX shared library libcrop_non_zero.so[0m
[19.651s] [ 86%] Built target crop_non_zero
[19.658s] [35m[1mScanning dependencies of target image_proc_exe[0m
[19.697s] [ 93%] [32mBuilding CXX object CMakeFiles/image_proc_exe.dir/src/image_proc.cpp.o[0m
[21.460s] [100%] [32m[1mLinking CXX executable image_proc[0m
[21.771s] [100%] Built target image_proc_exe
[21.779s] Invoked command in '/home/corelab/CatchingBlimp/Summer2023/ros2_stereo/build/image_proc' returned '0': CMAKE_PREFIX_PATH=/opt/ros/foxy /usr/bin/cmake --build /home/corelab/CatchingBlimp/Summer2023/ros2_stereo/build/image_proc -- -j8 -l8
[21.802s] Invoking command in '/home/corelab/CatchingBlimp/Summer2023/ros2_stereo/build/image_proc': CMAKE_PREFIX_PATH=/opt/ros/foxy /usr/bin/cmake --install /home/corelab/CatchingBlimp/Summer2023/ros2_stereo/build/image_proc
[21.808s] -- Install configuration: ""
[21.808s] -- Execute custom install script
[21.808s] -- Symlinking: /home/corelab/CatchingBlimp/Summer2023/ros2_stereo/install/image_proc/bin/image_proc
[21.814s] -- Symlinking: /home/corelab/CatchingBlimp/Summer2023/ros2_stereo/install/image_proc/include/image_proc/crop_decimate.hpp
[21.820s] -- Symlinking: /home/corelab/CatchingBlimp/Summer2023/ros2_stereo/install/image_proc/include/image_proc/crop_non_zero.hpp
[21.825s] -- Symlinking: /home/corelab/CatchingBlimp/Summer2023/ros2_stereo/install/image_proc/include/image_proc/debayer.hpp
[21.831s] -- Symlinking: /home/corelab/CatchingBlimp/Summer2023/ros2_stereo/install/image_proc/include/image_proc/edge_aware.hpp
[21.836s] -- Symlinking: /home/corelab/CatchingBlimp/Summer2023/ros2_stereo/install/image_proc/include/image_proc/processor.hpp
[21.842s] -- Symlinking: /home/corelab/CatchingBlimp/Summer2023/ros2_stereo/install/image_proc/include/image_proc/rectify.hpp
[21.847s] -- Symlinking: /home/corelab/CatchingBlimp/Summer2023/ros2_stereo/install/image_proc/include/image_proc/resize.hpp
[21.853s] -- Symlinking: /home/corelab/CatchingBlimp/Summer2023/ros2_stereo/install/image_proc/share/image_proc/environment/library_path.sh
[21.859s] -- Symlinking: /home/corelab/CatchingBlimp/Summer2023/ros2_stereo/install/image_proc/share/image_proc/environment/library_path.dsv
[21.865s] -- Symlinking: /home/corelab/CatchingBlimp/Summer2023/ros2_stereo/install/image_proc/lib/libimage_proc.so
[21.871s] -- Symlinking: /home/corelab/CatchingBlimp/Summer2023/ros2_stereo/install/image_proc/lib/librectify.so
[21.876s] -- Symlinking: /home/corelab/CatchingBlimp/Summer2023/ros2_stereo/install/image_proc/lib/libdebayer.so
[21.882s] -- Symlinking: /home/corelab/CatchingBlimp/Summer2023/ros2_stereo/install/image_proc/lib/libresize.so
[21.887s] -- Symlinking: /home/corelab/CatchingBlimp/Summer2023/ros2_stereo/install/image_proc/lib/libcrop_decimate.so
[21.892s] -- Symlinking: /home/corelab/CatchingBlimp/Summer2023/ros2_stereo/install/image_proc/lib/libcrop_non_zero.so
[21.898s] -- Symlinking: /home/corelab/CatchingBlimp/Summer2023/ros2_stereo/install/image_proc/lib/image_proc/image_proc
[21.904s] -- Symlinking: /home/corelab/CatchingBlimp/Summer2023/ros2_stereo/install/image_proc/share/image_proc/launch/image_proc.launch.py
[21.909s] -- Symlinking: /home/corelab/CatchingBlimp/Summer2023/ros2_stereo/install/image_proc/share/ament_index/resource_index/package_run_dependencies/image_proc
[21.915s] -- Symlinking: /home/corelab/CatchingBlimp/Summer2023/ros2_stereo/install/image_proc/share/ament_index/resource_index/parent_prefix_path/image_proc
[21.921s] -- Symlinking: /home/corelab/CatchingBlimp/Summer2023/ros2_stereo/install/image_proc/share/image_proc/environment/ament_prefix_path.sh
[21.926s] -- Symlinking: /home/corelab/CatchingBlimp/Summer2023/ros2_stereo/install/image_proc/share/image_proc/environment/ament_prefix_path.dsv
[21.931s] -- Symlinking: /home/corelab/CatchingBlimp/Summer2023/ros2_stereo/install/image_proc/share/image_proc/environment/path.sh
[21.937s] -- Symlinking: /home/corelab/CatchingBlimp/Summer2023/ros2_stereo/install/image_proc/share/image_proc/environment/path.dsv
[21.942s] -- Symlinking: /home/corelab/CatchingBlimp/Summer2023/ros2_stereo/install/image_proc/share/image_proc/local_setup.bash
[21.948s] -- Symlinking: /home/corelab/CatchingBlimp/Summer2023/ros2_stereo/install/image_proc/share/image_proc/local_setup.sh
[21.953s] -- Symlinking: /home/corelab/CatchingBlimp/Summer2023/ros2_stereo/install/image_proc/share/image_proc/local_setup.zsh
[21.959s] -- Symlinking: /home/corelab/CatchingBlimp/Summer2023/ros2_stereo/install/image_proc/share/image_proc/local_setup.dsv
[21.965s] -- Symlinking: /home/corelab/CatchingBlimp/Summer2023/ros2_stereo/install/image_proc/share/image_proc/package.dsv
[21.970s] -- Symlinking: /home/corelab/CatchingBlimp/Summer2023/ros2_stereo/install/image_proc/share/ament_index/resource_index/packages/image_proc
[21.976s] -- Symlinking: /home/corelab/CatchingBlimp/Summer2023/ros2_stereo/install/image_proc/share/ament_index/resource_index/rclcpp_components/image_proc
[21.982s] -- Symlinking: /home/corelab/CatchingBlimp/Summer2023/ros2_stereo/install/image_proc/share/image_proc/cmake/ament_cmake_export_dependencies-extras.cmake
[21.987s] -- Symlinking: /home/corelab/CatchingBlimp/Summer2023/ros2_stereo/install/image_proc/share/image_proc/cmake/ament_cmake_export_include_directories-extras.cmake
[21.993s] -- Symlinking: /home/corelab/CatchingBlimp/Summer2023/ros2_stereo/install/image_proc/share/image_proc/cmake/ament_cmake_export_libraries-extras.cmake
[21.999s] -- Symlinking: /home/corelab/CatchingBlimp/Summer2023/ros2_stereo/install/image_proc/share/image_proc/cmake/image_procConfig.cmake
[22.004s] -- Symlinking: /home/corelab/CatchingBlimp/Summer2023/ros2_stereo/install/image_proc/share/image_proc/cmake/image_procConfig-version.cmake
[22.010s] -- Symlinking: /home/corelab/CatchingBlimp/Summer2023/ros2_stereo/install/image_proc/share/image_proc/package.xml
[22.016s] Invoked command in '/home/corelab/CatchingBlimp/Summer2023/ros2_stereo/build/image_proc' returned '0': CMAKE_PREFIX_PATH=/opt/ros/foxy /usr/bin/cmake --install /home/corelab/CatchingBlimp/Summer2023/ros2_stereo/build/image_proc
