[0.226s] DEBUG:colcon:Command line arguments: ['/usr/bin/colcon', 'build', '--allow-overriding', 'image_proc', 'image_view', 'stereo_image_proc']
[0.226s] DEBUG:colcon:Parsed command line arguments: Namespace(allow_overriding=['image_proc', 'image_view', 'stereo_image_proc'], ament_cmake_args=None, base_paths=['.'], build_base='build', catkin_cmake_args=None, catkin_skip_building_tests=False, cmake_args=None, cmake_clean_cache=False, cmake_clean_first=False, cmake_force_configure=False, cmake_target=None, cmake_target_skip_unavailable=False, continue_on_error=False, event_handlers=None, executor='parallel', ignore_user_meta=False, install_base='install', log_base=None, log_level=None, main=<bound method BuildVerb.main of <colcon_core.verb.build.BuildVerb object at 0x7f9d3b8d9040>>, merge_install=False, metas=['./colcon.meta'], packages_above=None, packages_above_and_dependencies=None, packages_above_depth=None, packages_end=None, packages_ignore=None, packages_ignore_regex=None, packages_select=None, packages_select_build_failed=False, packages_select_by_dep=None, packages_select_regex=None, packages_select_test_failures=False, packages_skip=None, packages_skip_build_finished=False, packages_skip_by_dep=None, packages_skip_regex=None, packages_skip_test_passed=False, packages_skip_up_to=None, packages_start=None, packages_up_to=None, packages_up_to_regex=None, parallel_workers=16, paths=None, symlink_install=False, test_result_base=None, verb_extension=<colcon_core.verb.build.BuildVerb object at 0x7f9d3b8d9040>, verb_name='build', verb_parser=<colcon_defaults.argument_parser.defaults.DefaultArgumentsDecorator object at 0x7f9d3b8aaf70>)
[0.255s] Level 1:colcon.colcon_core.package_discovery:discover_packages(colcon_meta) check parameters
[0.255s] Level 1:colcon.colcon_core.package_discovery:discover_packages(recursive) check parameters
[0.255s] Level 1:colcon.colcon_core.package_discovery:discover_packages(ignore) check parameters
[0.255s] Level 1:colcon.colcon_core.package_discovery:discover_packages(path) check parameters
[0.255s] Level 1:colcon.colcon_core.package_discovery:discover_packages(colcon_meta) discover
[0.255s] Level 1:colcon.colcon_core.package_discovery:discover_packages(recursive) discover
[0.255s] INFO:colcon.colcon_core.package_discovery:Crawling recursively for packages in '/home/corelab/ros2_stereo'
[0.255s] Level 1:colcon.colcon_core.package_identification:_identify(.) by extensions ['ignore', 'ignore_ament_install']
[0.255s] Level 1:colcon.colcon_core.package_identification:_identify(.) by extension 'ignore'
[0.255s] Level 1:colcon.colcon_core.package_identification:_identify(.) by extension 'ignore_ament_install'
[0.255s] Level 1:colcon.colcon_core.package_identification:_identify(.) by extensions ['colcon_pkg']
[0.255s] Level 1:colcon.colcon_core.package_identification:_identify(.) by extension 'colcon_pkg'
[0.255s] Level 1:colcon.colcon_core.package_identification:_identify(.) by extensions ['colcon_meta']
[0.255s] Level 1:colcon.colcon_core.package_identification:_identify(.) by extension 'colcon_meta'
[0.255s] Level 1:colcon.colcon_core.package_identification:_identify(.) by extensions ['ros']
[0.255s] Level 1:colcon.colcon_core.package_identification:_identify(.) by extension 'ros'
[0.263s] Level 1:colcon.colcon_core.package_identification:_identify(.) by extensions ['cmake', 'python']
[0.263s] Level 1:colcon.colcon_core.package_identification:_identify(.) by extension 'cmake'
[0.263s] Level 1:colcon.colcon_core.package_identification:_identify(.) by extension 'python'
[0.263s] Level 1:colcon.colcon_core.package_identification:_identify(.) by extensions ['python_setup_py']
[0.263s] Level 1:colcon.colcon_core.package_identification:_identify(.) by extension 'python_setup_py'
[0.263s] Level 1:colcon.colcon_core.package_identification:_identify(build) by extensions ['ignore', 'ignore_ament_install']
[0.263s] Level 1:colcon.colcon_core.package_identification:_identify(build) by extension 'ignore'
[0.263s] Level 1:colcon.colcon_core.package_identification:_identify(build) ignored
[0.263s] Level 1:colcon.colcon_core.package_identification:_identify(install) by extensions ['ignore', 'ignore_ament_install']
[0.263s] Level 1:colcon.colcon_core.package_identification:_identify(install) by extension 'ignore'
[0.263s] Level 1:colcon.colcon_core.package_identification:_identify(install) ignored
[0.263s] Level 1:colcon.colcon_core.package_identification:_identify(log) by extensions ['ignore', 'ignore_ament_install']
[0.263s] Level 1:colcon.colcon_core.package_identification:_identify(log) by extension 'ignore'
[0.263s] Level 1:colcon.colcon_core.package_identification:_identify(log) ignored
[0.263s] Level 1:colcon.colcon_core.package_identification:_identify(src) by extensions ['ignore', 'ignore_ament_install']
[0.263s] Level 1:colcon.colcon_core.package_identification:_identify(src) by extension 'ignore'
[0.263s] Level 1:colcon.colcon_core.package_identification:_identify(src) by extension 'ignore_ament_install'
[0.264s] Level 1:colcon.colcon_core.package_identification:_identify(src) by extensions ['colcon_pkg']
[0.264s] Level 1:colcon.colcon_core.package_identification:_identify(src) by extension 'colcon_pkg'
[0.264s] Level 1:colcon.colcon_core.package_identification:_identify(src) by extensions ['colcon_meta']
[0.264s] Level 1:colcon.colcon_core.package_identification:_identify(src) by extension 'colcon_meta'
[0.264s] Level 1:colcon.colcon_core.package_identification:_identify(src) by extensions ['ros']
[0.264s] Level 1:colcon.colcon_core.package_identification:_identify(src) by extension 'ros'
[0.264s] Level 1:colcon.colcon_core.package_identification:_identify(src) by extensions ['cmake', 'python']
[0.264s] Level 1:colcon.colcon_core.package_identification:_identify(src) by extension 'cmake'
[0.264s] Level 1:colcon.colcon_core.package_identification:_identify(src) by extension 'python'
[0.264s] Level 1:colcon.colcon_core.package_identification:_identify(src) by extensions ['python_setup_py']
[0.264s] Level 1:colcon.colcon_core.package_identification:_identify(src) by extension 'python_setup_py'
[0.264s] Level 1:colcon.colcon_core.package_identification:_identify(src/image_proc) by extensions ['ignore', 'ignore_ament_install']
[0.264s] Level 1:colcon.colcon_core.package_identification:_identify(src/image_proc) by extension 'ignore'
[0.264s] Level 1:colcon.colcon_core.package_identification:_identify(src/image_proc) by extension 'ignore_ament_install'
[0.264s] Level 1:colcon.colcon_core.package_identification:_identify(src/image_proc) by extensions ['colcon_pkg']
[0.264s] Level 1:colcon.colcon_core.package_identification:_identify(src/image_proc) by extension 'colcon_pkg'
[0.264s] Level 1:colcon.colcon_core.package_identification:_identify(src/image_proc) by extensions ['colcon_meta']
[0.264s] Level 1:colcon.colcon_core.package_identification:_identify(src/image_proc) by extension 'colcon_meta'
[0.264s] Level 1:colcon.colcon_core.package_identification:_identify(src/image_proc) by extensions ['ros']
[0.264s] Level 1:colcon.colcon_core.package_identification:_identify(src/image_proc) by extension 'ros'
[0.266s] DEBUG:colcon.colcon_core.package_identification:Package 'src/image_proc' with type 'ros.ament_cmake' and name 'image_proc'
[0.266s] Level 1:colcon.colcon_core.package_identification:_identify(src/image_view) by extensions ['ignore', 'ignore_ament_install']
[0.266s] Level 1:colcon.colcon_core.package_identification:_identify(src/image_view) by extension 'ignore'
[0.266s] Level 1:colcon.colcon_core.package_identification:_identify(src/image_view) by extension 'ignore_ament_install'
[0.266s] Level 1:colcon.colcon_core.package_identification:_identify(src/image_view) by extensions ['colcon_pkg']
[0.266s] Level 1:colcon.colcon_core.package_identification:_identify(src/image_view) by extension 'colcon_pkg'
[0.266s] Level 1:colcon.colcon_core.package_identification:_identify(src/image_view) by extensions ['colcon_meta']
[0.266s] Level 1:colcon.colcon_core.package_identification:_identify(src/image_view) by extension 'colcon_meta'
[0.266s] Level 1:colcon.colcon_core.package_identification:_identify(src/image_view) by extensions ['ros']
[0.266s] Level 1:colcon.colcon_core.package_identification:_identify(src/image_view) by extension 'ros'
[0.267s] DEBUG:colcon.colcon_core.package_identification:Package 'src/image_view' with type 'ros.ament_cmake' and name 'image_view'
[0.267s] Level 1:colcon.colcon_core.package_identification:_identify(src/stereo_image_proc) by extensions ['ignore', 'ignore_ament_install']
[0.267s] Level 1:colcon.colcon_core.package_identification:_identify(src/stereo_image_proc) by extension 'ignore'
[0.267s] Level 1:colcon.colcon_core.package_identification:_identify(src/stereo_image_proc) by extension 'ignore_ament_install'
[0.267s] Level 1:colcon.colcon_core.package_identification:_identify(src/stereo_image_proc) by extensions ['colcon_pkg']
[0.267s] Level 1:colcon.colcon_core.package_identification:_identify(src/stereo_image_proc) by extension 'colcon_pkg'
[0.267s] Level 1:colcon.colcon_core.package_identification:_identify(src/stereo_image_proc) by extensions ['colcon_meta']
[0.267s] Level 1:colcon.colcon_core.package_identification:_identify(src/stereo_image_proc) by extension 'colcon_meta'
[0.267s] Level 1:colcon.colcon_core.package_identification:_identify(src/stereo_image_proc) by extensions ['ros']
[0.267s] Level 1:colcon.colcon_core.package_identification:_identify(src/stereo_image_proc) by extension 'ros'
[0.268s] DEBUG:colcon.colcon_core.package_identification:Package 'src/stereo_image_proc' with type 'ros.ament_cmake' and name 'stereo_image_proc'
[0.268s] Level 1:colcon.colcon_core.package_discovery:discover_packages(recursive) using defaults
[0.268s] Level 1:colcon.colcon_core.package_discovery:discover_packages(ignore) discover
[0.268s] Level 1:colcon.colcon_core.package_discovery:discover_packages(ignore) using defaults
[0.268s] Level 1:colcon.colcon_core.package_discovery:discover_packages(path) discover
[0.268s] Level 1:colcon.colcon_core.package_discovery:discover_packages(path) using defaults
[0.281s] Level 1:colcon.colcon_core.package_discovery:discover_packages(prefix_path) check parameters
[0.282s] Level 1:colcon.colcon_core.package_discovery:discover_packages(prefix_path) discover
[0.282s] WARNING:colcon.colcon_core.prefix_path.colcon:The path '/home/corelab/ros2_img_publisher/install' in the environment variable COLCON_PREFIX_PATH doesn't exist
[0.282s] WARNING:colcon.colcon_ros.prefix_path.ament:The path '/home/corelab/ros2_img_publisher/install/image_publisher' in the environment variable AMENT_PREFIX_PATH doesn't exist
[0.283s] WARNING:colcon.colcon_ros.prefix_path.catkin:The path '/home/corelab/ros2_img_publisher/install/image_publisher' in the environment variable CMAKE_PREFIX_PATH doesn't exist
[0.283s] DEBUG:colcon.colcon_installed_package_information.package_discovery:Found 3 installed packages in /home/corelab/ros2_stereo/install
[0.284s] DEBUG:colcon.colcon_installed_package_information.package_discovery:Found 1 installed packages in /home/corelab/ros2_camera_calibration/install
[0.284s] DEBUG:colcon.colcon_installed_package_information.package_discovery:Found 1 installed packages in /home/corelab/opencv_ros2/install
[0.285s] DEBUG:colcon.colcon_installed_package_information.package_discovery:Found 1 installed packages in /home/corelab/image_transport_tutorials_ws/install
[0.286s] DEBUG:colcon.colcon_installed_package_information.package_discovery:Found 1 installed packages in /home/corelab/ros2_ws/install
[0.288s] DEBUG:colcon.colcon_installed_package_information.package_discovery:Found 1075 installed packages in /opt/ros/foxy
[0.308s] Level 1:colcon.colcon_core.package_discovery:discover_packages(prefix_path) using defaults
[0.381s] Level 5:colcon.colcon_core.verb:set package 'image_proc' build argument 'cmake_args' from command line to 'None'
[0.381s] Level 5:colcon.colcon_core.verb:set package 'image_proc' build argument 'cmake_target' from command line to 'None'
[0.381s] Level 5:colcon.colcon_core.verb:set package 'image_proc' build argument 'cmake_target_skip_unavailable' from command line to 'False'
[0.382s] Level 5:colcon.colcon_core.verb:set package 'image_proc' build argument 'cmake_clean_cache' from command line to 'False'
[0.382s] Level 5:colcon.colcon_core.verb:set package 'image_proc' build argument 'cmake_clean_first' from command line to 'False'
[0.382s] Level 5:colcon.colcon_core.verb:set package 'image_proc' build argument 'cmake_force_configure' from command line to 'False'
[0.382s] Level 5:colcon.colcon_core.verb:set package 'image_proc' build argument 'ament_cmake_args' from command line to 'None'
[0.382s] Level 5:colcon.colcon_core.verb:set package 'image_proc' build argument 'catkin_cmake_args' from command line to 'None'
[0.382s] Level 5:colcon.colcon_core.verb:set package 'image_proc' build argument 'catkin_skip_building_tests' from command line to 'False'
[0.382s] DEBUG:colcon.colcon_core.verb:Building package 'image_proc' with the following arguments: {'ament_cmake_args': None, 'build_base': '/home/corelab/ros2_stereo/build/image_proc', 'catkin_cmake_args': None, 'catkin_skip_building_tests': False, 'cmake_args': None, 'cmake_clean_cache': False, 'cmake_clean_first': False, 'cmake_force_configure': False, 'cmake_target': None, 'cmake_target_skip_unavailable': False, 'install_base': '/home/corelab/ros2_stereo/install/image_proc', 'merge_install': False, 'path': '/home/corelab/ros2_stereo/src/image_proc', 'symlink_install': False, 'test_result_base': None}
[0.382s] Level 5:colcon.colcon_core.verb:set package 'image_view' build argument 'cmake_args' from command line to 'None'
[0.382s] Level 5:colcon.colcon_core.verb:set package 'image_view' build argument 'cmake_target' from command line to 'None'
[0.382s] Level 5:colcon.colcon_core.verb:set package 'image_view' build argument 'cmake_target_skip_unavailable' from command line to 'False'
[0.382s] Level 5:colcon.colcon_core.verb:set package 'image_view' build argument 'cmake_clean_cache' from command line to 'False'
[0.382s] Level 5:colcon.colcon_core.verb:set package 'image_view' build argument 'cmake_clean_first' from command line to 'False'
[0.382s] Level 5:colcon.colcon_core.verb:set package 'image_view' build argument 'cmake_force_configure' from command line to 'False'
[0.382s] Level 5:colcon.colcon_core.verb:set package 'image_view' build argument 'ament_cmake_args' from command line to 'None'
[0.382s] Level 5:colcon.colcon_core.verb:set package 'image_view' build argument 'catkin_cmake_args' from command line to 'None'
[0.382s] Level 5:colcon.colcon_core.verb:set package 'image_view' build argument 'catkin_skip_building_tests' from command line to 'False'
[0.382s] DEBUG:colcon.colcon_core.verb:Building package 'image_view' with the following arguments: {'ament_cmake_args': None, 'build_base': '/home/corelab/ros2_stereo/build/image_view', 'catkin_cmake_args': None, 'catkin_skip_building_tests': False, 'cmake_args': None, 'cmake_clean_cache': False, 'cmake_clean_first': False, 'cmake_force_configure': False, 'cmake_target': None, 'cmake_target_skip_unavailable': False, 'install_base': '/home/corelab/ros2_stereo/install/image_view', 'merge_install': False, 'path': '/home/corelab/ros2_stereo/src/image_view', 'symlink_install': False, 'test_result_base': None}
[0.383s] Level 5:colcon.colcon_core.verb:set package 'stereo_image_proc' build argument 'cmake_args' from command line to 'None'
[0.383s] Level 5:colcon.colcon_core.verb:set package 'stereo_image_proc' build argument 'cmake_target' from command line to 'None'
[0.383s] Level 5:colcon.colcon_core.verb:set package 'stereo_image_proc' build argument 'cmake_target_skip_unavailable' from command line to 'False'
[0.383s] Level 5:colcon.colcon_core.verb:set package 'stereo_image_proc' build argument 'cmake_clean_cache' from command line to 'False'
[0.383s] Level 5:colcon.colcon_core.verb:set package 'stereo_image_proc' build argument 'cmake_clean_first' from command line to 'False'
[0.383s] Level 5:colcon.colcon_core.verb:set package 'stereo_image_proc' build argument 'cmake_force_configure' from command line to 'False'
[0.383s] Level 5:colcon.colcon_core.verb:set package 'stereo_image_proc' build argument 'ament_cmake_args' from command line to 'None'
[0.383s] Level 5:colcon.colcon_core.verb:set package 'stereo_image_proc' build argument 'catkin_cmake_args' from command line to 'None'
[0.383s] Level 5:colcon.colcon_core.verb:set package 'stereo_image_proc' build argument 'catkin_skip_building_tests' from command line to 'False'
[0.383s] DEBUG:colcon.colcon_core.verb:Building package 'stereo_image_proc' with the following arguments: {'ament_cmake_args': None, 'build_base': '/home/corelab/ros2_stereo/build/stereo_image_proc', 'catkin_cmake_args': None, 'catkin_skip_building_tests': False, 'cmake_args': None, 'cmake_clean_cache': False, 'cmake_clean_first': False, 'cmake_force_configure': False, 'cmake_target': None, 'cmake_target_skip_unavailable': False, 'install_base': '/home/corelab/ros2_stereo/install/stereo_image_proc', 'merge_install': False, 'path': '/home/corelab/ros2_stereo/src/stereo_image_proc', 'symlink_install': False, 'test_result_base': None}
[0.384s] INFO:colcon.colcon_core.executor:Executing jobs using 'parallel' executor
[0.387s] DEBUG:colcon.colcon_parallel_executor.executor.parallel:run_until_complete
[0.387s] INFO:colcon.colcon_ros.task.ament_cmake.build:Building ROS package in '/home/corelab/ros2_stereo/src/image_proc' with build type 'ament_cmake'
[0.387s] INFO:colcon.colcon_cmake.task.cmake.build:Building CMake package in '/home/corelab/ros2_stereo/src/image_proc'
[0.390s] INFO:colcon.colcon_core.plugin_system:Skipping extension 'colcon_core.shell.bat': Not used on non-Windows systems
[0.390s] INFO:colcon.colcon_core.shell:Skip shell extension 'powershell' for command environment: Not usable outside of PowerShell
[0.390s] DEBUG:colcon.colcon_core.shell:Skip shell extension 'dsv' for command environment
[0.397s] INFO:colcon.colcon_ros.task.ament_cmake.build:Building ROS package in '/home/corelab/ros2_stereo/src/image_view' with build type 'ament_cmake'
[0.397s] INFO:colcon.colcon_cmake.task.cmake.build:Building CMake package in '/home/corelab/ros2_stereo/src/image_view'
[0.398s] INFO:colcon.colcon_core.shell:Skip shell extension 'powershell' for command environment: Not usable outside of PowerShell
[0.398s] DEBUG:colcon.colcon_core.shell:Skip shell extension 'dsv' for command environment
[0.410s] DEBUG:colcon.colcon_core.event_handler.log_command:Invoking command in '/home/corelab/ros2_stereo/build/image_proc': CMAKE_PREFIX_PATH=${CMAKE_PREFIX_PATH}:/home/corelab/ros2_camera_calibration/install/camera_calibration:/opt/ros/foxy /home/corelab/.local/bin/cmake --build /home/corelab/ros2_stereo/build/image_proc -- -j16 -l16
[0.413s] DEBUG:colcon.colcon_core.event_handler.log_command:Invoking command in '/home/corelab/ros2_stereo/build/image_view': CMAKE_PREFIX_PATH=${CMAKE_PREFIX_PATH}:/home/corelab/ros2_camera_calibration/install/camera_calibration:/opt/ros/foxy /home/corelab/.local/bin/cmake --build /home/corelab/ros2_stereo/build/image_view -- -j16 -l16
[0.476s] DEBUG:colcon.colcon_core.event_handler.log_command:Invoked command in '/home/corelab/ros2_stereo/build/image_view' returned '0': CMAKE_PREFIX_PATH=${CMAKE_PREFIX_PATH}:/home/corelab/ros2_camera_calibration/install/camera_calibration:/opt/ros/foxy /home/corelab/.local/bin/cmake --build /home/corelab/ros2_stereo/build/image_view -- -j16 -l16
[0.512s] DEBUG:colcon.colcon_core.event_handler.log_command:Invoked command in '/home/corelab/ros2_stereo/build/image_proc' returned '0': CMAKE_PREFIX_PATH=${CMAKE_PREFIX_PATH}:/home/corelab/ros2_camera_calibration/install/camera_calibration:/opt/ros/foxy /home/corelab/.local/bin/cmake --build /home/corelab/ros2_stereo/build/image_proc -- -j16 -l16
[0.556s] DEBUG:colcon.colcon_core.event_handler.log_command:Invoking command in '/home/corelab/ros2_stereo/build/image_view': CMAKE_PREFIX_PATH=${CMAKE_PREFIX_PATH}:/home/corelab/ros2_camera_calibration/install/camera_calibration:/opt/ros/foxy /home/corelab/.local/bin/cmake --install /home/corelab/ros2_stereo/build/image_view
[0.563s] DEBUG:colcon.colcon_core.event_handler.log_command:Invoking command in '/home/corelab/ros2_stereo/build/image_proc': CMAKE_PREFIX_PATH=${CMAKE_PREFIX_PATH}:/home/corelab/ros2_camera_calibration/install/camera_calibration:/opt/ros/foxy /home/corelab/.local/bin/cmake --install /home/corelab/ros2_stereo/build/image_proc
[0.587s] Level 1:colcon.colcon_core.environment:create_environment_scripts_only(image_view)
[0.588s] DEBUG:colcon.colcon_core.event_handler.log_command:Invoked command in '/home/corelab/ros2_stereo/build/image_view' returned '0': CMAKE_PREFIX_PATH=${CMAKE_PREFIX_PATH}:/home/corelab/ros2_camera_calibration/install/camera_calibration:/opt/ros/foxy /home/corelab/.local/bin/cmake --install /home/corelab/ros2_stereo/build/image_view
[0.592s] Level 1:colcon.colcon_core.environment:checking '/home/corelab/ros2_stereo/install/image_view' for CMake module files
[0.592s] Level 1:colcon.colcon_core.environment:checking '/home/corelab/ros2_stereo/install/image_view' for CMake config files
[0.592s] Level 1:colcon.colcon_core.shell:create_environment_hook('image_view', 'cmake_prefix_path')
[0.593s] INFO:colcon.colcon_core.shell:Creating environment hook '/home/corelab/ros2_stereo/install/image_view/share/image_view/hook/cmake_prefix_path.ps1'
[0.594s] INFO:colcon.colcon_core.shell:Creating environment descriptor '/home/corelab/ros2_stereo/install/image_view/share/image_view/hook/cmake_prefix_path.dsv'
[0.594s] INFO:colcon.colcon_core.shell:Creating environment hook '/home/corelab/ros2_stereo/install/image_view/share/image_view/hook/cmake_prefix_path.sh'
[0.595s] Level 1:colcon.colcon_core.environment:checking '/home/corelab/ros2_stereo/install/image_view/lib'
[0.595s] Level 1:colcon.colcon_core.shell:create_environment_hook('image_view', 'ld_library_path_lib')
[0.596s] INFO:colcon.colcon_core.shell:Creating environment hook '/home/corelab/ros2_stereo/install/image_view/share/image_view/hook/ld_library_path_lib.ps1'
[0.596s] INFO:colcon.colcon_core.shell:Creating environment descriptor '/home/corelab/ros2_stereo/install/image_view/share/image_view/hook/ld_library_path_lib.dsv'
[0.596s] INFO:colcon.colcon_core.shell:Creating environment hook '/home/corelab/ros2_stereo/install/image_view/share/image_view/hook/ld_library_path_lib.sh'
[0.596s] Level 1:colcon.colcon_core.environment:checking '/home/corelab/ros2_stereo/install/image_view/bin'
[0.596s] Level 1:colcon.colcon_core.environment:checking '/home/corelab/ros2_stereo/install/image_view/lib/pkgconfig/image_view.pc'
[0.596s] Level 1:colcon.colcon_core.environment:checking '/home/corelab/ros2_stereo/install/image_view/lib/python3.8/site-packages'
[0.596s] Level 1:colcon.colcon_core.environment:checking '/home/corelab/ros2_stereo/install/image_view/bin'
[0.597s] INFO:colcon.colcon_core.shell:Creating package script '/home/corelab/ros2_stereo/install/image_view/share/image_view/package.ps1'
[0.598s] INFO:colcon.colcon_core.shell:Creating package descriptor '/home/corelab/ros2_stereo/install/image_view/share/image_view/package.dsv'
[0.598s] INFO:colcon.colcon_core.shell:Creating package script '/home/corelab/ros2_stereo/install/image_view/share/image_view/package.sh'
[0.598s] INFO:colcon.colcon_core.shell:Creating package script '/home/corelab/ros2_stereo/install/image_view/share/image_view/package.bash'
[0.599s] INFO:colcon.colcon_core.shell:Creating package script '/home/corelab/ros2_stereo/install/image_view/share/image_view/package.zsh'
[0.599s] Level 1:colcon.colcon_core.environment:create_file_with_runtime_dependencies(/home/corelab/ros2_stereo/install/image_view/share/colcon-core/packages/image_view)
[0.602s] Level 1:colcon.colcon_core.environment:create_environment_scripts_only(image_proc)
[0.604s] Level 1:colcon.colcon_core.environment:checking '/home/corelab/ros2_stereo/install/image_proc' for CMake module files
[0.605s] DEBUG:colcon.colcon_core.event_handler.log_command:Invoked command in '/home/corelab/ros2_stereo/build/image_proc' returned '0': CMAKE_PREFIX_PATH=${CMAKE_PREFIX_PATH}:/home/corelab/ros2_camera_calibration/install/camera_calibration:/opt/ros/foxy /home/corelab/.local/bin/cmake --install /home/corelab/ros2_stereo/build/image_proc
[0.605s] Level 1:colcon.colcon_core.environment:checking '/home/corelab/ros2_stereo/install/image_proc' for CMake config files
[0.605s] Level 1:colcon.colcon_core.shell:create_environment_hook('image_proc', 'cmake_prefix_path')
[0.606s] INFO:colcon.colcon_core.shell:Creating environment hook '/home/corelab/ros2_stereo/install/image_proc/share/image_proc/hook/cmake_prefix_path.ps1'
[0.607s] INFO:colcon.colcon_core.shell:Creating environment descriptor '/home/corelab/ros2_stereo/install/image_proc/share/image_proc/hook/cmake_prefix_path.dsv'
[0.607s] INFO:colcon.colcon_core.shell:Creating environment hook '/home/corelab/ros2_stereo/install/image_proc/share/image_proc/hook/cmake_prefix_path.sh'
[0.607s] Level 1:colcon.colcon_core.environment:checking '/home/corelab/ros2_stereo/install/image_proc/lib'
[0.607s] Level 1:colcon.colcon_core.shell:create_environment_hook('image_proc', 'ld_library_path_lib')
[0.608s] INFO:colcon.colcon_core.shell:Creating environment hook '/home/corelab/ros2_stereo/install/image_proc/share/image_proc/hook/ld_library_path_lib.ps1'
[0.609s] INFO:colcon.colcon_core.shell:Creating environment descriptor '/home/corelab/ros2_stereo/install/image_proc/share/image_proc/hook/ld_library_path_lib.dsv'
[0.609s] INFO:colcon.colcon_core.shell:Creating environment hook '/home/corelab/ros2_stereo/install/image_proc/share/image_proc/hook/ld_library_path_lib.sh'
[0.609s] Level 1:colcon.colcon_core.environment:checking '/home/corelab/ros2_stereo/install/image_proc/bin'
[0.609s] Level 1:colcon.colcon_core.shell:create_environment_hook('image_proc', 'path')
[0.610s] INFO:colcon.colcon_core.shell:Creating environment hook '/home/corelab/ros2_stereo/install/image_proc/share/image_proc/hook/path.ps1'
[0.611s] INFO:colcon.colcon_core.shell:Creating environment descriptor '/home/corelab/ros2_stereo/install/image_proc/share/image_proc/hook/path.dsv'
[0.611s] INFO:colcon.colcon_core.shell:Creating environment hook '/home/corelab/ros2_stereo/install/image_proc/share/image_proc/hook/path.sh'
[0.611s] Level 1:colcon.colcon_core.environment:checking '/home/corelab/ros2_stereo/install/image_proc/lib/pkgconfig/image_proc.pc'
[0.612s] Level 1:colcon.colcon_core.environment:checking '/home/corelab/ros2_stereo/install/image_proc/lib/python3.8/site-packages'
[0.612s] Level 1:colcon.colcon_core.environment:checking '/home/corelab/ros2_stereo/install/image_proc/bin'
[0.612s] Level 1:colcon.colcon_core.shell:create_environment_hook('image_proc', 'pythonscriptspath')
[0.613s] INFO:colcon.colcon_core.shell:Creating environment hook '/home/corelab/ros2_stereo/install/image_proc/share/image_proc/hook/pythonscriptspath.ps1'
[0.613s] INFO:colcon.colcon_core.shell:Creating environment descriptor '/home/corelab/ros2_stereo/install/image_proc/share/image_proc/hook/pythonscriptspath.dsv'
[0.613s] INFO:colcon.colcon_core.shell:Creating environment hook '/home/corelab/ros2_stereo/install/image_proc/share/image_proc/hook/pythonscriptspath.sh'
[0.615s] INFO:colcon.colcon_core.shell:Creating package script '/home/corelab/ros2_stereo/install/image_proc/share/image_proc/package.ps1'
[0.615s] INFO:colcon.colcon_core.shell:Creating package descriptor '/home/corelab/ros2_stereo/install/image_proc/share/image_proc/package.dsv'
[0.615s] INFO:colcon.colcon_core.shell:Creating package script '/home/corelab/ros2_stereo/install/image_proc/share/image_proc/package.sh'
[0.616s] INFO:colcon.colcon_core.shell:Creating package script '/home/corelab/ros2_stereo/install/image_proc/share/image_proc/package.bash'
[0.616s] INFO:colcon.colcon_core.shell:Creating package script '/home/corelab/ros2_stereo/install/image_proc/share/image_proc/package.zsh'
[0.616s] Level 1:colcon.colcon_core.environment:create_file_with_runtime_dependencies(/home/corelab/ros2_stereo/install/image_proc/share/colcon-core/packages/image_proc)
[0.654s] Level 1:colcon.colcon_core.environment:create_environment_scripts_only(image_view)
[0.655s] Level 1:colcon.colcon_core.environment:checking '/home/corelab/ros2_stereo/install/image_view' for CMake module files
[0.656s] Level 1:colcon.colcon_core.environment:checking '/home/corelab/ros2_stereo/install/image_view' for CMake config files
[0.656s] Level 1:colcon.colcon_core.shell:create_environment_hook('image_view', 'cmake_prefix_path')
[0.657s] INFO:colcon.colcon_core.shell:Creating environment hook '/home/corelab/ros2_stereo/install/image_view/share/image_view/hook/cmake_prefix_path.ps1'
[0.657s] INFO:colcon.colcon_core.shell:Creating environment descriptor '/home/corelab/ros2_stereo/install/image_view/share/image_view/hook/cmake_prefix_path.dsv'
[0.657s] INFO:colcon.colcon_core.shell:Creating environment hook '/home/corelab/ros2_stereo/install/image_view/share/image_view/hook/cmake_prefix_path.sh'
[0.657s] Level 1:colcon.colcon_core.environment:checking '/home/corelab/ros2_stereo/install/image_view/lib'
[0.657s] Level 1:colcon.colcon_core.shell:create_environment_hook('image_view', 'ld_library_path_lib')
[0.658s] INFO:colcon.colcon_core.shell:Creating environment hook '/home/corelab/ros2_stereo/install/image_view/share/image_view/hook/ld_library_path_lib.ps1'
[0.659s] INFO:colcon.colcon_core.shell:Creating environment descriptor '/home/corelab/ros2_stereo/install/image_view/share/image_view/hook/ld_library_path_lib.dsv'
[0.659s] INFO:colcon.colcon_core.shell:Creating environment hook '/home/corelab/ros2_stereo/install/image_view/share/image_view/hook/ld_library_path_lib.sh'
[0.659s] Level 1:colcon.colcon_core.environment:checking '/home/corelab/ros2_stereo/install/image_view/bin'
[0.659s] Level 1:colcon.colcon_core.environment:checking '/home/corelab/ros2_stereo/install/image_view/lib/pkgconfig/image_view.pc'
[0.659s] Level 1:colcon.colcon_core.environment:checking '/home/corelab/ros2_stereo/install/image_view/lib/python3.8/site-packages'
[0.659s] Level 1:colcon.colcon_core.environment:checking '/home/corelab/ros2_stereo/install/image_view/bin'
[0.660s] INFO:colcon.colcon_core.shell:Creating package script '/home/corelab/ros2_stereo/install/image_view/share/image_view/package.ps1'
[0.660s] INFO:colcon.colcon_core.shell:Creating package descriptor '/home/corelab/ros2_stereo/install/image_view/share/image_view/package.dsv'
[0.661s] INFO:colcon.colcon_core.shell:Creating package script '/home/corelab/ros2_stereo/install/image_view/share/image_view/package.sh'
[0.661s] INFO:colcon.colcon_core.shell:Creating package script '/home/corelab/ros2_stereo/install/image_view/share/image_view/package.bash'
[0.661s] INFO:colcon.colcon_core.shell:Creating package script '/home/corelab/ros2_stereo/install/image_view/share/image_view/package.zsh'
[0.661s] Level 1:colcon.colcon_core.environment:create_file_with_runtime_dependencies(/home/corelab/ros2_stereo/install/image_view/share/colcon-core/packages/image_view)
[0.664s] Level 1:colcon.colcon_core.environment:create_environment_scripts_only(image_proc)
[0.665s] Level 1:colcon.colcon_core.environment:checking '/home/corelab/ros2_stereo/install/image_proc' for CMake module files
[0.665s] Level 1:colcon.colcon_core.environment:checking '/home/corelab/ros2_stereo/install/image_proc' for CMake config files
[0.665s] Level 1:colcon.colcon_core.shell:create_environment_hook('image_proc', 'cmake_prefix_path')
[0.666s] INFO:colcon.colcon_core.shell:Creating environment hook '/home/corelab/ros2_stereo/install/image_proc/share/image_proc/hook/cmake_prefix_path.ps1'
[0.666s] INFO:colcon.colcon_core.shell:Creating environment descriptor '/home/corelab/ros2_stereo/install/image_proc/share/image_proc/hook/cmake_prefix_path.dsv'
[0.666s] INFO:colcon.colcon_core.shell:Creating environment hook '/home/corelab/ros2_stereo/install/image_proc/share/image_proc/hook/cmake_prefix_path.sh'
[0.667s] Level 1:colcon.colcon_core.environment:checking '/home/corelab/ros2_stereo/install/image_proc/lib'
[0.667s] Level 1:colcon.colcon_core.shell:create_environment_hook('image_proc', 'ld_library_path_lib')
[0.668s] INFO:colcon.colcon_core.shell:Creating environment hook '/home/corelab/ros2_stereo/install/image_proc/share/image_proc/hook/ld_library_path_lib.ps1'
[0.668s] INFO:colcon.colcon_core.shell:Creating environment descriptor '/home/corelab/ros2_stereo/install/image_proc/share/image_proc/hook/ld_library_path_lib.dsv'
[0.668s] INFO:colcon.colcon_core.shell:Creating environment hook '/home/corelab/ros2_stereo/install/image_proc/share/image_proc/hook/ld_library_path_lib.sh'
[0.668s] Level 1:colcon.colcon_core.environment:checking '/home/corelab/ros2_stereo/install/image_proc/bin'
[0.668s] Level 1:colcon.colcon_core.shell:create_environment_hook('image_proc', 'path')
[0.669s] INFO:colcon.colcon_core.shell:Creating environment hook '/home/corelab/ros2_stereo/install/image_proc/share/image_proc/hook/path.ps1'
[0.669s] INFO:colcon.colcon_core.shell:Creating environment descriptor '/home/corelab/ros2_stereo/install/image_proc/share/image_proc/hook/path.dsv'
[0.669s] INFO:colcon.colcon_core.shell:Creating environment hook '/home/corelab/ros2_stereo/install/image_proc/share/image_proc/hook/path.sh'
[0.670s] Level 1:colcon.colcon_core.environment:checking '/home/corelab/ros2_stereo/install/image_proc/lib/pkgconfig/image_proc.pc'
[0.670s] Level 1:colcon.colcon_core.environment:checking '/home/corelab/ros2_stereo/install/image_proc/lib/python3.8/site-packages'
[0.670s] Level 1:colcon.colcon_core.environment:checking '/home/corelab/ros2_stereo/install/image_proc/bin'
[0.670s] Level 1:colcon.colcon_core.shell:create_environment_hook('image_proc', 'pythonscriptspath')
[0.671s] INFO:colcon.colcon_core.shell:Creating environment hook '/home/corelab/ros2_stereo/install/image_proc/share/image_proc/hook/pythonscriptspath.ps1'
[0.671s] INFO:colcon.colcon_core.shell:Creating environment descriptor '/home/corelab/ros2_stereo/install/image_proc/share/image_proc/hook/pythonscriptspath.dsv'
[0.671s] INFO:colcon.colcon_core.shell:Creating environment hook '/home/corelab/ros2_stereo/install/image_proc/share/image_proc/hook/pythonscriptspath.sh'
[0.672s] INFO:colcon.colcon_core.shell:Creating package script '/home/corelab/ros2_stereo/install/image_proc/share/image_proc/package.ps1'
[0.673s] INFO:colcon.colcon_core.shell:Creating package descriptor '/home/corelab/ros2_stereo/install/image_proc/share/image_proc/package.dsv'
[0.673s] INFO:colcon.colcon_core.shell:Creating package script '/home/corelab/ros2_stereo/install/image_proc/share/image_proc/package.sh'
[0.673s] INFO:colcon.colcon_core.shell:Creating package script '/home/corelab/ros2_stereo/install/image_proc/share/image_proc/package.bash'
[0.673s] INFO:colcon.colcon_core.shell:Creating package script '/home/corelab/ros2_stereo/install/image_proc/share/image_proc/package.zsh'
[0.674s] Level 1:colcon.colcon_core.environment:create_file_with_runtime_dependencies(/home/corelab/ros2_stereo/install/image_proc/share/colcon-core/packages/image_proc)
[0.674s] INFO:colcon.colcon_ros.task.ament_cmake.build:Building ROS package in '/home/corelab/ros2_stereo/src/stereo_image_proc' with build type 'ament_cmake'
[0.674s] INFO:colcon.colcon_cmake.task.cmake.build:Building CMake package in '/home/corelab/ros2_stereo/src/stereo_image_proc'
[0.676s] INFO:colcon.colcon_core.shell:Skip shell extension 'powershell' for command environment: Not usable outside of PowerShell
[0.676s] DEBUG:colcon.colcon_core.shell:Skip shell extension 'dsv' for command environment
[0.692s] DEBUG:colcon.colcon_core.event_handler.log_command:Invoking command in '/home/corelab/ros2_stereo/build/stereo_image_proc': CMAKE_PREFIX_PATH=/home/corelab/ros2_stereo/install/image_proc:/home/corelab/ros2_stereo/install/stereo_image_proc:/home/corelab/ros2_stereo/install/image_view:/home/corelab/opencv_ros2/install/opencv_telemetry:/home/corelab/ros2_img_publisher/install/image_publisher:/home/corelab/image_transport_tutorials_ws/install/image_transport_tutorials:/home/corelab/ros2_ws/install/cpp_pubsub:/home/corelab/ros2_camera_calibration/install/camera_calibration:/opt/ros/foxy LD_LIBRARY_PATH=/home/corelab/ros2_stereo/install/image_proc/lib:/home/corelab/ros2_stereo/install/stereo_image_proc/lib:/home/corelab/ros2_stereo/install/image_view/lib:/home/corelab/opencv_ros2/install/opencv_telemetry/lib:/home/corelab/ros2_img_publisher/install/image_publisher/lib:/home/corelab/image_transport_tutorials_ws/install/image_transport_tutorials/lib:/opt/ros/foxy/opt/yaml_cpp_vendor/lib:/opt/ros/foxy/opt/rviz_ogre_vendor/lib:/opt/ros/foxy/lib/x86_64-linux-gnu:/opt/ros/foxy/lib /home/corelab/.local/bin/cmake --build /home/corelab/ros2_stereo/build/stereo_image_proc -- -j16 -l16
[9.911s] DEBUG:colcon.colcon_core.event_handler.log_command:Invoked command in '/home/corelab/ros2_stereo/build/stereo_image_proc' returned '0': CMAKE_PREFIX_PATH=/home/corelab/ros2_stereo/install/image_proc:/home/corelab/ros2_stereo/install/stereo_image_proc:/home/corelab/ros2_stereo/install/image_view:/home/corelab/opencv_ros2/install/opencv_telemetry:/home/corelab/ros2_img_publisher/install/image_publisher:/home/corelab/image_transport_tutorials_ws/install/image_transport_tutorials:/home/corelab/ros2_ws/install/cpp_pubsub:/home/corelab/ros2_camera_calibration/install/camera_calibration:/opt/ros/foxy LD_LIBRARY_PATH=/home/corelab/ros2_stereo/install/image_proc/lib:/home/corelab/ros2_stereo/install/stereo_image_proc/lib:/home/corelab/ros2_stereo/install/image_view/lib:/home/corelab/opencv_ros2/install/opencv_telemetry/lib:/home/corelab/ros2_img_publisher/install/image_publisher/lib:/home/corelab/image_transport_tutorials_ws/install/image_transport_tutorials/lib:/opt/ros/foxy/opt/yaml_cpp_vendor/lib:/opt/ros/foxy/opt/rviz_ogre_vendor/lib:/opt/ros/foxy/lib/x86_64-linux-gnu:/opt/ros/foxy/lib /home/corelab/.local/bin/cmake --build /home/corelab/ros2_stereo/build/stereo_image_proc -- -j16 -l16
[9.956s] DEBUG:colcon.colcon_core.event_handler.log_command:Invoking command in '/home/corelab/ros2_stereo/build/stereo_image_proc': CMAKE_PREFIX_PATH=/home/corelab/ros2_stereo/install/image_proc:/home/corelab/ros2_stereo/install/stereo_image_proc:/home/corelab/ros2_stereo/install/image_view:/home/corelab/opencv_ros2/install/opencv_telemetry:/home/corelab/ros2_img_publisher/install/image_publisher:/home/corelab/image_transport_tutorials_ws/install/image_transport_tutorials:/home/corelab/ros2_ws/install/cpp_pubsub:/home/corelab/ros2_camera_calibration/install/camera_calibration:/opt/ros/foxy LD_LIBRARY_PATH=/home/corelab/ros2_stereo/install/image_proc/lib:/home/corelab/ros2_stereo/install/stereo_image_proc/lib:/home/corelab/ros2_stereo/install/image_view/lib:/home/corelab/opencv_ros2/install/opencv_telemetry/lib:/home/corelab/ros2_img_publisher/install/image_publisher/lib:/home/corelab/image_transport_tutorials_ws/install/image_transport_tutorials/lib:/opt/ros/foxy/opt/yaml_cpp_vendor/lib:/opt/ros/foxy/opt/rviz_ogre_vendor/lib:/opt/ros/foxy/lib/x86_64-linux-gnu:/opt/ros/foxy/lib /home/corelab/.local/bin/cmake --install /home/corelab/ros2_stereo/build/stereo_image_proc
[9.989s] Level 1:colcon.colcon_core.environment:create_environment_scripts_only(stereo_image_proc)
[9.991s] Level 1:colcon.colcon_core.environment:checking '/home/corelab/ros2_stereo/install/stereo_image_proc' for CMake module files
[9.991s] DEBUG:colcon.colcon_core.event_handler.log_command:Invoked command in '/home/corelab/ros2_stereo/build/stereo_image_proc' returned '0': CMAKE_PREFIX_PATH=/home/corelab/ros2_stereo/install/image_proc:/home/corelab/ros2_stereo/install/stereo_image_proc:/home/corelab/ros2_stereo/install/image_view:/home/corelab/opencv_ros2/install/opencv_telemetry:/home/corelab/ros2_img_publisher/install/image_publisher:/home/corelab/image_transport_tutorials_ws/install/image_transport_tutorials:/home/corelab/ros2_ws/install/cpp_pubsub:/home/corelab/ros2_camera_calibration/install/camera_calibration:/opt/ros/foxy LD_LIBRARY_PATH=/home/corelab/ros2_stereo/install/image_proc/lib:/home/corelab/ros2_stereo/install/stereo_image_proc/lib:/home/corelab/ros2_stereo/install/image_view/lib:/home/corelab/opencv_ros2/install/opencv_telemetry/lib:/home/corelab/ros2_img_publisher/install/image_publisher/lib:/home/corelab/image_transport_tutorials_ws/install/image_transport_tutorials/lib:/opt/ros/foxy/opt/yaml_cpp_vendor/lib:/opt/ros/foxy/opt/rviz_ogre_vendor/lib:/opt/ros/foxy/lib/x86_64-linux-gnu:/opt/ros/foxy/lib /home/corelab/.local/bin/cmake --install /home/corelab/ros2_stereo/build/stereo_image_proc
[9.992s] Level 1:colcon.colcon_core.environment:checking '/home/corelab/ros2_stereo/install/stereo_image_proc' for CMake config files
[9.992s] Level 1:colcon.colcon_core.shell:create_environment_hook('stereo_image_proc', 'cmake_prefix_path')
[9.994s] INFO:colcon.colcon_core.shell:Creating environment hook '/home/corelab/ros2_stereo/install/stereo_image_proc/share/stereo_image_proc/hook/cmake_prefix_path.ps1'
[9.994s] INFO:colcon.colcon_core.shell:Creating environment descriptor '/home/corelab/ros2_stereo/install/stereo_image_proc/share/stereo_image_proc/hook/cmake_prefix_path.dsv'
[9.994s] INFO:colcon.colcon_core.shell:Creating environment hook '/home/corelab/ros2_stereo/install/stereo_image_proc/share/stereo_image_proc/hook/cmake_prefix_path.sh'
[9.995s] Level 1:colcon.colcon_core.environment:checking '/home/corelab/ros2_stereo/install/stereo_image_proc/lib'
[9.995s] Level 1:colcon.colcon_core.shell:create_environment_hook('stereo_image_proc', 'ld_library_path_lib')
[9.996s] INFO:colcon.colcon_core.shell:Creating environment hook '/home/corelab/ros2_stereo/install/stereo_image_proc/share/stereo_image_proc/hook/ld_library_path_lib.ps1'
[9.997s] INFO:colcon.colcon_core.shell:Creating environment descriptor '/home/corelab/ros2_stereo/install/stereo_image_proc/share/stereo_image_proc/hook/ld_library_path_lib.dsv'
[9.997s] INFO:colcon.colcon_core.shell:Creating environment hook '/home/corelab/ros2_stereo/install/stereo_image_proc/share/stereo_image_proc/hook/ld_library_path_lib.sh'
[9.997s] Level 1:colcon.colcon_core.environment:checking '/home/corelab/ros2_stereo/install/stereo_image_proc/bin'
[9.997s] Level 1:colcon.colcon_core.environment:checking '/home/corelab/ros2_stereo/install/stereo_image_proc/lib/pkgconfig/stereo_image_proc.pc'
[9.997s] Level 1:colcon.colcon_core.environment:checking '/home/corelab/ros2_stereo/install/stereo_image_proc/lib/python3.8/site-packages'
[9.997s] Level 1:colcon.colcon_core.environment:checking '/home/corelab/ros2_stereo/install/stereo_image_proc/bin'
[9.999s] INFO:colcon.colcon_core.shell:Creating package script '/home/corelab/ros2_stereo/install/stereo_image_proc/share/stereo_image_proc/package.ps1'
[9.999s] INFO:colcon.colcon_core.shell:Creating package descriptor '/home/corelab/ros2_stereo/install/stereo_image_proc/share/stereo_image_proc/package.dsv'
[9.999s] INFO:colcon.colcon_core.shell:Creating package script '/home/corelab/ros2_stereo/install/stereo_image_proc/share/stereo_image_proc/package.sh'
[10.000s] INFO:colcon.colcon_core.shell:Creating package script '/home/corelab/ros2_stereo/install/stereo_image_proc/share/stereo_image_proc/package.bash'
[10.000s] INFO:colcon.colcon_core.shell:Creating package script '/home/corelab/ros2_stereo/install/stereo_image_proc/share/stereo_image_proc/package.zsh'
[10.000s] Level 1:colcon.colcon_core.environment:create_file_with_runtime_dependencies(/home/corelab/ros2_stereo/install/stereo_image_proc/share/colcon-core/packages/stereo_image_proc)
[10.040s] Level 1:colcon.colcon_core.environment:create_environment_scripts_only(stereo_image_proc)
[10.042s] Level 1:colcon.colcon_core.environment:checking '/home/corelab/ros2_stereo/install/stereo_image_proc' for CMake module files
[10.042s] Level 1:colcon.colcon_core.environment:checking '/home/corelab/ros2_stereo/install/stereo_image_proc' for CMake config files
[10.043s] Level 1:colcon.colcon_core.shell:create_environment_hook('stereo_image_proc', 'cmake_prefix_path')
[10.043s] INFO:colcon.colcon_core.shell:Creating environment hook '/home/corelab/ros2_stereo/install/stereo_image_proc/share/stereo_image_proc/hook/cmake_prefix_path.ps1'
[10.044s] INFO:colcon.colcon_core.shell:Creating environment descriptor '/home/corelab/ros2_stereo/install/stereo_image_proc/share/stereo_image_proc/hook/cmake_prefix_path.dsv'
[10.044s] INFO:colcon.colcon_core.shell:Creating environment hook '/home/corelab/ros2_stereo/install/stereo_image_proc/share/stereo_image_proc/hook/cmake_prefix_path.sh'
[10.044s] Level 1:colcon.colcon_core.environment:checking '/home/corelab/ros2_stereo/install/stereo_image_proc/lib'
[10.044s] Level 1:colcon.colcon_core.shell:create_environment_hook('stereo_image_proc', 'ld_library_path_lib')
[10.045s] INFO:colcon.colcon_core.shell:Creating environment hook '/home/corelab/ros2_stereo/install/stereo_image_proc/share/stereo_image_proc/hook/ld_library_path_lib.ps1'
[10.045s] INFO:colcon.colcon_core.shell:Creating environment descriptor '/home/corelab/ros2_stereo/install/stereo_image_proc/share/stereo_image_proc/hook/ld_library_path_lib.dsv'
[10.045s] INFO:colcon.colcon_core.shell:Creating environment hook '/home/corelab/ros2_stereo/install/stereo_image_proc/share/stereo_image_proc/hook/ld_library_path_lib.sh'
[10.046s] Level 1:colcon.colcon_core.environment:checking '/home/corelab/ros2_stereo/install/stereo_image_proc/bin'
[10.046s] Level 1:colcon.colcon_core.environment:checking '/home/corelab/ros2_stereo/install/stereo_image_proc/lib/pkgconfig/stereo_image_proc.pc'
[10.046s] Level 1:colcon.colcon_core.environment:checking '/home/corelab/ros2_stereo/install/stereo_image_proc/lib/python3.8/site-packages'
[10.046s] Level 1:colcon.colcon_core.environment:checking '/home/corelab/ros2_stereo/install/stereo_image_proc/bin'
[10.047s] INFO:colcon.colcon_core.shell:Creating package script '/home/corelab/ros2_stereo/install/stereo_image_proc/share/stereo_image_proc/package.ps1'
[10.047s] INFO:colcon.colcon_core.shell:Creating package descriptor '/home/corelab/ros2_stereo/install/stereo_image_proc/share/stereo_image_proc/package.dsv'
[10.047s] INFO:colcon.colcon_core.shell:Creating package script '/home/corelab/ros2_stereo/install/stereo_image_proc/share/stereo_image_proc/package.sh'
[10.048s] INFO:colcon.colcon_core.shell:Creating package script '/home/corelab/ros2_stereo/install/stereo_image_proc/share/stereo_image_proc/package.bash'
[10.048s] INFO:colcon.colcon_core.shell:Creating package script '/home/corelab/ros2_stereo/install/stereo_image_proc/share/stereo_image_proc/package.zsh'
[10.048s] Level 1:colcon.colcon_core.environment:create_file_with_runtime_dependencies(/home/corelab/ros2_stereo/install/stereo_image_proc/share/colcon-core/packages/stereo_image_proc)
[10.048s] DEBUG:colcon.colcon_parallel_executor.executor.parallel:closing loop
[10.049s] DEBUG:colcon.colcon_parallel_executor.executor.parallel:loop closed
[10.049s] DEBUG:colcon.colcon_parallel_executor.executor.parallel:run_until_complete finished with '0'
[10.049s] DEBUG:colcon.colcon_core.event_reactor:joining thread
[10.052s] INFO:colcon.colcon_core.plugin_system:Skipping extension 'colcon_notification.desktop_notification.terminal_notifier': Not used on non-Darwin systems
[10.052s] INFO:colcon.colcon_core.plugin_system:Skipping extension 'colcon_notification.desktop_notification.win32': Not used on non-Windows systems
[10.052s] INFO:colcon.colcon_notification.desktop_notification:Sending desktop notification using 'notify2'
[10.061s] DEBUG:colcon.colcon_core.event_reactor:joined thread
[10.062s] INFO:colcon.colcon_core.shell:Creating prefix script '/home/corelab/ros2_stereo/install/local_setup.ps1'
[10.063s] INFO:colcon.colcon_core.shell:Creating prefix util module '/home/corelab/ros2_stereo/install/_local_setup_util_ps1.py'
[10.063s] INFO:colcon.colcon_core.shell:Creating prefix chain script '/home/corelab/ros2_stereo/install/setup.ps1'
[10.064s] INFO:colcon.colcon_core.shell:Creating prefix script '/home/corelab/ros2_stereo/install/local_setup.sh'
[10.064s] INFO:colcon.colcon_core.shell:Creating prefix util module '/home/corelab/ros2_stereo/install/_local_setup_util_sh.py'
[10.065s] INFO:colcon.colcon_core.shell:Creating prefix chain script '/home/corelab/ros2_stereo/install/setup.sh'
[10.066s] INFO:colcon.colcon_core.shell:Creating prefix script '/home/corelab/ros2_stereo/install/local_setup.bash'
[10.066s] INFO:colcon.colcon_core.shell:Creating prefix chain script '/home/corelab/ros2_stereo/install/setup.bash'
[10.067s] INFO:colcon.colcon_core.shell:Creating prefix script '/home/corelab/ros2_stereo/install/local_setup.zsh'
[10.067s] INFO:colcon.colcon_core.shell:Creating prefix chain script '/home/corelab/ros2_stereo/install/setup.zsh'
