[0.025s] Invoking command in '/home/corelab/ros2_stereo/build/yolo_msgs': CMAKE_PREFIX_PATH=${CMAKE_PREFIX_PATH}:/opt/ros/foxy /home/corelab/.local/bin/cmake /home/corelab/ros2_stereo/src/yolo_msgs -DCMAKE_INSTALL_PREFIX=/home/corelab/ros2_stereo/install/yolo_msgs
[0.073s] -- The C compiler identification is GNU 9.4.0
[0.107s] -- The CXX compiler identification is GNU 9.4.0
[0.114s] -- Detecting C compiler ABI info
[0.144s] -- Detecting C compiler ABI info - done
[0.150s] -- Check for working C compiler: /usr/bin/cc - skipped
[0.150s] -- Detecting C compile features
[0.150s] -- Detecting C compile features - done
[0.152s] -- Detecting CXX compiler ABI info
[0.190s] -- Detecting CXX compiler ABI info - done
[0.198s] -- Check for working CXX compiler: /usr/bin/c++ - skipped
[0.198s] -- Detecting CXX compile features
[0.199s] -- Detecting CXX compile features - done
[0.202s] -- Found ament_cmake: 0.9.12 (/opt/ros/foxy/share/ament_cmake/cmake)
[0.225s] -- Found PythonInterp: /usr/bin/python3 (found suitable version "3.8.10", minimum required is "3") 
[0.225s] -- Using PYTHON_EXECUTABLE: /usr/bin/python3
[0.413s] -- Found std_msgs: 2.0.5 (/opt/ros/foxy/share/std_msgs/cmake)
[0.446s] -- Using all available rosidl_typesupport_c: rosidl_typesupport_connext_c;rosidl_typesupport_fastrtps_c;rosidl_typesupport_introspection_c
[0.455s] -- Found rosidl_adapter: 1.3.1 (/opt/ros/foxy/share/rosidl_adapter/cmake)
[0.461s] -- Found RTI Connext: /opt/rti.com/rti_connext_dds-5.3.1
[0.462s] [33mCMake Warning (dev) at /opt/ros/foxy/share/connext_cmake_module/cmake/Modules/FindConnext.cmake:163 (list):
[0.462s]   Policy CMP0121 is not set: The list() command now validates parsing of
[0.462s]   index arguments.  Run "cmake --help-policy CMP0121" for policy details.
[0.462s]   Use the cmake_policy command to set the policy and suppress this warning.
[0.462s]   Invalid list index "libnddsc.so".
[0.462s] Call Stack (most recent call first):
[0.463s]   /opt/ros/foxy/share/connext_cmake_module/cmake/Modules/FindConnext.cmake:198 (_count_found_libraries)
[0.463s]   /opt/ros/foxy/share/rosidl_typesupport_connext_c/cmake/rosidl_typesupport_connext_c-extras.cmake:5 (find_package)
[0.463s]   /opt/ros/foxy/share/rosidl_typesupport_connext_c/cmake/rosidl_typesupport_connext_cConfig.cmake:41 (include)
[0.463s]   /opt/ros/foxy/share/rosidl_typesupport_c/cmake/rosidl_typesupport_c-extras.cmake:13 (find_package)
[0.463s]   /opt/ros/foxy/share/rosidl_typesupport_c/cmake/rosidl_typesupport_cConfig.cmake:41 (include)
[0.463s]   /opt/ros/foxy/share/rosidl_default_runtime/cmake/rosidl_default_runtime-extras.cmake:12 (find_package)
[0.463s]   /opt/ros/foxy/share/rosidl_default_runtime/cmake/rosidl_default_runtimeConfig.cmake:41 (include)
[0.463s]   /opt/ros/foxy/share/builtin_interfaces/cmake/ament_cmake_export_dependencies-extras.cmake:21 (find_package)
[0.463s]   /opt/ros/foxy/share/builtin_interfaces/cmake/builtin_interfacesConfig.cmake:41 (include)
[0.463s]   /opt/ros/foxy/share/std_msgs/cmake/ament_cmake_export_dependencies-extras.cmake:21 (find_package)
[0.463s]   /opt/ros/foxy/share/std_msgs/cmake/std_msgsConfig.cmake:41 (include)
[0.463s]   CMakeLists.txt:20 (find_package)
[0.463s] This warning is for project developers.  Use -Wno-dev to suppress it.
[0.463s] [0m
[0.463s] [33mCMake Warning (dev) at /opt/ros/foxy/share/connext_cmake_module/cmake/Modules/FindConnext.cmake:163 (list):
[0.463s]   Policy CMP0121 is not set: The list() command now validates parsing of
[0.463s]   index arguments.  Run "cmake --help-policy CMP0121" for policy details.
[0.463s]   Use the cmake_policy command to set the policy and suppress this warning.
[0.463s]   Invalid list index "libnddscore.so".
[0.463s] Call Stack (most recent call first):
[0.463s]   /opt/ros/foxy/share/connext_cmake_module/cmake/Modules/FindConnext.cmake:198 (_count_found_libraries)
[0.463s]   /opt/ros/foxy/share/rosidl_typesupport_connext_c/cmake/rosidl_typesupport_connext_c-extras.cmake:5 (find_package)
[0.463s]   /opt/ros/foxy/share/rosidl_typesupport_connext_c/cmake/rosidl_typesupport_connext_cConfig.cmake:41 (include)
[0.463s]   /opt/ros/foxy/share/rosidl_typesupport_c/cmake/rosidl_typesupport_c-extras.cmake:13 (find_package)
[0.463s]   /opt/ros/foxy/share/rosidl_typesupport_c/cmake/rosidl_typesupport_cConfig.cmake:41 (include)
[0.464s]   /opt/ros/foxy/share/rosidl_default_runtime/cmake/rosidl_default_runtime-extras.cmake:12 (find_package)
[0.464s]   /opt/ros/foxy/share/rosidl_default_runtime/cmake/rosidl_default_runtimeConfig.cmake:41 (include)
[0.464s]   /opt/ros/foxy/share/builtin_interfaces/cmake/ament_cmake_export_dependencies-extras.cmake:21 (find_package)
[0.464s]   /opt/ros/foxy/share/builtin_interfaces/cmake/builtin_interfacesConfig.cmake:41 (include)
[0.464s]   /opt/ros/foxy/share/std_msgs/cmake/ament_cmake_export_dependencies-extras.cmake:21 (find_package)
[0.464s]   /opt/ros/foxy/share/std_msgs/cmake/std_msgsConfig.cmake:41 (include)
[0.464s]   CMakeLists.txt:20 (find_package)
[0.464s] This warning is for project developers.  Use -Wno-dev to suppress it.
[0.464s] [0m
[0.464s] [33mCMake Warning (dev) at /opt/ros/foxy/share/connext_cmake_module/cmake/Modules/FindConnext.cmake:163 (list):
[0.464s]   Policy CMP0121 is not set: The list() command now validates parsing of
[0.464s]   index arguments.  Run "cmake --help-policy CMP0121" for policy details.
[0.464s]   Use the cmake_policy command to set the policy and suppress this warning.
[0.464s]   Invalid list index "libnddscpp.so".
[0.464s] Call Stack (most recent call first):
[0.464s]   /opt/ros/foxy/share/connext_cmake_module/cmake/Modules/FindConnext.cmake:198 (_count_found_libraries)
[0.464s]   /opt/ros/foxy/share/rosidl_typesupport_connext_c/cmake/rosidl_typesupport_connext_c-extras.cmake:5 (find_package)
[0.464s]   /opt/ros/foxy/share/rosidl_typesupport_connext_c/cmake/rosidl_typesupport_connext_cConfig.cmake:41 (include)
[0.464s]   /opt/ros/foxy/share/rosidl_typesupport_c/cmake/rosidl_typesupport_c-extras.cmake:13 (find_package)
[0.464s]   /opt/ros/foxy/share/rosidl_typesupport_c/cmake/rosidl_typesupport_cConfig.cmake:41 (include)
[0.464s]   /opt/ros/foxy/share/rosidl_default_runtime/cmake/rosidl_default_runtime-extras.cmake:12 (find_package)
[0.464s]   /opt/ros/foxy/share/rosidl_default_runtime/cmake/rosidl_default_runtimeConfig.cmake:41 (include)
[0.464s]   /opt/ros/foxy/share/builtin_interfaces/cmake/ament_cmake_export_dependencies-extras.cmake:21 (find_package)
[0.464s]   /opt/ros/foxy/share/builtin_interfaces/cmake/builtin_interfacesConfig.cmake:41 (include)
[0.464s]   /opt/ros/foxy/share/std_msgs/cmake/ament_cmake_export_dependencies-extras.cmake:21 (find_package)
[0.464s]   /opt/ros/foxy/share/std_msgs/cmake/std_msgsConfig.cmake:41 (include)
[0.464s]   CMakeLists.txt:20 (find_package)
[0.464s] This warning is for project developers.  Use -Wno-dev to suppress it.
[0.464s] [0m
[0.465s] [33mCMake Warning (dev) at /opt/ros/foxy/share/connext_cmake_module/cmake/Modules/FindConnext.cmake:163 (list):
[0.465s]   Policy CMP0121 is not set: The list() command now validates parsing of
[0.465s]   index arguments.  Run "cmake --help-policy CMP0121" for policy details.
[0.465s]   Use the cmake_policy command to set the policy and suppress this warning.
[0.465s]   Invalid list index "librticonnextmsgcpp.so".
[0.465s] Call Stack (most recent call first):
[0.465s]   /opt/ros/foxy/share/connext_cmake_module/cmake/Modules/FindConnext.cmake:198 (_count_found_libraries)
[0.465s]   /opt/ros/foxy/share/rosidl_typesupport_connext_c/cmake/rosidl_typesupport_connext_c-extras.cmake:5 (find_package)
[0.465s]   /opt/ros/foxy/share/rosidl_typesupport_connext_c/cmake/rosidl_typesupport_connext_cConfig.cmake:41 (include)
[0.465s]   /opt/ros/foxy/share/rosidl_typesupport_c/cmake/rosidl_typesupport_c-extras.cmake:13 (find_package)
[0.465s]   /opt/ros/foxy/share/rosidl_typesupport_c/cmake/rosidl_typesupport_cConfig.cmake:41 (include)
[0.465s]   /opt/ros/foxy/share/rosidl_default_runtime/cmake/rosidl_default_runtime-extras.cmake:12 (find_package)
[0.465s]   /opt/ros/foxy/share/rosidl_default_runtime/cmake/rosidl_default_runtimeConfig.cmake:41 (include)
[0.465s]   /opt/ros/foxy/share/builtin_interfaces/cmake/ament_cmake_export_dependencies-extras.cmake:21 (find_package)
[0.465s]   /opt/ros/foxy/share/builtin_interfaces/cmake/builtin_interfacesConfig.cmake:41 (include)
[0.465s]   /opt/ros/foxy/share/std_msgs/cmake/ament_cmake_export_dependencies-extras.cmake:21 (find_package)
[0.465s]   /opt/ros/foxy/share/std_msgs/cmake/std_msgsConfig.cmake:41 (include)
[0.465s]   CMakeLists.txt:20 (find_package)
[0.465s] This warning is for project developers.  Use -Wno-dev to suppress it.
[0.465s] [0m
[0.465s] [33mCMake Warning (dev) at /opt/ros/foxy/share/connext_cmake_module/cmake/Modules/FindConnext.cmake:163 (list):
[0.465s]   Policy CMP0121 is not set: The list() command now validates parsing of
[0.465s]   index arguments.  Run "cmake --help-policy CMP0121" for policy details.
[0.465s]   Use the cmake_policy command to set the policy and suppress this warning.
[0.465s]   Invalid list index "libnddscd.so".
[0.465s] Call Stack (most recent call first):
[0.465s]   /opt/ros/foxy/share/connext_cmake_module/cmake/Modules/FindConnext.cmake:199 (_count_found_libraries)
[0.465s]   /opt/ros/foxy/share/rosidl_typesupport_connext_c/cmake/rosidl_typesupport_connext_c-extras.cmake:5 (find_package)
[0.465s]   /opt/ros/foxy/share/rosidl_typesupport_connext_c/cmake/rosidl_typesupport_connext_cConfig.cmake:41 (include)
[0.465s]   /opt/ros/foxy/share/rosidl_typesupport_c/cmake/rosidl_typesupport_c-extras.cmake:13 (find_package)
[0.465s]   /opt/ros/foxy/share/rosidl_typesupport_c/cmake/rosidl_typesupport_cConfig.cmake:41 (include)
[0.466s]   /opt/ros/foxy/share/rosidl_default_runtime/cmake/rosidl_default_runtime-extras.cmake:12 (find_package)
[0.466s]   /opt/ros/foxy/share/rosidl_default_runtime/cmake/rosidl_default_runtimeConfig.cmake:41 (include)
[0.466s]   /opt/ros/foxy/share/builtin_interfaces/cmake/ament_cmake_export_dependencies-extras.cmake:21 (find_package)
[0.466s]   /opt/ros/foxy/share/builtin_interfaces/cmake/builtin_interfacesConfig.cmake:41 (include)
[0.466s]   /opt/ros/foxy/share/std_msgs/cmake/ament_cmake_export_dependencies-extras.cmake:21 (find_package)
[0.466s]   /opt/ros/foxy/share/std_msgs/cmake/std_msgsConfig.cmake:41 (include)
[0.466s]   CMakeLists.txt:20 (find_package)
[0.466s] This warning is for project developers.  Use -Wno-dev to suppress it.
[0.466s] [0m
[0.466s] [33mCMake Warning (dev) at /opt/ros/foxy/share/connext_cmake_module/cmake/Modules/FindConnext.cmake:163 (list):
[0.466s]   Policy CMP0121 is not set: The list() command now validates parsing of
[0.466s]   index arguments.  Run "cmake --help-policy CMP0121" for policy details.
[0.466s]   Use the cmake_policy command to set the policy and suppress this warning.
[0.466s]   Invalid list index "libnddscored.so".
[0.466s] Call Stack (most recent call first):
[0.466s]   /opt/ros/foxy/share/connext_cmake_module/cmake/Modules/FindConnext.cmake:199 (_count_found_libraries)
[0.466s]   /opt/ros/foxy/share/rosidl_typesupport_connext_c/cmake/rosidl_typesupport_connext_c-extras.cmake:5 (find_package)
[0.466s]   /opt/ros/foxy/share/rosidl_typesupport_connext_c/cmake/rosidl_typesupport_connext_cConfig.cmake:41 (include)
[0.466s]   /opt/ros/foxy/share/rosidl_typesupport_c/cmake/rosidl_typesupport_c-extras.cmake:13 (find_package)
[0.466s]   /opt/ros/foxy/share/rosidl_typesupport_c/cmake/rosidl_typesupport_cConfig.cmake:41 (include)
[0.466s]   /opt/ros/foxy/share/rosidl_default_runtime/cmake/rosidl_default_runtime-extras.cmake:12 (find_package)
[0.466s]   /opt/ros/foxy/share/rosidl_default_runtime/cmake/rosidl_default_runtimeConfig.cmake:41 (include)
[0.466s]   /opt/ros/foxy/share/builtin_interfaces/cmake/ament_cmake_export_dependencies-extras.cmake:21 (find_package)
[0.466s]   /opt/ros/foxy/share/builtin_interfaces/cmake/builtin_interfacesConfig.cmake:41 (include)
[0.466s]   /opt/ros/foxy/share/std_msgs/cmake/ament_cmake_export_dependencies-extras.cmake:21 (find_package)
[0.466s]   /opt/ros/foxy/share/std_msgs/cmake/std_msgsConfig.cmake:41 (include)
[0.466s]   CMakeLists.txt:20 (find_package)
[0.466s] This warning is for project developers.  Use -Wno-dev to suppress it.
[0.466s] [0m
[0.466s] [33mCMake Warning (dev) at /opt/ros/foxy/share/connext_cmake_module/cmake/Modules/FindConnext.cmake:163 (list):
[0.467s]   Policy CMP0121 is not set: The list() command now validates parsing of
[0.467s]   index arguments.  Run "cmake --help-policy CMP0121" for policy details.
[0.467s]   Use the cmake_policy command to set the policy and suppress this warning.
[0.467s]   Invalid list index "libnddscppd.so".
[0.467s] Call Stack (most recent call first):
[0.467s]   /opt/ros/foxy/share/connext_cmake_module/cmake/Modules/FindConnext.cmake:199 (_count_found_libraries)
[0.467s]   /opt/ros/foxy/share/rosidl_typesupport_connext_c/cmake/rosidl_typesupport_connext_c-extras.cmake:5 (find_package)
[0.467s]   /opt/ros/foxy/share/rosidl_typesupport_connext_c/cmake/rosidl_typesupport_connext_cConfig.cmake:41 (include)
[0.467s]   /opt/ros/foxy/share/rosidl_typesupport_c/cmake/rosidl_typesupport_c-extras.cmake:13 (find_package)
[0.467s]   /opt/ros/foxy/share/rosidl_typesupport_c/cmake/rosidl_typesupport_cConfig.cmake:41 (include)
[0.467s]   /opt/ros/foxy/share/rosidl_default_runtime/cmake/rosidl_default_runtime-extras.cmake:12 (find_package)
[0.467s]   /opt/ros/foxy/share/rosidl_default_runtime/cmake/rosidl_default_runtimeConfig.cmake:41 (include)
[0.467s]   /opt/ros/foxy/share/builtin_interfaces/cmake/ament_cmake_export_dependencies-extras.cmake:21 (find_package)
[0.467s]   /opt/ros/foxy/share/builtin_interfaces/cmake/builtin_interfacesConfig.cmake:41 (include)
[0.467s]   /opt/ros/foxy/share/std_msgs/cmake/ament_cmake_export_dependencies-extras.cmake:21 (find_package)
[0.467s]   /opt/ros/foxy/share/std_msgs/cmake/std_msgsConfig.cmake:41 (include)
[0.467s]   CMakeLists.txt:20 (find_package)
[0.467s] This warning is for project developers.  Use -Wno-dev to suppress it.
[0.467s] [0m
[0.467s] [33mCMake Warning (dev) at /opt/ros/foxy/share/connext_cmake_module/cmake/Modules/FindConnext.cmake:163 (list):
[0.467s]   Policy CMP0121 is not set: The list() command now validates parsing of
[0.467s]   index arguments.  Run "cmake --help-policy CMP0121" for policy details.
[0.467s]   Use the cmake_policy command to set the policy and suppress this warning.
[0.467s]   Invalid list index "librticonnextmsgcppd.so".
[0.467s] Call Stack (most recent call first):
[0.467s]   /opt/ros/foxy/share/connext_cmake_module/cmake/Modules/FindConnext.cmake:199 (_count_found_libraries)
[0.467s]   /opt/ros/foxy/share/rosidl_typesupport_connext_c/cmake/rosidl_typesupport_connext_c-extras.cmake:5 (find_package)
[0.467s]   /opt/ros/foxy/share/rosidl_typesupport_connext_c/cmake/rosidl_typesupport_connext_cConfig.cmake:41 (include)
[0.467s]   /opt/ros/foxy/share/rosidl_typesupport_c/cmake/rosidl_typesupport_c-extras.cmake:13 (find_package)
[0.467s]   /opt/ros/foxy/share/rosidl_typesupport_c/cmake/rosidl_typesupport_cConfig.cmake:41 (include)
[0.467s]   /opt/ros/foxy/share/rosidl_default_runtime/cmake/rosidl_default_runtime-extras.cmake:12 (find_package)
[0.468s]   /opt/ros/foxy/share/rosidl_default_runtime/cmake/rosidl_default_runtimeConfig.cmake:41 (include)
[0.468s]   /opt/ros/foxy/share/builtin_interfaces/cmake/ament_cmake_export_dependencies-extras.cmake:21 (find_package)
[0.468s]   /opt/ros/foxy/share/builtin_interfaces/cmake/builtin_interfacesConfig.cmake:41 (include)
[0.468s]   /opt/ros/foxy/share/std_msgs/cmake/ament_cmake_export_dependencies-extras.cmake:21 (find_package)
[0.468s]   /opt/ros/foxy/share/std_msgs/cmake/std_msgsConfig.cmake:41 (include)
[0.468s]   CMakeLists.txt:20 (find_package)
[0.468s] This warning is for project developers.  Use -Wno-dev to suppress it.
[0.468s] [0m
[0.468s] [0mCMake Deprecation Warning at /home/corelab/ros2_stereo/build/yolo_msgs/connext_cmake_module/check_abi/CMakeLists.txt:15 (cmake_minimum_required):
[0.468s]   Compatibility with CMake < 2.8.12 will be removed from a future version of
[0.468s]   CMake.
[0.468s] 
[0.468s]   Update the VERSION argument <min> value or use a ...<max> suffix to tell
[0.468s]   CMake that the project does not need compatibility with older versions.
[0.468s] 
[0.468s] [0m
[1.055s] -- Found OpenSSL: /usr/lib/x86_64-linux-gnu/libcrypto.so (found version "1.1.1f")  
[1.079s] -- Found FastRTPS: /opt/ros/foxy/include  
[1.139s] -- Using all available rosidl_typesupport_cpp: rosidl_typesupport_connext_cpp;rosidl_typesupport_fastrtps_cpp;rosidl_typesupport_introspection_cpp
[1.171s] -- Found rosidl_default_generators: 1.0.1 (/opt/ros/foxy/share/rosidl_default_generators/cmake)
[1.181s] -- Found ament_lint_auto: 0.9.8 (/opt/ros/foxy/share/ament_lint_auto/cmake)
[1.262s] -- Found PythonInterp: /usr/bin/python3 (found version "3.8.10") 
[1.375s] -- Found ament_cmake_ros: 0.9.2 (/opt/ros/foxy/share/ament_cmake_ros/cmake)
[1.502s] -- Using all available rosidl_typesupport_c: rosidl_typesupport_connext_c;rosidl_typesupport_fastrtps_c;rosidl_typesupport_introspection_c
[1.535s] -- Using all available rosidl_typesupport_cpp: rosidl_typesupport_connext_cpp;rosidl_typesupport_fastrtps_cpp;rosidl_typesupport_introspection_cpp
[1.554s] -- Found PythonInterp: /usr/bin/python3 (found suitable version "3.8.10", minimum required is "3.5") 
[1.558s] -- Found python_cmake_module: 0.8.1 (/opt/ros/foxy/share/python_cmake_module/cmake)
[1.578s] -- Found PythonLibs: /usr/lib/x86_64-linux-gnu/libpython3.8.so (found suitable version "3.8.10", minimum required is "3.5") 
[1.578s] -- Using PYTHON_EXECUTABLE: /usr/bin/python3
[1.578s] -- Using PYTHON_INCLUDE_DIRS: /usr/include/python3.8
[1.578s] -- Using PYTHON_LIBRARIES: /usr/lib/x86_64-linux-gnu/libpython3.8.so
[1.596s] -- Found PythonExtra: .so  
[1.697s] -- Added test 'copyright' to check source files copyright and LICENSE
[1.698s] -- Added test 'lint_cmake' to check CMake code style
[1.699s] -- Added test 'xmllint' to check XML markup files
[1.702s] -- Configuring done
[1.740s] -- Generating done
[1.741s] -- Build files have been written to: /home/corelab/ros2_stereo/build/yolo_msgs
[1.749s] Invoked command in '/home/corelab/ros2_stereo/build/yolo_msgs' returned '0': CMAKE_PREFIX_PATH=${CMAKE_PREFIX_PATH}:/opt/ros/foxy /home/corelab/.local/bin/cmake /home/corelab/ros2_stereo/src/yolo_msgs -DCMAKE_INSTALL_PREFIX=/home/corelab/ros2_stereo/install/yolo_msgs
[1.751s] Invoking command in '/home/corelab/ros2_stereo/build/yolo_msgs': CMAKE_PREFIX_PATH=${CMAKE_PREFIX_PATH}:/opt/ros/foxy /home/corelab/.local/bin/cmake --build /home/corelab/ros2_stereo/build/yolo_msgs -- -j16 -l16
[1.781s] [  1%] [34m[1mGenerating C code for ROS interfaces[0m
[1.783s] [  3%] [34m[1mGenerating C++ code for ROS interfaces[0m
[1.783s] [  3%] [34m[1mGenerating DDS interfaces[0m
[1.913s] [  3%] Built target yolo_msgs__dds_connext_idl
[1.955s] [  3%] Built target yolo_msgs__cpp
[1.958s] [  4%] [34m[1mGenerating C++ type support dispatch for ROS interfaces[0m
[1.958s] [  6%] [34m[1mGenerating C++ type support for eProsima Fast-RTPS[0m
[1.959s] [  7%] [34m[1mGenerating C++ type support for RTI Connext (using '/opt/rti.com/rti_connext_dds-5.3.1/bin/rtiddsgen_server')[0m
[1.959s] [  8%] [34m[1mGenerating C++ introspection for ROS interfaces[0m
[1.975s] [ 12%] [32mBuilding C object CMakeFiles/yolo_msgs__rosidl_generator_c.dir/rosidl_generator_c/yolo_msgs/msg/detail/bounding_boxes__functions.c.o[0m
[1.975s] [ 12%] [32mBuilding C object CMakeFiles/yolo_msgs__rosidl_generator_c.dir/rosidl_generator_c/yolo_msgs/msg/detail/bounding_box__functions.c.o[0m
[1.975s] [ 12%] [32mBuilding C object CMakeFiles/yolo_msgs__rosidl_generator_c.dir/rosidl_generator_c/yolo_msgs/msg/detail/object_count__functions.c.o[0m
[2.011s] [ 13%] [32m[1mLinking C shared library libyolo_msgs__rosidl_generator_c.so[0m
[2.026s] [ 13%] Built target yolo_msgs__rosidl_generator_c
[2.030s] [ 16%] [34m[1mGenerating C introspection for ROS interfaces[0m
[2.030s] [ 16%] [34m[1mGenerating C type support dispatch for ROS interfaces[0m
[2.124s] [ 17%] [32mBuilding CXX object CMakeFiles/yolo_msgs__rosidl_typesupport_introspection_cpp.dir/rosidl_typesupport_introspection_cpp/yolo_msgs/msg/detail/bounding_boxes__type_support.cpp.o[0m
[2.124s] [ 18%] [32mBuilding CXX object CMakeFiles/yolo_msgs__rosidl_typesupport_introspection_cpp.dir/rosidl_typesupport_introspection_cpp/yolo_msgs/msg/detail/bounding_box__type_support.cpp.o[0m
[2.124s] [ 19%] [32mBuilding CXX object CMakeFiles/yolo_msgs__rosidl_typesupport_introspection_cpp.dir/rosidl_typesupport_introspection_cpp/yolo_msgs/msg/detail/object_count__type_support.cpp.o[0m
[2.154s] [ 23%] [32mBuilding CXX object CMakeFiles/yolo_msgs__rosidl_typesupport_cpp.dir/rosidl_typesupport_cpp/yolo_msgs/msg/bounding_boxes__type_support.cpp.o[0m
[2.154s] [ 23%] [32mBuilding CXX object CMakeFiles/yolo_msgs__rosidl_typesupport_cpp.dir/rosidl_typesupport_cpp/yolo_msgs/msg/object_count__type_support.cpp.o[0m
[2.155s] [ 23%] [32mBuilding CXX object CMakeFiles/yolo_msgs__rosidl_typesupport_cpp.dir/rosidl_typesupport_cpp/yolo_msgs/msg/bounding_box__type_support.cpp.o[0m
[2.175s] [ 25%] [32mBuilding CXX object CMakeFiles/yolo_msgs__rosidl_typesupport_fastrtps_cpp.dir/rosidl_typesupport_fastrtps_cpp/yolo_msgs/msg/detail/dds_fastrtps/bounding_boxes__type_support.cpp.o[0m
[2.175s] [ 25%] [32mBuilding CXX object CMakeFiles/yolo_msgs__rosidl_typesupport_fastrtps_cpp.dir/rosidl_typesupport_fastrtps_cpp/yolo_msgs/msg/detail/dds_fastrtps/object_count__type_support.cpp.o[0m
[2.175s] [ 27%] [32mBuilding CXX object CMakeFiles/yolo_msgs__rosidl_typesupport_fastrtps_cpp.dir/rosidl_typesupport_fastrtps_cpp/yolo_msgs/msg/detail/dds_fastrtps/bounding_box__type_support.cpp.o[0m
[2.243s] [ 28%] [32mBuilding C object CMakeFiles/yolo_msgs__rosidl_typesupport_introspection_c.dir/rosidl_typesupport_introspection_c/yolo_msgs/msg/detail/bounding_box__type_support.c.o[0m
[2.247s] [ 29%] [32mBuilding C object CMakeFiles/yolo_msgs__rosidl_typesupport_introspection_c.dir/rosidl_typesupport_introspection_c/yolo_msgs/msg/detail/bounding_boxes__type_support.c.o[0m
[2.257s] [ 30%] [32mBuilding C object CMakeFiles/yolo_msgs__rosidl_typesupport_introspection_c.dir/rosidl_typesupport_introspection_c/yolo_msgs/msg/detail/object_count__type_support.c.o[0m
[2.329s] [ 32%] [32m[1mLinking C shared library libyolo_msgs__rosidl_typesupport_introspection_c.so[0m
[2.336s] [ 33%] [32mBuilding CXX object CMakeFiles/yolo_msgs__rosidl_typesupport_c.dir/rosidl_typesupport_c/yolo_msgs/msg/bounding_box__type_support.cpp.o[0m
[2.352s] [ 34%] [32mBuilding CXX object CMakeFiles/yolo_msgs__rosidl_typesupport_c.dir/rosidl_typesupport_c/yolo_msgs/msg/bounding_boxes__type_support.cpp.o[0m
[2.360s] [ 35%] [32mBuilding CXX object CMakeFiles/yolo_msgs__rosidl_typesupport_c.dir/rosidl_typesupport_c/yolo_msgs/msg/object_count__type_support.cpp.o[0m
[2.382s] [ 35%] Built target yolo_msgs__rosidl_typesupport_introspection_c
[2.431s] [ 37%] [32m[1mLinking CXX shared library libyolo_msgs__rosidl_typesupport_c.so[0m
[2.443s] [ 38%] [32m[1mLinking CXX shared library libyolo_msgs__rosidl_typesupport_cpp.so[0m
[2.462s] [ 38%] Built target yolo_msgs__rosidl_typesupport_c
[2.463s] [ 39%] [32m[1mLinking CXX shared library libyolo_msgs__rosidl_typesupport_introspection_cpp.so[0m
[2.475s] [ 39%] Built target yolo_msgs__rosidl_typesupport_cpp
[2.556s] [ 39%] Built target yolo_msgs__rosidl_typesupport_introspection_cpp
[2.656s] [ 40%] [32m[1mLinking CXX shared library libyolo_msgs__rosidl_typesupport_fastrtps_cpp.so[0m
[2.767s] [ 40%] Built target yolo_msgs__rosidl_typesupport_fastrtps_cpp
[2.773s] [ 41%] [34m[1mGenerating C type support for eProsima Fast-RTPS[0m
[3.176s] [ 43%] [32mBuilding CXX object CMakeFiles/yolo_msgs__rosidl_typesupport_fastrtps_c.dir/rosidl_typesupport_fastrtps_c/yolo_msgs/msg/detail/bounding_box__type_support_c.cpp.o[0m
[3.192s] [ 44%] [32mBuilding CXX object CMakeFiles/yolo_msgs__rosidl_typesupport_fastrtps_c.dir/rosidl_typesupport_fastrtps_c/yolo_msgs/msg/detail/bounding_boxes__type_support_c.cpp.o[0m
[3.196s] [ 45%] [32mBuilding CXX object CMakeFiles/yolo_msgs__rosidl_typesupport_fastrtps_c.dir/rosidl_typesupport_fastrtps_c/yolo_msgs/msg/detail/object_count__type_support_c.cpp.o[0m
[3.214s] INFO com.rti.ndds.nddsgen.Main Running rtiddsgen version 2.5.2, please wait ...
[3.214s] INFO com.rti.ndds.nddsgen.Main Done
[3.738s] [ 46%] [32m[1mLinking CXX shared library libyolo_msgs__rosidl_typesupport_fastrtps_c.so[0m
[3.849s] [ 46%] Built target yolo_msgs__rosidl_typesupport_fastrtps_c
[4.145s] INFO com.rti.ndds.nddsgen.Main Running rtiddsgen version 2.5.2, please wait ...
[4.146s] INFO com.rti.ndds.nddsgen.Main Done
[4.458s] INFO com.rti.ndds.nddsgen.Main Running rtiddsgen version 2.5.2, please wait ...
[4.458s] INFO com.rti.ndds.nddsgen.Main Done
[4.825s] [ 48%] [32mBuilding CXX object CMakeFiles/yolo_msgs__rosidl_typesupport_connext_cpp.dir/rosidl_typesupport_connext_cpp/yolo_msgs/msg/dds_connext/bounding_box__type_support.cpp.o[0m
[4.828s] [ 49%] [32mBuilding CXX object CMakeFiles/yolo_msgs__rosidl_typesupport_connext_cpp.dir/rosidl_typesupport_connext_cpp/yolo_msgs/msg/dds_connext/object_count__type_support.cpp.o[0m
[4.831s] [ 50%] [32mBuilding CXX object CMakeFiles/yolo_msgs__rosidl_typesupport_connext_cpp.dir/rosidl_typesupport_connext_cpp/yolo_msgs/msg/dds_connext/bounding_boxes__type_support.cpp.o[0m
[4.847s] [ 51%] [32mBuilding CXX object CMakeFiles/yolo_msgs__rosidl_typesupport_connext_cpp.dir/rosidl_typesupport_connext_cpp/yolo_msgs/msg/dds_connext/BoundingBox_Support.cxx.o[0m
[4.851s] [ 53%] [32mBuilding CXX object CMakeFiles/yolo_msgs__rosidl_typesupport_connext_cpp.dir/rosidl_typesupport_connext_cpp/yolo_msgs/msg/dds_connext/BoundingBoxes_.cxx.o[0m
[4.868s] [ 54%] [32mBuilding CXX object CMakeFiles/yolo_msgs__rosidl_typesupport_connext_cpp.dir/rosidl_typesupport_connext_cpp/yolo_msgs/msg/dds_connext/BoundingBox_.cxx.o[0m
[4.868s] [ 55%] [32mBuilding CXX object CMakeFiles/yolo_msgs__rosidl_typesupport_connext_cpp.dir/rosidl_typesupport_connext_cpp/yolo_msgs/msg/dds_connext/BoundingBox_Plugin.cxx.o[0m
[4.876s] [ 56%] [32mBuilding CXX object CMakeFiles/yolo_msgs__rosidl_typesupport_connext_cpp.dir/rosidl_typesupport_connext_cpp/yolo_msgs/msg/dds_connext/BoundingBoxes_Plugin.cxx.o[0m
[4.970s] [ 58%] [32mBuilding CXX object CMakeFiles/yolo_msgs__rosidl_typesupport_connext_cpp.dir/rosidl_typesupport_connext_cpp/yolo_msgs/msg/dds_connext/ObjectCount_.cxx.o[0m
[4.972s] [ 59%] [32mBuilding CXX object CMakeFiles/yolo_msgs__rosidl_typesupport_connext_cpp.dir/rosidl_typesupport_connext_cpp/yolo_msgs/msg/dds_connext/BoundingBoxes_Support.cxx.o[0m
[4.987s] [ 60%] [32mBuilding CXX object CMakeFiles/yolo_msgs__rosidl_typesupport_connext_cpp.dir/rosidl_typesupport_connext_cpp/yolo_msgs/msg/dds_connext/ObjectCount_Plugin.cxx.o[0m
[5.004s] [ 61%] [32mBuilding CXX object CMakeFiles/yolo_msgs__rosidl_typesupport_connext_cpp.dir/rosidl_typesupport_connext_cpp/yolo_msgs/msg/dds_connext/ObjectCount_Support.cxx.o[0m
[5.807s] [ 62%] [32m[1mLinking CXX shared library libyolo_msgs__rosidl_typesupport_connext_cpp.so[0m
[6.145s] [ 64%] Built target yolo_msgs__rosidl_typesupport_connext_cpp
[6.151s] [ 65%] [34m[1mGenerating C type support for RTI Connext[0m
[6.594s] [ 67%] [32mBuilding CXX object CMakeFiles/yolo_msgs__rosidl_typesupport_connext_c.dir/rosidl_typesupport_connext_c/yolo_msgs/msg/dds_connext/bounding_box__type_support_c.cpp.o[0m
[6.595s] [ 67%] [32mBuilding CXX object CMakeFiles/yolo_msgs__rosidl_typesupport_connext_c.dir/rosidl_typesupport_connext_cpp/yolo_msgs/msg/dds_connext/BoundingBox_.cxx.o[0m
[6.595s] [ 70%] [32mBuilding CXX object CMakeFiles/yolo_msgs__rosidl_typesupport_connext_c.dir/rosidl_typesupport_connext_c/yolo_msgs/msg/dds_connext/object_count__type_support_c.cpp.o[0m
[6.595s] [ 70%] [32mBuilding CXX object CMakeFiles/yolo_msgs__rosidl_typesupport_connext_c.dir/rosidl_typesupport_connext_c/yolo_msgs/msg/dds_connext/bounding_boxes__type_support_c.cpp.o[0m
[6.600s] [ 71%] [32mBuilding CXX object CMakeFiles/yolo_msgs__rosidl_typesupport_connext_c.dir/rosidl_typesupport_connext_cpp/yolo_msgs/msg/dds_connext/BoundingBox_Plugin.cxx.o[0m
[6.601s] [ 72%] [32mBuilding CXX object CMakeFiles/yolo_msgs__rosidl_typesupport_connext_c.dir/rosidl_typesupport_connext_cpp/yolo_msgs/msg/dds_connext/BoundingBox_Support.cxx.o[0m
[6.639s] [ 74%] [32mBuilding CXX object CMakeFiles/yolo_msgs__rosidl_typesupport_connext_c.dir/rosidl_typesupport_connext_cpp/yolo_msgs/msg/dds_connext/BoundingBoxes_.cxx.o[0m
[6.689s] [ 75%] [32mBuilding CXX object CMakeFiles/yolo_msgs__rosidl_typesupport_connext_c.dir/rosidl_typesupport_connext_cpp/yolo_msgs/msg/dds_connext/BoundingBoxes_Plugin.cxx.o[0m
[6.719s] [ 76%] [32mBuilding CXX object CMakeFiles/yolo_msgs__rosidl_typesupport_connext_c.dir/rosidl_typesupport_connext_cpp/yolo_msgs/msg/dds_connext/BoundingBoxes_Support.cxx.o[0m
[6.741s] [ 77%] [32mBuilding CXX object CMakeFiles/yolo_msgs__rosidl_typesupport_connext_c.dir/rosidl_typesupport_connext_cpp/yolo_msgs/msg/dds_connext/ObjectCount_.cxx.o[0m
[6.777s] [ 79%] [32mBuilding CXX object CMakeFiles/yolo_msgs__rosidl_typesupport_connext_c.dir/rosidl_typesupport_connext_cpp/yolo_msgs/msg/dds_connext/ObjectCount_Plugin.cxx.o[0m
[6.797s] [ 80%] [32mBuilding CXX object CMakeFiles/yolo_msgs__rosidl_typesupport_connext_c.dir/rosidl_typesupport_connext_cpp/yolo_msgs/msg/dds_connext/ObjectCount_Support.cxx.o[0m
[7.516s] [ 81%] [32m[1mLinking CXX shared library libyolo_msgs__rosidl_typesupport_connext_c.so[0m
[7.903s] [ 83%] Built target yolo_msgs__rosidl_typesupport_connext_c
[7.913s] [ 83%] Built target yolo_msgs
[7.925s] [ 85%] [34m[1mGenerating Python code for ROS interfaces[0m
[8.523s] [ 85%] Built target yolo_msgs__py
[8.534s] [ 88%] [32mBuilding C object CMakeFiles/yolo_msgs__python.dir/rosidl_generator_py/yolo_msgs/msg/_bounding_boxes_s.c.o[0m
[8.534s] [ 88%] [32mBuilding C object CMakeFiles/yolo_msgs__python.dir/rosidl_generator_py/yolo_msgs/msg/_object_count_s.c.o[0m
[8.534s] [ 88%] [32mBuilding C object CMakeFiles/yolo_msgs__python.dir/rosidl_generator_py/yolo_msgs/msg/_bounding_box_s.c.o[0m
[8.621s] [ 90%] [32m[1mLinking C shared library rosidl_generator_py/yolo_msgs/libyolo_msgs__python.so[0m
[8.653s] [ 90%] Built target yolo_msgs__python
[8.661s] [ 93%] [32mBuilding C object CMakeFiles/yolo_msgs__rosidl_typesupport_fastrtps_c__pyext.dir/rosidl_generator_py/yolo_msgs/_yolo_msgs_s.ep.rosidl_typesupport_fastrtps_c.c.o[0m
[8.662s] [ 93%] [32mBuilding C object CMakeFiles/yolo_msgs__rosidl_typesupport_c__pyext.dir/rosidl_generator_py/yolo_msgs/_yolo_msgs_s.ep.rosidl_typesupport_c.c.o[0m
[8.662s] [ 93%] [32mBuilding C object CMakeFiles/yolo_msgs__rosidl_typesupport_introspection_c__pyext.dir/rosidl_generator_py/yolo_msgs/_yolo_msgs_s.ep.rosidl_typesupport_introspection_c.c.o[0m
[8.662s] [ 95%] [32mBuilding C object CMakeFiles/yolo_msgs__rosidl_typesupport_connext_c__pyext.dir/rosidl_generator_py/yolo_msgs/_yolo_msgs_s.ep.rosidl_typesupport_connext_c.c.o[0m
[8.736s] [ 96%] [32m[1mLinking C shared library rosidl_generator_py/yolo_msgs/yolo_msgs_s__rosidl_typesupport_connext_c.cpython-38-x86_64-linux-gnu.so[0m
[8.740s] [ 97%] [32m[1mLinking CXX shared library rosidl_generator_py/yolo_msgs/yolo_msgs_s__rosidl_typesupport_fastrtps_c.cpython-38-x86_64-linux-gnu.so[0m
[8.743s] [ 98%] [32m[1mLinking C shared library rosidl_generator_py/yolo_msgs/yolo_msgs_s__rosidl_typesupport_c.cpython-38-x86_64-linux-gnu.so[0m
[8.743s] [100%] [32m[1mLinking C shared library rosidl_generator_py/yolo_msgs/yolo_msgs_s__rosidl_typesupport_introspection_c.cpython-38-x86_64-linux-gnu.so[0m
[8.770s] [100%] Built target yolo_msgs__rosidl_typesupport_c__pyext
[8.770s] [100%] Built target yolo_msgs__rosidl_typesupport_introspection_c__pyext
[8.811s] [100%] Built target yolo_msgs__rosidl_typesupport_fastrtps_c__pyext
[8.879s] [100%] Built target yolo_msgs__rosidl_typesupport_connext_c__pyext
[24.592s] Invoked command in '/home/corelab/ros2_stereo/build/yolo_msgs' returned '0': CMAKE_PREFIX_PATH=${CMAKE_PREFIX_PATH}:/opt/ros/foxy /home/corelab/.local/bin/cmake --build /home/corelab/ros2_stereo/build/yolo_msgs -- -j16 -l16
[24.687s] Invoking command in '/home/corelab/ros2_stereo/build/yolo_msgs': CMAKE_PREFIX_PATH=${CMAKE_PREFIX_PATH}:/opt/ros/foxy /home/corelab/.local/bin/cmake --install /home/corelab/ros2_stereo/build/yolo_msgs
[24.709s] -- Install configuration: ""
[24.709s] -- Installing: /home/corelab/ros2_stereo/install/yolo_msgs/share/ament_index/resource_index/rosidl_interfaces/yolo_msgs
[24.709s] -- Installing: /home/corelab/ros2_stereo/install/yolo_msgs/include/yolo_msgs
[24.709s] -- Installing: /home/corelab/ros2_stereo/install/yolo_msgs/include/yolo_msgs/msg
[24.709s] -- Installing: /home/corelab/ros2_stereo/install/yolo_msgs/include/yolo_msgs/msg/bounding_boxes.h
[24.709s] -- Installing: /home/corelab/ros2_stereo/install/yolo_msgs/include/yolo_msgs/msg/bounding_box.h
[24.709s] -- Installing: /home/corelab/ros2_stereo/install/yolo_msgs/include/yolo_msgs/msg/object_count.h
[24.709s] -- Installing: /home/corelab/ros2_stereo/install/yolo_msgs/include/yolo_msgs/msg/detail
[24.710s] -- Installing: /home/corelab/ros2_stereo/install/yolo_msgs/include/yolo_msgs/msg/detail/bounding_boxes__functions.h
[24.710s] -- Installing: /home/corelab/ros2_stereo/install/yolo_msgs/include/yolo_msgs/msg/detail/bounding_box__functions.h
[24.710s] -- Installing: /home/corelab/ros2_stereo/install/yolo_msgs/include/yolo_msgs/msg/detail/bounding_boxes__functions.c
[24.710s] -- Installing: /home/corelab/ros2_stereo/install/yolo_msgs/include/yolo_msgs/msg/detail/object_count__functions.h
[24.710s] -- Installing: /home/corelab/ros2_stereo/install/yolo_msgs/include/yolo_msgs/msg/detail/object_count__type_support.h
[24.710s] -- Installing: /home/corelab/ros2_stereo/install/yolo_msgs/include/yolo_msgs/msg/detail/bounding_boxes__type_support.h
[24.710s] -- Installing: /home/corelab/ros2_stereo/install/yolo_msgs/include/yolo_msgs/msg/detail/object_count__struct.h
[24.710s] -- Installing: /home/corelab/ros2_stereo/install/yolo_msgs/include/yolo_msgs/msg/detail/object_count__functions.c
[24.710s] -- Installing: /home/corelab/ros2_stereo/install/yolo_msgs/include/yolo_msgs/msg/detail/bounding_boxes__struct.h
[24.710s] -- Installing: /home/corelab/ros2_stereo/install/yolo_msgs/include/yolo_msgs/msg/detail/bounding_box__type_support.h
[24.710s] -- Installing: /home/corelab/ros2_stereo/install/yolo_msgs/include/yolo_msgs/msg/detail/bounding_box__struct.h
[24.710s] -- Installing: /home/corelab/ros2_stereo/install/yolo_msgs/include/yolo_msgs/msg/detail/bounding_box__functions.c
[24.710s] -- Installing: /home/corelab/ros2_stereo/install/yolo_msgs/include/yolo_msgs/msg/rosidl_generator_c__visibility_control.h
[24.710s] -- Installing: /home/corelab/ros2_stereo/install/yolo_msgs/share/yolo_msgs/environment/library_path.sh
[24.710s] -- Installing: /home/corelab/ros2_stereo/install/yolo_msgs/share/yolo_msgs/environment/library_path.dsv
[24.710s] -- Installing: /home/corelab/ros2_stereo/install/yolo_msgs/lib/libyolo_msgs__rosidl_generator_c.so
[24.710s] -- Set runtime path of "/home/corelab/ros2_stereo/install/yolo_msgs/lib/libyolo_msgs__rosidl_generator_c.so" to ""
[24.710s] -- Up-to-date: /home/corelab/ros2_stereo/install/yolo_msgs/include/yolo_msgs
[24.710s] -- Up-to-date: /home/corelab/ros2_stereo/install/yolo_msgs/include/yolo_msgs/msg
[24.710s] -- Installing: /home/corelab/ros2_stereo/install/yolo_msgs/include/yolo_msgs/msg/rosidl_typesupport_connext_c__visibility_control.h
[24.711s] -- Installing: /home/corelab/ros2_stereo/install/yolo_msgs/include/yolo_msgs/msg/bounding_box__rosidl_typesupport_connext_c.h
[24.711s] -- Installing: /home/corelab/ros2_stereo/install/yolo_msgs/include/yolo_msgs/msg/bounding_boxes__rosidl_typesupport_connext_c.h
[24.711s] -- Installing: /home/corelab/ros2_stereo/install/yolo_msgs/include/yolo_msgs/msg/object_count__rosidl_typesupport_connext_c.h
[24.711s] -- Installing: /home/corelab/ros2_stereo/install/yolo_msgs/include/yolo_msgs/msg/dds_connext
[24.711s] -- Installing: /home/corelab/ros2_stereo/install/yolo_msgs/lib/libyolo_msgs__rosidl_typesupport_connext_c.so
[24.711s] -- Set runtime path of "/home/corelab/ros2_stereo/install/yolo_msgs/lib/libyolo_msgs__rosidl_typesupport_connext_c.so" to ""
[24.711s] -- Installing: /home/corelab/ros2_stereo/install/yolo_msgs/share/yolo_msgs/msg/dds_connext
[24.711s] -- Installing: /home/corelab/ros2_stereo/install/yolo_msgs/share/yolo_msgs/msg/dds_connext/ObjectCount_.idl
[24.711s] -- Installing: /home/corelab/ros2_stereo/install/yolo_msgs/share/yolo_msgs/msg/dds_connext/BoundingBoxes_.idl
[24.711s] -- Installing: /home/corelab/ros2_stereo/install/yolo_msgs/share/yolo_msgs/msg/dds_connext/BoundingBox_.idl
[24.711s] -- Up-to-date: /home/corelab/ros2_stereo/install/yolo_msgs/include/yolo_msgs
[24.711s] -- Up-to-date: /home/corelab/ros2_stereo/install/yolo_msgs/include/yolo_msgs/msg
[24.711s] -- Installing: /home/corelab/ros2_stereo/install/yolo_msgs/include/yolo_msgs/msg/bounding_box__rosidl_typesupport_connext_cpp.hpp
[24.711s] -- Installing: /home/corelab/ros2_stereo/install/yolo_msgs/include/yolo_msgs/msg/rosidl_typesupport_connext_cpp__visibility_control.h
[24.711s] -- Installing: /home/corelab/ros2_stereo/install/yolo_msgs/include/yolo_msgs/msg/object_count__rosidl_typesupport_connext_cpp.hpp
[24.711s] -- Installing: /home/corelab/ros2_stereo/install/yolo_msgs/include/yolo_msgs/msg/bounding_boxes__rosidl_typesupport_connext_cpp.hpp
[24.711s] -- Up-to-date: /home/corelab/ros2_stereo/install/yolo_msgs/include/yolo_msgs/msg/dds_connext
[24.711s] -- Installing: /home/corelab/ros2_stereo/install/yolo_msgs/include/yolo_msgs/msg/dds_connext/BoundingBox_.h
[24.711s] -- Installing: /home/corelab/ros2_stereo/install/yolo_msgs/include/yolo_msgs/msg/dds_connext/ObjectCount_Plugin.cxx
[24.711s] -- Installing: /home/corelab/ros2_stereo/install/yolo_msgs/include/yolo_msgs/msg/dds_connext/ObjectCount_Support.h
[24.712s] -- Installing: /home/corelab/ros2_stereo/install/yolo_msgs/include/yolo_msgs/msg/dds_connext/BoundingBoxes_Plugin.h
[24.712s] -- Installing: /home/corelab/ros2_stereo/install/yolo_msgs/include/yolo_msgs/msg/dds_connext/BoundingBoxes_Plugin.cxx
[24.712s] -- Installing: /home/corelab/ros2_stereo/install/yolo_msgs/include/yolo_msgs/msg/dds_connext/BoundingBox_Plugin.h
[24.712s] -- Installing: /home/corelab/ros2_stereo/install/yolo_msgs/include/yolo_msgs/msg/dds_connext/ObjectCount_Support.cxx
[24.712s] -- Installing: /home/corelab/ros2_stereo/install/yolo_msgs/include/yolo_msgs/msg/dds_connext/BoundingBox_Support.cxx
[24.712s] -- Installing: /home/corelab/ros2_stereo/install/yolo_msgs/include/yolo_msgs/msg/dds_connext/ObjectCount_.cxx
[24.712s] -- Installing: /home/corelab/ros2_stereo/install/yolo_msgs/include/yolo_msgs/msg/dds_connext/BoundingBox_.cxx
[24.712s] -- Installing: /home/corelab/ros2_stereo/install/yolo_msgs/include/yolo_msgs/msg/dds_connext/BoundingBoxes_.h
[24.712s] -- Installing: /home/corelab/ros2_stereo/install/yolo_msgs/include/yolo_msgs/msg/dds_connext/BoundingBoxes_.cxx
[24.712s] -- Installing: /home/corelab/ros2_stereo/install/yolo_msgs/include/yolo_msgs/msg/dds_connext/BoundingBox_Support.h
[24.712s] -- Installing: /home/corelab/ros2_stereo/install/yolo_msgs/include/yolo_msgs/msg/dds_connext/BoundingBoxes_Support.cxx
[24.712s] -- Installing: /home/corelab/ros2_stereo/install/yolo_msgs/include/yolo_msgs/msg/dds_connext/BoundingBox_Plugin.cxx
[24.712s] -- Installing: /home/corelab/ros2_stereo/install/yolo_msgs/include/yolo_msgs/msg/dds_connext/BoundingBoxes_Support.h
[24.712s] -- Installing: /home/corelab/ros2_stereo/install/yolo_msgs/include/yolo_msgs/msg/dds_connext/ObjectCount_.h
[24.712s] -- Installing: /home/corelab/ros2_stereo/install/yolo_msgs/include/yolo_msgs/msg/dds_connext/ObjectCount_Plugin.h
[24.712s] -- Installing: /home/corelab/ros2_stereo/install/yolo_msgs/lib/libyolo_msgs__rosidl_typesupport_connext_cpp.so
[24.712s] -- Set runtime path of "/home/corelab/ros2_stereo/install/yolo_msgs/lib/libyolo_msgs__rosidl_typesupport_connext_cpp.so" to ""
[24.712s] -- Up-to-date: /home/corelab/ros2_stereo/install/yolo_msgs/include/yolo_msgs
[24.712s] -- Up-to-date: /home/corelab/ros2_stereo/install/yolo_msgs/include/yolo_msgs/msg
[24.712s] -- Up-to-date: /home/corelab/ros2_stereo/install/yolo_msgs/include/yolo_msgs/msg/detail
[24.712s] -- Installing: /home/corelab/ros2_stereo/install/yolo_msgs/include/yolo_msgs/msg/detail/object_count__rosidl_typesupport_fastrtps_c.h
[24.713s] -- Installing: /home/corelab/ros2_stereo/install/yolo_msgs/include/yolo_msgs/msg/detail/bounding_boxes__rosidl_typesupport_fastrtps_c.h
[24.713s] -- Installing: /home/corelab/ros2_stereo/install/yolo_msgs/include/yolo_msgs/msg/detail/bounding_box__rosidl_typesupport_fastrtps_c.h
[24.713s] -- Installing: /home/corelab/ros2_stereo/install/yolo_msgs/include/yolo_msgs/msg/rosidl_typesupport_fastrtps_c__visibility_control.h
[24.713s] -- Installing: /home/corelab/ros2_stereo/install/yolo_msgs/lib/libyolo_msgs__rosidl_typesupport_fastrtps_c.so
[24.713s] -- Set runtime path of "/home/corelab/ros2_stereo/install/yolo_msgs/lib/libyolo_msgs__rosidl_typesupport_fastrtps_c.so" to ""
[24.713s] -- Up-to-date: /home/corelab/ros2_stereo/install/yolo_msgs/include/yolo_msgs
[24.713s] -- Up-to-date: /home/corelab/ros2_stereo/install/yolo_msgs/include/yolo_msgs/msg
[24.713s] -- Installing: /home/corelab/ros2_stereo/install/yolo_msgs/include/yolo_msgs/msg/rosidl_typesupport_fastrtps_cpp__visibility_control.h
[24.713s] -- Up-to-date: /home/corelab/ros2_stereo/install/yolo_msgs/include/yolo_msgs/msg/detail
[24.713s] -- Installing: /home/corelab/ros2_stereo/install/yolo_msgs/include/yolo_msgs/msg/detail/dds_fastrtps
[24.713s] -- Installing: /home/corelab/ros2_stereo/install/yolo_msgs/include/yolo_msgs/msg/detail/bounding_box__rosidl_typesupport_fastrtps_cpp.hpp
[24.713s] -- Installing: /home/corelab/ros2_stereo/install/yolo_msgs/include/yolo_msgs/msg/detail/object_count__rosidl_typesupport_fastrtps_cpp.hpp
[24.713s] -- Installing: /home/corelab/ros2_stereo/install/yolo_msgs/include/yolo_msgs/msg/detail/bounding_boxes__rosidl_typesupport_fastrtps_cpp.hpp
[24.713s] -- Installing: /home/corelab/ros2_stereo/install/yolo_msgs/lib/libyolo_msgs__rosidl_typesupport_fastrtps_cpp.so
[24.713s] -- Set runtime path of "/home/corelab/ros2_stereo/install/yolo_msgs/lib/libyolo_msgs__rosidl_typesupport_fastrtps_cpp.so" to ""
[24.713s] -- Up-to-date: /home/corelab/ros2_stereo/install/yolo_msgs/include/yolo_msgs
[24.713s] -- Up-to-date: /home/corelab/ros2_stereo/install/yolo_msgs/include/yolo_msgs/msg
[24.713s] -- Up-to-date: /home/corelab/ros2_stereo/install/yolo_msgs/include/yolo_msgs/msg/detail
[24.713s] -- Installing: /home/corelab/ros2_stereo/install/yolo_msgs/include/yolo_msgs/msg/detail/bounding_boxes__type_support.c
[24.713s] -- Installing: /home/corelab/ros2_stereo/install/yolo_msgs/include/yolo_msgs/msg/detail/bounding_boxes__rosidl_typesupport_introspection_c.h
[24.713s] -- Installing: /home/corelab/ros2_stereo/install/yolo_msgs/include/yolo_msgs/msg/detail/object_count__type_support.c
[24.713s] -- Installing: /home/corelab/ros2_stereo/install/yolo_msgs/include/yolo_msgs/msg/detail/bounding_box__rosidl_typesupport_introspection_c.h
[24.713s] -- Installing: /home/corelab/ros2_stereo/install/yolo_msgs/include/yolo_msgs/msg/detail/bounding_box__type_support.c
[24.713s] -- Installing: /home/corelab/ros2_stereo/install/yolo_msgs/include/yolo_msgs/msg/detail/object_count__rosidl_typesupport_introspection_c.h
[24.713s] -- Installing: /home/corelab/ros2_stereo/install/yolo_msgs/include/yolo_msgs/msg/rosidl_typesupport_introspection_c__visibility_control.h
[24.713s] -- Installing: /home/corelab/ros2_stereo/install/yolo_msgs/lib/libyolo_msgs__rosidl_typesupport_introspection_c.so
[24.714s] -- Set runtime path of "/home/corelab/ros2_stereo/install/yolo_msgs/lib/libyolo_msgs__rosidl_typesupport_introspection_c.so" to ""
[24.714s] -- Installing: /home/corelab/ros2_stereo/install/yolo_msgs/lib/libyolo_msgs__rosidl_typesupport_c.so
[24.714s] -- Set runtime path of "/home/corelab/ros2_stereo/install/yolo_msgs/lib/libyolo_msgs__rosidl_typesupport_c.so" to ""
[24.714s] -- Up-to-date: /home/corelab/ros2_stereo/install/yolo_msgs/include/yolo_msgs
[24.714s] -- Up-to-date: /home/corelab/ros2_stereo/install/yolo_msgs/include/yolo_msgs/msg
[24.714s] -- Installing: /home/corelab/ros2_stereo/install/yolo_msgs/include/yolo_msgs/msg/bounding_boxes.hpp
[24.714s] -- Installing: /home/corelab/ros2_stereo/install/yolo_msgs/include/yolo_msgs/msg/object_count.hpp
[24.714s] -- Installing: /home/corelab/ros2_stereo/install/yolo_msgs/include/yolo_msgs/msg/rosidl_generator_cpp__visibility_control.hpp
[24.714s] -- Installing: /home/corelab/ros2_stereo/install/yolo_msgs/include/yolo_msgs/msg/bounding_box.hpp
[24.714s] -- Up-to-date: /home/corelab/ros2_stereo/install/yolo_msgs/include/yolo_msgs/msg/detail
[24.714s] -- Installing: /home/corelab/ros2_stereo/install/yolo_msgs/include/yolo_msgs/msg/detail/bounding_box__struct.hpp
[24.714s] -- Installing: /home/corelab/ros2_stereo/install/yolo_msgs/include/yolo_msgs/msg/detail/bounding_box__type_support.hpp
[24.714s] -- Installing: /home/corelab/ros2_stereo/install/yolo_msgs/include/yolo_msgs/msg/detail/bounding_boxes__type_support.hpp
[24.714s] -- Installing: /home/corelab/ros2_stereo/install/yolo_msgs/include/yolo_msgs/msg/detail/object_count__type_support.hpp
[24.714s] -- Installing: /home/corelab/ros2_stereo/install/yolo_msgs/include/yolo_msgs/msg/detail/bounding_box__traits.hpp
[24.714s] -- Installing: /home/corelab/ros2_stereo/install/yolo_msgs/include/yolo_msgs/msg/detail/bounding_box__builder.hpp
[24.714s] -- Installing: /home/corelab/ros2_stereo/install/yolo_msgs/include/yolo_msgs/msg/detail/bounding_boxes__struct.hpp
[24.714s] -- Installing: /home/corelab/ros2_stereo/install/yolo_msgs/include/yolo_msgs/msg/detail/object_count__traits.hpp
[24.715s] -- Installing: /home/corelab/ros2_stereo/install/yolo_msgs/include/yolo_msgs/msg/detail/object_count__struct.hpp
[24.715s] -- Installing: /home/corelab/ros2_stereo/install/yolo_msgs/include/yolo_msgs/msg/detail/bounding_boxes__traits.hpp
[24.715s] -- Installing: /home/corelab/ros2_stereo/install/yolo_msgs/include/yolo_msgs/msg/detail/object_count__builder.hpp
[24.715s] -- Installing: /home/corelab/ros2_stereo/install/yolo_msgs/include/yolo_msgs/msg/detail/bounding_boxes__builder.hpp
[24.715s] -- Up-to-date: /home/corelab/ros2_stereo/install/yolo_msgs/include/yolo_msgs
[24.715s] -- Up-to-date: /home/corelab/ros2_stereo/install/yolo_msgs/include/yolo_msgs/msg
[24.715s] -- Up-to-date: /home/corelab/ros2_stereo/install/yolo_msgs/include/yolo_msgs/msg/detail
[24.715s] -- Installing: /home/corelab/ros2_stereo/install/yolo_msgs/include/yolo_msgs/msg/detail/bounding_box__type_support.cpp
[24.715s] -- Installing: /home/corelab/ros2_stereo/install/yolo_msgs/include/yolo_msgs/msg/detail/bounding_boxes__rosidl_typesupport_introspection_cpp.hpp
[24.715s] -- Installing: /home/corelab/ros2_stereo/install/yolo_msgs/include/yolo_msgs/msg/detail/object_count__rosidl_typesupport_introspection_cpp.hpp
[24.715s] -- Installing: /home/corelab/ros2_stereo/install/yolo_msgs/include/yolo_msgs/msg/detail/object_count__type_support.cpp
[24.715s] -- Installing: /home/corelab/ros2_stereo/install/yolo_msgs/include/yolo_msgs/msg/detail/bounding_box__rosidl_typesupport_introspection_cpp.hpp
[24.715s] -- Installing: /home/corelab/ros2_stereo/install/yolo_msgs/include/yolo_msgs/msg/detail/bounding_boxes__type_support.cpp
[24.715s] -- Installing: /home/corelab/ros2_stereo/install/yolo_msgs/lib/libyolo_msgs__rosidl_typesupport_introspection_cpp.so
[24.715s] -- Set runtime path of "/home/corelab/ros2_stereo/install/yolo_msgs/lib/libyolo_msgs__rosidl_typesupport_introspection_cpp.so" to ""
[24.715s] -- Installing: /home/corelab/ros2_stereo/install/yolo_msgs/lib/libyolo_msgs__rosidl_typesupport_cpp.so
[24.715s] -- Set runtime path of "/home/corelab/ros2_stereo/install/yolo_msgs/lib/libyolo_msgs__rosidl_typesupport_cpp.so" to ""
[24.715s] -- Installing: /home/corelab/ros2_stereo/install/yolo_msgs/share/yolo_msgs/environment/pythonpath.sh
[24.715s] -- Installing: /home/corelab/ros2_stereo/install/yolo_msgs/share/yolo_msgs/environment/pythonpath.dsv
[24.715s] -- Installing: /home/corelab/ros2_stereo/install/yolo_msgs/lib/python3.8/site-packages/yolo_msgs/__init__.py
[24.737s] Compiling '/home/corelab/ros2_stereo/install/yolo_msgs/lib/python3.8/site-packages/yolo_msgs/__init__.py'...
[24.739s] -- Installing: /home/corelab/ros2_stereo/install/yolo_msgs/lib/python3.8/site-packages/yolo_msgs/msg
[24.739s] -- Installing: /home/corelab/ros2_stereo/install/yolo_msgs/lib/python3.8/site-packages/yolo_msgs/msg/__init__.py
[24.739s] -- Installing: /home/corelab/ros2_stereo/install/yolo_msgs/lib/python3.8/site-packages/yolo_msgs/msg/_bounding_box.py
[24.739s] -- Installing: /home/corelab/ros2_stereo/install/yolo_msgs/lib/python3.8/site-packages/yolo_msgs/msg/_bounding_boxes.py
[24.739s] -- Installing: /home/corelab/ros2_stereo/install/yolo_msgs/lib/python3.8/site-packages/yolo_msgs/msg/_bounding_box_s.c
[24.739s] -- Installing: /home/corelab/ros2_stereo/install/yolo_msgs/lib/python3.8/site-packages/yolo_msgs/msg/_object_count.py
[24.739s] -- Installing: /home/corelab/ros2_stereo/install/yolo_msgs/lib/python3.8/site-packages/yolo_msgs/msg/_object_count_s.c
[24.739s] -- Installing: /home/corelab/ros2_stereo/install/yolo_msgs/lib/python3.8/site-packages/yolo_msgs/msg/_bounding_boxes_s.c
[24.739s] -- Installing: /home/corelab/ros2_stereo/install/yolo_msgs/lib/python3.8/site-packages/yolo_msgs/yolo_msgs_s__rosidl_typesupport_connext_c.cpython-38-x86_64-linux-gnu.so
[24.739s] -- Set runtime path of "/home/corelab/ros2_stereo/install/yolo_msgs/lib/python3.8/site-packages/yolo_msgs/yolo_msgs_s__rosidl_typesupport_connext_c.cpython-38-x86_64-linux-gnu.so" to ""
[24.739s] -- Installing: /home/corelab/ros2_stereo/install/yolo_msgs/lib/python3.8/site-packages/yolo_msgs/yolo_msgs_s__rosidl_typesupport_fastrtps_c.cpython-38-x86_64-linux-gnu.so
[24.739s] -- Set runtime path of "/home/corelab/ros2_stereo/install/yolo_msgs/lib/python3.8/site-packages/yolo_msgs/yolo_msgs_s__rosidl_typesupport_fastrtps_c.cpython-38-x86_64-linux-gnu.so" to ""
[24.739s] -- Installing: /home/corelab/ros2_stereo/install/yolo_msgs/lib/python3.8/site-packages/yolo_msgs/yolo_msgs_s__rosidl_typesupport_introspection_c.cpython-38-x86_64-linux-gnu.so
[24.739s] -- Set runtime path of "/home/corelab/ros2_stereo/install/yolo_msgs/lib/python3.8/site-packages/yolo_msgs/yolo_msgs_s__rosidl_typesupport_introspection_c.cpython-38-x86_64-linux-gnu.so" to ""
[24.739s] -- Installing: /home/corelab/ros2_stereo/install/yolo_msgs/lib/python3.8/site-packages/yolo_msgs/yolo_msgs_s__rosidl_typesupport_c.cpython-38-x86_64-linux-gnu.so
[24.739s] -- Set runtime path of "/home/corelab/ros2_stereo/install/yolo_msgs/lib/python3.8/site-packages/yolo_msgs/yolo_msgs_s__rosidl_typesupport_c.cpython-38-x86_64-linux-gnu.so" to ""
[24.739s] -- Installing: /home/corelab/ros2_stereo/install/yolo_msgs/lib/libyolo_msgs__python.so
[24.740s] -- Set runtime path of "/home/corelab/ros2_stereo/install/yolo_msgs/lib/libyolo_msgs__python.so" to ""
[24.740s] -- Installing: /home/corelab/ros2_stereo/install/yolo_msgs/share/yolo_msgs/msg/BoundingBox.idl
[24.740s] -- Installing: /home/corelab/ros2_stereo/install/yolo_msgs/share/yolo_msgs/msg/BoundingBoxes.idl
[24.740s] -- Installing: /home/corelab/ros2_stereo/install/yolo_msgs/share/yolo_msgs/msg/ObjectCount.idl
[24.740s] -- Installing: /home/corelab/ros2_stereo/install/yolo_msgs/share/yolo_msgs/msg/BoundingBox.msg
[24.740s] -- Installing: /home/corelab/ros2_stereo/install/yolo_msgs/share/yolo_msgs/msg/BoundingBoxes.msg
[24.740s] -- Installing: /home/corelab/ros2_stereo/install/yolo_msgs/share/yolo_msgs/msg/ObjectCount.msg
[24.740s] -- Installing: /home/corelab/ros2_stereo/install/yolo_msgs/share/ament_index/resource_index/package_run_dependencies/yolo_msgs
[24.740s] -- Installing: /home/corelab/ros2_stereo/install/yolo_msgs/share/ament_index/resource_index/parent_prefix_path/yolo_msgs
[24.740s] -- Installing: /home/corelab/ros2_stereo/install/yolo_msgs/share/yolo_msgs/environment/ament_prefix_path.sh
[24.740s] -- Installing: /home/corelab/ros2_stereo/install/yolo_msgs/share/yolo_msgs/environment/ament_prefix_path.dsv
[24.740s] -- Installing: /home/corelab/ros2_stereo/install/yolo_msgs/share/yolo_msgs/environment/path.sh
[24.740s] -- Installing: /home/corelab/ros2_stereo/install/yolo_msgs/share/yolo_msgs/environment/path.dsv
[24.740s] -- Installing: /home/corelab/ros2_stereo/install/yolo_msgs/share/yolo_msgs/local_setup.bash
[24.740s] -- Installing: /home/corelab/ros2_stereo/install/yolo_msgs/share/yolo_msgs/local_setup.sh
[24.740s] -- Installing: /home/corelab/ros2_stereo/install/yolo_msgs/share/yolo_msgs/local_setup.zsh
[24.740s] -- Installing: /home/corelab/ros2_stereo/install/yolo_msgs/share/yolo_msgs/local_setup.dsv
[24.740s] -- Installing: /home/corelab/ros2_stereo/install/yolo_msgs/share/yolo_msgs/package.dsv
[24.740s] -- Installing: /home/corelab/ros2_stereo/install/yolo_msgs/share/ament_index/resource_index/packages/yolo_msgs
[24.741s] -- Installing: /home/corelab/ros2_stereo/install/yolo_msgs/share/yolo_msgs/cmake/yolo_msgs__rosidl_generator_cExport.cmake
[24.741s] -- Installing: /home/corelab/ros2_stereo/install/yolo_msgs/share/yolo_msgs/cmake/yolo_msgs__rosidl_generator_cExport-noconfig.cmake
[24.741s] -- Installing: /home/corelab/ros2_stereo/install/yolo_msgs/share/yolo_msgs/cmake/yolo_msgs__rosidl_typesupport_introspection_cExport.cmake
[24.741s] -- Installing: /home/corelab/ros2_stereo/install/yolo_msgs/share/yolo_msgs/cmake/yolo_msgs__rosidl_typesupport_introspection_cExport-noconfig.cmake
[24.741s] -- Installing: /home/corelab/ros2_stereo/install/yolo_msgs/share/yolo_msgs/cmake/yolo_msgs__rosidl_typesupport_cExport.cmake
[24.741s] -- Installing: /home/corelab/ros2_stereo/install/yolo_msgs/share/yolo_msgs/cmake/yolo_msgs__rosidl_typesupport_cExport-noconfig.cmake
[24.741s] -- Installing: /home/corelab/ros2_stereo/install/yolo_msgs/share/yolo_msgs/cmake/yolo_msgs__rosidl_generator_cppExport.cmake
[24.741s] -- Installing: /home/corelab/ros2_stereo/install/yolo_msgs/share/yolo_msgs/cmake/yolo_msgs__rosidl_typesupport_introspection_cppExport.cmake
[24.741s] -- Installing: /home/corelab/ros2_stereo/install/yolo_msgs/share/yolo_msgs/cmake/yolo_msgs__rosidl_typesupport_introspection_cppExport-noconfig.cmake
[24.741s] -- Installing: /home/corelab/ros2_stereo/install/yolo_msgs/share/yolo_msgs/cmake/yolo_msgs__rosidl_typesupport_cppExport.cmake
[24.741s] -- Installing: /home/corelab/ros2_stereo/install/yolo_msgs/share/yolo_msgs/cmake/yolo_msgs__rosidl_typesupport_cppExport-noconfig.cmake
[24.741s] -- Installing: /home/corelab/ros2_stereo/install/yolo_msgs/share/yolo_msgs/cmake/rosidl_cmake-extras.cmake
[24.741s] -- Installing: /home/corelab/ros2_stereo/install/yolo_msgs/share/yolo_msgs/cmake/ament_cmake_export_dependencies-extras.cmake
[24.741s] -- Installing: /home/corelab/ros2_stereo/install/yolo_msgs/share/yolo_msgs/cmake/ament_cmake_export_libraries-extras.cmake
[24.741s] -- Installing: /home/corelab/ros2_stereo/install/yolo_msgs/share/yolo_msgs/cmake/ament_cmake_export_targets-extras.cmake
[24.741s] -- Installing: /home/corelab/ros2_stereo/install/yolo_msgs/share/yolo_msgs/cmake/ament_cmake_export_include_directories-extras.cmake
[24.741s] -- Installing: /home/corelab/ros2_stereo/install/yolo_msgs/share/yolo_msgs/cmake/rosidl_cmake_export_typesupport_libraries-extras.cmake
[24.742s] -- Installing: /home/corelab/ros2_stereo/install/yolo_msgs/share/yolo_msgs/cmake/rosidl_cmake_export_typesupport_targets-extras.cmake
[24.742s] -- Installing: /home/corelab/ros2_stereo/install/yolo_msgs/share/yolo_msgs/cmake/yolo_msgsConfig.cmake
[24.742s] -- Installing: /home/corelab/ros2_stereo/install/yolo_msgs/share/yolo_msgs/cmake/yolo_msgsConfig-version.cmake
[24.742s] -- Installing: /home/corelab/ros2_stereo/install/yolo_msgs/share/yolo_msgs/package.xml
[24.746s] Invoked command in '/home/corelab/ros2_stereo/build/yolo_msgs' returned '0': CMAKE_PREFIX_PATH=${CMAKE_PREFIX_PATH}:/opt/ros/foxy /home/corelab/.local/bin/cmake --install /home/corelab/ros2_stereo/build/yolo_msgs
