[0.016s] Invoking command in '/home/corelab/ros2_stereo/build/stereo_image_proc': CMAKE_PREFIX_PATH=/home/corelab/ros2_stereo/install/yolo_msgs:/home/corelab/ros2_stereo/install/image_proc:/home/corelab/ros2_stereo/install/stereo_image_proc:/home/corelab/ros2_stereo/install/gscam2:/home/corelab/ros2_stereo/install/ros2_shared:/home/corelab/ros2_stereo/install/opencv_telemetry:/home/corelab/ros2_stereo/install/image_view:/opt/ros/foxy LD_LIBRARY_PATH=/home/corelab/ros2_stereo/install/yolo_msgs/lib:/home/corelab/ros2_stereo/install/image_proc/lib:/home/corelab/ros2_stereo/install/stereo_image_proc/lib:/home/corelab/ros2_stereo/install/gscam2/lib:/home/corelab/ros2_stereo/install/opencv_telemetry/lib:/home/corelab/ros2_stereo/install/image_view/lib:/usr/lib/x86_64-linux-gnu/gazebo-11/plugins:/opt/ros/foxy/opt/yaml_cpp_vendor/lib:/opt/ros/foxy/opt/rviz_ogre_vendor/lib:/opt/ros/foxy/lib/x86_64-linux-gnu:/opt/ros/foxy/opt/libphidget22/lib:/usr/share/gurumdds/cmake/../../../lib:/opt/rti.com/rti_connext_dds-5.3.1/lib/x64Linux3gcc5.4.0:/opt/ros/foxy/lib /home/corelab/.local/bin/cmake /home/corelab/ros2_stereo/src/stereo_image_proc -DCMAKE_INSTALL_PREFIX=/home/corelab/ros2_stereo/install/stereo_image_proc
[0.105s] -- The C compiler identification is GNU 9.4.0
[0.146s] -- The CXX compiler identification is GNU 9.4.0
[0.152s] -- Detecting C compiler ABI info
[0.193s] -- Detecting C compiler ABI info - done
[0.205s] -- Check for working C compiler: /usr/bin/cc - skipped
[0.205s] -- Detecting C compile features
[0.206s] -- Detecting C compile features - done
[0.209s] -- Detecting CXX compiler ABI info
[0.281s] -- Detecting CXX compiler ABI info - done
[0.287s] -- Check for working CXX compiler: /usr/bin/c++ - skipped
[0.287s] -- Detecting CXX compile features
[0.287s] -- Detecting CXX compile features - done
[0.292s] -- Found ament_cmake_auto: 0.9.12 (/opt/ros/foxy/share/ament_cmake_auto/cmake)
[0.317s] -- Found PythonInterp: /usr/bin/python3 (found suitable version "3.8.10", minimum required is "3") 
[0.317s] -- Using PYTHON_EXECUTABLE: /usr/bin/python3
[0.566s] -- Using all available rosidl_typesupport_c: rosidl_typesupport_connext_c;rosidl_typesupport_fastrtps_c;rosidl_typesupport_introspection_c
[0.575s] -- Found rosidl_adapter: 1.3.1 (/opt/ros/foxy/share/rosidl_adapter/cmake)
[0.582s] -- Found RTI Connext: /opt/rti.com/rti_connext_dds-5.3.1
[0.583s] [33mCMake Warning (dev) at /opt/ros/foxy/share/connext_cmake_module/cmake/Modules/FindConnext.cmake:163 (list):
[0.583s]   Policy CMP0121 is not set: The list() command now validates parsing of
[0.583s]   index arguments.  Run "cmake --help-policy CMP0121" for policy details.
[0.583s]   Use the cmake_policy command to set the policy and suppress this warning.
[0.583s]   Invalid list index "libnddsc.so".
[0.583s] Call Stack (most recent call first):
[0.583s]   /opt/ros/foxy/share/connext_cmake_module/cmake/Modules/FindConnext.cmake:198 (_count_found_libraries)
[0.583s]   /opt/ros/foxy/share/rosidl_typesupport_connext_c/cmake/rosidl_typesupport_connext_c-extras.cmake:5 (find_package)
[0.583s]   /opt/ros/foxy/share/rosidl_typesupport_connext_c/cmake/rosidl_typesupport_connext_cConfig.cmake:41 (include)
[0.583s]   /opt/ros/foxy/share/rosidl_typesupport_c/cmake/rosidl_typesupport_c-extras.cmake:13 (find_package)
[0.583s]   /opt/ros/foxy/share/rosidl_typesupport_c/cmake/rosidl_typesupport_cConfig.cmake:41 (include)
[0.583s]   /opt/ros/foxy/share/rosidl_default_runtime/cmake/rosidl_default_runtime-extras.cmake:12 (find_package)
[0.583s]   /opt/ros/foxy/share/rosidl_default_runtime/cmake/rosidl_default_runtimeConfig.cmake:41 (include)
[0.583s]   /opt/ros/foxy/share/builtin_interfaces/cmake/ament_cmake_export_dependencies-extras.cmake:21 (find_package)
[0.583s]   /opt/ros/foxy/share/builtin_interfaces/cmake/builtin_interfacesConfig.cmake:41 (include)
[0.583s]   /opt/ros/foxy/share/sensor_msgs/cmake/ament_cmake_export_dependencies-extras.cmake:21 (find_package)
[0.583s]   /opt/ros/foxy/share/sensor_msgs/cmake/sensor_msgsConfig.cmake:41 (include)
[0.584s]   /opt/ros/foxy/share/cv_bridge/cmake/ament_cmake_export_dependencies-extras.cmake:21 (find_package)
[0.584s]   /opt/ros/foxy/share/cv_bridge/cmake/cv_bridgeConfig.cmake:41 (include)
[0.584s]   /opt/ros/foxy/share/ament_cmake_auto/cmake/ament_auto_find_build_dependencies.cmake:67 (find_package)
[0.584s]   CMakeLists.txt:13 (ament_auto_find_build_dependencies)
[0.584s] This warning is for project developers.  Use -Wno-dev to suppress it.
[0.584s] [0m
[0.584s] [33mCMake Warning (dev) at /opt/ros/foxy/share/connext_cmake_module/cmake/Modules/FindConnext.cmake:163 (list):
[0.584s]   Policy CMP0121 is not set: The list() command now validates parsing of
[0.584s]   index arguments.  Run "cmake --help-policy CMP0121" for policy details.
[0.584s]   Use the cmake_policy command to set the policy and suppress this warning.
[0.584s]   Invalid list index "libnddscore.so".
[0.584s] Call Stack (most recent call first):
[0.584s]   /opt/ros/foxy/share/connext_cmake_module/cmake/Modules/FindConnext.cmake:198 (_count_found_libraries)
[0.584s]   /opt/ros/foxy/share/rosidl_typesupport_connext_c/cmake/rosidl_typesupport_connext_c-extras.cmake:5 (find_package)
[0.584s]   /opt/ros/foxy/share/rosidl_typesupport_connext_c/cmake/rosidl_typesupport_connext_cConfig.cmake:41 (include)
[0.584s]   /opt/ros/foxy/share/rosidl_typesupport_c/cmake/rosidl_typesupport_c-extras.cmake:13 (find_package)
[0.584s]   /opt/ros/foxy/share/rosidl_typesupport_c/cmake/rosidl_typesupport_cConfig.cmake:41 (include)
[0.584s]   /opt/ros/foxy/share/rosidl_default_runtime/cmake/rosidl_default_runtime-extras.cmake:12 (find_package)
[0.584s]   /opt/ros/foxy/share/rosidl_default_runtime/cmake/rosidl_default_runtimeConfig.cmake:41 (include)
[0.584s]   /opt/ros/foxy/share/builtin_interfaces/cmake/ament_cmake_export_dependencies-extras.cmake:21 (find_package)
[0.584s]   /opt/ros/foxy/share/builtin_interfaces/cmake/builtin_interfacesConfig.cmake:41 (include)
[0.584s]   /opt/ros/foxy/share/sensor_msgs/cmake/ament_cmake_export_dependencies-extras.cmake:21 (find_package)
[0.584s]   /opt/ros/foxy/share/sensor_msgs/cmake/sensor_msgsConfig.cmake:41 (include)
[0.584s]   /opt/ros/foxy/share/cv_bridge/cmake/ament_cmake_export_dependencies-extras.cmake:21 (find_package)
[0.584s]   /opt/ros/foxy/share/cv_bridge/cmake/cv_bridgeConfig.cmake:41 (include)
[0.584s]   /opt/ros/foxy/share/ament_cmake_auto/cmake/ament_auto_find_build_dependencies.cmake:67 (find_package)
[0.584s]   CMakeLists.txt:13 (ament_auto_find_build_dependencies)
[0.584s] This warning is for project developers.  Use -Wno-dev to suppress it.
[0.584s] [0m
[0.584s] [33mCMake Warning (dev) at /opt/ros/foxy/share/connext_cmake_module/cmake/Modules/FindConnext.cmake:163 (list):
[0.584s]   Policy CMP0121 is not set: The list() command now validates parsing of
[0.584s]   index arguments.  Run "cmake --help-policy CMP0121" for policy details.
[0.585s]   Use the cmake_policy command to set the policy and suppress this warning.
[0.585s]   Invalid list index "libnddscpp.so".
[0.585s] Call Stack (most recent call first):
[0.585s]   /opt/ros/foxy/share/connext_cmake_module/cmake/Modules/FindConnext.cmake:198 (_count_found_libraries)
[0.585s]   /opt/ros/foxy/share/rosidl_typesupport_connext_c/cmake/rosidl_typesupport_connext_c-extras.cmake:5 (find_package)
[0.585s]   /opt/ros/foxy/share/rosidl_typesupport_connext_c/cmake/rosidl_typesupport_connext_cConfig.cmake:41 (include)
[0.585s]   /opt/ros/foxy/share/rosidl_typesupport_c/cmake/rosidl_typesupport_c-extras.cmake:13 (find_package)
[0.585s]   /opt/ros/foxy/share/rosidl_typesupport_c/cmake/rosidl_typesupport_cConfig.cmake:41 (include)
[0.585s]   /opt/ros/foxy/share/rosidl_default_runtime/cmake/rosidl_default_runtime-extras.cmake:12 (find_package)
[0.585s]   /opt/ros/foxy/share/rosidl_default_runtime/cmake/rosidl_default_runtimeConfig.cmake:41 (include)
[0.585s]   /opt/ros/foxy/share/builtin_interfaces/cmake/ament_cmake_export_dependencies-extras.cmake:21 (find_package)
[0.585s]   /opt/ros/foxy/share/builtin_interfaces/cmake/builtin_interfacesConfig.cmake:41 (include)
[0.585s]   /opt/ros/foxy/share/sensor_msgs/cmake/ament_cmake_export_dependencies-extras.cmake:21 (find_package)
[0.585s]   /opt/ros/foxy/share/sensor_msgs/cmake/sensor_msgsConfig.cmake:41 (include)
[0.585s]   /opt/ros/foxy/share/cv_bridge/cmake/ament_cmake_export_dependencies-extras.cmake:21 (find_package)
[0.585s]   /opt/ros/foxy/share/cv_bridge/cmake/cv_bridgeConfig.cmake:41 (include)
[0.585s]   /opt/ros/foxy/share/ament_cmake_auto/cmake/ament_auto_find_build_dependencies.cmake:67 (find_package)
[0.585s]   CMakeLists.txt:13 (ament_auto_find_build_dependencies)
[0.585s] This warning is for project developers.  Use -Wno-dev to suppress it.
[0.585s] [0m
[0.585s] [33mCMake Warning (dev) at /opt/ros/foxy/share/connext_cmake_module/cmake/Modules/FindConnext.cmake:163 (list):
[0.585s]   Policy CMP0121 is not set: The list() command now validates parsing of
[0.585s]   index arguments.  Run "cmake --help-policy CMP0121" for policy details.
[0.585s]   Use the cmake_policy command to set the policy and suppress this warning.
[0.585s]   Invalid list index "librticonnextmsgcpp.so".
[0.585s] Call Stack (most recent call first):
[0.585s]   /opt/ros/foxy/share/connext_cmake_module/cmake/Modules/FindConnext.cmake:198 (_count_found_libraries)
[0.585s]   /opt/ros/foxy/share/rosidl_typesupport_connext_c/cmake/rosidl_typesupport_connext_c-extras.cmake:5 (find_package)
[0.585s]   /opt/ros/foxy/share/rosidl_typesupport_connext_c/cmake/rosidl_typesupport_connext_cConfig.cmake:41 (include)
[0.585s]   /opt/ros/foxy/share/rosidl_typesupport_c/cmake/rosidl_typesupport_c-extras.cmake:13 (find_package)
[0.585s]   /opt/ros/foxy/share/rosidl_typesupport_c/cmake/rosidl_typesupport_cConfig.cmake:41 (include)
[0.585s]   /opt/ros/foxy/share/rosidl_default_runtime/cmake/rosidl_default_runtime-extras.cmake:12 (find_package)
[0.585s]   /opt/ros/foxy/share/rosidl_default_runtime/cmake/rosidl_default_runtimeConfig.cmake:41 (include)
[0.586s]   /opt/ros/foxy/share/builtin_interfaces/cmake/ament_cmake_export_dependencies-extras.cmake:21 (find_package)
[0.586s]   /opt/ros/foxy/share/builtin_interfaces/cmake/builtin_interfacesConfig.cmake:41 (include)
[0.586s]   /opt/ros/foxy/share/sensor_msgs/cmake/ament_cmake_export_dependencies-extras.cmake:21 (find_package)
[0.586s]   /opt/ros/foxy/share/sensor_msgs/cmake/sensor_msgsConfig.cmake:41 (include)
[0.586s]   /opt/ros/foxy/share/cv_bridge/cmake/ament_cmake_export_dependencies-extras.cmake:21 (find_package)
[0.586s]   /opt/ros/foxy/share/cv_bridge/cmake/cv_bridgeConfig.cmake:41 (include)
[0.586s]   /opt/ros/foxy/share/ament_cmake_auto/cmake/ament_auto_find_build_dependencies.cmake:67 (find_package)
[0.586s]   CMakeLists.txt:13 (ament_auto_find_build_dependencies)
[0.586s] This warning is for project developers.  Use -Wno-dev to suppress it.
[0.586s] [0m
[0.586s] [33mCMake Warning (dev) at /opt/ros/foxy/share/connext_cmake_module/cmake/Modules/FindConnext.cmake:163 (list):
[0.586s]   Policy CMP0121 is not set: The list() command now validates parsing of
[0.586s]   index arguments.  Run "cmake --help-policy CMP0121" for policy details.
[0.586s]   Use the cmake_policy command to set the policy and suppress this warning.
[0.586s]   Invalid list index "libnddscd.so".
[0.586s] Call Stack (most recent call first):
[0.586s]   /opt/ros/foxy/share/connext_cmake_module/cmake/Modules/FindConnext.cmake:199 (_count_found_libraries)
[0.586s]   /opt/ros/foxy/share/rosidl_typesupport_connext_c/cmake/rosidl_typesupport_connext_c-extras.cmake:5 (find_package)
[0.586s]   /opt/ros/foxy/share/rosidl_typesupport_connext_c/cmake/rosidl_typesupport_connext_cConfig.cmake:41 (include)
[0.586s]   /opt/ros/foxy/share/rosidl_typesupport_c/cmake/rosidl_typesupport_c-extras.cmake:13 (find_package)
[0.586s]   /opt/ros/foxy/share/rosidl_typesupport_c/cmake/rosidl_typesupport_cConfig.cmake:41 (include)
[0.586s]   /opt/ros/foxy/share/rosidl_default_runtime/cmake/rosidl_default_runtime-extras.cmake:12 (find_package)
[0.586s]   /opt/ros/foxy/share/rosidl_default_runtime/cmake/rosidl_default_runtimeConfig.cmake:41 (include)
[0.586s]   /opt/ros/foxy/share/builtin_interfaces/cmake/ament_cmake_export_dependencies-extras.cmake:21 (find_package)
[0.586s]   /opt/ros/foxy/share/builtin_interfaces/cmake/builtin_interfacesConfig.cmake:41 (include)
[0.586s]   /opt/ros/foxy/share/sensor_msgs/cmake/ament_cmake_export_dependencies-extras.cmake:21 (find_package)
[0.586s]   /opt/ros/foxy/share/sensor_msgs/cmake/sensor_msgsConfig.cmake:41 (include)
[0.586s]   /opt/ros/foxy/share/cv_bridge/cmake/ament_cmake_export_dependencies-extras.cmake:21 (find_package)
[0.586s]   /opt/ros/foxy/share/cv_bridge/cmake/cv_bridgeConfig.cmake:41 (include)
[0.586s]   /opt/ros/foxy/share/ament_cmake_auto/cmake/ament_auto_find_build_dependencies.cmake:67 (find_package)
[0.586s]   CMakeLists.txt:13 (ament_auto_find_build_dependencies)
[0.586s] This warning is for project developers.  Use -Wno-dev to suppress it.
[0.586s] [0m
[0.586s] [33mCMake Warning (dev) at /opt/ros/foxy/share/connext_cmake_module/cmake/Modules/FindConnext.cmake:163 (list):
[0.587s]   Policy CMP0121 is not set: The list() command now validates parsing of
[0.587s]   index arguments.  Run "cmake --help-policy CMP0121" for policy details.
[0.587s]   Use the cmake_policy command to set the policy and suppress this warning.
[0.587s]   Invalid list index "libnddscored.so".
[0.587s] Call Stack (most recent call first):
[0.587s]   /opt/ros/foxy/share/connext_cmake_module/cmake/Modules/FindConnext.cmake:199 (_count_found_libraries)
[0.587s]   /opt/ros/foxy/share/rosidl_typesupport_connext_c/cmake/rosidl_typesupport_connext_c-extras.cmake:5 (find_package)
[0.587s]   /opt/ros/foxy/share/rosidl_typesupport_connext_c/cmake/rosidl_typesupport_connext_cConfig.cmake:41 (include)
[0.587s]   /opt/ros/foxy/share/rosidl_typesupport_c/cmake/rosidl_typesupport_c-extras.cmake:13 (find_package)
[0.587s]   /opt/ros/foxy/share/rosidl_typesupport_c/cmake/rosidl_typesupport_cConfig.cmake:41 (include)
[0.587s]   /opt/ros/foxy/share/rosidl_default_runtime/cmake/rosidl_default_runtime-extras.cmake:12 (find_package)
[0.587s]   /opt/ros/foxy/share/rosidl_default_runtime/cmake/rosidl_default_runtimeConfig.cmake:41 (include)
[0.587s]   /opt/ros/foxy/share/builtin_interfaces/cmake/ament_cmake_export_dependencies-extras.cmake:21 (find_package)
[0.587s]   /opt/ros/foxy/share/builtin_interfaces/cmake/builtin_interfacesConfig.cmake:41 (include)
[0.587s]   /opt/ros/foxy/share/sensor_msgs/cmake/ament_cmake_export_dependencies-extras.cmake:21 (find_package)
[0.587s]   /opt/ros/foxy/share/sensor_msgs/cmake/sensor_msgsConfig.cmake:41 (include)
[0.587s]   /opt/ros/foxy/share/cv_bridge/cmake/ament_cmake_export_dependencies-extras.cmake:21 (find_package)
[0.587s]   /opt/ros/foxy/share/cv_bridge/cmake/cv_bridgeConfig.cmake:41 (include)
[0.587s]   /opt/ros/foxy/share/ament_cmake_auto/cmake/ament_auto_find_build_dependencies.cmake:67 (find_package)
[0.587s]   CMakeLists.txt:13 (ament_auto_find_build_dependencies)
[0.587s] This warning is for project developers.  Use -Wno-dev to suppress it.
[0.587s] [0m
[0.587s] [33mCMake Warning (dev) at /opt/ros/foxy/share/connext_cmake_module/cmake/Modules/FindConnext.cmake:163 (list):
[0.587s]   Policy CMP0121 is not set: The list() command now validates parsing of
[0.587s]   index arguments.  Run "cmake --help-policy CMP0121" for policy details.
[0.587s]   Use the cmake_policy command to set the policy and suppress this warning.
[0.587s]   Invalid list index "libnddscppd.so".
[0.587s] Call Stack (most recent call first):
[0.587s]   /opt/ros/foxy/share/connext_cmake_module/cmake/Modules/FindConnext.cmake:199 (_count_found_libraries)
[0.587s]   /opt/ros/foxy/share/rosidl_typesupport_connext_c/cmake/rosidl_typesupport_connext_c-extras.cmake:5 (find_package)
[0.587s]   /opt/ros/foxy/share/rosidl_typesupport_connext_c/cmake/rosidl_typesupport_connext_cConfig.cmake:41 (include)
[0.587s]   /opt/ros/foxy/share/rosidl_typesupport_c/cmake/rosidl_typesupport_c-extras.cmake:13 (find_package)
[0.587s]   /opt/ros/foxy/share/rosidl_typesupport_c/cmake/rosidl_typesupport_cConfig.cmake:41 (include)
[0.587s]   /opt/ros/foxy/share/rosidl_default_runtime/cmake/rosidl_default_runtime-extras.cmake:12 (find_package)
[0.588s]   /opt/ros/foxy/share/rosidl_default_runtime/cmake/rosidl_default_runtimeConfig.cmake:41 (include)
[0.588s]   /opt/ros/foxy/share/builtin_interfaces/cmake/ament_cmake_export_dependencies-extras.cmake:21 (find_package)
[0.588s]   /opt/ros/foxy/share/builtin_interfaces/cmake/builtin_interfacesConfig.cmake:41 (include)
[0.588s]   /opt/ros/foxy/share/sensor_msgs/cmake/ament_cmake_export_dependencies-extras.cmake:21 (find_package)
[0.588s]   /opt/ros/foxy/share/sensor_msgs/cmake/sensor_msgsConfig.cmake:41 (include)
[0.588s]   /opt/ros/foxy/share/cv_bridge/cmake/ament_cmake_export_dependencies-extras.cmake:21 (find_package)
[0.588s]   /opt/ros/foxy/share/cv_bridge/cmake/cv_bridgeConfig.cmake:41 (include)
[0.588s]   /opt/ros/foxy/share/ament_cmake_auto/cmake/ament_auto_find_build_dependencies.cmake:67 (find_package)
[0.588s]   CMakeLists.txt:13 (ament_auto_find_build_dependencies)
[0.588s] This warning is for project developers.  Use -Wno-dev to suppress it.
[0.588s] [0m
[0.588s] [33mCMake Warning (dev) at /opt/ros/foxy/share/connext_cmake_module/cmake/Modules/FindConnext.cmake:163 (list):
[0.588s]   Policy CMP0121 is not set: The list() command now validates parsing of
[0.588s]   index arguments.  Run "cmake --help-policy CMP0121" for policy details.
[0.588s]   Use the cmake_policy command to set the policy and suppress this warning.
[0.588s]   Invalid list index "librticonnextmsgcppd.so".
[0.588s] Call Stack (most recent call first):
[0.588s]   /opt/ros/foxy/share/connext_cmake_module/cmake/Modules/FindConnext.cmake:199 (_count_found_libraries)
[0.588s]   /opt/ros/foxy/share/rosidl_typesupport_connext_c/cmake/rosidl_typesupport_connext_c-extras.cmake:5 (find_package)
[0.588s]   /opt/ros/foxy/share/rosidl_typesupport_connext_c/cmake/rosidl_typesupport_connext_cConfig.cmake:41 (include)
[0.588s]   /opt/ros/foxy/share/rosidl_typesupport_c/cmake/rosidl_typesupport_c-extras.cmake:13 (find_package)
[0.588s]   /opt/ros/foxy/share/rosidl_typesupport_c/cmake/rosidl_typesupport_cConfig.cmake:41 (include)
[0.588s]   /opt/ros/foxy/share/rosidl_default_runtime/cmake/rosidl_default_runtime-extras.cmake:12 (find_package)
[0.588s]   /opt/ros/foxy/share/rosidl_default_runtime/cmake/rosidl_default_runtimeConfig.cmake:41 (include)
[0.588s]   /opt/ros/foxy/share/builtin_interfaces/cmake/ament_cmake_export_dependencies-extras.cmake:21 (find_package)
[0.588s]   /opt/ros/foxy/share/builtin_interfaces/cmake/builtin_interfacesConfig.cmake:41 (include)
[0.588s]   /opt/ros/foxy/share/sensor_msgs/cmake/ament_cmake_export_dependencies-extras.cmake:21 (find_package)
[0.588s]   /opt/ros/foxy/share/sensor_msgs/cmake/sensor_msgsConfig.cmake:41 (include)
[0.588s]   /opt/ros/foxy/share/cv_bridge/cmake/ament_cmake_export_dependencies-extras.cmake:21 (find_package)
[0.588s]   /opt/ros/foxy/share/cv_bridge/cmake/cv_bridgeConfig.cmake:41 (include)
[0.588s]   /opt/ros/foxy/share/ament_cmake_auto/cmake/ament_auto_find_build_dependencies.cmake:67 (find_package)
[0.588s]   CMakeLists.txt:13 (ament_auto_find_build_dependencies)
[0.588s] This warning is for project developers.  Use -Wno-dev to suppress it.
[0.588s] [0m
[0.589s] [0mCMake Deprecation Warning at /home/corelab/ros2_stereo/build/stereo_image_proc/connext_cmake_module/check_abi/CMakeLists.txt:15 (cmake_minimum_required):
[0.589s]   Compatibility with CMake < 2.8.12 will be removed from a future version of
[0.589s]   CMake.
[0.589s] 
[0.589s]   Update the VERSION argument <min> value or use a ...<max> suffix to tell
[0.589s]   CMake that the project does not need compatibility with older versions.
[0.589s] 
[0.589s] [0m
[1.081s] -- Found OpenSSL: /usr/lib/x86_64-linux-gnu/libcrypto.so (found version "1.1.1f")  
[1.109s] -- Found FastRTPS: /opt/ros/foxy/include  
[1.165s] -- Using all available rosidl_typesupport_cpp: rosidl_typesupport_connext_cpp;rosidl_typesupport_fastrtps_cpp;rosidl_typesupport_introspection_cpp
[1.321s] -- Found rmw_implementation_cmake: 1.0.4 (/opt/ros/foxy/share/rmw_implementation_cmake/cmake)
[1.322s] -- Using RMW implementation 'rmw_fastrtps_cpp' as default
[1.323s] -- Performing Test CMAKE_HAVE_LIBC_PTHREAD
[1.356s] -- Performing Test CMAKE_HAVE_LIBC_PTHREAD - Failed
[1.356s] -- Looking for pthread_create in pthreads
[1.389s] -- Looking for pthread_create in pthreads - not found
[1.389s] -- Looking for pthread_create in pthread
[1.471s] -- Looking for pthread_create in pthread - found
[1.472s] -- Found Threads: TRUE  
[1.742s] -- Found OpenCV: /usr/local (found version "4.7.0") 
[1.874s] -- Found ament_lint_auto: 0.9.8 (/opt/ros/foxy/share/ament_lint_auto/cmake)
[1.934s] -- Found python_cmake_module: 0.8.1 (/opt/ros/foxy/share/python_cmake_module/cmake)
[1.950s] -- Found PythonInterp: /usr/bin/python3 (found suitable version "3.8.10", minimum required is "3.5") 
[1.954s] -- Found PythonLibs: /usr/lib/x86_64-linux-gnu/libpython3.8.so (found suitable version "3.8.10", minimum required is "3.5") 
[1.954s] -- Using PYTHON_EXECUTABLE: /usr/bin/python3
[1.954s] -- Using PYTHON_INCLUDE_DIRS: /usr/include/python3.8
[1.954s] -- Using PYTHON_LIBRARIES: /usr/lib/x86_64-linux-gnu/libpython3.8.so
[1.970s] -- Found PythonExtra: .so  
[1.987s] -- Added test 'copyright' to check source files copyright and LICENSE
[1.992s] -- Added test 'cppcheck' to perform static code analysis on C / C++ code
[1.993s] -- Configured cppcheck include dirs: /home/corelab/ros2_stereo/src/stereo_image_proc/include
[1.993s] -- Configured cppcheck exclude dirs and/or files: 
[1.997s] -- Added test 'cpplint' to check C / C++ code against the Google style
[1.997s] -- Configured cpplint exclude dirs and/or files: 
[1.998s] -- Added test 'flake8' to check Python code syntax and style conventions
[2.000s] -- Added test 'lint_cmake' to check CMake code style
[2.001s] -- Added test 'pep257' to check Python code against some of the style conventions in PEP 257
[2.005s] -- Added test 'uncrustify' to check C / C++ code style
[2.006s] -- Configured uncrustify additional arguments: 
[2.006s] -- Added test 'xmllint' to check XML markup files
[2.008s] -- Configuring done
[2.025s] -- Generating done
[2.026s] -- Build files have been written to: /home/corelab/ros2_stereo/build/stereo_image_proc
[2.035s] Invoked command in '/home/corelab/ros2_stereo/build/stereo_image_proc' returned '0': CMAKE_PREFIX_PATH=/home/corelab/ros2_stereo/install/yolo_msgs:/home/corelab/ros2_stereo/install/image_proc:/home/corelab/ros2_stereo/install/stereo_image_proc:/home/corelab/ros2_stereo/install/gscam2:/home/corelab/ros2_stereo/install/ros2_shared:/home/corelab/ros2_stereo/install/opencv_telemetry:/home/corelab/ros2_stereo/install/image_view:/opt/ros/foxy LD_LIBRARY_PATH=/home/corelab/ros2_stereo/install/yolo_msgs/lib:/home/corelab/ros2_stereo/install/image_proc/lib:/home/corelab/ros2_stereo/install/stereo_image_proc/lib:/home/corelab/ros2_stereo/install/gscam2/lib:/home/corelab/ros2_stereo/install/opencv_telemetry/lib:/home/corelab/ros2_stereo/install/image_view/lib:/usr/lib/x86_64-linux-gnu/gazebo-11/plugins:/opt/ros/foxy/opt/yaml_cpp_vendor/lib:/opt/ros/foxy/opt/rviz_ogre_vendor/lib:/opt/ros/foxy/lib/x86_64-linux-gnu:/opt/ros/foxy/opt/libphidget22/lib:/usr/share/gurumdds/cmake/../../../lib:/opt/rti.com/rti_connext_dds-5.3.1/lib/x64Linux3gcc5.4.0:/opt/ros/foxy/lib /home/corelab/.local/bin/cmake /home/corelab/ros2_stereo/src/stereo_image_proc -DCMAKE_INSTALL_PREFIX=/home/corelab/ros2_stereo/install/stereo_image_proc
[2.037s] Invoking command in '/home/corelab/ros2_stereo/build/stereo_image_proc': CMAKE_PREFIX_PATH=/home/corelab/ros2_stereo/install/yolo_msgs:/home/corelab/ros2_stereo/install/image_proc:/home/corelab/ros2_stereo/install/stereo_image_proc:/home/corelab/ros2_stereo/install/gscam2:/home/corelab/ros2_stereo/install/ros2_shared:/home/corelab/ros2_stereo/install/opencv_telemetry:/home/corelab/ros2_stereo/install/image_view:/opt/ros/foxy LD_LIBRARY_PATH=/home/corelab/ros2_stereo/install/yolo_msgs/lib:/home/corelab/ros2_stereo/install/image_proc/lib:/home/corelab/ros2_stereo/install/stereo_image_proc/lib:/home/corelab/ros2_stereo/install/gscam2/lib:/home/corelab/ros2_stereo/install/opencv_telemetry/lib:/home/corelab/ros2_stereo/install/image_view/lib:/usr/lib/x86_64-linux-gnu/gazebo-11/plugins:/opt/ros/foxy/opt/yaml_cpp_vendor/lib:/opt/ros/foxy/opt/rviz_ogre_vendor/lib:/opt/ros/foxy/lib/x86_64-linux-gnu:/opt/ros/foxy/opt/libphidget22/lib:/usr/share/gurumdds/cmake/../../../lib:/opt/rti.com/rti_connext_dds-5.3.1/lib/x64Linux3gcc5.4.0:/opt/ros/foxy/lib /home/corelab/.local/bin/cmake --build /home/corelab/ros2_stereo/build/stereo_image_proc -- -j16 -l16
[2.070s] [ 12%] [32mBuilding CXX object CMakeFiles/disparity_node.dir/rclcpp_components/node_main_disparity_node.cpp.o[0m
[2.070s] [ 25%] [32mBuilding CXX object CMakeFiles/point_cloud_node.dir/rclcpp_components/node_main_point_cloud_node.cpp.o[0m
[2.070s] [ 37%] [32mBuilding CXX object CMakeFiles/stereo_image_proc.dir/src/stereo_image_proc/stereo_processor.cpp.o[0m
[2.070s] [ 50%] [32mBuilding CXX object CMakeFiles/stereo_image_proc.dir/src/stereo_image_proc/disparity_node.cpp.o[0m
[2.070s] [ 62%] [32mBuilding CXX object CMakeFiles/stereo_image_proc.dir/src/stereo_image_proc/point_cloud_node.cpp.o[0m
[3.262s] [ 75%] [32m[1mLinking CXX executable disparity_node[0m
[3.266s] [ 87%] [32m[1mLinking CXX executable point_cloud_node[0m
[3.342s] [ 87%] Built target disparity_node
[3.344s] [ 87%] Built target point_cloud_node
[8.106s] [100%] [32m[1mLinking CXX shared library libstereo_image_proc.so[0m
[8.537s] [100%] Built target stereo_image_proc
[8.550s] Invoked command in '/home/corelab/ros2_stereo/build/stereo_image_proc' returned '0': CMAKE_PREFIX_PATH=/home/corelab/ros2_stereo/install/yolo_msgs:/home/corelab/ros2_stereo/install/image_proc:/home/corelab/ros2_stereo/install/stereo_image_proc:/home/corelab/ros2_stereo/install/gscam2:/home/corelab/ros2_stereo/install/ros2_shared:/home/corelab/ros2_stereo/install/opencv_telemetry:/home/corelab/ros2_stereo/install/image_view:/opt/ros/foxy LD_LIBRARY_PATH=/home/corelab/ros2_stereo/install/yolo_msgs/lib:/home/corelab/ros2_stereo/install/image_proc/lib:/home/corelab/ros2_stereo/install/stereo_image_proc/lib:/home/corelab/ros2_stereo/install/gscam2/lib:/home/corelab/ros2_stereo/install/opencv_telemetry/lib:/home/corelab/ros2_stereo/install/image_view/lib:/usr/lib/x86_64-linux-gnu/gazebo-11/plugins:/opt/ros/foxy/opt/yaml_cpp_vendor/lib:/opt/ros/foxy/opt/rviz_ogre_vendor/lib:/opt/ros/foxy/lib/x86_64-linux-gnu:/opt/ros/foxy/opt/libphidget22/lib:/usr/share/gurumdds/cmake/../../../lib:/opt/rti.com/rti_connext_dds-5.3.1/lib/x64Linux3gcc5.4.0:/opt/ros/foxy/lib /home/corelab/.local/bin/cmake --build /home/corelab/ros2_stereo/build/stereo_image_proc -- -j16 -l16
[8.587s] Invoking command in '/home/corelab/ros2_stereo/build/stereo_image_proc': CMAKE_PREFIX_PATH=/home/corelab/ros2_stereo/install/yolo_msgs:/home/corelab/ros2_stereo/install/image_proc:/home/corelab/ros2_stereo/install/stereo_image_proc:/home/corelab/ros2_stereo/install/gscam2:/home/corelab/ros2_stereo/install/ros2_shared:/home/corelab/ros2_stereo/install/opencv_telemetry:/home/corelab/ros2_stereo/install/image_view:/opt/ros/foxy LD_LIBRARY_PATH=/home/corelab/ros2_stereo/install/yolo_msgs/lib:/home/corelab/ros2_stereo/install/image_proc/lib:/home/corelab/ros2_stereo/install/stereo_image_proc/lib:/home/corelab/ros2_stereo/install/gscam2/lib:/home/corelab/ros2_stereo/install/opencv_telemetry/lib:/home/corelab/ros2_stereo/install/image_view/lib:/usr/lib/x86_64-linux-gnu/gazebo-11/plugins:/opt/ros/foxy/opt/yaml_cpp_vendor/lib:/opt/ros/foxy/opt/rviz_ogre_vendor/lib:/opt/ros/foxy/lib/x86_64-linux-gnu:/opt/ros/foxy/opt/libphidget22/lib:/usr/share/gurumdds/cmake/../../../lib:/opt/rti.com/rti_connext_dds-5.3.1/lib/x64Linux3gcc5.4.0:/opt/ros/foxy/lib /home/corelab/.local/bin/cmake --install /home/corelab/ros2_stereo/build/stereo_image_proc
[8.608s] -- Install configuration: ""
[8.608s] -- Installing: /home/corelab/ros2_stereo/install/stereo_image_proc/lib/stereo_image_proc/disparity_node
[8.608s] -- Set runtime path of "/home/corelab/ros2_stereo/install/stereo_image_proc/lib/stereo_image_proc/disparity_node" to ""
[8.608s] -- Installing: /home/corelab/ros2_stereo/install/stereo_image_proc/lib/stereo_image_proc/point_cloud_node
[8.608s] -- Set runtime path of "/home/corelab/ros2_stereo/install/stereo_image_proc/lib/stereo_image_proc/point_cloud_node" to ""
[8.608s] -- Installing: /home/corelab/ros2_stereo/install/stereo_image_proc/include
[8.608s] -- Installing: /home/corelab/ros2_stereo/install/stereo_image_proc/include/stereo_image_proc
[8.608s] -- Installing: /home/corelab/ros2_stereo/install/stereo_image_proc/include/stereo_image_proc/stereo_processor.hpp
[8.608s] -- Installing: /home/corelab/ros2_stereo/install/stereo_image_proc/share/stereo_image_proc/environment/library_path.sh
[8.609s] -- Installing: /home/corelab/ros2_stereo/install/stereo_image_proc/share/stereo_image_proc/environment/library_path.dsv
[8.609s] -- Installing: /home/corelab/ros2_stereo/install/stereo_image_proc/lib/libstereo_image_proc.so
[8.613s] -- Set runtime path of "/home/corelab/ros2_stereo/install/stereo_image_proc/lib/libstereo_image_proc.so" to ""
[8.613s] -- Installing: /home/corelab/ros2_stereo/install/stereo_image_proc/share/stereo_image_proc/launch
[8.613s] -- Installing: /home/corelab/ros2_stereo/install/stereo_image_proc/share/stereo_image_proc/launch/stereo_image_proc.launch.py
[8.613s] -- Installing: /home/corelab/ros2_stereo/install/stereo_image_proc/share/ament_index/resource_index/package_run_dependencies/stereo_image_proc
[8.613s] -- Installing: /home/corelab/ros2_stereo/install/stereo_image_proc/share/ament_index/resource_index/parent_prefix_path/stereo_image_proc
[8.613s] -- Installing: /home/corelab/ros2_stereo/install/stereo_image_proc/share/stereo_image_proc/environment/ament_prefix_path.sh
[8.613s] -- Installing: /home/corelab/ros2_stereo/install/stereo_image_proc/share/stereo_image_proc/environment/ament_prefix_path.dsv
[8.613s] -- Installing: /home/corelab/ros2_stereo/install/stereo_image_proc/share/stereo_image_proc/environment/path.sh
[8.613s] -- Installing: /home/corelab/ros2_stereo/install/stereo_image_proc/share/stereo_image_proc/environment/path.dsv
[8.614s] -- Installing: /home/corelab/ros2_stereo/install/stereo_image_proc/share/stereo_image_proc/local_setup.bash
[8.614s] -- Installing: /home/corelab/ros2_stereo/install/stereo_image_proc/share/stereo_image_proc/local_setup.sh
[8.614s] -- Installing: /home/corelab/ros2_stereo/install/stereo_image_proc/share/stereo_image_proc/local_setup.zsh
[8.614s] -- Installing: /home/corelab/ros2_stereo/install/stereo_image_proc/share/stereo_image_proc/local_setup.dsv
[8.614s] -- Installing: /home/corelab/ros2_stereo/install/stereo_image_proc/share/stereo_image_proc/package.dsv
[8.614s] -- Installing: /home/corelab/ros2_stereo/install/stereo_image_proc/share/ament_index/resource_index/packages/stereo_image_proc
[8.614s] -- Installing: /home/corelab/ros2_stereo/install/stereo_image_proc/share/ament_index/resource_index/rclcpp_components/stereo_image_proc
[8.614s] -- Installing: /home/corelab/ros2_stereo/install/stereo_image_proc/share/stereo_image_proc/cmake/ament_cmake_export_dependencies-extras.cmake
[8.614s] -- Installing: /home/corelab/ros2_stereo/install/stereo_image_proc/share/stereo_image_proc/cmake/ament_cmake_export_include_directories-extras.cmake
[8.614s] -- Installing: /home/corelab/ros2_stereo/install/stereo_image_proc/share/stereo_image_proc/cmake/ament_cmake_export_libraries-extras.cmake
[8.614s] -- Installing: /home/corelab/ros2_stereo/install/stereo_image_proc/share/stereo_image_proc/cmake/stereo_image_procConfig.cmake
[8.614s] -- Installing: /home/corelab/ros2_stereo/install/stereo_image_proc/share/stereo_image_proc/cmake/stereo_image_procConfig-version.cmake
[8.614s] -- Installing: /home/corelab/ros2_stereo/install/stereo_image_proc/share/stereo_image_proc/package.xml
[8.619s] Invoked command in '/home/corelab/ros2_stereo/build/stereo_image_proc' returned '0': CMAKE_PREFIX_PATH=/home/corelab/ros2_stereo/install/yolo_msgs:/home/corelab/ros2_stereo/install/image_proc:/home/corelab/ros2_stereo/install/stereo_image_proc:/home/corelab/ros2_stereo/install/gscam2:/home/corelab/ros2_stereo/install/ros2_shared:/home/corelab/ros2_stereo/install/opencv_telemetry:/home/corelab/ros2_stereo/install/image_view:/opt/ros/foxy LD_LIBRARY_PATH=/home/corelab/ros2_stereo/install/yolo_msgs/lib:/home/corelab/ros2_stereo/install/image_proc/lib:/home/corelab/ros2_stereo/install/stereo_image_proc/lib:/home/corelab/ros2_stereo/install/gscam2/lib:/home/corelab/ros2_stereo/install/opencv_telemetry/lib:/home/corelab/ros2_stereo/install/image_view/lib:/usr/lib/x86_64-linux-gnu/gazebo-11/plugins:/opt/ros/foxy/opt/yaml_cpp_vendor/lib:/opt/ros/foxy/opt/rviz_ogre_vendor/lib:/opt/ros/foxy/lib/x86_64-linux-gnu:/opt/ros/foxy/opt/libphidget22/lib:/usr/share/gurumdds/cmake/../../../lib:/opt/rti.com/rti_connext_dds-5.3.1/lib/x64Linux3gcc5.4.0:/opt/ros/foxy/lib /home/corelab/.local/bin/cmake --install /home/corelab/ros2_stereo/build/stereo_image_proc
