[0.037s] Invoking command in '/home/corelab/GitHub/CatchingBlimp/Summer2023/ros2_stereo/build/image_view': CMAKE_PREFIX_PATH=/opt/ros/foxy /home/corelab/.local/bin/cmake --build /home/corelab/GitHub/CatchingBlimp/Summer2023/ros2_stereo/build/image_view -- -j16 -l16
[0.083s] [ 36%] Built target image_view_nodes
[0.096s] [ 47%] Built target disparity_view
[0.096s] [ 57%] Built target image_view
[0.097s] [ 68%] Built target stereo_view
[0.097s] [ 78%] Built target video_recorder
[0.098s] [ 89%] Built target extract_images
[0.101s] [100%] Built target image_saver
[0.108s] Invoked command in '/home/corelab/GitHub/CatchingBlimp/Summer2023/ros2_stereo/build/image_view' returned '0': CMAKE_PREFIX_PATH=/opt/ros/foxy /home/corelab/.local/bin/cmake --build /home/corelab/GitHub/CatchingBlimp/Summer2023/ros2_stereo/build/image_view -- -j16 -l16
[0.164s] Invoking command in '/home/corelab/GitHub/CatchingBlimp/Summer2023/ros2_stereo/build/image_view': CMAKE_PREFIX_PATH=/opt/ros/foxy /home/corelab/.local/bin/cmake --install /home/corelab/GitHub/CatchingBlimp/Summer2023/ros2_stereo/build/image_view
[0.189s] -- Install configuration: ""
[0.190s] -- Up-to-date: /home/corelab/GitHub/CatchingBlimp/Summer2023/ros2_stereo/install/image_view/include
[0.190s] -- Up-to-date: /home/corelab/GitHub/CatchingBlimp/Summer2023/ros2_stereo/install/image_view/include/image_view
[0.190s] -- Up-to-date: /home/corelab/GitHub/CatchingBlimp/Summer2023/ros2_stereo/install/image_view/include/image_view/disparity_view_node.hpp
[0.190s] -- Up-to-date: /home/corelab/GitHub/CatchingBlimp/Summer2023/ros2_stereo/install/image_view/include/image_view/image_saver_node.hpp
[0.190s] -- Up-to-date: /home/corelab/GitHub/CatchingBlimp/Summer2023/ros2_stereo/install/image_view/include/image_view/extract_images_node.hpp
[0.191s] -- Up-to-date: /home/corelab/GitHub/CatchingBlimp/Summer2023/ros2_stereo/install/image_view/include/image_view/video_recorder_node.hpp
[0.191s] -- Up-to-date: /home/corelab/GitHub/CatchingBlimp/Summer2023/ros2_stereo/install/image_view/include/image_view/stereo_view_node.hpp
[0.191s] -- Up-to-date: /home/corelab/GitHub/CatchingBlimp/Summer2023/ros2_stereo/install/image_view/include/image_view/image_view_node.hpp
[0.191s] -- Up-to-date: /home/corelab/GitHub/CatchingBlimp/Summer2023/ros2_stereo/install/image_view/share/image_view/environment/library_path.sh
[0.191s] -- Up-to-date: /home/corelab/GitHub/CatchingBlimp/Summer2023/ros2_stereo/install/image_view/share/image_view/environment/library_path.dsv
[0.191s] -- Up-to-date: /home/corelab/GitHub/CatchingBlimp/Summer2023/ros2_stereo/install/image_view/lib/libimage_view_nodes.so
[0.191s] -- Up-to-date: /home/corelab/GitHub/CatchingBlimp/Summer2023/ros2_stereo/install/image_view/lib/image_view/disparity_view
[0.192s] -- Up-to-date: /home/corelab/GitHub/CatchingBlimp/Summer2023/ros2_stereo/install/image_view/lib/image_view/image_view
[0.192s] -- Up-to-date: /home/corelab/GitHub/CatchingBlimp/Summer2023/ros2_stereo/install/image_view/lib/image_view/stereo_view
[0.192s] -- Up-to-date: /home/corelab/GitHub/CatchingBlimp/Summer2023/ros2_stereo/install/image_view/lib/image_view/extract_images
[0.192s] -- Up-to-date: /home/corelab/GitHub/CatchingBlimp/Summer2023/ros2_stereo/install/image_view/lib/image_view/image_saver
[0.192s] -- Up-to-date: /home/corelab/GitHub/CatchingBlimp/Summer2023/ros2_stereo/install/image_view/lib/image_view/video_recorder
[0.192s] -- Up-to-date: /home/corelab/GitHub/CatchingBlimp/Summer2023/ros2_stereo/install/image_view/share/ament_index/resource_index/package_run_dependencies/image_view
[0.192s] -- Up-to-date: /home/corelab/GitHub/CatchingBlimp/Summer2023/ros2_stereo/install/image_view/share/ament_index/resource_index/parent_prefix_path/image_view
[0.192s] -- Up-to-date: /home/corelab/GitHub/CatchingBlimp/Summer2023/ros2_stereo/install/image_view/share/image_view/environment/ament_prefix_path.sh
[0.192s] -- Up-to-date: /home/corelab/GitHub/CatchingBlimp/Summer2023/ros2_stereo/install/image_view/share/image_view/environment/ament_prefix_path.dsv
[0.192s] -- Up-to-date: /home/corelab/GitHub/CatchingBlimp/Summer2023/ros2_stereo/install/image_view/share/image_view/environment/path.sh
[0.192s] -- Up-to-date: /home/corelab/GitHub/CatchingBlimp/Summer2023/ros2_stereo/install/image_view/share/image_view/environment/path.dsv
[0.193s] -- Up-to-date: /home/corelab/GitHub/CatchingBlimp/Summer2023/ros2_stereo/install/image_view/share/image_view/local_setup.bash
[0.193s] -- Up-to-date: /home/corelab/GitHub/CatchingBlimp/Summer2023/ros2_stereo/install/image_view/share/image_view/local_setup.sh
[0.193s] -- Up-to-date: /home/corelab/GitHub/CatchingBlimp/Summer2023/ros2_stereo/install/image_view/share/image_view/local_setup.zsh
[0.193s] -- Up-to-date: /home/corelab/GitHub/CatchingBlimp/Summer2023/ros2_stereo/install/image_view/share/image_view/local_setup.dsv
[0.193s] -- Installing: /home/corelab/GitHub/CatchingBlimp/Summer2023/ros2_stereo/install/image_view/share/image_view/package.dsv
[0.193s] -- Up-to-date: /home/corelab/GitHub/CatchingBlimp/Summer2023/ros2_stereo/install/image_view/share/ament_index/resource_index/packages/image_view
[0.193s] -- Up-to-date: /home/corelab/GitHub/CatchingBlimp/Summer2023/ros2_stereo/install/image_view/share/ament_index/resource_index/rclcpp_components/image_view
[0.193s] -- Up-to-date: /home/corelab/GitHub/CatchingBlimp/Summer2023/ros2_stereo/install/image_view/share/image_view/cmake/ament_cmake_export_dependencies-extras.cmake
[0.193s] -- Up-to-date: /home/corelab/GitHub/CatchingBlimp/Summer2023/ros2_stereo/install/image_view/share/image_view/cmake/ament_cmake_export_include_directories-extras.cmake
[0.193s] -- Up-to-date: /home/corelab/GitHub/CatchingBlimp/Summer2023/ros2_stereo/install/image_view/share/image_view/cmake/ament_cmake_export_libraries-extras.cmake
[0.194s] -- Up-to-date: /home/corelab/GitHub/CatchingBlimp/Summer2023/ros2_stereo/install/image_view/share/image_view/cmake/image_viewConfig.cmake
[0.194s] -- Up-to-date: /home/corelab/GitHub/CatchingBlimp/Summer2023/ros2_stereo/install/image_view/share/image_view/cmake/image_viewConfig-version.cmake
[0.194s] -- Up-to-date: /home/corelab/GitHub/CatchingBlimp/Summer2023/ros2_stereo/install/image_view/share/image_view/package.xml
[0.201s] Invoked command in '/home/corelab/GitHub/CatchingBlimp/Summer2023/ros2_stereo/build/image_view' returned '0': CMAKE_PREFIX_PATH=/opt/ros/foxy /home/corelab/.local/bin/cmake --install /home/corelab/GitHub/CatchingBlimp/Summer2023/ros2_stereo/build/image_view
