[0.029s] Invoking command in '/home/corelab/GitHub/CatchingBlimp/Summer2023/ros2_stereo/build/stereo_combined': CMAKE_PREFIX_PATH=/opt/ros/foxy /home/corelab/.local/bin/cmake --build /home/corelab/GitHub/CatchingBlimp/Summer2023/ros2_stereo/build/stereo_combined -- -j16 -l16
[0.097s] [ 33%] [32mBuilding CXX object CMakeFiles/stereo_combined_node.dir/src/StereoCombined.cpp.o[0m
[4.419s] [ 66%] [32m[1mLinking CXX executable stereo_combined_node[0m
[4.792s] /usr/bin/ld: warning: libopencv_imgcodecs.so.4.2, needed by /opt/ros/foxy/lib/libcv_bridge.so, may conflict with libopencv_imgcodecs.so.407
[4.792s] /usr/bin/ld: warning: libopencv_core.so.4.2, needed by /opt/ros/foxy/lib/libcv_bridge.so, may conflict with libopencv_core.so.407
[4.803s] [100%] Built target stereo_combined_node
[4.808s] Invoked command in '/home/corelab/GitHub/CatchingBlimp/Summer2023/ros2_stereo/build/stereo_combined' returned '0': CMAKE_PREFIX_PATH=/opt/ros/foxy /home/corelab/.local/bin/cmake --build /home/corelab/GitHub/CatchingBlimp/Summer2023/ros2_stereo/build/stereo_combined -- -j16 -l16
[4.842s] Invoking command in '/home/corelab/GitHub/CatchingBlimp/Summer2023/ros2_stereo/build/stereo_combined': CMAKE_PREFIX_PATH=/opt/ros/foxy /home/corelab/.local/bin/cmake --install /home/corelab/GitHub/CatchingBlimp/Summer2023/ros2_stereo/build/stereo_combined
[4.863s] -- Install configuration: ""
[4.863s] -- Installing: /home/corelab/GitHub/CatchingBlimp/Summer2023/ros2_stereo/install/stereo_combined/lib/stereo_combined/stereo_combined_node
[4.864s] -- Set runtime path of "/home/corelab/GitHub/CatchingBlimp/Summer2023/ros2_stereo/install/stereo_combined/lib/stereo_combined/stereo_combined_node" to ""
[4.864s] -- Installing: /home/corelab/GitHub/CatchingBlimp/Summer2023/ros2_stereo/install/stereo_combined/share/ament_index/resource_index/package_run_dependencies/stereo_combined
[4.864s] -- Up-to-date: /home/corelab/GitHub/CatchingBlimp/Summer2023/ros2_stereo/install/stereo_combined/share/ament_index/resource_index/parent_prefix_path/stereo_combined
[4.864s] -- Up-to-date: /home/corelab/GitHub/CatchingBlimp/Summer2023/ros2_stereo/install/stereo_combined/share/stereo_combined/environment/ament_prefix_path.sh
[4.865s] -- Installing: /home/corelab/GitHub/CatchingBlimp/Summer2023/ros2_stereo/install/stereo_combined/share/stereo_combined/environment/ament_prefix_path.dsv
[4.865s] -- Up-to-date: /home/corelab/GitHub/CatchingBlimp/Summer2023/ros2_stereo/install/stereo_combined/share/stereo_combined/environment/path.sh
[4.865s] -- Installing: /home/corelab/GitHub/CatchingBlimp/Summer2023/ros2_stereo/install/stereo_combined/share/stereo_combined/environment/path.dsv
[4.865s] -- Up-to-date: /home/corelab/GitHub/CatchingBlimp/Summer2023/ros2_stereo/install/stereo_combined/share/stereo_combined/local_setup.bash
[4.865s] -- Up-to-date: /home/corelab/GitHub/CatchingBlimp/Summer2023/ros2_stereo/install/stereo_combined/share/stereo_combined/local_setup.sh
[4.865s] -- Up-to-date: /home/corelab/GitHub/CatchingBlimp/Summer2023/ros2_stereo/install/stereo_combined/share/stereo_combined/local_setup.zsh
[4.865s] -- Installing: /home/corelab/GitHub/CatchingBlimp/Summer2023/ros2_stereo/install/stereo_combined/share/stereo_combined/local_setup.dsv
[4.865s] -- Installing: /home/corelab/GitHub/CatchingBlimp/Summer2023/ros2_stereo/install/stereo_combined/share/stereo_combined/package.dsv
[4.865s] -- Up-to-date: /home/corelab/GitHub/CatchingBlimp/Summer2023/ros2_stereo/install/stereo_combined/share/ament_index/resource_index/packages/stereo_combined
[4.865s] -- Up-to-date: /home/corelab/GitHub/CatchingBlimp/Summer2023/ros2_stereo/install/stereo_combined/share/stereo_combined/cmake/stereo_combinedConfig.cmake
[4.865s] -- Up-to-date: /home/corelab/GitHub/CatchingBlimp/Summer2023/ros2_stereo/install/stereo_combined/share/stereo_combined/cmake/stereo_combinedConfig-version.cmake
[4.865s] -- Installing: /home/corelab/GitHub/CatchingBlimp/Summer2023/ros2_stereo/install/stereo_combined/share/stereo_combined/package.xml
[4.870s] Invoked command in '/home/corelab/GitHub/CatchingBlimp/Summer2023/ros2_stereo/build/stereo_combined' returned '0': CMAKE_PREFIX_PATH=/opt/ros/foxy /home/corelab/.local/bin/cmake --install /home/corelab/GitHub/CatchingBlimp/Summer2023/ros2_stereo/build/stereo_combined
