[0.249s] Invoking command in '/home/corelab/CatchingBlimp/Summer2023/ros2_stereo/build/image_view': CMAKE_PREFIX_PATH=/opt/ros/foxy /usr/bin/cmake --build /home/corelab/CatchingBlimp/Summer2023/ros2_stereo/build/image_view -- -j8 -l8
[0.271s] -- Found ament_cmake_auto: 0.9.12 (/opt/ros/foxy/share/ament_cmake_auto/cmake)
[0.290s] -- Using PYTHON_EXECUTABLE: /usr/bin/python3
[0.464s] -- Override CMake install command with custom implementation using symlinks instead of copying resources
[0.587s] -- Using all available rosidl_typesupport_c: rosidl_typesupport_fastrtps_c;rosidl_typesupport_introspection_c
[0.599s] -- Found rosidl_adapter: 1.3.1 (/opt/ros/foxy/share/rosidl_adapter/cmake)
[0.645s] -- Using all available rosidl_typesupport_cpp: rosidl_typesupport_fastrtps_cpp;rosidl_typesupport_introspection_cpp
[0.683s] -- Found rmw_implementation_cmake: 1.0.4 (/opt/ros/foxy/share/rmw_implementation_cmake/cmake)
[0.683s] -- Using RMW implementation 'rmw_fastrtps_cpp' as default
[0.902s] -- Setting yaml-cpp_DIR to: '/opt/ros/foxy/share/yaml_cpp_vendor/cmake/../../../opt/yaml_cpp_vendor/lib/cmake/yaml-cpp'
[1.136s] CMake Error at CMakeLists.txt:28 (find_package):
[1.136s]   By not providing "Findlibboost-dev.cmake" in CMAKE_MODULE_PATH this project
[1.137s]   has asked CMake to find a package configuration file provided by
[1.137s]   "libboost-dev", but CMake did not find one.
[1.138s] 
[1.138s]   Could not find a package configuration file provided by "libboost-dev" with
[1.138s]   any of the following names:
[1.139s] 
[1.139s]     libboost-devConfig.cmake
[1.140s]     libboost-dev-config.cmake
[1.141s] 
[1.141s]   Add the installation prefix of "libboost-dev" to CMAKE_PREFIX_PATH or set
[1.142s]   "libboost-dev_DIR" to a directory containing one of the above files.  If
[1.143s]   "libboost-dev" provides a separate development package or SDK, be sure it
[1.143s]   has been installed.
[1.143s] 
[1.144s] 
[1.144s] -- Configuring incomplete, errors occurred!
[1.144s] See also "/home/corelab/CatchingBlimp/Summer2023/ros2_stereo/build/image_view/CMakeFiles/CMakeOutput.log".
[1.145s] See also "/home/corelab/CatchingBlimp/Summer2023/ros2_stereo/build/image_view/CMakeFiles/CMakeError.log".
[1.145s] make: *** [Makefile:680: cmake_check_build_system] Error 1
[1.466s] Invoked command in '/home/corelab/CatchingBlimp/Summer2023/ros2_stereo/build/image_view' returned '2': CMAKE_PREFIX_PATH=/opt/ros/foxy /usr/bin/cmake --build /home/corelab/CatchingBlimp/Summer2023/ros2_stereo/build/image_view -- -j8 -l8
