[0.034s] Invoking command in '/home/corelab/GitHub/CatchingBlimp/Summer2023/ros2_stereo/build/yolo_msgs': CMAKE_PREFIX_PATH=/opt/ros/foxy /home/corelab/.local/bin/cmake --build /home/corelab/GitHub/CatchingBlimp/Summer2023/ros2_stereo/build/yolo_msgs -- -j16 -l16
[0.066s] [  1%] Built target yolo_msgs__cpp
[0.066s] [  2%] Built target yolo_msgs__dds_connext_idl
[0.066s] [  8%] Built target yolo_msgs__rosidl_generator_c
[0.074s] [ 18%] Built target yolo_msgs__rosidl_typesupport_c
[0.074s] [ 20%] Built target yolo_msgs__rosidl_typesupport_introspection_c
[0.074s] [ 30%] Built target yolo_msgs__rosidl_typesupport_cpp
[0.074s] [ 33%] Built target yolo_msgs__rosidl_typesupport_introspection_cpp
[0.074s] [ 39%] Built target yolo_msgs__rosidl_typesupport_fastrtps_cpp
[0.084s] [ 58%] Built target yolo_msgs__rosidl_typesupport_connext_cpp
[0.084s] [ 64%] Built target yolo_msgs__rosidl_typesupport_fastrtps_c
[0.099s] [ 83%] Built target yolo_msgs__rosidl_typesupport_connext_c
[0.105s] [ 83%] Built target yolo_msgs
[0.110s] [ 85%] Built target yolo_msgs__py
[0.116s] [ 90%] Built target yolo_msgs__python
[0.123s] [ 92%] Built target yolo_msgs__rosidl_typesupport_connext_c__pyext
[0.123s] [ 95%] Built target yolo_msgs__rosidl_typesupport_introspection_c__pyext
[0.123s] [ 97%] Built target yolo_msgs__rosidl_typesupport_c__pyext
[0.124s] [100%] Built target yolo_msgs__rosidl_typesupport_fastrtps_c__pyext
[0.140s] Invoked command in '/home/corelab/GitHub/CatchingBlimp/Summer2023/ros2_stereo/build/yolo_msgs' returned '0': CMAKE_PREFIX_PATH=/opt/ros/foxy /home/corelab/.local/bin/cmake --build /home/corelab/GitHub/CatchingBlimp/Summer2023/ros2_stereo/build/yolo_msgs -- -j16 -l16
