-- Found ament_cmake: 0.9.12 (/opt/ros/foxy/share/ament_cmake/cmake)
-- Using PYTHON_EXECUTABLE: /usr/bin/python3
-- Override CMake install command with custom implementation using symlinks instead of copying resources
-- Found rclcpp: 2.4.3 (/opt/ros/foxy/share/rclcpp/cmake)
-- Using all available rosidl_typesupport_c: rosidl_typesupport_connext_c;rosidl_typesupport_fastrtps_c;rosidl_typesupport_introspection_c
-- Found rosidl_adapter: 1.3.1 (/opt/ros/foxy/share/rosidl_adapter/cmake)
-- Found RTI Connext: /opt/rti.com/rti_connext_dds-5.3.1
-- Using all available rosidl_typesupport_cpp: rosidl_typesupport_connext_cpp;rosidl_typesupport_fastrtps_cpp;rosidl_typesupport_introspection_cpp
-- Found rmw_implementation_cmake: 1.0.4 (/opt/ros/foxy/share/rmw_implementation_cmake/cmake)
-- Using RMW implementation 'rmw_fastrtps_cpp' as default
-- Found cv_bridge: 3.0.7 (/opt/ros/foxy/share/cv_bridge/cmake)
-- Found image_transport: 2.4.0 (/opt/ros/foxy/share/image_transport/cmake)
-- Found camera_info_manager: 2.4.0 (/opt/ros/foxy/share/camera_info_manager/cmake)
-- Setting yaml-cpp_DIR to: '/opt/ros/foxy/share/yaml_cpp_vendor/cmake/../../../opt/yaml_cpp_vendor/lib/cmake/yaml-cpp'
-- Configuring done
-- Generating done
-- Build files have been written to: /home/corelab/GitHub/CatchingBlimp/Summer2023/ros2_stereo/build/stereo_combined
[100%] Built target stereo_combined_node
-- Install configuration: ""
-- Execute custom install script
-- Up-to-date symlink: /home/corelab/GitHub/CatchingBlimp/Summer2023/ros2_stereo/install/stereo_combined/lib/stereo_combined/stereo_combined_node
-- Up-to-date symlink: /home/corelab/GitHub/CatchingBlimp/Summer2023/ros2_stereo/install/stereo_combined/share/stereo_combined//launch/combined_node.launch.py
-- Up-to-date symlink: /home/corelab/GitHub/CatchingBlimp/Summer2023/ros2_stereo/install/stereo_combined/share/stereo_combined//launch/vision_test.launch.xml
-- Symlinking: /home/corelab/GitHub/CatchingBlimp/Summer2023/ros2_stereo/install/stereo_combined/share/stereo_combined//calibration/calibration_data_test_flight/calibrationdata.tar.gz
-- Symlinking: /home/corelab/GitHub/CatchingBlimp/Summer2023/ros2_stereo/install/stereo_combined/share/stereo_combined//calibration/calibration_data_test_flight/calibrationdata/left-0000.png
-- Symlinking: /home/corelab/GitHub/CatchingBlimp/Summer2023/ros2_stereo/install/stereo_combined/share/stereo_combined//calibration/calibration_data_test_flight/calibrationdata/left-0001.png
-- Symlinking: /home/corelab/GitHub/CatchingBlimp/Summer2023/ros2_stereo/install/stereo_combined/share/stereo_combined//calibration/calibration_data_test_flight/calibrationdata/left-0002.png
-- Symlinking: /home/corelab/GitHub/CatchingBlimp/Summer2023/ros2_stereo/install/stereo_combined/share/stereo_combined//calibration/calibration_data_test_flight/calibrationdata/left-0003.png
-- Symlinking: /home/corelab/GitHub/CatchingBlimp/Summer2023/ros2_stereo/install/stereo_combined/share/stereo_combined//calibration/calibration_data_test_flight/calibrationdata/left-0004.png
-- Symlinking: /home/corelab/GitHub/CatchingBlimp/Summer2023/ros2_stereo/install/stereo_combined/share/stereo_combined//calibration/calibration_data_test_flight/calibrationdata/left-0005.png
-- Symlinking: /home/corelab/GitHub/CatchingBlimp/Summer2023/ros2_stereo/install/stereo_combined/share/stereo_combined//calibration/calibration_data_test_flight/calibrationdata/left-0006.png
-- Symlinking: /home/corelab/GitHub/CatchingBlimp/Summer2023/ros2_stereo/install/stereo_combined/share/stereo_combined//calibration/calibration_data_test_flight/calibrationdata/left-0007.png
-- Symlinking: /home/corelab/GitHub/CatchingBlimp/Summer2023/ros2_stereo/install/stereo_combined/share/stereo_combined//calibration/calibration_data_test_flight/calibrationdata/left-0008.png
-- Symlinking: /home/corelab/GitHub/CatchingBlimp/Summer2023/ros2_stereo/install/stereo_combined/share/stereo_combined//calibration/calibration_data_test_flight/calibrationdata/left-0009.png
-- Symlinking: /home/corelab/GitHub/CatchingBlimp/Summer2023/ros2_stereo/install/stereo_combined/share/stereo_combined//calibration/calibration_data_test_flight/calibrationdata/left-0010.png
-- Symlinking: /home/corelab/GitHub/CatchingBlimp/Summer2023/ros2_stereo/install/stereo_combined/share/stereo_combined//calibration/calibration_data_test_flight/calibrationdata/left-0011.png
-- Symlinking: /home/corelab/GitHub/CatchingBlimp/Summer2023/ros2_stereo/install/stereo_combined/share/stereo_combined//calibration/calibration_data_test_flight/calibrationdata/left-0012.png
-- Symlinking: /home/corelab/GitHub/CatchingBlimp/Summer2023/ros2_stereo/install/stereo_combined/share/stereo_combined//calibration/calibration_data_test_flight/calibrationdata/left-0013.png
-- Symlinking: /home/corelab/GitHub/CatchingBlimp/Summer2023/ros2_stereo/install/stereo_combined/share/stereo_combined//calibration/calibration_data_test_flight/calibrationdata/left-0014.png
-- Symlinking: /home/corelab/GitHub/CatchingBlimp/Summer2023/ros2_stereo/install/stereo_combined/share/stereo_combined//calibration/calibration_data_test_flight/calibrationdata/left-0015.png
-- Symlinking: /home/corelab/GitHub/CatchingBlimp/Summer2023/ros2_stereo/install/stereo_combined/share/stereo_combined//calibration/calibration_data_test_flight/calibrationdata/left-0016.png
-- Symlinking: /home/corelab/GitHub/CatchingBlimp/Summer2023/ros2_stereo/install/stereo_combined/share/stereo_combined//calibration/calibration_data_test_flight/calibrationdata/left-0017.png
-- Symlinking: /home/corelab/GitHub/CatchingBlimp/Summer2023/ros2_stereo/install/stereo_combined/share/stereo_combined//calibration/calibration_data_test_flight/calibrationdata/left-0018.png
-- Symlinking: /home/corelab/GitHub/CatchingBlimp/Summer2023/ros2_stereo/install/stereo_combined/share/stereo_combined//calibration/calibration_data_test_flight/calibrationdata/left-0019.png
-- Symlinking: /home/corelab/GitHub/CatchingBlimp/Summer2023/ros2_stereo/install/stereo_combined/share/stereo_combined//calibration/calibration_data_test_flight/calibrationdata/left-0020.png
-- Symlinking: /home/corelab/GitHub/CatchingBlimp/Summer2023/ros2_stereo/install/stereo_combined/share/stereo_combined//calibration/calibration_data_test_flight/calibrationdata/left-0021.png
-- Symlinking: /home/corelab/GitHub/CatchingBlimp/Summer2023/ros2_stereo/install/stereo_combined/share/stereo_combined//calibration/calibration_data_test_flight/calibrationdata/left-0022.png
-- Symlinking: /home/corelab/GitHub/CatchingBlimp/Summer2023/ros2_stereo/install/stereo_combined/share/stereo_combined//calibration/calibration_data_test_flight/calibrationdata/left-0023.png
-- Symlinking: /home/corelab/GitHub/CatchingBlimp/Summer2023/ros2_stereo/install/stereo_combined/share/stereo_combined//calibration/calibration_data_test_flight/calibrationdata/left-0024.png
-- Symlinking: /home/corelab/GitHub/CatchingBlimp/Summer2023/ros2_stereo/install/stereo_combined/share/stereo_combined//calibration/calibration_data_test_flight/calibrationdata/left-0025.png
-- Symlinking: /home/corelab/GitHub/CatchingBlimp/Summer2023/ros2_stereo/install/stereo_combined/share/stereo_combined//calibration/calibration_data_test_flight/calibrationdata/left-0026.png
-- Symlinking: /home/corelab/GitHub/CatchingBlimp/Summer2023/ros2_stereo/install/stereo_combined/share/stereo_combined//calibration/calibration_data_test_flight/calibrationdata/left-0027.png
-- Symlinking: /home/corelab/GitHub/CatchingBlimp/Summer2023/ros2_stereo/install/stereo_combined/share/stereo_combined//calibration/calibration_data_test_flight/calibrationdata/left-0028.png
-- Symlinking: /home/corelab/GitHub/CatchingBlimp/Summer2023/ros2_stereo/install/stereo_combined/share/stereo_combined//calibration/calibration_data_test_flight/calibrationdata/left-0029.png
-- Symlinking: /home/corelab/GitHub/CatchingBlimp/Summer2023/ros2_stereo/install/stereo_combined/share/stereo_combined//calibration/calibration_data_test_flight/calibrationdata/left-0030.png
-- Symlinking: /home/corelab/GitHub/CatchingBlimp/Summer2023/ros2_stereo/install/stereo_combined/share/stereo_combined//calibration/calibration_data_test_flight/calibrationdata/left-0031.png
-- Symlinking: /home/corelab/GitHub/CatchingBlimp/Summer2023/ros2_stereo/install/stereo_combined/share/stereo_combined//calibration/calibration_data_test_flight/calibrationdata/left-0032.png
-- Symlinking: /home/corelab/GitHub/CatchingBlimp/Summer2023/ros2_stereo/install/stereo_combined/share/stereo_combined//calibration/calibration_data_test_flight/calibrationdata/left-0033.png
-- Symlinking: /home/corelab/GitHub/CatchingBlimp/Summer2023/ros2_stereo/install/stereo_combined/share/stereo_combined//calibration/calibration_data_test_flight/calibrationdata/left-0034.png
-- Symlinking: /home/corelab/GitHub/CatchingBlimp/Summer2023/ros2_stereo/install/stereo_combined/share/stereo_combined//calibration/calibration_data_test_flight/calibrationdata/left-0035.png
-- Symlinking: /home/corelab/GitHub/CatchingBlimp/Summer2023/ros2_stereo/install/stereo_combined/share/stereo_combined//calibration/calibration_data_test_flight/calibrationdata/left-0036.png
-- Symlinking: /home/corelab/GitHub/CatchingBlimp/Summer2023/ros2_stereo/install/stereo_combined/share/stereo_combined//calibration/calibration_data_test_flight/calibrationdata/left-0037.png
-- Symlinking: /home/corelab/GitHub/CatchingBlimp/Summer2023/ros2_stereo/install/stereo_combined/share/stereo_combined//calibration/calibration_data_test_flight/calibrationdata/left-0038.png
-- Symlinking: /home/corelab/GitHub/CatchingBlimp/Summer2023/ros2_stereo/install/stereo_combined/share/stereo_combined//calibration/calibration_data_test_flight/calibrationdata/left-0039.png
-- Symlinking: /home/corelab/GitHub/CatchingBlimp/Summer2023/ros2_stereo/install/stereo_combined/share/stereo_combined//calibration/calibration_data_test_flight/calibrationdata/left-0040.png
-- Symlinking: /home/corelab/GitHub/CatchingBlimp/Summer2023/ros2_stereo/install/stereo_combined/share/stereo_combined//calibration/calibration_data_test_flight/calibrationdata/left-0041.png
-- Symlinking: /home/corelab/GitHub/CatchingBlimp/Summer2023/ros2_stereo/install/stereo_combined/share/stereo_combined//calibration/calibration_data_test_flight/calibrationdata/left-0042.png
-- Symlinking: /home/corelab/GitHub/CatchingBlimp/Summer2023/ros2_stereo/install/stereo_combined/share/stereo_combined//calibration/calibration_data_test_flight/calibrationdata/left-0043.png
-- Symlinking: /home/corelab/GitHub/CatchingBlimp/Summer2023/ros2_stereo/install/stereo_combined/share/stereo_combined//calibration/calibration_data_test_flight/calibrationdata/left-0044.png
-- Symlinking: /home/corelab/GitHub/CatchingBlimp/Summer2023/ros2_stereo/install/stereo_combined/share/stereo_combined//calibration/calibration_data_test_flight/calibrationdata/left-0045.png
-- Symlinking: /home/corelab/GitHub/CatchingBlimp/Summer2023/ros2_stereo/install/stereo_combined/share/stereo_combined//calibration/calibration_data_test_flight/calibrationdata/left-0046.png
-- Symlinking: /home/corelab/GitHub/CatchingBlimp/Summer2023/ros2_stereo/install/stereo_combined/share/stereo_combined//calibration/calibration_data_test_flight/calibrationdata/left-0047.png
-- Symlinking: /home/corelab/GitHub/CatchingBlimp/Summer2023/ros2_stereo/install/stereo_combined/share/stereo_combined//calibration/calibration_data_test_flight/calibrationdata/left-0048.png
-- Symlinking: /home/corelab/GitHub/CatchingBlimp/Summer2023/ros2_stereo/install/stereo_combined/share/stereo_combined//calibration/calibration_data_test_flight/calibrationdata/left-0049.png
-- Symlinking: /home/corelab/GitHub/CatchingBlimp/Summer2023/ros2_stereo/install/stereo_combined/share/stereo_combined//calibration/calibration_data_test_flight/calibrationdata/left-0050.png
-- Symlinking: /home/corelab/GitHub/CatchingBlimp/Summer2023/ros2_stereo/install/stereo_combined/share/stereo_combined//calibration/calibration_data_test_flight/calibrationdata/left.yaml
-- Symlinking: /home/corelab/GitHub/CatchingBlimp/Summer2023/ros2_stereo/install/stereo_combined/share/stereo_combined//calibration/calibration_data_test_flight/calibrationdata/ost.txt
-- Symlinking: /home/corelab/GitHub/CatchingBlimp/Summer2023/ros2_stereo/install/stereo_combined/share/stereo_combined//calibration/calibration_data_test_flight/calibrationdata/right-0000.png
-- Symlinking: /home/corelab/GitHub/CatchingBlimp/Summer2023/ros2_stereo/install/stereo_combined/share/stereo_combined//calibration/calibration_data_test_flight/calibrationdata/right-0001.png
-- Symlinking: /home/corelab/GitHub/CatchingBlimp/Summer2023/ros2_stereo/install/stereo_combined/share/stereo_combined//calibration/calibration_data_test_flight/calibrationdata/right-0002.png
-- Symlinking: /home/corelab/GitHub/CatchingBlimp/Summer2023/ros2_stereo/install/stereo_combined/share/stereo_combined//calibration/calibration_data_test_flight/calibrationdata/right-0003.png
-- Symlinking: /home/corelab/GitHub/CatchingBlimp/Summer2023/ros2_stereo/install/stereo_combined/share/stereo_combined//calibration/calibration_data_test_flight/calibrationdata/right-0004.png
-- Symlinking: /home/corelab/GitHub/CatchingBlimp/Summer2023/ros2_stereo/install/stereo_combined/share/stereo_combined//calibration/calibration_data_test_flight/calibrationdata/right-0005.png
-- Symlinking: /home/corelab/GitHub/CatchingBlimp/Summer2023/ros2_stereo/install/stereo_combined/share/stereo_combined//calibration/calibration_data_test_flight/calibrationdata/right-0006.png
-- Symlinking: /home/corelab/GitHub/CatchingBlimp/Summer2023/ros2_stereo/install/stereo_combined/share/stereo_combined//calibration/calibration_data_test_flight/calibrationdata/right-0007.png
-- Symlinking: /home/corelab/GitHub/CatchingBlimp/Summer2023/ros2_stereo/install/stereo_combined/share/stereo_combined//calibration/calibration_data_test_flight/calibrationdata/right-0008.png
-- Symlinking: /home/corelab/GitHub/CatchingBlimp/Summer2023/ros2_stereo/install/stereo_combined/share/stereo_combined//calibration/calibration_data_test_flight/calibrationdata/right-0009.png
-- Symlinking: /home/corelab/GitHub/CatchingBlimp/Summer2023/ros2_stereo/install/stereo_combined/share/stereo_combined//calibration/calibration_data_test_flight/calibrationdata/right-0010.png
-- Symlinking: /home/corelab/GitHub/CatchingBlimp/Summer2023/ros2_stereo/install/stereo_combined/share/stereo_combined//calibration/calibration_data_test_flight/calibrationdata/right-0011.png
-- Symlinking: /home/corelab/GitHub/CatchingBlimp/Summer2023/ros2_stereo/install/stereo_combined/share/stereo_combined//calibration/calibration_data_test_flight/calibrationdata/right-0012.png
-- Symlinking: /home/corelab/GitHub/CatchingBlimp/Summer2023/ros2_stereo/install/stereo_combined/share/stereo_combined//calibration/calibration_data_test_flight/calibrationdata/right-0013.png
-- Symlinking: /home/corelab/GitHub/CatchingBlimp/Summer2023/ros2_stereo/install/stereo_combined/share/stereo_combined//calibration/calibration_data_test_flight/calibrationdata/right-0014.png
-- Symlinking: /home/corelab/GitHub/CatchingBlimp/Summer2023/ros2_stereo/install/stereo_combined/share/stereo_combined//calibration/calibration_data_test_flight/calibrationdata/right-0015.png
-- Symlinking: /home/corelab/GitHub/CatchingBlimp/Summer2023/ros2_stereo/install/stereo_combined/share/stereo_combined//calibration/calibration_data_test_flight/calibrationdata/right-0016.png
-- Symlinking: /home/corelab/GitHub/CatchingBlimp/Summer2023/ros2_stereo/install/stereo_combined/share/stereo_combined//calibration/calibration_data_test_flight/calibrationdata/right-0017.png
-- Symlinking: /home/corelab/GitHub/CatchingBlimp/Summer2023/ros2_stereo/install/stereo_combined/share/stereo_combined//calibration/calibration_data_test_flight/calibrationdata/right-0018.png
-- Symlinking: /home/corelab/GitHub/CatchingBlimp/Summer2023/ros2_stereo/install/stereo_combined/share/stereo_combined//calibration/calibration_data_test_flight/calibrationdata/right-0019.png
-- Symlinking: /home/corelab/GitHub/CatchingBlimp/Summer2023/ros2_stereo/install/stereo_combined/share/stereo_combined//calibration/calibration_data_test_flight/calibrationdata/right-0020.png
-- Symlinking: /home/corelab/GitHub/CatchingBlimp/Summer2023/ros2_stereo/install/stereo_combined/share/stereo_combined//calibration/calibration_data_test_flight/calibrationdata/right-0021.png
-- Symlinking: /home/corelab/GitHub/CatchingBlimp/Summer2023/ros2_stereo/install/stereo_combined/share/stereo_combined//calibration/calibration_data_test_flight/calibrationdata/right-0022.png
-- Symlinking: /home/corelab/GitHub/CatchingBlimp/Summer2023/ros2_stereo/install/stereo_combined/share/stereo_combined//calibration/calibration_data_test_flight/calibrationdata/right-0023.png
-- Symlinking: /home/corelab/GitHub/CatchingBlimp/Summer2023/ros2_stereo/install/stereo_combined/share/stereo_combined//calibration/calibration_data_test_flight/calibrationdata/right-0024.png
-- Symlinking: /home/corelab/GitHub/CatchingBlimp/Summer2023/ros2_stereo/install/stereo_combined/share/stereo_combined//calibration/calibration_data_test_flight/calibrationdata/right-0025.png
-- Symlinking: /home/corelab/GitHub/CatchingBlimp/Summer2023/ros2_stereo/install/stereo_combined/share/stereo_combined//calibration/calibration_data_test_flight/calibrationdata/right-0026.png
-- Symlinking: /home/corelab/GitHub/CatchingBlimp/Summer2023/ros2_stereo/install/stereo_combined/share/stereo_combined//calibration/calibration_data_test_flight/calibrationdata/right-0027.png
-- Symlinking: /home/corelab/GitHub/CatchingBlimp/Summer2023/ros2_stereo/install/stereo_combined/share/stereo_combined//calibration/calibration_data_test_flight/calibrationdata/right-0028.png
-- Symlinking: /home/corelab/GitHub/CatchingBlimp/Summer2023/ros2_stereo/install/stereo_combined/share/stereo_combined//calibration/calibration_data_test_flight/calibrationdata/right-0029.png
-- Symlinking: /home/corelab/GitHub/CatchingBlimp/Summer2023/ros2_stereo/install/stereo_combined/share/stereo_combined//calibration/calibration_data_test_flight/calibrationdata/right-0030.png
-- Symlinking: /home/corelab/GitHub/CatchingBlimp/Summer2023/ros2_stereo/install/stereo_combined/share/stereo_combined//calibration/calibration_data_test_flight/calibrationdata/right-0031.png
-- Symlinking: /home/corelab/GitHub/CatchingBlimp/Summer2023/ros2_stereo/install/stereo_combined/share/stereo_combined//calibration/calibration_data_test_flight/calibrationdata/right-0032.png
-- Symlinking: /home/corelab/GitHub/CatchingBlimp/Summer2023/ros2_stereo/install/stereo_combined/share/stereo_combined//calibration/calibration_data_test_flight/calibrationdata/right-0033.png
-- Symlinking: /home/corelab/GitHub/CatchingBlimp/Summer2023/ros2_stereo/install/stereo_combined/share/stereo_combined//calibration/calibration_data_test_flight/calibrationdata/right-0034.png
-- Symlinking: /home/corelab/GitHub/CatchingBlimp/Summer2023/ros2_stereo/install/stereo_combined/share/stereo_combined//calibration/calibration_data_test_flight/calibrationdata/right-0035.png
-- Symlinking: /home/corelab/GitHub/CatchingBlimp/Summer2023/ros2_stereo/install/stereo_combined/share/stereo_combined//calibration/calibration_data_test_flight/calibrationdata/right-0036.png
-- Symlinking: /home/corelab/GitHub/CatchingBlimp/Summer2023/ros2_stereo/install/stereo_combined/share/stereo_combined//calibration/calibration_data_test_flight/calibrationdata/right-0037.png
-- Symlinking: /home/corelab/GitHub/CatchingBlimp/Summer2023/ros2_stereo/install/stereo_combined/share/stereo_combined//calibration/calibration_data_test_flight/calibrationdata/right-0038.png
-- Symlinking: /home/corelab/GitHub/CatchingBlimp/Summer2023/ros2_stereo/install/stereo_combined/share/stereo_combined//calibration/calibration_data_test_flight/calibrationdata/right-0039.png
-- Symlinking: /home/corelab/GitHub/CatchingBlimp/Summer2023/ros2_stereo/install/stereo_combined/share/stereo_combined//calibration/calibration_data_test_flight/calibrationdata/right-0040.png
-- Symlinking: /home/corelab/GitHub/CatchingBlimp/Summer2023/ros2_stereo/install/stereo_combined/share/stereo_combined//calibration/calibration_data_test_flight/calibrationdata/right-0041.png
-- Symlinking: /home/corelab/GitHub/CatchingBlimp/Summer2023/ros2_stereo/install/stereo_combined/share/stereo_combined//calibration/calibration_data_test_flight/calibrationdata/right-0042.png
-- Symlinking: /home/corelab/GitHub/CatchingBlimp/Summer2023/ros2_stereo/install/stereo_combined/share/stereo_combined//calibration/calibration_data_test_flight/calibrationdata/right-0043.png
-- Symlinking: /home/corelab/GitHub/CatchingBlimp/Summer2023/ros2_stereo/install/stereo_combined/share/stereo_combined//calibration/calibration_data_test_flight/calibrationdata/right-0044.png
-- Symlinking: /home/corelab/GitHub/CatchingBlimp/Summer2023/ros2_stereo/install/stereo_combined/share/stereo_combined//calibration/calibration_data_test_flight/calibrationdata/right-0045.png
-- Symlinking: /home/corelab/GitHub/CatchingBlimp/Summer2023/ros2_stereo/install/stereo_combined/share/stereo_combined//calibration/calibration_data_test_flight/calibrationdata/right-0046.png
-- Symlinking: /home/corelab/GitHub/CatchingBlimp/Summer2023/ros2_stereo/install/stereo_combined/share/stereo_combined//calibration/calibration_data_test_flight/calibrationdata/right-0047.png
-- Symlinking: /home/corelab/GitHub/CatchingBlimp/Summer2023/ros2_stereo/install/stereo_combined/share/stereo_combined//calibration/calibration_data_test_flight/calibrationdata/right-0048.png
-- Symlinking: /home/corelab/GitHub/CatchingBlimp/Summer2023/ros2_stereo/install/stereo_combined/share/stereo_combined//calibration/calibration_data_test_flight/calibrationdata/right-0049.png
-- Symlinking: /home/corelab/GitHub/CatchingBlimp/Summer2023/ros2_stereo/install/stereo_combined/share/stereo_combined//calibration/calibration_data_test_flight/calibrationdata/right-0050.png
-- Symlinking: /home/corelab/GitHub/CatchingBlimp/Summer2023/ros2_stereo/install/stereo_combined/share/stereo_combined//calibration/calibration_data_test_flight/calibrationdata/right.yaml
-- Symlinking: /home/corelab/GitHub/CatchingBlimp/Summer2023/ros2_stereo/install/stereo_combined/share/stereo_combined//calibration/calibrationdata.tar.gz
-- Symlinking: /home/corelab/GitHub/CatchingBlimp/Summer2023/ros2_stereo/install/stereo_combined/share/stereo_combined//calibration/calibrationdata_test1/left-0000.png
-- Symlinking: /home/corelab/GitHub/CatchingBlimp/Summer2023/ros2_stereo/install/stereo_combined/share/stereo_combined//calibration/calibrationdata_test1/left-0001.png
-- Symlinking: /home/corelab/GitHub/CatchingBlimp/Summer2023/ros2_stereo/install/stereo_combined/share/stereo_combined//calibration/calibrationdata_test1/left-0002.png
-- Symlinking: /home/corelab/GitHub/CatchingBlimp/Summer2023/ros2_stereo/install/stereo_combined/share/stereo_combined//calibration/calibrationdata_test1/left-0003.png
-- Symlinking: /home/corelab/GitHub/CatchingBlimp/Summer2023/ros2_stereo/install/stereo_combined/share/stereo_combined//calibration/calibrationdata_test1/left-0004.png
-- Symlinking: /home/corelab/GitHub/CatchingBlimp/Summer2023/ros2_stereo/install/stereo_combined/share/stereo_combined//calibration/calibrationdata_test1/left-0005.png
-- Symlinking: /home/corelab/GitHub/CatchingBlimp/Summer2023/ros2_stereo/install/stereo_combined/share/stereo_combined//calibration/calibrationdata_test1/left-0006.png
-- Symlinking: /home/corelab/GitHub/CatchingBlimp/Summer2023/ros2_stereo/install/stereo_combined/share/stereo_combined//calibration/calibrationdata_test1/left-0007.png
-- Symlinking: /home/corelab/GitHub/CatchingBlimp/Summer2023/ros2_stereo/install/stereo_combined/share/stereo_combined//calibration/calibrationdata_test1/left-0008.png
-- Symlinking: /home/corelab/GitHub/CatchingBlimp/Summer2023/ros2_stereo/install/stereo_combined/share/stereo_combined//calibration/calibrationdata_test1/left-0009.png
-- Symlinking: /home/corelab/GitHub/CatchingBlimp/Summer2023/ros2_stereo/install/stereo_combined/share/stereo_combined//calibration/calibrationdata_test1/left-0010.png
-- Symlinking: /home/corelab/GitHub/CatchingBlimp/Summer2023/ros2_stereo/install/stereo_combined/share/stereo_combined//calibration/calibrationdata_test1/left-0011.png
-- Symlinking: /home/corelab/GitHub/CatchingBlimp/Summer2023/ros2_stereo/install/stereo_combined/share/stereo_combined//calibration/calibrationdata_test1/left-0012.png
-- Symlinking: /home/corelab/GitHub/CatchingBlimp/Summer2023/ros2_stereo/install/stereo_combined/share/stereo_combined//calibration/calibrationdata_test1/left-0013.png
-- Symlinking: /home/corelab/GitHub/CatchingBlimp/Summer2023/ros2_stereo/install/stereo_combined/share/stereo_combined//calibration/calibrationdata_test1/left-0014.png
-- Symlinking: /home/corelab/GitHub/CatchingBlimp/Summer2023/ros2_stereo/install/stereo_combined/share/stereo_combined//calibration/calibrationdata_test1/left-0015.png
-- Symlinking: /home/corelab/GitHub/CatchingBlimp/Summer2023/ros2_stereo/install/stereo_combined/share/stereo_combined//calibration/calibrationdata_test1/left-0016.png
-- Symlinking: /home/corelab/GitHub/CatchingBlimp/Summer2023/ros2_stereo/install/stereo_combined/share/stereo_combined//calibration/calibrationdata_test1/left-0017.png
-- Symlinking: /home/corelab/GitHub/CatchingBlimp/Summer2023/ros2_stereo/install/stereo_combined/share/stereo_combined//calibration/calibrationdata_test1/left-0018.png
-- Symlinking: /home/corelab/GitHub/CatchingBlimp/Summer2023/ros2_stereo/install/stereo_combined/share/stereo_combined//calibration/calibrationdata_test1/left-0019.png
-- Symlinking: /home/corelab/GitHub/CatchingBlimp/Summer2023/ros2_stereo/install/stereo_combined/share/stereo_combined//calibration/calibrationdata_test1/left-0020.png
-- Symlinking: /home/corelab/GitHub/CatchingBlimp/Summer2023/ros2_stereo/install/stereo_combined/share/stereo_combined//calibration/calibrationdata_test1/left-0021.png
-- Symlinking: /home/corelab/GitHub/CatchingBlimp/Summer2023/ros2_stereo/install/stereo_combined/share/stereo_combined//calibration/calibrationdata_test1/left-0022.png
-- Symlinking: /home/corelab/GitHub/CatchingBlimp/Summer2023/ros2_stereo/install/stereo_combined/share/stereo_combined//calibration/calibrationdata_test1/left-0023.png
-- Symlinking: /home/corelab/GitHub/CatchingBlimp/Summer2023/ros2_stereo/install/stereo_combined/share/stereo_combined//calibration/calibrationdata_test1/left-0024.png
-- Symlinking: /home/corelab/GitHub/CatchingBlimp/Summer2023/ros2_stereo/install/stereo_combined/share/stereo_combined//calibration/calibrationdata_test1/left-0025.png
-- Symlinking: /home/corelab/GitHub/CatchingBlimp/Summer2023/ros2_stereo/install/stereo_combined/share/stereo_combined//calibration/calibrationdata_test1/left-0026.png
-- Symlinking: /home/corelab/GitHub/CatchingBlimp/Summer2023/ros2_stereo/install/stereo_combined/share/stereo_combined//calibration/calibrationdata_test1/left-0027.png
-- Symlinking: /home/corelab/GitHub/CatchingBlimp/Summer2023/ros2_stereo/install/stereo_combined/share/stereo_combined//calibration/calibrationdata_test1/left-0028.png
-- Symlinking: /home/corelab/GitHub/CatchingBlimp/Summer2023/ros2_stereo/install/stereo_combined/share/stereo_combined//calibration/calibrationdata_test1/left-0029.png
-- Symlinking: /home/corelab/GitHub/CatchingBlimp/Summer2023/ros2_stereo/install/stereo_combined/share/stereo_combined//calibration/calibrationdata_test1/left-0030.png
-- Symlinking: /home/corelab/GitHub/CatchingBlimp/Summer2023/ros2_stereo/install/stereo_combined/share/stereo_combined//calibration/calibrationdata_test1/left-0031.png
-- Symlinking: /home/corelab/GitHub/CatchingBlimp/Summer2023/ros2_stereo/install/stereo_combined/share/stereo_combined//calibration/calibrationdata_test1/left-0032.png
-- Symlinking: /home/corelab/GitHub/CatchingBlimp/Summer2023/ros2_stereo/install/stereo_combined/share/stereo_combined//calibration/calibrationdata_test1/left-0033.png
-- Symlinking: /home/corelab/GitHub/CatchingBlimp/Summer2023/ros2_stereo/install/stereo_combined/share/stereo_combined//calibration/calibrationdata_test1/left-0034.png
-- Symlinking: /home/corelab/GitHub/CatchingBlimp/Summer2023/ros2_stereo/install/stereo_combined/share/stereo_combined//calibration/calibrationdata_test1/left-0035.png
-- Symlinking: /home/corelab/GitHub/CatchingBlimp/Summer2023/ros2_stereo/install/stereo_combined/share/stereo_combined//calibration/calibrationdata_test1/left-0036.png
-- Symlinking: /home/corelab/GitHub/CatchingBlimp/Summer2023/ros2_stereo/install/stereo_combined/share/stereo_combined//calibration/calibrationdata_test1/left-0037.png
-- Symlinking: /home/corelab/GitHub/CatchingBlimp/Summer2023/ros2_stereo/install/stereo_combined/share/stereo_combined//calibration/calibrationdata_test1/left-0038.png
-- Symlinking: /home/corelab/GitHub/CatchingBlimp/Summer2023/ros2_stereo/install/stereo_combined/share/stereo_combined//calibration/calibrationdata_test1/left-0039.png
-- Symlinking: /home/corelab/GitHub/CatchingBlimp/Summer2023/ros2_stereo/install/stereo_combined/share/stereo_combined//calibration/calibrationdata_test1/left-0040.png
-- Symlinking: /home/corelab/GitHub/CatchingBlimp/Summer2023/ros2_stereo/install/stereo_combined/share/stereo_combined//calibration/calibrationdata_test1/left-0041.png
-- Symlinking: /home/corelab/GitHub/CatchingBlimp/Summer2023/ros2_stereo/install/stereo_combined/share/stereo_combined//calibration/calibrationdata_test1/left-0042.png
-- Symlinking: /home/corelab/GitHub/CatchingBlimp/Summer2023/ros2_stereo/install/stereo_combined/share/stereo_combined//calibration/calibrationdata_test1/left-0043.png
-- Symlinking: /home/corelab/GitHub/CatchingBlimp/Summer2023/ros2_stereo/install/stereo_combined/share/stereo_combined//calibration/calibrationdata_test1/left-0044.png
-- Symlinking: /home/corelab/GitHub/CatchingBlimp/Summer2023/ros2_stereo/install/stereo_combined/share/stereo_combined//calibration/calibrationdata_test1/left-0045.png
-- Symlinking: /home/corelab/GitHub/CatchingBlimp/Summer2023/ros2_stereo/install/stereo_combined/share/stereo_combined//calibration/calibrationdata_test1/left-0046.png
-- Symlinking: /home/corelab/GitHub/CatchingBlimp/Summer2023/ros2_stereo/install/stereo_combined/share/stereo_combined//calibration/calibrationdata_test1/left-0047.png
-- Symlinking: /home/corelab/GitHub/CatchingBlimp/Summer2023/ros2_stereo/install/stereo_combined/share/stereo_combined//calibration/calibrationdata_test1/left-0048.png
-- Symlinking: /home/corelab/GitHub/CatchingBlimp/Summer2023/ros2_stereo/install/stereo_combined/share/stereo_combined//calibration/calibrationdata_test1/left-0049.png
-- Symlinking: /home/corelab/GitHub/CatchingBlimp/Summer2023/ros2_stereo/install/stereo_combined/share/stereo_combined//calibration/calibrationdata_test1/left-0050.png
-- Symlinking: /home/corelab/GitHub/CatchingBlimp/Summer2023/ros2_stereo/install/stereo_combined/share/stereo_combined//calibration/calibrationdata_test1/left-0051.png
-- Symlinking: /home/corelab/GitHub/CatchingBlimp/Summer2023/ros2_stereo/install/stereo_combined/share/stereo_combined//calibration/calibrationdata_test1/left-0052.png
-- Symlinking: /home/corelab/GitHub/CatchingBlimp/Summer2023/ros2_stereo/install/stereo_combined/share/stereo_combined//calibration/calibrationdata_test1/left-0053.png
-- Symlinking: /home/corelab/GitHub/CatchingBlimp/Summer2023/ros2_stereo/install/stereo_combined/share/stereo_combined//calibration/calibrationdata_test1/left-0054.png
-- Symlinking: /home/corelab/GitHub/CatchingBlimp/Summer2023/ros2_stereo/install/stereo_combined/share/stereo_combined//calibration/calibrationdata_test1/left.yaml
-- Symlinking: /home/corelab/GitHub/CatchingBlimp/Summer2023/ros2_stereo/install/stereo_combined/share/stereo_combined//calibration/calibrationdata_test1/ost.txt
-- Symlinking: /home/corelab/GitHub/CatchingBlimp/Summer2023/ros2_stereo/install/stereo_combined/share/stereo_combined//calibration/calibrationdata_test1/right-0000.png
-- Symlinking: /home/corelab/GitHub/CatchingBlimp/Summer2023/ros2_stereo/install/stereo_combined/share/stereo_combined//calibration/calibrationdata_test1/right-0001.png
-- Symlinking: /home/corelab/GitHub/CatchingBlimp/Summer2023/ros2_stereo/install/stereo_combined/share/stereo_combined//calibration/calibrationdata_test1/right-0002.png
-- Symlinking: /home/corelab/GitHub/CatchingBlimp/Summer2023/ros2_stereo/install/stereo_combined/share/stereo_combined//calibration/calibrationdata_test1/right-0003.png
-- Symlinking: /home/corelab/GitHub/CatchingBlimp/Summer2023/ros2_stereo/install/stereo_combined/share/stereo_combined//calibration/calibrationdata_test1/right-0004.png
-- Symlinking: /home/corelab/GitHub/CatchingBlimp/Summer2023/ros2_stereo/install/stereo_combined/share/stereo_combined//calibration/calibrationdata_test1/right-0005.png
-- Symlinking: /home/corelab/GitHub/CatchingBlimp/Summer2023/ros2_stereo/install/stereo_combined/share/stereo_combined//calibration/calibrationdata_test1/right-0006.png
-- Symlinking: /home/corelab/GitHub/CatchingBlimp/Summer2023/ros2_stereo/install/stereo_combined/share/stereo_combined//calibration/calibrationdata_test1/right-0007.png
-- Symlinking: /home/corelab/GitHub/CatchingBlimp/Summer2023/ros2_stereo/install/stereo_combined/share/stereo_combined//calibration/calibrationdata_test1/right-0008.png
-- Symlinking: /home/corelab/GitHub/CatchingBlimp/Summer2023/ros2_stereo/install/stereo_combined/share/stereo_combined//calibration/calibrationdata_test1/right-0009.png
-- Symlinking: /home/corelab/GitHub/CatchingBlimp/Summer2023/ros2_stereo/install/stereo_combined/share/stereo_combined//calibration/calibrationdata_test1/right-0010.png
-- Symlinking: /home/corelab/GitHub/CatchingBlimp/Summer2023/ros2_stereo/install/stereo_combined/share/stereo_combined//calibration/calibrationdata_test1/right-0011.png
-- Symlinking: /home/corelab/GitHub/CatchingBlimp/Summer2023/ros2_stereo/install/stereo_combined/share/stereo_combined//calibration/calibrationdata_test1/right-0012.png
-- Symlinking: /home/corelab/GitHub/CatchingBlimp/Summer2023/ros2_stereo/install/stereo_combined/share/stereo_combined//calibration/calibrationdata_test1/right-0013.png
-- Symlinking: /home/corelab/GitHub/CatchingBlimp/Summer2023/ros2_stereo/install/stereo_combined/share/stereo_combined//calibration/calibrationdata_test1/right-0014.png
-- Symlinking: /home/corelab/GitHub/CatchingBlimp/Summer2023/ros2_stereo/install/stereo_combined/share/stereo_combined//calibration/calibrationdata_test1/right-0015.png
-- Symlinking: /home/corelab/GitHub/CatchingBlimp/Summer2023/ros2_stereo/install/stereo_combined/share/stereo_combined//calibration/calibrationdata_test1/right-0016.png
-- Symlinking: /home/corelab/GitHub/CatchingBlimp/Summer2023/ros2_stereo/install/stereo_combined/share/stereo_combined//calibration/calibrationdata_test1/right-0017.png
-- Symlinking: /home/corelab/GitHub/CatchingBlimp/Summer2023/ros2_stereo/install/stereo_combined/share/stereo_combined//calibration/calibrationdata_test1/right-0018.png
-- Symlinking: /home/corelab/GitHub/CatchingBlimp/Summer2023/ros2_stereo/install/stereo_combined/share/stereo_combined//calibration/calibrationdata_test1/right-0019.png
-- Symlinking: /home/corelab/GitHub/CatchingBlimp/Summer2023/ros2_stereo/install/stereo_combined/share/stereo_combined//calibration/calibrationdata_test1/right-0020.png
-- Symlinking: /home/corelab/GitHub/CatchingBlimp/Summer2023/ros2_stereo/install/stereo_combined/share/stereo_combined//calibration/calibrationdata_test1/right-0021.png
-- Symlinking: /home/corelab/GitHub/CatchingBlimp/Summer2023/ros2_stereo/install/stereo_combined/share/stereo_combined//calibration/calibrationdata_test1/right-0022.png
-- Symlinking: /home/corelab/GitHub/CatchingBlimp/Summer2023/ros2_stereo/install/stereo_combined/share/stereo_combined//calibration/calibrationdata_test1/right-0023.png
-- Symlinking: /home/corelab/GitHub/CatchingBlimp/Summer2023/ros2_stereo/install/stereo_combined/share/stereo_combined//calibration/calibrationdata_test1/right-0024.png
-- Symlinking: /home/corelab/GitHub/CatchingBlimp/Summer2023/ros2_stereo/install/stereo_combined/share/stereo_combined//calibration/calibrationdata_test1/right-0025.png
-- Symlinking: /home/corelab/GitHub/CatchingBlimp/Summer2023/ros2_stereo/install/stereo_combined/share/stereo_combined//calibration/calibrationdata_test1/right-0026.png
-- Symlinking: /home/corelab/GitHub/CatchingBlimp/Summer2023/ros2_stereo/install/stereo_combined/share/stereo_combined//calibration/calibrationdata_test1/right-0027.png
-- Symlinking: /home/corelab/GitHub/CatchingBlimp/Summer2023/ros2_stereo/install/stereo_combined/share/stereo_combined//calibration/calibrationdata_test1/right-0028.png
-- Symlinking: /home/corelab/GitHub/CatchingBlimp/Summer2023/ros2_stereo/install/stereo_combined/share/stereo_combined//calibration/calibrationdata_test1/right-0029.png
-- Symlinking: /home/corelab/GitHub/CatchingBlimp/Summer2023/ros2_stereo/install/stereo_combined/share/stereo_combined//calibration/calibrationdata_test1/right-0030.png
-- Symlinking: /home/corelab/GitHub/CatchingBlimp/Summer2023/ros2_stereo/install/stereo_combined/share/stereo_combined//calibration/calibrationdata_test1/right-0031.png
-- Symlinking: /home/corelab/GitHub/CatchingBlimp/Summer2023/ros2_stereo/install/stereo_combined/share/stereo_combined//calibration/calibrationdata_test1/right-0032.png
-- Symlinking: /home/corelab/GitHub/CatchingBlimp/Summer2023/ros2_stereo/install/stereo_combined/share/stereo_combined//calibration/calibrationdata_test1/right-0033.png
-- Symlinking: /home/corelab/GitHub/CatchingBlimp/Summer2023/ros2_stereo/install/stereo_combined/share/stereo_combined//calibration/calibrationdata_test1/right-0034.png
-- Symlinking: /home/corelab/GitHub/CatchingBlimp/Summer2023/ros2_stereo/install/stereo_combined/share/stereo_combined//calibration/calibrationdata_test1/right-0035.png
-- Symlinking: /home/corelab/GitHub/CatchingBlimp/Summer2023/ros2_stereo/install/stereo_combined/share/stereo_combined//calibration/calibrationdata_test1/right-0036.png
-- Symlinking: /home/corelab/GitHub/CatchingBlimp/Summer2023/ros2_stereo/install/stereo_combined/share/stereo_combined//calibration/calibrationdata_test1/right-0037.png
-- Symlinking: /home/corelab/GitHub/CatchingBlimp/Summer2023/ros2_stereo/install/stereo_combined/share/stereo_combined//calibration/calibrationdata_test1/right-0038.png
-- Symlinking: /home/corelab/GitHub/CatchingBlimp/Summer2023/ros2_stereo/install/stereo_combined/share/stereo_combined//calibration/calibrationdata_test1/right-0039.png
-- Symlinking: /home/corelab/GitHub/CatchingBlimp/Summer2023/ros2_stereo/install/stereo_combined/share/stereo_combined//calibration/calibrationdata_test1/right-0040.png
-- Symlinking: /home/corelab/GitHub/CatchingBlimp/Summer2023/ros2_stereo/install/stereo_combined/share/stereo_combined//calibration/calibrationdata_test1/right-0041.png
-- Symlinking: /home/corelab/GitHub/CatchingBlimp/Summer2023/ros2_stereo/install/stereo_combined/share/stereo_combined//calibration/calibrationdata_test1/right-0042.png
-- Symlinking: /home/corelab/GitHub/CatchingBlimp/Summer2023/ros2_stereo/install/stereo_combined/share/stereo_combined//calibration/calibrationdata_test1/right-0043.png
-- Symlinking: /home/corelab/GitHub/CatchingBlimp/Summer2023/ros2_stereo/install/stereo_combined/share/stereo_combined//calibration/calibrationdata_test1/right-0044.png
-- Symlinking: /home/corelab/GitHub/CatchingBlimp/Summer2023/ros2_stereo/install/stereo_combined/share/stereo_combined//calibration/calibrationdata_test1/right-0045.png
-- Symlinking: /home/corelab/GitHub/CatchingBlimp/Summer2023/ros2_stereo/install/stereo_combined/share/stereo_combined//calibration/calibrationdata_test1/right-0046.png
-- Symlinking: /home/corelab/GitHub/CatchingBlimp/Summer2023/ros2_stereo/install/stereo_combined/share/stereo_combined//calibration/calibrationdata_test1/right-0047.png
-- Symlinking: /home/corelab/GitHub/CatchingBlimp/Summer2023/ros2_stereo/install/stereo_combined/share/stereo_combined//calibration/calibrationdata_test1/right-0048.png
-- Symlinking: /home/corelab/GitHub/CatchingBlimp/Summer2023/ros2_stereo/install/stereo_combined/share/stereo_combined//calibration/calibrationdata_test1/right-0049.png
-- Symlinking: /home/corelab/GitHub/CatchingBlimp/Summer2023/ros2_stereo/install/stereo_combined/share/stereo_combined//calibration/calibrationdata_test1/right-0050.png
-- Symlinking: /home/corelab/GitHub/CatchingBlimp/Summer2023/ros2_stereo/install/stereo_combined/share/stereo_combined//calibration/calibrationdata_test1/right-0051.png
-- Symlinking: /home/corelab/GitHub/CatchingBlimp/Summer2023/ros2_stereo/install/stereo_combined/share/stereo_combined//calibration/calibrationdata_test1/right-0052.png
-- Symlinking: /home/corelab/GitHub/CatchingBlimp/Summer2023/ros2_stereo/install/stereo_combined/share/stereo_combined//calibration/calibrationdata_test1/right-0053.png
-- Symlinking: /home/corelab/GitHub/CatchingBlimp/Summer2023/ros2_stereo/install/stereo_combined/share/stereo_combined//calibration/calibrationdata_test1/right-0054.png
-- Symlinking: /home/corelab/GitHub/CatchingBlimp/Summer2023/ros2_stereo/install/stereo_combined/share/stereo_combined//calibration/calibrationdata_test1/right.yaml
-- Symlinking: /home/corelab/GitHub/CatchingBlimp/Summer2023/ros2_stereo/install/stereo_combined/share/stereo_combined//calibration/calibrationdata_test2/left-0000.png
-- Symlinking: /home/corelab/GitHub/CatchingBlimp/Summer2023/ros2_stereo/install/stereo_combined/share/stereo_combined//calibration/calibrationdata_test2/left-0001.png
-- Symlinking: /home/corelab/GitHub/CatchingBlimp/Summer2023/ros2_stereo/install/stereo_combined/share/stereo_combined//calibration/calibrationdata_test2/left-0002.png
-- Symlinking: /home/corelab/GitHub/CatchingBlimp/Summer2023/ros2_stereo/install/stereo_combined/share/stereo_combined//calibration/calibrationdata_test2/left-0003.png
-- Symlinking: /home/corelab/GitHub/CatchingBlimp/Summer2023/ros2_stereo/install/stereo_combined/share/stereo_combined//calibration/calibrationdata_test2/left-0004.png
-- Symlinking: /home/corelab/GitHub/CatchingBlimp/Summer2023/ros2_stereo/install/stereo_combined/share/stereo_combined//calibration/calibrationdata_test2/left-0005.png
-- Symlinking: /home/corelab/GitHub/CatchingBlimp/Summer2023/ros2_stereo/install/stereo_combined/share/stereo_combined//calibration/calibrationdata_test2/left-0006.png
-- Symlinking: /home/corelab/GitHub/CatchingBlimp/Summer2023/ros2_stereo/install/stereo_combined/share/stereo_combined//calibration/calibrationdata_test2/left-0007.png
-- Symlinking: /home/corelab/GitHub/CatchingBlimp/Summer2023/ros2_stereo/install/stereo_combined/share/stereo_combined//calibration/calibrationdata_test2/left-0008.png
-- Symlinking: /home/corelab/GitHub/CatchingBlimp/Summer2023/ros2_stereo/install/stereo_combined/share/stereo_combined//calibration/calibrationdata_test2/left-0009.png
-- Symlinking: /home/corelab/GitHub/CatchingBlimp/Summer2023/ros2_stereo/install/stereo_combined/share/stereo_combined//calibration/calibrationdata_test2/left-0010.png
-- Symlinking: /home/corelab/GitHub/CatchingBlimp/Summer2023/ros2_stereo/install/stereo_combined/share/stereo_combined//calibration/calibrationdata_test2/left-0011.png
-- Symlinking: /home/corelab/GitHub/CatchingBlimp/Summer2023/ros2_stereo/install/stereo_combined/share/stereo_combined//calibration/calibrationdata_test2/left-0012.png
-- Symlinking: /home/corelab/GitHub/CatchingBlimp/Summer2023/ros2_stereo/install/stereo_combined/share/stereo_combined//calibration/calibrationdata_test2/left-0013.png
-- Symlinking: /home/corelab/GitHub/CatchingBlimp/Summer2023/ros2_stereo/install/stereo_combined/share/stereo_combined//calibration/calibrationdata_test2/left-0014.png
-- Symlinking: /home/corelab/GitHub/CatchingBlimp/Summer2023/ros2_stereo/install/stereo_combined/share/stereo_combined//calibration/calibrationdata_test2/left-0015.png
-- Symlinking: /home/corelab/GitHub/CatchingBlimp/Summer2023/ros2_stereo/install/stereo_combined/share/stereo_combined//calibration/calibrationdata_test2/left-0016.png
-- Symlinking: /home/corelab/GitHub/CatchingBlimp/Summer2023/ros2_stereo/install/stereo_combined/share/stereo_combined//calibration/calibrationdata_test2/left-0017.png
-- Symlinking: /home/corelab/GitHub/CatchingBlimp/Summer2023/ros2_stereo/install/stereo_combined/share/stereo_combined//calibration/calibrationdata_test2/left-0018.png
-- Symlinking: /home/corelab/GitHub/CatchingBlimp/Summer2023/ros2_stereo/install/stereo_combined/share/stereo_combined//calibration/calibrationdata_test2/left-0019.png
-- Symlinking: /home/corelab/GitHub/CatchingBlimp/Summer2023/ros2_stereo/install/stereo_combined/share/stereo_combined//calibration/calibrationdata_test2/left-0020.png
-- Symlinking: /home/corelab/GitHub/CatchingBlimp/Summer2023/ros2_stereo/install/stereo_combined/share/stereo_combined//calibration/calibrationdata_test2/left-0021.png
-- Symlinking: /home/corelab/GitHub/CatchingBlimp/Summer2023/ros2_stereo/install/stereo_combined/share/stereo_combined//calibration/calibrationdata_test2/left-0022.png
-- Symlinking: /home/corelab/GitHub/CatchingBlimp/Summer2023/ros2_stereo/install/stereo_combined/share/stereo_combined//calibration/calibrationdata_test2/left-0023.png
-- Symlinking: /home/corelab/GitHub/CatchingBlimp/Summer2023/ros2_stereo/install/stereo_combined/share/stereo_combined//calibration/calibrationdata_test2/left-0024.png
-- Symlinking: /home/corelab/GitHub/CatchingBlimp/Summer2023/ros2_stereo/install/stereo_combined/share/stereo_combined//calibration/calibrationdata_test2/left-0025.png
-- Symlinking: /home/corelab/GitHub/CatchingBlimp/Summer2023/ros2_stereo/install/stereo_combined/share/stereo_combined//calibration/calibrationdata_test2/left-0026.png
-- Symlinking: /home/corelab/GitHub/CatchingBlimp/Summer2023/ros2_stereo/install/stereo_combined/share/stereo_combined//calibration/calibrationdata_test2/left-0027.png
-- Symlinking: /home/corelab/GitHub/CatchingBlimp/Summer2023/ros2_stereo/install/stereo_combined/share/stereo_combined//calibration/calibrationdata_test2/left-0028.png
-- Symlinking: /home/corelab/GitHub/CatchingBlimp/Summer2023/ros2_stereo/install/stereo_combined/share/stereo_combined//calibration/calibrationdata_test2/left-0029.png
-- Symlinking: /home/corelab/GitHub/CatchingBlimp/Summer2023/ros2_stereo/install/stereo_combined/share/stereo_combined//calibration/calibrationdata_test2/left-0030.png
-- Symlinking: /home/corelab/GitHub/CatchingBlimp/Summer2023/ros2_stereo/install/stereo_combined/share/stereo_combined//calibration/calibrationdata_test2/left-0031.png
-- Symlinking: /home/corelab/GitHub/CatchingBlimp/Summer2023/ros2_stereo/install/stereo_combined/share/stereo_combined//calibration/calibrationdata_test2/left-0032.png
-- Symlinking: /home/corelab/GitHub/CatchingBlimp/Summer2023/ros2_stereo/install/stereo_combined/share/stereo_combined//calibration/calibrationdata_test2/left-0033.png
-- Symlinking: /home/corelab/GitHub/CatchingBlimp/Summer2023/ros2_stereo/install/stereo_combined/share/stereo_combined//calibration/calibrationdata_test2/left-0034.png
-- Symlinking: /home/corelab/GitHub/CatchingBlimp/Summer2023/ros2_stereo/install/stereo_combined/share/stereo_combined//calibration/calibrationdata_test2/left-0035.png
-- Symlinking: /home/corelab/GitHub/CatchingBlimp/Summer2023/ros2_stereo/install/stereo_combined/share/stereo_combined//calibration/calibrationdata_test2/left-0036.png
-- Symlinking: /home/corelab/GitHub/CatchingBlimp/Summer2023/ros2_stereo/install/stereo_combined/share/stereo_combined//calibration/calibrationdata_test2/left-0037.png
-- Symlinking: /home/corelab/GitHub/CatchingBlimp/Summer2023/ros2_stereo/install/stereo_combined/share/stereo_combined//calibration/calibrationdata_test2/left-0038.png
-- Symlinking: /home/corelab/GitHub/CatchingBlimp/Summer2023/ros2_stereo/install/stereo_combined/share/stereo_combined//calibration/calibrationdata_test2/left-0039.png
-- Symlinking: /home/corelab/GitHub/CatchingBlimp/Summer2023/ros2_stereo/install/stereo_combined/share/stereo_combined//calibration/calibrationdata_test2/left-0040.png
-- Symlinking: /home/corelab/GitHub/CatchingBlimp/Summer2023/ros2_stereo/install/stereo_combined/share/stereo_combined//calibration/calibrationdata_test2/left-0041.png
-- Symlinking: /home/corelab/GitHub/CatchingBlimp/Summer2023/ros2_stereo/install/stereo_combined/share/stereo_combined//calibration/calibrationdata_test2/left-0042.png
-- Symlinking: /home/corelab/GitHub/CatchingBlimp/Summer2023/ros2_stereo/install/stereo_combined/share/stereo_combined//calibration/calibrationdata_test2/left-0043.png
-- Symlinking: /home/corelab/GitHub/CatchingBlimp/Summer2023/ros2_stereo/install/stereo_combined/share/stereo_combined//calibration/calibrationdata_test2/left-0044.png
-- Symlinking: /home/corelab/GitHub/CatchingBlimp/Summer2023/ros2_stereo/install/stereo_combined/share/stereo_combined//calibration/calibrationdata_test2/left-0045.png
-- Symlinking: /home/corelab/GitHub/CatchingBlimp/Summer2023/ros2_stereo/install/stereo_combined/share/stereo_combined//calibration/calibrationdata_test2/left-0046.png
-- Symlinking: /home/corelab/GitHub/CatchingBlimp/Summer2023/ros2_stereo/install/stereo_combined/share/stereo_combined//calibration/calibrationdata_test2/left-0047.png
-- Symlinking: /home/corelab/GitHub/CatchingBlimp/Summer2023/ros2_stereo/install/stereo_combined/share/stereo_combined//calibration/calibrationdata_test2/left-0048.png
-- Symlinking: /home/corelab/GitHub/CatchingBlimp/Summer2023/ros2_stereo/install/stereo_combined/share/stereo_combined//calibration/calibrationdata_test2/left-0049.png
-- Symlinking: /home/corelab/GitHub/CatchingBlimp/Summer2023/ros2_stereo/install/stereo_combined/share/stereo_combined//calibration/calibrationdata_test2/left-0050.png
-- Symlinking: /home/corelab/GitHub/CatchingBlimp/Summer2023/ros2_stereo/install/stereo_combined/share/stereo_combined//calibration/calibrationdata_test2/left.yaml
-- Symlinking: /home/corelab/GitHub/CatchingBlimp/Summer2023/ros2_stereo/install/stereo_combined/share/stereo_combined//calibration/calibrationdata_test2/ost.txt
-- Symlinking: /home/corelab/GitHub/CatchingBlimp/Summer2023/ros2_stereo/install/stereo_combined/share/stereo_combined//calibration/calibrationdata_test2/right-0000.png
-- Symlinking: /home/corelab/GitHub/CatchingBlimp/Summer2023/ros2_stereo/install/stereo_combined/share/stereo_combined//calibration/calibrationdata_test2/right-0001.png
-- Symlinking: /home/corelab/GitHub/CatchingBlimp/Summer2023/ros2_stereo/install/stereo_combined/share/stereo_combined//calibration/calibrationdata_test2/right-0002.png
-- Symlinking: /home/corelab/GitHub/CatchingBlimp/Summer2023/ros2_stereo/install/stereo_combined/share/stereo_combined//calibration/calibrationdata_test2/right-0003.png
-- Symlinking: /home/corelab/GitHub/CatchingBlimp/Summer2023/ros2_stereo/install/stereo_combined/share/stereo_combined//calibration/calibrationdata_test2/right-0004.png
-- Symlinking: /home/corelab/GitHub/CatchingBlimp/Summer2023/ros2_stereo/install/stereo_combined/share/stereo_combined//calibration/calibrationdata_test2/right-0005.png
-- Symlinking: /home/corelab/GitHub/CatchingBlimp/Summer2023/ros2_stereo/install/stereo_combined/share/stereo_combined//calibration/calibrationdata_test2/right-0006.png
-- Symlinking: /home/corelab/GitHub/CatchingBlimp/Summer2023/ros2_stereo/install/stereo_combined/share/stereo_combined//calibration/calibrationdata_test2/right-0007.png
-- Symlinking: /home/corelab/GitHub/CatchingBlimp/Summer2023/ros2_stereo/install/stereo_combined/share/stereo_combined//calibration/calibrationdata_test2/right-0008.png
-- Symlinking: /home/corelab/GitHub/CatchingBlimp/Summer2023/ros2_stereo/install/stereo_combined/share/stereo_combined//calibration/calibrationdata_test2/right-0009.png
-- Symlinking: /home/corelab/GitHub/CatchingBlimp/Summer2023/ros2_stereo/install/stereo_combined/share/stereo_combined//calibration/calibrationdata_test2/right-0010.png
-- Symlinking: /home/corelab/GitHub/CatchingBlimp/Summer2023/ros2_stereo/install/stereo_combined/share/stereo_combined//calibration/calibrationdata_test2/right-0011.png
-- Symlinking: /home/corelab/GitHub/CatchingBlimp/Summer2023/ros2_stereo/install/stereo_combined/share/stereo_combined//calibration/calibrationdata_test2/right-0012.png
-- Symlinking: /home/corelab/GitHub/CatchingBlimp/Summer2023/ros2_stereo/install/stereo_combined/share/stereo_combined//calibration/calibrationdata_test2/right-0013.png
-- Symlinking: /home/corelab/GitHub/CatchingBlimp/Summer2023/ros2_stereo/install/stereo_combined/share/stereo_combined//calibration/calibrationdata_test2/right-0014.png
-- Symlinking: /home/corelab/GitHub/CatchingBlimp/Summer2023/ros2_stereo/install/stereo_combined/share/stereo_combined//calibration/calibrationdata_test2/right-0015.png
-- Symlinking: /home/corelab/GitHub/CatchingBlimp/Summer2023/ros2_stereo/install/stereo_combined/share/stereo_combined//calibration/calibrationdata_test2/right-0016.png
-- Symlinking: /home/corelab/GitHub/CatchingBlimp/Summer2023/ros2_stereo/install/stereo_combined/share/stereo_combined//calibration/calibrationdata_test2/right-0017.png
-- Symlinking: /home/corelab/GitHub/CatchingBlimp/Summer2023/ros2_stereo/install/stereo_combined/share/stereo_combined//calibration/calibrationdata_test2/right-0018.png
-- Symlinking: /home/corelab/GitHub/CatchingBlimp/Summer2023/ros2_stereo/install/stereo_combined/share/stereo_combined//calibration/calibrationdata_test2/right-0019.png
-- Symlinking: /home/corelab/GitHub/CatchingBlimp/Summer2023/ros2_stereo/install/stereo_combined/share/stereo_combined//calibration/calibrationdata_test2/right-0020.png
-- Symlinking: /home/corelab/GitHub/CatchingBlimp/Summer2023/ros2_stereo/install/stereo_combined/share/stereo_combined//calibration/calibrationdata_test2/right-0021.png
-- Symlinking: /home/corelab/GitHub/CatchingBlimp/Summer2023/ros2_stereo/install/stereo_combined/share/stereo_combined//calibration/calibrationdata_test2/right-0022.png
-- Symlinking: /home/corelab/GitHub/CatchingBlimp/Summer2023/ros2_stereo/install/stereo_combined/share/stereo_combined//calibration/calibrationdata_test2/right-0023.png
-- Symlinking: /home/corelab/GitHub/CatchingBlimp/Summer2023/ros2_stereo/install/stereo_combined/share/stereo_combined//calibration/calibrationdata_test2/right-0024.png
-- Symlinking: /home/corelab/GitHub/CatchingBlimp/Summer2023/ros2_stereo/install/stereo_combined/share/stereo_combined//calibration/calibrationdata_test2/right-0025.png
-- Symlinking: /home/corelab/GitHub/CatchingBlimp/Summer2023/ros2_stereo/install/stereo_combined/share/stereo_combined//calibration/calibrationdata_test2/right-0026.png
-- Symlinking: /home/corelab/GitHub/CatchingBlimp/Summer2023/ros2_stereo/install/stereo_combined/share/stereo_combined//calibration/calibrationdata_test2/right-0027.png
-- Symlinking: /home/corelab/GitHub/CatchingBlimp/Summer2023/ros2_stereo/install/stereo_combined/share/stereo_combined//calibration/calibrationdata_test2/right-0028.png
-- Symlinking: /home/corelab/GitHub/CatchingBlimp/Summer2023/ros2_stereo/install/stereo_combined/share/stereo_combined//calibration/calibrationdata_test2/right-0029.png
-- Symlinking: /home/corelab/GitHub/CatchingBlimp/Summer2023/ros2_stereo/install/stereo_combined/share/stereo_combined//calibration/calibrationdata_test2/right-0030.png
-- Symlinking: /home/corelab/GitHub/CatchingBlimp/Summer2023/ros2_stereo/install/stereo_combined/share/stereo_combined//calibration/calibrationdata_test2/right-0031.png
-- Symlinking: /home/corelab/GitHub/CatchingBlimp/Summer2023/ros2_stereo/install/stereo_combined/share/stereo_combined//calibration/calibrationdata_test2/right-0032.png
-- Symlinking: /home/corelab/GitHub/CatchingBlimp/Summer2023/ros2_stereo/install/stereo_combined/share/stereo_combined//calibration/calibrationdata_test2/right-0033.png
-- Symlinking: /home/corelab/GitHub/CatchingBlimp/Summer2023/ros2_stereo/install/stereo_combined/share/stereo_combined//calibration/calibrationdata_test2/right-0034.png
-- Symlinking: /home/corelab/GitHub/CatchingBlimp/Summer2023/ros2_stereo/install/stereo_combined/share/stereo_combined//calibration/calibrationdata_test2/right-0035.png
-- Symlinking: /home/corelab/GitHub/CatchingBlimp/Summer2023/ros2_stereo/install/stereo_combined/share/stereo_combined//calibration/calibrationdata_test2/right-0036.png
-- Symlinking: /home/corelab/GitHub/CatchingBlimp/Summer2023/ros2_stereo/install/stereo_combined/share/stereo_combined//calibration/calibrationdata_test2/right-0037.png
-- Symlinking: /home/corelab/GitHub/CatchingBlimp/Summer2023/ros2_stereo/install/stereo_combined/share/stereo_combined//calibration/calibrationdata_test2/right-0038.png
-- Symlinking: /home/corelab/GitHub/CatchingBlimp/Summer2023/ros2_stereo/install/stereo_combined/share/stereo_combined//calibration/calibrationdata_test2/right-0039.png
-- Symlinking: /home/corelab/GitHub/CatchingBlimp/Summer2023/ros2_stereo/install/stereo_combined/share/stereo_combined//calibration/calibrationdata_test2/right-0040.png
-- Symlinking: /home/corelab/GitHub/CatchingBlimp/Summer2023/ros2_stereo/install/stereo_combined/share/stereo_combined//calibration/calibrationdata_test2/right-0041.png
-- Symlinking: /home/corelab/GitHub/CatchingBlimp/Summer2023/ros2_stereo/install/stereo_combined/share/stereo_combined//calibration/calibrationdata_test2/right-0042.png
-- Symlinking: /home/corelab/GitHub/CatchingBlimp/Summer2023/ros2_stereo/install/stereo_combined/share/stereo_combined//calibration/calibrationdata_test2/right-0043.png
-- Symlinking: /home/corelab/GitHub/CatchingBlimp/Summer2023/ros2_stereo/install/stereo_combined/share/stereo_combined//calibration/calibrationdata_test2/right-0044.png
-- Symlinking: /home/corelab/GitHub/CatchingBlimp/Summer2023/ros2_stereo/install/stereo_combined/share/stereo_combined//calibration/calibrationdata_test2/right-0045.png
-- Symlinking: /home/corelab/GitHub/CatchingBlimp/Summer2023/ros2_stereo/install/stereo_combined/share/stereo_combined//calibration/calibrationdata_test2/right-0046.png
-- Symlinking: /home/corelab/GitHub/CatchingBlimp/Summer2023/ros2_stereo/install/stereo_combined/share/stereo_combined//calibration/calibrationdata_test2/right-0047.png
-- Symlinking: /home/corelab/GitHub/CatchingBlimp/Summer2023/ros2_stereo/install/stereo_combined/share/stereo_combined//calibration/calibrationdata_test2/right-0048.png
-- Symlinking: /home/corelab/GitHub/CatchingBlimp/Summer2023/ros2_stereo/install/stereo_combined/share/stereo_combined//calibration/calibrationdata_test2/right-0049.png
-- Symlinking: /home/corelab/GitHub/CatchingBlimp/Summer2023/ros2_stereo/install/stereo_combined/share/stereo_combined//calibration/calibrationdata_test2/right-0050.png
-- Symlinking: /home/corelab/GitHub/CatchingBlimp/Summer2023/ros2_stereo/install/stereo_combined/share/stereo_combined//calibration/calibrationdata_test2/right.yaml
-- Symlinking: /home/corelab/GitHub/CatchingBlimp/Summer2023/ros2_stereo/install/stereo_combined/share/stereo_combined//calibration/elp_left.yaml
-- Symlinking: /home/corelab/GitHub/CatchingBlimp/Summer2023/ros2_stereo/install/stereo_combined/share/stereo_combined//calibration/elp_right.yaml
-- Symlinking: /home/corelab/GitHub/CatchingBlimp/Summer2023/ros2_stereo/install/stereo_combined/share/stereo_combined//calibration/temp/elp_left.yaml
-- Symlinking: /home/corelab/GitHub/CatchingBlimp/Summer2023/ros2_stereo/install/stereo_combined/share/stereo_combined//calibration/temp/elp_right.yaml
-- Up-to-date symlink: /home/corelab/GitHub/CatchingBlimp/Summer2023/ros2_stereo/install/stereo_combined/share/ament_index/resource_index/package_run_dependencies/stereo_combined
-- Up-to-date symlink: /home/corelab/GitHub/CatchingBlimp/Summer2023/ros2_stereo/install/stereo_combined/share/ament_index/resource_index/parent_prefix_path/stereo_combined
-- Up-to-date symlink: /home/corelab/GitHub/CatchingBlimp/Summer2023/ros2_stereo/install/stereo_combined/share/stereo_combined/environment/ament_prefix_path.sh
-- Up-to-date symlink: /home/corelab/GitHub/CatchingBlimp/Summer2023/ros2_stereo/install/stereo_combined/share/stereo_combined/environment/ament_prefix_path.dsv
-- Up-to-date symlink: /home/corelab/GitHub/CatchingBlimp/Summer2023/ros2_stereo/install/stereo_combined/share/stereo_combined/environment/path.sh
-- Up-to-date symlink: /home/corelab/GitHub/CatchingBlimp/Summer2023/ros2_stereo/install/stereo_combined/share/stereo_combined/environment/path.dsv
-- Up-to-date symlink: /home/corelab/GitHub/CatchingBlimp/Summer2023/ros2_stereo/install/stereo_combined/share/stereo_combined/local_setup.bash
-- Up-to-date symlink: /home/corelab/GitHub/CatchingBlimp/Summer2023/ros2_stereo/install/stereo_combined/share/stereo_combined/local_setup.sh
-- Up-to-date symlink: /home/corelab/GitHub/CatchingBlimp/Summer2023/ros2_stereo/install/stereo_combined/share/stereo_combined/local_setup.zsh
-- Up-to-date symlink: /home/corelab/GitHub/CatchingBlimp/Summer2023/ros2_stereo/install/stereo_combined/share/stereo_combined/local_setup.dsv
-- Symlinking: /home/corelab/GitHub/CatchingBlimp/Summer2023/ros2_stereo/install/stereo_combined/share/stereo_combined/package.dsv
-- Up-to-date symlink: /home/corelab/GitHub/CatchingBlimp/Summer2023/ros2_stereo/install/stereo_combined/share/ament_index/resource_index/packages/stereo_combined
-- Up-to-date symlink: /home/corelab/GitHub/CatchingBlimp/Summer2023/ros2_stereo/install/stereo_combined/share/stereo_combined/cmake/stereo_combinedConfig.cmake
-- Up-to-date symlink: /home/corelab/GitHub/CatchingBlimp/Summer2023/ros2_stereo/install/stereo_combined/share/stereo_combined/cmake/stereo_combinedConfig-version.cmake
-- Up-to-date symlink: /home/corelab/GitHub/CatchingBlimp/Summer2023/ros2_stereo/install/stereo_combined/share/stereo_combined/package.xml
