[2.003s] DEBUG:colcon:Command line arguments: ['/usr/bin/colcon', 'build', '--symlink-install']
[2.003s] DEBUG:colcon:Parsed command line arguments: Namespace(allow_overriding=[], ament_cmake_args=None, base_paths=['.'], build_base='build', catkin_cmake_args=None, catkin_skip_building_tests=False, cmake_args=None, cmake_clean_cache=False, cmake_clean_first=False, cmake_force_configure=False, cmake_target=None, cmake_target_skip_unavailable=False, continue_on_error=False, event_handlers=None, executor='parallel', ignore_user_meta=False, install_base='install', log_base=None, log_level=None, main=<bound method BuildVerb.main of <colcon_core.verb.build.BuildVerb object at 0x7f62b7b061c0>>, merge_install=False, metas=['./colcon.meta'], packages_above=None, packages_above_and_dependencies=None, packages_above_depth=None, packages_end=None, packages_ignore=None, packages_ignore_regex=None, packages_select=None, packages_select_build_failed=False, packages_select_by_dep=None, packages_select_regex=None, packages_select_test_failures=False, packages_skip=None, packages_skip_build_finished=False, packages_skip_by_dep=None, packages_skip_regex=None, packages_skip_test_passed=False, packages_skip_up_to=None, packages_start=None, packages_up_to=None, packages_up_to_regex=None, parallel_workers=8, paths=None, symlink_install=True, test_result_base=None, verb_extension=<colcon_core.verb.build.BuildVerb object at 0x7f62b7b061c0>, verb_name='build', verb_parser=<colcon_defaults.argument_parser.defaults.DefaultArgumentsDecorator object at 0x7f62b7b06670>)
[2.085s] Level 1:colcon.colcon_core.package_discovery:discover_packages(colcon_meta) check parameters
[2.085s] Level 1:colcon.colcon_core.package_discovery:discover_packages(recursive) check parameters
[2.085s] Level 1:colcon.colcon_core.package_discovery:discover_packages(ignore) check parameters
[2.085s] Level 1:colcon.colcon_core.package_discovery:discover_packages(path) check parameters
[2.085s] Level 1:colcon.colcon_core.package_discovery:discover_packages(colcon_meta) discover
[2.086s] Level 1:colcon.colcon_core.package_discovery:discover_packages(recursive) discover
[2.086s] INFO:colcon.colcon_core.package_discovery:Crawling recursively for packages in '/home/corelab/CatchingBlimp/Summer2023/ros2_stereo'
[2.086s] Level 1:colcon.colcon_core.package_identification:_identify(.) by extensions ['ignore', 'ignore_ament_install']
[2.086s] Level 1:colcon.colcon_core.package_identification:_identify(.) by extension 'ignore'
[2.086s] Level 1:colcon.colcon_core.package_identification:_identify(.) by extension 'ignore_ament_install'
[2.086s] Level 1:colcon.colcon_core.package_identification:_identify(.) by extensions ['colcon_pkg']
[2.086s] Level 1:colcon.colcon_core.package_identification:_identify(.) by extension 'colcon_pkg'
[2.086s] Level 1:colcon.colcon_core.package_identification:_identify(.) by extensions ['colcon_meta']
[2.086s] Level 1:colcon.colcon_core.package_identification:_identify(.) by extension 'colcon_meta'
[2.086s] Level 1:colcon.colcon_core.package_identification:_identify(.) by extensions ['ros']
[2.086s] Level 1:colcon.colcon_core.package_identification:_identify(.) by extension 'ros'
[2.094s] Level 1:colcon.colcon_core.package_identification:_identify(.) by extensions ['cmake', 'python']
[2.094s] Level 1:colcon.colcon_core.package_identification:_identify(.) by extension 'cmake'
[2.094s] Level 1:colcon.colcon_core.package_identification:_identify(.) by extension 'python'
[2.094s] Level 1:colcon.colcon_core.package_identification:_identify(.) by extensions ['python_setup_py']
[2.094s] Level 1:colcon.colcon_core.package_identification:_identify(.) by extension 'python_setup_py'
[2.094s] Level 1:colcon.colcon_core.package_identification:_identify(build) by extensions ['ignore', 'ignore_ament_install']
[2.094s] Level 1:colcon.colcon_core.package_identification:_identify(build) by extension 'ignore'
[2.094s] Level 1:colcon.colcon_core.package_identification:_identify(build) ignored
[2.094s] Level 1:colcon.colcon_core.package_identification:_identify(install) by extensions ['ignore', 'ignore_ament_install']
[2.094s] Level 1:colcon.colcon_core.package_identification:_identify(install) by extension 'ignore'
[2.094s] Level 1:colcon.colcon_core.package_identification:_identify(install) ignored
[2.094s] Level 1:colcon.colcon_core.package_identification:_identify(log) by extensions ['ignore', 'ignore_ament_install']
[2.094s] Level 1:colcon.colcon_core.package_identification:_identify(log) by extension 'ignore'
[2.094s] Level 1:colcon.colcon_core.package_identification:_identify(log) ignored
[2.094s] Level 1:colcon.colcon_core.package_identification:_identify(src) by extensions ['ignore', 'ignore_ament_install']
[2.094s] Level 1:colcon.colcon_core.package_identification:_identify(src) by extension 'ignore'
[2.095s] Level 1:colcon.colcon_core.package_identification:_identify(src) by extension 'ignore_ament_install'
[2.095s] Level 1:colcon.colcon_core.package_identification:_identify(src) by extensions ['colcon_pkg']
[2.095s] Level 1:colcon.colcon_core.package_identification:_identify(src) by extension 'colcon_pkg'
[2.095s] Level 1:colcon.colcon_core.package_identification:_identify(src) by extensions ['colcon_meta']
[2.095s] Level 1:colcon.colcon_core.package_identification:_identify(src) by extension 'colcon_meta'
[2.095s] Level 1:colcon.colcon_core.package_identification:_identify(src) by extensions ['ros']
[2.095s] Level 1:colcon.colcon_core.package_identification:_identify(src) by extension 'ros'
[2.095s] Level 1:colcon.colcon_core.package_identification:_identify(src) by extensions ['cmake', 'python']
[2.095s] Level 1:colcon.colcon_core.package_identification:_identify(src) by extension 'cmake'
[2.095s] Level 1:colcon.colcon_core.package_identification:_identify(src) by extension 'python'
[2.095s] Level 1:colcon.colcon_core.package_identification:_identify(src) by extensions ['python_setup_py']
[2.095s] Level 1:colcon.colcon_core.package_identification:_identify(src) by extension 'python_setup_py'
[2.095s] Level 1:colcon.colcon_core.package_identification:_identify(src/gscam2) by extensions ['ignore', 'ignore_ament_install']
[2.095s] Level 1:colcon.colcon_core.package_identification:_identify(src/gscam2) by extension 'ignore'
[2.095s] Level 1:colcon.colcon_core.package_identification:_identify(src/gscam2) by extension 'ignore_ament_install'
[2.095s] Level 1:colcon.colcon_core.package_identification:_identify(src/gscam2) by extensions ['colcon_pkg']
[2.095s] Level 1:colcon.colcon_core.package_identification:_identify(src/gscam2) by extension 'colcon_pkg'
[2.095s] Level 1:colcon.colcon_core.package_identification:_identify(src/gscam2) by extensions ['colcon_meta']
[2.095s] Level 1:colcon.colcon_core.package_identification:_identify(src/gscam2) by extension 'colcon_meta'
[2.095s] Level 1:colcon.colcon_core.package_identification:_identify(src/gscam2) by extensions ['ros']
[2.095s] Level 1:colcon.colcon_core.package_identification:_identify(src/gscam2) by extension 'ros'
[2.095s] Level 1:colcon.colcon_core.package_identification:_identify(src/gscam2) by extensions ['cmake', 'python']
[2.095s] Level 1:colcon.colcon_core.package_identification:_identify(src/gscam2) by extension 'cmake'
[2.095s] Level 1:colcon.colcon_core.package_identification:_identify(src/gscam2) by extension 'python'
[2.095s] Level 1:colcon.colcon_core.package_identification:_identify(src/gscam2) by extensions ['python_setup_py']
[2.095s] Level 1:colcon.colcon_core.package_identification:_identify(src/gscam2) by extension 'python_setup_py'
[2.095s] Level 1:colcon.colcon_core.package_identification:_identify(src/image_proc) by extensions ['ignore', 'ignore_ament_install']
[2.096s] Level 1:colcon.colcon_core.package_identification:_identify(src/image_proc) by extension 'ignore'
[2.096s] Level 1:colcon.colcon_core.package_identification:_identify(src/image_proc) by extension 'ignore_ament_install'
[2.096s] Level 1:colcon.colcon_core.package_identification:_identify(src/image_proc) by extensions ['colcon_pkg']
[2.096s] Level 1:colcon.colcon_core.package_identification:_identify(src/image_proc) by extension 'colcon_pkg'
[2.096s] Level 1:colcon.colcon_core.package_identification:_identify(src/image_proc) by extensions ['colcon_meta']
[2.096s] Level 1:colcon.colcon_core.package_identification:_identify(src/image_proc) by extension 'colcon_meta'
[2.096s] Level 1:colcon.colcon_core.package_identification:_identify(src/image_proc) by extensions ['ros']
[2.096s] Level 1:colcon.colcon_core.package_identification:_identify(src/image_proc) by extension 'ros'
[2.098s] DEBUG:colcon.colcon_core.package_identification:Package 'src/image_proc' with type 'ros.ament_cmake' and name 'image_proc'
[2.098s] Level 1:colcon.colcon_core.package_identification:_identify(src/image_view) by extensions ['ignore', 'ignore_ament_install']
[2.098s] Level 1:colcon.colcon_core.package_identification:_identify(src/image_view) by extension 'ignore'
[2.098s] Level 1:colcon.colcon_core.package_identification:_identify(src/image_view) by extension 'ignore_ament_install'
[2.098s] Level 1:colcon.colcon_core.package_identification:_identify(src/image_view) by extensions ['colcon_pkg']
[2.098s] Level 1:colcon.colcon_core.package_identification:_identify(src/image_view) by extension 'colcon_pkg'
[2.098s] Level 1:colcon.colcon_core.package_identification:_identify(src/image_view) by extensions ['colcon_meta']
[2.098s] Level 1:colcon.colcon_core.package_identification:_identify(src/image_view) by extension 'colcon_meta'
[2.098s] Level 1:colcon.colcon_core.package_identification:_identify(src/image_view) by extensions ['ros']
[2.098s] Level 1:colcon.colcon_core.package_identification:_identify(src/image_view) by extension 'ros'
[2.099s] DEBUG:colcon.colcon_core.package_identification:Package 'src/image_view' with type 'ros.ament_cmake' and name 'image_view'
[2.100s] Level 1:colcon.colcon_core.package_identification:_identify(src/opencv_telemetry) by extensions ['ignore', 'ignore_ament_install']
[2.100s] Level 1:colcon.colcon_core.package_identification:_identify(src/opencv_telemetry) by extension 'ignore'
[2.100s] Level 1:colcon.colcon_core.package_identification:_identify(src/opencv_telemetry) by extension 'ignore_ament_install'
[2.100s] Level 1:colcon.colcon_core.package_identification:_identify(src/opencv_telemetry) by extensions ['colcon_pkg']
[2.100s] Level 1:colcon.colcon_core.package_identification:_identify(src/opencv_telemetry) by extension 'colcon_pkg'
[2.100s] Level 1:colcon.colcon_core.package_identification:_identify(src/opencv_telemetry) by extensions ['colcon_meta']
[2.100s] Level 1:colcon.colcon_core.package_identification:_identify(src/opencv_telemetry) by extension 'colcon_meta'
[2.100s] Level 1:colcon.colcon_core.package_identification:_identify(src/opencv_telemetry) by extensions ['ros']
[2.100s] Level 1:colcon.colcon_core.package_identification:_identify(src/opencv_telemetry) by extension 'ros'
[2.100s] DEBUG:colcon.colcon_core.package_identification:Package 'src/opencv_telemetry' with type 'ros.ament_cmake' and name 'opencv_telemetry'
[2.100s] Level 1:colcon.colcon_core.package_identification:_identify(src/ros2_shared) by extensions ['ignore', 'ignore_ament_install']
[2.100s] Level 1:colcon.colcon_core.package_identification:_identify(src/ros2_shared) by extension 'ignore'
[2.100s] Level 1:colcon.colcon_core.package_identification:_identify(src/ros2_shared) by extension 'ignore_ament_install'
[2.100s] Level 1:colcon.colcon_core.package_identification:_identify(src/ros2_shared) by extensions ['colcon_pkg']
[2.100s] Level 1:colcon.colcon_core.package_identification:_identify(src/ros2_shared) by extension 'colcon_pkg'
[2.101s] Level 1:colcon.colcon_core.package_identification:_identify(src/ros2_shared) by extensions ['colcon_meta']
[2.101s] Level 1:colcon.colcon_core.package_identification:_identify(src/ros2_shared) by extension 'colcon_meta'
[2.101s] Level 1:colcon.colcon_core.package_identification:_identify(src/ros2_shared) by extensions ['ros']
[2.101s] Level 1:colcon.colcon_core.package_identification:_identify(src/ros2_shared) by extension 'ros'
[2.101s] Level 1:colcon.colcon_core.package_identification:_identify(src/ros2_shared) by extensions ['cmake', 'python']
[2.101s] Level 1:colcon.colcon_core.package_identification:_identify(src/ros2_shared) by extension 'cmake'
[2.101s] Level 1:colcon.colcon_core.package_identification:_identify(src/ros2_shared) by extension 'python'
[2.101s] Level 1:colcon.colcon_core.package_identification:_identify(src/ros2_shared) by extensions ['python_setup_py']
[2.101s] Level 1:colcon.colcon_core.package_identification:_identify(src/ros2_shared) by extension 'python_setup_py'
[2.101s] Level 1:colcon.colcon_core.package_identification:_identify(src/stereo_combined) by extensions ['ignore', 'ignore_ament_install']
[2.101s] Level 1:colcon.colcon_core.package_identification:_identify(src/stereo_combined) by extension 'ignore'
[2.101s] Level 1:colcon.colcon_core.package_identification:_identify(src/stereo_combined) by extension 'ignore_ament_install'
[2.101s] Level 1:colcon.colcon_core.package_identification:_identify(src/stereo_combined) by extensions ['colcon_pkg']
[2.101s] Level 1:colcon.colcon_core.package_identification:_identify(src/stereo_combined) by extension 'colcon_pkg'
[2.101s] Level 1:colcon.colcon_core.package_identification:_identify(src/stereo_combined) by extensions ['colcon_meta']
[2.101s] Level 1:colcon.colcon_core.package_identification:_identify(src/stereo_combined) by extension 'colcon_meta'
[2.101s] Level 1:colcon.colcon_core.package_identification:_identify(src/stereo_combined) by extensions ['ros']
[2.101s] Level 1:colcon.colcon_core.package_identification:_identify(src/stereo_combined) by extension 'ros'
[2.102s] DEBUG:colcon.colcon_core.package_identification:Package 'src/stereo_combined' with type 'ros.ament_cmake' and name 'stereo_combined'
[2.102s] Level 1:colcon.colcon_core.package_identification:_identify(src/stereo_image_proc) by extensions ['ignore', 'ignore_ament_install']
[2.102s] Level 1:colcon.colcon_core.package_identification:_identify(src/stereo_image_proc) by extension 'ignore'
[2.102s] Level 1:colcon.colcon_core.package_identification:_identify(src/stereo_image_proc) by extension 'ignore_ament_install'
[2.102s] Level 1:colcon.colcon_core.package_identification:_identify(src/stereo_image_proc) by extensions ['colcon_pkg']
[2.102s] Level 1:colcon.colcon_core.package_identification:_identify(src/stereo_image_proc) by extension 'colcon_pkg'
[2.102s] Level 1:colcon.colcon_core.package_identification:_identify(src/stereo_image_proc) by extensions ['colcon_meta']
[2.102s] Level 1:colcon.colcon_core.package_identification:_identify(src/stereo_image_proc) by extension 'colcon_meta'
[2.102s] Level 1:colcon.colcon_core.package_identification:_identify(src/stereo_image_proc) by extensions ['ros']
[2.102s] Level 1:colcon.colcon_core.package_identification:_identify(src/stereo_image_proc) by extension 'ros'
[2.104s] DEBUG:colcon.colcon_core.package_identification:Package 'src/stereo_image_proc' with type 'ros.ament_cmake' and name 'stereo_image_proc'
[2.104s] Level 1:colcon.colcon_core.package_identification:_identify(src/yolo_msgs) by extensions ['ignore', 'ignore_ament_install']
[2.104s] Level 1:colcon.colcon_core.package_identification:_identify(src/yolo_msgs) by extension 'ignore'
[2.104s] Level 1:colcon.colcon_core.package_identification:_identify(src/yolo_msgs) by extension 'ignore_ament_install'
[2.104s] Level 1:colcon.colcon_core.package_identification:_identify(src/yolo_msgs) by extensions ['colcon_pkg']
[2.104s] Level 1:colcon.colcon_core.package_identification:_identify(src/yolo_msgs) by extension 'colcon_pkg'
[2.104s] Level 1:colcon.colcon_core.package_identification:_identify(src/yolo_msgs) by extensions ['colcon_meta']
[2.104s] Level 1:colcon.colcon_core.package_identification:_identify(src/yolo_msgs) by extension 'colcon_meta'
[2.104s] Level 1:colcon.colcon_core.package_identification:_identify(src/yolo_msgs) by extensions ['ros']
[2.104s] Level 1:colcon.colcon_core.package_identification:_identify(src/yolo_msgs) by extension 'ros'
[2.104s] DEBUG:colcon.colcon_core.package_identification:Package 'src/yolo_msgs' with type 'ros.ament_cmake' and name 'yolo_msgs'
[2.104s] Level 1:colcon.colcon_core.package_discovery:discover_packages(recursive) using defaults
[2.104s] Level 1:colcon.colcon_core.package_discovery:discover_packages(ignore) discover
[2.104s] Level 1:colcon.colcon_core.package_discovery:discover_packages(ignore) using defaults
[2.104s] Level 1:colcon.colcon_core.package_discovery:discover_packages(path) discover
[2.104s] Level 1:colcon.colcon_core.package_discovery:discover_packages(path) using defaults
[2.289s] Level 1:colcon.colcon_core.package_discovery:discover_packages(prefix_path) check parameters
[2.289s] Level 1:colcon.colcon_core.package_discovery:discover_packages(prefix_path) discover
[2.363s] DEBUG:colcon.colcon_installed_package_information.package_discovery:Found 266 installed packages in /opt/ros/foxy
[2.364s] Level 1:colcon.colcon_core.package_discovery:discover_packages(prefix_path) using defaults
[2.489s] Level 5:colcon.colcon_core.verb:set package 'image_proc' build argument 'cmake_args' from command line to 'None'
[2.489s] Level 5:colcon.colcon_core.verb:set package 'image_proc' build argument 'cmake_target' from command line to 'None'
[2.489s] Level 5:colcon.colcon_core.verb:set package 'image_proc' build argument 'cmake_target_skip_unavailable' from command line to 'False'
[2.489s] Level 5:colcon.colcon_core.verb:set package 'image_proc' build argument 'cmake_clean_cache' from command line to 'False'
[2.489s] Level 5:colcon.colcon_core.verb:set package 'image_proc' build argument 'cmake_clean_first' from command line to 'False'
[2.489s] Level 5:colcon.colcon_core.verb:set package 'image_proc' build argument 'cmake_force_configure' from command line to 'False'
[2.489s] Level 5:colcon.colcon_core.verb:set package 'image_proc' build argument 'ament_cmake_args' from command line to 'None'
[2.489s] Level 5:colcon.colcon_core.verb:set package 'image_proc' build argument 'catkin_cmake_args' from command line to 'None'
[2.489s] Level 5:colcon.colcon_core.verb:set package 'image_proc' build argument 'catkin_skip_building_tests' from command line to 'False'
[2.489s] DEBUG:colcon.colcon_core.verb:Building package 'image_proc' with the following arguments: {'ament_cmake_args': None, 'build_base': '/home/corelab/CatchingBlimp/Summer2023/ros2_stereo/build/image_proc', 'catkin_cmake_args': None, 'catkin_skip_building_tests': False, 'cmake_args': None, 'cmake_clean_cache': False, 'cmake_clean_first': False, 'cmake_force_configure': False, 'cmake_target': None, 'cmake_target_skip_unavailable': False, 'install_base': '/home/corelab/CatchingBlimp/Summer2023/ros2_stereo/install/image_proc', 'merge_install': False, 'path': '/home/corelab/CatchingBlimp/Summer2023/ros2_stereo/src/image_proc', 'symlink_install': True, 'test_result_base': None}
[2.523s] Level 5:colcon.colcon_core.verb:set package 'image_view' build argument 'cmake_args' from command line to 'None'
[2.523s] Level 5:colcon.colcon_core.verb:set package 'image_view' build argument 'cmake_target' from command line to 'None'
[2.523s] Level 5:colcon.colcon_core.verb:set package 'image_view' build argument 'cmake_target_skip_unavailable' from command line to 'False'
[2.523s] Level 5:colcon.colcon_core.verb:set package 'image_view' build argument 'cmake_clean_cache' from command line to 'False'
[2.523s] Level 5:colcon.colcon_core.verb:set package 'image_view' build argument 'cmake_clean_first' from command line to 'False'
[2.524s] Level 5:colcon.colcon_core.verb:set package 'image_view' build argument 'cmake_force_configure' from command line to 'False'
[2.524s] Level 5:colcon.colcon_core.verb:set package 'image_view' build argument 'ament_cmake_args' from command line to 'None'
[2.524s] Level 5:colcon.colcon_core.verb:set package 'image_view' build argument 'catkin_cmake_args' from command line to 'None'
[2.524s] Level 5:colcon.colcon_core.verb:set package 'image_view' build argument 'catkin_skip_building_tests' from command line to 'False'
[2.524s] DEBUG:colcon.colcon_core.verb:Building package 'image_view' with the following arguments: {'ament_cmake_args': None, 'build_base': '/home/corelab/CatchingBlimp/Summer2023/ros2_stereo/build/image_view', 'catkin_cmake_args': None, 'catkin_skip_building_tests': False, 'cmake_args': None, 'cmake_clean_cache': False, 'cmake_clean_first': False, 'cmake_force_configure': False, 'cmake_target': None, 'cmake_target_skip_unavailable': False, 'install_base': '/home/corelab/CatchingBlimp/Summer2023/ros2_stereo/install/image_view', 'merge_install': False, 'path': '/home/corelab/CatchingBlimp/Summer2023/ros2_stereo/src/image_view', 'symlink_install': True, 'test_result_base': None}
[2.558s] Level 5:colcon.colcon_core.verb:set package 'opencv_telemetry' build argument 'cmake_args' from command line to 'None'
[2.558s] Level 5:colcon.colcon_core.verb:set package 'opencv_telemetry' build argument 'cmake_target' from command line to 'None'
[2.558s] Level 5:colcon.colcon_core.verb:set package 'opencv_telemetry' build argument 'cmake_target_skip_unavailable' from command line to 'False'
[2.558s] Level 5:colcon.colcon_core.verb:set package 'opencv_telemetry' build argument 'cmake_clean_cache' from command line to 'False'
[2.558s] Level 5:colcon.colcon_core.verb:set package 'opencv_telemetry' build argument 'cmake_clean_first' from command line to 'False'
[2.558s] Level 5:colcon.colcon_core.verb:set package 'opencv_telemetry' build argument 'cmake_force_configure' from command line to 'False'
[2.558s] Level 5:colcon.colcon_core.verb:set package 'opencv_telemetry' build argument 'ament_cmake_args' from command line to 'None'
[2.558s] Level 5:colcon.colcon_core.verb:set package 'opencv_telemetry' build argument 'catkin_cmake_args' from command line to 'None'
[2.558s] Level 5:colcon.colcon_core.verb:set package 'opencv_telemetry' build argument 'catkin_skip_building_tests' from command line to 'False'
[2.558s] DEBUG:colcon.colcon_core.verb:Building package 'opencv_telemetry' with the following arguments: {'ament_cmake_args': None, 'build_base': '/home/corelab/CatchingBlimp/Summer2023/ros2_stereo/build/opencv_telemetry', 'catkin_cmake_args': None, 'catkin_skip_building_tests': False, 'cmake_args': None, 'cmake_clean_cache': False, 'cmake_clean_first': False, 'cmake_force_configure': False, 'cmake_target': None, 'cmake_target_skip_unavailable': False, 'install_base': '/home/corelab/CatchingBlimp/Summer2023/ros2_stereo/install/opencv_telemetry', 'merge_install': False, 'path': '/home/corelab/CatchingBlimp/Summer2023/ros2_stereo/src/opencv_telemetry', 'symlink_install': True, 'test_result_base': None}
[2.592s] Level 5:colcon.colcon_core.verb:set package 'yolo_msgs' build argument 'cmake_args' from command line to 'None'
[2.592s] Level 5:colcon.colcon_core.verb:set package 'yolo_msgs' build argument 'cmake_target' from command line to 'None'
[2.592s] Level 5:colcon.colcon_core.verb:set package 'yolo_msgs' build argument 'cmake_target_skip_unavailable' from command line to 'False'
[2.592s] Level 5:colcon.colcon_core.verb:set package 'yolo_msgs' build argument 'cmake_clean_cache' from command line to 'False'
[2.592s] Level 5:colcon.colcon_core.verb:set package 'yolo_msgs' build argument 'cmake_clean_first' from command line to 'False'
[2.592s] Level 5:colcon.colcon_core.verb:set package 'yolo_msgs' build argument 'cmake_force_configure' from command line to 'False'
[2.592s] Level 5:colcon.colcon_core.verb:set package 'yolo_msgs' build argument 'ament_cmake_args' from command line to 'None'
[2.592s] Level 5:colcon.colcon_core.verb:set package 'yolo_msgs' build argument 'catkin_cmake_args' from command line to 'None'
[2.592s] Level 5:colcon.colcon_core.verb:set package 'yolo_msgs' build argument 'catkin_skip_building_tests' from command line to 'False'
[2.592s] DEBUG:colcon.colcon_core.verb:Building package 'yolo_msgs' with the following arguments: {'ament_cmake_args': None, 'build_base': '/home/corelab/CatchingBlimp/Summer2023/ros2_stereo/build/yolo_msgs', 'catkin_cmake_args': None, 'catkin_skip_building_tests': False, 'cmake_args': None, 'cmake_clean_cache': False, 'cmake_clean_first': False, 'cmake_force_configure': False, 'cmake_target': None, 'cmake_target_skip_unavailable': False, 'install_base': '/home/corelab/CatchingBlimp/Summer2023/ros2_stereo/install/yolo_msgs', 'merge_install': False, 'path': '/home/corelab/CatchingBlimp/Summer2023/ros2_stereo/src/yolo_msgs', 'symlink_install': True, 'test_result_base': None}
[2.627s] Level 5:colcon.colcon_core.verb:set package 'stereo_combined' build argument 'cmake_args' from command line to 'None'
[2.627s] Level 5:colcon.colcon_core.verb:set package 'stereo_combined' build argument 'cmake_target' from command line to 'None'
[2.627s] Level 5:colcon.colcon_core.verb:set package 'stereo_combined' build argument 'cmake_target_skip_unavailable' from command line to 'False'
[2.627s] Level 5:colcon.colcon_core.verb:set package 'stereo_combined' build argument 'cmake_clean_cache' from command line to 'False'
[2.627s] Level 5:colcon.colcon_core.verb:set package 'stereo_combined' build argument 'cmake_clean_first' from command line to 'False'
[2.627s] Level 5:colcon.colcon_core.verb:set package 'stereo_combined' build argument 'cmake_force_configure' from command line to 'False'
[2.627s] Level 5:colcon.colcon_core.verb:set package 'stereo_combined' build argument 'ament_cmake_args' from command line to 'None'
[2.627s] Level 5:colcon.colcon_core.verb:set package 'stereo_combined' build argument 'catkin_cmake_args' from command line to 'None'
[2.627s] Level 5:colcon.colcon_core.verb:set package 'stereo_combined' build argument 'catkin_skip_building_tests' from command line to 'False'
[2.627s] DEBUG:colcon.colcon_core.verb:Building package 'stereo_combined' with the following arguments: {'ament_cmake_args': None, 'build_base': '/home/corelab/CatchingBlimp/Summer2023/ros2_stereo/build/stereo_combined', 'catkin_cmake_args': None, 'catkin_skip_building_tests': False, 'cmake_args': None, 'cmake_clean_cache': False, 'cmake_clean_first': False, 'cmake_force_configure': False, 'cmake_target': None, 'cmake_target_skip_unavailable': False, 'install_base': '/home/corelab/CatchingBlimp/Summer2023/ros2_stereo/install/stereo_combined', 'merge_install': False, 'path': '/home/corelab/CatchingBlimp/Summer2023/ros2_stereo/src/stereo_combined', 'symlink_install': True, 'test_result_base': None}
[2.662s] Level 5:colcon.colcon_core.verb:set package 'stereo_image_proc' build argument 'cmake_args' from command line to 'None'
[2.662s] Level 5:colcon.colcon_core.verb:set package 'stereo_image_proc' build argument 'cmake_target' from command line to 'None'
[2.662s] Level 5:colcon.colcon_core.verb:set package 'stereo_image_proc' build argument 'cmake_target_skip_unavailable' from command line to 'False'
[2.662s] Level 5:colcon.colcon_core.verb:set package 'stereo_image_proc' build argument 'cmake_clean_cache' from command line to 'False'
[2.662s] Level 5:colcon.colcon_core.verb:set package 'stereo_image_proc' build argument 'cmake_clean_first' from command line to 'False'
[2.662s] Level 5:colcon.colcon_core.verb:set package 'stereo_image_proc' build argument 'cmake_force_configure' from command line to 'False'
[2.662s] Level 5:colcon.colcon_core.verb:set package 'stereo_image_proc' build argument 'ament_cmake_args' from command line to 'None'
[2.662s] Level 5:colcon.colcon_core.verb:set package 'stereo_image_proc' build argument 'catkin_cmake_args' from command line to 'None'
[2.662s] Level 5:colcon.colcon_core.verb:set package 'stereo_image_proc' build argument 'catkin_skip_building_tests' from command line to 'False'
[2.662s] DEBUG:colcon.colcon_core.verb:Building package 'stereo_image_proc' with the following arguments: {'ament_cmake_args': None, 'build_base': '/home/corelab/CatchingBlimp/Summer2023/ros2_stereo/build/stereo_image_proc', 'catkin_cmake_args': None, 'catkin_skip_building_tests': False, 'cmake_args': None, 'cmake_clean_cache': False, 'cmake_clean_first': False, 'cmake_force_configure': False, 'cmake_target': None, 'cmake_target_skip_unavailable': False, 'install_base': '/home/corelab/CatchingBlimp/Summer2023/ros2_stereo/install/stereo_image_proc', 'merge_install': False, 'path': '/home/corelab/CatchingBlimp/Summer2023/ros2_stereo/src/stereo_image_proc', 'symlink_install': True, 'test_result_base': None}
[2.697s] INFO:colcon.colcon_core.executor:Executing jobs using 'parallel' executor
[2.732s] DEBUG:colcon.colcon_parallel_executor.executor.parallel:run_until_complete
[2.732s] INFO:colcon.colcon_ros.task.ament_cmake.build:Building ROS package in '/home/corelab/CatchingBlimp/Summer2023/ros2_stereo/src/image_proc' with build type 'ament_cmake'
[2.732s] INFO:colcon.colcon_cmake.task.cmake.build:Building CMake package in '/home/corelab/CatchingBlimp/Summer2023/ros2_stereo/src/image_proc'
[2.769s] INFO:colcon.colcon_core.plugin_system:Skipping extension 'colcon_core.shell.bat': Not used on non-Windows systems
[2.770s] INFO:colcon.colcon_core.shell:Skip shell extension 'powershell' for command environment: Not usable outside of PowerShell
[2.770s] DEBUG:colcon.colcon_core.shell:Skip shell extension 'dsv' for command environment
[2.849s] INFO:colcon.colcon_ros.task.ament_cmake.build:Building ROS package in '/home/corelab/CatchingBlimp/Summer2023/ros2_stereo/src/yolo_msgs' with build type 'ament_cmake'
[2.849s] INFO:colcon.colcon_cmake.task.cmake.build:Building CMake package in '/home/corelab/CatchingBlimp/Summer2023/ros2_stereo/src/yolo_msgs'
[2.886s] INFO:colcon.colcon_core.shell:Skip shell extension 'powershell' for command environment: Not usable outside of PowerShell
[2.886s] DEBUG:colcon.colcon_core.shell:Skip shell extension 'dsv' for command environment
[2.961s] INFO:colcon.colcon_ros.task.ament_cmake.build:Building ROS package in '/home/corelab/CatchingBlimp/Summer2023/ros2_stereo/src/image_view' with build type 'ament_cmake'
[2.961s] INFO:colcon.colcon_cmake.task.cmake.build:Building CMake package in '/home/corelab/CatchingBlimp/Summer2023/ros2_stereo/src/image_view'
[2.998s] INFO:colcon.colcon_core.shell:Skip shell extension 'powershell' for command environment: Not usable outside of PowerShell
[2.998s] DEBUG:colcon.colcon_core.shell:Skip shell extension 'dsv' for command environment
[3.072s] INFO:colcon.colcon_ros.task.ament_cmake.build:Building ROS package in '/home/corelab/CatchingBlimp/Summer2023/ros2_stereo/src/opencv_telemetry' with build type 'ament_cmake'
[3.072s] INFO:colcon.colcon_cmake.task.cmake.build:Building CMake package in '/home/corelab/CatchingBlimp/Summer2023/ros2_stereo/src/opencv_telemetry'
[3.109s] INFO:colcon.colcon_core.shell:Skip shell extension 'powershell' for command environment: Not usable outside of PowerShell
[3.109s] DEBUG:colcon.colcon_core.shell:Skip shell extension 'dsv' for command environment
[3.191s] DEBUG:colcon.colcon_core.event_handler.log_command:Invoking command in '/home/corelab/CatchingBlimp/Summer2023/ros2_stereo/build/image_proc': CMAKE_PREFIX_PATH=/opt/ros/foxy /usr/bin/cmake --build /home/corelab/CatchingBlimp/Summer2023/ros2_stereo/build/image_proc -- -j8 -l8
[3.196s] DEBUG:colcon.colcon_core.event_handler.log_command:Invoking command in '/home/corelab/CatchingBlimp/Summer2023/ros2_stereo/build/yolo_msgs': CMAKE_PREFIX_PATH=/opt/ros/foxy /usr/bin/cmake --build /home/corelab/CatchingBlimp/Summer2023/ros2_stereo/build/yolo_msgs -- -j8 -l8
[3.200s] DEBUG:colcon.colcon_core.event_handler.log_command:Invoking command in '/home/corelab/CatchingBlimp/Summer2023/ros2_stereo/build/image_view': CMAKE_PREFIX_PATH=/opt/ros/foxy /usr/bin/cmake --build /home/corelab/CatchingBlimp/Summer2023/ros2_stereo/build/image_view -- -j8 -l8
[3.206s] DEBUG:colcon.colcon_core.event_handler.log_command:Invoking command in '/home/corelab/CatchingBlimp/Summer2023/ros2_stereo/build/opencv_telemetry': CMAKE_PREFIX_PATH=/opt/ros/foxy /usr/bin/cmake --build /home/corelab/CatchingBlimp/Summer2023/ros2_stereo/build/opencv_telemetry -- -j8 -l8
[3.380s] DEBUG:colcon.colcon_core.event_handler.log_command:Invoked command in '/home/corelab/CatchingBlimp/Summer2023/ros2_stereo/build/yolo_msgs' returned '0': CMAKE_PREFIX_PATH=/opt/ros/foxy /usr/bin/cmake --build /home/corelab/CatchingBlimp/Summer2023/ros2_stereo/build/yolo_msgs -- -j8 -l8
[3.411s] DEBUG:colcon.colcon_core.event_handler.log_command:Invoked command in '/home/corelab/CatchingBlimp/Summer2023/ros2_stereo/build/opencv_telemetry' returned '0': CMAKE_PREFIX_PATH=/opt/ros/foxy /usr/bin/cmake --build /home/corelab/CatchingBlimp/Summer2023/ros2_stereo/build/opencv_telemetry -- -j8 -l8
[3.419s] DEBUG:colcon.colcon_core.event_handler.log_command:Invoked command in '/home/corelab/CatchingBlimp/Summer2023/ros2_stereo/build/image_proc' returned '0': CMAKE_PREFIX_PATH=/opt/ros/foxy /usr/bin/cmake --build /home/corelab/CatchingBlimp/Summer2023/ros2_stereo/build/image_proc -- -j8 -l8
[3.435s] DEBUG:colcon.colcon_core.event_handler.log_command:Invoking command in '/home/corelab/CatchingBlimp/Summer2023/ros2_stereo/build/yolo_msgs': CMAKE_PREFIX_PATH=/opt/ros/foxy /usr/bin/cmake --install /home/corelab/CatchingBlimp/Summer2023/ros2_stereo/build/yolo_msgs
[3.448s] DEBUG:colcon.colcon_core.event_handler.log_command:Invoking command in '/home/corelab/CatchingBlimp/Summer2023/ros2_stereo/build/image_proc': CMAKE_PREFIX_PATH=/opt/ros/foxy /usr/bin/cmake --install /home/corelab/CatchingBlimp/Summer2023/ros2_stereo/build/image_proc
[3.453s] DEBUG:colcon.colcon_core.event_handler.log_command:Invoking command in '/home/corelab/CatchingBlimp/Summer2023/ros2_stereo/build/opencv_telemetry': CMAKE_PREFIX_PATH=/opt/ros/foxy /usr/bin/cmake --install /home/corelab/CatchingBlimp/Summer2023/ros2_stereo/build/opencv_telemetry
[3.469s] Level 1:colcon.colcon_core.environment:create_environment_scripts_only(image_proc)
[3.469s] DEBUG:colcon.colcon_core.event_handler.log_command:Invoked command in '/home/corelab/CatchingBlimp/Summer2023/ros2_stereo/build/image_proc' returned '0': CMAKE_PREFIX_PATH=/opt/ros/foxy /usr/bin/cmake --install /home/corelab/CatchingBlimp/Summer2023/ros2_stereo/build/image_proc
[3.531s] Level 1:colcon.colcon_core.environment:checking '/home/corelab/CatchingBlimp/Summer2023/ros2_stereo/install/image_proc' for CMake module files
[3.532s] Level 1:colcon.colcon_core.environment:checking '/home/corelab/CatchingBlimp/Summer2023/ros2_stereo/install/image_proc' for CMake config files
[3.532s] Level 1:colcon.colcon_core.shell:create_environment_hook('image_proc', 'cmake_prefix_path')
[3.584s] INFO:colcon.colcon_core.shell:Creating environment hook '/home/corelab/CatchingBlimp/Summer2023/ros2_stereo/install/image_proc/share/image_proc/hook/cmake_prefix_path.ps1'
[3.584s] INFO:colcon.colcon_core.shell:Creating environment descriptor '/home/corelab/CatchingBlimp/Summer2023/ros2_stereo/install/image_proc/share/image_proc/hook/cmake_prefix_path.dsv'
[3.585s] INFO:colcon.colcon_core.shell:Creating environment hook '/home/corelab/CatchingBlimp/Summer2023/ros2_stereo/install/image_proc/share/image_proc/hook/cmake_prefix_path.sh'
[3.585s] Level 1:colcon.colcon_core.environment:checking '/home/corelab/CatchingBlimp/Summer2023/ros2_stereo/install/image_proc/lib'
[3.585s] Level 1:colcon.colcon_core.shell:create_environment_hook('image_proc', 'ld_library_path_lib')
[3.622s] INFO:colcon.colcon_core.shell:Creating environment hook '/home/corelab/CatchingBlimp/Summer2023/ros2_stereo/install/image_proc/share/image_proc/hook/ld_library_path_lib.ps1'
[3.623s] INFO:colcon.colcon_core.shell:Creating environment descriptor '/home/corelab/CatchingBlimp/Summer2023/ros2_stereo/install/image_proc/share/image_proc/hook/ld_library_path_lib.dsv'
[3.623s] INFO:colcon.colcon_core.shell:Creating environment hook '/home/corelab/CatchingBlimp/Summer2023/ros2_stereo/install/image_proc/share/image_proc/hook/ld_library_path_lib.sh'
[3.623s] Level 1:colcon.colcon_core.environment:checking '/home/corelab/CatchingBlimp/Summer2023/ros2_stereo/install/image_proc/bin'
[3.623s] Level 1:colcon.colcon_core.shell:create_environment_hook('image_proc', 'path')
[3.660s] INFO:colcon.colcon_core.shell:Creating environment hook '/home/corelab/CatchingBlimp/Summer2023/ros2_stereo/install/image_proc/share/image_proc/hook/path.ps1'
[3.660s] INFO:colcon.colcon_core.shell:Creating environment descriptor '/home/corelab/CatchingBlimp/Summer2023/ros2_stereo/install/image_proc/share/image_proc/hook/path.dsv'
[3.661s] INFO:colcon.colcon_core.shell:Creating environment hook '/home/corelab/CatchingBlimp/Summer2023/ros2_stereo/install/image_proc/share/image_proc/hook/path.sh'
[3.661s] Level 1:colcon.colcon_core.environment:checking '/home/corelab/CatchingBlimp/Summer2023/ros2_stereo/install/image_proc/lib/pkgconfig/image_proc.pc'
[3.661s] Level 1:colcon.colcon_core.environment:checking '/home/corelab/CatchingBlimp/Summer2023/ros2_stereo/install/image_proc/lib/python3.8/site-packages'
[3.661s] Level 1:colcon.colcon_core.environment:checking '/home/corelab/CatchingBlimp/Summer2023/ros2_stereo/install/image_proc/bin'
[3.661s] Level 1:colcon.colcon_core.shell:create_environment_hook('image_proc', 'pythonscriptspath')
[3.698s] INFO:colcon.colcon_core.shell:Creating environment hook '/home/corelab/CatchingBlimp/Summer2023/ros2_stereo/install/image_proc/share/image_proc/hook/pythonscriptspath.ps1'
[3.699s] INFO:colcon.colcon_core.shell:Creating environment descriptor '/home/corelab/CatchingBlimp/Summer2023/ros2_stereo/install/image_proc/share/image_proc/hook/pythonscriptspath.dsv'
[3.699s] INFO:colcon.colcon_core.shell:Creating environment hook '/home/corelab/CatchingBlimp/Summer2023/ros2_stereo/install/image_proc/share/image_proc/hook/pythonscriptspath.sh'
[3.736s] INFO:colcon.colcon_core.shell:Creating package script '/home/corelab/CatchingBlimp/Summer2023/ros2_stereo/install/image_proc/share/image_proc/package.ps1'
[3.736s] INFO:colcon.colcon_core.shell:Creating package descriptor '/home/corelab/CatchingBlimp/Summer2023/ros2_stereo/install/image_proc/share/image_proc/package.dsv'
[3.737s] INFO:colcon.colcon_core.shell:Creating package script '/home/corelab/CatchingBlimp/Summer2023/ros2_stereo/install/image_proc/share/image_proc/package.sh'
[3.738s] INFO:colcon.colcon_core.shell:Creating package script '/home/corelab/CatchingBlimp/Summer2023/ros2_stereo/install/image_proc/share/image_proc/package.bash'
[3.738s] INFO:colcon.colcon_core.shell:Creating package script '/home/corelab/CatchingBlimp/Summer2023/ros2_stereo/install/image_proc/share/image_proc/package.zsh'
[3.738s] Level 1:colcon.colcon_core.environment:create_file_with_runtime_dependencies(/home/corelab/CatchingBlimp/Summer2023/ros2_stereo/install/image_proc/share/colcon-core/packages/image_proc)
[3.742s] Level 1:colcon.colcon_core.environment:create_environment_scripts_only(yolo_msgs)
[3.742s] DEBUG:colcon.colcon_core.event_handler.log_command:Invoked command in '/home/corelab/CatchingBlimp/Summer2023/ros2_stereo/build/yolo_msgs' returned '0': CMAKE_PREFIX_PATH=/opt/ros/foxy /usr/bin/cmake --install /home/corelab/CatchingBlimp/Summer2023/ros2_stereo/build/yolo_msgs
[3.780s] Level 1:colcon.colcon_core.environment:checking '/home/corelab/CatchingBlimp/Summer2023/ros2_stereo/install/yolo_msgs' for CMake module files
[3.781s] Level 1:colcon.colcon_core.environment:checking '/home/corelab/CatchingBlimp/Summer2023/ros2_stereo/install/yolo_msgs' for CMake config files
[3.781s] Level 1:colcon.colcon_core.shell:create_environment_hook('yolo_msgs', 'cmake_prefix_path')
[3.818s] INFO:colcon.colcon_core.shell:Creating environment hook '/home/corelab/CatchingBlimp/Summer2023/ros2_stereo/install/yolo_msgs/share/yolo_msgs/hook/cmake_prefix_path.ps1'
[3.818s] INFO:colcon.colcon_core.shell:Creating environment descriptor '/home/corelab/CatchingBlimp/Summer2023/ros2_stereo/install/yolo_msgs/share/yolo_msgs/hook/cmake_prefix_path.dsv'
[3.818s] INFO:colcon.colcon_core.shell:Creating environment hook '/home/corelab/CatchingBlimp/Summer2023/ros2_stereo/install/yolo_msgs/share/yolo_msgs/hook/cmake_prefix_path.sh'
[3.819s] Level 1:colcon.colcon_core.environment:checking '/home/corelab/CatchingBlimp/Summer2023/ros2_stereo/install/yolo_msgs/lib'
[3.819s] Level 1:colcon.colcon_core.shell:create_environment_hook('yolo_msgs', 'ld_library_path_lib')
[3.856s] INFO:colcon.colcon_core.shell:Creating environment hook '/home/corelab/CatchingBlimp/Summer2023/ros2_stereo/install/yolo_msgs/share/yolo_msgs/hook/ld_library_path_lib.ps1'
[3.856s] INFO:colcon.colcon_core.shell:Creating environment descriptor '/home/corelab/CatchingBlimp/Summer2023/ros2_stereo/install/yolo_msgs/share/yolo_msgs/hook/ld_library_path_lib.dsv'
[3.856s] INFO:colcon.colcon_core.shell:Creating environment hook '/home/corelab/CatchingBlimp/Summer2023/ros2_stereo/install/yolo_msgs/share/yolo_msgs/hook/ld_library_path_lib.sh'
[3.857s] Level 1:colcon.colcon_core.environment:checking '/home/corelab/CatchingBlimp/Summer2023/ros2_stereo/install/yolo_msgs/bin'
[3.857s] Level 1:colcon.colcon_core.environment:checking '/home/corelab/CatchingBlimp/Summer2023/ros2_stereo/install/yolo_msgs/lib/pkgconfig/yolo_msgs.pc'
[3.857s] Level 1:colcon.colcon_core.environment:checking '/home/corelab/CatchingBlimp/Summer2023/ros2_stereo/install/yolo_msgs/lib/python3.8/site-packages'
[3.857s] Level 1:colcon.colcon_core.shell:create_environment_hook('yolo_msgs', 'pythonpath')
[3.894s] INFO:colcon.colcon_core.shell:Creating environment hook '/home/corelab/CatchingBlimp/Summer2023/ros2_stereo/install/yolo_msgs/share/yolo_msgs/hook/pythonpath.ps1'
[3.894s] INFO:colcon.colcon_core.shell:Creating environment descriptor '/home/corelab/CatchingBlimp/Summer2023/ros2_stereo/install/yolo_msgs/share/yolo_msgs/hook/pythonpath.dsv'
[3.894s] INFO:colcon.colcon_core.shell:Creating environment hook '/home/corelab/CatchingBlimp/Summer2023/ros2_stereo/install/yolo_msgs/share/yolo_msgs/hook/pythonpath.sh'
[3.894s] Level 1:colcon.colcon_core.environment:checking '/home/corelab/CatchingBlimp/Summer2023/ros2_stereo/install/yolo_msgs/bin'
[3.931s] INFO:colcon.colcon_core.shell:Creating package script '/home/corelab/CatchingBlimp/Summer2023/ros2_stereo/install/yolo_msgs/share/yolo_msgs/package.ps1'
[3.932s] INFO:colcon.colcon_core.shell:Creating package descriptor '/home/corelab/CatchingBlimp/Summer2023/ros2_stereo/install/yolo_msgs/share/yolo_msgs/package.dsv'
[3.932s] INFO:colcon.colcon_core.shell:Creating package script '/home/corelab/CatchingBlimp/Summer2023/ros2_stereo/install/yolo_msgs/share/yolo_msgs/package.sh'
[3.932s] INFO:colcon.colcon_core.shell:Creating package script '/home/corelab/CatchingBlimp/Summer2023/ros2_stereo/install/yolo_msgs/share/yolo_msgs/package.bash'
[3.932s] INFO:colcon.colcon_core.shell:Creating package script '/home/corelab/CatchingBlimp/Summer2023/ros2_stereo/install/yolo_msgs/share/yolo_msgs/package.zsh'
[3.933s] Level 1:colcon.colcon_core.environment:create_file_with_runtime_dependencies(/home/corelab/CatchingBlimp/Summer2023/ros2_stereo/install/yolo_msgs/share/colcon-core/packages/yolo_msgs)
[3.935s] Level 1:colcon.colcon_core.environment:create_environment_scripts_only(opencv_telemetry)
[3.935s] DEBUG:colcon.colcon_core.event_handler.log_command:Invoked command in '/home/corelab/CatchingBlimp/Summer2023/ros2_stereo/build/opencv_telemetry' returned '0': CMAKE_PREFIX_PATH=/opt/ros/foxy /usr/bin/cmake --install /home/corelab/CatchingBlimp/Summer2023/ros2_stereo/build/opencv_telemetry
[3.983s] Level 1:colcon.colcon_core.environment:checking '/home/corelab/CatchingBlimp/Summer2023/ros2_stereo/install/opencv_telemetry' for CMake module files
[3.983s] Level 1:colcon.colcon_core.environment:checking '/home/corelab/CatchingBlimp/Summer2023/ros2_stereo/install/opencv_telemetry' for CMake config files
[3.984s] Level 1:colcon.colcon_core.shell:create_environment_hook('opencv_telemetry', 'cmake_prefix_path')
[4.021s] INFO:colcon.colcon_core.shell:Creating environment hook '/home/corelab/CatchingBlimp/Summer2023/ros2_stereo/install/opencv_telemetry/share/opencv_telemetry/hook/cmake_prefix_path.ps1'
[4.021s] INFO:colcon.colcon_core.shell:Creating environment descriptor '/home/corelab/CatchingBlimp/Summer2023/ros2_stereo/install/opencv_telemetry/share/opencv_telemetry/hook/cmake_prefix_path.dsv'
[4.021s] INFO:colcon.colcon_core.shell:Creating environment hook '/home/corelab/CatchingBlimp/Summer2023/ros2_stereo/install/opencv_telemetry/share/opencv_telemetry/hook/cmake_prefix_path.sh'
[4.022s] Level 1:colcon.colcon_core.environment:checking '/home/corelab/CatchingBlimp/Summer2023/ros2_stereo/install/opencv_telemetry/lib'
[4.022s] Level 1:colcon.colcon_core.shell:create_environment_hook('opencv_telemetry', 'ld_library_path_lib')
[4.059s] INFO:colcon.colcon_core.shell:Creating environment hook '/home/corelab/CatchingBlimp/Summer2023/ros2_stereo/install/opencv_telemetry/share/opencv_telemetry/hook/ld_library_path_lib.ps1'
[4.059s] INFO:colcon.colcon_core.shell:Creating environment descriptor '/home/corelab/CatchingBlimp/Summer2023/ros2_stereo/install/opencv_telemetry/share/opencv_telemetry/hook/ld_library_path_lib.dsv'
[4.059s] INFO:colcon.colcon_core.shell:Creating environment hook '/home/corelab/CatchingBlimp/Summer2023/ros2_stereo/install/opencv_telemetry/share/opencv_telemetry/hook/ld_library_path_lib.sh'
[4.059s] Level 1:colcon.colcon_core.environment:checking '/home/corelab/CatchingBlimp/Summer2023/ros2_stereo/install/opencv_telemetry/libresized_plugins.so'
[4.059s] Level 1:colcon.colcon_core.environment:checking '/home/corelab/CatchingBlimp/Summer2023/ros2_stereo/install/opencv_telemetry/bin'
[4.060s] Level 1:colcon.colcon_core.environment:checking '/home/corelab/CatchingBlimp/Summer2023/ros2_stereo/install/opencv_telemetry/lib/pkgconfig/opencv_telemetry.pc'
[4.060s] Level 1:colcon.colcon_core.environment:checking '/home/corelab/CatchingBlimp/Summer2023/ros2_stereo/install/opencv_telemetry/lib/python3.8/site-packages'
[4.060s] Level 1:colcon.colcon_core.shell:create_environment_hook('opencv_telemetry', 'pythonpath')
[4.097s] INFO:colcon.colcon_core.shell:Creating environment hook '/home/corelab/CatchingBlimp/Summer2023/ros2_stereo/install/opencv_telemetry/share/opencv_telemetry/hook/pythonpath.ps1'
[4.097s] INFO:colcon.colcon_core.shell:Creating environment descriptor '/home/corelab/CatchingBlimp/Summer2023/ros2_stereo/install/opencv_telemetry/share/opencv_telemetry/hook/pythonpath.dsv'
[4.097s] INFO:colcon.colcon_core.shell:Creating environment hook '/home/corelab/CatchingBlimp/Summer2023/ros2_stereo/install/opencv_telemetry/share/opencv_telemetry/hook/pythonpath.sh'
[4.098s] Level 1:colcon.colcon_core.environment:checking '/home/corelab/CatchingBlimp/Summer2023/ros2_stereo/install/opencv_telemetry/bin'
[4.135s] INFO:colcon.colcon_core.shell:Creating package script '/home/corelab/CatchingBlimp/Summer2023/ros2_stereo/install/opencv_telemetry/share/opencv_telemetry/package.ps1'
[4.135s] INFO:colcon.colcon_core.shell:Creating package descriptor '/home/corelab/CatchingBlimp/Summer2023/ros2_stereo/install/opencv_telemetry/share/opencv_telemetry/package.dsv'
[4.136s] INFO:colcon.colcon_core.shell:Creating package script '/home/corelab/CatchingBlimp/Summer2023/ros2_stereo/install/opencv_telemetry/share/opencv_telemetry/package.sh'
[4.136s] INFO:colcon.colcon_core.shell:Creating package script '/home/corelab/CatchingBlimp/Summer2023/ros2_stereo/install/opencv_telemetry/share/opencv_telemetry/package.bash'
[4.136s] INFO:colcon.colcon_core.shell:Creating package script '/home/corelab/CatchingBlimp/Summer2023/ros2_stereo/install/opencv_telemetry/share/opencv_telemetry/package.zsh'
[4.137s] Level 1:colcon.colcon_core.environment:create_file_with_runtime_dependencies(/home/corelab/CatchingBlimp/Summer2023/ros2_stereo/install/opencv_telemetry/share/colcon-core/packages/opencv_telemetry)
[4.177s] Level 1:colcon.colcon_core.environment:create_environment_scripts_only(image_proc)
[4.214s] Level 1:colcon.colcon_core.environment:checking '/home/corelab/CatchingBlimp/Summer2023/ros2_stereo/install/image_proc' for CMake module files
[4.215s] Level 1:colcon.colcon_core.environment:checking '/home/corelab/CatchingBlimp/Summer2023/ros2_stereo/install/image_proc' for CMake config files
[4.215s] Level 1:colcon.colcon_core.shell:create_environment_hook('image_proc', 'cmake_prefix_path')
[4.252s] INFO:colcon.colcon_core.shell:Creating environment hook '/home/corelab/CatchingBlimp/Summer2023/ros2_stereo/install/image_proc/share/image_proc/hook/cmake_prefix_path.ps1'
[4.252s] INFO:colcon.colcon_core.shell:Creating environment descriptor '/home/corelab/CatchingBlimp/Summer2023/ros2_stereo/install/image_proc/share/image_proc/hook/cmake_prefix_path.dsv'
[4.252s] INFO:colcon.colcon_core.shell:Creating environment hook '/home/corelab/CatchingBlimp/Summer2023/ros2_stereo/install/image_proc/share/image_proc/hook/cmake_prefix_path.sh'
[4.253s] Level 1:colcon.colcon_core.environment:checking '/home/corelab/CatchingBlimp/Summer2023/ros2_stereo/install/image_proc/lib'
[4.253s] Level 1:colcon.colcon_core.shell:create_environment_hook('image_proc', 'ld_library_path_lib')
[4.290s] INFO:colcon.colcon_core.shell:Creating environment hook '/home/corelab/CatchingBlimp/Summer2023/ros2_stereo/install/image_proc/share/image_proc/hook/ld_library_path_lib.ps1'
[4.290s] INFO:colcon.colcon_core.shell:Creating environment descriptor '/home/corelab/CatchingBlimp/Summer2023/ros2_stereo/install/image_proc/share/image_proc/hook/ld_library_path_lib.dsv'
[4.290s] INFO:colcon.colcon_core.shell:Creating environment hook '/home/corelab/CatchingBlimp/Summer2023/ros2_stereo/install/image_proc/share/image_proc/hook/ld_library_path_lib.sh'
[4.291s] Level 1:colcon.colcon_core.environment:checking '/home/corelab/CatchingBlimp/Summer2023/ros2_stereo/install/image_proc/bin'
[4.291s] Level 1:colcon.colcon_core.shell:create_environment_hook('image_proc', 'path')
[4.330s] INFO:colcon.colcon_core.shell:Creating environment hook '/home/corelab/CatchingBlimp/Summer2023/ros2_stereo/install/image_proc/share/image_proc/hook/path.ps1'
[4.330s] INFO:colcon.colcon_core.shell:Creating environment descriptor '/home/corelab/CatchingBlimp/Summer2023/ros2_stereo/install/image_proc/share/image_proc/hook/path.dsv'
[4.330s] INFO:colcon.colcon_core.shell:Creating environment hook '/home/corelab/CatchingBlimp/Summer2023/ros2_stereo/install/image_proc/share/image_proc/hook/path.sh'
[4.330s] Level 1:colcon.colcon_core.environment:checking '/home/corelab/CatchingBlimp/Summer2023/ros2_stereo/install/image_proc/lib/pkgconfig/image_proc.pc'
[4.331s] Level 1:colcon.colcon_core.environment:checking '/home/corelab/CatchingBlimp/Summer2023/ros2_stereo/install/image_proc/lib/python3.8/site-packages'
[4.331s] Level 1:colcon.colcon_core.environment:checking '/home/corelab/CatchingBlimp/Summer2023/ros2_stereo/install/image_proc/bin'
[4.331s] Level 1:colcon.colcon_core.shell:create_environment_hook('image_proc', 'pythonscriptspath')
[4.370s] INFO:colcon.colcon_core.shell:Creating environment hook '/home/corelab/CatchingBlimp/Summer2023/ros2_stereo/install/image_proc/share/image_proc/hook/pythonscriptspath.ps1'
[4.370s] INFO:colcon.colcon_core.shell:Creating environment descriptor '/home/corelab/CatchingBlimp/Summer2023/ros2_stereo/install/image_proc/share/image_proc/hook/pythonscriptspath.dsv'
[4.370s] INFO:colcon.colcon_core.shell:Creating environment hook '/home/corelab/CatchingBlimp/Summer2023/ros2_stereo/install/image_proc/share/image_proc/hook/pythonscriptspath.sh'
[4.409s] INFO:colcon.colcon_core.shell:Creating package script '/home/corelab/CatchingBlimp/Summer2023/ros2_stereo/install/image_proc/share/image_proc/package.ps1'
[4.410s] INFO:colcon.colcon_core.shell:Creating package descriptor '/home/corelab/CatchingBlimp/Summer2023/ros2_stereo/install/image_proc/share/image_proc/package.dsv'
[4.410s] INFO:colcon.colcon_core.shell:Creating package script '/home/corelab/CatchingBlimp/Summer2023/ros2_stereo/install/image_proc/share/image_proc/package.sh'
[4.410s] INFO:colcon.colcon_core.shell:Creating package script '/home/corelab/CatchingBlimp/Summer2023/ros2_stereo/install/image_proc/share/image_proc/package.bash'
[4.411s] INFO:colcon.colcon_core.shell:Creating package script '/home/corelab/CatchingBlimp/Summer2023/ros2_stereo/install/image_proc/share/image_proc/package.zsh'
[4.411s] Level 1:colcon.colcon_core.environment:create_file_with_runtime_dependencies(/home/corelab/CatchingBlimp/Summer2023/ros2_stereo/install/image_proc/share/colcon-core/packages/image_proc)
[4.450s] Level 1:colcon.colcon_core.environment:create_environment_scripts_only(yolo_msgs)
[4.488s] Level 1:colcon.colcon_core.environment:checking '/home/corelab/CatchingBlimp/Summer2023/ros2_stereo/install/yolo_msgs' for CMake module files
[4.488s] Level 1:colcon.colcon_core.environment:checking '/home/corelab/CatchingBlimp/Summer2023/ros2_stereo/install/yolo_msgs' for CMake config files
[4.488s] Level 1:colcon.colcon_core.shell:create_environment_hook('yolo_msgs', 'cmake_prefix_path')
[4.527s] INFO:colcon.colcon_core.shell:Creating environment hook '/home/corelab/CatchingBlimp/Summer2023/ros2_stereo/install/yolo_msgs/share/yolo_msgs/hook/cmake_prefix_path.ps1'
[4.527s] INFO:colcon.colcon_core.shell:Creating environment descriptor '/home/corelab/CatchingBlimp/Summer2023/ros2_stereo/install/yolo_msgs/share/yolo_msgs/hook/cmake_prefix_path.dsv'
[4.528s] INFO:colcon.colcon_core.shell:Creating environment hook '/home/corelab/CatchingBlimp/Summer2023/ros2_stereo/install/yolo_msgs/share/yolo_msgs/hook/cmake_prefix_path.sh'
[4.528s] Level 1:colcon.colcon_core.environment:checking '/home/corelab/CatchingBlimp/Summer2023/ros2_stereo/install/yolo_msgs/lib'
[4.528s] Level 1:colcon.colcon_core.shell:create_environment_hook('yolo_msgs', 'ld_library_path_lib')
[4.566s] INFO:colcon.colcon_core.shell:Creating environment hook '/home/corelab/CatchingBlimp/Summer2023/ros2_stereo/install/yolo_msgs/share/yolo_msgs/hook/ld_library_path_lib.ps1'
[4.566s] INFO:colcon.colcon_core.shell:Creating environment descriptor '/home/corelab/CatchingBlimp/Summer2023/ros2_stereo/install/yolo_msgs/share/yolo_msgs/hook/ld_library_path_lib.dsv'
[4.566s] INFO:colcon.colcon_core.shell:Creating environment hook '/home/corelab/CatchingBlimp/Summer2023/ros2_stereo/install/yolo_msgs/share/yolo_msgs/hook/ld_library_path_lib.sh'
[4.567s] Level 1:colcon.colcon_core.environment:checking '/home/corelab/CatchingBlimp/Summer2023/ros2_stereo/install/yolo_msgs/bin'
[4.567s] Level 1:colcon.colcon_core.environment:checking '/home/corelab/CatchingBlimp/Summer2023/ros2_stereo/install/yolo_msgs/lib/pkgconfig/yolo_msgs.pc'
[4.567s] Level 1:colcon.colcon_core.environment:checking '/home/corelab/CatchingBlimp/Summer2023/ros2_stereo/install/yolo_msgs/lib/python3.8/site-packages'
[4.567s] Level 1:colcon.colcon_core.shell:create_environment_hook('yolo_msgs', 'pythonpath')
[4.605s] INFO:colcon.colcon_core.shell:Creating environment hook '/home/corelab/CatchingBlimp/Summer2023/ros2_stereo/install/yolo_msgs/share/yolo_msgs/hook/pythonpath.ps1'
[4.605s] INFO:colcon.colcon_core.shell:Creating environment descriptor '/home/corelab/CatchingBlimp/Summer2023/ros2_stereo/install/yolo_msgs/share/yolo_msgs/hook/pythonpath.dsv'
[4.605s] INFO:colcon.colcon_core.shell:Creating environment hook '/home/corelab/CatchingBlimp/Summer2023/ros2_stereo/install/yolo_msgs/share/yolo_msgs/hook/pythonpath.sh'
[4.606s] Level 1:colcon.colcon_core.environment:checking '/home/corelab/CatchingBlimp/Summer2023/ros2_stereo/install/yolo_msgs/bin'
[4.643s] INFO:colcon.colcon_core.shell:Creating package script '/home/corelab/CatchingBlimp/Summer2023/ros2_stereo/install/yolo_msgs/share/yolo_msgs/package.ps1'
[4.644s] INFO:colcon.colcon_core.shell:Creating package descriptor '/home/corelab/CatchingBlimp/Summer2023/ros2_stereo/install/yolo_msgs/share/yolo_msgs/package.dsv'
[4.644s] INFO:colcon.colcon_core.shell:Creating package script '/home/corelab/CatchingBlimp/Summer2023/ros2_stereo/install/yolo_msgs/share/yolo_msgs/package.sh'
[4.644s] INFO:colcon.colcon_core.shell:Creating package script '/home/corelab/CatchingBlimp/Summer2023/ros2_stereo/install/yolo_msgs/share/yolo_msgs/package.bash'
[4.645s] INFO:colcon.colcon_core.shell:Creating package script '/home/corelab/CatchingBlimp/Summer2023/ros2_stereo/install/yolo_msgs/share/yolo_msgs/package.zsh'
[4.645s] Level 1:colcon.colcon_core.environment:create_file_with_runtime_dependencies(/home/corelab/CatchingBlimp/Summer2023/ros2_stereo/install/yolo_msgs/share/colcon-core/packages/yolo_msgs)
[4.645s] INFO:colcon.colcon_ros.task.ament_cmake.build:Building ROS package in '/home/corelab/CatchingBlimp/Summer2023/ros2_stereo/src/stereo_combined' with build type 'ament_cmake'
[4.645s] INFO:colcon.colcon_cmake.task.cmake.build:Building CMake package in '/home/corelab/CatchingBlimp/Summer2023/ros2_stereo/src/stereo_combined'
[4.685s] INFO:colcon.colcon_core.shell:Skip shell extension 'powershell' for command environment: Not usable outside of PowerShell
[4.685s] DEBUG:colcon.colcon_core.shell:Skip shell extension 'dsv' for command environment
[4.772s] INFO:colcon.colcon_ros.task.ament_cmake.build:Building ROS package in '/home/corelab/CatchingBlimp/Summer2023/ros2_stereo/src/stereo_image_proc' with build type 'ament_cmake'
[4.772s] INFO:colcon.colcon_cmake.task.cmake.build:Building CMake package in '/home/corelab/CatchingBlimp/Summer2023/ros2_stereo/src/stereo_image_proc'
[4.812s] INFO:colcon.colcon_core.shell:Skip shell extension 'powershell' for command environment: Not usable outside of PowerShell
[4.812s] DEBUG:colcon.colcon_core.shell:Skip shell extension 'dsv' for command environment
[4.951s] Level 1:colcon.colcon_core.environment:create_environment_scripts_only(opencv_telemetry)
[4.993s] Level 1:colcon.colcon_core.environment:checking '/home/corelab/CatchingBlimp/Summer2023/ros2_stereo/install/opencv_telemetry' for CMake module files
[4.994s] Level 1:colcon.colcon_core.environment:checking '/home/corelab/CatchingBlimp/Summer2023/ros2_stereo/install/opencv_telemetry' for CMake config files
[4.994s] Level 1:colcon.colcon_core.shell:create_environment_hook('opencv_telemetry', 'cmake_prefix_path')
[5.046s] INFO:colcon.colcon_core.shell:Creating environment hook '/home/corelab/CatchingBlimp/Summer2023/ros2_stereo/install/opencv_telemetry/share/opencv_telemetry/hook/cmake_prefix_path.ps1'
[5.047s] INFO:colcon.colcon_core.shell:Creating environment descriptor '/home/corelab/CatchingBlimp/Summer2023/ros2_stereo/install/opencv_telemetry/share/opencv_telemetry/hook/cmake_prefix_path.dsv'
[5.047s] INFO:colcon.colcon_core.shell:Creating environment hook '/home/corelab/CatchingBlimp/Summer2023/ros2_stereo/install/opencv_telemetry/share/opencv_telemetry/hook/cmake_prefix_path.sh'
[5.047s] Level 1:colcon.colcon_core.environment:checking '/home/corelab/CatchingBlimp/Summer2023/ros2_stereo/install/opencv_telemetry/lib'
[5.047s] Level 1:colcon.colcon_core.shell:create_environment_hook('opencv_telemetry', 'ld_library_path_lib')
[5.089s] INFO:colcon.colcon_core.shell:Creating environment hook '/home/corelab/CatchingBlimp/Summer2023/ros2_stereo/install/opencv_telemetry/share/opencv_telemetry/hook/ld_library_path_lib.ps1'
[5.090s] INFO:colcon.colcon_core.shell:Creating environment descriptor '/home/corelab/CatchingBlimp/Summer2023/ros2_stereo/install/opencv_telemetry/share/opencv_telemetry/hook/ld_library_path_lib.dsv'
[5.090s] INFO:colcon.colcon_core.shell:Creating environment hook '/home/corelab/CatchingBlimp/Summer2023/ros2_stereo/install/opencv_telemetry/share/opencv_telemetry/hook/ld_library_path_lib.sh'
[5.090s] Level 1:colcon.colcon_core.environment:checking '/home/corelab/CatchingBlimp/Summer2023/ros2_stereo/install/opencv_telemetry/libresized_plugins.so'
[5.091s] Level 1:colcon.colcon_core.environment:checking '/home/corelab/CatchingBlimp/Summer2023/ros2_stereo/install/opencv_telemetry/bin'
[5.091s] Level 1:colcon.colcon_core.environment:checking '/home/corelab/CatchingBlimp/Summer2023/ros2_stereo/install/opencv_telemetry/lib/pkgconfig/opencv_telemetry.pc'
[5.091s] Level 1:colcon.colcon_core.environment:checking '/home/corelab/CatchingBlimp/Summer2023/ros2_stereo/install/opencv_telemetry/lib/python3.8/site-packages'
[5.091s] Level 1:colcon.colcon_core.shell:create_environment_hook('opencv_telemetry', 'pythonpath')
[5.131s] INFO:colcon.colcon_core.shell:Creating environment hook '/home/corelab/CatchingBlimp/Summer2023/ros2_stereo/install/opencv_telemetry/share/opencv_telemetry/hook/pythonpath.ps1'
[5.131s] INFO:colcon.colcon_core.shell:Creating environment descriptor '/home/corelab/CatchingBlimp/Summer2023/ros2_stereo/install/opencv_telemetry/share/opencv_telemetry/hook/pythonpath.dsv'
[5.132s] INFO:colcon.colcon_core.shell:Creating environment hook '/home/corelab/CatchingBlimp/Summer2023/ros2_stereo/install/opencv_telemetry/share/opencv_telemetry/hook/pythonpath.sh'
[5.132s] Level 1:colcon.colcon_core.environment:checking '/home/corelab/CatchingBlimp/Summer2023/ros2_stereo/install/opencv_telemetry/bin'
[5.173s] INFO:colcon.colcon_core.shell:Creating package script '/home/corelab/CatchingBlimp/Summer2023/ros2_stereo/install/opencv_telemetry/share/opencv_telemetry/package.ps1'
[5.173s] INFO:colcon.colcon_core.shell:Creating package descriptor '/home/corelab/CatchingBlimp/Summer2023/ros2_stereo/install/opencv_telemetry/share/opencv_telemetry/package.dsv'
[5.174s] INFO:colcon.colcon_core.shell:Creating package script '/home/corelab/CatchingBlimp/Summer2023/ros2_stereo/install/opencv_telemetry/share/opencv_telemetry/package.sh'
[5.174s] INFO:colcon.colcon_core.shell:Creating package script '/home/corelab/CatchingBlimp/Summer2023/ros2_stereo/install/opencv_telemetry/share/opencv_telemetry/package.bash'
[5.174s] INFO:colcon.colcon_core.shell:Creating package script '/home/corelab/CatchingBlimp/Summer2023/ros2_stereo/install/opencv_telemetry/share/opencv_telemetry/package.zsh'
[5.175s] Level 1:colcon.colcon_core.environment:create_file_with_runtime_dependencies(/home/corelab/CatchingBlimp/Summer2023/ros2_stereo/install/opencv_telemetry/share/colcon-core/packages/opencv_telemetry)
[5.177s] DEBUG:colcon.colcon_core.event_handler.log_command:Invoking command in '/home/corelab/CatchingBlimp/Summer2023/ros2_stereo/build/stereo_combined': AMENT_PREFIX_PATH=/home/corelab/CatchingBlimp/Summer2023/ros2_stereo/install/yolo_msgs:/home/corelab/CatchingBlimp/Summer2023/ros2_stereo/install/image_proc:${AMENT_PREFIX_PATH} CMAKE_PREFIX_PATH=/home/corelab/CatchingBlimp/Summer2023/ros2_stereo/install/yolo_msgs:/home/corelab/CatchingBlimp/Summer2023/ros2_stereo/install/image_proc:/opt/ros/foxy LD_LIBRARY_PATH=/home/corelab/CatchingBlimp/Summer2023/ros2_stereo/install/yolo_msgs/lib:/home/corelab/CatchingBlimp/Summer2023/ros2_stereo/install/image_proc/lib:${LD_LIBRARY_PATH} PATH=/home/corelab/CatchingBlimp/Summer2023/ros2_stereo/install/image_proc/bin:${PATH} PYTHONPATH=/home/corelab/CatchingBlimp/Summer2023/ros2_stereo/install/yolo_msgs/lib/python3.8/site-packages:${PYTHONPATH} /usr/bin/cmake /home/corelab/CatchingBlimp/Summer2023/ros2_stereo/src/stereo_combined -DAMENT_CMAKE_SYMLINK_INSTALL=1 -DCMAKE_INSTALL_PREFIX=/home/corelab/CatchingBlimp/Summer2023/ros2_stereo/install/stereo_combined
[5.182s] DEBUG:colcon.colcon_core.event_handler.log_command:Invoking command in '/home/corelab/CatchingBlimp/Summer2023/ros2_stereo/build/stereo_image_proc': AMENT_PREFIX_PATH=/home/corelab/CatchingBlimp/Summer2023/ros2_stereo/install/yolo_msgs:/home/corelab/CatchingBlimp/Summer2023/ros2_stereo/install/image_proc:${AMENT_PREFIX_PATH} CMAKE_PREFIX_PATH=/home/corelab/CatchingBlimp/Summer2023/ros2_stereo/install/yolo_msgs:/home/corelab/CatchingBlimp/Summer2023/ros2_stereo/install/image_proc:/opt/ros/foxy LD_LIBRARY_PATH=/home/corelab/CatchingBlimp/Summer2023/ros2_stereo/install/yolo_msgs/lib:/home/corelab/CatchingBlimp/Summer2023/ros2_stereo/install/image_proc/lib:${LD_LIBRARY_PATH} PATH=/home/corelab/CatchingBlimp/Summer2023/ros2_stereo/install/image_proc/bin:${PATH} PYTHONPATH=/home/corelab/CatchingBlimp/Summer2023/ros2_stereo/install/yolo_msgs/lib/python3.8/site-packages:${PYTHONPATH} /usr/bin/cmake /home/corelab/CatchingBlimp/Summer2023/ros2_stereo/src/stereo_image_proc -DAMENT_CMAKE_SYMLINK_INSTALL=1 -DCMAKE_INSTALL_PREFIX=/home/corelab/CatchingBlimp/Summer2023/ros2_stereo/install/stereo_image_proc
[7.651s] DEBUG:colcon.colcon_core.event_handler.log_command:Invoked command in '/home/corelab/CatchingBlimp/Summer2023/ros2_stereo/build/stereo_image_proc' returned '0': AMENT_PREFIX_PATH=/home/corelab/CatchingBlimp/Summer2023/ros2_stereo/install/yolo_msgs:/home/corelab/CatchingBlimp/Summer2023/ros2_stereo/install/image_proc:${AMENT_PREFIX_PATH} CMAKE_PREFIX_PATH=/home/corelab/CatchingBlimp/Summer2023/ros2_stereo/install/yolo_msgs:/home/corelab/CatchingBlimp/Summer2023/ros2_stereo/install/image_proc:/opt/ros/foxy LD_LIBRARY_PATH=/home/corelab/CatchingBlimp/Summer2023/ros2_stereo/install/yolo_msgs/lib:/home/corelab/CatchingBlimp/Summer2023/ros2_stereo/install/image_proc/lib:${LD_LIBRARY_PATH} PATH=/home/corelab/CatchingBlimp/Summer2023/ros2_stereo/install/image_proc/bin:${PATH} PYTHONPATH=/home/corelab/CatchingBlimp/Summer2023/ros2_stereo/install/yolo_msgs/lib/python3.8/site-packages:${PYTHONPATH} /usr/bin/cmake /home/corelab/CatchingBlimp/Summer2023/ros2_stereo/src/stereo_image_proc -DAMENT_CMAKE_SYMLINK_INSTALL=1 -DCMAKE_INSTALL_PREFIX=/home/corelab/CatchingBlimp/Summer2023/ros2_stereo/install/stereo_image_proc
[7.651s] DEBUG:colcon.colcon_core.event_handler.log_command:Invoking command in '/home/corelab/CatchingBlimp/Summer2023/ros2_stereo/build/stereo_image_proc': AMENT_PREFIX_PATH=/home/corelab/CatchingBlimp/Summer2023/ros2_stereo/install/yolo_msgs:/home/corelab/CatchingBlimp/Summer2023/ros2_stereo/install/image_proc:${AMENT_PREFIX_PATH} CMAKE_PREFIX_PATH=/home/corelab/CatchingBlimp/Summer2023/ros2_stereo/install/yolo_msgs:/home/corelab/CatchingBlimp/Summer2023/ros2_stereo/install/image_proc:/opt/ros/foxy LD_LIBRARY_PATH=/home/corelab/CatchingBlimp/Summer2023/ros2_stereo/install/yolo_msgs/lib:/home/corelab/CatchingBlimp/Summer2023/ros2_stereo/install/image_proc/lib:${LD_LIBRARY_PATH} PATH=/home/corelab/CatchingBlimp/Summer2023/ros2_stereo/install/image_proc/bin:${PATH} PYTHONPATH=/home/corelab/CatchingBlimp/Summer2023/ros2_stereo/install/yolo_msgs/lib/python3.8/site-packages:${PYTHONPATH} /usr/bin/cmake --build /home/corelab/CatchingBlimp/Summer2023/ros2_stereo/build/stereo_image_proc -- -j8 -l8
[7.662s] DEBUG:colcon.colcon_core.event_handler.log_command:Invoked command in '/home/corelab/CatchingBlimp/Summer2023/ros2_stereo/build/stereo_combined' returned '1': AMENT_PREFIX_PATH=/home/corelab/CatchingBlimp/Summer2023/ros2_stereo/install/yolo_msgs:/home/corelab/CatchingBlimp/Summer2023/ros2_stereo/install/image_proc:${AMENT_PREFIX_PATH} CMAKE_PREFIX_PATH=/home/corelab/CatchingBlimp/Summer2023/ros2_stereo/install/yolo_msgs:/home/corelab/CatchingBlimp/Summer2023/ros2_stereo/install/image_proc:/opt/ros/foxy LD_LIBRARY_PATH=/home/corelab/CatchingBlimp/Summer2023/ros2_stereo/install/yolo_msgs/lib:/home/corelab/CatchingBlimp/Summer2023/ros2_stereo/install/image_proc/lib:${LD_LIBRARY_PATH} PATH=/home/corelab/CatchingBlimp/Summer2023/ros2_stereo/install/image_proc/bin:${PATH} PYTHONPATH=/home/corelab/CatchingBlimp/Summer2023/ros2_stereo/install/yolo_msgs/lib/python3.8/site-packages:${PYTHONPATH} /usr/bin/cmake /home/corelab/CatchingBlimp/Summer2023/ros2_stereo/src/stereo_combined -DAMENT_CMAKE_SYMLINK_INSTALL=1 -DCMAKE_INSTALL_PREFIX=/home/corelab/CatchingBlimp/Summer2023/ros2_stereo/install/stereo_combined
[7.671s] Level 1:colcon.colcon_core.environment:create_environment_scripts_only(stereo_combined)
[7.714s] Level 1:colcon.colcon_core.environment:checking '/home/corelab/CatchingBlimp/Summer2023/ros2_stereo/install/stereo_combined' for CMake module files
[7.714s] Level 1:colcon.colcon_core.environment:checking '/home/corelab/CatchingBlimp/Summer2023/ros2_stereo/install/stereo_combined' for CMake config files
[7.714s] Level 1:colcon.colcon_core.environment:checking '/home/corelab/CatchingBlimp/Summer2023/ros2_stereo/install/stereo_combined/bin'
[7.714s] Level 1:colcon.colcon_core.environment:checking '/home/corelab/CatchingBlimp/Summer2023/ros2_stereo/install/stereo_combined/lib/pkgconfig/stereo_combined.pc'
[7.714s] Level 1:colcon.colcon_core.environment:checking '/home/corelab/CatchingBlimp/Summer2023/ros2_stereo/install/stereo_combined/lib/python3.8/site-packages'
[7.714s] Level 1:colcon.colcon_core.environment:checking '/home/corelab/CatchingBlimp/Summer2023/ros2_stereo/install/stereo_combined/bin'
[7.755s] INFO:colcon.colcon_core.shell:Creating package script '/home/corelab/CatchingBlimp/Summer2023/ros2_stereo/install/stereo_combined/share/stereo_combined/package.ps1'
[7.756s] INFO:colcon.colcon_core.shell:Creating package descriptor '/home/corelab/CatchingBlimp/Summer2023/ros2_stereo/install/stereo_combined/share/stereo_combined/package.dsv'
[7.756s] INFO:colcon.colcon_core.shell:Creating package script '/home/corelab/CatchingBlimp/Summer2023/ros2_stereo/install/stereo_combined/share/stereo_combined/package.sh'
[7.756s] INFO:colcon.colcon_core.shell:Creating package script '/home/corelab/CatchingBlimp/Summer2023/ros2_stereo/install/stereo_combined/share/stereo_combined/package.bash'
[7.756s] INFO:colcon.colcon_core.shell:Creating package script '/home/corelab/CatchingBlimp/Summer2023/ros2_stereo/install/stereo_combined/share/stereo_combined/package.zsh'
[7.757s] Level 1:colcon.colcon_core.environment:create_file_with_runtime_dependencies(/home/corelab/CatchingBlimp/Summer2023/ros2_stereo/install/stereo_combined/share/colcon-core/packages/stereo_combined)
[20.701s] DEBUG:colcon.colcon_parallel_executor.executor.parallel:closing loop
[20.701s] DEBUG:colcon.colcon_parallel_executor.executor.parallel:loop closed
[20.701s] DEBUG:colcon.colcon_parallel_executor.executor.parallel:run_until_complete finished with '1'
[20.701s] DEBUG:colcon.colcon_core.event_reactor:joining thread
[20.741s] INFO:colcon.colcon_core.plugin_system:Skipping extension 'colcon_notification.desktop_notification.terminal_notifier': Not used on non-Darwin systems
[20.742s] INFO:colcon.colcon_core.plugin_system:Skipping extension 'colcon_notification.desktop_notification.win32': Not used on non-Windows systems
[20.742s] INFO:colcon.colcon_notification.desktop_notification:Sending desktop notification using 'notify2'
[20.752s] DEBUG:colcon.colcon_core.event_reactor:joined thread
[20.788s] INFO:colcon.colcon_core.shell:Creating prefix script '/home/corelab/CatchingBlimp/Summer2023/ros2_stereo/install/local_setup.ps1'
[20.789s] INFO:colcon.colcon_core.shell:Creating prefix util module '/home/corelab/CatchingBlimp/Summer2023/ros2_stereo/install/_local_setup_util_ps1.py'
[20.790s] INFO:colcon.colcon_core.shell:Creating prefix chain script '/home/corelab/CatchingBlimp/Summer2023/ros2_stereo/install/setup.ps1'
[20.827s] INFO:colcon.colcon_core.shell:Creating prefix script '/home/corelab/CatchingBlimp/Summer2023/ros2_stereo/install/local_setup.sh'
[20.827s] INFO:colcon.colcon_core.shell:Creating prefix util module '/home/corelab/CatchingBlimp/Summer2023/ros2_stereo/install/_local_setup_util_sh.py'
[20.827s] INFO:colcon.colcon_core.shell:Creating prefix chain script '/home/corelab/CatchingBlimp/Summer2023/ros2_stereo/install/setup.sh'
[20.864s] INFO:colcon.colcon_core.shell:Creating prefix script '/home/corelab/CatchingBlimp/Summer2023/ros2_stereo/install/local_setup.bash'
[20.864s] INFO:colcon.colcon_core.shell:Creating prefix chain script '/home/corelab/CatchingBlimp/Summer2023/ros2_stereo/install/setup.bash'
[20.901s] INFO:colcon.colcon_core.shell:Creating prefix script '/home/corelab/CatchingBlimp/Summer2023/ros2_stereo/install/local_setup.zsh'
[20.901s] INFO:colcon.colcon_core.shell:Creating prefix chain script '/home/corelab/CatchingBlimp/Summer2023/ros2_stereo/install/setup.zsh'
