[0.011s] Invoking command in '/home/corelab/ros2_stereo/build/image_proc': CMAKE_PREFIX_PATH=${CMAKE_PREFIX_PATH}:/opt/ros/foxy /home/corelab/.local/bin/cmake --build /home/corelab/ros2_stereo/build/image_proc -- -j16 -l16
[0.044s] [ 13%] Built target image_proc
[0.055s] [ 20%] [32mBuilding CXX object CMakeFiles/rectify.dir/src/rectify.cpp.o[0m
[1.458s] [ 26%] [32m[1mLinking CXX shared library librectify.so[0m
[1.555s] [ 26%] Built target rectify
[1.565s] [ 33%] [32mBuilding CXX object CMakeFiles/debayer.dir/src/debayer.cpp.o[0m
[2.959s] [ 40%] [32m[1mLinking CXX shared library libdebayer.so[0m
[3.107s] [ 46%] Built target debayer
[3.116s] [ 53%] [32m[1mLinking CXX shared library libresize.so[0m
[3.266s] [ 60%] Built target resize
[3.275s] [ 66%] [32m[1mLinking CXX shared library libcrop_decimate.so[0m
[3.401s] [ 73%] Built target crop_decimate
[3.410s] [ 80%] [32m[1mLinking CXX shared library libcrop_non_zero.so[0m
[3.528s] [ 86%] Built target crop_non_zero
[3.537s] [ 93%] [32m[1mLinking CXX executable image_proc[0m
[3.786s] [100%] Built target image_proc_exe
[3.798s] Invoked command in '/home/corelab/ros2_stereo/build/image_proc' returned '0': CMAKE_PREFIX_PATH=${CMAKE_PREFIX_PATH}:/opt/ros/foxy /home/corelab/.local/bin/cmake --build /home/corelab/ros2_stereo/build/image_proc -- -j16 -l16
[3.865s] Invoking command in '/home/corelab/ros2_stereo/build/image_proc': CMAKE_PREFIX_PATH=${CMAKE_PREFIX_PATH}:/opt/ros/foxy /home/corelab/.local/bin/cmake --install /home/corelab/ros2_stereo/build/image_proc
[3.885s] -- Install configuration: ""
[3.885s] -- Installing: /home/corelab/ros2_stereo/install/image_proc/bin/image_proc
[3.885s] -- Set runtime path of "/home/corelab/ros2_stereo/install/image_proc/bin/image_proc" to ""
[3.885s] -- Up-to-date: /home/corelab/ros2_stereo/install/image_proc/include
[3.885s] -- Up-to-date: /home/corelab/ros2_stereo/install/image_proc/include/image_proc
[3.885s] -- Up-to-date: /home/corelab/ros2_stereo/install/image_proc/include/image_proc/debayer.hpp
[3.885s] -- Up-to-date: /home/corelab/ros2_stereo/install/image_proc/include/image_proc/edge_aware.hpp
[3.885s] -- Up-to-date: /home/corelab/ros2_stereo/install/image_proc/include/image_proc/processor.hpp
[3.885s] -- Up-to-date: /home/corelab/ros2_stereo/install/image_proc/include/image_proc/crop_decimate.hpp
[3.885s] -- Up-to-date: /home/corelab/ros2_stereo/install/image_proc/include/image_proc/rectify.hpp
[3.885s] -- Up-to-date: /home/corelab/ros2_stereo/install/image_proc/include/image_proc/resize.hpp
[3.885s] -- Up-to-date: /home/corelab/ros2_stereo/install/image_proc/include/image_proc/crop_non_zero.hpp
[3.885s] -- Up-to-date: /home/corelab/ros2_stereo/install/image_proc/share/image_proc/environment/library_path.sh
[3.885s] -- Up-to-date: /home/corelab/ros2_stereo/install/image_proc/share/image_proc/environment/library_path.dsv
[3.885s] -- Up-to-date: /home/corelab/ros2_stereo/install/image_proc/lib/libimage_proc.so
[3.885s] -- Installing: /home/corelab/ros2_stereo/install/image_proc/lib/librectify.so
[3.886s] -- Set runtime path of "/home/corelab/ros2_stereo/install/image_proc/lib/librectify.so" to ""
[3.886s] -- Installing: /home/corelab/ros2_stereo/install/image_proc/lib/libdebayer.so
[3.886s] -- Set runtime path of "/home/corelab/ros2_stereo/install/image_proc/lib/libdebayer.so" to ""
[3.886s] -- Installing: /home/corelab/ros2_stereo/install/image_proc/lib/libresize.so
[3.886s] -- Set runtime path of "/home/corelab/ros2_stereo/install/image_proc/lib/libresize.so" to ""
[3.886s] -- Installing: /home/corelab/ros2_stereo/install/image_proc/lib/libcrop_decimate.so
[3.887s] -- Set runtime path of "/home/corelab/ros2_stereo/install/image_proc/lib/libcrop_decimate.so" to ""
[3.887s] -- Installing: /home/corelab/ros2_stereo/install/image_proc/lib/libcrop_non_zero.so
[3.887s] -- Set runtime path of "/home/corelab/ros2_stereo/install/image_proc/lib/libcrop_non_zero.so" to ""
[3.887s] -- Installing: /home/corelab/ros2_stereo/install/image_proc/lib/image_proc/image_proc
[3.887s] -- Set runtime path of "/home/corelab/ros2_stereo/install/image_proc/lib/image_proc/image_proc" to ""
[3.887s] -- Up-to-date: /home/corelab/ros2_stereo/install/image_proc/share/image_proc/launch
[3.887s] -- Up-to-date: /home/corelab/ros2_stereo/install/image_proc/share/image_proc/launch/image_proc.launch.py
[3.887s] -- Up-to-date: /home/corelab/ros2_stereo/install/image_proc/share/ament_index/resource_index/package_run_dependencies/image_proc
[3.887s] -- Up-to-date: /home/corelab/ros2_stereo/install/image_proc/share/ament_index/resource_index/parent_prefix_path/image_proc
[3.887s] -- Up-to-date: /home/corelab/ros2_stereo/install/image_proc/share/image_proc/environment/ament_prefix_path.sh
[3.887s] -- Up-to-date: /home/corelab/ros2_stereo/install/image_proc/share/image_proc/environment/ament_prefix_path.dsv
[3.887s] -- Up-to-date: /home/corelab/ros2_stereo/install/image_proc/share/image_proc/environment/path.sh
[3.887s] -- Up-to-date: /home/corelab/ros2_stereo/install/image_proc/share/image_proc/environment/path.dsv
[3.888s] -- Up-to-date: /home/corelab/ros2_stereo/install/image_proc/share/image_proc/local_setup.bash
[3.888s] -- Up-to-date: /home/corelab/ros2_stereo/install/image_proc/share/image_proc/local_setup.sh
[3.888s] -- Up-to-date: /home/corelab/ros2_stereo/install/image_proc/share/image_proc/local_setup.zsh
[3.888s] -- Up-to-date: /home/corelab/ros2_stereo/install/image_proc/share/image_proc/local_setup.dsv
[3.888s] -- Installing: /home/corelab/ros2_stereo/install/image_proc/share/image_proc/package.dsv
[3.888s] -- Up-to-date: /home/corelab/ros2_stereo/install/image_proc/share/ament_index/resource_index/packages/image_proc
[3.888s] -- Up-to-date: /home/corelab/ros2_stereo/install/image_proc/share/ament_index/resource_index/rclcpp_components/image_proc
[3.888s] -- Up-to-date: /home/corelab/ros2_stereo/install/image_proc/share/image_proc/cmake/ament_cmake_export_dependencies-extras.cmake
[3.888s] -- Up-to-date: /home/corelab/ros2_stereo/install/image_proc/share/image_proc/cmake/ament_cmake_export_include_directories-extras.cmake
[3.888s] -- Up-to-date: /home/corelab/ros2_stereo/install/image_proc/share/image_proc/cmake/ament_cmake_export_libraries-extras.cmake
[3.888s] -- Up-to-date: /home/corelab/ros2_stereo/install/image_proc/share/image_proc/cmake/image_procConfig.cmake
[3.888s] -- Up-to-date: /home/corelab/ros2_stereo/install/image_proc/share/image_proc/cmake/image_procConfig-version.cmake
[3.888s] -- Up-to-date: /home/corelab/ros2_stereo/install/image_proc/share/image_proc/package.xml
[3.891s] Invoked command in '/home/corelab/ros2_stereo/build/image_proc' returned '0': CMAKE_PREFIX_PATH=${CMAKE_PREFIX_PATH}:/opt/ros/foxy /home/corelab/.local/bin/cmake --install /home/corelab/ros2_stereo/build/image_proc
