[0.205s] DEBUG:colcon:Command line arguments: ['/usr/bin/colcon', 'build']
[0.205s] DEBUG:colcon:Parsed command line arguments: Namespace(allow_overriding=[], ament_cmake_args=None, base_paths=['.'], build_base='build', catkin_cmake_args=None, catkin_skip_building_tests=False, cmake_args=None, cmake_clean_cache=False, cmake_clean_first=False, cmake_force_configure=False, cmake_target=None, cmake_target_skip_unavailable=False, continue_on_error=False, event_handlers=None, executor='parallel', ignore_user_meta=False, install_base='install', log_base=None, log_level=None, main=<bound method BuildVerb.main of <colcon_core.verb.build.BuildVerb object at 0x7fc878f68130>>, merge_install=False, metas=['./colcon.meta'], packages_above=None, packages_above_and_dependencies=None, packages_above_depth=None, packages_end=None, packages_ignore=None, packages_ignore_regex=None, packages_select=None, packages_select_build_failed=False, packages_select_by_dep=None, packages_select_regex=None, packages_select_test_failures=False, packages_skip=None, packages_skip_build_finished=False, packages_skip_by_dep=None, packages_skip_regex=None, packages_skip_test_passed=False, packages_skip_up_to=None, packages_start=None, packages_up_to=None, packages_up_to_regex=None, parallel_workers=16, paths=None, symlink_install=False, test_result_base=None, verb_extension=<colcon_core.verb.build.BuildVerb object at 0x7fc878f68130>, verb_name='build', verb_parser=<colcon_defaults.argument_parser.defaults.DefaultArgumentsDecorator object at 0x7fc878ebe0d0>)
[0.228s] Level 1:colcon.colcon_core.package_discovery:discover_packages(colcon_meta) check parameters
[0.228s] Level 1:colcon.colcon_core.package_discovery:discover_packages(recursive) check parameters
[0.228s] Level 1:colcon.colcon_core.package_discovery:discover_packages(ignore) check parameters
[0.228s] Level 1:colcon.colcon_core.package_discovery:discover_packages(path) check parameters
[0.228s] Level 1:colcon.colcon_core.package_discovery:discover_packages(colcon_meta) discover
[0.228s] Level 1:colcon.colcon_core.package_discovery:discover_packages(recursive) discover
[0.228s] INFO:colcon.colcon_core.package_discovery:Crawling recursively for packages in '/home/corelab/opencv_ros2'
[0.228s] Level 1:colcon.colcon_core.package_identification:_identify(.) by extensions ['ignore', 'ignore_ament_install']
[0.229s] Level 1:colcon.colcon_core.package_identification:_identify(.) by extension 'ignore'
[0.229s] Level 1:colcon.colcon_core.package_identification:_identify(.) by extension 'ignore_ament_install'
[0.229s] Level 1:colcon.colcon_core.package_identification:_identify(.) by extensions ['colcon_pkg']
[0.229s] Level 1:colcon.colcon_core.package_identification:_identify(.) by extension 'colcon_pkg'
[0.229s] Level 1:colcon.colcon_core.package_identification:_identify(.) by extensions ['colcon_meta']
[0.229s] Level 1:colcon.colcon_core.package_identification:_identify(.) by extension 'colcon_meta'
[0.229s] Level 1:colcon.colcon_core.package_identification:_identify(.) by extensions ['ros']
[0.229s] Level 1:colcon.colcon_core.package_identification:_identify(.) by extension 'ros'
[0.236s] Level 1:colcon.colcon_core.package_identification:_identify(.) by extensions ['cmake', 'python']
[0.236s] Level 1:colcon.colcon_core.package_identification:_identify(.) by extension 'cmake'
[0.236s] Level 1:colcon.colcon_core.package_identification:_identify(.) by extension 'python'
[0.236s] Level 1:colcon.colcon_core.package_identification:_identify(.) by extensions ['python_setup_py']
[0.236s] Level 1:colcon.colcon_core.package_identification:_identify(.) by extension 'python_setup_py'
[0.236s] Level 1:colcon.colcon_core.package_identification:_identify(build) by extensions ['ignore', 'ignore_ament_install']
[0.236s] Level 1:colcon.colcon_core.package_identification:_identify(build) by extension 'ignore'
[0.236s] Level 1:colcon.colcon_core.package_identification:_identify(build) ignored
[0.236s] Level 1:colcon.colcon_core.package_identification:_identify(install) by extensions ['ignore', 'ignore_ament_install']
[0.236s] Level 1:colcon.colcon_core.package_identification:_identify(install) by extension 'ignore'
[0.236s] Level 1:colcon.colcon_core.package_identification:_identify(install) ignored
[0.236s] Level 1:colcon.colcon_core.package_identification:_identify(log) by extensions ['ignore', 'ignore_ament_install']
[0.236s] Level 1:colcon.colcon_core.package_identification:_identify(log) by extension 'ignore'
[0.236s] Level 1:colcon.colcon_core.package_identification:_identify(log) ignored
[0.237s] Level 1:colcon.colcon_core.package_identification:_identify(src) by extensions ['ignore', 'ignore_ament_install']
[0.237s] Level 1:colcon.colcon_core.package_identification:_identify(src) by extension 'ignore'
[0.237s] Level 1:colcon.colcon_core.package_identification:_identify(src) by extension 'ignore_ament_install'
[0.237s] Level 1:colcon.colcon_core.package_identification:_identify(src) by extensions ['colcon_pkg']
[0.237s] Level 1:colcon.colcon_core.package_identification:_identify(src) by extension 'colcon_pkg'
[0.237s] Level 1:colcon.colcon_core.package_identification:_identify(src) by extensions ['colcon_meta']
[0.237s] Level 1:colcon.colcon_core.package_identification:_identify(src) by extension 'colcon_meta'
[0.237s] Level 1:colcon.colcon_core.package_identification:_identify(src) by extensions ['ros']
[0.237s] Level 1:colcon.colcon_core.package_identification:_identify(src) by extension 'ros'
[0.237s] Level 1:colcon.colcon_core.package_identification:_identify(src) by extensions ['cmake', 'python']
[0.237s] Level 1:colcon.colcon_core.package_identification:_identify(src) by extension 'cmake'
[0.237s] Level 1:colcon.colcon_core.package_identification:_identify(src) by extension 'python'
[0.237s] Level 1:colcon.colcon_core.package_identification:_identify(src) by extensions ['python_setup_py']
[0.237s] Level 1:colcon.colcon_core.package_identification:_identify(src) by extension 'python_setup_py'
[0.237s] Level 1:colcon.colcon_core.package_identification:_identify(src/opencv_telemetry) by extensions ['ignore', 'ignore_ament_install']
[0.237s] Level 1:colcon.colcon_core.package_identification:_identify(src/opencv_telemetry) by extension 'ignore'
[0.237s] Level 1:colcon.colcon_core.package_identification:_identify(src/opencv_telemetry) by extension 'ignore_ament_install'
[0.237s] Level 1:colcon.colcon_core.package_identification:_identify(src/opencv_telemetry) by extensions ['colcon_pkg']
[0.237s] Level 1:colcon.colcon_core.package_identification:_identify(src/opencv_telemetry) by extension 'colcon_pkg'
[0.237s] Level 1:colcon.colcon_core.package_identification:_identify(src/opencv_telemetry) by extensions ['colcon_meta']
[0.237s] Level 1:colcon.colcon_core.package_identification:_identify(src/opencv_telemetry) by extension 'colcon_meta'
[0.237s] Level 1:colcon.colcon_core.package_identification:_identify(src/opencv_telemetry) by extensions ['ros']
[0.237s] Level 1:colcon.colcon_core.package_identification:_identify(src/opencv_telemetry) by extension 'ros'
[0.238s] DEBUG:colcon.colcon_core.package_identification:Package 'src/opencv_telemetry' with type 'ros.ament_cmake' and name 'opencv_telemetry'
[0.238s] Level 1:colcon.colcon_core.package_discovery:discover_packages(recursive) using defaults
[0.238s] Level 1:colcon.colcon_core.package_discovery:discover_packages(ignore) discover
[0.238s] Level 1:colcon.colcon_core.package_discovery:discover_packages(ignore) using defaults
[0.238s] Level 1:colcon.colcon_core.package_discovery:discover_packages(path) discover
[0.238s] Level 1:colcon.colcon_core.package_discovery:discover_packages(path) using defaults
[0.251s] Level 1:colcon.colcon_core.package_discovery:discover_packages(prefix_path) check parameters
[0.251s] Level 1:colcon.colcon_core.package_discovery:discover_packages(prefix_path) discover
[0.253s] DEBUG:colcon.colcon_installed_package_information.package_discovery:Found 3 installed packages in /home/corelab/ros2_stereo/install
[0.254s] DEBUG:colcon.colcon_installed_package_information.package_discovery:Found 1 installed packages in /home/corelab/ros2_img_publisher/install
[0.254s] DEBUG:colcon.colcon_installed_package_information.package_discovery:Found 1 installed packages in /home/corelab/ros2_camera_calibration/install
[0.255s] DEBUG:colcon.colcon_installed_package_information.package_discovery:Found 1 installed packages in /home/corelab/image_transport_tutorials_ws/install
[0.255s] DEBUG:colcon.colcon_installed_package_information.package_discovery:Found 1 installed packages in /home/corelab/ros2_ws/install
[0.258s] DEBUG:colcon.colcon_installed_package_information.package_discovery:Found 1075 installed packages in /opt/ros/foxy
[0.267s] Level 1:colcon.colcon_core.package_discovery:discover_packages(prefix_path) using defaults
[0.331s] Level 5:colcon.colcon_core.verb:set package 'opencv_telemetry' build argument 'cmake_args' from command line to 'None'
[0.331s] Level 5:colcon.colcon_core.verb:set package 'opencv_telemetry' build argument 'cmake_target' from command line to 'None'
[0.331s] Level 5:colcon.colcon_core.verb:set package 'opencv_telemetry' build argument 'cmake_target_skip_unavailable' from command line to 'False'
[0.331s] Level 5:colcon.colcon_core.verb:set package 'opencv_telemetry' build argument 'cmake_clean_cache' from command line to 'False'
[0.331s] Level 5:colcon.colcon_core.verb:set package 'opencv_telemetry' build argument 'cmake_clean_first' from command line to 'False'
[0.331s] Level 5:colcon.colcon_core.verb:set package 'opencv_telemetry' build argument 'cmake_force_configure' from command line to 'False'
[0.331s] Level 5:colcon.colcon_core.verb:set package 'opencv_telemetry' build argument 'ament_cmake_args' from command line to 'None'
[0.331s] Level 5:colcon.colcon_core.verb:set package 'opencv_telemetry' build argument 'catkin_cmake_args' from command line to 'None'
[0.331s] Level 5:colcon.colcon_core.verb:set package 'opencv_telemetry' build argument 'catkin_skip_building_tests' from command line to 'False'
[0.331s] DEBUG:colcon.colcon_core.verb:Building package 'opencv_telemetry' with the following arguments: {'ament_cmake_args': None, 'build_base': '/home/corelab/opencv_ros2/build/opencv_telemetry', 'catkin_cmake_args': None, 'catkin_skip_building_tests': False, 'cmake_args': None, 'cmake_clean_cache': False, 'cmake_clean_first': False, 'cmake_force_configure': False, 'cmake_target': None, 'cmake_target_skip_unavailable': False, 'install_base': '/home/corelab/opencv_ros2/install/opencv_telemetry', 'merge_install': False, 'path': '/home/corelab/opencv_ros2/src/opencv_telemetry', 'symlink_install': False, 'test_result_base': None}
[0.332s] INFO:colcon.colcon_core.executor:Executing jobs using 'parallel' executor
[0.334s] DEBUG:colcon.colcon_parallel_executor.executor.parallel:run_until_complete
[0.334s] INFO:colcon.colcon_ros.task.ament_cmake.build:Building ROS package in '/home/corelab/opencv_ros2/src/opencv_telemetry' with build type 'ament_cmake'
[0.334s] INFO:colcon.colcon_cmake.task.cmake.build:Building CMake package in '/home/corelab/opencv_ros2/src/opencv_telemetry'
[0.336s] INFO:colcon.colcon_core.plugin_system:Skipping extension 'colcon_core.shell.bat': Not used on non-Windows systems
[0.336s] INFO:colcon.colcon_core.shell:Skip shell extension 'powershell' for command environment: Not usable outside of PowerShell
[0.336s] DEBUG:colcon.colcon_core.shell:Skip shell extension 'dsv' for command environment
[0.348s] DEBUG:colcon.colcon_core.event_handler.log_command:Invoking command in '/home/corelab/opencv_ros2/build/opencv_telemetry': CMAKE_PREFIX_PATH=${CMAKE_PREFIX_PATH}:/home/corelab/ros2_camera_calibration/install/camera_calibration:/opt/ros/foxy /home/corelab/.local/bin/cmake /home/corelab/opencv_ros2/src/opencv_telemetry -DCMAKE_INSTALL_PREFIX=/home/corelab/opencv_ros2/install/opencv_telemetry
[2.874s] DEBUG:colcon.colcon_core.event_handler.log_command:Invoked command in '/home/corelab/opencv_ros2/build/opencv_telemetry' returned '0': CMAKE_PREFIX_PATH=${CMAKE_PREFIX_PATH}:/home/corelab/ros2_camera_calibration/install/camera_calibration:/opt/ros/foxy /home/corelab/.local/bin/cmake /home/corelab/opencv_ros2/src/opencv_telemetry -DCMAKE_INSTALL_PREFIX=/home/corelab/opencv_ros2/install/opencv_telemetry
[2.877s] DEBUG:colcon.colcon_core.event_handler.log_command:Invoking command in '/home/corelab/opencv_ros2/build/opencv_telemetry': CMAKE_PREFIX_PATH=${CMAKE_PREFIX_PATH}:/home/corelab/ros2_camera_calibration/install/camera_calibration:/opt/ros/foxy /home/corelab/.local/bin/cmake --build /home/corelab/opencv_ros2/build/opencv_telemetry -- -j16 -l16
[23.812s] DEBUG:colcon.colcon_core.event_handler.log_command:Invoked command in '/home/corelab/opencv_ros2/build/opencv_telemetry' returned '0': CMAKE_PREFIX_PATH=${CMAKE_PREFIX_PATH}:/home/corelab/ros2_camera_calibration/install/camera_calibration:/opt/ros/foxy /home/corelab/.local/bin/cmake --build /home/corelab/opencv_ros2/build/opencv_telemetry -- -j16 -l16
[24.102s] DEBUG:colcon.colcon_core.event_handler.log_command:Invoking command in '/home/corelab/opencv_ros2/build/opencv_telemetry': CMAKE_PREFIX_PATH=${CMAKE_PREFIX_PATH}:/home/corelab/ros2_camera_calibration/install/camera_calibration:/opt/ros/foxy /home/corelab/.local/bin/cmake --install /home/corelab/opencv_ros2/build/opencv_telemetry
[24.166s] Level 1:colcon.colcon_core.environment:create_environment_scripts_only(opencv_telemetry)
[24.167s] DEBUG:colcon.colcon_core.event_handler.log_command:Invoked command in '/home/corelab/opencv_ros2/build/opencv_telemetry' returned '0': CMAKE_PREFIX_PATH=${CMAKE_PREFIX_PATH}:/home/corelab/ros2_camera_calibration/install/camera_calibration:/opt/ros/foxy /home/corelab/.local/bin/cmake --install /home/corelab/opencv_ros2/build/opencv_telemetry
[24.170s] Level 1:colcon.colcon_core.environment:checking '/home/corelab/opencv_ros2/install/opencv_telemetry' for CMake module files
[24.170s] Level 1:colcon.colcon_core.environment:checking '/home/corelab/opencv_ros2/install/opencv_telemetry' for CMake config files
[24.170s] Level 1:colcon.colcon_core.shell:create_environment_hook('opencv_telemetry', 'cmake_prefix_path')
[24.171s] INFO:colcon.colcon_core.shell:Creating environment hook '/home/corelab/opencv_ros2/install/opencv_telemetry/share/opencv_telemetry/hook/cmake_prefix_path.ps1'
[24.172s] INFO:colcon.colcon_core.shell:Creating environment descriptor '/home/corelab/opencv_ros2/install/opencv_telemetry/share/opencv_telemetry/hook/cmake_prefix_path.dsv'
[24.172s] INFO:colcon.colcon_core.shell:Creating environment hook '/home/corelab/opencv_ros2/install/opencv_telemetry/share/opencv_telemetry/hook/cmake_prefix_path.sh'
[24.172s] Level 1:colcon.colcon_core.environment:checking '/home/corelab/opencv_ros2/install/opencv_telemetry/lib'
[24.172s] Level 1:colcon.colcon_core.shell:create_environment_hook('opencv_telemetry', 'ld_library_path_lib')
[24.173s] INFO:colcon.colcon_core.shell:Creating environment hook '/home/corelab/opencv_ros2/install/opencv_telemetry/share/opencv_telemetry/hook/ld_library_path_lib.ps1'
[24.173s] INFO:colcon.colcon_core.shell:Creating environment descriptor '/home/corelab/opencv_ros2/install/opencv_telemetry/share/opencv_telemetry/hook/ld_library_path_lib.dsv'
[24.173s] INFO:colcon.colcon_core.shell:Creating environment hook '/home/corelab/opencv_ros2/install/opencv_telemetry/share/opencv_telemetry/hook/ld_library_path_lib.sh'
[24.174s] Level 1:colcon.colcon_core.environment:checking '/home/corelab/opencv_ros2/install/opencv_telemetry/bin'
[24.174s] Level 1:colcon.colcon_core.environment:checking '/home/corelab/opencv_ros2/install/opencv_telemetry/lib/pkgconfig/opencv_telemetry.pc'
[24.174s] Level 1:colcon.colcon_core.environment:checking '/home/corelab/opencv_ros2/install/opencv_telemetry/lib/python3.8/site-packages'
[24.174s] Level 1:colcon.colcon_core.shell:create_environment_hook('opencv_telemetry', 'pythonpath')
[24.175s] INFO:colcon.colcon_core.shell:Creating environment hook '/home/corelab/opencv_ros2/install/opencv_telemetry/share/opencv_telemetry/hook/pythonpath.ps1'
[24.175s] INFO:colcon.colcon_core.shell:Creating environment descriptor '/home/corelab/opencv_ros2/install/opencv_telemetry/share/opencv_telemetry/hook/pythonpath.dsv'
[24.175s] INFO:colcon.colcon_core.shell:Creating environment hook '/home/corelab/opencv_ros2/install/opencv_telemetry/share/opencv_telemetry/hook/pythonpath.sh'
[24.175s] Level 1:colcon.colcon_core.environment:checking '/home/corelab/opencv_ros2/install/opencv_telemetry/bin'
[24.176s] INFO:colcon.colcon_core.shell:Creating package script '/home/corelab/opencv_ros2/install/opencv_telemetry/share/opencv_telemetry/package.ps1'
[24.177s] INFO:colcon.colcon_core.shell:Creating package descriptor '/home/corelab/opencv_ros2/install/opencv_telemetry/share/opencv_telemetry/package.dsv'
[24.177s] INFO:colcon.colcon_core.shell:Creating package script '/home/corelab/opencv_ros2/install/opencv_telemetry/share/opencv_telemetry/package.sh'
[24.177s] INFO:colcon.colcon_core.shell:Creating package script '/home/corelab/opencv_ros2/install/opencv_telemetry/share/opencv_telemetry/package.bash'
[24.177s] INFO:colcon.colcon_core.shell:Creating package script '/home/corelab/opencv_ros2/install/opencv_telemetry/share/opencv_telemetry/package.zsh'
[24.178s] Level 1:colcon.colcon_core.environment:create_file_with_runtime_dependencies(/home/corelab/opencv_ros2/install/opencv_telemetry/share/colcon-core/packages/opencv_telemetry)
[24.248s] Level 1:colcon.colcon_core.environment:create_environment_scripts_only(opencv_telemetry)
[24.249s] Level 1:colcon.colcon_core.environment:checking '/home/corelab/opencv_ros2/install/opencv_telemetry' for CMake module files
[24.250s] Level 1:colcon.colcon_core.environment:checking '/home/corelab/opencv_ros2/install/opencv_telemetry' for CMake config files
[24.250s] Level 1:colcon.colcon_core.shell:create_environment_hook('opencv_telemetry', 'cmake_prefix_path')
[24.251s] INFO:colcon.colcon_core.shell:Creating environment hook '/home/corelab/opencv_ros2/install/opencv_telemetry/share/opencv_telemetry/hook/cmake_prefix_path.ps1'
[24.251s] INFO:colcon.colcon_core.shell:Creating environment descriptor '/home/corelab/opencv_ros2/install/opencv_telemetry/share/opencv_telemetry/hook/cmake_prefix_path.dsv'
[24.251s] INFO:colcon.colcon_core.shell:Creating environment hook '/home/corelab/opencv_ros2/install/opencv_telemetry/share/opencv_telemetry/hook/cmake_prefix_path.sh'
[24.252s] Level 1:colcon.colcon_core.environment:checking '/home/corelab/opencv_ros2/install/opencv_telemetry/lib'
[24.252s] Level 1:colcon.colcon_core.shell:create_environment_hook('opencv_telemetry', 'ld_library_path_lib')
[24.253s] INFO:colcon.colcon_core.shell:Creating environment hook '/home/corelab/opencv_ros2/install/opencv_telemetry/share/opencv_telemetry/hook/ld_library_path_lib.ps1'
[24.254s] INFO:colcon.colcon_core.shell:Creating environment descriptor '/home/corelab/opencv_ros2/install/opencv_telemetry/share/opencv_telemetry/hook/ld_library_path_lib.dsv'
[24.254s] INFO:colcon.colcon_core.shell:Creating environment hook '/home/corelab/opencv_ros2/install/opencv_telemetry/share/opencv_telemetry/hook/ld_library_path_lib.sh'
[24.254s] Level 1:colcon.colcon_core.environment:checking '/home/corelab/opencv_ros2/install/opencv_telemetry/bin'
[24.254s] Level 1:colcon.colcon_core.environment:checking '/home/corelab/opencv_ros2/install/opencv_telemetry/lib/pkgconfig/opencv_telemetry.pc'
[24.254s] Level 1:colcon.colcon_core.environment:checking '/home/corelab/opencv_ros2/install/opencv_telemetry/lib/python3.8/site-packages'
[24.254s] Level 1:colcon.colcon_core.shell:create_environment_hook('opencv_telemetry', 'pythonpath')
[24.256s] INFO:colcon.colcon_core.shell:Creating environment hook '/home/corelab/opencv_ros2/install/opencv_telemetry/share/opencv_telemetry/hook/pythonpath.ps1'
[24.256s] INFO:colcon.colcon_core.shell:Creating environment descriptor '/home/corelab/opencv_ros2/install/opencv_telemetry/share/opencv_telemetry/hook/pythonpath.dsv'
[24.257s] INFO:colcon.colcon_core.shell:Creating environment hook '/home/corelab/opencv_ros2/install/opencv_telemetry/share/opencv_telemetry/hook/pythonpath.sh'
[24.257s] Level 1:colcon.colcon_core.environment:checking '/home/corelab/opencv_ros2/install/opencv_telemetry/bin'
[24.258s] INFO:colcon.colcon_core.shell:Creating package script '/home/corelab/opencv_ros2/install/opencv_telemetry/share/opencv_telemetry/package.ps1'
[24.259s] INFO:colcon.colcon_core.shell:Creating package descriptor '/home/corelab/opencv_ros2/install/opencv_telemetry/share/opencv_telemetry/package.dsv'
[24.259s] INFO:colcon.colcon_core.shell:Creating package script '/home/corelab/opencv_ros2/install/opencv_telemetry/share/opencv_telemetry/package.sh'
[24.259s] INFO:colcon.colcon_core.shell:Creating package script '/home/corelab/opencv_ros2/install/opencv_telemetry/share/opencv_telemetry/package.bash'
[24.260s] INFO:colcon.colcon_core.shell:Creating package script '/home/corelab/opencv_ros2/install/opencv_telemetry/share/opencv_telemetry/package.zsh'
[24.260s] Level 1:colcon.colcon_core.environment:create_file_with_runtime_dependencies(/home/corelab/opencv_ros2/install/opencv_telemetry/share/colcon-core/packages/opencv_telemetry)
[24.260s] DEBUG:colcon.colcon_parallel_executor.executor.parallel:closing loop
[24.260s] DEBUG:colcon.colcon_parallel_executor.executor.parallel:loop closed
[24.260s] DEBUG:colcon.colcon_parallel_executor.executor.parallel:run_until_complete finished with '0'
[24.260s] DEBUG:colcon.colcon_core.event_reactor:joining thread
[24.264s] INFO:colcon.colcon_core.plugin_system:Skipping extension 'colcon_notification.desktop_notification.terminal_notifier': Not used on non-Darwin systems
[24.264s] INFO:colcon.colcon_core.plugin_system:Skipping extension 'colcon_notification.desktop_notification.win32': Not used on non-Windows systems
[24.264s] INFO:colcon.colcon_notification.desktop_notification:Sending desktop notification using 'notify2'
[24.279s] DEBUG:colcon.colcon_core.event_reactor:joined thread
[24.281s] INFO:colcon.colcon_core.shell:Creating prefix script '/home/corelab/opencv_ros2/install/local_setup.ps1'
[24.282s] INFO:colcon.colcon_core.shell:Creating prefix util module '/home/corelab/opencv_ros2/install/_local_setup_util_ps1.py'
[24.283s] INFO:colcon.colcon_core.shell:Creating prefix chain script '/home/corelab/opencv_ros2/install/setup.ps1'
[24.284s] INFO:colcon.colcon_core.shell:Creating prefix script '/home/corelab/opencv_ros2/install/local_setup.sh'
[24.285s] INFO:colcon.colcon_core.shell:Creating prefix util module '/home/corelab/opencv_ros2/install/_local_setup_util_sh.py'
[24.285s] INFO:colcon.colcon_core.shell:Creating prefix chain script '/home/corelab/opencv_ros2/install/setup.sh'
[24.287s] INFO:colcon.colcon_core.shell:Creating prefix script '/home/corelab/opencv_ros2/install/local_setup.bash'
[24.287s] INFO:colcon.colcon_core.shell:Creating prefix chain script '/home/corelab/opencv_ros2/install/setup.bash'
[24.289s] INFO:colcon.colcon_core.shell:Creating prefix script '/home/corelab/opencv_ros2/install/local_setup.zsh'
[24.289s] INFO:colcon.colcon_core.shell:Creating prefix chain script '/home/corelab/opencv_ros2/install/setup.zsh'
