[0.757s] Invoking command in '/home/corelab/CatchingBlimp/Summer2023/ros2_stereo/build/image_proc': CMAKE_PREFIX_PATH=${CMAKE_PREFIX_PATH}:/opt/ros/foxy /usr/bin/cmake /home/corelab/CatchingBlimp/Summer2023/ros2_stereo/src/image_proc -DCMAKE_INSTALL_PREFIX=/home/corelab/CatchingBlimp/Summer2023/ros2_stereo/install/image_proc
[0.768s] -- Found ament_cmake_auto: 0.9.12 (/opt/ros/foxy/share/ament_cmake_auto/cmake)
[0.787s] -- Using PYTHON_EXECUTABLE: /usr/bin/python3
[0.949s] -- Override CMake install command with custom implementation using symlinks instead of copying resources
[1.035s] -- Using all available rosidl_typesupport_c: rosidl_typesupport_fastrtps_c;rosidl_typesupport_introspection_c
[1.037s] -- Found rosidl_adapter: 1.3.1 (/opt/ros/foxy/share/rosidl_adapter/cmake)
[1.133s] -- Using all available rosidl_typesupport_cpp: rosidl_typesupport_fastrtps_cpp;rosidl_typesupport_introspection_cpp
[1.317s] -- Found rmw_implementation_cmake: 1.0.4 (/opt/ros/foxy/share/rmw_implementation_cmake/cmake)
[1.318s] -- Using RMW implementation 'rmw_fastrtps_cpp' as default
[1.718s] -- Found ament_lint_auto: 0.9.8 (/opt/ros/foxy/share/ament_lint_auto/cmake)
[1.729s] -- Added test 'copyright' to check source files copyright and LICENSE
[1.735s] -- Added test 'cppcheck' to perform static code analysis on C / C++ code
[1.736s] -- Configured cppcheck include dirs: /home/corelab/CatchingBlimp/Summer2023/ros2_stereo/src/image_proc/include
[1.737s] -- Configured cppcheck exclude dirs and/or files: 
[1.741s] -- Added test 'cpplint' to check C / C++ code against the Google style
[1.741s] -- Configured cpplint exclude dirs and/or files: 
[1.742s] -- Added test 'flake8' to check Python code syntax and style conventions
[1.743s] -- Added test 'lint_cmake' to check CMake code style
[1.745s] -- Added test 'pep257' to check Python code against some of the style conventions in PEP 257
[1.752s] -- Added test 'uncrustify' to check C / C++ code style
[1.753s] -- Configured uncrustify additional arguments: 
[1.753s] -- Added test 'xmllint' to check XML markup files
[1.755s] -- Configuring done
[1.918s] -- Generating done
[1.920s] -- Build files have been written to: /home/corelab/CatchingBlimp/Summer2023/ros2_stereo/build/image_proc
[1.929s] Invoked command in '/home/corelab/CatchingBlimp/Summer2023/ros2_stereo/build/image_proc' returned '0': CMAKE_PREFIX_PATH=${CMAKE_PREFIX_PATH}:/opt/ros/foxy /usr/bin/cmake /home/corelab/CatchingBlimp/Summer2023/ros2_stereo/src/image_proc -DCMAKE_INSTALL_PREFIX=/home/corelab/CatchingBlimp/Summer2023/ros2_stereo/install/image_proc
[1.930s] Invoking command in '/home/corelab/CatchingBlimp/Summer2023/ros2_stereo/build/image_proc': CMAKE_PREFIX_PATH=${CMAKE_PREFIX_PATH}:/opt/ros/foxy /usr/bin/cmake --build /home/corelab/CatchingBlimp/Summer2023/ros2_stereo/build/image_proc -- -j8 -l8
[1.984s] [ 13%] Built target image_proc
[2.014s] [ 26%] Built target rectify
[2.042s] [ 46%] Built target debayer
[2.072s] [ 60%] Built target resize
[2.104s] [ 73%] Built target crop_decimate
[2.131s] [ 86%] Built target crop_non_zero
[2.161s] [100%] Built target image_proc_exe
[2.171s] Invoked command in '/home/corelab/CatchingBlimp/Summer2023/ros2_stereo/build/image_proc' returned '0': CMAKE_PREFIX_PATH=${CMAKE_PREFIX_PATH}:/opt/ros/foxy /usr/bin/cmake --build /home/corelab/CatchingBlimp/Summer2023/ros2_stereo/build/image_proc -- -j8 -l8
[2.204s] Invoking command in '/home/corelab/CatchingBlimp/Summer2023/ros2_stereo/build/image_proc': CMAKE_PREFIX_PATH=${CMAKE_PREFIX_PATH}:/opt/ros/foxy /usr/bin/cmake --install /home/corelab/CatchingBlimp/Summer2023/ros2_stereo/build/image_proc
[2.211s] -- Install configuration: ""
[2.211s] -- Execute custom install script
[2.212s] -- Up-to-date symlink: /home/corelab/CatchingBlimp/Summer2023/ros2_stereo/install/image_proc/bin/image_proc
[2.212s] -- Up-to-date symlink: /home/corelab/CatchingBlimp/Summer2023/ros2_stereo/install/image_proc/include/image_proc/crop_decimate.hpp
[2.212s] -- Up-to-date symlink: /home/corelab/CatchingBlimp/Summer2023/ros2_stereo/install/image_proc/include/image_proc/crop_non_zero.hpp
[2.212s] -- Up-to-date symlink: /home/corelab/CatchingBlimp/Summer2023/ros2_stereo/install/image_proc/include/image_proc/debayer.hpp
[2.213s] -- Up-to-date symlink: /home/corelab/CatchingBlimp/Summer2023/ros2_stereo/install/image_proc/include/image_proc/edge_aware.hpp
[2.213s] -- Up-to-date symlink: /home/corelab/CatchingBlimp/Summer2023/ros2_stereo/install/image_proc/include/image_proc/processor.hpp
[2.213s] -- Up-to-date symlink: /home/corelab/CatchingBlimp/Summer2023/ros2_stereo/install/image_proc/include/image_proc/rectify.hpp
[2.213s] -- Up-to-date symlink: /home/corelab/CatchingBlimp/Summer2023/ros2_stereo/install/image_proc/include/image_proc/resize.hpp
[2.213s] -- Up-to-date symlink: /home/corelab/CatchingBlimp/Summer2023/ros2_stereo/install/image_proc/share/image_proc/environment/library_path.sh
[2.213s] -- Up-to-date symlink: /home/corelab/CatchingBlimp/Summer2023/ros2_stereo/install/image_proc/share/image_proc/environment/library_path.dsv
[2.214s] -- Up-to-date symlink: /home/corelab/CatchingBlimp/Summer2023/ros2_stereo/install/image_proc/lib/libimage_proc.so
[2.214s] -- Up-to-date symlink: /home/corelab/CatchingBlimp/Summer2023/ros2_stereo/install/image_proc/lib/librectify.so
[2.214s] -- Up-to-date symlink: /home/corelab/CatchingBlimp/Summer2023/ros2_stereo/install/image_proc/lib/libdebayer.so
[2.214s] -- Up-to-date symlink: /home/corelab/CatchingBlimp/Summer2023/ros2_stereo/install/image_proc/lib/libresize.so
[2.214s] -- Up-to-date symlink: /home/corelab/CatchingBlimp/Summer2023/ros2_stereo/install/image_proc/lib/libcrop_decimate.so
[2.215s] -- Up-to-date symlink: /home/corelab/CatchingBlimp/Summer2023/ros2_stereo/install/image_proc/lib/libcrop_non_zero.so
[2.215s] -- Up-to-date symlink: /home/corelab/CatchingBlimp/Summer2023/ros2_stereo/install/image_proc/lib/image_proc/image_proc
[2.215s] -- Up-to-date symlink: /home/corelab/CatchingBlimp/Summer2023/ros2_stereo/install/image_proc/share/image_proc/launch/image_proc.launch.py
[2.215s] -- Up-to-date symlink: /home/corelab/CatchingBlimp/Summer2023/ros2_stereo/install/image_proc/share/ament_index/resource_index/package_run_dependencies/image_proc
[2.216s] -- Up-to-date symlink: /home/corelab/CatchingBlimp/Summer2023/ros2_stereo/install/image_proc/share/ament_index/resource_index/parent_prefix_path/image_proc
[2.216s] -- Up-to-date symlink: /home/corelab/CatchingBlimp/Summer2023/ros2_stereo/install/image_proc/share/image_proc/environment/ament_prefix_path.sh
[2.216s] -- Up-to-date symlink: /home/corelab/CatchingBlimp/Summer2023/ros2_stereo/install/image_proc/share/image_proc/environment/ament_prefix_path.dsv
[2.217s] -- Up-to-date symlink: /home/corelab/CatchingBlimp/Summer2023/ros2_stereo/install/image_proc/share/image_proc/environment/path.sh
[2.217s] -- Up-to-date symlink: /home/corelab/CatchingBlimp/Summer2023/ros2_stereo/install/image_proc/share/image_proc/environment/path.dsv
[2.217s] -- Up-to-date symlink: /home/corelab/CatchingBlimp/Summer2023/ros2_stereo/install/image_proc/share/image_proc/local_setup.bash
[2.217s] -- Up-to-date symlink: /home/corelab/CatchingBlimp/Summer2023/ros2_stereo/install/image_proc/share/image_proc/local_setup.sh
[2.217s] -- Up-to-date symlink: /home/corelab/CatchingBlimp/Summer2023/ros2_stereo/install/image_proc/share/image_proc/local_setup.zsh
[2.218s] -- Up-to-date symlink: /home/corelab/CatchingBlimp/Summer2023/ros2_stereo/install/image_proc/share/image_proc/local_setup.dsv
[2.218s] -- Symlinking: /home/corelab/CatchingBlimp/Summer2023/ros2_stereo/install/image_proc/share/image_proc/package.dsv
[2.226s] -- Up-to-date symlink: /home/corelab/CatchingBlimp/Summer2023/ros2_stereo/install/image_proc/share/ament_index/resource_index/packages/image_proc
[2.226s] -- Up-to-date symlink: /home/corelab/CatchingBlimp/Summer2023/ros2_stereo/install/image_proc/share/ament_index/resource_index/rclcpp_components/image_proc
[2.226s] -- Up-to-date symlink: /home/corelab/CatchingBlimp/Summer2023/ros2_stereo/install/image_proc/share/image_proc/cmake/ament_cmake_export_dependencies-extras.cmake
[2.227s] -- Up-to-date symlink: /home/corelab/CatchingBlimp/Summer2023/ros2_stereo/install/image_proc/share/image_proc/cmake/ament_cmake_export_include_directories-extras.cmake
[2.227s] -- Up-to-date symlink: /home/corelab/CatchingBlimp/Summer2023/ros2_stereo/install/image_proc/share/image_proc/cmake/ament_cmake_export_libraries-extras.cmake
[2.227s] -- Up-to-date symlink: /home/corelab/CatchingBlimp/Summer2023/ros2_stereo/install/image_proc/share/image_proc/cmake/image_procConfig.cmake
[2.227s] -- Up-to-date symlink: /home/corelab/CatchingBlimp/Summer2023/ros2_stereo/install/image_proc/share/image_proc/cmake/image_procConfig-version.cmake
[2.227s] -- Up-to-date symlink: /home/corelab/CatchingBlimp/Summer2023/ros2_stereo/install/image_proc/share/image_proc/package.xml
[2.232s] Invoked command in '/home/corelab/CatchingBlimp/Summer2023/ros2_stereo/build/image_proc' returned '0': CMAKE_PREFIX_PATH=${CMAKE_PREFIX_PATH}:/opt/ros/foxy /usr/bin/cmake --install /home/corelab/CatchingBlimp/Summer2023/ros2_stereo/build/image_proc
