[0.025s] Invoking command in '/home/corelab/ros2_stereo/build/image_view': CMAKE_PREFIX_PATH=${CMAKE_PREFIX_PATH}:/home/corelab/ros2_camera_calibration/install/camera_calibration:/opt/ros/foxy /home/corelab/.local/bin/cmake --build /home/corelab/ros2_stereo/build/image_view -- -j16 -l16
[0.071s] [ 36%] Built target image_view_nodes
[0.082s] [ 47%] Built target video_recorder
[0.082s] [ 57%] Built target stereo_view
[0.082s] [ 68%] Built target image_view
[0.082s] [ 78%] Built target extract_images
[0.083s] [ 89%] Built target image_saver
[0.084s] [ 94%] [32mBuilding CXX object CMakeFiles/disparity_view.dir/src/disparity_view.cpp.o[0m
[1.546s] [100%] [32m[1mLinking CXX executable disparity_view[0m
[2.112s] [100%] Built target disparity_view
[2.123s] Invoked command in '/home/corelab/ros2_stereo/build/image_view' returned '0': CMAKE_PREFIX_PATH=${CMAKE_PREFIX_PATH}:/home/corelab/ros2_camera_calibration/install/camera_calibration:/opt/ros/foxy /home/corelab/.local/bin/cmake --build /home/corelab/ros2_stereo/build/image_view -- -j16 -l16
[2.183s] Invoking command in '/home/corelab/ros2_stereo/build/image_view': CMAKE_PREFIX_PATH=${CMAKE_PREFIX_PATH}:/home/corelab/ros2_camera_calibration/install/camera_calibration:/opt/ros/foxy /home/corelab/.local/bin/cmake --install /home/corelab/ros2_stereo/build/image_view
[2.206s] -- Install configuration: ""
[2.206s] -- Up-to-date: /home/corelab/ros2_stereo/install/image_view/include
[2.206s] -- Up-to-date: /home/corelab/ros2_stereo/install/image_view/include/image_view
[2.206s] -- Up-to-date: /home/corelab/ros2_stereo/install/image_view/include/image_view/disparity_view_node.hpp
[2.206s] -- Up-to-date: /home/corelab/ros2_stereo/install/image_view/include/image_view/image_saver_node.hpp
[2.206s] -- Up-to-date: /home/corelab/ros2_stereo/install/image_view/include/image_view/extract_images_node.hpp
[2.206s] -- Up-to-date: /home/corelab/ros2_stereo/install/image_view/include/image_view/video_recorder_node.hpp
[2.206s] -- Up-to-date: /home/corelab/ros2_stereo/install/image_view/include/image_view/stereo_view_node.hpp
[2.206s] -- Up-to-date: /home/corelab/ros2_stereo/install/image_view/include/image_view/image_view_node.hpp
[2.206s] -- Up-to-date: /home/corelab/ros2_stereo/install/image_view/share/image_view/environment/library_path.sh
[2.206s] -- Up-to-date: /home/corelab/ros2_stereo/install/image_view/share/image_view/environment/library_path.dsv
[2.206s] -- Up-to-date: /home/corelab/ros2_stereo/install/image_view/lib/libimage_view_nodes.so
[2.206s] -- Installing: /home/corelab/ros2_stereo/install/image_view/lib/image_view/disparity_view
[2.206s] -- Set runtime path of "/home/corelab/ros2_stereo/install/image_view/lib/image_view/disparity_view" to ""
[2.206s] -- Up-to-date: /home/corelab/ros2_stereo/install/image_view/lib/image_view/image_view
[2.206s] -- Up-to-date: /home/corelab/ros2_stereo/install/image_view/lib/image_view/stereo_view
[2.206s] -- Up-to-date: /home/corelab/ros2_stereo/install/image_view/lib/image_view/extract_images
[2.206s] -- Up-to-date: /home/corelab/ros2_stereo/install/image_view/lib/image_view/image_saver
[2.206s] -- Up-to-date: /home/corelab/ros2_stereo/install/image_view/lib/image_view/video_recorder
[2.206s] -- Up-to-date: /home/corelab/ros2_stereo/install/image_view/share/ament_index/resource_index/package_run_dependencies/image_view
[2.206s] -- Up-to-date: /home/corelab/ros2_stereo/install/image_view/share/ament_index/resource_index/parent_prefix_path/image_view
[2.206s] -- Up-to-date: /home/corelab/ros2_stereo/install/image_view/share/image_view/environment/ament_prefix_path.sh
[2.207s] -- Up-to-date: /home/corelab/ros2_stereo/install/image_view/share/image_view/environment/ament_prefix_path.dsv
[2.207s] -- Up-to-date: /home/corelab/ros2_stereo/install/image_view/share/image_view/environment/path.sh
[2.207s] -- Up-to-date: /home/corelab/ros2_stereo/install/image_view/share/image_view/environment/path.dsv
[2.207s] -- Up-to-date: /home/corelab/ros2_stereo/install/image_view/share/image_view/local_setup.bash
[2.207s] -- Up-to-date: /home/corelab/ros2_stereo/install/image_view/share/image_view/local_setup.sh
[2.207s] -- Up-to-date: /home/corelab/ros2_stereo/install/image_view/share/image_view/local_setup.zsh
[2.207s] -- Up-to-date: /home/corelab/ros2_stereo/install/image_view/share/image_view/local_setup.dsv
[2.207s] -- Installing: /home/corelab/ros2_stereo/install/image_view/share/image_view/package.dsv
[2.207s] -- Up-to-date: /home/corelab/ros2_stereo/install/image_view/share/ament_index/resource_index/packages/image_view
[2.207s] -- Up-to-date: /home/corelab/ros2_stereo/install/image_view/share/ament_index/resource_index/rclcpp_components/image_view
[2.207s] -- Up-to-date: /home/corelab/ros2_stereo/install/image_view/share/image_view/cmake/ament_cmake_export_dependencies-extras.cmake
[2.207s] -- Up-to-date: /home/corelab/ros2_stereo/install/image_view/share/image_view/cmake/ament_cmake_export_include_directories-extras.cmake
[2.207s] -- Up-to-date: /home/corelab/ros2_stereo/install/image_view/share/image_view/cmake/ament_cmake_export_libraries-extras.cmake
[2.207s] -- Up-to-date: /home/corelab/ros2_stereo/install/image_view/share/image_view/cmake/image_viewConfig.cmake
[2.207s] -- Up-to-date: /home/corelab/ros2_stereo/install/image_view/share/image_view/cmake/image_viewConfig-version.cmake
[2.207s] -- Up-to-date: /home/corelab/ros2_stereo/install/image_view/share/image_view/package.xml
[2.213s] Invoked command in '/home/corelab/ros2_stereo/build/image_view' returned '0': CMAKE_PREFIX_PATH=${CMAKE_PREFIX_PATH}:/home/corelab/ros2_camera_calibration/install/camera_calibration:/opt/ros/foxy /home/corelab/.local/bin/cmake --install /home/corelab/ros2_stereo/build/image_view
