[0.036s] Invoking command in '/home/corelab/GitHub/CatchingBlimp/Summer2023/ros2_stereo/build/stereo_combined': CMAKE_PREFIX_PATH=${CMAKE_PREFIX_PATH}:/home/corelab/Luke_ML_Blimp/ros2_tracks_ws/install/track_ros2:/opt/ros/foxy /home/corelab/.local/bin/cmake --build /home/corelab/GitHub/CatchingBlimp/Summer2023/ros2_stereo/build/stereo_combined -- -j16 -l16
[0.108s] [ 25%] [32mBuilding CXX object CMakeFiles/stereo_combined_node.dir/src/StereoCombined.cpp.o[0m
[2.387s] In file included from [01m[K/usr/include/x86_64-linux-gnu/c++/9/bits/c++allocator.h:33[m[K,
[2.387s]                  from [01m[K/usr/include/c++/9/bits/allocator.h:46[m[K,
[2.387s]                  from [01m[K/usr/include/c++/9/memory:63[m[K,
[2.387s]                  from [01m[K/home/corelab/GitHub/CatchingBlimp/Summer2023/ros2_stereo/src/stereo_combined/include/StereoCombined.hpp:4[m[K,
[2.387s]                  from [01m[K/home/corelab/GitHub/CatchingBlimp/Summer2023/ros2_stereo/src/stereo_combined/src/StereoCombined.cpp:1[m[K:
[2.387s] /usr/include/c++/9/ext/new_allocator.h: In instantiation of ‘[01m[Kvoid __gnu_cxx::new_allocator<_Tp>::construct(_Up*, _Args&& ...) [with _Up = sensor_msgs::msg::Image_<std::allocator<void> >; _Args = {std::shared_ptr<sensor_msgs::msg::Image_<std::allocator<void> > >&}; _Tp = sensor_msgs::msg::Image_<std::allocator<void> >][m[K’:
[2.387s] [01m[K/usr/include/c++/9/bits/alloc_traits.h:483:4:[m[K   required from ‘[01m[Kstatic void std::allocator_traits<std::allocator<_Tp1> >::construct(std::allocator_traits<std::allocator<_Tp1> >::allocator_type&, _Up*, _Args&& ...) [with _Up = sensor_msgs::msg::Image_<std::allocator<void> >; _Args = {std::shared_ptr<sensor_msgs::msg::Image_<std::allocator<void> > >&}; _Tp = sensor_msgs::msg::Image_<std::allocator<void> >; std::allocator_traits<std::allocator<_Tp1> >::allocator_type = std::allocator<sensor_msgs::msg::Image_<std::allocator<void> > >][m[K’
[2.387s] [01m[K/usr/include/c++/9/bits/shared_ptr_base.h:548:39:[m[K   required from ‘[01m[Kstd::_Sp_counted_ptr_inplace<_Tp, _Alloc, _Lp>::_Sp_counted_ptr_inplace(_Alloc, _Args&& ...) [with _Args = {std::shared_ptr<sensor_msgs::msg::Image_<std::allocator<void> > >&}; _Tp = sensor_msgs::msg::Image_<std::allocator<void> >; _Alloc = std::allocator<sensor_msgs::msg::Image_<std::allocator<void> > >; __gnu_cxx::_Lock_policy _Lp = __gnu_cxx::_S_atomic][m[K’
[2.387s] [01m[K/usr/include/c++/9/bits/shared_ptr_base.h:679:16:[m[K   required from ‘[01m[Kstd::__shared_count<_Lp>::__shared_count(_Tp*&, std::_Sp_alloc_shared_tag<_Alloc>, _Args&& ...) [with _Tp = sensor_msgs::msg::Image_<std::allocator<void> >; _Alloc = std::allocator<sensor_msgs::msg::Image_<std::allocator<void> > >; _Args = {std::shared_ptr<sensor_msgs::msg::Image_<std::allocator<void> > >&}; __gnu_cxx::_Lock_policy _Lp = __gnu_cxx::_S_atomic][m[K’
[2.387s] [01m[K/usr/include/c++/9/bits/shared_ptr_base.h:1344:71:[m[K   required from ‘[01m[Kstd::__shared_ptr<_Tp, _Lp>::__shared_ptr(std::_Sp_alloc_shared_tag<_Tp>, _Args&& ...) [with _Alloc = std::allocator<sensor_msgs::msg::Image_<std::allocator<void> > >; _Args = {std::shared_ptr<sensor_msgs::msg::Image_<std::allocator<void> > >&}; _Tp = sensor_msgs::msg::Image_<std::allocator<void> >; __gnu_cxx::_Lock_policy _Lp = __gnu_cxx::_S_atomic][m[K’
[2.387s] [01m[K/usr/include/c++/9/bits/shared_ptr.h:359:59:[m[K   required from ‘[01m[Kstd::shared_ptr<_Tp>::shared_ptr(std::_Sp_alloc_shared_tag<_Tp>, _Args&& ...) [with _Alloc = std::allocator<sensor_msgs::msg::Image_<std::allocator<void> > >; _Args = {std::shared_ptr<sensor_msgs::msg::Image_<std::allocator<void> > >&}; _Tp = sensor_msgs::msg::Image_<std::allocator<void> >][m[K’
[2.387s] [01m[K/usr/include/c++/9/bits/shared_ptr.h:701:14:[m[K   required from ‘[01m[Kstd::shared_ptr<_Tp> std::allocate_shared(const _Alloc&, _Args&& ...) [with _Tp = sensor_msgs::msg::Image_<std::allocator<void> >; _Alloc = std::allocator<sensor_msgs::msg::Image_<std::allocator<void> > >; _Args = {std::shared_ptr<sensor_msgs::msg::Image_<std::allocator<void> > >&}][m[K’
[2.387s] [01m[K/usr/include/c++/9/bits/shared_ptr.h:717:39:[m[K   required from ‘[01m[Kstd::shared_ptr<_Tp> std::make_shared(_Args&& ...) [with _Tp = sensor_msgs::msg::Image_<std::allocator<void> >; _Args = {std::shared_ptr<sensor_msgs::msg::Image_<std::allocator<void> > >&}][m[K’
[2.387s] [01m[K/home/corelab/GitHub/CatchingBlimp/Summer2023/ros2_stereo/src/stereo_combined/src/StereoCombined.cpp:411:85:[m[K   required from here
[2.387s] [01m[K/usr/include/c++/9/ext/new_allocator.h:146:4:[m[K [01;31m[Kerror: [m[Kno matching function for call to ‘[01m[Ksensor_msgs::msg::Image_<std::allocator<void> >::Image_(std::shared_ptr<sensor_msgs::msg::Image_<std::allocator<void> > >&)[m[K’
[2.387s]   146 |  { [01;31m[K::new((void *)__p) _Up(std::forward<_Args>(__args)...)[m[K; }
[2.387s]       |    [01;31m[K^~~~~~~~~~~~~~~~~~~~~~~~~~~~~~~~~~~~~~~~~~~~~~~~~~~~~~[m[K
[2.387s] In file included from [01m[K/opt/ros/foxy/include/sensor_msgs/msg/image.hpp:7[m[K,
[2.387s]                  from [01m[K/opt/ros/foxy/include/cv_bridge/cv_bridge.h:40[m[K,
[2.387s]                  from [01m[K/home/corelab/GitHub/CatchingBlimp/Summer2023/ros2_stereo/src/stereo_combined/include/StereoCombined.hpp:11[m[K,
[2.388s]                  from [01m[K/home/corelab/GitHub/CatchingBlimp/Summer2023/ros2_stereo/src/stereo_combined/src/StereoCombined.cpp:1[m[K:
[2.388s] [01m[K/opt/ros/foxy/include/sensor_msgs/msg/detail/image__struct.hpp:53:12:[m[K [01;36m[Knote: [m[Kcandidate: ‘[01m[Ksensor_msgs::msg::Image_<ContainerAllocator>::Image_(const ContainerAllocator&, rosidl_runtime_cpp::MessageInitialization) [with ContainerAllocator = std::allocator<void>][m[K’
[2.388s]    53 |   explicit [01;36m[KImage_[m[K(const ContainerAllocator & _alloc, rosidl_runtime_cpp::MessageInitialization _init = rosidl_runtime_cpp::MessageInitialization::ALL)
[2.388s]       |            [01;36m[K^~~~~~[m[K
[2.388s] [01m[K/opt/ros/foxy/include/sensor_msgs/msg/detail/image__struct.hpp:53:46:[m[K [01;36m[Knote: [m[K  no known conversion for argument 1 from ‘[01m[Kstd::shared_ptr<sensor_msgs::msg::Image_<std::allocator<void> > >[m[K’ to ‘[01m[Kconst std::allocator<void>&[m[K’
[2.388s]    53 |   explicit Image_([01;36m[Kconst ContainerAllocator & _alloc[m[K, rosidl_runtime_cpp::MessageInitialization _init = rosidl_runtime_cpp::MessageInitialization::ALL)
[2.388s]       |                   [01;36m[K~~~~~~~~~~~~~~~~~~~~~~~~~~~^~~~~~[m[K
[2.388s] [01m[K/opt/ros/foxy/include/sensor_msgs/msg/detail/image__struct.hpp:39:12:[m[K [01;36m[Knote: [m[Kcandidate: ‘[01m[Ksensor_msgs::msg::Image_<ContainerAllocator>::Image_(rosidl_runtime_cpp::MessageInitialization) [with ContainerAllocator = std::allocator<void>][m[K’
[2.388s]    39 |   explicit [01;36m[KImage_[m[K(rosidl_runtime_cpp::MessageInitialization _init = rosidl_runtime_cpp::MessageInitialization::ALL)
[2.388s]       |            [01;36m[K^~~~~~[m[K
[2.388s] [01m[K/opt/ros/foxy/include/sensor_msgs/msg/detail/image__struct.hpp:39:61:[m[K [01;36m[Knote: [m[K  no known conversion for argument 1 from ‘[01m[Kstd::shared_ptr<sensor_msgs::msg::Image_<std::allocator<void> > >[m[K’ to ‘[01m[Krosidl_runtime_cpp::MessageInitialization[m[K’
[2.388s]    39 |   explicit Image_([01;36m[Krosidl_runtime_cpp::MessageInitialization _init = rosidl_runtime_cpp::MessageInitialization::ALL[m[K)
[2.388s]       |                   [01;36m[K~~~~~~~~~~~~~~~~~~~~~~~~~~~~~~~~~~~~~~~~~~^~~~~~~~~~~~~~~~~~~~~~~~~~~~~~~~~~~~~~~~~~~~~~~~~~~~~~[m[K
[2.388s] [01m[K/opt/ros/foxy/include/sensor_msgs/msg/detail/image__struct.hpp:35:8:[m[K [01;36m[Knote: [m[Kcandidate: ‘[01m[Ksensor_msgs::msg::Image_<std::allocator<void> >::Image_(const sensor_msgs::msg::Image_<std::allocator<void> >&)[m[K’
[2.388s]    35 | struct [01;36m[KImage_[m[K
[2.388s]       |        [01;36m[K^~~~~~[m[K
[2.388s] [01m[K/opt/ros/foxy/include/sensor_msgs/msg/detail/image__struct.hpp:35:8:[m[K [01;36m[Knote: [m[K  no known conversion for argument 1 from ‘[01m[Kstd::shared_ptr<sensor_msgs::msg::Image_<std::allocator<void> > >[m[K’ to ‘[01m[Kconst sensor_msgs::msg::Image_<std::allocator<void> >&[m[K’
[2.388s] [01m[K/opt/ros/foxy/include/sensor_msgs/msg/detail/image__struct.hpp:35:8:[m[K [01;36m[Knote: [m[Kcandidate: ‘[01m[Ksensor_msgs::msg::Image_<std::allocator<void> >::Image_(sensor_msgs::msg::Image_<std::allocator<void> >&&)[m[K’
[2.388s] [01m[K/opt/ros/foxy/include/sensor_msgs/msg/detail/image__struct.hpp:35:8:[m[K [01;36m[Knote: [m[K  no known conversion for argument 1 from ‘[01m[Kstd::shared_ptr<sensor_msgs::msg::Image_<std::allocator<void> > >[m[K’ to ‘[01m[Ksensor_msgs::msg::Image_<std::allocator<void> >&&[m[K’
[3.172s] make[2]: *** [CMakeFiles/stereo_combined_node.dir/build.make:90: CMakeFiles/stereo_combined_node.dir/src/StereoCombined.cpp.o] Error 1
[3.172s] make[1]: *** [CMakeFiles/Makefile2:137: CMakeFiles/stereo_combined_node.dir/all] Error 2
[3.172s] make: *** [Makefile:146: all] Error 2
[3.176s] Invoked command in '/home/corelab/GitHub/CatchingBlimp/Summer2023/ros2_stereo/build/stereo_combined' returned '2': CMAKE_PREFIX_PATH=${CMAKE_PREFIX_PATH}:/home/corelab/Luke_ML_Blimp/ros2_tracks_ws/install/track_ros2:/opt/ros/foxy /home/corelab/.local/bin/cmake --build /home/corelab/GitHub/CatchingBlimp/Summer2023/ros2_stereo/build/stereo_combined -- -j16 -l16
