[0.059s] Invoking command in '/home/corelab/GitHub/CatchingBlimp/Summer2023/ros2_stereo/build/stereo_combined': CMAKE_PREFIX_PATH=/home/corelab/GitHub/CatchingBlimp/Summer2023/ros2_stereo/install/image_proc:/home/corelab/Luke_ML_Blimp/ros2_tracks_ws/install/yolo_msgs:/home/corelab/GitHub/CatchingBlimp/Summer2023/ros2_stereo/install/stereo_image_proc:/home/corelab/GitHub/CatchingBlimp/Summer2023/ros2_stereo/install/yolo_msgs:/home/corelab/GitHub/CatchingBlimp/Summer2023/ros2_stereo/install/stereo_combined:/home/corelab/GitHub/CatchingBlimp/Summer2023/ros2_stereo/install/gscam2:/home/corelab/GitHub/CatchingBlimp/Summer2023/ros2_stereo/install/ros2_shared:/home/corelab/GitHub/CatchingBlimp/Summer2023/ros2_stereo/install/opencv_telemetry:/home/corelab/GitHub/CatchingBlimp/Summer2023/ros2_stereo/install/image_view:/home/corelab/Luke_ML_Blimp/ros2_tracks_ws/install/track_ros2:/opt/ros/foxy LD_LIBRARY_PATH=/home/corelab/GitHub/CatchingBlimp/Summer2023/ros2_stereo/install/image_proc/lib:/home/corelab/Luke_ML_Blimp/ros2_tracks_ws/install/yolo_msgs/lib:/home/corelab/GitHub/CatchingBlimp/Summer2023/ros2_stereo/install/stereo_image_proc/lib:/home/corelab/GitHub/CatchingBlimp/Summer2023/ros2_stereo/install/yolo_msgs/lib:/home/corelab/GitHub/CatchingBlimp/Summer2023/ros2_stereo/install/gscam2/lib:/home/corelab/GitHub/CatchingBlimp/Summer2023/ros2_stereo/install/opencv_telemetry/lib:/home/corelab/GitHub/CatchingBlimp/Summer2023/ros2_stereo/install/image_view/lib:/usr/lib/x86_64-linux-gnu/gazebo-11/plugins:/opt/ros/foxy/opt/yaml_cpp_vendor/lib:/opt/ros/foxy/opt/rviz_ogre_vendor/lib:/opt/ros/foxy/lib/x86_64-linux-gnu:/opt/ros/foxy/opt/libphidget22/lib:/usr/share/gurumdds/cmake/../../../lib:/opt/rti.com/rti_connext_dds-5.3.1/lib/x64Linux3gcc5.4.0:/opt/ros/foxy/lib PATH=/home/corelab/GitHub/CatchingBlimp/Summer2023/ros2_stereo/install/image_proc/bin:/usr/local/bin:/opt/ros/foxy/bin/maliput_malidrive/applications:/opt/ros/foxy/bin/maliput_malidrive:/opt/rti.com/rti_connext_dds-5.3.1/lib/x64Linux3gcc5.4.0:/opt/rti.com/rti_connext_dds-5.3.1/bin:/opt/ros/foxy/bin:/home/corelab/.local/bin:/usr/local/sbin:/usr/local/bin:/usr/sbin:/usr/bin:/sbin:/bin:/usr/games:/usr/local/games:/snap/bin /home/corelab/.local/bin/cmake --build /home/corelab/GitHub/CatchingBlimp/Summer2023/ros2_stereo/build/stereo_combined -- -j16 -l16
[0.112s] [ 20%] [32mBuilding CXX object CMakeFiles/stereo_combined_node.dir/src/StereoCombined.cpp.o[0m
[1.677s] [01m[K/home/corelab/GitHub/CatchingBlimp/Summer2023/ros2_stereo/src/stereo_combined/src/StereoCombined.cpp:[m[K In constructor ‘[01m[KStereoCombined::StereoCombined()[m[K’:
[1.677s] [01m[K/home/corelab/GitHub/CatchingBlimp/Summer2023/ros2_stereo/src/stereo_combined/src/StereoCombined.cpp:59:9:[m[K [01;35m[Kwarning: [m[Kunused variable ‘[01m[Kqueue_size[m[K’ [[01;35m[K-Wunused-variable[m[K]
[1.677s]    59 |     int [01;35m[Kqueue_size[m[K = this->declare_parameter("queue_size", 7);
[1.677s]       |         [01;35m[K^~~~~~~~~~[m[K
[3.111s] In file included from [01m[K/home/corelab/GitHub/CatchingBlimp/Summer2023/ros2_stereo/src/stereo_combined/src/StereoCombined.cpp:1[m[K:
[3.111s] [01m[K/home/corelab/GitHub/CatchingBlimp/Summer2023/ros2_stereo/src/stereo_combined/include/StereoCombined.hpp:[m[K At global scope:
[3.111s] [01m[K/home/corelab/GitHub/CatchingBlimp/Summer2023/ros2_stereo/src/stereo_combined/include/StereoCombined.hpp:141:13:[m[K [01;35m[Kwarning: [m[K‘[01m[Kvoid add_param_to_map(std::map<std::__cxx11::basic_string<char>, std::pair<double, rcl_interfaces::msg::ParameterDescriptor_<std::allocator<void> > > >&, const string&, const string&, double, double, double, double)[m[K’ defined but not used [[01;35m[K-Wunused-function[m[K]
[3.111s]   141 | static void [01;35m[Kadd_param_to_map[m[K(
[3.112s]       |             [01;35m[K^~~~~~~~~~~~~~~~[m[K
[3.112s] [01m[K/home/corelab/GitHub/CatchingBlimp/Summer2023/ros2_stereo/src/stereo_combined/include/StereoCombined.hpp:123:13:[m[K [01;35m[Kwarning: [m[K‘[01m[Kvoid add_param_to_map(std::map<std::__cxx11::basic_string<char>, std::pair<int, rcl_interfaces::msg::ParameterDescriptor_<std::allocator<void> > > >&, const string&, const string&, int, int, int, int)[m[K’ defined but not used [[01;35m[K-Wunused-function[m[K]
[3.112s]   123 | static void [01;35m[Kadd_param_to_map[m[K(
[3.112s]       |             [01;35m[K^~~~~~~~~~~~~~~~[m[K
[4.749s] [ 40%] [32m[1mLinking CXX executable stereo_combined_node[0m
[5.152s] /usr/bin/ld: warning: libopencv_imgproc.so.4.2, needed by /opt/ros/foxy/lib/libcv_bridge.so, may conflict with libopencv_imgproc.so.407
[5.152s] /usr/bin/ld: warning: libopencv_core.so.4.2, needed by /opt/ros/foxy/lib/libcv_bridge.so, may conflict with libopencv_core.so.407
[5.152s] /usr/bin/ld: warning: libopencv_calib3d.so.4.2, needed by /opt/ros/foxy/lib/libimage_geometry.so, may conflict with libopencv_calib3d.so.407
[5.163s] [100%] Built target stereo_combined_node
[5.169s] Invoked command in '/home/corelab/GitHub/CatchingBlimp/Summer2023/ros2_stereo/build/stereo_combined' returned '0': CMAKE_PREFIX_PATH=/home/corelab/GitHub/CatchingBlimp/Summer2023/ros2_stereo/install/image_proc:/home/corelab/Luke_ML_Blimp/ros2_tracks_ws/install/yolo_msgs:/home/corelab/GitHub/CatchingBlimp/Summer2023/ros2_stereo/install/stereo_image_proc:/home/corelab/GitHub/CatchingBlimp/Summer2023/ros2_stereo/install/yolo_msgs:/home/corelab/GitHub/CatchingBlimp/Summer2023/ros2_stereo/install/stereo_combined:/home/corelab/GitHub/CatchingBlimp/Summer2023/ros2_stereo/install/gscam2:/home/corelab/GitHub/CatchingBlimp/Summer2023/ros2_stereo/install/ros2_shared:/home/corelab/GitHub/CatchingBlimp/Summer2023/ros2_stereo/install/opencv_telemetry:/home/corelab/GitHub/CatchingBlimp/Summer2023/ros2_stereo/install/image_view:/home/corelab/Luke_ML_Blimp/ros2_tracks_ws/install/track_ros2:/opt/ros/foxy LD_LIBRARY_PATH=/home/corelab/GitHub/CatchingBlimp/Summer2023/ros2_stereo/install/image_proc/lib:/home/corelab/Luke_ML_Blimp/ros2_tracks_ws/install/yolo_msgs/lib:/home/corelab/GitHub/CatchingBlimp/Summer2023/ros2_stereo/install/stereo_image_proc/lib:/home/corelab/GitHub/CatchingBlimp/Summer2023/ros2_stereo/install/yolo_msgs/lib:/home/corelab/GitHub/CatchingBlimp/Summer2023/ros2_stereo/install/gscam2/lib:/home/corelab/GitHub/CatchingBlimp/Summer2023/ros2_stereo/install/opencv_telemetry/lib:/home/corelab/GitHub/CatchingBlimp/Summer2023/ros2_stereo/install/image_view/lib:/usr/lib/x86_64-linux-gnu/gazebo-11/plugins:/opt/ros/foxy/opt/yaml_cpp_vendor/lib:/opt/ros/foxy/opt/rviz_ogre_vendor/lib:/opt/ros/foxy/lib/x86_64-linux-gnu:/opt/ros/foxy/opt/libphidget22/lib:/usr/share/gurumdds/cmake/../../../lib:/opt/rti.com/rti_connext_dds-5.3.1/lib/x64Linux3gcc5.4.0:/opt/ros/foxy/lib PATH=/home/corelab/GitHub/CatchingBlimp/Summer2023/ros2_stereo/install/image_proc/bin:/usr/local/bin:/opt/ros/foxy/bin/maliput_malidrive/applications:/opt/ros/foxy/bin/maliput_malidrive:/opt/rti.com/rti_connext_dds-5.3.1/lib/x64Linux3gcc5.4.0:/opt/rti.com/rti_connext_dds-5.3.1/bin:/opt/ros/foxy/bin:/home/corelab/.local/bin:/usr/local/sbin:/usr/local/bin:/usr/sbin:/usr/bin:/sbin:/bin:/usr/games:/usr/local/games:/snap/bin /home/corelab/.local/bin/cmake --build /home/corelab/GitHub/CatchingBlimp/Summer2023/ros2_stereo/build/stereo_combined -- -j16 -l16
[5.214s] Invoking command in '/home/corelab/GitHub/CatchingBlimp/Summer2023/ros2_stereo/build/stereo_combined': CMAKE_PREFIX_PATH=/home/corelab/GitHub/CatchingBlimp/Summer2023/ros2_stereo/install/image_proc:/home/corelab/Luke_ML_Blimp/ros2_tracks_ws/install/yolo_msgs:/home/corelab/GitHub/CatchingBlimp/Summer2023/ros2_stereo/install/stereo_image_proc:/home/corelab/GitHub/CatchingBlimp/Summer2023/ros2_stereo/install/yolo_msgs:/home/corelab/GitHub/CatchingBlimp/Summer2023/ros2_stereo/install/stereo_combined:/home/corelab/GitHub/CatchingBlimp/Summer2023/ros2_stereo/install/gscam2:/home/corelab/GitHub/CatchingBlimp/Summer2023/ros2_stereo/install/ros2_shared:/home/corelab/GitHub/CatchingBlimp/Summer2023/ros2_stereo/install/opencv_telemetry:/home/corelab/GitHub/CatchingBlimp/Summer2023/ros2_stereo/install/image_view:/home/corelab/Luke_ML_Blimp/ros2_tracks_ws/install/track_ros2:/opt/ros/foxy LD_LIBRARY_PATH=/home/corelab/GitHub/CatchingBlimp/Summer2023/ros2_stereo/install/image_proc/lib:/home/corelab/Luke_ML_Blimp/ros2_tracks_ws/install/yolo_msgs/lib:/home/corelab/GitHub/CatchingBlimp/Summer2023/ros2_stereo/install/stereo_image_proc/lib:/home/corelab/GitHub/CatchingBlimp/Summer2023/ros2_stereo/install/yolo_msgs/lib:/home/corelab/GitHub/CatchingBlimp/Summer2023/ros2_stereo/install/gscam2/lib:/home/corelab/GitHub/CatchingBlimp/Summer2023/ros2_stereo/install/opencv_telemetry/lib:/home/corelab/GitHub/CatchingBlimp/Summer2023/ros2_stereo/install/image_view/lib:/usr/lib/x86_64-linux-gnu/gazebo-11/plugins:/opt/ros/foxy/opt/yaml_cpp_vendor/lib:/opt/ros/foxy/opt/rviz_ogre_vendor/lib:/opt/ros/foxy/lib/x86_64-linux-gnu:/opt/ros/foxy/opt/libphidget22/lib:/usr/share/gurumdds/cmake/../../../lib:/opt/rti.com/rti_connext_dds-5.3.1/lib/x64Linux3gcc5.4.0:/opt/ros/foxy/lib PATH=/home/corelab/GitHub/CatchingBlimp/Summer2023/ros2_stereo/install/image_proc/bin:/usr/local/bin:/opt/ros/foxy/bin/maliput_malidrive/applications:/opt/ros/foxy/bin/maliput_malidrive:/opt/rti.com/rti_connext_dds-5.3.1/lib/x64Linux3gcc5.4.0:/opt/rti.com/rti_connext_dds-5.3.1/bin:/opt/ros/foxy/bin:/home/corelab/.local/bin:/usr/local/sbin:/usr/local/bin:/usr/sbin:/usr/bin:/sbin:/bin:/usr/games:/usr/local/games:/snap/bin /home/corelab/.local/bin/cmake --install /home/corelab/GitHub/CatchingBlimp/Summer2023/ros2_stereo/build/stereo_combined
[5.237s] -- Install configuration: ""
[5.237s] -- Execute custom install script
[5.237s] -- Up-to-date symlink: /home/corelab/GitHub/CatchingBlimp/Summer2023/ros2_stereo/install/stereo_combined/lib/stereo_combined/stereo_combined_node
[5.237s] -- Up-to-date symlink: /home/corelab/GitHub/CatchingBlimp/Summer2023/ros2_stereo/install/stereo_combined/share/stereo_combined//launch/combined_node.launch.py
[5.237s] -- Up-to-date symlink: /home/corelab/GitHub/CatchingBlimp/Summer2023/ros2_stereo/install/stereo_combined/share/stereo_combined//launch/vision_test.launch.xml
[5.239s] -- Up-to-date symlink: /home/corelab/GitHub/CatchingBlimp/Summer2023/ros2_stereo/install/stereo_combined/share/stereo_combined//calibration/calibration_data_test_flight/calibrationdata.tar.gz
[5.239s] -- Up-to-date symlink: /home/corelab/GitHub/CatchingBlimp/Summer2023/ros2_stereo/install/stereo_combined/share/stereo_combined//calibration/calibration_data_test_flight/calibrationdata/left-0000.png
[5.239s] -- Up-to-date symlink: /home/corelab/GitHub/CatchingBlimp/Summer2023/ros2_stereo/install/stereo_combined/share/stereo_combined//calibration/calibration_data_test_flight/calibrationdata/left-0001.png
[5.239s] -- Up-to-date symlink: /home/corelab/GitHub/CatchingBlimp/Summer2023/ros2_stereo/install/stereo_combined/share/stereo_combined//calibration/calibration_data_test_flight/calibrationdata/left-0002.png
[5.239s] -- Up-to-date symlink: /home/corelab/GitHub/CatchingBlimp/Summer2023/ros2_stereo/install/stereo_combined/share/stereo_combined//calibration/calibration_data_test_flight/calibrationdata/left-0003.png
[5.239s] -- Up-to-date symlink: /home/corelab/GitHub/CatchingBlimp/Summer2023/ros2_stereo/install/stereo_combined/share/stereo_combined//calibration/calibration_data_test_flight/calibrationdata/left-0004.png
[5.239s] -- Up-to-date symlink: /home/corelab/GitHub/CatchingBlimp/Summer2023/ros2_stereo/install/stereo_combined/share/stereo_combined//calibration/calibration_data_test_flight/calibrationdata/left-0005.png
[5.240s] -- Up-to-date symlink: /home/corelab/GitHub/CatchingBlimp/Summer2023/ros2_stereo/install/stereo_combined/share/stereo_combined//calibration/calibration_data_test_flight/calibrationdata/left-0006.png
[5.240s] -- Up-to-date symlink: /home/corelab/GitHub/CatchingBlimp/Summer2023/ros2_stereo/install/stereo_combined/share/stereo_combined//calibration/calibration_data_test_flight/calibrationdata/left-0007.png
[5.240s] -- Up-to-date symlink: /home/corelab/GitHub/CatchingBlimp/Summer2023/ros2_stereo/install/stereo_combined/share/stereo_combined//calibration/calibration_data_test_flight/calibrationdata/left-0008.png
[5.240s] -- Up-to-date symlink: /home/corelab/GitHub/CatchingBlimp/Summer2023/ros2_stereo/install/stereo_combined/share/stereo_combined//calibration/calibration_data_test_flight/calibrationdata/left-0009.png
[5.240s] -- Up-to-date symlink: /home/corelab/GitHub/CatchingBlimp/Summer2023/ros2_stereo/install/stereo_combined/share/stereo_combined//calibration/calibration_data_test_flight/calibrationdata/left-0010.png
[5.240s] -- Up-to-date symlink: /home/corelab/GitHub/CatchingBlimp/Summer2023/ros2_stereo/install/stereo_combined/share/stereo_combined//calibration/calibration_data_test_flight/calibrationdata/left-0011.png
[5.240s] -- Up-to-date symlink: /home/corelab/GitHub/CatchingBlimp/Summer2023/ros2_stereo/install/stereo_combined/share/stereo_combined//calibration/calibration_data_test_flight/calibrationdata/left-0012.png
[5.240s] -- Up-to-date symlink: /home/corelab/GitHub/CatchingBlimp/Summer2023/ros2_stereo/install/stereo_combined/share/stereo_combined//calibration/calibration_data_test_flight/calibrationdata/left-0013.png
[5.240s] -- Up-to-date symlink: /home/corelab/GitHub/CatchingBlimp/Summer2023/ros2_stereo/install/stereo_combined/share/stereo_combined//calibration/calibration_data_test_flight/calibrationdata/left-0014.png
[5.240s] -- Up-to-date symlink: /home/corelab/GitHub/CatchingBlimp/Summer2023/ros2_stereo/install/stereo_combined/share/stereo_combined//calibration/calibration_data_test_flight/calibrationdata/left-0015.png
[5.240s] -- Up-to-date symlink: /home/corelab/GitHub/CatchingBlimp/Summer2023/ros2_stereo/install/stereo_combined/share/stereo_combined//calibration/calibration_data_test_flight/calibrationdata/left-0016.png
[5.240s] -- Up-to-date symlink: /home/corelab/GitHub/CatchingBlimp/Summer2023/ros2_stereo/install/stereo_combined/share/stereo_combined//calibration/calibration_data_test_flight/calibrationdata/left-0017.png
[5.240s] -- Up-to-date symlink: /home/corelab/GitHub/CatchingBlimp/Summer2023/ros2_stereo/install/stereo_combined/share/stereo_combined//calibration/calibration_data_test_flight/calibrationdata/left-0018.png
[5.240s] -- Up-to-date symlink: /home/corelab/GitHub/CatchingBlimp/Summer2023/ros2_stereo/install/stereo_combined/share/stereo_combined//calibration/calibration_data_test_flight/calibrationdata/left-0019.png
[5.240s] -- Up-to-date symlink: /home/corelab/GitHub/CatchingBlimp/Summer2023/ros2_stereo/install/stereo_combined/share/stereo_combined//calibration/calibration_data_test_flight/calibrationdata/left-0020.png
[5.240s] -- Up-to-date symlink: /home/corelab/GitHub/CatchingBlimp/Summer2023/ros2_stereo/install/stereo_combined/share/stereo_combined//calibration/calibration_data_test_flight/calibrationdata/left-0021.png
[5.240s] -- Up-to-date symlink: /home/corelab/GitHub/CatchingBlimp/Summer2023/ros2_stereo/install/stereo_combined/share/stereo_combined//calibration/calibration_data_test_flight/calibrationdata/left-0022.png
[5.240s] -- Up-to-date symlink: /home/corelab/GitHub/CatchingBlimp/Summer2023/ros2_stereo/install/stereo_combined/share/stereo_combined//calibration/calibration_data_test_flight/calibrationdata/left-0023.png
[5.241s] -- Up-to-date symlink: /home/corelab/GitHub/CatchingBlimp/Summer2023/ros2_stereo/install/stereo_combined/share/stereo_combined//calibration/calibration_data_test_flight/calibrationdata/left-0024.png
[5.241s] -- Up-to-date symlink: /home/corelab/GitHub/CatchingBlimp/Summer2023/ros2_stereo/install/stereo_combined/share/stereo_combined//calibration/calibration_data_test_flight/calibrationdata/left-0025.png
[5.241s] -- Up-to-date symlink: /home/corelab/GitHub/CatchingBlimp/Summer2023/ros2_stereo/install/stereo_combined/share/stereo_combined//calibration/calibration_data_test_flight/calibrationdata/left-0026.png
[5.241s] -- Up-to-date symlink: /home/corelab/GitHub/CatchingBlimp/Summer2023/ros2_stereo/install/stereo_combined/share/stereo_combined//calibration/calibration_data_test_flight/calibrationdata/left-0027.png
[5.241s] -- Up-to-date symlink: /home/corelab/GitHub/CatchingBlimp/Summer2023/ros2_stereo/install/stereo_combined/share/stereo_combined//calibration/calibration_data_test_flight/calibrationdata/left-0028.png
[5.241s] -- Up-to-date symlink: /home/corelab/GitHub/CatchingBlimp/Summer2023/ros2_stereo/install/stereo_combined/share/stereo_combined//calibration/calibration_data_test_flight/calibrationdata/left-0029.png
[5.241s] -- Up-to-date symlink: /home/corelab/GitHub/CatchingBlimp/Summer2023/ros2_stereo/install/stereo_combined/share/stereo_combined//calibration/calibration_data_test_flight/calibrationdata/left-0030.png
[5.241s] -- Up-to-date symlink: /home/corelab/GitHub/CatchingBlimp/Summer2023/ros2_stereo/install/stereo_combined/share/stereo_combined//calibration/calibration_data_test_flight/calibrationdata/left-0031.png
[5.241s] -- Up-to-date symlink: /home/corelab/GitHub/CatchingBlimp/Summer2023/ros2_stereo/install/stereo_combined/share/stereo_combined//calibration/calibration_data_test_flight/calibrationdata/left-0032.png
[5.241s] -- Up-to-date symlink: /home/corelab/GitHub/CatchingBlimp/Summer2023/ros2_stereo/install/stereo_combined/share/stereo_combined//calibration/calibration_data_test_flight/calibrationdata/left-0033.png
[5.241s] -- Up-to-date symlink: /home/corelab/GitHub/CatchingBlimp/Summer2023/ros2_stereo/install/stereo_combined/share/stereo_combined//calibration/calibration_data_test_flight/calibrationdata/left-0034.png
[5.241s] -- Up-to-date symlink: /home/corelab/GitHub/CatchingBlimp/Summer2023/ros2_stereo/install/stereo_combined/share/stereo_combined//calibration/calibration_data_test_flight/calibrationdata/left-0035.png
[5.241s] -- Up-to-date symlink: /home/corelab/GitHub/CatchingBlimp/Summer2023/ros2_stereo/install/stereo_combined/share/stereo_combined//calibration/calibration_data_test_flight/calibrationdata/left-0036.png
[5.241s] -- Up-to-date symlink: /home/corelab/GitHub/CatchingBlimp/Summer2023/ros2_stereo/install/stereo_combined/share/stereo_combined//calibration/calibration_data_test_flight/calibrationdata/left-0037.png
[5.241s] -- Up-to-date symlink: /home/corelab/GitHub/CatchingBlimp/Summer2023/ros2_stereo/install/stereo_combined/share/stereo_combined//calibration/calibration_data_test_flight/calibrationdata/left-0038.png
[5.241s] -- Up-to-date symlink: /home/corelab/GitHub/CatchingBlimp/Summer2023/ros2_stereo/install/stereo_combined/share/stereo_combined//calibration/calibration_data_test_flight/calibrationdata/left-0039.png
[5.242s] -- Up-to-date symlink: /home/corelab/GitHub/CatchingBlimp/Summer2023/ros2_stereo/install/stereo_combined/share/stereo_combined//calibration/calibration_data_test_flight/calibrationdata/left-0040.png
[5.242s] -- Up-to-date symlink: /home/corelab/GitHub/CatchingBlimp/Summer2023/ros2_stereo/install/stereo_combined/share/stereo_combined//calibration/calibration_data_test_flight/calibrationdata/left-0041.png
[5.242s] -- Up-to-date symlink: /home/corelab/GitHub/CatchingBlimp/Summer2023/ros2_stereo/install/stereo_combined/share/stereo_combined//calibration/calibration_data_test_flight/calibrationdata/left-0042.png
[5.242s] -- Up-to-date symlink: /home/corelab/GitHub/CatchingBlimp/Summer2023/ros2_stereo/install/stereo_combined/share/stereo_combined//calibration/calibration_data_test_flight/calibrationdata/left-0043.png
[5.242s] -- Up-to-date symlink: /home/corelab/GitHub/CatchingBlimp/Summer2023/ros2_stereo/install/stereo_combined/share/stereo_combined//calibration/calibration_data_test_flight/calibrationdata/left-0044.png
[5.242s] -- Up-to-date symlink: /home/corelab/GitHub/CatchingBlimp/Summer2023/ros2_stereo/install/stereo_combined/share/stereo_combined//calibration/calibration_data_test_flight/calibrationdata/left-0045.png
[5.242s] -- Up-to-date symlink: /home/corelab/GitHub/CatchingBlimp/Summer2023/ros2_stereo/install/stereo_combined/share/stereo_combined//calibration/calibration_data_test_flight/calibrationdata/left-0046.png
[5.242s] -- Up-to-date symlink: /home/corelab/GitHub/CatchingBlimp/Summer2023/ros2_stereo/install/stereo_combined/share/stereo_combined//calibration/calibration_data_test_flight/calibrationdata/left-0047.png
[5.242s] -- Up-to-date symlink: /home/corelab/GitHub/CatchingBlimp/Summer2023/ros2_stereo/install/stereo_combined/share/stereo_combined//calibration/calibration_data_test_flight/calibrationdata/left-0048.png
[5.242s] -- Up-to-date symlink: /home/corelab/GitHub/CatchingBlimp/Summer2023/ros2_stereo/install/stereo_combined/share/stereo_combined//calibration/calibration_data_test_flight/calibrationdata/left-0049.png
[5.242s] -- Up-to-date symlink: /home/corelab/GitHub/CatchingBlimp/Summer2023/ros2_stereo/install/stereo_combined/share/stereo_combined//calibration/calibration_data_test_flight/calibrationdata/left-0050.png
[5.242s] -- Up-to-date symlink: /home/corelab/GitHub/CatchingBlimp/Summer2023/ros2_stereo/install/stereo_combined/share/stereo_combined//calibration/calibration_data_test_flight/calibrationdata/left.yaml
[5.242s] -- Up-to-date symlink: /home/corelab/GitHub/CatchingBlimp/Summer2023/ros2_stereo/install/stereo_combined/share/stereo_combined//calibration/calibration_data_test_flight/calibrationdata/ost.txt
[5.242s] -- Up-to-date symlink: /home/corelab/GitHub/CatchingBlimp/Summer2023/ros2_stereo/install/stereo_combined/share/stereo_combined//calibration/calibration_data_test_flight/calibrationdata/right-0000.png
[5.242s] -- Up-to-date symlink: /home/corelab/GitHub/CatchingBlimp/Summer2023/ros2_stereo/install/stereo_combined/share/stereo_combined//calibration/calibration_data_test_flight/calibrationdata/right-0001.png
[5.242s] -- Up-to-date symlink: /home/corelab/GitHub/CatchingBlimp/Summer2023/ros2_stereo/install/stereo_combined/share/stereo_combined//calibration/calibration_data_test_flight/calibrationdata/right-0002.png
[5.242s] -- Up-to-date symlink: /home/corelab/GitHub/CatchingBlimp/Summer2023/ros2_stereo/install/stereo_combined/share/stereo_combined//calibration/calibration_data_test_flight/calibrationdata/right-0003.png
[5.243s] -- Up-to-date symlink: /home/corelab/GitHub/CatchingBlimp/Summer2023/ros2_stereo/install/stereo_combined/share/stereo_combined//calibration/calibration_data_test_flight/calibrationdata/right-0004.png
[5.243s] -- Up-to-date symlink: /home/corelab/GitHub/CatchingBlimp/Summer2023/ros2_stereo/install/stereo_combined/share/stereo_combined//calibration/calibration_data_test_flight/calibrationdata/right-0005.png
[5.243s] -- Up-to-date symlink: /home/corelab/GitHub/CatchingBlimp/Summer2023/ros2_stereo/install/stereo_combined/share/stereo_combined//calibration/calibration_data_test_flight/calibrationdata/right-0006.png
[5.243s] -- Up-to-date symlink: /home/corelab/GitHub/CatchingBlimp/Summer2023/ros2_stereo/install/stereo_combined/share/stereo_combined//calibration/calibration_data_test_flight/calibrationdata/right-0007.png
[5.243s] -- Up-to-date symlink: /home/corelab/GitHub/CatchingBlimp/Summer2023/ros2_stereo/install/stereo_combined/share/stereo_combined//calibration/calibration_data_test_flight/calibrationdata/right-0008.png
[5.243s] -- Up-to-date symlink: /home/corelab/GitHub/CatchingBlimp/Summer2023/ros2_stereo/install/stereo_combined/share/stereo_combined//calibration/calibration_data_test_flight/calibrationdata/right-0009.png
[5.243s] -- Up-to-date symlink: /home/corelab/GitHub/CatchingBlimp/Summer2023/ros2_stereo/install/stereo_combined/share/stereo_combined//calibration/calibration_data_test_flight/calibrationdata/right-0010.png
[5.243s] -- Up-to-date symlink: /home/corelab/GitHub/CatchingBlimp/Summer2023/ros2_stereo/install/stereo_combined/share/stereo_combined//calibration/calibration_data_test_flight/calibrationdata/right-0011.png
[5.243s] -- Up-to-date symlink: /home/corelab/GitHub/CatchingBlimp/Summer2023/ros2_stereo/install/stereo_combined/share/stereo_combined//calibration/calibration_data_test_flight/calibrationdata/right-0012.png
[5.243s] -- Up-to-date symlink: /home/corelab/GitHub/CatchingBlimp/Summer2023/ros2_stereo/install/stereo_combined/share/stereo_combined//calibration/calibration_data_test_flight/calibrationdata/right-0013.png
[5.243s] -- Up-to-date symlink: /home/corelab/GitHub/CatchingBlimp/Summer2023/ros2_stereo/install/stereo_combined/share/stereo_combined//calibration/calibration_data_test_flight/calibrationdata/right-0014.png
[5.243s] -- Up-to-date symlink: /home/corelab/GitHub/CatchingBlimp/Summer2023/ros2_stereo/install/stereo_combined/share/stereo_combined//calibration/calibration_data_test_flight/calibrationdata/right-0015.png
[5.243s] -- Up-to-date symlink: /home/corelab/GitHub/CatchingBlimp/Summer2023/ros2_stereo/install/stereo_combined/share/stereo_combined//calibration/calibration_data_test_flight/calibrationdata/right-0016.png
[5.243s] -- Up-to-date symlink: /home/corelab/GitHub/CatchingBlimp/Summer2023/ros2_stereo/install/stereo_combined/share/stereo_combined//calibration/calibration_data_test_flight/calibrationdata/right-0017.png
[5.243s] -- Up-to-date symlink: /home/corelab/GitHub/CatchingBlimp/Summer2023/ros2_stereo/install/stereo_combined/share/stereo_combined//calibration/calibration_data_test_flight/calibrationdata/right-0018.png
[5.243s] -- Up-to-date symlink: /home/corelab/GitHub/CatchingBlimp/Summer2023/ros2_stereo/install/stereo_combined/share/stereo_combined//calibration/calibration_data_test_flight/calibrationdata/right-0019.png
[5.243s] -- Up-to-date symlink: /home/corelab/GitHub/CatchingBlimp/Summer2023/ros2_stereo/install/stereo_combined/share/stereo_combined//calibration/calibration_data_test_flight/calibrationdata/right-0020.png
[5.244s] -- Up-to-date symlink: /home/corelab/GitHub/CatchingBlimp/Summer2023/ros2_stereo/install/stereo_combined/share/stereo_combined//calibration/calibration_data_test_flight/calibrationdata/right-0021.png
[5.244s] -- Up-to-date symlink: /home/corelab/GitHub/CatchingBlimp/Summer2023/ros2_stereo/install/stereo_combined/share/stereo_combined//calibration/calibration_data_test_flight/calibrationdata/right-0022.png
[5.244s] -- Up-to-date symlink: /home/corelab/GitHub/CatchingBlimp/Summer2023/ros2_stereo/install/stereo_combined/share/stereo_combined//calibration/calibration_data_test_flight/calibrationdata/right-0023.png
[5.244s] -- Up-to-date symlink: /home/corelab/GitHub/CatchingBlimp/Summer2023/ros2_stereo/install/stereo_combined/share/stereo_combined//calibration/calibration_data_test_flight/calibrationdata/right-0024.png
[5.244s] -- Up-to-date symlink: /home/corelab/GitHub/CatchingBlimp/Summer2023/ros2_stereo/install/stereo_combined/share/stereo_combined//calibration/calibration_data_test_flight/calibrationdata/right-0025.png
[5.244s] -- Up-to-date symlink: /home/corelab/GitHub/CatchingBlimp/Summer2023/ros2_stereo/install/stereo_combined/share/stereo_combined//calibration/calibration_data_test_flight/calibrationdata/right-0026.png
[5.244s] -- Up-to-date symlink: /home/corelab/GitHub/CatchingBlimp/Summer2023/ros2_stereo/install/stereo_combined/share/stereo_combined//calibration/calibration_data_test_flight/calibrationdata/right-0027.png
[5.244s] -- Up-to-date symlink: /home/corelab/GitHub/CatchingBlimp/Summer2023/ros2_stereo/install/stereo_combined/share/stereo_combined//calibration/calibration_data_test_flight/calibrationdata/right-0028.png
[5.244s] -- Up-to-date symlink: /home/corelab/GitHub/CatchingBlimp/Summer2023/ros2_stereo/install/stereo_combined/share/stereo_combined//calibration/calibration_data_test_flight/calibrationdata/right-0029.png
[5.244s] -- Up-to-date symlink: /home/corelab/GitHub/CatchingBlimp/Summer2023/ros2_stereo/install/stereo_combined/share/stereo_combined//calibration/calibration_data_test_flight/calibrationdata/right-0030.png
[5.244s] -- Up-to-date symlink: /home/corelab/GitHub/CatchingBlimp/Summer2023/ros2_stereo/install/stereo_combined/share/stereo_combined//calibration/calibration_data_test_flight/calibrationdata/right-0031.png
[5.244s] -- Up-to-date symlink: /home/corelab/GitHub/CatchingBlimp/Summer2023/ros2_stereo/install/stereo_combined/share/stereo_combined//calibration/calibration_data_test_flight/calibrationdata/right-0032.png
[5.244s] -- Up-to-date symlink: /home/corelab/GitHub/CatchingBlimp/Summer2023/ros2_stereo/install/stereo_combined/share/stereo_combined//calibration/calibration_data_test_flight/calibrationdata/right-0033.png
[5.244s] -- Up-to-date symlink: /home/corelab/GitHub/CatchingBlimp/Summer2023/ros2_stereo/install/stereo_combined/share/stereo_combined//calibration/calibration_data_test_flight/calibrationdata/right-0034.png
[5.244s] -- Up-to-date symlink: /home/corelab/GitHub/CatchingBlimp/Summer2023/ros2_stereo/install/stereo_combined/share/stereo_combined//calibration/calibration_data_test_flight/calibrationdata/right-0035.png
[5.244s] -- Up-to-date symlink: /home/corelab/GitHub/CatchingBlimp/Summer2023/ros2_stereo/install/stereo_combined/share/stereo_combined//calibration/calibration_data_test_flight/calibrationdata/right-0036.png
[5.245s] -- Up-to-date symlink: /home/corelab/GitHub/CatchingBlimp/Summer2023/ros2_stereo/install/stereo_combined/share/stereo_combined//calibration/calibration_data_test_flight/calibrationdata/right-0037.png
[5.245s] -- Up-to-date symlink: /home/corelab/GitHub/CatchingBlimp/Summer2023/ros2_stereo/install/stereo_combined/share/stereo_combined//calibration/calibration_data_test_flight/calibrationdata/right-0038.png
[5.245s] -- Up-to-date symlink: /home/corelab/GitHub/CatchingBlimp/Summer2023/ros2_stereo/install/stereo_combined/share/stereo_combined//calibration/calibration_data_test_flight/calibrationdata/right-0039.png
[5.245s] -- Up-to-date symlink: /home/corelab/GitHub/CatchingBlimp/Summer2023/ros2_stereo/install/stereo_combined/share/stereo_combined//calibration/calibration_data_test_flight/calibrationdata/right-0040.png
[5.245s] -- Up-to-date symlink: /home/corelab/GitHub/CatchingBlimp/Summer2023/ros2_stereo/install/stereo_combined/share/stereo_combined//calibration/calibration_data_test_flight/calibrationdata/right-0041.png
[5.245s] -- Up-to-date symlink: /home/corelab/GitHub/CatchingBlimp/Summer2023/ros2_stereo/install/stereo_combined/share/stereo_combined//calibration/calibration_data_test_flight/calibrationdata/right-0042.png
[5.245s] -- Up-to-date symlink: /home/corelab/GitHub/CatchingBlimp/Summer2023/ros2_stereo/install/stereo_combined/share/stereo_combined//calibration/calibration_data_test_flight/calibrationdata/right-0043.png
[5.245s] -- Up-to-date symlink: /home/corelab/GitHub/CatchingBlimp/Summer2023/ros2_stereo/install/stereo_combined/share/stereo_combined//calibration/calibration_data_test_flight/calibrationdata/right-0044.png
[5.245s] -- Up-to-date symlink: /home/corelab/GitHub/CatchingBlimp/Summer2023/ros2_stereo/install/stereo_combined/share/stereo_combined//calibration/calibration_data_test_flight/calibrationdata/right-0045.png
[5.245s] -- Up-to-date symlink: /home/corelab/GitHub/CatchingBlimp/Summer2023/ros2_stereo/install/stereo_combined/share/stereo_combined//calibration/calibration_data_test_flight/calibrationdata/right-0046.png
[5.245s] -- Up-to-date symlink: /home/corelab/GitHub/CatchingBlimp/Summer2023/ros2_stereo/install/stereo_combined/share/stereo_combined//calibration/calibration_data_test_flight/calibrationdata/right-0047.png
[5.245s] -- Up-to-date symlink: /home/corelab/GitHub/CatchingBlimp/Summer2023/ros2_stereo/install/stereo_combined/share/stereo_combined//calibration/calibration_data_test_flight/calibrationdata/right-0048.png
[5.245s] -- Up-to-date symlink: /home/corelab/GitHub/CatchingBlimp/Summer2023/ros2_stereo/install/stereo_combined/share/stereo_combined//calibration/calibration_data_test_flight/calibrationdata/right-0049.png
[5.245s] -- Up-to-date symlink: /home/corelab/GitHub/CatchingBlimp/Summer2023/ros2_stereo/install/stereo_combined/share/stereo_combined//calibration/calibration_data_test_flight/calibrationdata/right-0050.png
[5.246s] -- Up-to-date symlink: /home/corelab/GitHub/CatchingBlimp/Summer2023/ros2_stereo/install/stereo_combined/share/stereo_combined//calibration/calibration_data_test_flight/calibrationdata/right.yaml
[5.246s] -- Up-to-date symlink: /home/corelab/GitHub/CatchingBlimp/Summer2023/ros2_stereo/install/stereo_combined/share/stereo_combined//calibration/calibrationdata.tar.gz
[5.246s] -- Up-to-date symlink: /home/corelab/GitHub/CatchingBlimp/Summer2023/ros2_stereo/install/stereo_combined/share/stereo_combined//calibration/calibrationdata_test1/left-0000.png
[5.246s] -- Up-to-date symlink: /home/corelab/GitHub/CatchingBlimp/Summer2023/ros2_stereo/install/stereo_combined/share/stereo_combined//calibration/calibrationdata_test1/left-0001.png
[5.246s] -- Up-to-date symlink: /home/corelab/GitHub/CatchingBlimp/Summer2023/ros2_stereo/install/stereo_combined/share/stereo_combined//calibration/calibrationdata_test1/left-0002.png
[5.246s] -- Up-to-date symlink: /home/corelab/GitHub/CatchingBlimp/Summer2023/ros2_stereo/install/stereo_combined/share/stereo_combined//calibration/calibrationdata_test1/left-0003.png
[5.246s] -- Up-to-date symlink: /home/corelab/GitHub/CatchingBlimp/Summer2023/ros2_stereo/install/stereo_combined/share/stereo_combined//calibration/calibrationdata_test1/left-0004.png
[5.246s] -- Up-to-date symlink: /home/corelab/GitHub/CatchingBlimp/Summer2023/ros2_stereo/install/stereo_combined/share/stereo_combined//calibration/calibrationdata_test1/left-0005.png
[5.246s] -- Up-to-date symlink: /home/corelab/GitHub/CatchingBlimp/Summer2023/ros2_stereo/install/stereo_combined/share/stereo_combined//calibration/calibrationdata_test1/left-0006.png
[5.246s] -- Up-to-date symlink: /home/corelab/GitHub/CatchingBlimp/Summer2023/ros2_stereo/install/stereo_combined/share/stereo_combined//calibration/calibrationdata_test1/left-0007.png
[5.246s] -- Up-to-date symlink: /home/corelab/GitHub/CatchingBlimp/Summer2023/ros2_stereo/install/stereo_combined/share/stereo_combined//calibration/calibrationdata_test1/left-0008.png
[5.246s] -- Up-to-date symlink: /home/corelab/GitHub/CatchingBlimp/Summer2023/ros2_stereo/install/stereo_combined/share/stereo_combined//calibration/calibrationdata_test1/left-0009.png
[5.246s] -- Up-to-date symlink: /home/corelab/GitHub/CatchingBlimp/Summer2023/ros2_stereo/install/stereo_combined/share/stereo_combined//calibration/calibrationdata_test1/left-0010.png
[5.246s] -- Up-to-date symlink: /home/corelab/GitHub/CatchingBlimp/Summer2023/ros2_stereo/install/stereo_combined/share/stereo_combined//calibration/calibrationdata_test1/left-0011.png
[5.246s] -- Up-to-date symlink: /home/corelab/GitHub/CatchingBlimp/Summer2023/ros2_stereo/install/stereo_combined/share/stereo_combined//calibration/calibrationdata_test1/left-0012.png
[5.246s] -- Up-to-date symlink: /home/corelab/GitHub/CatchingBlimp/Summer2023/ros2_stereo/install/stereo_combined/share/stereo_combined//calibration/calibrationdata_test1/left-0013.png
[5.246s] -- Up-to-date symlink: /home/corelab/GitHub/CatchingBlimp/Summer2023/ros2_stereo/install/stereo_combined/share/stereo_combined//calibration/calibrationdata_test1/left-0014.png
[5.246s] -- Up-to-date symlink: /home/corelab/GitHub/CatchingBlimp/Summer2023/ros2_stereo/install/stereo_combined/share/stereo_combined//calibration/calibrationdata_test1/left-0015.png
[5.246s] -- Up-to-date symlink: /home/corelab/GitHub/CatchingBlimp/Summer2023/ros2_stereo/install/stereo_combined/share/stereo_combined//calibration/calibrationdata_test1/left-0016.png
[5.246s] -- Up-to-date symlink: /home/corelab/GitHub/CatchingBlimp/Summer2023/ros2_stereo/install/stereo_combined/share/stereo_combined//calibration/calibrationdata_test1/left-0017.png
[5.247s] -- Up-to-date symlink: /home/corelab/GitHub/CatchingBlimp/Summer2023/ros2_stereo/install/stereo_combined/share/stereo_combined//calibration/calibrationdata_test1/left-0018.png
[5.247s] -- Up-to-date symlink: /home/corelab/GitHub/CatchingBlimp/Summer2023/ros2_stereo/install/stereo_combined/share/stereo_combined//calibration/calibrationdata_test1/left-0019.png
[5.247s] -- Up-to-date symlink: /home/corelab/GitHub/CatchingBlimp/Summer2023/ros2_stereo/install/stereo_combined/share/stereo_combined//calibration/calibrationdata_test1/left-0020.png
[5.247s] -- Up-to-date symlink: /home/corelab/GitHub/CatchingBlimp/Summer2023/ros2_stereo/install/stereo_combined/share/stereo_combined//calibration/calibrationdata_test1/left-0021.png
[5.247s] -- Up-to-date symlink: /home/corelab/GitHub/CatchingBlimp/Summer2023/ros2_stereo/install/stereo_combined/share/stereo_combined//calibration/calibrationdata_test1/left-0022.png
[5.247s] -- Up-to-date symlink: /home/corelab/GitHub/CatchingBlimp/Summer2023/ros2_stereo/install/stereo_combined/share/stereo_combined//calibration/calibrationdata_test1/left-0023.png
[5.247s] -- Up-to-date symlink: /home/corelab/GitHub/CatchingBlimp/Summer2023/ros2_stereo/install/stereo_combined/share/stereo_combined//calibration/calibrationdata_test1/left-0024.png
[5.247s] -- Up-to-date symlink: /home/corelab/GitHub/CatchingBlimp/Summer2023/ros2_stereo/install/stereo_combined/share/stereo_combined//calibration/calibrationdata_test1/left-0025.png
[5.247s] -- Up-to-date symlink: /home/corelab/GitHub/CatchingBlimp/Summer2023/ros2_stereo/install/stereo_combined/share/stereo_combined//calibration/calibrationdata_test1/left-0026.png
[5.247s] -- Up-to-date symlink: /home/corelab/GitHub/CatchingBlimp/Summer2023/ros2_stereo/install/stereo_combined/share/stereo_combined//calibration/calibrationdata_test1/left-0027.png
[5.247s] -- Up-to-date symlink: /home/corelab/GitHub/CatchingBlimp/Summer2023/ros2_stereo/install/stereo_combined/share/stereo_combined//calibration/calibrationdata_test1/left-0028.png
[5.247s] -- Up-to-date symlink: /home/corelab/GitHub/CatchingBlimp/Summer2023/ros2_stereo/install/stereo_combined/share/stereo_combined//calibration/calibrationdata_test1/left-0029.png
[5.247s] -- Up-to-date symlink: /home/corelab/GitHub/CatchingBlimp/Summer2023/ros2_stereo/install/stereo_combined/share/stereo_combined//calibration/calibrationdata_test1/left-0030.png
[5.247s] -- Up-to-date symlink: /home/corelab/GitHub/CatchingBlimp/Summer2023/ros2_stereo/install/stereo_combined/share/stereo_combined//calibration/calibrationdata_test1/left-0031.png
[5.247s] -- Up-to-date symlink: /home/corelab/GitHub/CatchingBlimp/Summer2023/ros2_stereo/install/stereo_combined/share/stereo_combined//calibration/calibrationdata_test1/left-0032.png
[5.247s] -- Up-to-date symlink: /home/corelab/GitHub/CatchingBlimp/Summer2023/ros2_stereo/install/stereo_combined/share/stereo_combined//calibration/calibrationdata_test1/left-0033.png
[5.247s] -- Up-to-date symlink: /home/corelab/GitHub/CatchingBlimp/Summer2023/ros2_stereo/install/stereo_combined/share/stereo_combined//calibration/calibrationdata_test1/left-0034.png
[5.248s] -- Up-to-date symlink: /home/corelab/GitHub/CatchingBlimp/Summer2023/ros2_stereo/install/stereo_combined/share/stereo_combined//calibration/calibrationdata_test1/left-0035.png
[5.248s] -- Up-to-date symlink: /home/corelab/GitHub/CatchingBlimp/Summer2023/ros2_stereo/install/stereo_combined/share/stereo_combined//calibration/calibrationdata_test1/left-0036.png
[5.248s] -- Up-to-date symlink: /home/corelab/GitHub/CatchingBlimp/Summer2023/ros2_stereo/install/stereo_combined/share/stereo_combined//calibration/calibrationdata_test1/left-0037.png
[5.248s] -- Up-to-date symlink: /home/corelab/GitHub/CatchingBlimp/Summer2023/ros2_stereo/install/stereo_combined/share/stereo_combined//calibration/calibrationdata_test1/left-0038.png
[5.248s] -- Up-to-date symlink: /home/corelab/GitHub/CatchingBlimp/Summer2023/ros2_stereo/install/stereo_combined/share/stereo_combined//calibration/calibrationdata_test1/left-0039.png
[5.248s] -- Up-to-date symlink: /home/corelab/GitHub/CatchingBlimp/Summer2023/ros2_stereo/install/stereo_combined/share/stereo_combined//calibration/calibrationdata_test1/left-0040.png
[5.248s] -- Up-to-date symlink: /home/corelab/GitHub/CatchingBlimp/Summer2023/ros2_stereo/install/stereo_combined/share/stereo_combined//calibration/calibrationdata_test1/left-0041.png
[5.248s] -- Up-to-date symlink: /home/corelab/GitHub/CatchingBlimp/Summer2023/ros2_stereo/install/stereo_combined/share/stereo_combined//calibration/calibrationdata_test1/left-0042.png
[5.248s] -- Up-to-date symlink: /home/corelab/GitHub/CatchingBlimp/Summer2023/ros2_stereo/install/stereo_combined/share/stereo_combined//calibration/calibrationdata_test1/left-0043.png
[5.248s] -- Up-to-date symlink: /home/corelab/GitHub/CatchingBlimp/Summer2023/ros2_stereo/install/stereo_combined/share/stereo_combined//calibration/calibrationdata_test1/left-0044.png
[5.248s] -- Up-to-date symlink: /home/corelab/GitHub/CatchingBlimp/Summer2023/ros2_stereo/install/stereo_combined/share/stereo_combined//calibration/calibrationdata_test1/left-0045.png
[5.248s] -- Up-to-date symlink: /home/corelab/GitHub/CatchingBlimp/Summer2023/ros2_stereo/install/stereo_combined/share/stereo_combined//calibration/calibrationdata_test1/left-0046.png
[5.248s] -- Up-to-date symlink: /home/corelab/GitHub/CatchingBlimp/Summer2023/ros2_stereo/install/stereo_combined/share/stereo_combined//calibration/calibrationdata_test1/left-0047.png
[5.248s] -- Up-to-date symlink: /home/corelab/GitHub/CatchingBlimp/Summer2023/ros2_stereo/install/stereo_combined/share/stereo_combined//calibration/calibrationdata_test1/left-0048.png
[5.248s] -- Up-to-date symlink: /home/corelab/GitHub/CatchingBlimp/Summer2023/ros2_stereo/install/stereo_combined/share/stereo_combined//calibration/calibrationdata_test1/left-0049.png
[5.248s] -- Up-to-date symlink: /home/corelab/GitHub/CatchingBlimp/Summer2023/ros2_stereo/install/stereo_combined/share/stereo_combined//calibration/calibrationdata_test1/left-0050.png
[5.248s] -- Up-to-date symlink: /home/corelab/GitHub/CatchingBlimp/Summer2023/ros2_stereo/install/stereo_combined/share/stereo_combined//calibration/calibrationdata_test1/left-0051.png
[5.248s] -- Up-to-date symlink: /home/corelab/GitHub/CatchingBlimp/Summer2023/ros2_stereo/install/stereo_combined/share/stereo_combined//calibration/calibrationdata_test1/left-0052.png
[5.248s] -- Up-to-date symlink: /home/corelab/GitHub/CatchingBlimp/Summer2023/ros2_stereo/install/stereo_combined/share/stereo_combined//calibration/calibrationdata_test1/left-0053.png
[5.249s] -- Up-to-date symlink: /home/corelab/GitHub/CatchingBlimp/Summer2023/ros2_stereo/install/stereo_combined/share/stereo_combined//calibration/calibrationdata_test1/left-0054.png
[5.249s] -- Up-to-date symlink: /home/corelab/GitHub/CatchingBlimp/Summer2023/ros2_stereo/install/stereo_combined/share/stereo_combined//calibration/calibrationdata_test1/left.yaml
[5.249s] -- Up-to-date symlink: /home/corelab/GitHub/CatchingBlimp/Summer2023/ros2_stereo/install/stereo_combined/share/stereo_combined//calibration/calibrationdata_test1/ost.txt
[5.249s] -- Up-to-date symlink: /home/corelab/GitHub/CatchingBlimp/Summer2023/ros2_stereo/install/stereo_combined/share/stereo_combined//calibration/calibrationdata_test1/right-0000.png
[5.249s] -- Up-to-date symlink: /home/corelab/GitHub/CatchingBlimp/Summer2023/ros2_stereo/install/stereo_combined/share/stereo_combined//calibration/calibrationdata_test1/right-0001.png
[5.249s] -- Up-to-date symlink: /home/corelab/GitHub/CatchingBlimp/Summer2023/ros2_stereo/install/stereo_combined/share/stereo_combined//calibration/calibrationdata_test1/right-0002.png
[5.249s] -- Up-to-date symlink: /home/corelab/GitHub/CatchingBlimp/Summer2023/ros2_stereo/install/stereo_combined/share/stereo_combined//calibration/calibrationdata_test1/right-0003.png
[5.249s] -- Up-to-date symlink: /home/corelab/GitHub/CatchingBlimp/Summer2023/ros2_stereo/install/stereo_combined/share/stereo_combined//calibration/calibrationdata_test1/right-0004.png
[5.249s] -- Up-to-date symlink: /home/corelab/GitHub/CatchingBlimp/Summer2023/ros2_stereo/install/stereo_combined/share/stereo_combined//calibration/calibrationdata_test1/right-0005.png
[5.249s] -- Up-to-date symlink: /home/corelab/GitHub/CatchingBlimp/Summer2023/ros2_stereo/install/stereo_combined/share/stereo_combined//calibration/calibrationdata_test1/right-0006.png
[5.249s] -- Up-to-date symlink: /home/corelab/GitHub/CatchingBlimp/Summer2023/ros2_stereo/install/stereo_combined/share/stereo_combined//calibration/calibrationdata_test1/right-0007.png
[5.249s] -- Up-to-date symlink: /home/corelab/GitHub/CatchingBlimp/Summer2023/ros2_stereo/install/stereo_combined/share/stereo_combined//calibration/calibrationdata_test1/right-0008.png
[5.249s] -- Up-to-date symlink: /home/corelab/GitHub/CatchingBlimp/Summer2023/ros2_stereo/install/stereo_combined/share/stereo_combined//calibration/calibrationdata_test1/right-0009.png
[5.249s] -- Up-to-date symlink: /home/corelab/GitHub/CatchingBlimp/Summer2023/ros2_stereo/install/stereo_combined/share/stereo_combined//calibration/calibrationdata_test1/right-0010.png
[5.249s] -- Up-to-date symlink: /home/corelab/GitHub/CatchingBlimp/Summer2023/ros2_stereo/install/stereo_combined/share/stereo_combined//calibration/calibrationdata_test1/right-0011.png
[5.249s] -- Up-to-date symlink: /home/corelab/GitHub/CatchingBlimp/Summer2023/ros2_stereo/install/stereo_combined/share/stereo_combined//calibration/calibrationdata_test1/right-0012.png
[5.250s] -- Up-to-date symlink: /home/corelab/GitHub/CatchingBlimp/Summer2023/ros2_stereo/install/stereo_combined/share/stereo_combined//calibration/calibrationdata_test1/right-0013.png
[5.250s] -- Up-to-date symlink: /home/corelab/GitHub/CatchingBlimp/Summer2023/ros2_stereo/install/stereo_combined/share/stereo_combined//calibration/calibrationdata_test1/right-0014.png
[5.250s] -- Up-to-date symlink: /home/corelab/GitHub/CatchingBlimp/Summer2023/ros2_stereo/install/stereo_combined/share/stereo_combined//calibration/calibrationdata_test1/right-0015.png
[5.250s] -- Up-to-date symlink: /home/corelab/GitHub/CatchingBlimp/Summer2023/ros2_stereo/install/stereo_combined/share/stereo_combined//calibration/calibrationdata_test1/right-0016.png
[5.250s] -- Up-to-date symlink: /home/corelab/GitHub/CatchingBlimp/Summer2023/ros2_stereo/install/stereo_combined/share/stereo_combined//calibration/calibrationdata_test1/right-0017.png
[5.250s] -- Up-to-date symlink: /home/corelab/GitHub/CatchingBlimp/Summer2023/ros2_stereo/install/stereo_combined/share/stereo_combined//calibration/calibrationdata_test1/right-0018.png
[5.250s] -- Up-to-date symlink: /home/corelab/GitHub/CatchingBlimp/Summer2023/ros2_stereo/install/stereo_combined/share/stereo_combined//calibration/calibrationdata_test1/right-0019.png
[5.250s] -- Up-to-date symlink: /home/corelab/GitHub/CatchingBlimp/Summer2023/ros2_stereo/install/stereo_combined/share/stereo_combined//calibration/calibrationdata_test1/right-0020.png
[5.250s] -- Up-to-date symlink: /home/corelab/GitHub/CatchingBlimp/Summer2023/ros2_stereo/install/stereo_combined/share/stereo_combined//calibration/calibrationdata_test1/right-0021.png
[5.250s] -- Up-to-date symlink: /home/corelab/GitHub/CatchingBlimp/Summer2023/ros2_stereo/install/stereo_combined/share/stereo_combined//calibration/calibrationdata_test1/right-0022.png
[5.250s] -- Up-to-date symlink: /home/corelab/GitHub/CatchingBlimp/Summer2023/ros2_stereo/install/stereo_combined/share/stereo_combined//calibration/calibrationdata_test1/right-0023.png
[5.250s] -- Up-to-date symlink: /home/corelab/GitHub/CatchingBlimp/Summer2023/ros2_stereo/install/stereo_combined/share/stereo_combined//calibration/calibrationdata_test1/right-0024.png
[5.250s] -- Up-to-date symlink: /home/corelab/GitHub/CatchingBlimp/Summer2023/ros2_stereo/install/stereo_combined/share/stereo_combined//calibration/calibrationdata_test1/right-0025.png
[5.250s] -- Up-to-date symlink: /home/corelab/GitHub/CatchingBlimp/Summer2023/ros2_stereo/install/stereo_combined/share/stereo_combined//calibration/calibrationdata_test1/right-0026.png
[5.250s] -- Up-to-date symlink: /home/corelab/GitHub/CatchingBlimp/Summer2023/ros2_stereo/install/stereo_combined/share/stereo_combined//calibration/calibrationdata_test1/right-0027.png
[5.250s] -- Up-to-date symlink: /home/corelab/GitHub/CatchingBlimp/Summer2023/ros2_stereo/install/stereo_combined/share/stereo_combined//calibration/calibrationdata_test1/right-0028.png
[5.250s] -- Up-to-date symlink: /home/corelab/GitHub/CatchingBlimp/Summer2023/ros2_stereo/install/stereo_combined/share/stereo_combined//calibration/calibrationdata_test1/right-0029.png
[5.250s] -- Up-to-date symlink: /home/corelab/GitHub/CatchingBlimp/Summer2023/ros2_stereo/install/stereo_combined/share/stereo_combined//calibration/calibrationdata_test1/right-0030.png
[5.251s] -- Up-to-date symlink: /home/corelab/GitHub/CatchingBlimp/Summer2023/ros2_stereo/install/stereo_combined/share/stereo_combined//calibration/calibrationdata_test1/right-0031.png
[5.251s] -- Up-to-date symlink: /home/corelab/GitHub/CatchingBlimp/Summer2023/ros2_stereo/install/stereo_combined/share/stereo_combined//calibration/calibrationdata_test1/right-0032.png
[5.251s] -- Up-to-date symlink: /home/corelab/GitHub/CatchingBlimp/Summer2023/ros2_stereo/install/stereo_combined/share/stereo_combined//calibration/calibrationdata_test1/right-0033.png
[5.251s] -- Up-to-date symlink: /home/corelab/GitHub/CatchingBlimp/Summer2023/ros2_stereo/install/stereo_combined/share/stereo_combined//calibration/calibrationdata_test1/right-0034.png
[5.251s] -- Up-to-date symlink: /home/corelab/GitHub/CatchingBlimp/Summer2023/ros2_stereo/install/stereo_combined/share/stereo_combined//calibration/calibrationdata_test1/right-0035.png
[5.251s] -- Up-to-date symlink: /home/corelab/GitHub/CatchingBlimp/Summer2023/ros2_stereo/install/stereo_combined/share/stereo_combined//calibration/calibrationdata_test1/right-0036.png
[5.251s] -- Up-to-date symlink: /home/corelab/GitHub/CatchingBlimp/Summer2023/ros2_stereo/install/stereo_combined/share/stereo_combined//calibration/calibrationdata_test1/right-0037.png
[5.251s] -- Up-to-date symlink: /home/corelab/GitHub/CatchingBlimp/Summer2023/ros2_stereo/install/stereo_combined/share/stereo_combined//calibration/calibrationdata_test1/right-0038.png
[5.251s] -- Up-to-date symlink: /home/corelab/GitHub/CatchingBlimp/Summer2023/ros2_stereo/install/stereo_combined/share/stereo_combined//calibration/calibrationdata_test1/right-0039.png
[5.251s] -- Up-to-date symlink: /home/corelab/GitHub/CatchingBlimp/Summer2023/ros2_stereo/install/stereo_combined/share/stereo_combined//calibration/calibrationdata_test1/right-0040.png
[5.251s] -- Up-to-date symlink: /home/corelab/GitHub/CatchingBlimp/Summer2023/ros2_stereo/install/stereo_combined/share/stereo_combined//calibration/calibrationdata_test1/right-0041.png
[5.251s] -- Up-to-date symlink: /home/corelab/GitHub/CatchingBlimp/Summer2023/ros2_stereo/install/stereo_combined/share/stereo_combined//calibration/calibrationdata_test1/right-0042.png
[5.251s] -- Up-to-date symlink: /home/corelab/GitHub/CatchingBlimp/Summer2023/ros2_stereo/install/stereo_combined/share/stereo_combined//calibration/calibrationdata_test1/right-0043.png
[5.251s] -- Up-to-date symlink: /home/corelab/GitHub/CatchingBlimp/Summer2023/ros2_stereo/install/stereo_combined/share/stereo_combined//calibration/calibrationdata_test1/right-0044.png
[5.251s] -- Up-to-date symlink: /home/corelab/GitHub/CatchingBlimp/Summer2023/ros2_stereo/install/stereo_combined/share/stereo_combined//calibration/calibrationdata_test1/right-0045.png
[5.251s] -- Up-to-date symlink: /home/corelab/GitHub/CatchingBlimp/Summer2023/ros2_stereo/install/stereo_combined/share/stereo_combined//calibration/calibrationdata_test1/right-0046.png
[5.251s] -- Up-to-date symlink: /home/corelab/GitHub/CatchingBlimp/Summer2023/ros2_stereo/install/stereo_combined/share/stereo_combined//calibration/calibrationdata_test1/right-0047.png
[5.252s] -- Up-to-date symlink: /home/corelab/GitHub/CatchingBlimp/Summer2023/ros2_stereo/install/stereo_combined/share/stereo_combined//calibration/calibrationdata_test1/right-0048.png
[5.252s] -- Up-to-date symlink: /home/corelab/GitHub/CatchingBlimp/Summer2023/ros2_stereo/install/stereo_combined/share/stereo_combined//calibration/calibrationdata_test1/right-0049.png
[5.252s] -- Up-to-date symlink: /home/corelab/GitHub/CatchingBlimp/Summer2023/ros2_stereo/install/stereo_combined/share/stereo_combined//calibration/calibrationdata_test1/right-0050.png
[5.252s] -- Up-to-date symlink: /home/corelab/GitHub/CatchingBlimp/Summer2023/ros2_stereo/install/stereo_combined/share/stereo_combined//calibration/calibrationdata_test1/right-0051.png
[5.252s] -- Up-to-date symlink: /home/corelab/GitHub/CatchingBlimp/Summer2023/ros2_stereo/install/stereo_combined/share/stereo_combined//calibration/calibrationdata_test1/right-0052.png
[5.252s] -- Up-to-date symlink: /home/corelab/GitHub/CatchingBlimp/Summer2023/ros2_stereo/install/stereo_combined/share/stereo_combined//calibration/calibrationdata_test1/right-0053.png
[5.252s] -- Up-to-date symlink: /home/corelab/GitHub/CatchingBlimp/Summer2023/ros2_stereo/install/stereo_combined/share/stereo_combined//calibration/calibrationdata_test1/right-0054.png
[5.252s] -- Up-to-date symlink: /home/corelab/GitHub/CatchingBlimp/Summer2023/ros2_stereo/install/stereo_combined/share/stereo_combined//calibration/calibrationdata_test1/right.yaml
[5.252s] -- Up-to-date symlink: /home/corelab/GitHub/CatchingBlimp/Summer2023/ros2_stereo/install/stereo_combined/share/stereo_combined//calibration/calibrationdata_test2/left-0000.png
[5.252s] -- Up-to-date symlink: /home/corelab/GitHub/CatchingBlimp/Summer2023/ros2_stereo/install/stereo_combined/share/stereo_combined//calibration/calibrationdata_test2/left-0001.png
[5.252s] -- Up-to-date symlink: /home/corelab/GitHub/CatchingBlimp/Summer2023/ros2_stereo/install/stereo_combined/share/stereo_combined//calibration/calibrationdata_test2/left-0002.png
[5.252s] -- Up-to-date symlink: /home/corelab/GitHub/CatchingBlimp/Summer2023/ros2_stereo/install/stereo_combined/share/stereo_combined//calibration/calibrationdata_test2/left-0003.png
[5.252s] -- Up-to-date symlink: /home/corelab/GitHub/CatchingBlimp/Summer2023/ros2_stereo/install/stereo_combined/share/stereo_combined//calibration/calibrationdata_test2/left-0004.png
[5.252s] -- Up-to-date symlink: /home/corelab/GitHub/CatchingBlimp/Summer2023/ros2_stereo/install/stereo_combined/share/stereo_combined//calibration/calibrationdata_test2/left-0005.png
[5.252s] -- Up-to-date symlink: /home/corelab/GitHub/CatchingBlimp/Summer2023/ros2_stereo/install/stereo_combined/share/stereo_combined//calibration/calibrationdata_test2/left-0006.png
[5.252s] -- Up-to-date symlink: /home/corelab/GitHub/CatchingBlimp/Summer2023/ros2_stereo/install/stereo_combined/share/stereo_combined//calibration/calibrationdata_test2/left-0007.png
[5.252s] -- Up-to-date symlink: /home/corelab/GitHub/CatchingBlimp/Summer2023/ros2_stereo/install/stereo_combined/share/stereo_combined//calibration/calibrationdata_test2/left-0008.png
[5.253s] -- Up-to-date symlink: /home/corelab/GitHub/CatchingBlimp/Summer2023/ros2_stereo/install/stereo_combined/share/stereo_combined//calibration/calibrationdata_test2/left-0009.png
[5.253s] -- Up-to-date symlink: /home/corelab/GitHub/CatchingBlimp/Summer2023/ros2_stereo/install/stereo_combined/share/stereo_combined//calibration/calibrationdata_test2/left-0010.png
[5.253s] -- Up-to-date symlink: /home/corelab/GitHub/CatchingBlimp/Summer2023/ros2_stereo/install/stereo_combined/share/stereo_combined//calibration/calibrationdata_test2/left-0011.png
[5.253s] -- Up-to-date symlink: /home/corelab/GitHub/CatchingBlimp/Summer2023/ros2_stereo/install/stereo_combined/share/stereo_combined//calibration/calibrationdata_test2/left-0012.png
[5.253s] -- Up-to-date symlink: /home/corelab/GitHub/CatchingBlimp/Summer2023/ros2_stereo/install/stereo_combined/share/stereo_combined//calibration/calibrationdata_test2/left-0013.png
[5.253s] -- Up-to-date symlink: /home/corelab/GitHub/CatchingBlimp/Summer2023/ros2_stereo/install/stereo_combined/share/stereo_combined//calibration/calibrationdata_test2/left-0014.png
[5.253s] -- Up-to-date symlink: /home/corelab/GitHub/CatchingBlimp/Summer2023/ros2_stereo/install/stereo_combined/share/stereo_combined//calibration/calibrationdata_test2/left-0015.png
[5.253s] -- Up-to-date symlink: /home/corelab/GitHub/CatchingBlimp/Summer2023/ros2_stereo/install/stereo_combined/share/stereo_combined//calibration/calibrationdata_test2/left-0016.png
[5.253s] -- Up-to-date symlink: /home/corelab/GitHub/CatchingBlimp/Summer2023/ros2_stereo/install/stereo_combined/share/stereo_combined//calibration/calibrationdata_test2/left-0017.png
[5.253s] -- Up-to-date symlink: /home/corelab/GitHub/CatchingBlimp/Summer2023/ros2_stereo/install/stereo_combined/share/stereo_combined//calibration/calibrationdata_test2/left-0018.png
[5.253s] -- Up-to-date symlink: /home/corelab/GitHub/CatchingBlimp/Summer2023/ros2_stereo/install/stereo_combined/share/stereo_combined//calibration/calibrationdata_test2/left-0019.png
[5.253s] -- Up-to-date symlink: /home/corelab/GitHub/CatchingBlimp/Summer2023/ros2_stereo/install/stereo_combined/share/stereo_combined//calibration/calibrationdata_test2/left-0020.png
[5.253s] -- Up-to-date symlink: /home/corelab/GitHub/CatchingBlimp/Summer2023/ros2_stereo/install/stereo_combined/share/stereo_combined//calibration/calibrationdata_test2/left-0021.png
[5.253s] -- Up-to-date symlink: /home/corelab/GitHub/CatchingBlimp/Summer2023/ros2_stereo/install/stereo_combined/share/stereo_combined//calibration/calibrationdata_test2/left-0022.png
[5.253s] -- Up-to-date symlink: /home/corelab/GitHub/CatchingBlimp/Summer2023/ros2_stereo/install/stereo_combined/share/stereo_combined//calibration/calibrationdata_test2/left-0023.png
[5.253s] -- Up-to-date symlink: /home/corelab/GitHub/CatchingBlimp/Summer2023/ros2_stereo/install/stereo_combined/share/stereo_combined//calibration/calibrationdata_test2/left-0024.png
[5.253s] -- Up-to-date symlink: /home/corelab/GitHub/CatchingBlimp/Summer2023/ros2_stereo/install/stereo_combined/share/stereo_combined//calibration/calibrationdata_test2/left-0025.png
[5.253s] -- Up-to-date symlink: /home/corelab/GitHub/CatchingBlimp/Summer2023/ros2_stereo/install/stereo_combined/share/stereo_combined//calibration/calibrationdata_test2/left-0026.png
[5.254s] -- Up-to-date symlink: /home/corelab/GitHub/CatchingBlimp/Summer2023/ros2_stereo/install/stereo_combined/share/stereo_combined//calibration/calibrationdata_test2/left-0027.png
[5.254s] -- Up-to-date symlink: /home/corelab/GitHub/CatchingBlimp/Summer2023/ros2_stereo/install/stereo_combined/share/stereo_combined//calibration/calibrationdata_test2/left-0028.png
[5.254s] -- Up-to-date symlink: /home/corelab/GitHub/CatchingBlimp/Summer2023/ros2_stereo/install/stereo_combined/share/stereo_combined//calibration/calibrationdata_test2/left-0029.png
[5.254s] -- Up-to-date symlink: /home/corelab/GitHub/CatchingBlimp/Summer2023/ros2_stereo/install/stereo_combined/share/stereo_combined//calibration/calibrationdata_test2/left-0030.png
[5.254s] -- Up-to-date symlink: /home/corelab/GitHub/CatchingBlimp/Summer2023/ros2_stereo/install/stereo_combined/share/stereo_combined//calibration/calibrationdata_test2/left-0031.png
[5.254s] -- Up-to-date symlink: /home/corelab/GitHub/CatchingBlimp/Summer2023/ros2_stereo/install/stereo_combined/share/stereo_combined//calibration/calibrationdata_test2/left-0032.png
[5.254s] -- Up-to-date symlink: /home/corelab/GitHub/CatchingBlimp/Summer2023/ros2_stereo/install/stereo_combined/share/stereo_combined//calibration/calibrationdata_test2/left-0033.png
[5.254s] -- Up-to-date symlink: /home/corelab/GitHub/CatchingBlimp/Summer2023/ros2_stereo/install/stereo_combined/share/stereo_combined//calibration/calibrationdata_test2/left-0034.png
[5.254s] -- Up-to-date symlink: /home/corelab/GitHub/CatchingBlimp/Summer2023/ros2_stereo/install/stereo_combined/share/stereo_combined//calibration/calibrationdata_test2/left-0035.png
[5.254s] -- Up-to-date symlink: /home/corelab/GitHub/CatchingBlimp/Summer2023/ros2_stereo/install/stereo_combined/share/stereo_combined//calibration/calibrationdata_test2/left-0036.png
[5.254s] -- Up-to-date symlink: /home/corelab/GitHub/CatchingBlimp/Summer2023/ros2_stereo/install/stereo_combined/share/stereo_combined//calibration/calibrationdata_test2/left-0037.png
[5.254s] -- Up-to-date symlink: /home/corelab/GitHub/CatchingBlimp/Summer2023/ros2_stereo/install/stereo_combined/share/stereo_combined//calibration/calibrationdata_test2/left-0038.png
[5.254s] -- Up-to-date symlink: /home/corelab/GitHub/CatchingBlimp/Summer2023/ros2_stereo/install/stereo_combined/share/stereo_combined//calibration/calibrationdata_test2/left-0039.png
[5.254s] -- Up-to-date symlink: /home/corelab/GitHub/CatchingBlimp/Summer2023/ros2_stereo/install/stereo_combined/share/stereo_combined//calibration/calibrationdata_test2/left-0040.png
[5.254s] -- Up-to-date symlink: /home/corelab/GitHub/CatchingBlimp/Summer2023/ros2_stereo/install/stereo_combined/share/stereo_combined//calibration/calibrationdata_test2/left-0041.png
[5.254s] -- Up-to-date symlink: /home/corelab/GitHub/CatchingBlimp/Summer2023/ros2_stereo/install/stereo_combined/share/stereo_combined//calibration/calibrationdata_test2/left-0042.png
[5.254s] -- Up-to-date symlink: /home/corelab/GitHub/CatchingBlimp/Summer2023/ros2_stereo/install/stereo_combined/share/stereo_combined//calibration/calibrationdata_test2/left-0043.png
[5.254s] -- Up-to-date symlink: /home/corelab/GitHub/CatchingBlimp/Summer2023/ros2_stereo/install/stereo_combined/share/stereo_combined//calibration/calibrationdata_test2/left-0044.png
[5.255s] -- Up-to-date symlink: /home/corelab/GitHub/CatchingBlimp/Summer2023/ros2_stereo/install/stereo_combined/share/stereo_combined//calibration/calibrationdata_test2/left-0045.png
[5.255s] -- Up-to-date symlink: /home/corelab/GitHub/CatchingBlimp/Summer2023/ros2_stereo/install/stereo_combined/share/stereo_combined//calibration/calibrationdata_test2/left-0046.png
[5.255s] -- Up-to-date symlink: /home/corelab/GitHub/CatchingBlimp/Summer2023/ros2_stereo/install/stereo_combined/share/stereo_combined//calibration/calibrationdata_test2/left-0047.png
[5.255s] -- Up-to-date symlink: /home/corelab/GitHub/CatchingBlimp/Summer2023/ros2_stereo/install/stereo_combined/share/stereo_combined//calibration/calibrationdata_test2/left-0048.png
[5.255s] -- Up-to-date symlink: /home/corelab/GitHub/CatchingBlimp/Summer2023/ros2_stereo/install/stereo_combined/share/stereo_combined//calibration/calibrationdata_test2/left-0049.png
[5.255s] -- Up-to-date symlink: /home/corelab/GitHub/CatchingBlimp/Summer2023/ros2_stereo/install/stereo_combined/share/stereo_combined//calibration/calibrationdata_test2/left-0050.png
[5.255s] -- Up-to-date symlink: /home/corelab/GitHub/CatchingBlimp/Summer2023/ros2_stereo/install/stereo_combined/share/stereo_combined//calibration/calibrationdata_test2/left.yaml
[5.255s] -- Up-to-date symlink: /home/corelab/GitHub/CatchingBlimp/Summer2023/ros2_stereo/install/stereo_combined/share/stereo_combined//calibration/calibrationdata_test2/ost.txt
[5.255s] -- Up-to-date symlink: /home/corelab/GitHub/CatchingBlimp/Summer2023/ros2_stereo/install/stereo_combined/share/stereo_combined//calibration/calibrationdata_test2/right-0000.png
[5.255s] -- Up-to-date symlink: /home/corelab/GitHub/CatchingBlimp/Summer2023/ros2_stereo/install/stereo_combined/share/stereo_combined//calibration/calibrationdata_test2/right-0001.png
[5.255s] -- Up-to-date symlink: /home/corelab/GitHub/CatchingBlimp/Summer2023/ros2_stereo/install/stereo_combined/share/stereo_combined//calibration/calibrationdata_test2/right-0002.png
[5.255s] -- Up-to-date symlink: /home/corelab/GitHub/CatchingBlimp/Summer2023/ros2_stereo/install/stereo_combined/share/stereo_combined//calibration/calibrationdata_test2/right-0003.png
[5.255s] -- Up-to-date symlink: /home/corelab/GitHub/CatchingBlimp/Summer2023/ros2_stereo/install/stereo_combined/share/stereo_combined//calibration/calibrationdata_test2/right-0004.png
[5.255s] -- Up-to-date symlink: /home/corelab/GitHub/CatchingBlimp/Summer2023/ros2_stereo/install/stereo_combined/share/stereo_combined//calibration/calibrationdata_test2/right-0005.png
[5.255s] -- Up-to-date symlink: /home/corelab/GitHub/CatchingBlimp/Summer2023/ros2_stereo/install/stereo_combined/share/stereo_combined//calibration/calibrationdata_test2/right-0006.png
[5.255s] -- Up-to-date symlink: /home/corelab/GitHub/CatchingBlimp/Summer2023/ros2_stereo/install/stereo_combined/share/stereo_combined//calibration/calibrationdata_test2/right-0007.png
[5.256s] -- Up-to-date symlink: /home/corelab/GitHub/CatchingBlimp/Summer2023/ros2_stereo/install/stereo_combined/share/stereo_combined//calibration/calibrationdata_test2/right-0008.png
[5.256s] -- Up-to-date symlink: /home/corelab/GitHub/CatchingBlimp/Summer2023/ros2_stereo/install/stereo_combined/share/stereo_combined//calibration/calibrationdata_test2/right-0009.png
[5.256s] -- Up-to-date symlink: /home/corelab/GitHub/CatchingBlimp/Summer2023/ros2_stereo/install/stereo_combined/share/stereo_combined//calibration/calibrationdata_test2/right-0010.png
[5.256s] -- Up-to-date symlink: /home/corelab/GitHub/CatchingBlimp/Summer2023/ros2_stereo/install/stereo_combined/share/stereo_combined//calibration/calibrationdata_test2/right-0011.png
[5.256s] -- Up-to-date symlink: /home/corelab/GitHub/CatchingBlimp/Summer2023/ros2_stereo/install/stereo_combined/share/stereo_combined//calibration/calibrationdata_test2/right-0012.png
[5.256s] -- Up-to-date symlink: /home/corelab/GitHub/CatchingBlimp/Summer2023/ros2_stereo/install/stereo_combined/share/stereo_combined//calibration/calibrationdata_test2/right-0013.png
[5.256s] -- Up-to-date symlink: /home/corelab/GitHub/CatchingBlimp/Summer2023/ros2_stereo/install/stereo_combined/share/stereo_combined//calibration/calibrationdata_test2/right-0014.png
[5.256s] -- Up-to-date symlink: /home/corelab/GitHub/CatchingBlimp/Summer2023/ros2_stereo/install/stereo_combined/share/stereo_combined//calibration/calibrationdata_test2/right-0015.png
[5.256s] -- Up-to-date symlink: /home/corelab/GitHub/CatchingBlimp/Summer2023/ros2_stereo/install/stereo_combined/share/stereo_combined//calibration/calibrationdata_test2/right-0016.png
[5.256s] -- Up-to-date symlink: /home/corelab/GitHub/CatchingBlimp/Summer2023/ros2_stereo/install/stereo_combined/share/stereo_combined//calibration/calibrationdata_test2/right-0017.png
[5.256s] -- Up-to-date symlink: /home/corelab/GitHub/CatchingBlimp/Summer2023/ros2_stereo/install/stereo_combined/share/stereo_combined//calibration/calibrationdata_test2/right-0018.png
[5.256s] -- Up-to-date symlink: /home/corelab/GitHub/CatchingBlimp/Summer2023/ros2_stereo/install/stereo_combined/share/stereo_combined//calibration/calibrationdata_test2/right-0019.png
[5.256s] -- Up-to-date symlink: /home/corelab/GitHub/CatchingBlimp/Summer2023/ros2_stereo/install/stereo_combined/share/stereo_combined//calibration/calibrationdata_test2/right-0020.png
[5.256s] -- Up-to-date symlink: /home/corelab/GitHub/CatchingBlimp/Summer2023/ros2_stereo/install/stereo_combined/share/stereo_combined//calibration/calibrationdata_test2/right-0021.png
[5.256s] -- Up-to-date symlink: /home/corelab/GitHub/CatchingBlimp/Summer2023/ros2_stereo/install/stereo_combined/share/stereo_combined//calibration/calibrationdata_test2/right-0022.png
[5.256s] -- Up-to-date symlink: /home/corelab/GitHub/CatchingBlimp/Summer2023/ros2_stereo/install/stereo_combined/share/stereo_combined//calibration/calibrationdata_test2/right-0023.png
[5.256s] -- Up-to-date symlink: /home/corelab/GitHub/CatchingBlimp/Summer2023/ros2_stereo/install/stereo_combined/share/stereo_combined//calibration/calibrationdata_test2/right-0024.png
[5.256s] -- Up-to-date symlink: /home/corelab/GitHub/CatchingBlimp/Summer2023/ros2_stereo/install/stereo_combined/share/stereo_combined//calibration/calibrationdata_test2/right-0025.png
[5.257s] -- Up-to-date symlink: /home/corelab/GitHub/CatchingBlimp/Summer2023/ros2_stereo/install/stereo_combined/share/stereo_combined//calibration/calibrationdata_test2/right-0026.png
[5.257s] -- Up-to-date symlink: /home/corelab/GitHub/CatchingBlimp/Summer2023/ros2_stereo/install/stereo_combined/share/stereo_combined//calibration/calibrationdata_test2/right-0027.png
[5.257s] -- Up-to-date symlink: /home/corelab/GitHub/CatchingBlimp/Summer2023/ros2_stereo/install/stereo_combined/share/stereo_combined//calibration/calibrationdata_test2/right-0028.png
[5.257s] -- Up-to-date symlink: /home/corelab/GitHub/CatchingBlimp/Summer2023/ros2_stereo/install/stereo_combined/share/stereo_combined//calibration/calibrationdata_test2/right-0029.png
[5.257s] -- Up-to-date symlink: /home/corelab/GitHub/CatchingBlimp/Summer2023/ros2_stereo/install/stereo_combined/share/stereo_combined//calibration/calibrationdata_test2/right-0030.png
[5.257s] -- Up-to-date symlink: /home/corelab/GitHub/CatchingBlimp/Summer2023/ros2_stereo/install/stereo_combined/share/stereo_combined//calibration/calibrationdata_test2/right-0031.png
[5.257s] -- Up-to-date symlink: /home/corelab/GitHub/CatchingBlimp/Summer2023/ros2_stereo/install/stereo_combined/share/stereo_combined//calibration/calibrationdata_test2/right-0032.png
[5.257s] -- Up-to-date symlink: /home/corelab/GitHub/CatchingBlimp/Summer2023/ros2_stereo/install/stereo_combined/share/stereo_combined//calibration/calibrationdata_test2/right-0033.png
[5.257s] -- Up-to-date symlink: /home/corelab/GitHub/CatchingBlimp/Summer2023/ros2_stereo/install/stereo_combined/share/stereo_combined//calibration/calibrationdata_test2/right-0034.png
[5.257s] -- Up-to-date symlink: /home/corelab/GitHub/CatchingBlimp/Summer2023/ros2_stereo/install/stereo_combined/share/stereo_combined//calibration/calibrationdata_test2/right-0035.png
[5.257s] -- Up-to-date symlink: /home/corelab/GitHub/CatchingBlimp/Summer2023/ros2_stereo/install/stereo_combined/share/stereo_combined//calibration/calibrationdata_test2/right-0036.png
[5.257s] -- Up-to-date symlink: /home/corelab/GitHub/CatchingBlimp/Summer2023/ros2_stereo/install/stereo_combined/share/stereo_combined//calibration/calibrationdata_test2/right-0037.png
[5.257s] -- Up-to-date symlink: /home/corelab/GitHub/CatchingBlimp/Summer2023/ros2_stereo/install/stereo_combined/share/stereo_combined//calibration/calibrationdata_test2/right-0038.png
[5.257s] -- Up-to-date symlink: /home/corelab/GitHub/CatchingBlimp/Summer2023/ros2_stereo/install/stereo_combined/share/stereo_combined//calibration/calibrationdata_test2/right-0039.png
[5.257s] -- Up-to-date symlink: /home/corelab/GitHub/CatchingBlimp/Summer2023/ros2_stereo/install/stereo_combined/share/stereo_combined//calibration/calibrationdata_test2/right-0040.png
[5.257s] -- Up-to-date symlink: /home/corelab/GitHub/CatchingBlimp/Summer2023/ros2_stereo/install/stereo_combined/share/stereo_combined//calibration/calibrationdata_test2/right-0041.png
[5.257s] -- Up-to-date symlink: /home/corelab/GitHub/CatchingBlimp/Summer2023/ros2_stereo/install/stereo_combined/share/stereo_combined//calibration/calibrationdata_test2/right-0042.png
[5.258s] -- Up-to-date symlink: /home/corelab/GitHub/CatchingBlimp/Summer2023/ros2_stereo/install/stereo_combined/share/stereo_combined//calibration/calibrationdata_test2/right-0043.png
[5.258s] -- Up-to-date symlink: /home/corelab/GitHub/CatchingBlimp/Summer2023/ros2_stereo/install/stereo_combined/share/stereo_combined//calibration/calibrationdata_test2/right-0044.png
[5.258s] -- Up-to-date symlink: /home/corelab/GitHub/CatchingBlimp/Summer2023/ros2_stereo/install/stereo_combined/share/stereo_combined//calibration/calibrationdata_test2/right-0045.png
[5.258s] -- Up-to-date symlink: /home/corelab/GitHub/CatchingBlimp/Summer2023/ros2_stereo/install/stereo_combined/share/stereo_combined//calibration/calibrationdata_test2/right-0046.png
[5.258s] -- Up-to-date symlink: /home/corelab/GitHub/CatchingBlimp/Summer2023/ros2_stereo/install/stereo_combined/share/stereo_combined//calibration/calibrationdata_test2/right-0047.png
[5.258s] -- Up-to-date symlink: /home/corelab/GitHub/CatchingBlimp/Summer2023/ros2_stereo/install/stereo_combined/share/stereo_combined//calibration/calibrationdata_test2/right-0048.png
[5.258s] -- Up-to-date symlink: /home/corelab/GitHub/CatchingBlimp/Summer2023/ros2_stereo/install/stereo_combined/share/stereo_combined//calibration/calibrationdata_test2/right-0049.png
[5.258s] -- Up-to-date symlink: /home/corelab/GitHub/CatchingBlimp/Summer2023/ros2_stereo/install/stereo_combined/share/stereo_combined//calibration/calibrationdata_test2/right-0050.png
[5.258s] -- Up-to-date symlink: /home/corelab/GitHub/CatchingBlimp/Summer2023/ros2_stereo/install/stereo_combined/share/stereo_combined//calibration/calibrationdata_test2/right.yaml
[5.258s] -- Up-to-date symlink: /home/corelab/GitHub/CatchingBlimp/Summer2023/ros2_stereo/install/stereo_combined/share/stereo_combined//calibration/camera1_elp_left.yaml
[5.258s] -- Up-to-date symlink: /home/corelab/GitHub/CatchingBlimp/Summer2023/ros2_stereo/install/stereo_combined/share/stereo_combined//calibration/camera1_elp_right.yaml
[5.258s] -- Up-to-date symlink: /home/corelab/GitHub/CatchingBlimp/Summer2023/ros2_stereo/install/stereo_combined/share/stereo_combined//calibration/elp_left.yaml
[5.258s] -- Up-to-date symlink: /home/corelab/GitHub/CatchingBlimp/Summer2023/ros2_stereo/install/stereo_combined/share/stereo_combined//calibration/elp_right.yaml
[5.258s] -- Up-to-date symlink: /home/corelab/GitHub/CatchingBlimp/Summer2023/ros2_stereo/install/stereo_combined/share/stereo_combined//calibration/temp/elp_left.yaml
[5.258s] -- Up-to-date symlink: /home/corelab/GitHub/CatchingBlimp/Summer2023/ros2_stereo/install/stereo_combined/share/stereo_combined//calibration/temp/elp_right.yaml
[5.258s] -- Up-to-date symlink: /home/corelab/GitHub/CatchingBlimp/Summer2023/ros2_stereo/install/stereo_combined/share/ament_index/resource_index/package_run_dependencies/stereo_combined
[5.259s] -- Up-to-date symlink: /home/corelab/GitHub/CatchingBlimp/Summer2023/ros2_stereo/install/stereo_combined/share/ament_index/resource_index/parent_prefix_path/stereo_combined
[5.259s] -- Up-to-date symlink: /home/corelab/GitHub/CatchingBlimp/Summer2023/ros2_stereo/install/stereo_combined/share/stereo_combined/environment/ament_prefix_path.sh
[5.259s] -- Up-to-date symlink: /home/corelab/GitHub/CatchingBlimp/Summer2023/ros2_stereo/install/stereo_combined/share/stereo_combined/environment/ament_prefix_path.dsv
[5.259s] -- Up-to-date symlink: /home/corelab/GitHub/CatchingBlimp/Summer2023/ros2_stereo/install/stereo_combined/share/stereo_combined/environment/path.sh
[5.259s] -- Up-to-date symlink: /home/corelab/GitHub/CatchingBlimp/Summer2023/ros2_stereo/install/stereo_combined/share/stereo_combined/environment/path.dsv
[5.259s] -- Up-to-date symlink: /home/corelab/GitHub/CatchingBlimp/Summer2023/ros2_stereo/install/stereo_combined/share/stereo_combined/local_setup.bash
[5.259s] -- Up-to-date symlink: /home/corelab/GitHub/CatchingBlimp/Summer2023/ros2_stereo/install/stereo_combined/share/stereo_combined/local_setup.sh
[5.259s] -- Up-to-date symlink: /home/corelab/GitHub/CatchingBlimp/Summer2023/ros2_stereo/install/stereo_combined/share/stereo_combined/local_setup.zsh
[5.259s] -- Up-to-date symlink: /home/corelab/GitHub/CatchingBlimp/Summer2023/ros2_stereo/install/stereo_combined/share/stereo_combined/local_setup.dsv
[5.259s] -- Symlinking: /home/corelab/GitHub/CatchingBlimp/Summer2023/ros2_stereo/install/stereo_combined/share/stereo_combined/package.dsv
[5.262s] -- Up-to-date symlink: /home/corelab/GitHub/CatchingBlimp/Summer2023/ros2_stereo/install/stereo_combined/share/ament_index/resource_index/packages/stereo_combined
[5.262s] -- Up-to-date symlink: /home/corelab/GitHub/CatchingBlimp/Summer2023/ros2_stereo/install/stereo_combined/share/stereo_combined/cmake/stereo_combinedConfig.cmake
[5.262s] -- Up-to-date symlink: /home/corelab/GitHub/CatchingBlimp/Summer2023/ros2_stereo/install/stereo_combined/share/stereo_combined/cmake/stereo_combinedConfig-version.cmake
[5.262s] -- Up-to-date symlink: /home/corelab/GitHub/CatchingBlimp/Summer2023/ros2_stereo/install/stereo_combined/share/stereo_combined/package.xml
[5.267s] Invoked command in '/home/corelab/GitHub/CatchingBlimp/Summer2023/ros2_stereo/build/stereo_combined' returned '0': CMAKE_PREFIX_PATH=/home/corelab/GitHub/CatchingBlimp/Summer2023/ros2_stereo/install/image_proc:/home/corelab/Luke_ML_Blimp/ros2_tracks_ws/install/yolo_msgs:/home/corelab/GitHub/CatchingBlimp/Summer2023/ros2_stereo/install/stereo_image_proc:/home/corelab/GitHub/CatchingBlimp/Summer2023/ros2_stereo/install/yolo_msgs:/home/corelab/GitHub/CatchingBlimp/Summer2023/ros2_stereo/install/stereo_combined:/home/corelab/GitHub/CatchingBlimp/Summer2023/ros2_stereo/install/gscam2:/home/corelab/GitHub/CatchingBlimp/Summer2023/ros2_stereo/install/ros2_shared:/home/corelab/GitHub/CatchingBlimp/Summer2023/ros2_stereo/install/opencv_telemetry:/home/corelab/GitHub/CatchingBlimp/Summer2023/ros2_stereo/install/image_view:/home/corelab/Luke_ML_Blimp/ros2_tracks_ws/install/track_ros2:/opt/ros/foxy LD_LIBRARY_PATH=/home/corelab/GitHub/CatchingBlimp/Summer2023/ros2_stereo/install/image_proc/lib:/home/corelab/Luke_ML_Blimp/ros2_tracks_ws/install/yolo_msgs/lib:/home/corelab/GitHub/CatchingBlimp/Summer2023/ros2_stereo/install/stereo_image_proc/lib:/home/corelab/GitHub/CatchingBlimp/Summer2023/ros2_stereo/install/yolo_msgs/lib:/home/corelab/GitHub/CatchingBlimp/Summer2023/ros2_stereo/install/gscam2/lib:/home/corelab/GitHub/CatchingBlimp/Summer2023/ros2_stereo/install/opencv_telemetry/lib:/home/corelab/GitHub/CatchingBlimp/Summer2023/ros2_stereo/install/image_view/lib:/usr/lib/x86_64-linux-gnu/gazebo-11/plugins:/opt/ros/foxy/opt/yaml_cpp_vendor/lib:/opt/ros/foxy/opt/rviz_ogre_vendor/lib:/opt/ros/foxy/lib/x86_64-linux-gnu:/opt/ros/foxy/opt/libphidget22/lib:/usr/share/gurumdds/cmake/../../../lib:/opt/rti.com/rti_connext_dds-5.3.1/lib/x64Linux3gcc5.4.0:/opt/ros/foxy/lib PATH=/home/corelab/GitHub/CatchingBlimp/Summer2023/ros2_stereo/install/image_proc/bin:/usr/local/bin:/opt/ros/foxy/bin/maliput_malidrive/applications:/opt/ros/foxy/bin/maliput_malidrive:/opt/rti.com/rti_connext_dds-5.3.1/lib/x64Linux3gcc5.4.0:/opt/rti.com/rti_connext_dds-5.3.1/bin:/opt/ros/foxy/bin:/home/corelab/.local/bin:/usr/local/sbin:/usr/local/bin:/usr/sbin:/usr/bin:/sbin:/bin:/usr/games:/usr/local/games:/snap/bin /home/corelab/.local/bin/cmake --install /home/corelab/GitHub/CatchingBlimp/Summer2023/ros2_stereo/build/stereo_combined
