[0.461s] Invoking command in '/home/corelab/CatchingBlimp/Summer2023/ros2_stereo/build/ros2_shared': CMAKE_PREFIX_PATH=${CMAKE_PREFIX_PATH}:/opt/ros/foxy /usr/bin/cmake /home/corelab/CatchingBlimp/Summer2023/ros2_stereo/src/ros2_shared -DCMAKE_INSTALL_PREFIX=/home/corelab/CatchingBlimp/Summer2023/ros2_stereo/install/ros2_shared
[0.473s] -- Found ament_cmake: 0.9.12 (/opt/ros/foxy/share/ament_cmake/cmake)
[0.492s] -- Using PYTHON_EXECUTABLE: /usr/bin/python3
[0.668s] -- Override CMake install command with custom implementation using symlinks instead of copying resources
[0.668s] -- Found rclcpp: 2.4.3 (/opt/ros/foxy/share/rclcpp/cmake)
[0.695s] -- Using all available rosidl_typesupport_c: rosidl_typesupport_fastrtps_c;rosidl_typesupport_introspection_c
[0.698s] -- Found rosidl_adapter: 1.3.1 (/opt/ros/foxy/share/rosidl_adapter/cmake)
[0.798s] -- Using all available rosidl_typesupport_cpp: rosidl_typesupport_fastrtps_cpp;rosidl_typesupport_introspection_cpp
[0.839s] -- Found rmw_implementation_cmake: 1.0.4 (/opt/ros/foxy/share/rmw_implementation_cmake/cmake)
[0.840s] -- Using RMW implementation 'rmw_fastrtps_cpp' as default
[1.014s] -- Configuring done
[1.015s] -- Generating done
[1.016s] -- Build files have been written to: /home/corelab/CatchingBlimp/Summer2023/ros2_stereo/build/ros2_shared
[1.022s] Invoked command in '/home/corelab/CatchingBlimp/Summer2023/ros2_stereo/build/ros2_shared' returned '0': CMAKE_PREFIX_PATH=${CMAKE_PREFIX_PATH}:/opt/ros/foxy /usr/bin/cmake /home/corelab/CatchingBlimp/Summer2023/ros2_stereo/src/ros2_shared -DCMAKE_INSTALL_PREFIX=/home/corelab/CatchingBlimp/Summer2023/ros2_stereo/install/ros2_shared
[1.024s] Invoking command in '/home/corelab/CatchingBlimp/Summer2023/ros2_stereo/build/ros2_shared': CMAKE_PREFIX_PATH=${CMAKE_PREFIX_PATH}:/opt/ros/foxy /usr/bin/cmake --build /home/corelab/CatchingBlimp/Summer2023/ros2_stereo/build/ros2_shared -- -j8 -l8
[1.056s] Invoked command in '/home/corelab/CatchingBlimp/Summer2023/ros2_stereo/build/ros2_shared' returned '0': CMAKE_PREFIX_PATH=${CMAKE_PREFIX_PATH}:/opt/ros/foxy /usr/bin/cmake --build /home/corelab/CatchingBlimp/Summer2023/ros2_stereo/build/ros2_shared -- -j8 -l8
[1.082s] Invoking command in '/home/corelab/CatchingBlimp/Summer2023/ros2_stereo/build/ros2_shared': CMAKE_PREFIX_PATH=${CMAKE_PREFIX_PATH}:/opt/ros/foxy /usr/bin/cmake --install /home/corelab/CatchingBlimp/Summer2023/ros2_stereo/build/ros2_shared
[1.091s] -- Install configuration: ""
[1.091s] -- Execute custom install script
[1.092s] -- Up-to-date symlink: /home/corelab/CatchingBlimp/Summer2023/ros2_stereo/install/ros2_shared/include/ros2_shared/context_macros.hpp
[1.092s] -- Up-to-date symlink: /home/corelab/CatchingBlimp/Summer2023/ros2_stereo/install/ros2_shared/include/ros2_shared/param_macros.hpp
[1.092s] -- Up-to-date symlink: /home/corelab/CatchingBlimp/Summer2023/ros2_stereo/install/ros2_shared/include/ros2_shared/string_printf.hpp
[1.092s] -- Up-to-date symlink: /home/corelab/CatchingBlimp/Summer2023/ros2_stereo/install/ros2_shared/share/ament_index/resource_index/package_run_dependencies/ros2_shared
[1.093s] -- Up-to-date symlink: /home/corelab/CatchingBlimp/Summer2023/ros2_stereo/install/ros2_shared/share/ament_index/resource_index/parent_prefix_path/ros2_shared
[1.093s] -- Up-to-date symlink: /home/corelab/CatchingBlimp/Summer2023/ros2_stereo/install/ros2_shared/share/ros2_shared/environment/ament_prefix_path.sh
[1.093s] -- Up-to-date symlink: /home/corelab/CatchingBlimp/Summer2023/ros2_stereo/install/ros2_shared/share/ros2_shared/environment/ament_prefix_path.dsv
[1.093s] -- Up-to-date symlink: /home/corelab/CatchingBlimp/Summer2023/ros2_stereo/install/ros2_shared/share/ros2_shared/environment/path.sh
[1.093s] -- Up-to-date symlink: /home/corelab/CatchingBlimp/Summer2023/ros2_stereo/install/ros2_shared/share/ros2_shared/environment/path.dsv
[1.094s] -- Up-to-date symlink: /home/corelab/CatchingBlimp/Summer2023/ros2_stereo/install/ros2_shared/share/ros2_shared/local_setup.bash
[1.094s] -- Up-to-date symlink: /home/corelab/CatchingBlimp/Summer2023/ros2_stereo/install/ros2_shared/share/ros2_shared/local_setup.sh
[1.094s] -- Up-to-date symlink: /home/corelab/CatchingBlimp/Summer2023/ros2_stereo/install/ros2_shared/share/ros2_shared/local_setup.zsh
[1.094s] -- Up-to-date symlink: /home/corelab/CatchingBlimp/Summer2023/ros2_stereo/install/ros2_shared/share/ros2_shared/local_setup.dsv
[1.095s] -- Symlinking: /home/corelab/CatchingBlimp/Summer2023/ros2_stereo/install/ros2_shared/share/ros2_shared/package.dsv
[1.102s] -- Up-to-date symlink: /home/corelab/CatchingBlimp/Summer2023/ros2_stereo/install/ros2_shared/share/ament_index/resource_index/packages/ros2_shared
[1.102s] -- Up-to-date symlink: /home/corelab/CatchingBlimp/Summer2023/ros2_stereo/install/ros2_shared/share/ros2_shared/cmake/ament_cmake_export_targets-extras.cmake
[1.102s] -- Up-to-date symlink: /home/corelab/CatchingBlimp/Summer2023/ros2_stereo/install/ros2_shared/share/ros2_shared/cmake/ament_cmake_export_dependencies-extras.cmake
[1.102s] -- Up-to-date symlink: /home/corelab/CatchingBlimp/Summer2023/ros2_stereo/install/ros2_shared/share/ros2_shared/cmake/ros2_sharedConfig.cmake
[1.102s] -- Up-to-date symlink: /home/corelab/CatchingBlimp/Summer2023/ros2_stereo/install/ros2_shared/share/ros2_shared/cmake/ros2_sharedConfig-version.cmake
[1.102s] -- Up-to-date symlink: /home/corelab/CatchingBlimp/Summer2023/ros2_stereo/install/ros2_shared/share/ros2_shared/package.xml
[1.103s] -- Up-to-date: /home/corelab/CatchingBlimp/Summer2023/ros2_stereo/install/ros2_shared/share/ros2_shared/cmake/ros2_shared_targetsExport.cmake
[1.104s] Invoked command in '/home/corelab/CatchingBlimp/Summer2023/ros2_stereo/build/ros2_shared' returned '0': CMAKE_PREFIX_PATH=${CMAKE_PREFIX_PATH}:/opt/ros/foxy /usr/bin/cmake --install /home/corelab/CatchingBlimp/Summer2023/ros2_stereo/build/ros2_shared
