[  6%] [32mBuilding CXX object CMakeFiles/image_proc.dir/src/image_proc/processor.cpp.o[0m
[ 13%] [32m[1mLinking CXX shared library libimage_proc.so[0m
[ 13%] Built target image_proc
[ 20%] [32mBuilding CXX object CMakeFiles/rectify.dir/src/rectify.cpp.o[0m
[ 26%] [32m[1mLinking CXX shared library librectify.so[0m
[ 26%] Built target rectify
[ 33%] [32mBuilding CXX object CMakeFiles/debayer.dir/src/debayer.cpp.o[0m
[ 40%] [32mBuilding CXX object CMakeFiles/debayer.dir/src/edge_aware.cpp.o[0m
[ 46%] [32m[1mLinking CXX shared library libdebayer.so[0m
[ 46%] Built target debayer
[ 53%] [32mBuilding CXX object CMakeFiles/resize.dir/src/resize.cpp.o[0m
[ 60%] [32m[1mLinking CXX shared library libresize.so[0m
[ 60%] Built target resize
[ 66%] [32mBuilding CXX object CMakeFiles/crop_decimate.dir/src/crop_decimate.cpp.o[0m
[ 73%] [32m[1mLinking CXX shared library libcrop_decimate.so[0m
[ 73%] Built target crop_decimate
[ 80%] [32mBuilding CXX object CMakeFiles/crop_non_zero.dir/src/crop_non_zero.cpp.o[0m
[ 86%] [32m[1mLinking CXX shared library libcrop_non_zero.so[0m
[ 86%] Built target crop_non_zero
[ 93%] [32mBuilding CXX object CMakeFiles/image_proc_exe.dir/src/image_proc.cpp.o[0m
[100%] [32m[1mLinking CXX executable image_proc[0m
[100%] Built target image_proc_exe
-- Install configuration: ""
-- Installing: /home/corelab/ros2_stereo/install/image_proc/bin/image_proc
-- Set runtime path of "/home/corelab/ros2_stereo/install/image_proc/bin/image_proc" to ""
-- Up-to-date: /home/corelab/ros2_stereo/install/image_proc/include
-- Up-to-date: /home/corelab/ros2_stereo/install/image_proc/include/image_proc
-- Up-to-date: /home/corelab/ros2_stereo/install/image_proc/include/image_proc/debayer.hpp
-- Up-to-date: /home/corelab/ros2_stereo/install/image_proc/include/image_proc/edge_aware.hpp
-- Up-to-date: /home/corelab/ros2_stereo/install/image_proc/include/image_proc/processor.hpp
-- Up-to-date: /home/corelab/ros2_stereo/install/image_proc/include/image_proc/crop_decimate.hpp
-- Up-to-date: /home/corelab/ros2_stereo/install/image_proc/include/image_proc/rectify.hpp
-- Up-to-date: /home/corelab/ros2_stereo/install/image_proc/include/image_proc/resize.hpp
-- Up-to-date: /home/corelab/ros2_stereo/install/image_proc/include/image_proc/crop_non_zero.hpp
-- Up-to-date: /home/corelab/ros2_stereo/install/image_proc/share/image_proc/environment/library_path.sh
-- Up-to-date: /home/corelab/ros2_stereo/install/image_proc/share/image_proc/environment/library_path.dsv
-- Installing: /home/corelab/ros2_stereo/install/image_proc/lib/libimage_proc.so
-- Set runtime path of "/home/corelab/ros2_stereo/install/image_proc/lib/libimage_proc.so" to ""
-- Installing: /home/corelab/ros2_stereo/install/image_proc/lib/librectify.so
-- Set runtime path of "/home/corelab/ros2_stereo/install/image_proc/lib/librectify.so" to ""
-- Installing: /home/corelab/ros2_stereo/install/image_proc/lib/libdebayer.so
-- Set runtime path of "/home/corelab/ros2_stereo/install/image_proc/lib/libdebayer.so" to ""
-- Installing: /home/corelab/ros2_stereo/install/image_proc/lib/libresize.so
-- Set runtime path of "/home/corelab/ros2_stereo/install/image_proc/lib/libresize.so" to ""
-- Installing: /home/corelab/ros2_stereo/install/image_proc/lib/libcrop_decimate.so
-- Set runtime path of "/home/corelab/ros2_stereo/install/image_proc/lib/libcrop_decimate.so" to ""
-- Installing: /home/corelab/ros2_stereo/install/image_proc/lib/libcrop_non_zero.so
-- Set runtime path of "/home/corelab/ros2_stereo/install/image_proc/lib/libcrop_non_zero.so" to ""
-- Installing: /home/corelab/ros2_stereo/install/image_proc/lib/image_proc/image_proc
-- Set runtime path of "/home/corelab/ros2_stereo/install/image_proc/lib/image_proc/image_proc" to ""
-- Up-to-date: /home/corelab/ros2_stereo/install/image_proc/share/image_proc/launch
-- Up-to-date: /home/corelab/ros2_stereo/install/image_proc/share/image_proc/launch/image_proc.launch.py
-- Up-to-date: /home/corelab/ros2_stereo/install/image_proc/share/ament_index/resource_index/package_run_dependencies/image_proc
-- Up-to-date: /home/corelab/ros2_stereo/install/image_proc/share/ament_index/resource_index/parent_prefix_path/image_proc
-- Up-to-date: /home/corelab/ros2_stereo/install/image_proc/share/image_proc/environment/ament_prefix_path.sh
-- Up-to-date: /home/corelab/ros2_stereo/install/image_proc/share/image_proc/environment/ament_prefix_path.dsv
-- Up-to-date: /home/corelab/ros2_stereo/install/image_proc/share/image_proc/environment/path.sh
-- Up-to-date: /home/corelab/ros2_stereo/install/image_proc/share/image_proc/environment/path.dsv
-- Up-to-date: /home/corelab/ros2_stereo/install/image_proc/share/image_proc/local_setup.bash
-- Up-to-date: /home/corelab/ros2_stereo/install/image_proc/share/image_proc/local_setup.sh
-- Up-to-date: /home/corelab/ros2_stereo/install/image_proc/share/image_proc/local_setup.zsh
-- Up-to-date: /home/corelab/ros2_stereo/install/image_proc/share/image_proc/local_setup.dsv
-- Installing: /home/corelab/ros2_stereo/install/image_proc/share/image_proc/package.dsv
-- Up-to-date: /home/corelab/ros2_stereo/install/image_proc/share/ament_index/resource_index/packages/image_proc
-- Up-to-date: /home/corelab/ros2_stereo/install/image_proc/share/ament_index/resource_index/rclcpp_components/image_proc
-- Up-to-date: /home/corelab/ros2_stereo/install/image_proc/share/image_proc/cmake/ament_cmake_export_dependencies-extras.cmake
-- Up-to-date: /home/corelab/ros2_stereo/install/image_proc/share/image_proc/cmake/ament_cmake_export_include_directories-extras.cmake
-- Up-to-date: /home/corelab/ros2_stereo/install/image_proc/share/image_proc/cmake/ament_cmake_export_libraries-extras.cmake
-- Up-to-date: /home/corelab/ros2_stereo/install/image_proc/share/image_proc/cmake/image_procConfig.cmake
-- Up-to-date: /home/corelab/ros2_stereo/install/image_proc/share/image_proc/cmake/image_procConfig-version.cmake
-- Up-to-date: /home/corelab/ros2_stereo/install/image_proc/share/image_proc/package.xml
