[0.039s] Invoking command in '/home/corelab/GitHub/CatchingBlimp/Summer2023/ros2_stereo/build/stereo_combined': CMAKE_PREFIX_PATH=${CMAKE_PREFIX_PATH}:/home/corelab/Luke_ML_Blimp/ros2_tracks_ws/install/track_ros2:/opt/ros/foxy /home/corelab/.local/bin/cmake --build /home/corelab/GitHub/CatchingBlimp/Summer2023/ros2_stereo/build/stereo_combined -- -j16 -l16
[0.103s] [ 25%] [32mBuilding CXX object CMakeFiles/stereo_combined_node.dir/src/stereo_combined_node.cpp.o[0m
[0.104s] [ 50%] [32mBuilding CXX object CMakeFiles/stereo_combined_node.dir/src/StereoCombined.cpp.o[0m
[1.833s] In file included from [01m[K/home/corelab/GitHub/CatchingBlimp/Summer2023/ros2_stereo/src/stereo_combined/src/StereoCombined.cpp:1[m[K:
[1.833s] [01m[K/home/corelab/GitHub/CatchingBlimp/Summer2023/ros2_stereo/src/stereo_combined/include/StereoCombined.hpp:105:39:[m[K [01;31m[Kerror: [m[Kredeclaration of ‘[01m[Kimage_geometry::StereoCameraModel StereoCombined::model_[m[K’
[1.833s]   105 |     image_geometry::StereoCameraModel [01;31m[Kmodel_[m[K;
[1.833s]       |                                       [01;31m[K^~~~~~[m[K
[1.833s] [01m[K/home/corelab/GitHub/CatchingBlimp/Summer2023/ros2_stereo/src/stereo_combined/include/StereoCombined.hpp:71:40:[m[K [01;36m[Knote: [m[Kprevious declaration ‘[01m[Kimage_geometry::PinholeCameraModel StereoCombined::model_[m[K’
[1.833s]    71 |     image_geometry::PinholeCameraModel [01;36m[Kmodel_[m[K;
[1.833s]       |                                        [01;36m[K^~~~~~[m[K
[1.875s] In file included from [01m[K/home/corelab/GitHub/CatchingBlimp/Summer2023/ros2_stereo/src/stereo_combined/src/stereo_combined_node.cpp:3[m[K:
[1.875s] [01m[K/home/corelab/GitHub/CatchingBlimp/Summer2023/ros2_stereo/src/stereo_combined/include/StereoCombined.hpp:105:39:[m[K [01;31m[Kerror: [m[Kredeclaration of ‘[01m[Kimage_geometry::StereoCameraModel StereoCombined::model_[m[K’
[1.875s]   105 |     image_geometry::StereoCameraModel [01;31m[Kmodel_[m[K;
[1.875s]       |                                       [01;31m[K^~~~~~[m[K
[1.875s] [01m[K/home/corelab/GitHub/CatchingBlimp/Summer2023/ros2_stereo/src/stereo_combined/include/StereoCombined.hpp:71:40:[m[K [01;36m[Knote: [m[Kprevious declaration ‘[01m[Kimage_geometry::PinholeCameraModel StereoCombined::model_[m[K’
[1.875s]    71 |     image_geometry::PinholeCameraModel [01;36m[Kmodel_[m[K;
[1.875s]       |                                        [01;36m[K^~~~~~[m[K
[3.175s] make[2]: *** [CMakeFiles/stereo_combined_node.dir/build.make:76: CMakeFiles/stereo_combined_node.dir/src/stereo_combined_node.cpp.o] Error 1
[3.175s] make[2]: *** Waiting for unfinished jobs....
[3.639s] make[2]: *** [CMakeFiles/stereo_combined_node.dir/build.make:90: CMakeFiles/stereo_combined_node.dir/src/StereoCombined.cpp.o] Error 1
[3.639s] make[1]: *** [CMakeFiles/Makefile2:137: CMakeFiles/stereo_combined_node.dir/all] Error 2
[3.639s] make: *** [Makefile:146: all] Error 2
[3.643s] Invoked command in '/home/corelab/GitHub/CatchingBlimp/Summer2023/ros2_stereo/build/stereo_combined' returned '2': CMAKE_PREFIX_PATH=${CMAKE_PREFIX_PATH}:/home/corelab/Luke_ML_Blimp/ros2_tracks_ws/install/track_ros2:/opt/ros/foxy /home/corelab/.local/bin/cmake --build /home/corelab/GitHub/CatchingBlimp/Summer2023/ros2_stereo/build/stereo_combined -- -j16 -l16
