[2.046s] DEBUG:colcon:Command line arguments: ['/usr/bin/colcon', 'build', '--symlink-install']
[2.046s] DEBUG:colcon:Parsed command line arguments: Namespace(allow_overriding=[], ament_cmake_args=None, base_paths=['.'], build_base='build', catkin_cmake_args=None, catkin_skip_building_tests=False, cmake_args=None, cmake_clean_cache=False, cmake_clean_first=False, cmake_force_configure=False, cmake_target=None, cmake_target_skip_unavailable=False, continue_on_error=False, event_handlers=None, executor='parallel', ignore_user_meta=False, install_base='install', log_base=None, log_level=None, main=<bound method BuildVerb.main of <colcon_core.verb.build.BuildVerb object at 0x7f6e7ef31be0>>, merge_install=False, metas=['./colcon.meta'], packages_above=None, packages_above_and_dependencies=None, packages_above_depth=None, packages_end=None, packages_ignore=None, packages_ignore_regex=None, packages_select=None, packages_select_build_failed=False, packages_select_by_dep=None, packages_select_regex=None, packages_select_test_failures=False, packages_skip=None, packages_skip_build_finished=False, packages_skip_by_dep=None, packages_skip_regex=None, packages_skip_test_passed=False, packages_skip_up_to=None, packages_start=None, packages_up_to=None, packages_up_to_regex=None, parallel_workers=8, paths=None, symlink_install=True, test_result_base=None, verb_extension=<colcon_core.verb.build.BuildVerb object at 0x7f6e7ef31be0>, verb_name='build', verb_parser=<colcon_defaults.argument_parser.defaults.DefaultArgumentsDecorator object at 0x7f6e7ef31460>)
[2.131s] Level 1:colcon.colcon_core.package_discovery:discover_packages(colcon_meta) check parameters
[2.131s] Level 1:colcon.colcon_core.package_discovery:discover_packages(recursive) check parameters
[2.131s] Level 1:colcon.colcon_core.package_discovery:discover_packages(ignore) check parameters
[2.131s] Level 1:colcon.colcon_core.package_discovery:discover_packages(path) check parameters
[2.131s] Level 1:colcon.colcon_core.package_discovery:discover_packages(colcon_meta) discover
[2.131s] Level 1:colcon.colcon_core.package_discovery:discover_packages(recursive) discover
[2.131s] INFO:colcon.colcon_core.package_discovery:Crawling recursively for packages in '/home/corelab/CatchingBlimp/Summer2023/ros2_stereo'
[2.131s] Level 1:colcon.colcon_core.package_identification:_identify(.) by extensions ['ignore', 'ignore_ament_install']
[2.131s] Level 1:colcon.colcon_core.package_identification:_identify(.) by extension 'ignore'
[2.131s] Level 1:colcon.colcon_core.package_identification:_identify(.) by extension 'ignore_ament_install'
[2.131s] Level 1:colcon.colcon_core.package_identification:_identify(.) by extensions ['colcon_pkg']
[2.131s] Level 1:colcon.colcon_core.package_identification:_identify(.) by extension 'colcon_pkg'
[2.131s] Level 1:colcon.colcon_core.package_identification:_identify(.) by extensions ['colcon_meta']
[2.131s] Level 1:colcon.colcon_core.package_identification:_identify(.) by extension 'colcon_meta'
[2.131s] Level 1:colcon.colcon_core.package_identification:_identify(.) by extensions ['ros']
[2.131s] Level 1:colcon.colcon_core.package_identification:_identify(.) by extension 'ros'
[2.139s] Level 1:colcon.colcon_core.package_identification:_identify(.) by extensions ['cmake', 'python']
[2.139s] Level 1:colcon.colcon_core.package_identification:_identify(.) by extension 'cmake'
[2.139s] Level 1:colcon.colcon_core.package_identification:_identify(.) by extension 'python'
[2.139s] Level 1:colcon.colcon_core.package_identification:_identify(.) by extensions ['python_setup_py']
[2.140s] Level 1:colcon.colcon_core.package_identification:_identify(.) by extension 'python_setup_py'
[2.140s] Level 1:colcon.colcon_core.package_identification:_identify(build) by extensions ['ignore', 'ignore_ament_install']
[2.140s] Level 1:colcon.colcon_core.package_identification:_identify(build) by extension 'ignore'
[2.140s] Level 1:colcon.colcon_core.package_identification:_identify(build) ignored
[2.140s] Level 1:colcon.colcon_core.package_identification:_identify(install) by extensions ['ignore', 'ignore_ament_install']
[2.140s] Level 1:colcon.colcon_core.package_identification:_identify(install) by extension 'ignore'
[2.140s] Level 1:colcon.colcon_core.package_identification:_identify(install) ignored
[2.140s] Level 1:colcon.colcon_core.package_identification:_identify(log) by extensions ['ignore', 'ignore_ament_install']
[2.140s] Level 1:colcon.colcon_core.package_identification:_identify(log) by extension 'ignore'
[2.140s] Level 1:colcon.colcon_core.package_identification:_identify(log) ignored
[2.140s] Level 1:colcon.colcon_core.package_identification:_identify(src) by extensions ['ignore', 'ignore_ament_install']
[2.140s] Level 1:colcon.colcon_core.package_identification:_identify(src) by extension 'ignore'
[2.140s] Level 1:colcon.colcon_core.package_identification:_identify(src) by extension 'ignore_ament_install'
[2.140s] Level 1:colcon.colcon_core.package_identification:_identify(src) by extensions ['colcon_pkg']
[2.141s] Level 1:colcon.colcon_core.package_identification:_identify(src) by extension 'colcon_pkg'
[2.141s] Level 1:colcon.colcon_core.package_identification:_identify(src) by extensions ['colcon_meta']
[2.141s] Level 1:colcon.colcon_core.package_identification:_identify(src) by extension 'colcon_meta'
[2.141s] Level 1:colcon.colcon_core.package_identification:_identify(src) by extensions ['ros']
[2.141s] Level 1:colcon.colcon_core.package_identification:_identify(src) by extension 'ros'
[2.141s] Level 1:colcon.colcon_core.package_identification:_identify(src) by extensions ['cmake', 'python']
[2.141s] Level 1:colcon.colcon_core.package_identification:_identify(src) by extension 'cmake'
[2.141s] Level 1:colcon.colcon_core.package_identification:_identify(src) by extension 'python'
[2.141s] Level 1:colcon.colcon_core.package_identification:_identify(src) by extensions ['python_setup_py']
[2.141s] Level 1:colcon.colcon_core.package_identification:_identify(src) by extension 'python_setup_py'
[2.141s] Level 1:colcon.colcon_core.package_identification:_identify(src/gscam2) by extensions ['ignore', 'ignore_ament_install']
[2.141s] Level 1:colcon.colcon_core.package_identification:_identify(src/gscam2) by extension 'ignore'
[2.141s] Level 1:colcon.colcon_core.package_identification:_identify(src/gscam2) by extension 'ignore_ament_install'
[2.141s] Level 1:colcon.colcon_core.package_identification:_identify(src/gscam2) by extensions ['colcon_pkg']
[2.141s] Level 1:colcon.colcon_core.package_identification:_identify(src/gscam2) by extension 'colcon_pkg'
[2.141s] Level 1:colcon.colcon_core.package_identification:_identify(src/gscam2) by extensions ['colcon_meta']
[2.141s] Level 1:colcon.colcon_core.package_identification:_identify(src/gscam2) by extension 'colcon_meta'
[2.141s] Level 1:colcon.colcon_core.package_identification:_identify(src/gscam2) by extensions ['ros']
[2.141s] Level 1:colcon.colcon_core.package_identification:_identify(src/gscam2) by extension 'ros'
[2.141s] Level 1:colcon.colcon_core.package_identification:_identify(src/gscam2) by extensions ['cmake', 'python']
[2.141s] Level 1:colcon.colcon_core.package_identification:_identify(src/gscam2) by extension 'cmake'
[2.141s] Level 1:colcon.colcon_core.package_identification:_identify(src/gscam2) by extension 'python'
[2.141s] Level 1:colcon.colcon_core.package_identification:_identify(src/gscam2) by extensions ['python_setup_py']
[2.141s] Level 1:colcon.colcon_core.package_identification:_identify(src/gscam2) by extension 'python_setup_py'
[2.141s] Level 1:colcon.colcon_core.package_identification:_identify(src/image_proc) by extensions ['ignore', 'ignore_ament_install']
[2.142s] Level 1:colcon.colcon_core.package_identification:_identify(src/image_proc) by extension 'ignore'
[2.142s] Level 1:colcon.colcon_core.package_identification:_identify(src/image_proc) by extension 'ignore_ament_install'
[2.142s] Level 1:colcon.colcon_core.package_identification:_identify(src/image_proc) by extensions ['colcon_pkg']
[2.142s] Level 1:colcon.colcon_core.package_identification:_identify(src/image_proc) by extension 'colcon_pkg'
[2.142s] Level 1:colcon.colcon_core.package_identification:_identify(src/image_proc) by extensions ['colcon_meta']
[2.142s] Level 1:colcon.colcon_core.package_identification:_identify(src/image_proc) by extension 'colcon_meta'
[2.142s] Level 1:colcon.colcon_core.package_identification:_identify(src/image_proc) by extensions ['ros']
[2.142s] Level 1:colcon.colcon_core.package_identification:_identify(src/image_proc) by extension 'ros'
[2.144s] DEBUG:colcon.colcon_core.package_identification:Package 'src/image_proc' with type 'ros.ament_cmake' and name 'image_proc'
[2.144s] Level 1:colcon.colcon_core.package_identification:_identify(src/image_view) by extensions ['ignore', 'ignore_ament_install']
[2.144s] Level 1:colcon.colcon_core.package_identification:_identify(src/image_view) by extension 'ignore'
[2.144s] Level 1:colcon.colcon_core.package_identification:_identify(src/image_view) by extension 'ignore_ament_install'
[2.144s] Level 1:colcon.colcon_core.package_identification:_identify(src/image_view) by extensions ['colcon_pkg']
[2.144s] Level 1:colcon.colcon_core.package_identification:_identify(src/image_view) by extension 'colcon_pkg'
[2.144s] Level 1:colcon.colcon_core.package_identification:_identify(src/image_view) by extensions ['colcon_meta']
[2.144s] Level 1:colcon.colcon_core.package_identification:_identify(src/image_view) by extension 'colcon_meta'
[2.144s] Level 1:colcon.colcon_core.package_identification:_identify(src/image_view) by extensions ['ros']
[2.144s] Level 1:colcon.colcon_core.package_identification:_identify(src/image_view) by extension 'ros'
[2.145s] DEBUG:colcon.colcon_core.package_identification:Package 'src/image_view' with type 'ros.ament_cmake' and name 'image_view'
[2.145s] Level 1:colcon.colcon_core.package_identification:_identify(src/opencv_telemetry) by extensions ['ignore', 'ignore_ament_install']
[2.145s] Level 1:colcon.colcon_core.package_identification:_identify(src/opencv_telemetry) by extension 'ignore'
[2.145s] Level 1:colcon.colcon_core.package_identification:_identify(src/opencv_telemetry) by extension 'ignore_ament_install'
[2.146s] Level 1:colcon.colcon_core.package_identification:_identify(src/opencv_telemetry) by extensions ['colcon_pkg']
[2.146s] Level 1:colcon.colcon_core.package_identification:_identify(src/opencv_telemetry) by extension 'colcon_pkg'
[2.146s] Level 1:colcon.colcon_core.package_identification:_identify(src/opencv_telemetry) by extensions ['colcon_meta']
[2.146s] Level 1:colcon.colcon_core.package_identification:_identify(src/opencv_telemetry) by extension 'colcon_meta'
[2.146s] Level 1:colcon.colcon_core.package_identification:_identify(src/opencv_telemetry) by extensions ['ros']
[2.146s] Level 1:colcon.colcon_core.package_identification:_identify(src/opencv_telemetry) by extension 'ros'
[2.146s] DEBUG:colcon.colcon_core.package_identification:Package 'src/opencv_telemetry' with type 'ros.ament_cmake' and name 'opencv_telemetry'
[2.146s] Level 1:colcon.colcon_core.package_identification:_identify(src/ros2_shared) by extensions ['ignore', 'ignore_ament_install']
[2.146s] Level 1:colcon.colcon_core.package_identification:_identify(src/ros2_shared) by extension 'ignore'
[2.146s] Level 1:colcon.colcon_core.package_identification:_identify(src/ros2_shared) by extension 'ignore_ament_install'
[2.146s] Level 1:colcon.colcon_core.package_identification:_identify(src/ros2_shared) by extensions ['colcon_pkg']
[2.146s] Level 1:colcon.colcon_core.package_identification:_identify(src/ros2_shared) by extension 'colcon_pkg'
[2.146s] Level 1:colcon.colcon_core.package_identification:_identify(src/ros2_shared) by extensions ['colcon_meta']
[2.146s] Level 1:colcon.colcon_core.package_identification:_identify(src/ros2_shared) by extension 'colcon_meta'
[2.146s] Level 1:colcon.colcon_core.package_identification:_identify(src/ros2_shared) by extensions ['ros']
[2.146s] Level 1:colcon.colcon_core.package_identification:_identify(src/ros2_shared) by extension 'ros'
[2.147s] Level 1:colcon.colcon_core.package_identification:_identify(src/ros2_shared) by extensions ['cmake', 'python']
[2.147s] Level 1:colcon.colcon_core.package_identification:_identify(src/ros2_shared) by extension 'cmake'
[2.147s] Level 1:colcon.colcon_core.package_identification:_identify(src/ros2_shared) by extension 'python'
[2.147s] Level 1:colcon.colcon_core.package_identification:_identify(src/ros2_shared) by extensions ['python_setup_py']
[2.147s] Level 1:colcon.colcon_core.package_identification:_identify(src/ros2_shared) by extension 'python_setup_py'
[2.147s] Level 1:colcon.colcon_core.package_identification:_identify(src/stereo_combined) by extensions ['ignore', 'ignore_ament_install']
[2.147s] Level 1:colcon.colcon_core.package_identification:_identify(src/stereo_combined) by extension 'ignore'
[2.147s] Level 1:colcon.colcon_core.package_identification:_identify(src/stereo_combined) by extension 'ignore_ament_install'
[2.147s] Level 1:colcon.colcon_core.package_identification:_identify(src/stereo_combined) by extensions ['colcon_pkg']
[2.147s] Level 1:colcon.colcon_core.package_identification:_identify(src/stereo_combined) by extension 'colcon_pkg'
[2.147s] Level 1:colcon.colcon_core.package_identification:_identify(src/stereo_combined) by extensions ['colcon_meta']
[2.147s] Level 1:colcon.colcon_core.package_identification:_identify(src/stereo_combined) by extension 'colcon_meta'
[2.147s] Level 1:colcon.colcon_core.package_identification:_identify(src/stereo_combined) by extensions ['ros']
[2.147s] Level 1:colcon.colcon_core.package_identification:_identify(src/stereo_combined) by extension 'ros'
[2.148s] DEBUG:colcon.colcon_core.package_identification:Package 'src/stereo_combined' with type 'ros.ament_cmake' and name 'stereo_combined'
[2.148s] Level 1:colcon.colcon_core.package_identification:_identify(src/stereo_image_proc) by extensions ['ignore', 'ignore_ament_install']
[2.148s] Level 1:colcon.colcon_core.package_identification:_identify(src/stereo_image_proc) by extension 'ignore'
[2.148s] Level 1:colcon.colcon_core.package_identification:_identify(src/stereo_image_proc) by extension 'ignore_ament_install'
[2.148s] Level 1:colcon.colcon_core.package_identification:_identify(src/stereo_image_proc) by extensions ['colcon_pkg']
[2.148s] Level 1:colcon.colcon_core.package_identification:_identify(src/stereo_image_proc) by extension 'colcon_pkg'
[2.148s] Level 1:colcon.colcon_core.package_identification:_identify(src/stereo_image_proc) by extensions ['colcon_meta']
[2.148s] Level 1:colcon.colcon_core.package_identification:_identify(src/stereo_image_proc) by extension 'colcon_meta'
[2.148s] Level 1:colcon.colcon_core.package_identification:_identify(src/stereo_image_proc) by extensions ['ros']
[2.148s] Level 1:colcon.colcon_core.package_identification:_identify(src/stereo_image_proc) by extension 'ros'
[2.150s] DEBUG:colcon.colcon_core.package_identification:Package 'src/stereo_image_proc' with type 'ros.ament_cmake' and name 'stereo_image_proc'
[2.150s] Level 1:colcon.colcon_core.package_identification:_identify(src/yolo_msgs) by extensions ['ignore', 'ignore_ament_install']
[2.150s] Level 1:colcon.colcon_core.package_identification:_identify(src/yolo_msgs) by extension 'ignore'
[2.150s] Level 1:colcon.colcon_core.package_identification:_identify(src/yolo_msgs) by extension 'ignore_ament_install'
[2.150s] Level 1:colcon.colcon_core.package_identification:_identify(src/yolo_msgs) by extensions ['colcon_pkg']
[2.150s] Level 1:colcon.colcon_core.package_identification:_identify(src/yolo_msgs) by extension 'colcon_pkg'
[2.150s] Level 1:colcon.colcon_core.package_identification:_identify(src/yolo_msgs) by extensions ['colcon_meta']
[2.150s] Level 1:colcon.colcon_core.package_identification:_identify(src/yolo_msgs) by extension 'colcon_meta'
[2.150s] Level 1:colcon.colcon_core.package_identification:_identify(src/yolo_msgs) by extensions ['ros']
[2.150s] Level 1:colcon.colcon_core.package_identification:_identify(src/yolo_msgs) by extension 'ros'
[2.150s] DEBUG:colcon.colcon_core.package_identification:Package 'src/yolo_msgs' with type 'ros.ament_cmake' and name 'yolo_msgs'
[2.150s] Level 1:colcon.colcon_core.package_discovery:discover_packages(recursive) using defaults
[2.150s] Level 1:colcon.colcon_core.package_discovery:discover_packages(ignore) discover
[2.150s] Level 1:colcon.colcon_core.package_discovery:discover_packages(ignore) using defaults
[2.150s] Level 1:colcon.colcon_core.package_discovery:discover_packages(path) discover
[2.150s] Level 1:colcon.colcon_core.package_discovery:discover_packages(path) using defaults
[2.339s] Level 1:colcon.colcon_core.package_discovery:discover_packages(prefix_path) check parameters
[2.339s] Level 1:colcon.colcon_core.package_discovery:discover_packages(prefix_path) discover
[2.417s] DEBUG:colcon.colcon_installed_package_information.package_discovery:Found 266 installed packages in /opt/ros/foxy
[2.418s] Level 1:colcon.colcon_core.package_discovery:discover_packages(prefix_path) using defaults
[2.547s] Level 5:colcon.colcon_core.verb:set package 'image_proc' build argument 'cmake_args' from command line to 'None'
[2.547s] Level 5:colcon.colcon_core.verb:set package 'image_proc' build argument 'cmake_target' from command line to 'None'
[2.547s] Level 5:colcon.colcon_core.verb:set package 'image_proc' build argument 'cmake_target_skip_unavailable' from command line to 'False'
[2.547s] Level 5:colcon.colcon_core.verb:set package 'image_proc' build argument 'cmake_clean_cache' from command line to 'False'
[2.547s] Level 5:colcon.colcon_core.verb:set package 'image_proc' build argument 'cmake_clean_first' from command line to 'False'
[2.547s] Level 5:colcon.colcon_core.verb:set package 'image_proc' build argument 'cmake_force_configure' from command line to 'False'
[2.547s] Level 5:colcon.colcon_core.verb:set package 'image_proc' build argument 'ament_cmake_args' from command line to 'None'
[2.547s] Level 5:colcon.colcon_core.verb:set package 'image_proc' build argument 'catkin_cmake_args' from command line to 'None'
[2.547s] Level 5:colcon.colcon_core.verb:set package 'image_proc' build argument 'catkin_skip_building_tests' from command line to 'False'
[2.547s] DEBUG:colcon.colcon_core.verb:Building package 'image_proc' with the following arguments: {'ament_cmake_args': None, 'build_base': '/home/corelab/CatchingBlimp/Summer2023/ros2_stereo/build/image_proc', 'catkin_cmake_args': None, 'catkin_skip_building_tests': False, 'cmake_args': None, 'cmake_clean_cache': False, 'cmake_clean_first': False, 'cmake_force_configure': False, 'cmake_target': None, 'cmake_target_skip_unavailable': False, 'install_base': '/home/corelab/CatchingBlimp/Summer2023/ros2_stereo/install/image_proc', 'merge_install': False, 'path': '/home/corelab/CatchingBlimp/Summer2023/ros2_stereo/src/image_proc', 'symlink_install': True, 'test_result_base': None}
[2.582s] Level 5:colcon.colcon_core.verb:set package 'image_view' build argument 'cmake_args' from command line to 'None'
[2.582s] Level 5:colcon.colcon_core.verb:set package 'image_view' build argument 'cmake_target' from command line to 'None'
[2.582s] Level 5:colcon.colcon_core.verb:set package 'image_view' build argument 'cmake_target_skip_unavailable' from command line to 'False'
[2.582s] Level 5:colcon.colcon_core.verb:set package 'image_view' build argument 'cmake_clean_cache' from command line to 'False'
[2.582s] Level 5:colcon.colcon_core.verb:set package 'image_view' build argument 'cmake_clean_first' from command line to 'False'
[2.582s] Level 5:colcon.colcon_core.verb:set package 'image_view' build argument 'cmake_force_configure' from command line to 'False'
[2.582s] Level 5:colcon.colcon_core.verb:set package 'image_view' build argument 'ament_cmake_args' from command line to 'None'
[2.582s] Level 5:colcon.colcon_core.verb:set package 'image_view' build argument 'catkin_cmake_args' from command line to 'None'
[2.582s] Level 5:colcon.colcon_core.verb:set package 'image_view' build argument 'catkin_skip_building_tests' from command line to 'False'
[2.582s] DEBUG:colcon.colcon_core.verb:Building package 'image_view' with the following arguments: {'ament_cmake_args': None, 'build_base': '/home/corelab/CatchingBlimp/Summer2023/ros2_stereo/build/image_view', 'catkin_cmake_args': None, 'catkin_skip_building_tests': False, 'cmake_args': None, 'cmake_clean_cache': False, 'cmake_clean_first': False, 'cmake_force_configure': False, 'cmake_target': None, 'cmake_target_skip_unavailable': False, 'install_base': '/home/corelab/CatchingBlimp/Summer2023/ros2_stereo/install/image_view', 'merge_install': False, 'path': '/home/corelab/CatchingBlimp/Summer2023/ros2_stereo/src/image_view', 'symlink_install': True, 'test_result_base': None}
[2.617s] Level 5:colcon.colcon_core.verb:set package 'opencv_telemetry' build argument 'cmake_args' from command line to 'None'
[2.617s] Level 5:colcon.colcon_core.verb:set package 'opencv_telemetry' build argument 'cmake_target' from command line to 'None'
[2.617s] Level 5:colcon.colcon_core.verb:set package 'opencv_telemetry' build argument 'cmake_target_skip_unavailable' from command line to 'False'
[2.617s] Level 5:colcon.colcon_core.verb:set package 'opencv_telemetry' build argument 'cmake_clean_cache' from command line to 'False'
[2.617s] Level 5:colcon.colcon_core.verb:set package 'opencv_telemetry' build argument 'cmake_clean_first' from command line to 'False'
[2.617s] Level 5:colcon.colcon_core.verb:set package 'opencv_telemetry' build argument 'cmake_force_configure' from command line to 'False'
[2.617s] Level 5:colcon.colcon_core.verb:set package 'opencv_telemetry' build argument 'ament_cmake_args' from command line to 'None'
[2.617s] Level 5:colcon.colcon_core.verb:set package 'opencv_telemetry' build argument 'catkin_cmake_args' from command line to 'None'
[2.617s] Level 5:colcon.colcon_core.verb:set package 'opencv_telemetry' build argument 'catkin_skip_building_tests' from command line to 'False'
[2.618s] DEBUG:colcon.colcon_core.verb:Building package 'opencv_telemetry' with the following arguments: {'ament_cmake_args': None, 'build_base': '/home/corelab/CatchingBlimp/Summer2023/ros2_stereo/build/opencv_telemetry', 'catkin_cmake_args': None, 'catkin_skip_building_tests': False, 'cmake_args': None, 'cmake_clean_cache': False, 'cmake_clean_first': False, 'cmake_force_configure': False, 'cmake_target': None, 'cmake_target_skip_unavailable': False, 'install_base': '/home/corelab/CatchingBlimp/Summer2023/ros2_stereo/install/opencv_telemetry', 'merge_install': False, 'path': '/home/corelab/CatchingBlimp/Summer2023/ros2_stereo/src/opencv_telemetry', 'symlink_install': True, 'test_result_base': None}
[2.653s] Level 5:colcon.colcon_core.verb:set package 'yolo_msgs' build argument 'cmake_args' from command line to 'None'
[2.653s] Level 5:colcon.colcon_core.verb:set package 'yolo_msgs' build argument 'cmake_target' from command line to 'None'
[2.653s] Level 5:colcon.colcon_core.verb:set package 'yolo_msgs' build argument 'cmake_target_skip_unavailable' from command line to 'False'
[2.653s] Level 5:colcon.colcon_core.verb:set package 'yolo_msgs' build argument 'cmake_clean_cache' from command line to 'False'
[2.653s] Level 5:colcon.colcon_core.verb:set package 'yolo_msgs' build argument 'cmake_clean_first' from command line to 'False'
[2.653s] Level 5:colcon.colcon_core.verb:set package 'yolo_msgs' build argument 'cmake_force_configure' from command line to 'False'
[2.653s] Level 5:colcon.colcon_core.verb:set package 'yolo_msgs' build argument 'ament_cmake_args' from command line to 'None'
[2.653s] Level 5:colcon.colcon_core.verb:set package 'yolo_msgs' build argument 'catkin_cmake_args' from command line to 'None'
[2.653s] Level 5:colcon.colcon_core.verb:set package 'yolo_msgs' build argument 'catkin_skip_building_tests' from command line to 'False'
[2.653s] DEBUG:colcon.colcon_core.verb:Building package 'yolo_msgs' with the following arguments: {'ament_cmake_args': None, 'build_base': '/home/corelab/CatchingBlimp/Summer2023/ros2_stereo/build/yolo_msgs', 'catkin_cmake_args': None, 'catkin_skip_building_tests': False, 'cmake_args': None, 'cmake_clean_cache': False, 'cmake_clean_first': False, 'cmake_force_configure': False, 'cmake_target': None, 'cmake_target_skip_unavailable': False, 'install_base': '/home/corelab/CatchingBlimp/Summer2023/ros2_stereo/install/yolo_msgs', 'merge_install': False, 'path': '/home/corelab/CatchingBlimp/Summer2023/ros2_stereo/src/yolo_msgs', 'symlink_install': True, 'test_result_base': None}
[2.688s] Level 5:colcon.colcon_core.verb:set package 'stereo_combined' build argument 'cmake_args' from command line to 'None'
[2.688s] Level 5:colcon.colcon_core.verb:set package 'stereo_combined' build argument 'cmake_target' from command line to 'None'
[2.688s] Level 5:colcon.colcon_core.verb:set package 'stereo_combined' build argument 'cmake_target_skip_unavailable' from command line to 'False'
[2.688s] Level 5:colcon.colcon_core.verb:set package 'stereo_combined' build argument 'cmake_clean_cache' from command line to 'False'
[2.688s] Level 5:colcon.colcon_core.verb:set package 'stereo_combined' build argument 'cmake_clean_first' from command line to 'False'
[2.688s] Level 5:colcon.colcon_core.verb:set package 'stereo_combined' build argument 'cmake_force_configure' from command line to 'False'
[2.688s] Level 5:colcon.colcon_core.verb:set package 'stereo_combined' build argument 'ament_cmake_args' from command line to 'None'
[2.688s] Level 5:colcon.colcon_core.verb:set package 'stereo_combined' build argument 'catkin_cmake_args' from command line to 'None'
[2.688s] Level 5:colcon.colcon_core.verb:set package 'stereo_combined' build argument 'catkin_skip_building_tests' from command line to 'False'
[2.688s] DEBUG:colcon.colcon_core.verb:Building package 'stereo_combined' with the following arguments: {'ament_cmake_args': None, 'build_base': '/home/corelab/CatchingBlimp/Summer2023/ros2_stereo/build/stereo_combined', 'catkin_cmake_args': None, 'catkin_skip_building_tests': False, 'cmake_args': None, 'cmake_clean_cache': False, 'cmake_clean_first': False, 'cmake_force_configure': False, 'cmake_target': None, 'cmake_target_skip_unavailable': False, 'install_base': '/home/corelab/CatchingBlimp/Summer2023/ros2_stereo/install/stereo_combined', 'merge_install': False, 'path': '/home/corelab/CatchingBlimp/Summer2023/ros2_stereo/src/stereo_combined', 'symlink_install': True, 'test_result_base': None}
[2.724s] Level 5:colcon.colcon_core.verb:set package 'stereo_image_proc' build argument 'cmake_args' from command line to 'None'
[2.724s] Level 5:colcon.colcon_core.verb:set package 'stereo_image_proc' build argument 'cmake_target' from command line to 'None'
[2.724s] Level 5:colcon.colcon_core.verb:set package 'stereo_image_proc' build argument 'cmake_target_skip_unavailable' from command line to 'False'
[2.724s] Level 5:colcon.colcon_core.verb:set package 'stereo_image_proc' build argument 'cmake_clean_cache' from command line to 'False'
[2.724s] Level 5:colcon.colcon_core.verb:set package 'stereo_image_proc' build argument 'cmake_clean_first' from command line to 'False'
[2.724s] Level 5:colcon.colcon_core.verb:set package 'stereo_image_proc' build argument 'cmake_force_configure' from command line to 'False'
[2.724s] Level 5:colcon.colcon_core.verb:set package 'stereo_image_proc' build argument 'ament_cmake_args' from command line to 'None'
[2.724s] Level 5:colcon.colcon_core.verb:set package 'stereo_image_proc' build argument 'catkin_cmake_args' from command line to 'None'
[2.724s] Level 5:colcon.colcon_core.verb:set package 'stereo_image_proc' build argument 'catkin_skip_building_tests' from command line to 'False'
[2.724s] DEBUG:colcon.colcon_core.verb:Building package 'stereo_image_proc' with the following arguments: {'ament_cmake_args': None, 'build_base': '/home/corelab/CatchingBlimp/Summer2023/ros2_stereo/build/stereo_image_proc', 'catkin_cmake_args': None, 'catkin_skip_building_tests': False, 'cmake_args': None, 'cmake_clean_cache': False, 'cmake_clean_first': False, 'cmake_force_configure': False, 'cmake_target': None, 'cmake_target_skip_unavailable': False, 'install_base': '/home/corelab/CatchingBlimp/Summer2023/ros2_stereo/install/stereo_image_proc', 'merge_install': False, 'path': '/home/corelab/CatchingBlimp/Summer2023/ros2_stereo/src/stereo_image_proc', 'symlink_install': True, 'test_result_base': None}
[2.760s] INFO:colcon.colcon_core.executor:Executing jobs using 'parallel' executor
[2.795s] DEBUG:colcon.colcon_parallel_executor.executor.parallel:run_until_complete
[2.795s] INFO:colcon.colcon_ros.task.ament_cmake.build:Building ROS package in '/home/corelab/CatchingBlimp/Summer2023/ros2_stereo/src/image_proc' with build type 'ament_cmake'
[2.796s] INFO:colcon.colcon_cmake.task.cmake.build:Building CMake package in '/home/corelab/CatchingBlimp/Summer2023/ros2_stereo/src/image_proc'
[2.834s] INFO:colcon.colcon_core.plugin_system:Skipping extension 'colcon_core.shell.bat': Not used on non-Windows systems
[2.834s] INFO:colcon.colcon_core.shell:Skip shell extension 'powershell' for command environment: Not usable outside of PowerShell
[2.835s] DEBUG:colcon.colcon_core.shell:Skip shell extension 'dsv' for command environment
[2.917s] INFO:colcon.colcon_ros.task.ament_cmake.build:Building ROS package in '/home/corelab/CatchingBlimp/Summer2023/ros2_stereo/src/yolo_msgs' with build type 'ament_cmake'
[2.917s] INFO:colcon.colcon_cmake.task.cmake.build:Building CMake package in '/home/corelab/CatchingBlimp/Summer2023/ros2_stereo/src/yolo_msgs'
[2.956s] INFO:colcon.colcon_core.shell:Skip shell extension 'powershell' for command environment: Not usable outside of PowerShell
[2.956s] DEBUG:colcon.colcon_core.shell:Skip shell extension 'dsv' for command environment
[3.032s] INFO:colcon.colcon_ros.task.ament_cmake.build:Building ROS package in '/home/corelab/CatchingBlimp/Summer2023/ros2_stereo/src/image_view' with build type 'ament_cmake'
[3.033s] INFO:colcon.colcon_cmake.task.cmake.build:Building CMake package in '/home/corelab/CatchingBlimp/Summer2023/ros2_stereo/src/image_view'
[3.071s] INFO:colcon.colcon_core.shell:Skip shell extension 'powershell' for command environment: Not usable outside of PowerShell
[3.071s] DEBUG:colcon.colcon_core.shell:Skip shell extension 'dsv' for command environment
[3.148s] INFO:colcon.colcon_ros.task.ament_cmake.build:Building ROS package in '/home/corelab/CatchingBlimp/Summer2023/ros2_stereo/src/opencv_telemetry' with build type 'ament_cmake'
[3.148s] INFO:colcon.colcon_cmake.task.cmake.build:Building CMake package in '/home/corelab/CatchingBlimp/Summer2023/ros2_stereo/src/opencv_telemetry'
[3.188s] INFO:colcon.colcon_core.shell:Skip shell extension 'powershell' for command environment: Not usable outside of PowerShell
[3.188s] DEBUG:colcon.colcon_core.shell:Skip shell extension 'dsv' for command environment
[3.275s] DEBUG:colcon.colcon_core.event_handler.log_command:Invoking command in '/home/corelab/CatchingBlimp/Summer2023/ros2_stereo/build/image_proc': CMAKE_PREFIX_PATH=/opt/ros/foxy /usr/bin/cmake --build /home/corelab/CatchingBlimp/Summer2023/ros2_stereo/build/image_proc -- -j8 -l8
[3.279s] DEBUG:colcon.colcon_core.event_handler.log_command:Invoking command in '/home/corelab/CatchingBlimp/Summer2023/ros2_stereo/build/yolo_msgs': CMAKE_PREFIX_PATH=/opt/ros/foxy /usr/bin/cmake --build /home/corelab/CatchingBlimp/Summer2023/ros2_stereo/build/yolo_msgs -- -j8 -l8
[3.282s] DEBUG:colcon.colcon_core.event_handler.log_command:Invoking command in '/home/corelab/CatchingBlimp/Summer2023/ros2_stereo/build/image_view': CMAKE_PREFIX_PATH=/opt/ros/foxy /usr/bin/cmake --build /home/corelab/CatchingBlimp/Summer2023/ros2_stereo/build/image_view -- -j8 -l8
[3.289s] DEBUG:colcon.colcon_core.event_handler.log_command:Invoking command in '/home/corelab/CatchingBlimp/Summer2023/ros2_stereo/build/opencv_telemetry': CMAKE_PREFIX_PATH=/opt/ros/foxy /usr/bin/cmake --build /home/corelab/CatchingBlimp/Summer2023/ros2_stereo/build/opencv_telemetry -- -j8 -l8
[3.463s] DEBUG:colcon.colcon_core.event_handler.log_command:Invoked command in '/home/corelab/CatchingBlimp/Summer2023/ros2_stereo/build/yolo_msgs' returned '0': CMAKE_PREFIX_PATH=/opt/ros/foxy /usr/bin/cmake --build /home/corelab/CatchingBlimp/Summer2023/ros2_stereo/build/yolo_msgs -- -j8 -l8
[3.490s] DEBUG:colcon.colcon_core.event_handler.log_command:Invoked command in '/home/corelab/CatchingBlimp/Summer2023/ros2_stereo/build/opencv_telemetry' returned '0': CMAKE_PREFIX_PATH=/opt/ros/foxy /usr/bin/cmake --build /home/corelab/CatchingBlimp/Summer2023/ros2_stereo/build/opencv_telemetry -- -j8 -l8
[3.495s] DEBUG:colcon.colcon_core.event_handler.log_command:Invoked command in '/home/corelab/CatchingBlimp/Summer2023/ros2_stereo/build/image_proc' returned '0': CMAKE_PREFIX_PATH=/opt/ros/foxy /usr/bin/cmake --build /home/corelab/CatchingBlimp/Summer2023/ros2_stereo/build/image_proc -- -j8 -l8
[3.519s] DEBUG:colcon.colcon_core.event_handler.log_command:Invoking command in '/home/corelab/CatchingBlimp/Summer2023/ros2_stereo/build/yolo_msgs': CMAKE_PREFIX_PATH=/opt/ros/foxy /usr/bin/cmake --install /home/corelab/CatchingBlimp/Summer2023/ros2_stereo/build/yolo_msgs
[3.522s] DEBUG:colcon.colcon_core.event_handler.log_command:Invoking command in '/home/corelab/CatchingBlimp/Summer2023/ros2_stereo/build/image_proc': CMAKE_PREFIX_PATH=/opt/ros/foxy /usr/bin/cmake --install /home/corelab/CatchingBlimp/Summer2023/ros2_stereo/build/image_proc
[3.533s] DEBUG:colcon.colcon_core.event_handler.log_command:Invoking command in '/home/corelab/CatchingBlimp/Summer2023/ros2_stereo/build/opencv_telemetry': CMAKE_PREFIX_PATH=/opt/ros/foxy /usr/bin/cmake --install /home/corelab/CatchingBlimp/Summer2023/ros2_stereo/build/opencv_telemetry
[3.545s] Level 1:colcon.colcon_core.environment:create_environment_scripts_only(image_proc)
[3.545s] DEBUG:colcon.colcon_core.event_handler.log_command:Invoked command in '/home/corelab/CatchingBlimp/Summer2023/ros2_stereo/build/image_proc' returned '0': CMAKE_PREFIX_PATH=/opt/ros/foxy /usr/bin/cmake --install /home/corelab/CatchingBlimp/Summer2023/ros2_stereo/build/image_proc
[3.611s] Level 1:colcon.colcon_core.environment:checking '/home/corelab/CatchingBlimp/Summer2023/ros2_stereo/install/image_proc' for CMake module files
[3.612s] Level 1:colcon.colcon_core.environment:checking '/home/corelab/CatchingBlimp/Summer2023/ros2_stereo/install/image_proc' for CMake config files
[3.612s] Level 1:colcon.colcon_core.shell:create_environment_hook('image_proc', 'cmake_prefix_path')
[3.666s] INFO:colcon.colcon_core.shell:Creating environment hook '/home/corelab/CatchingBlimp/Summer2023/ros2_stereo/install/image_proc/share/image_proc/hook/cmake_prefix_path.ps1'
[3.667s] INFO:colcon.colcon_core.shell:Creating environment descriptor '/home/corelab/CatchingBlimp/Summer2023/ros2_stereo/install/image_proc/share/image_proc/hook/cmake_prefix_path.dsv'
[3.667s] INFO:colcon.colcon_core.shell:Creating environment hook '/home/corelab/CatchingBlimp/Summer2023/ros2_stereo/install/image_proc/share/image_proc/hook/cmake_prefix_path.sh'
[3.668s] Level 1:colcon.colcon_core.environment:checking '/home/corelab/CatchingBlimp/Summer2023/ros2_stereo/install/image_proc/lib'
[3.668s] Level 1:colcon.colcon_core.shell:create_environment_hook('image_proc', 'ld_library_path_lib')
[3.706s] INFO:colcon.colcon_core.shell:Creating environment hook '/home/corelab/CatchingBlimp/Summer2023/ros2_stereo/install/image_proc/share/image_proc/hook/ld_library_path_lib.ps1'
[3.707s] INFO:colcon.colcon_core.shell:Creating environment descriptor '/home/corelab/CatchingBlimp/Summer2023/ros2_stereo/install/image_proc/share/image_proc/hook/ld_library_path_lib.dsv'
[3.707s] INFO:colcon.colcon_core.shell:Creating environment hook '/home/corelab/CatchingBlimp/Summer2023/ros2_stereo/install/image_proc/share/image_proc/hook/ld_library_path_lib.sh'
[3.707s] Level 1:colcon.colcon_core.environment:checking '/home/corelab/CatchingBlimp/Summer2023/ros2_stereo/install/image_proc/bin'
[3.707s] Level 1:colcon.colcon_core.shell:create_environment_hook('image_proc', 'path')
[3.745s] INFO:colcon.colcon_core.shell:Creating environment hook '/home/corelab/CatchingBlimp/Summer2023/ros2_stereo/install/image_proc/share/image_proc/hook/path.ps1'
[3.745s] INFO:colcon.colcon_core.shell:Creating environment descriptor '/home/corelab/CatchingBlimp/Summer2023/ros2_stereo/install/image_proc/share/image_proc/hook/path.dsv'
[3.746s] INFO:colcon.colcon_core.shell:Creating environment hook '/home/corelab/CatchingBlimp/Summer2023/ros2_stereo/install/image_proc/share/image_proc/hook/path.sh'
[3.746s] Level 1:colcon.colcon_core.environment:checking '/home/corelab/CatchingBlimp/Summer2023/ros2_stereo/install/image_proc/lib/pkgconfig/image_proc.pc'
[3.746s] Level 1:colcon.colcon_core.environment:checking '/home/corelab/CatchingBlimp/Summer2023/ros2_stereo/install/image_proc/lib/python3.8/site-packages'
[3.746s] Level 1:colcon.colcon_core.environment:checking '/home/corelab/CatchingBlimp/Summer2023/ros2_stereo/install/image_proc/bin'
[3.746s] Level 1:colcon.colcon_core.shell:create_environment_hook('image_proc', 'pythonscriptspath')
[3.783s] INFO:colcon.colcon_core.shell:Creating environment hook '/home/corelab/CatchingBlimp/Summer2023/ros2_stereo/install/image_proc/share/image_proc/hook/pythonscriptspath.ps1'
[3.784s] INFO:colcon.colcon_core.shell:Creating environment descriptor '/home/corelab/CatchingBlimp/Summer2023/ros2_stereo/install/image_proc/share/image_proc/hook/pythonscriptspath.dsv'
[3.784s] INFO:colcon.colcon_core.shell:Creating environment hook '/home/corelab/CatchingBlimp/Summer2023/ros2_stereo/install/image_proc/share/image_proc/hook/pythonscriptspath.sh'
[3.821s] INFO:colcon.colcon_core.shell:Creating package script '/home/corelab/CatchingBlimp/Summer2023/ros2_stereo/install/image_proc/share/image_proc/package.ps1'
[3.822s] INFO:colcon.colcon_core.shell:Creating package descriptor '/home/corelab/CatchingBlimp/Summer2023/ros2_stereo/install/image_proc/share/image_proc/package.dsv'
[3.822s] INFO:colcon.colcon_core.shell:Creating package script '/home/corelab/CatchingBlimp/Summer2023/ros2_stereo/install/image_proc/share/image_proc/package.sh'
[3.823s] INFO:colcon.colcon_core.shell:Creating package script '/home/corelab/CatchingBlimp/Summer2023/ros2_stereo/install/image_proc/share/image_proc/package.bash'
[3.823s] INFO:colcon.colcon_core.shell:Creating package script '/home/corelab/CatchingBlimp/Summer2023/ros2_stereo/install/image_proc/share/image_proc/package.zsh'
[3.824s] Level 1:colcon.colcon_core.environment:create_file_with_runtime_dependencies(/home/corelab/CatchingBlimp/Summer2023/ros2_stereo/install/image_proc/share/colcon-core/packages/image_proc)
[3.827s] Level 1:colcon.colcon_core.environment:create_environment_scripts_only(yolo_msgs)
[3.828s] DEBUG:colcon.colcon_core.event_handler.log_command:Invoked command in '/home/corelab/CatchingBlimp/Summer2023/ros2_stereo/build/yolo_msgs' returned '0': CMAKE_PREFIX_PATH=/opt/ros/foxy /usr/bin/cmake --install /home/corelab/CatchingBlimp/Summer2023/ros2_stereo/build/yolo_msgs
[3.867s] Level 1:colcon.colcon_core.environment:checking '/home/corelab/CatchingBlimp/Summer2023/ros2_stereo/install/yolo_msgs' for CMake module files
[3.868s] Level 1:colcon.colcon_core.environment:checking '/home/corelab/CatchingBlimp/Summer2023/ros2_stereo/install/yolo_msgs' for CMake config files
[3.868s] Level 1:colcon.colcon_core.shell:create_environment_hook('yolo_msgs', 'cmake_prefix_path')
[3.906s] INFO:colcon.colcon_core.shell:Creating environment hook '/home/corelab/CatchingBlimp/Summer2023/ros2_stereo/install/yolo_msgs/share/yolo_msgs/hook/cmake_prefix_path.ps1'
[3.906s] INFO:colcon.colcon_core.shell:Creating environment descriptor '/home/corelab/CatchingBlimp/Summer2023/ros2_stereo/install/yolo_msgs/share/yolo_msgs/hook/cmake_prefix_path.dsv'
[3.907s] INFO:colcon.colcon_core.shell:Creating environment hook '/home/corelab/CatchingBlimp/Summer2023/ros2_stereo/install/yolo_msgs/share/yolo_msgs/hook/cmake_prefix_path.sh'
[3.907s] Level 1:colcon.colcon_core.environment:checking '/home/corelab/CatchingBlimp/Summer2023/ros2_stereo/install/yolo_msgs/lib'
[3.907s] Level 1:colcon.colcon_core.shell:create_environment_hook('yolo_msgs', 'ld_library_path_lib')
[3.945s] INFO:colcon.colcon_core.shell:Creating environment hook '/home/corelab/CatchingBlimp/Summer2023/ros2_stereo/install/yolo_msgs/share/yolo_msgs/hook/ld_library_path_lib.ps1'
[3.945s] INFO:colcon.colcon_core.shell:Creating environment descriptor '/home/corelab/CatchingBlimp/Summer2023/ros2_stereo/install/yolo_msgs/share/yolo_msgs/hook/ld_library_path_lib.dsv'
[3.945s] INFO:colcon.colcon_core.shell:Creating environment hook '/home/corelab/CatchingBlimp/Summer2023/ros2_stereo/install/yolo_msgs/share/yolo_msgs/hook/ld_library_path_lib.sh'
[3.946s] Level 1:colcon.colcon_core.environment:checking '/home/corelab/CatchingBlimp/Summer2023/ros2_stereo/install/yolo_msgs/bin'
[3.946s] Level 1:colcon.colcon_core.environment:checking '/home/corelab/CatchingBlimp/Summer2023/ros2_stereo/install/yolo_msgs/lib/pkgconfig/yolo_msgs.pc'
[3.946s] Level 1:colcon.colcon_core.environment:checking '/home/corelab/CatchingBlimp/Summer2023/ros2_stereo/install/yolo_msgs/lib/python3.8/site-packages'
[3.946s] Level 1:colcon.colcon_core.shell:create_environment_hook('yolo_msgs', 'pythonpath')
[3.982s] INFO:colcon.colcon_core.shell:Creating environment hook '/home/corelab/CatchingBlimp/Summer2023/ros2_stereo/install/yolo_msgs/share/yolo_msgs/hook/pythonpath.ps1'
[3.982s] INFO:colcon.colcon_core.shell:Creating environment descriptor '/home/corelab/CatchingBlimp/Summer2023/ros2_stereo/install/yolo_msgs/share/yolo_msgs/hook/pythonpath.dsv'
[3.983s] INFO:colcon.colcon_core.shell:Creating environment hook '/home/corelab/CatchingBlimp/Summer2023/ros2_stereo/install/yolo_msgs/share/yolo_msgs/hook/pythonpath.sh'
[3.983s] Level 1:colcon.colcon_core.environment:checking '/home/corelab/CatchingBlimp/Summer2023/ros2_stereo/install/yolo_msgs/bin'
[4.019s] INFO:colcon.colcon_core.shell:Creating package script '/home/corelab/CatchingBlimp/Summer2023/ros2_stereo/install/yolo_msgs/share/yolo_msgs/package.ps1'
[4.020s] INFO:colcon.colcon_core.shell:Creating package descriptor '/home/corelab/CatchingBlimp/Summer2023/ros2_stereo/install/yolo_msgs/share/yolo_msgs/package.dsv'
[4.020s] INFO:colcon.colcon_core.shell:Creating package script '/home/corelab/CatchingBlimp/Summer2023/ros2_stereo/install/yolo_msgs/share/yolo_msgs/package.sh'
[4.020s] INFO:colcon.colcon_core.shell:Creating package script '/home/corelab/CatchingBlimp/Summer2023/ros2_stereo/install/yolo_msgs/share/yolo_msgs/package.bash'
[4.021s] INFO:colcon.colcon_core.shell:Creating package script '/home/corelab/CatchingBlimp/Summer2023/ros2_stereo/install/yolo_msgs/share/yolo_msgs/package.zsh'
[4.021s] Level 1:colcon.colcon_core.environment:create_file_with_runtime_dependencies(/home/corelab/CatchingBlimp/Summer2023/ros2_stereo/install/yolo_msgs/share/colcon-core/packages/yolo_msgs)
[4.023s] Level 1:colcon.colcon_core.environment:create_environment_scripts_only(opencv_telemetry)
[4.024s] DEBUG:colcon.colcon_core.event_handler.log_command:Invoked command in '/home/corelab/CatchingBlimp/Summer2023/ros2_stereo/build/opencv_telemetry' returned '0': CMAKE_PREFIX_PATH=/opt/ros/foxy /usr/bin/cmake --install /home/corelab/CatchingBlimp/Summer2023/ros2_stereo/build/opencv_telemetry
[4.069s] Level 1:colcon.colcon_core.environment:checking '/home/corelab/CatchingBlimp/Summer2023/ros2_stereo/install/opencv_telemetry' for CMake module files
[4.070s] Level 1:colcon.colcon_core.environment:checking '/home/corelab/CatchingBlimp/Summer2023/ros2_stereo/install/opencv_telemetry' for CMake config files
[4.070s] Level 1:colcon.colcon_core.shell:create_environment_hook('opencv_telemetry', 'cmake_prefix_path')
[4.106s] INFO:colcon.colcon_core.shell:Creating environment hook '/home/corelab/CatchingBlimp/Summer2023/ros2_stereo/install/opencv_telemetry/share/opencv_telemetry/hook/cmake_prefix_path.ps1'
[4.107s] INFO:colcon.colcon_core.shell:Creating environment descriptor '/home/corelab/CatchingBlimp/Summer2023/ros2_stereo/install/opencv_telemetry/share/opencv_telemetry/hook/cmake_prefix_path.dsv'
[4.107s] INFO:colcon.colcon_core.shell:Creating environment hook '/home/corelab/CatchingBlimp/Summer2023/ros2_stereo/install/opencv_telemetry/share/opencv_telemetry/hook/cmake_prefix_path.sh'
[4.107s] Level 1:colcon.colcon_core.environment:checking '/home/corelab/CatchingBlimp/Summer2023/ros2_stereo/install/opencv_telemetry/lib'
[4.107s] Level 1:colcon.colcon_core.shell:create_environment_hook('opencv_telemetry', 'ld_library_path_lib')
[4.144s] INFO:colcon.colcon_core.shell:Creating environment hook '/home/corelab/CatchingBlimp/Summer2023/ros2_stereo/install/opencv_telemetry/share/opencv_telemetry/hook/ld_library_path_lib.ps1'
[4.144s] INFO:colcon.colcon_core.shell:Creating environment descriptor '/home/corelab/CatchingBlimp/Summer2023/ros2_stereo/install/opencv_telemetry/share/opencv_telemetry/hook/ld_library_path_lib.dsv'
[4.145s] INFO:colcon.colcon_core.shell:Creating environment hook '/home/corelab/CatchingBlimp/Summer2023/ros2_stereo/install/opencv_telemetry/share/opencv_telemetry/hook/ld_library_path_lib.sh'
[4.145s] Level 1:colcon.colcon_core.environment:checking '/home/corelab/CatchingBlimp/Summer2023/ros2_stereo/install/opencv_telemetry/libresized_plugins.so'
[4.145s] Level 1:colcon.colcon_core.environment:checking '/home/corelab/CatchingBlimp/Summer2023/ros2_stereo/install/opencv_telemetry/bin'
[4.145s] Level 1:colcon.colcon_core.environment:checking '/home/corelab/CatchingBlimp/Summer2023/ros2_stereo/install/opencv_telemetry/lib/pkgconfig/opencv_telemetry.pc'
[4.145s] Level 1:colcon.colcon_core.environment:checking '/home/corelab/CatchingBlimp/Summer2023/ros2_stereo/install/opencv_telemetry/lib/python3.8/site-packages'
[4.145s] Level 1:colcon.colcon_core.shell:create_environment_hook('opencv_telemetry', 'pythonpath')
[4.184s] INFO:colcon.colcon_core.shell:Creating environment hook '/home/corelab/CatchingBlimp/Summer2023/ros2_stereo/install/opencv_telemetry/share/opencv_telemetry/hook/pythonpath.ps1'
[4.184s] INFO:colcon.colcon_core.shell:Creating environment descriptor '/home/corelab/CatchingBlimp/Summer2023/ros2_stereo/install/opencv_telemetry/share/opencv_telemetry/hook/pythonpath.dsv'
[4.185s] INFO:colcon.colcon_core.shell:Creating environment hook '/home/corelab/CatchingBlimp/Summer2023/ros2_stereo/install/opencv_telemetry/share/opencv_telemetry/hook/pythonpath.sh'
[4.185s] Level 1:colcon.colcon_core.environment:checking '/home/corelab/CatchingBlimp/Summer2023/ros2_stereo/install/opencv_telemetry/bin'
[4.222s] INFO:colcon.colcon_core.shell:Creating package script '/home/corelab/CatchingBlimp/Summer2023/ros2_stereo/install/opencv_telemetry/share/opencv_telemetry/package.ps1'
[4.222s] INFO:colcon.colcon_core.shell:Creating package descriptor '/home/corelab/CatchingBlimp/Summer2023/ros2_stereo/install/opencv_telemetry/share/opencv_telemetry/package.dsv'
[4.222s] INFO:colcon.colcon_core.shell:Creating package script '/home/corelab/CatchingBlimp/Summer2023/ros2_stereo/install/opencv_telemetry/share/opencv_telemetry/package.sh'
[4.223s] INFO:colcon.colcon_core.shell:Creating package script '/home/corelab/CatchingBlimp/Summer2023/ros2_stereo/install/opencv_telemetry/share/opencv_telemetry/package.bash'
[4.223s] INFO:colcon.colcon_core.shell:Creating package script '/home/corelab/CatchingBlimp/Summer2023/ros2_stereo/install/opencv_telemetry/share/opencv_telemetry/package.zsh'
[4.223s] Level 1:colcon.colcon_core.environment:create_file_with_runtime_dependencies(/home/corelab/CatchingBlimp/Summer2023/ros2_stereo/install/opencv_telemetry/share/colcon-core/packages/opencv_telemetry)
[4.263s] Level 1:colcon.colcon_core.environment:create_environment_scripts_only(image_proc)
[4.300s] Level 1:colcon.colcon_core.environment:checking '/home/corelab/CatchingBlimp/Summer2023/ros2_stereo/install/image_proc' for CMake module files
[4.300s] Level 1:colcon.colcon_core.environment:checking '/home/corelab/CatchingBlimp/Summer2023/ros2_stereo/install/image_proc' for CMake config files
[4.300s] Level 1:colcon.colcon_core.shell:create_environment_hook('image_proc', 'cmake_prefix_path')
[4.339s] INFO:colcon.colcon_core.shell:Creating environment hook '/home/corelab/CatchingBlimp/Summer2023/ros2_stereo/install/image_proc/share/image_proc/hook/cmake_prefix_path.ps1'
[4.339s] INFO:colcon.colcon_core.shell:Creating environment descriptor '/home/corelab/CatchingBlimp/Summer2023/ros2_stereo/install/image_proc/share/image_proc/hook/cmake_prefix_path.dsv'
[4.340s] INFO:colcon.colcon_core.shell:Creating environment hook '/home/corelab/CatchingBlimp/Summer2023/ros2_stereo/install/image_proc/share/image_proc/hook/cmake_prefix_path.sh'
[4.340s] Level 1:colcon.colcon_core.environment:checking '/home/corelab/CatchingBlimp/Summer2023/ros2_stereo/install/image_proc/lib'
[4.340s] Level 1:colcon.colcon_core.shell:create_environment_hook('image_proc', 'ld_library_path_lib')
[4.377s] INFO:colcon.colcon_core.shell:Creating environment hook '/home/corelab/CatchingBlimp/Summer2023/ros2_stereo/install/image_proc/share/image_proc/hook/ld_library_path_lib.ps1'
[4.378s] INFO:colcon.colcon_core.shell:Creating environment descriptor '/home/corelab/CatchingBlimp/Summer2023/ros2_stereo/install/image_proc/share/image_proc/hook/ld_library_path_lib.dsv'
[4.378s] INFO:colcon.colcon_core.shell:Creating environment hook '/home/corelab/CatchingBlimp/Summer2023/ros2_stereo/install/image_proc/share/image_proc/hook/ld_library_path_lib.sh'
[4.378s] Level 1:colcon.colcon_core.environment:checking '/home/corelab/CatchingBlimp/Summer2023/ros2_stereo/install/image_proc/bin'
[4.378s] Level 1:colcon.colcon_core.shell:create_environment_hook('image_proc', 'path')
[4.417s] INFO:colcon.colcon_core.shell:Creating environment hook '/home/corelab/CatchingBlimp/Summer2023/ros2_stereo/install/image_proc/share/image_proc/hook/path.ps1'
[4.417s] INFO:colcon.colcon_core.shell:Creating environment descriptor '/home/corelab/CatchingBlimp/Summer2023/ros2_stereo/install/image_proc/share/image_proc/hook/path.dsv'
[4.418s] INFO:colcon.colcon_core.shell:Creating environment hook '/home/corelab/CatchingBlimp/Summer2023/ros2_stereo/install/image_proc/share/image_proc/hook/path.sh'
[4.418s] Level 1:colcon.colcon_core.environment:checking '/home/corelab/CatchingBlimp/Summer2023/ros2_stereo/install/image_proc/lib/pkgconfig/image_proc.pc'
[4.418s] Level 1:colcon.colcon_core.environment:checking '/home/corelab/CatchingBlimp/Summer2023/ros2_stereo/install/image_proc/lib/python3.8/site-packages'
[4.418s] Level 1:colcon.colcon_core.environment:checking '/home/corelab/CatchingBlimp/Summer2023/ros2_stereo/install/image_proc/bin'
[4.418s] Level 1:colcon.colcon_core.shell:create_environment_hook('image_proc', 'pythonscriptspath')
[4.456s] INFO:colcon.colcon_core.shell:Creating environment hook '/home/corelab/CatchingBlimp/Summer2023/ros2_stereo/install/image_proc/share/image_proc/hook/pythonscriptspath.ps1'
[4.457s] INFO:colcon.colcon_core.shell:Creating environment descriptor '/home/corelab/CatchingBlimp/Summer2023/ros2_stereo/install/image_proc/share/image_proc/hook/pythonscriptspath.dsv'
[4.457s] INFO:colcon.colcon_core.shell:Creating environment hook '/home/corelab/CatchingBlimp/Summer2023/ros2_stereo/install/image_proc/share/image_proc/hook/pythonscriptspath.sh'
[4.494s] INFO:colcon.colcon_core.shell:Creating package script '/home/corelab/CatchingBlimp/Summer2023/ros2_stereo/install/image_proc/share/image_proc/package.ps1'
[4.495s] INFO:colcon.colcon_core.shell:Creating package descriptor '/home/corelab/CatchingBlimp/Summer2023/ros2_stereo/install/image_proc/share/image_proc/package.dsv'
[4.495s] INFO:colcon.colcon_core.shell:Creating package script '/home/corelab/CatchingBlimp/Summer2023/ros2_stereo/install/image_proc/share/image_proc/package.sh'
[4.495s] INFO:colcon.colcon_core.shell:Creating package script '/home/corelab/CatchingBlimp/Summer2023/ros2_stereo/install/image_proc/share/image_proc/package.bash'
[4.495s] INFO:colcon.colcon_core.shell:Creating package script '/home/corelab/CatchingBlimp/Summer2023/ros2_stereo/install/image_proc/share/image_proc/package.zsh'
[4.496s] Level 1:colcon.colcon_core.environment:create_file_with_runtime_dependencies(/home/corelab/CatchingBlimp/Summer2023/ros2_stereo/install/image_proc/share/colcon-core/packages/image_proc)
[4.499s] DEBUG:colcon.colcon_core.event_handler.log_command:Invoked command in '/home/corelab/CatchingBlimp/Summer2023/ros2_stereo/build/image_view' returned '2': CMAKE_PREFIX_PATH=/opt/ros/foxy /usr/bin/cmake --build /home/corelab/CatchingBlimp/Summer2023/ros2_stereo/build/image_view -- -j8 -l8
[4.536s] Level 1:colcon.colcon_core.environment:create_environment_scripts_only(yolo_msgs)
[4.572s] Level 1:colcon.colcon_core.environment:checking '/home/corelab/CatchingBlimp/Summer2023/ros2_stereo/install/yolo_msgs' for CMake module files
[4.573s] Level 1:colcon.colcon_core.environment:checking '/home/corelab/CatchingBlimp/Summer2023/ros2_stereo/install/yolo_msgs' for CMake config files
[4.573s] Level 1:colcon.colcon_core.shell:create_environment_hook('yolo_msgs', 'cmake_prefix_path')
[4.610s] INFO:colcon.colcon_core.shell:Creating environment hook '/home/corelab/CatchingBlimp/Summer2023/ros2_stereo/install/yolo_msgs/share/yolo_msgs/hook/cmake_prefix_path.ps1'
[4.610s] INFO:colcon.colcon_core.shell:Creating environment descriptor '/home/corelab/CatchingBlimp/Summer2023/ros2_stereo/install/yolo_msgs/share/yolo_msgs/hook/cmake_prefix_path.dsv'
[4.610s] INFO:colcon.colcon_core.shell:Creating environment hook '/home/corelab/CatchingBlimp/Summer2023/ros2_stereo/install/yolo_msgs/share/yolo_msgs/hook/cmake_prefix_path.sh'
[4.610s] Level 1:colcon.colcon_core.environment:checking '/home/corelab/CatchingBlimp/Summer2023/ros2_stereo/install/yolo_msgs/lib'
[4.611s] Level 1:colcon.colcon_core.shell:create_environment_hook('yolo_msgs', 'ld_library_path_lib')
[4.647s] INFO:colcon.colcon_core.shell:Creating environment hook '/home/corelab/CatchingBlimp/Summer2023/ros2_stereo/install/yolo_msgs/share/yolo_msgs/hook/ld_library_path_lib.ps1'
[4.647s] INFO:colcon.colcon_core.shell:Creating environment descriptor '/home/corelab/CatchingBlimp/Summer2023/ros2_stereo/install/yolo_msgs/share/yolo_msgs/hook/ld_library_path_lib.dsv'
[4.647s] INFO:colcon.colcon_core.shell:Creating environment hook '/home/corelab/CatchingBlimp/Summer2023/ros2_stereo/install/yolo_msgs/share/yolo_msgs/hook/ld_library_path_lib.sh'
[4.647s] Level 1:colcon.colcon_core.environment:checking '/home/corelab/CatchingBlimp/Summer2023/ros2_stereo/install/yolo_msgs/bin'
[4.647s] Level 1:colcon.colcon_core.environment:checking '/home/corelab/CatchingBlimp/Summer2023/ros2_stereo/install/yolo_msgs/lib/pkgconfig/yolo_msgs.pc'
[4.648s] Level 1:colcon.colcon_core.environment:checking '/home/corelab/CatchingBlimp/Summer2023/ros2_stereo/install/yolo_msgs/lib/python3.8/site-packages'
[4.648s] Level 1:colcon.colcon_core.shell:create_environment_hook('yolo_msgs', 'pythonpath')
[4.684s] INFO:colcon.colcon_core.shell:Creating environment hook '/home/corelab/CatchingBlimp/Summer2023/ros2_stereo/install/yolo_msgs/share/yolo_msgs/hook/pythonpath.ps1'
[4.684s] INFO:colcon.colcon_core.shell:Creating environment descriptor '/home/corelab/CatchingBlimp/Summer2023/ros2_stereo/install/yolo_msgs/share/yolo_msgs/hook/pythonpath.dsv'
[4.684s] INFO:colcon.colcon_core.shell:Creating environment hook '/home/corelab/CatchingBlimp/Summer2023/ros2_stereo/install/yolo_msgs/share/yolo_msgs/hook/pythonpath.sh'
[4.685s] Level 1:colcon.colcon_core.environment:checking '/home/corelab/CatchingBlimp/Summer2023/ros2_stereo/install/yolo_msgs/bin'
[4.721s] INFO:colcon.colcon_core.shell:Creating package script '/home/corelab/CatchingBlimp/Summer2023/ros2_stereo/install/yolo_msgs/share/yolo_msgs/package.ps1'
[4.721s] INFO:colcon.colcon_core.shell:Creating package descriptor '/home/corelab/CatchingBlimp/Summer2023/ros2_stereo/install/yolo_msgs/share/yolo_msgs/package.dsv'
[4.722s] INFO:colcon.colcon_core.shell:Creating package script '/home/corelab/CatchingBlimp/Summer2023/ros2_stereo/install/yolo_msgs/share/yolo_msgs/package.sh'
[4.722s] INFO:colcon.colcon_core.shell:Creating package script '/home/corelab/CatchingBlimp/Summer2023/ros2_stereo/install/yolo_msgs/share/yolo_msgs/package.bash'
[4.722s] INFO:colcon.colcon_core.shell:Creating package script '/home/corelab/CatchingBlimp/Summer2023/ros2_stereo/install/yolo_msgs/share/yolo_msgs/package.zsh'
[4.722s] Level 1:colcon.colcon_core.environment:create_file_with_runtime_dependencies(/home/corelab/CatchingBlimp/Summer2023/ros2_stereo/install/yolo_msgs/share/colcon-core/packages/yolo_msgs)
[4.723s] INFO:colcon.colcon_ros.task.ament_cmake.build:Building ROS package in '/home/corelab/CatchingBlimp/Summer2023/ros2_stereo/src/stereo_combined' with build type 'ament_cmake'
[4.723s] INFO:colcon.colcon_cmake.task.cmake.build:Building CMake package in '/home/corelab/CatchingBlimp/Summer2023/ros2_stereo/src/stereo_combined'
[4.761s] INFO:colcon.colcon_core.shell:Skip shell extension 'powershell' for command environment: Not usable outside of PowerShell
[4.761s] DEBUG:colcon.colcon_core.shell:Skip shell extension 'dsv' for command environment
[4.838s] INFO:colcon.colcon_ros.task.ament_cmake.build:Building ROS package in '/home/corelab/CatchingBlimp/Summer2023/ros2_stereo/src/stereo_image_proc' with build type 'ament_cmake'
[4.838s] INFO:colcon.colcon_cmake.task.cmake.build:Building CMake package in '/home/corelab/CatchingBlimp/Summer2023/ros2_stereo/src/stereo_image_proc'
[4.875s] INFO:colcon.colcon_core.shell:Skip shell extension 'powershell' for command environment: Not usable outside of PowerShell
[4.875s] DEBUG:colcon.colcon_core.shell:Skip shell extension 'dsv' for command environment
[4.986s] Level 1:colcon.colcon_core.environment:create_environment_scripts_only(opencv_telemetry)
[5.022s] Level 1:colcon.colcon_core.environment:checking '/home/corelab/CatchingBlimp/Summer2023/ros2_stereo/install/opencv_telemetry' for CMake module files
[5.023s] Level 1:colcon.colcon_core.environment:checking '/home/corelab/CatchingBlimp/Summer2023/ros2_stereo/install/opencv_telemetry' for CMake config files
[5.023s] Level 1:colcon.colcon_core.shell:create_environment_hook('opencv_telemetry', 'cmake_prefix_path')
[5.058s] INFO:colcon.colcon_core.shell:Creating environment hook '/home/corelab/CatchingBlimp/Summer2023/ros2_stereo/install/opencv_telemetry/share/opencv_telemetry/hook/cmake_prefix_path.ps1'
[5.059s] INFO:colcon.colcon_core.shell:Creating environment descriptor '/home/corelab/CatchingBlimp/Summer2023/ros2_stereo/install/opencv_telemetry/share/opencv_telemetry/hook/cmake_prefix_path.dsv'
[5.059s] INFO:colcon.colcon_core.shell:Creating environment hook '/home/corelab/CatchingBlimp/Summer2023/ros2_stereo/install/opencv_telemetry/share/opencv_telemetry/hook/cmake_prefix_path.sh'
[5.059s] Level 1:colcon.colcon_core.environment:checking '/home/corelab/CatchingBlimp/Summer2023/ros2_stereo/install/opencv_telemetry/lib'
[5.059s] Level 1:colcon.colcon_core.shell:create_environment_hook('opencv_telemetry', 'ld_library_path_lib')
[5.102s] INFO:colcon.colcon_core.shell:Creating environment hook '/home/corelab/CatchingBlimp/Summer2023/ros2_stereo/install/opencv_telemetry/share/opencv_telemetry/hook/ld_library_path_lib.ps1'
[5.102s] INFO:colcon.colcon_core.shell:Creating environment descriptor '/home/corelab/CatchingBlimp/Summer2023/ros2_stereo/install/opencv_telemetry/share/opencv_telemetry/hook/ld_library_path_lib.dsv'
[5.102s] INFO:colcon.colcon_core.shell:Creating environment hook '/home/corelab/CatchingBlimp/Summer2023/ros2_stereo/install/opencv_telemetry/share/opencv_telemetry/hook/ld_library_path_lib.sh'
[5.102s] Level 1:colcon.colcon_core.environment:checking '/home/corelab/CatchingBlimp/Summer2023/ros2_stereo/install/opencv_telemetry/libresized_plugins.so'
[5.103s] Level 1:colcon.colcon_core.environment:checking '/home/corelab/CatchingBlimp/Summer2023/ros2_stereo/install/opencv_telemetry/bin'
[5.103s] Level 1:colcon.colcon_core.environment:checking '/home/corelab/CatchingBlimp/Summer2023/ros2_stereo/install/opencv_telemetry/lib/pkgconfig/opencv_telemetry.pc'
[5.103s] Level 1:colcon.colcon_core.environment:checking '/home/corelab/CatchingBlimp/Summer2023/ros2_stereo/install/opencv_telemetry/lib/python3.8/site-packages'
[5.103s] Level 1:colcon.colcon_core.shell:create_environment_hook('opencv_telemetry', 'pythonpath')
[5.138s] INFO:colcon.colcon_core.shell:Creating environment hook '/home/corelab/CatchingBlimp/Summer2023/ros2_stereo/install/opencv_telemetry/share/opencv_telemetry/hook/pythonpath.ps1'
[5.139s] INFO:colcon.colcon_core.shell:Creating environment descriptor '/home/corelab/CatchingBlimp/Summer2023/ros2_stereo/install/opencv_telemetry/share/opencv_telemetry/hook/pythonpath.dsv'
[5.139s] INFO:colcon.colcon_core.shell:Creating environment hook '/home/corelab/CatchingBlimp/Summer2023/ros2_stereo/install/opencv_telemetry/share/opencv_telemetry/hook/pythonpath.sh'
[5.139s] Level 1:colcon.colcon_core.environment:checking '/home/corelab/CatchingBlimp/Summer2023/ros2_stereo/install/opencv_telemetry/bin'
[5.175s] INFO:colcon.colcon_core.shell:Creating package script '/home/corelab/CatchingBlimp/Summer2023/ros2_stereo/install/opencv_telemetry/share/opencv_telemetry/package.ps1'
[5.175s] INFO:colcon.colcon_core.shell:Creating package descriptor '/home/corelab/CatchingBlimp/Summer2023/ros2_stereo/install/opencv_telemetry/share/opencv_telemetry/package.dsv'
[5.176s] INFO:colcon.colcon_core.shell:Creating package script '/home/corelab/CatchingBlimp/Summer2023/ros2_stereo/install/opencv_telemetry/share/opencv_telemetry/package.sh'
[5.176s] INFO:colcon.colcon_core.shell:Creating package script '/home/corelab/CatchingBlimp/Summer2023/ros2_stereo/install/opencv_telemetry/share/opencv_telemetry/package.bash'
[5.176s] INFO:colcon.colcon_core.shell:Creating package script '/home/corelab/CatchingBlimp/Summer2023/ros2_stereo/install/opencv_telemetry/share/opencv_telemetry/package.zsh'
[5.176s] Level 1:colcon.colcon_core.environment:create_file_with_runtime_dependencies(/home/corelab/CatchingBlimp/Summer2023/ros2_stereo/install/opencv_telemetry/share/colcon-core/packages/opencv_telemetry)
[5.213s] Level 1:colcon.colcon_core.environment:create_environment_scripts_only(image_view)
[5.249s] Level 1:colcon.colcon_core.environment:checking '/home/corelab/CatchingBlimp/Summer2023/ros2_stereo/install/image_view' for CMake module files
[5.249s] Level 1:colcon.colcon_core.environment:checking '/home/corelab/CatchingBlimp/Summer2023/ros2_stereo/install/image_view' for CMake config files
[5.249s] Level 1:colcon.colcon_core.environment:checking '/home/corelab/CatchingBlimp/Summer2023/ros2_stereo/install/image_view/bin'
[5.249s] Level 1:colcon.colcon_core.environment:checking '/home/corelab/CatchingBlimp/Summer2023/ros2_stereo/install/image_view/lib/pkgconfig/image_view.pc'
[5.249s] Level 1:colcon.colcon_core.environment:checking '/home/corelab/CatchingBlimp/Summer2023/ros2_stereo/install/image_view/lib/python3.8/site-packages'
[5.250s] Level 1:colcon.colcon_core.environment:checking '/home/corelab/CatchingBlimp/Summer2023/ros2_stereo/install/image_view/bin'
[5.285s] INFO:colcon.colcon_core.shell:Creating package script '/home/corelab/CatchingBlimp/Summer2023/ros2_stereo/install/image_view/share/image_view/package.ps1'
[5.286s] INFO:colcon.colcon_core.shell:Creating package descriptor '/home/corelab/CatchingBlimp/Summer2023/ros2_stereo/install/image_view/share/image_view/package.dsv'
[5.286s] INFO:colcon.colcon_core.shell:Creating package script '/home/corelab/CatchingBlimp/Summer2023/ros2_stereo/install/image_view/share/image_view/package.sh'
[5.286s] INFO:colcon.colcon_core.shell:Creating package script '/home/corelab/CatchingBlimp/Summer2023/ros2_stereo/install/image_view/share/image_view/package.bash'
[5.287s] INFO:colcon.colcon_core.shell:Creating package script '/home/corelab/CatchingBlimp/Summer2023/ros2_stereo/install/image_view/share/image_view/package.zsh'
[5.287s] Level 1:colcon.colcon_core.environment:create_file_with_runtime_dependencies(/home/corelab/CatchingBlimp/Summer2023/ros2_stereo/install/image_view/share/colcon-core/packages/image_view)
[5.298s] DEBUG:colcon.colcon_parallel_executor.executor.parallel:closing loop
[5.298s] DEBUG:colcon.colcon_parallel_executor.executor.parallel:loop closed
[5.298s] DEBUG:colcon.colcon_parallel_executor.executor.parallel:run_until_complete finished with '2'
[5.298s] DEBUG:colcon.colcon_core.event_reactor:joining thread
[5.340s] INFO:colcon.colcon_core.plugin_system:Skipping extension 'colcon_notification.desktop_notification.terminal_notifier': Not used on non-Darwin systems
[5.340s] INFO:colcon.colcon_core.plugin_system:Skipping extension 'colcon_notification.desktop_notification.win32': Not used on non-Windows systems
[5.340s] INFO:colcon.colcon_notification.desktop_notification:Sending desktop notification using 'notify2'
[5.350s] DEBUG:colcon.colcon_core.event_reactor:joined thread
[5.386s] INFO:colcon.colcon_core.shell:Creating prefix script '/home/corelab/CatchingBlimp/Summer2023/ros2_stereo/install/local_setup.ps1'
[5.387s] INFO:colcon.colcon_core.shell:Creating prefix util module '/home/corelab/CatchingBlimp/Summer2023/ros2_stereo/install/_local_setup_util_ps1.py'
[5.388s] INFO:colcon.colcon_core.shell:Creating prefix chain script '/home/corelab/CatchingBlimp/Summer2023/ros2_stereo/install/setup.ps1'
[5.424s] INFO:colcon.colcon_core.shell:Creating prefix script '/home/corelab/CatchingBlimp/Summer2023/ros2_stereo/install/local_setup.sh'
[5.424s] INFO:colcon.colcon_core.shell:Creating prefix util module '/home/corelab/CatchingBlimp/Summer2023/ros2_stereo/install/_local_setup_util_sh.py'
[5.425s] INFO:colcon.colcon_core.shell:Creating prefix chain script '/home/corelab/CatchingBlimp/Summer2023/ros2_stereo/install/setup.sh'
[5.461s] INFO:colcon.colcon_core.shell:Creating prefix script '/home/corelab/CatchingBlimp/Summer2023/ros2_stereo/install/local_setup.bash'
[5.462s] INFO:colcon.colcon_core.shell:Creating prefix chain script '/home/corelab/CatchingBlimp/Summer2023/ros2_stereo/install/setup.bash'
[5.500s] INFO:colcon.colcon_core.shell:Creating prefix script '/home/corelab/CatchingBlimp/Summer2023/ros2_stereo/install/local_setup.zsh'
[5.500s] INFO:colcon.colcon_core.shell:Creating prefix chain script '/home/corelab/CatchingBlimp/Summer2023/ros2_stereo/install/setup.zsh'
