[0.118s] Invoking command in '/home/corelab/CatchingBlimp/Summer2023/ros2_stereo/build/stereo_image_proc': AMENT_PREFIX_PATH=/home/corelab/CatchingBlimp/Summer2023/ros2_stereo/install/yolo_msgs:/home/corelab/CatchingBlimp/Summer2023/ros2_stereo/install/image_proc:${AMENT_PREFIX_PATH} CMAKE_PREFIX_PATH=/home/corelab/CatchingBlimp/Summer2023/ros2_stereo/install/yolo_msgs:/home/corelab/CatchingBlimp/Summer2023/ros2_stereo/install/image_proc:/opt/ros/foxy LD_LIBRARY_PATH=/home/corelab/CatchingBlimp/Summer2023/ros2_stereo/install/yolo_msgs/lib:/home/corelab/CatchingBlimp/Summer2023/ros2_stereo/install/image_proc/lib:${LD_LIBRARY_PATH} PATH=/home/corelab/CatchingBlimp/Summer2023/ros2_stereo/install/image_proc/bin:${PATH} PYTHONPATH=/home/corelab/CatchingBlimp/Summer2023/ros2_stereo/install/yolo_msgs/lib/python3.8/site-packages:${PYTHONPATH} /usr/bin/cmake --build /home/corelab/CatchingBlimp/Summer2023/ros2_stereo/build/stereo_image_proc -- -j8 -l8
[0.162s] [ 50%] Built target disparity_node
[0.162s] [ 50%] Built target point_cloud_node
[0.172s] [100%] Built target stereo_image_proc
[0.180s] Invoked command in '/home/corelab/CatchingBlimp/Summer2023/ros2_stereo/build/stereo_image_proc' returned '0': AMENT_PREFIX_PATH=/home/corelab/CatchingBlimp/Summer2023/ros2_stereo/install/yolo_msgs:/home/corelab/CatchingBlimp/Summer2023/ros2_stereo/install/image_proc:${AMENT_PREFIX_PATH} CMAKE_PREFIX_PATH=/home/corelab/CatchingBlimp/Summer2023/ros2_stereo/install/yolo_msgs:/home/corelab/CatchingBlimp/Summer2023/ros2_stereo/install/image_proc:/opt/ros/foxy LD_LIBRARY_PATH=/home/corelab/CatchingBlimp/Summer2023/ros2_stereo/install/yolo_msgs/lib:/home/corelab/CatchingBlimp/Summer2023/ros2_stereo/install/image_proc/lib:${LD_LIBRARY_PATH} PATH=/home/corelab/CatchingBlimp/Summer2023/ros2_stereo/install/image_proc/bin:${PATH} PYTHONPATH=/home/corelab/CatchingBlimp/Summer2023/ros2_stereo/install/yolo_msgs/lib/python3.8/site-packages:${PYTHONPATH} /usr/bin/cmake --build /home/corelab/CatchingBlimp/Summer2023/ros2_stereo/build/stereo_image_proc -- -j8 -l8
[0.204s] Invoking command in '/home/corelab/CatchingBlimp/Summer2023/ros2_stereo/build/stereo_image_proc': AMENT_PREFIX_PATH=/home/corelab/CatchingBlimp/Summer2023/ros2_stereo/install/yolo_msgs:/home/corelab/CatchingBlimp/Summer2023/ros2_stereo/install/image_proc:${AMENT_PREFIX_PATH} CMAKE_PREFIX_PATH=/home/corelab/CatchingBlimp/Summer2023/ros2_stereo/install/yolo_msgs:/home/corelab/CatchingBlimp/Summer2023/ros2_stereo/install/image_proc:/opt/ros/foxy LD_LIBRARY_PATH=/home/corelab/CatchingBlimp/Summer2023/ros2_stereo/install/yolo_msgs/lib:/home/corelab/CatchingBlimp/Summer2023/ros2_stereo/install/image_proc/lib:${LD_LIBRARY_PATH} PATH=/home/corelab/CatchingBlimp/Summer2023/ros2_stereo/install/image_proc/bin:${PATH} PYTHONPATH=/home/corelab/CatchingBlimp/Summer2023/ros2_stereo/install/yolo_msgs/lib/python3.8/site-packages:${PYTHONPATH} /usr/bin/cmake --install /home/corelab/CatchingBlimp/Summer2023/ros2_stereo/build/stereo_image_proc
[0.210s] -- Install configuration: ""
[0.211s] -- Execute custom install script
[0.211s] -- Up-to-date symlink: /home/corelab/CatchingBlimp/Summer2023/ros2_stereo/install/stereo_image_proc/lib/stereo_image_proc/disparity_node
[0.211s] -- Up-to-date symlink: /home/corelab/CatchingBlimp/Summer2023/ros2_stereo/install/stereo_image_proc/lib/stereo_image_proc/point_cloud_node
[0.212s] -- Up-to-date symlink: /home/corelab/CatchingBlimp/Summer2023/ros2_stereo/install/stereo_image_proc/include/stereo_image_proc/stereo_processor.hpp
[0.212s] -- Up-to-date symlink: /home/corelab/CatchingBlimp/Summer2023/ros2_stereo/install/stereo_image_proc/share/stereo_image_proc/environment/library_path.sh
[0.212s] -- Up-to-date symlink: /home/corelab/CatchingBlimp/Summer2023/ros2_stereo/install/stereo_image_proc/share/stereo_image_proc/environment/library_path.dsv
[0.213s] -- Up-to-date symlink: /home/corelab/CatchingBlimp/Summer2023/ros2_stereo/install/stereo_image_proc/lib/libstereo_image_proc.so
[0.213s] -- Up-to-date symlink: /home/corelab/CatchingBlimp/Summer2023/ros2_stereo/install/stereo_image_proc/share/stereo_image_proc/launch/disparity.launch.py
[0.214s] -- Up-to-date symlink: /home/corelab/CatchingBlimp/Summer2023/ros2_stereo/install/stereo_image_proc/share/stereo_image_proc/launch/point_cloud.launch.py
[0.214s] -- Up-to-date symlink: /home/corelab/CatchingBlimp/Summer2023/ros2_stereo/install/stereo_image_proc/share/stereo_image_proc/launch/stereo_image_proc.launch.py
[0.214s] -- Up-to-date symlink: /home/corelab/CatchingBlimp/Summer2023/ros2_stereo/install/stereo_image_proc/share/ament_index/resource_index/package_run_dependencies/stereo_image_proc
[0.214s] -- Up-to-date symlink: /home/corelab/CatchingBlimp/Summer2023/ros2_stereo/install/stereo_image_proc/share/ament_index/resource_index/parent_prefix_path/stereo_image_proc
[0.214s] -- Up-to-date symlink: /home/corelab/CatchingBlimp/Summer2023/ros2_stereo/install/stereo_image_proc/share/stereo_image_proc/environment/ament_prefix_path.sh
[0.215s] -- Up-to-date symlink: /home/corelab/CatchingBlimp/Summer2023/ros2_stereo/install/stereo_image_proc/share/stereo_image_proc/environment/ament_prefix_path.dsv
[0.215s] -- Up-to-date symlink: /home/corelab/CatchingBlimp/Summer2023/ros2_stereo/install/stereo_image_proc/share/stereo_image_proc/environment/path.sh
[0.215s] -- Up-to-date symlink: /home/corelab/CatchingBlimp/Summer2023/ros2_stereo/install/stereo_image_proc/share/stereo_image_proc/environment/path.dsv
[0.215s] -- Up-to-date symlink: /home/corelab/CatchingBlimp/Summer2023/ros2_stereo/install/stereo_image_proc/share/stereo_image_proc/local_setup.bash
[0.215s] -- Up-to-date symlink: /home/corelab/CatchingBlimp/Summer2023/ros2_stereo/install/stereo_image_proc/share/stereo_image_proc/local_setup.sh
[0.216s] -- Up-to-date symlink: /home/corelab/CatchingBlimp/Summer2023/ros2_stereo/install/stereo_image_proc/share/stereo_image_proc/local_setup.zsh
[0.216s] -- Up-to-date symlink: /home/corelab/CatchingBlimp/Summer2023/ros2_stereo/install/stereo_image_proc/share/stereo_image_proc/local_setup.dsv
[0.216s] -- Symlinking: /home/corelab/CatchingBlimp/Summer2023/ros2_stereo/install/stereo_image_proc/share/stereo_image_proc/package.dsv
[0.223s] -- Up-to-date symlink: /home/corelab/CatchingBlimp/Summer2023/ros2_stereo/install/stereo_image_proc/share/ament_index/resource_index/packages/stereo_image_proc
[0.223s] -- Up-to-date symlink: /home/corelab/CatchingBlimp/Summer2023/ros2_stereo/install/stereo_image_proc/share/ament_index/resource_index/rclcpp_components/stereo_image_proc
[0.223s] -- Up-to-date symlink: /home/corelab/CatchingBlimp/Summer2023/ros2_stereo/install/stereo_image_proc/share/stereo_image_proc/cmake/ament_cmake_export_dependencies-extras.cmake
[0.224s] -- Up-to-date symlink: /home/corelab/CatchingBlimp/Summer2023/ros2_stereo/install/stereo_image_proc/share/stereo_image_proc/cmake/ament_cmake_export_include_directories-extras.cmake
[0.224s] -- Up-to-date symlink: /home/corelab/CatchingBlimp/Summer2023/ros2_stereo/install/stereo_image_proc/share/stereo_image_proc/cmake/ament_cmake_export_libraries-extras.cmake
[0.224s] -- Up-to-date symlink: /home/corelab/CatchingBlimp/Summer2023/ros2_stereo/install/stereo_image_proc/share/stereo_image_proc/cmake/stereo_image_procConfig.cmake
[0.224s] -- Up-to-date symlink: /home/corelab/CatchingBlimp/Summer2023/ros2_stereo/install/stereo_image_proc/share/stereo_image_proc/cmake/stereo_image_procConfig-version.cmake
[0.224s] -- Up-to-date symlink: /home/corelab/CatchingBlimp/Summer2023/ros2_stereo/install/stereo_image_proc/share/stereo_image_proc/package.xml
[0.226s] Invoked command in '/home/corelab/CatchingBlimp/Summer2023/ros2_stereo/build/stereo_image_proc' returned '0': AMENT_PREFIX_PATH=/home/corelab/CatchingBlimp/Summer2023/ros2_stereo/install/yolo_msgs:/home/corelab/CatchingBlimp/Summer2023/ros2_stereo/install/image_proc:${AMENT_PREFIX_PATH} CMAKE_PREFIX_PATH=/home/corelab/CatchingBlimp/Summer2023/ros2_stereo/install/yolo_msgs:/home/corelab/CatchingBlimp/Summer2023/ros2_stereo/install/image_proc:/opt/ros/foxy LD_LIBRARY_PATH=/home/corelab/CatchingBlimp/Summer2023/ros2_stereo/install/yolo_msgs/lib:/home/corelab/CatchingBlimp/Summer2023/ros2_stereo/install/image_proc/lib:${LD_LIBRARY_PATH} PATH=/home/corelab/CatchingBlimp/Summer2023/ros2_stereo/install/image_proc/bin:${PATH} PYTHONPATH=/home/corelab/CatchingBlimp/Summer2023/ros2_stereo/install/yolo_msgs/lib/python3.8/site-packages:${PYTHONPATH} /usr/bin/cmake --install /home/corelab/CatchingBlimp/Summer2023/ros2_stereo/build/stereo_image_proc
