[0.353s] Invoking command in '/home/corelab/CatchingBlimp/Summer2023/ros2_stereo/build/yolo_msgs': CMAKE_PREFIX_PATH=/opt/ros/foxy /usr/bin/cmake --build /home/corelab/CatchingBlimp/Summer2023/ros2_stereo/build/yolo_msgs -- -j8 -l8
[0.374s] -- Found ament_cmake: 0.9.12 (/opt/ros/foxy/share/ament_cmake/cmake)
[0.392s] -- Found PythonInterp: /usr/bin/python3 (found suitable version "3.8.10", minimum required is "3") 
[0.392s] -- Using PYTHON_EXECUTABLE: /usr/bin/python3
[0.700s] -- Override CMake install command with custom implementation using symlinks instead of copying resources
[0.709s] -- Found std_msgs: 2.0.5 (/opt/ros/foxy/share/std_msgs/cmake)
[0.732s] -- Using all available rosidl_typesupport_c: rosidl_typesupport_fastrtps_c;rosidl_typesupport_introspection_c
[0.738s] -- Found rosidl_adapter: 1.3.1 (/opt/ros/foxy/share/rosidl_adapter/cmake)
[0.953s] -- Using all available rosidl_typesupport_cpp: rosidl_typesupport_fastrtps_cpp;rosidl_typesupport_introspection_cpp
[1.034s] -- Found rosidl_default_generators: 1.0.1 (/opt/ros/foxy/share/rosidl_default_generators/cmake)
[1.043s] -- Found ament_lint_auto: 0.9.8 (/opt/ros/foxy/share/ament_lint_auto/cmake)
[1.262s] -- Found PythonInterp: /usr/bin/python3 (found version "3.8.10") 
[1.534s] -- Found ament_cmake_ros: 0.9.2 (/opt/ros/foxy/share/ament_cmake_ros/cmake)
[1.824s] -- Using all available rosidl_typesupport_c: rosidl_typesupport_fastrtps_c;rosidl_typesupport_introspection_c
[1.899s] -- Using all available rosidl_typesupport_cpp: rosidl_typesupport_fastrtps_cpp;rosidl_typesupport_introspection_cpp
[1.961s] -- Found PythonInterp: /usr/bin/python3 (found suitable version "3.8.10", minimum required is "3.5") 
[1.961s] -- Found python_cmake_module: 0.8.1 (/opt/ros/foxy/share/python_cmake_module/cmake)
[1.984s] -- Using PYTHON_EXECUTABLE: /usr/bin/python3
[1.984s] -- Using PYTHON_INCLUDE_DIRS: /usr/include/python3.8
[1.984s] -- Using PYTHON_LIBRARIES: /usr/lib/x86_64-linux-gnu/libpython3.8.so
[2.023s] -- Added test 'copyright' to check source files copyright and LICENSE
[2.024s] -- Added test 'lint_cmake' to check CMake code style
[2.024s] -- Added test 'xmllint' to check XML markup files
[2.031s] -- Configuring done
[2.087s] -- Generating done
[2.092s] -- Build files have been written to: /home/corelab/CatchingBlimp/Summer2023/ros2_stereo/build/yolo_msgs
[2.134s] [  2%] Built target yolo_msgs__cpp
[2.136s] [ 12%] Built target yolo_msgs__rosidl_generator_c
[2.153s] [ 44%] Built target yolo_msgs__rosidl_typesupport_c
[2.154s] [ 44%] Built target yolo_msgs__rosidl_typesupport_introspection_cpp
[2.154s] [ 44%] Built target yolo_msgs__rosidl_typesupport_cpp
[2.155s] [ 55%] Built target yolo_msgs__rosidl_typesupport_fastrtps_cpp
[2.156s] [ 65%] Built target yolo_msgs__rosidl_typesupport_introspection_c
[2.175s] [ 76%] Built target yolo_msgs__rosidl_typesupport_fastrtps_c
[2.190s] [ 76%] Built target yolo_msgs
[2.203s] [ 78%] Built target yolo_msgs__py
[2.221s] [ 87%] Built target yolo_msgs__python
[2.238s] [100%] Built target yolo_msgs__rosidl_typesupport_fastrtps_c__pyext
[2.238s] [100%] Built target yolo_msgs__rosidl_typesupport_introspection_c__pyext
[2.238s] [100%] Built target yolo_msgs__rosidl_typesupport_c__pyext
