[0.011s] Invoking command in '/home/corelab/ros2_stereo/build/image_proc': CMAKE_PREFIX_PATH=${CMAKE_PREFIX_PATH}:/opt/ros/foxy /home/corelab/.local/bin/cmake --build /home/corelab/ros2_stereo/build/image_proc -- -j16 -l16
[0.043s] [ 13%] Built target image_proc
[0.054s] [ 20%] [32mBuilding CXX object CMakeFiles/rectify.dir/src/rectify.cpp.o[0m
[1.447s] [ 26%] [32m[1mLinking CXX shared library librectify.so[0m
[1.543s] [ 26%] Built target rectify
[1.554s] [ 33%] [32m[1mLinking CXX shared library libdebayer.so[0m
[1.706s] [ 46%] Built target debayer
[1.714s] [ 53%] [32m[1mLinking CXX shared library libresize.so[0m
[1.864s] [ 60%] Built target resize
[1.872s] [ 66%] [32m[1mLinking CXX shared library libcrop_decimate.so[0m
[1.998s] [ 73%] Built target crop_decimate
[2.006s] [ 80%] [32m[1mLinking CXX shared library libcrop_non_zero.so[0m
[2.125s] [ 86%] Built target crop_non_zero
[2.133s] [ 93%] [32m[1mLinking CXX executable image_proc[0m
[2.382s] [100%] Built target image_proc_exe
[2.395s] Invoked command in '/home/corelab/ros2_stereo/build/image_proc' returned '0': CMAKE_PREFIX_PATH=${CMAKE_PREFIX_PATH}:/opt/ros/foxy /home/corelab/.local/bin/cmake --build /home/corelab/ros2_stereo/build/image_proc -- -j16 -l16
[2.525s] Invoking command in '/home/corelab/ros2_stereo/build/image_proc': CMAKE_PREFIX_PATH=${CMAKE_PREFIX_PATH}:/opt/ros/foxy /home/corelab/.local/bin/cmake --install /home/corelab/ros2_stereo/build/image_proc
[2.545s] -- Install configuration: ""
[2.545s] -- Installing: /home/corelab/ros2_stereo/install/image_proc/bin/image_proc
[2.545s] -- Set runtime path of "/home/corelab/ros2_stereo/install/image_proc/bin/image_proc" to ""
[2.546s] -- Up-to-date: /home/corelab/ros2_stereo/install/image_proc/include
[2.546s] -- Up-to-date: /home/corelab/ros2_stereo/install/image_proc/include/image_proc
[2.546s] -- Up-to-date: /home/corelab/ros2_stereo/install/image_proc/include/image_proc/debayer.hpp
[2.546s] -- Up-to-date: /home/corelab/ros2_stereo/install/image_proc/include/image_proc/edge_aware.hpp
[2.546s] -- Up-to-date: /home/corelab/ros2_stereo/install/image_proc/include/image_proc/processor.hpp
[2.546s] -- Up-to-date: /home/corelab/ros2_stereo/install/image_proc/include/image_proc/crop_decimate.hpp
[2.546s] -- Up-to-date: /home/corelab/ros2_stereo/install/image_proc/include/image_proc/rectify.hpp
[2.546s] -- Up-to-date: /home/corelab/ros2_stereo/install/image_proc/include/image_proc/resize.hpp
[2.546s] -- Up-to-date: /home/corelab/ros2_stereo/install/image_proc/include/image_proc/crop_non_zero.hpp
[2.546s] -- Up-to-date: /home/corelab/ros2_stereo/install/image_proc/share/image_proc/environment/library_path.sh
[2.546s] -- Up-to-date: /home/corelab/ros2_stereo/install/image_proc/share/image_proc/environment/library_path.dsv
[2.546s] -- Up-to-date: /home/corelab/ros2_stereo/install/image_proc/lib/libimage_proc.so
[2.546s] -- Installing: /home/corelab/ros2_stereo/install/image_proc/lib/librectify.so
[2.546s] -- Set runtime path of "/home/corelab/ros2_stereo/install/image_proc/lib/librectify.so" to ""
[2.546s] -- Installing: /home/corelab/ros2_stereo/install/image_proc/lib/libdebayer.so
[2.546s] -- Set runtime path of "/home/corelab/ros2_stereo/install/image_proc/lib/libdebayer.so" to ""
[2.546s] -- Installing: /home/corelab/ros2_stereo/install/image_proc/lib/libresize.so
[2.547s] -- Set runtime path of "/home/corelab/ros2_stereo/install/image_proc/lib/libresize.so" to ""
[2.547s] -- Installing: /home/corelab/ros2_stereo/install/image_proc/lib/libcrop_decimate.so
[2.547s] -- Set runtime path of "/home/corelab/ros2_stereo/install/image_proc/lib/libcrop_decimate.so" to ""
[2.547s] -- Installing: /home/corelab/ros2_stereo/install/image_proc/lib/libcrop_non_zero.so
[2.548s] -- Set runtime path of "/home/corelab/ros2_stereo/install/image_proc/lib/libcrop_non_zero.so" to ""
[2.548s] -- Installing: /home/corelab/ros2_stereo/install/image_proc/lib/image_proc/image_proc
[2.548s] -- Set runtime path of "/home/corelab/ros2_stereo/install/image_proc/lib/image_proc/image_proc" to ""
[2.548s] -- Up-to-date: /home/corelab/ros2_stereo/install/image_proc/share/image_proc/launch
[2.548s] -- Up-to-date: /home/corelab/ros2_stereo/install/image_proc/share/image_proc/launch/image_proc.launch.py
[2.548s] -- Up-to-date: /home/corelab/ros2_stereo/install/image_proc/share/ament_index/resource_index/package_run_dependencies/image_proc
[2.548s] -- Up-to-date: /home/corelab/ros2_stereo/install/image_proc/share/ament_index/resource_index/parent_prefix_path/image_proc
[2.548s] -- Up-to-date: /home/corelab/ros2_stereo/install/image_proc/share/image_proc/environment/ament_prefix_path.sh
[2.548s] -- Up-to-date: /home/corelab/ros2_stereo/install/image_proc/share/image_proc/environment/ament_prefix_path.dsv
[2.548s] -- Up-to-date: /home/corelab/ros2_stereo/install/image_proc/share/image_proc/environment/path.sh
[2.548s] -- Up-to-date: /home/corelab/ros2_stereo/install/image_proc/share/image_proc/environment/path.dsv
[2.548s] -- Up-to-date: /home/corelab/ros2_stereo/install/image_proc/share/image_proc/local_setup.bash
[2.548s] -- Up-to-date: /home/corelab/ros2_stereo/install/image_proc/share/image_proc/local_setup.sh
[2.548s] -- Up-to-date: /home/corelab/ros2_stereo/install/image_proc/share/image_proc/local_setup.zsh
[2.548s] -- Up-to-date: /home/corelab/ros2_stereo/install/image_proc/share/image_proc/local_setup.dsv
[2.549s] -- Installing: /home/corelab/ros2_stereo/install/image_proc/share/image_proc/package.dsv
[2.549s] -- Up-to-date: /home/corelab/ros2_stereo/install/image_proc/share/ament_index/resource_index/packages/image_proc
[2.549s] -- Up-to-date: /home/corelab/ros2_stereo/install/image_proc/share/ament_index/resource_index/rclcpp_components/image_proc
[2.549s] -- Up-to-date: /home/corelab/ros2_stereo/install/image_proc/share/image_proc/cmake/ament_cmake_export_dependencies-extras.cmake
[2.549s] -- Up-to-date: /home/corelab/ros2_stereo/install/image_proc/share/image_proc/cmake/ament_cmake_export_include_directories-extras.cmake
[2.549s] -- Up-to-date: /home/corelab/ros2_stereo/install/image_proc/share/image_proc/cmake/ament_cmake_export_libraries-extras.cmake
[2.549s] -- Up-to-date: /home/corelab/ros2_stereo/install/image_proc/share/image_proc/cmake/image_procConfig.cmake
[2.549s] -- Up-to-date: /home/corelab/ros2_stereo/install/image_proc/share/image_proc/cmake/image_procConfig-version.cmake
[2.549s] -- Up-to-date: /home/corelab/ros2_stereo/install/image_proc/share/image_proc/package.xml
[2.552s] Invoked command in '/home/corelab/ros2_stereo/build/image_proc' returned '0': CMAKE_PREFIX_PATH=${CMAKE_PREFIX_PATH}:/opt/ros/foxy /home/corelab/.local/bin/cmake --install /home/corelab/ros2_stereo/build/image_proc
