[0.008s] Invoking command in '/home/corelab/GitHub/CatchingBlimp/Summer2023/ros2_stereo/build/gscam2': AMENT_PREFIX_PATH=/home/corelab/GitHub/CatchingBlimp/Summer2023/ros2_stereo/install/ros2_shared:${AMENT_PREFIX_PATH} CMAKE_PREFIX_PATH=/home/corelab/GitHub/CatchingBlimp/Summer2023/ros2_stereo/install/ros2_shared:/opt/ros/foxy /home/corelab/.local/bin/cmake /home/corelab/GitHub/CatchingBlimp/Summer2023/ros2_stereo/src/gscam2 -DCMAKE_INSTALL_PREFIX=/home/corelab/GitHub/CatchingBlimp/Summer2023/ros2_stereo/install/gscam2
[0.055s] -- The C compiler identification is GNU 9.4.0
[0.091s] -- The CXX compiler identification is GNU 9.4.0
[0.097s] -- Detecting C compiler ABI info
[0.131s] -- Detecting C compiler ABI info - done
[0.140s] -- Check for working C compiler: /usr/bin/cc - skipped
[0.140s] -- Detecting C compile features
[0.141s] -- Detecting C compile features - done
[0.144s] -- Detecting CXX compiler ABI info
[0.187s] -- Detecting CXX compiler ABI info - done
[0.194s] -- Check for working CXX compiler: /usr/bin/c++ - skipped
[0.194s] -- Detecting CXX compile features
[0.195s] -- Detecting CXX compile features - done
[0.198s] -- Found PkgConfig: /usr/bin/pkg-config (found version "0.29.1") 
[0.199s] -- Checking for module 'gstreamer-1.0'
[0.211s] --   Found gstreamer-1.0, version 1.16.3
[0.243s] -- Checking for module 'gstreamer-app-1.0'
[0.256s] --   Found gstreamer-app-1.0, version 1.16.3
[0.291s] -- Found ament_cmake: 0.9.12 (/opt/ros/foxy/share/ament_cmake/cmake)
[0.316s] -- Found PythonInterp: /usr/bin/python3 (found suitable version "3.8.10", minimum required is "3") 
[0.316s] -- Using PYTHON_EXECUTABLE: /usr/bin/python3
[0.611s] -- Found camera_calibration_parsers: 2.4.0 (/opt/ros/foxy/share/camera_calibration_parsers/cmake)
[0.700s] -- Using all available rosidl_typesupport_c: rosidl_typesupport_connext_c;rosidl_typesupport_fastrtps_c;rosidl_typesupport_introspection_c
[0.716s] -- Found rosidl_adapter: 1.3.1 (/opt/ros/foxy/share/rosidl_adapter/cmake)
[0.728s] -- Found RTI Connext: /opt/rti.com/rti_connext_dds-5.3.1
[0.731s] [33mCMake Warning (dev) at /opt/ros/foxy/share/connext_cmake_module/cmake/Modules/FindConnext.cmake:163 (list):
[0.731s]   Policy CMP0121 is not set: The list() command now validates parsing of
[0.731s]   index arguments.  Run "cmake --help-policy CMP0121" for policy details.
[0.731s]   Use the cmake_policy command to set the policy and suppress this warning.
[0.731s]   Invalid list index "libnddsc.so".
[0.731s] Call Stack (most recent call first):
[0.731s]   /opt/ros/foxy/share/connext_cmake_module/cmake/Modules/FindConnext.cmake:198 (_count_found_libraries)
[0.731s]   /opt/ros/foxy/share/rosidl_typesupport_connext_c/cmake/rosidl_typesupport_connext_c-extras.cmake:5 (find_package)
[0.731s]   /opt/ros/foxy/share/rosidl_typesupport_connext_c/cmake/rosidl_typesupport_connext_cConfig.cmake:41 (include)
[0.732s]   /opt/ros/foxy/share/rosidl_typesupport_c/cmake/rosidl_typesupport_c-extras.cmake:13 (find_package)
[0.732s]   /opt/ros/foxy/share/rosidl_typesupport_c/cmake/rosidl_typesupport_cConfig.cmake:41 (include)
[0.732s]   /opt/ros/foxy/share/rosidl_default_runtime/cmake/rosidl_default_runtime-extras.cmake:12 (find_package)
[0.732s]   /opt/ros/foxy/share/rosidl_default_runtime/cmake/rosidl_default_runtimeConfig.cmake:41 (include)
[0.732s]   /opt/ros/foxy/share/builtin_interfaces/cmake/ament_cmake_export_dependencies-extras.cmake:21 (find_package)
[0.732s]   /opt/ros/foxy/share/builtin_interfaces/cmake/builtin_interfacesConfig.cmake:41 (include)
[0.732s]   /opt/ros/foxy/share/rcl_interfaces/cmake/ament_cmake_export_dependencies-extras.cmake:21 (find_package)
[0.732s]   /opt/ros/foxy/share/rcl_interfaces/cmake/rcl_interfacesConfig.cmake:41 (include)
[0.732s]   /opt/ros/foxy/share/rcl/cmake/ament_cmake_export_dependencies-extras.cmake:21 (find_package)
[0.732s]   /opt/ros/foxy/share/rcl/cmake/rclConfig.cmake:41 (include)
[0.732s]   /opt/ros/foxy/share/libstatistics_collector/cmake/ament_cmake_export_dependencies-extras.cmake:21 (find_package)
[0.732s]   /opt/ros/foxy/share/libstatistics_collector/cmake/libstatistics_collectorConfig.cmake:41 (include)
[0.732s]   /opt/ros/foxy/share/rclcpp/cmake/ament_cmake_export_dependencies-extras.cmake:21 (find_package)
[0.732s]   /opt/ros/foxy/share/rclcpp/cmake/rclcppConfig.cmake:41 (include)
[0.732s]   /opt/ros/foxy/share/camera_calibration_parsers/cmake/ament_cmake_export_dependencies-extras.cmake:21 (find_package)
[0.733s]   /opt/ros/foxy/share/camera_calibration_parsers/cmake/camera_calibration_parsersConfig.cmake:41 (include)
[0.733s]   CMakeLists.txt:35 (find_package)
[0.733s] This warning is for project developers.  Use -Wno-dev to suppress it.
[0.733s] [0m
[0.733s] [33mCMake Warning (dev) at /opt/ros/foxy/share/connext_cmake_module/cmake/Modules/FindConnext.cmake:163 (list):
[0.733s]   Policy CMP0121 is not set: The list() command now validates parsing of
[0.733s]   index arguments.  Run "cmake --help-policy CMP0121" for policy details.
[0.733s]   Use the cmake_policy command to set the policy and suppress this warning.
[0.733s]   Invalid list index "libnddscore.so".
[0.734s] Call Stack (most recent call first):
[0.734s]   /opt/ros/foxy/share/connext_cmake_module/cmake/Modules/FindConnext.cmake:198 (_count_found_libraries)
[0.734s]   /opt/ros/foxy/share/rosidl_typesupport_connext_c/cmake/rosidl_typesupport_connext_c-extras.cmake:5 (find_package)
[0.734s]   /opt/ros/foxy/share/rosidl_typesupport_connext_c/cmake/rosidl_typesupport_connext_cConfig.cmake:41 (include)
[0.734s]   /opt/ros/foxy/share/rosidl_typesupport_c/cmake/rosidl_typesupport_c-extras.cmake:13 (find_package)
[0.734s]   /opt/ros/foxy/share/rosidl_typesupport_c/cmake/rosidl_typesupport_cConfig.cmake:41 (include)
[0.734s]   /opt/ros/foxy/share/rosidl_default_runtime/cmake/rosidl_default_runtime-extras.cmake:12 (find_package)
[0.734s]   /opt/ros/foxy/share/rosidl_default_runtime/cmake/rosidl_default_runtimeConfig.cmake:41 (include)
[0.735s]   /opt/ros/foxy/share/builtin_interfaces/cmake/ament_cmake_export_dependencies-extras.cmake:21 (find_package)
[0.735s]   /opt/ros/foxy/share/builtin_interfaces/cmake/builtin_interfacesConfig.cmake:41 (include)
[0.735s]   /opt/ros/foxy/share/rcl_interfaces/cmake/ament_cmake_export_dependencies-extras.cmake:21 (find_package)
[0.735s]   /opt/ros/foxy/share/rcl_interfaces/cmake/rcl_interfacesConfig.cmake:41 (include)
[0.735s]   /opt/ros/foxy/share/rcl/cmake/ament_cmake_export_dependencies-extras.cmake:21 (find_package)
[0.735s]   /opt/ros/foxy/share/rcl/cmake/rclConfig.cmake:41 (include)
[0.735s]   /opt/ros/foxy/share/libstatistics_collector/cmake/ament_cmake_export_dependencies-extras.cmake:21 (find_package)
[0.735s]   /opt/ros/foxy/share/libstatistics_collector/cmake/libstatistics_collectorConfig.cmake:41 (include)
[0.735s]   /opt/ros/foxy/share/rclcpp/cmake/ament_cmake_export_dependencies-extras.cmake:21 (find_package)
[0.736s]   /opt/ros/foxy/share/rclcpp/cmake/rclcppConfig.cmake:41 (include)
[0.736s]   /opt/ros/foxy/share/camera_calibration_parsers/cmake/ament_cmake_export_dependencies-extras.cmake:21 (find_package)
[0.736s]   /opt/ros/foxy/share/camera_calibration_parsers/cmake/camera_calibration_parsersConfig.cmake:41 (include)
[0.736s]   CMakeLists.txt:35 (find_package)
[0.736s] This warning is for project developers.  Use -Wno-dev to suppress it.
[0.736s] [0m
[0.737s] [33mCMake Warning (dev) at /opt/ros/foxy/share/connext_cmake_module/cmake/Modules/FindConnext.cmake:163 (list):
[0.737s]   Policy CMP0121 is not set: The list() command now validates parsing of
[0.737s]   index arguments.  Run "cmake --help-policy CMP0121" for policy details.
[0.737s]   Use the cmake_policy command to set the policy and suppress this warning.
[0.737s]   Invalid list index "libnddscpp.so".
[0.737s] Call Stack (most recent call first):
[0.737s]   /opt/ros/foxy/share/connext_cmake_module/cmake/Modules/FindConnext.cmake:198 (_count_found_libraries)
[0.737s]   /opt/ros/foxy/share/rosidl_typesupport_connext_c/cmake/rosidl_typesupport_connext_c-extras.cmake:5 (find_package)
[0.738s]   /opt/ros/foxy/share/rosidl_typesupport_connext_c/cmake/rosidl_typesupport_connext_cConfig.cmake:41 (include)
[0.738s]   /opt/ros/foxy/share/rosidl_typesupport_c/cmake/rosidl_typesupport_c-extras.cmake:13 (find_package)
[0.738s]   /opt/ros/foxy/share/rosidl_typesupport_c/cmake/rosidl_typesupport_cConfig.cmake:41 (include)
[0.738s]   /opt/ros/foxy/share/rosidl_default_runtime/cmake/rosidl_default_runtime-extras.cmake:12 (find_package)
[0.738s]   /opt/ros/foxy/share/rosidl_default_runtime/cmake/rosidl_default_runtimeConfig.cmake:41 (include)
[0.738s]   /opt/ros/foxy/share/builtin_interfaces/cmake/ament_cmake_export_dependencies-extras.cmake:21 (find_package)
[0.738s]   /opt/ros/foxy/share/builtin_interfaces/cmake/builtin_interfacesConfig.cmake:41 (include)
[0.738s]   /opt/ros/foxy/share/rcl_interfaces/cmake/ament_cmake_export_dependencies-extras.cmake:21 (find_package)
[0.738s]   /opt/ros/foxy/share/rcl_interfaces/cmake/rcl_interfacesConfig.cmake:41 (include)
[0.738s]   /opt/ros/foxy/share/rcl/cmake/ament_cmake_export_dependencies-extras.cmake:21 (find_package)
[0.738s]   /opt/ros/foxy/share/rcl/cmake/rclConfig.cmake:41 (include)
[0.739s]   /opt/ros/foxy/share/libstatistics_collector/cmake/ament_cmake_export_dependencies-extras.cmake:21 (find_package)
[0.739s]   /opt/ros/foxy/share/libstatistics_collector/cmake/libstatistics_collectorConfig.cmake:41 (include)
[0.739s]   /opt/ros/foxy/share/rclcpp/cmake/ament_cmake_export_dependencies-extras.cmake:21 (find_package)
[0.739s]   /opt/ros/foxy/share/rclcpp/cmake/rclcppConfig.cmake:41 (include)
[0.739s]   /opt/ros/foxy/share/camera_calibration_parsers/cmake/ament_cmake_export_dependencies-extras.cmake:21 (find_package)
[0.739s]   /opt/ros/foxy/share/camera_calibration_parsers/cmake/camera_calibration_parsersConfig.cmake:41 (include)
[0.739s]   CMakeLists.txt:35 (find_package)
[0.739s] This warning is for project developers.  Use -Wno-dev to suppress it.
[0.740s] [0m
[0.740s] [33mCMake Warning (dev) at /opt/ros/foxy/share/connext_cmake_module/cmake/Modules/FindConnext.cmake:163 (list):
[0.740s]   Policy CMP0121 is not set: The list() command now validates parsing of
[0.740s]   index arguments.  Run "cmake --help-policy CMP0121" for policy details.
[0.740s]   Use the cmake_policy command to set the policy and suppress this warning.
[0.740s]   Invalid list index "librticonnextmsgcpp.so".
[0.740s] Call Stack (most recent call first):
[0.740s]   /opt/ros/foxy/share/connext_cmake_module/cmake/Modules/FindConnext.cmake:198 (_count_found_libraries)
[0.741s]   /opt/ros/foxy/share/rosidl_typesupport_connext_c/cmake/rosidl_typesupport_connext_c-extras.cmake:5 (find_package)
[0.741s]   /opt/ros/foxy/share/rosidl_typesupport_connext_c/cmake/rosidl_typesupport_connext_cConfig.cmake:41 (include)
[0.741s]   /opt/ros/foxy/share/rosidl_typesupport_c/cmake/rosidl_typesupport_c-extras.cmake:13 (find_package)
[0.741s]   /opt/ros/foxy/share/rosidl_typesupport_c/cmake/rosidl_typesupport_cConfig.cmake:41 (include)
[0.741s]   /opt/ros/foxy/share/rosidl_default_runtime/cmake/rosidl_default_runtime-extras.cmake:12 (find_package)
[0.741s]   /opt/ros/foxy/share/rosidl_default_runtime/cmake/rosidl_default_runtimeConfig.cmake:41 (include)
[0.741s]   /opt/ros/foxy/share/builtin_interfaces/cmake/ament_cmake_export_dependencies-extras.cmake:21 (find_package)
[0.741s]   /opt/ros/foxy/share/builtin_interfaces/cmake/builtin_interfacesConfig.cmake:41 (include)
[0.742s]   /opt/ros/foxy/share/rcl_interfaces/cmake/ament_cmake_export_dependencies-extras.cmake:21 (find_package)
[0.742s]   /opt/ros/foxy/share/rcl_interfaces/cmake/rcl_interfacesConfig.cmake:41 (include)
[0.742s]   /opt/ros/foxy/share/rcl/cmake/ament_cmake_export_dependencies-extras.cmake:21 (find_package)
[0.742s]   /opt/ros/foxy/share/rcl/cmake/rclConfig.cmake:41 (include)
[0.742s]   /opt/ros/foxy/share/libstatistics_collector/cmake/ament_cmake_export_dependencies-extras.cmake:21 (find_package)
[0.742s]   /opt/ros/foxy/share/libstatistics_collector/cmake/libstatistics_collectorConfig.cmake:41 (include)
[0.743s]   /opt/ros/foxy/share/rclcpp/cmake/ament_cmake_export_dependencies-extras.cmake:21 (find_package)
[0.743s]   /opt/ros/foxy/share/rclcpp/cmake/rclcppConfig.cmake:41 (include)
[0.743s]   /opt/ros/foxy/share/camera_calibration_parsers/cmake/ament_cmake_export_dependencies-extras.cmake:21 (find_package)
[0.743s]   /opt/ros/foxy/share/camera_calibration_parsers/cmake/camera_calibration_parsersConfig.cmake:41 (include)
[0.743s]   CMakeLists.txt:35 (find_package)
[0.743s] This warning is for project developers.  Use -Wno-dev to suppress it.
[0.743s] [0m
[0.744s] [33mCMake Warning (dev) at /opt/ros/foxy/share/connext_cmake_module/cmake/Modules/FindConnext.cmake:163 (list):
[0.744s]   Policy CMP0121 is not set: The list() command now validates parsing of
[0.744s]   index arguments.  Run "cmake --help-policy CMP0121" for policy details.
[0.744s]   Use the cmake_policy command to set the policy and suppress this warning.
[0.744s]   Invalid list index "libnddscd.so".
[0.745s] Call Stack (most recent call first):
[0.745s]   /opt/ros/foxy/share/connext_cmake_module/cmake/Modules/FindConnext.cmake:199 (_count_found_libraries)
[0.745s]   /opt/ros/foxy/share/rosidl_typesupport_connext_c/cmake/rosidl_typesupport_connext_c-extras.cmake:5 (find_package)
[0.745s]   /opt/ros/foxy/share/rosidl_typesupport_connext_c/cmake/rosidl_typesupport_connext_cConfig.cmake:41 (include)
[0.745s]   /opt/ros/foxy/share/rosidl_typesupport_c/cmake/rosidl_typesupport_c-extras.cmake:13 (find_package)
[0.745s]   /opt/ros/foxy/share/rosidl_typesupport_c/cmake/rosidl_typesupport_cConfig.cmake:41 (include)
[0.746s]   /opt/ros/foxy/share/rosidl_default_runtime/cmake/rosidl_default_runtime-extras.cmake:12 (find_package)
[0.746s]   /opt/ros/foxy/share/rosidl_default_runtime/cmake/rosidl_default_runtimeConfig.cmake:41 (include)
[0.746s]   /opt/ros/foxy/share/builtin_interfaces/cmake/ament_cmake_export_dependencies-extras.cmake:21 (find_package)
[0.746s]   /opt/ros/foxy/share/builtin_interfaces/cmake/builtin_interfacesConfig.cmake:41 (include)
[0.746s]   /opt/ros/foxy/share/rcl_interfaces/cmake/ament_cmake_export_dependencies-extras.cmake:21 (find_package)
[0.747s]   /opt/ros/foxy/share/rcl_interfaces/cmake/rcl_interfacesConfig.cmake:41 (include)
[0.747s]   /opt/ros/foxy/share/rcl/cmake/ament_cmake_export_dependencies-extras.cmake:21 (find_package)
[0.747s]   /opt/ros/foxy/share/rcl/cmake/rclConfig.cmake:41 (include)
[0.747s]   /opt/ros/foxy/share/libstatistics_collector/cmake/ament_cmake_export_dependencies-extras.cmake:21 (find_package)
[0.747s]   /opt/ros/foxy/share/libstatistics_collector/cmake/libstatistics_collectorConfig.cmake:41 (include)
[0.747s]   /opt/ros/foxy/share/rclcpp/cmake/ament_cmake_export_dependencies-extras.cmake:21 (find_package)
[0.748s]   /opt/ros/foxy/share/rclcpp/cmake/rclcppConfig.cmake:41 (include)
[0.748s]   /opt/ros/foxy/share/camera_calibration_parsers/cmake/ament_cmake_export_dependencies-extras.cmake:21 (find_package)
[0.748s]   /opt/ros/foxy/share/camera_calibration_parsers/cmake/camera_calibration_parsersConfig.cmake:41 (include)
[0.748s]   CMakeLists.txt:35 (find_package)
[0.748s] This warning is for project developers.  Use -Wno-dev to suppress it.
[0.748s] [0m
[0.749s] [33mCMake Warning (dev) at /opt/ros/foxy/share/connext_cmake_module/cmake/Modules/FindConnext.cmake:163 (list):
[0.749s]   Policy CMP0121 is not set: The list() command now validates parsing of
[0.749s]   index arguments.  Run "cmake --help-policy CMP0121" for policy details.
[0.749s]   Use the cmake_policy command to set the policy and suppress this warning.
[0.749s]   Invalid list index "libnddscored.so".
[0.749s] Call Stack (most recent call first):
[0.750s]   /opt/ros/foxy/share/connext_cmake_module/cmake/Modules/FindConnext.cmake:199 (_count_found_libraries)
[0.750s]   /opt/ros/foxy/share/rosidl_typesupport_connext_c/cmake/rosidl_typesupport_connext_c-extras.cmake:5 (find_package)
[0.750s]   /opt/ros/foxy/share/rosidl_typesupport_connext_c/cmake/rosidl_typesupport_connext_cConfig.cmake:41 (include)
[0.750s]   /opt/ros/foxy/share/rosidl_typesupport_c/cmake/rosidl_typesupport_c-extras.cmake:13 (find_package)
[0.750s]   /opt/ros/foxy/share/rosidl_typesupport_c/cmake/rosidl_typesupport_cConfig.cmake:41 (include)
[0.750s]   /opt/ros/foxy/share/rosidl_default_runtime/cmake/rosidl_default_runtime-extras.cmake:12 (find_package)
[0.750s]   /opt/ros/foxy/share/rosidl_default_runtime/cmake/rosidl_default_runtimeConfig.cmake:41 (include)
[0.750s]   /opt/ros/foxy/share/builtin_interfaces/cmake/ament_cmake_export_dependencies-extras.cmake:21 (find_package)
[0.751s]   /opt/ros/foxy/share/builtin_interfaces/cmake/builtin_interfacesConfig.cmake:41 (include)
[0.751s]   /opt/ros/foxy/share/rcl_interfaces/cmake/ament_cmake_export_dependencies-extras.cmake:21 (find_package)
[0.751s]   /opt/ros/foxy/share/rcl_interfaces/cmake/rcl_interfacesConfig.cmake:41 (include)
[0.751s]   /opt/ros/foxy/share/rcl/cmake/ament_cmake_export_dependencies-extras.cmake:21 (find_package)
[0.753s]   /opt/ros/foxy/share/rcl/cmake/rclConfig.cmake:41 (include)
[0.753s]   /opt/ros/foxy/share/libstatistics_collector/cmake/ament_cmake_export_dependencies-extras.cmake:21 (find_package)
[0.754s]   /opt/ros/foxy/share/libstatistics_collector/cmake/libstatistics_collectorConfig.cmake:41 (include)
[0.755s]   /opt/ros/foxy/share/rclcpp/cmake/ament_cmake_export_dependencies-extras.cmake:21 (find_package)
[0.756s]   /opt/ros/foxy/share/rclcpp/cmake/rclcppConfig.cmake:41 (include)
[0.756s]   /opt/ros/foxy/share/camera_calibration_parsers/cmake/ament_cmake_export_dependencies-extras.cmake:21 (find_package)
[0.757s]   /opt/ros/foxy/share/camera_calibration_parsers/cmake/camera_calibration_parsersConfig.cmake:41 (include)
[0.757s]   CMakeLists.txt:35 (find_package)
[0.759s] This warning is for project developers.  Use -Wno-dev to suppress it.
[0.759s] [0m
[0.759s] [33mCMake Warning (dev) at /opt/ros/foxy/share/connext_cmake_module/cmake/Modules/FindConnext.cmake:163 (list):
[0.759s]   Policy CMP0121 is not set: The list() command now validates parsing of
[0.759s]   index arguments.  Run "cmake --help-policy CMP0121" for policy details.
[0.760s]   Use the cmake_policy command to set the policy and suppress this warning.
[0.760s]   Invalid list index "libnddscppd.so".
[0.760s] Call Stack (most recent call first):
[0.760s]   /opt/ros/foxy/share/connext_cmake_module/cmake/Modules/FindConnext.cmake:199 (_count_found_libraries)
[0.760s]   /opt/ros/foxy/share/rosidl_typesupport_connext_c/cmake/rosidl_typesupport_connext_c-extras.cmake:5 (find_package)
[0.760s]   /opt/ros/foxy/share/rosidl_typesupport_connext_c/cmake/rosidl_typesupport_connext_cConfig.cmake:41 (include)
[0.760s]   /opt/ros/foxy/share/rosidl_typesupport_c/cmake/rosidl_typesupport_c-extras.cmake:13 (find_package)
[0.761s]   /opt/ros/foxy/share/rosidl_typesupport_c/cmake/rosidl_typesupport_cConfig.cmake:41 (include)
[0.761s]   /opt/ros/foxy/share/rosidl_default_runtime/cmake/rosidl_default_runtime-extras.cmake:12 (find_package)
[0.761s]   /opt/ros/foxy/share/rosidl_default_runtime/cmake/rosidl_default_runtimeConfig.cmake:41 (include)
[0.761s]   /opt/ros/foxy/share/builtin_interfaces/cmake/ament_cmake_export_dependencies-extras.cmake:21 (find_package)
[0.761s]   /opt/ros/foxy/share/builtin_interfaces/cmake/builtin_interfacesConfig.cmake:41 (include)
[0.761s]   /opt/ros/foxy/share/rcl_interfaces/cmake/ament_cmake_export_dependencies-extras.cmake:21 (find_package)
[0.761s]   /opt/ros/foxy/share/rcl_interfaces/cmake/rcl_interfacesConfig.cmake:41 (include)
[0.761s]   /opt/ros/foxy/share/rcl/cmake/ament_cmake_export_dependencies-extras.cmake:21 (find_package)
[0.761s]   /opt/ros/foxy/share/rcl/cmake/rclConfig.cmake:41 (include)
[0.762s]   /opt/ros/foxy/share/libstatistics_collector/cmake/ament_cmake_export_dependencies-extras.cmake:21 (find_package)
[0.762s]   /opt/ros/foxy/share/libstatistics_collector/cmake/libstatistics_collectorConfig.cmake:41 (include)
[0.762s]   /opt/ros/foxy/share/rclcpp/cmake/ament_cmake_export_dependencies-extras.cmake:21 (find_package)
[0.762s]   /opt/ros/foxy/share/rclcpp/cmake/rclcppConfig.cmake:41 (include)
[0.762s]   /opt/ros/foxy/share/camera_calibration_parsers/cmake/ament_cmake_export_dependencies-extras.cmake:21 (find_package)
[0.762s]   /opt/ros/foxy/share/camera_calibration_parsers/cmake/camera_calibration_parsersConfig.cmake:41 (include)
[0.762s]   CMakeLists.txt:35 (find_package)
[0.763s] This warning is for project developers.  Use -Wno-dev to suppress it.
[0.763s] [0m
[0.763s] [33mCMake Warning (dev) at /opt/ros/foxy/share/connext_cmake_module/cmake/Modules/FindConnext.cmake:163 (list):
[0.763s]   Policy CMP0121 is not set: The list() command now validates parsing of
[0.763s]   index arguments.  Run "cmake --help-policy CMP0121" for policy details.
[0.763s]   Use the cmake_policy command to set the policy and suppress this warning.
[0.763s]   Invalid list index "librticonnextmsgcppd.so".
[0.763s] Call Stack (most recent call first):
[0.764s]   /opt/ros/foxy/share/connext_cmake_module/cmake/Modules/FindConnext.cmake:199 (_count_found_libraries)
[0.764s]   /opt/ros/foxy/share/rosidl_typesupport_connext_c/cmake/rosidl_typesupport_connext_c-extras.cmake:5 (find_package)
[0.764s]   /opt/ros/foxy/share/rosidl_typesupport_connext_c/cmake/rosidl_typesupport_connext_cConfig.cmake:41 (include)
[0.764s]   /opt/ros/foxy/share/rosidl_typesupport_c/cmake/rosidl_typesupport_c-extras.cmake:13 (find_package)
[0.764s]   /opt/ros/foxy/share/rosidl_typesupport_c/cmake/rosidl_typesupport_cConfig.cmake:41 (include)
[0.764s]   /opt/ros/foxy/share/rosidl_default_runtime/cmake/rosidl_default_runtime-extras.cmake:12 (find_package)
[0.764s]   /opt/ros/foxy/share/rosidl_default_runtime/cmake/rosidl_default_runtimeConfig.cmake:41 (include)
[0.764s]   /opt/ros/foxy/share/builtin_interfaces/cmake/ament_cmake_export_dependencies-extras.cmake:21 (find_package)
[0.765s]   /opt/ros/foxy/share/builtin_interfaces/cmake/builtin_interfacesConfig.cmake:41 (include)
[0.765s]   /opt/ros/foxy/share/rcl_interfaces/cmake/ament_cmake_export_dependencies-extras.cmake:21 (find_package)
[0.765s]   /opt/ros/foxy/share/rcl_interfaces/cmake/rcl_interfacesConfig.cmake:41 (include)
[0.765s]   /opt/ros/foxy/share/rcl/cmake/ament_cmake_export_dependencies-extras.cmake:21 (find_package)
[0.765s]   /opt/ros/foxy/share/rcl/cmake/rclConfig.cmake:41 (include)
[0.765s]   /opt/ros/foxy/share/libstatistics_collector/cmake/ament_cmake_export_dependencies-extras.cmake:21 (find_package)
[0.765s]   /opt/ros/foxy/share/libstatistics_collector/cmake/libstatistics_collectorConfig.cmake:41 (include)
[0.765s]   /opt/ros/foxy/share/rclcpp/cmake/ament_cmake_export_dependencies-extras.cmake:21 (find_package)
[0.766s]   /opt/ros/foxy/share/rclcpp/cmake/rclcppConfig.cmake:41 (include)
[0.766s]   /opt/ros/foxy/share/camera_calibration_parsers/cmake/ament_cmake_export_dependencies-extras.cmake:21 (find_package)
[0.766s]   /opt/ros/foxy/share/camera_calibration_parsers/cmake/camera_calibration_parsersConfig.cmake:41 (include)
[0.766s]   CMakeLists.txt:35 (find_package)
[0.766s] This warning is for project developers.  Use -Wno-dev to suppress it.
[0.766s] [0m
[0.766s] [0mCMake Deprecation Warning at /home/corelab/GitHub/CatchingBlimp/Summer2023/ros2_stereo/build/gscam2/connext_cmake_module/check_abi/CMakeLists.txt:15 (cmake_minimum_required):
[0.766s]   Compatibility with CMake < 2.8.12 will be removed from a future version of
[0.767s]   CMake.
[0.767s] 
[0.767s]   Update the VERSION argument <min> value or use a ...<max> suffix to tell
[0.767s]   CMake that the project does not need compatibility with older versions.
[0.767s] 
[0.767s] [0m
[3.270s] -- Found OpenSSL: /usr/lib/x86_64-linux-gnu/libcrypto.so (found version "1.1.1f")  
[3.335s] -- Found FastRTPS: /opt/ros/foxy/include  
[3.458s] -- Using all available rosidl_typesupport_cpp: rosidl_typesupport_connext_cpp;rosidl_typesupport_fastrtps_cpp;rosidl_typesupport_introspection_cpp
[3.551s] -- Found rmw_implementation_cmake: 1.0.4 (/opt/ros/foxy/share/rmw_implementation_cmake/cmake)
[3.554s] -- Using RMW implementation 'rmw_fastrtps_cpp' as default
[3.555s] -- Performing Test CMAKE_HAVE_LIBC_PTHREAD
[3.792s] -- Performing Test CMAKE_HAVE_LIBC_PTHREAD - Failed
[3.794s] -- Looking for pthread_create in pthreads
[4.095s] -- Looking for pthread_create in pthreads - not found
[4.095s] -- Looking for pthread_create in pthread
[4.351s] -- Looking for pthread_create in pthread - found
[4.352s] -- Found Threads: TRUE  
[4.987s] -- Setting yaml-cpp_DIR to: '/opt/ros/foxy/share/yaml_cpp_vendor/cmake/../../../opt/yaml_cpp_vendor/lib/cmake/yaml-cpp'
[5.018s] -- Found camera_info_manager: 2.4.0 (/opt/ros/foxy/share/camera_info_manager/cmake)
[5.155s] -- Found class_loader: 2.0.3 (/opt/ros/foxy/share/class_loader/cmake)
[5.199s] -- Found rclcpp_components: 2.4.3 (/opt/ros/foxy/share/rclcpp_components/cmake)
[5.326s] -- Found rclpy: 1.0.13 (/opt/ros/foxy/share/rclpy/cmake)
[5.326s] -- Found ros2_shared: 0.1.0 (/home/corelab/GitHub/CatchingBlimp/Summer2023/ros2_stereo/install/ros2_shared/share/ros2_shared/cmake)
[5.689s] -- Found ament_lint_auto: 0.9.8 (/opt/ros/foxy/share/ament_lint_auto/cmake)
[5.824s] -- Found gtest sources under '/opt/ros/foxy/src/gtest_vendor': C++ tests using 'Google Test' will be built
[5.830s] -- Check if compiler accepts -pthread
[6.150s] -- Check if compiler accepts -pthread - yes
[6.160s] -- Added test 'cppcheck' to perform static code analysis on C / C++ code
[6.160s] -- Configured cppcheck include dirs: /home/corelab/GitHub/CatchingBlimp/Summer2023/ros2_stereo/src/gscam2/include
[6.160s] -- Configured cppcheck exclude dirs and/or files: 
[6.161s] -- Added test 'flake8' to check Python code syntax and style conventions
[6.163s] -- Added test 'lint_cmake' to check CMake code style
[6.164s] -- Added test 'pep257' to check Python code against some of the style conventions in PEP 257
[6.167s] -- Added test 'uncrustify' to check C / C++ code style
[6.167s] -- Configured uncrustify additional arguments: 
[6.168s] -- Added test 'xmllint' to check XML markup files
[6.172s] -- Configuring done
[6.237s] -- Generating done
[6.241s] -- Build files have been written to: /home/corelab/GitHub/CatchingBlimp/Summer2023/ros2_stereo/build/gscam2
[6.265s] Invoked command in '/home/corelab/GitHub/CatchingBlimp/Summer2023/ros2_stereo/build/gscam2' returned '0': AMENT_PREFIX_PATH=/home/corelab/GitHub/CatchingBlimp/Summer2023/ros2_stereo/install/ros2_shared:${AMENT_PREFIX_PATH} CMAKE_PREFIX_PATH=/home/corelab/GitHub/CatchingBlimp/Summer2023/ros2_stereo/install/ros2_shared:/opt/ros/foxy /home/corelab/.local/bin/cmake /home/corelab/GitHub/CatchingBlimp/Summer2023/ros2_stereo/src/gscam2 -DCMAKE_INSTALL_PREFIX=/home/corelab/GitHub/CatchingBlimp/Summer2023/ros2_stereo/install/gscam2
[6.269s] Invoking command in '/home/corelab/GitHub/CatchingBlimp/Summer2023/ros2_stereo/build/gscam2': AMENT_PREFIX_PATH=/home/corelab/GitHub/CatchingBlimp/Summer2023/ros2_stereo/install/ros2_shared:${AMENT_PREFIX_PATH} CMAKE_PREFIX_PATH=/home/corelab/GitHub/CatchingBlimp/Summer2023/ros2_stereo/install/ros2_shared:/opt/ros/foxy /home/corelab/.local/bin/cmake --build /home/corelab/GitHub/CatchingBlimp/Summer2023/ros2_stereo/build/gscam2 -- -j16 -l16
[6.472s] [  7%] [32mBuilding CXX object CMakeFiles/subscriber_node.dir/src/subscriber_node.cpp.o[0m
[6.474s] [ 14%] [32mBuilding CXX object CMakeFiles/gscam_node.dir/src/gscam_node.cpp.o[0m
[6.490s] [ 21%] [32mBuilding CXX object gtest/CMakeFiles/gtest_main.dir/src/gtest_main.cc.o[0m
[6.524s] [ 28%] [32mBuilding CXX object gtest/CMakeFiles/gtest.dir/src/gtest-all.cc.o[0m
[6.657s] [01m[K/home/corelab/GitHub/CatchingBlimp/Summer2023/ros2_stereo/src/gscam2/src/gscam_node.cpp:28:3:[m[K [01;35m[Kwarning: [m[Kmulti-line comment [[01;35m[K-Wcomment[m[K]
[6.658s]    28 |   [01;35m[K/[m[K/ CXT_MACRO_MEMBER(camera_info_url, std::string, "")        /* Location of camera info file  */ \
[6.658s]       |   [01;35m[K^[m[K
[7.452s] [ 35%] [32m[1mLinking CXX static library libgtest_main.a[0m
[7.559s] [ 35%] Built target gtest_main
[10.142s] [ 42%] [32m[1mLinking CXX static library libgtest.a[0m
[10.170s] [ 42%] Built target gtest
[10.425s] [ 50%] [32m[1mLinking CXX shared library libgscam_node.so[0m
[10.584s] [ 50%] Built target gscam_node
[10.591s] [ 64%] [32mBuilding CXX object CMakeFiles/gscam_main.dir/src/gscam_main.cpp.o[0m
[10.591s] [ 64%] [32mBuilding CXX object CMakeFiles/smoke_test.dir/test/smoke_test.cpp.o[0m
[11.517s] [ 71%] [32m[1mLinking CXX shared library libsubscriber_node.so[0m
[11.712s] [ 71%] Built target subscriber_node
[11.723s] [ 78%] [32mBuilding CXX object CMakeFiles/ipc_test_main.dir/src/ipc_test_main.cpp.o[0m
[12.091s] [ 85%] [32m[1mLinking CXX executable gscam_main[0m
[12.262s] [ 85%] Built target gscam_main
[13.199s] [ 92%] [32m[1mLinking CXX executable ipc_test_main[0m
[13.444s] [ 92%] Built target ipc_test_main
[14.832s] [100%] [32m[1mLinking CXX executable smoke_test[0m
[15.413s] [100%] Built target smoke_test
[15.437s] Invoked command in '/home/corelab/GitHub/CatchingBlimp/Summer2023/ros2_stereo/build/gscam2' returned '0': AMENT_PREFIX_PATH=/home/corelab/GitHub/CatchingBlimp/Summer2023/ros2_stereo/install/ros2_shared:${AMENT_PREFIX_PATH} CMAKE_PREFIX_PATH=/home/corelab/GitHub/CatchingBlimp/Summer2023/ros2_stereo/install/ros2_shared:/opt/ros/foxy /home/corelab/.local/bin/cmake --build /home/corelab/GitHub/CatchingBlimp/Summer2023/ros2_stereo/build/gscam2 -- -j16 -l16
[15.524s] Invoking command in '/home/corelab/GitHub/CatchingBlimp/Summer2023/ros2_stereo/build/gscam2': AMENT_PREFIX_PATH=/home/corelab/GitHub/CatchingBlimp/Summer2023/ros2_stereo/install/ros2_shared:${AMENT_PREFIX_PATH} CMAKE_PREFIX_PATH=/home/corelab/GitHub/CatchingBlimp/Summer2023/ros2_stereo/install/ros2_shared:/opt/ros/foxy /home/corelab/.local/bin/cmake --install /home/corelab/GitHub/CatchingBlimp/Summer2023/ros2_stereo/build/gscam2
[15.573s] -- Install configuration: ""
[15.574s] -- Installing: /home/corelab/GitHub/CatchingBlimp/Summer2023/ros2_stereo/install/gscam2/share/gscam2/environment/library_path.sh
[15.574s] -- Installing: /home/corelab/GitHub/CatchingBlimp/Summer2023/ros2_stereo/install/gscam2/share/gscam2/environment/library_path.dsv
[15.574s] -- Installing: /home/corelab/GitHub/CatchingBlimp/Summer2023/ros2_stereo/install/gscam2/share/ament_index/resource_index/package_run_dependencies/gscam2
[15.574s] -- Installing: /home/corelab/GitHub/CatchingBlimp/Summer2023/ros2_stereo/install/gscam2/share/ament_index/resource_index/parent_prefix_path/gscam2
[15.574s] -- Installing: /home/corelab/GitHub/CatchingBlimp/Summer2023/ros2_stereo/install/gscam2/share/gscam2/environment/ament_prefix_path.sh
[15.574s] -- Installing: /home/corelab/GitHub/CatchingBlimp/Summer2023/ros2_stereo/install/gscam2/share/gscam2/environment/ament_prefix_path.dsv
[15.574s] -- Installing: /home/corelab/GitHub/CatchingBlimp/Summer2023/ros2_stereo/install/gscam2/share/gscam2/environment/path.sh
[15.574s] -- Installing: /home/corelab/GitHub/CatchingBlimp/Summer2023/ros2_stereo/install/gscam2/share/gscam2/environment/path.dsv
[15.574s] -- Installing: /home/corelab/GitHub/CatchingBlimp/Summer2023/ros2_stereo/install/gscam2/share/gscam2/local_setup.bash
[15.574s] -- Installing: /home/corelab/GitHub/CatchingBlimp/Summer2023/ros2_stereo/install/gscam2/share/gscam2/local_setup.sh
[15.575s] -- Installing: /home/corelab/GitHub/CatchingBlimp/Summer2023/ros2_stereo/install/gscam2/share/gscam2/local_setup.zsh
[15.575s] -- Installing: /home/corelab/GitHub/CatchingBlimp/Summer2023/ros2_stereo/install/gscam2/share/gscam2/local_setup.dsv
[15.575s] -- Installing: /home/corelab/GitHub/CatchingBlimp/Summer2023/ros2_stereo/install/gscam2/share/gscam2/package.dsv
[15.575s] -- Installing: /home/corelab/GitHub/CatchingBlimp/Summer2023/ros2_stereo/install/gscam2/share/ament_index/resource_index/packages/gscam2
[15.575s] -- Installing: /home/corelab/GitHub/CatchingBlimp/Summer2023/ros2_stereo/install/gscam2/share/ament_index/resource_index/rclcpp_components/gscam2
[15.575s] -- Installing: /home/corelab/GitHub/CatchingBlimp/Summer2023/ros2_stereo/install/gscam2/share/gscam2/cmake/export_gscam_nodeExport.cmake
[15.575s] -- Installing: /home/corelab/GitHub/CatchingBlimp/Summer2023/ros2_stereo/install/gscam2/share/gscam2/cmake/export_gscam_nodeExport-noconfig.cmake
[15.575s] -- Installing: /home/corelab/GitHub/CatchingBlimp/Summer2023/ros2_stereo/install/gscam2/share/gscam2/cmake/export_subscriber_nodeExport.cmake
[15.575s] -- Installing: /home/corelab/GitHub/CatchingBlimp/Summer2023/ros2_stereo/install/gscam2/share/gscam2/cmake/export_subscriber_nodeExport-noconfig.cmake
[15.576s] -- Installing: /home/corelab/GitHub/CatchingBlimp/Summer2023/ros2_stereo/install/gscam2/share/gscam2/cmake/ament_cmake_export_dependencies-extras.cmake
[15.576s] -- Installing: /home/corelab/GitHub/CatchingBlimp/Summer2023/ros2_stereo/install/gscam2/share/gscam2/cmake/ament_cmake_export_include_directories-extras.cmake
[15.576s] -- Installing: /home/corelab/GitHub/CatchingBlimp/Summer2023/ros2_stereo/install/gscam2/share/gscam2/cmake/ament_cmake_export_targets-extras.cmake
[15.576s] -- Installing: /home/corelab/GitHub/CatchingBlimp/Summer2023/ros2_stereo/install/gscam2/share/gscam2/cmake/ament_cmake_export_libraries-extras.cmake
[15.576s] -- Installing: /home/corelab/GitHub/CatchingBlimp/Summer2023/ros2_stereo/install/gscam2/share/gscam2/cmake/gscam2Config.cmake
[15.576s] -- Installing: /home/corelab/GitHub/CatchingBlimp/Summer2023/ros2_stereo/install/gscam2/share/gscam2/cmake/gscam2Config-version.cmake
[15.576s] -- Installing: /home/corelab/GitHub/CatchingBlimp/Summer2023/ros2_stereo/install/gscam2/share/gscam2/package.xml
[15.576s] -- Installing: /home/corelab/GitHub/CatchingBlimp/Summer2023/ros2_stereo/install/gscam2/include/gscam2
[15.576s] -- Installing: /home/corelab/GitHub/CatchingBlimp/Summer2023/ros2_stereo/install/gscam2/include/gscam2/gscam_node.hpp
[15.577s] -- Installing: /home/corelab/GitHub/CatchingBlimp/Summer2023/ros2_stereo/install/gscam2/include/gscam2/subscriber_node.hpp
[15.577s] -- Installing: /home/corelab/GitHub/CatchingBlimp/Summer2023/ros2_stereo/install/gscam2/lib/libgscam_node.so
[15.578s] -- Set runtime path of "/home/corelab/GitHub/CatchingBlimp/Summer2023/ros2_stereo/install/gscam2/lib/libgscam_node.so" to ""
[15.578s] -- Installing: /home/corelab/GitHub/CatchingBlimp/Summer2023/ros2_stereo/install/gscam2/lib/libsubscriber_node.so
[15.582s] -- Set runtime path of "/home/corelab/GitHub/CatchingBlimp/Summer2023/ros2_stereo/install/gscam2/lib/libsubscriber_node.so" to ""
[15.582s] -- Installing: /home/corelab/GitHub/CatchingBlimp/Summer2023/ros2_stereo/install/gscam2/lib/gscam2/gscam_main
[15.582s] -- Set runtime path of "/home/corelab/GitHub/CatchingBlimp/Summer2023/ros2_stereo/install/gscam2/lib/gscam2/gscam_main" to ""
[15.582s] -- Installing: /home/corelab/GitHub/CatchingBlimp/Summer2023/ros2_stereo/install/gscam2/lib/gscam2/ipc_test_main
[15.582s] -- Set runtime path of "/home/corelab/GitHub/CatchingBlimp/Summer2023/ros2_stereo/install/gscam2/lib/gscam2/ipc_test_main" to ""
[15.582s] -- Installing: /home/corelab/GitHub/CatchingBlimp/Summer2023/ros2_stereo/install/gscam2/share/gscam2/cfg
[15.582s] -- Installing: /home/corelab/GitHub/CatchingBlimp/Summer2023/ros2_stereo/install/gscam2/share/gscam2/cfg/my_camera.ini
[15.583s] -- Installing: /home/corelab/GitHub/CatchingBlimp/Summer2023/ros2_stereo/install/gscam2/share/gscam2/cfg/workaround_params.yaml
[15.583s] -- Installing: /home/corelab/GitHub/CatchingBlimp/Summer2023/ros2_stereo/install/gscam2/share/gscam2/cfg/elp_left.yaml
[15.583s] -- Installing: /home/corelab/GitHub/CatchingBlimp/Summer2023/ros2_stereo/install/gscam2/share/gscam2/cfg/params.yaml
[15.583s] -- Installing: /home/corelab/GitHub/CatchingBlimp/Summer2023/ros2_stereo/install/gscam2/share/gscam2/launch
[15.583s] -- Installing: /home/corelab/GitHub/CatchingBlimp/Summer2023/ros2_stereo/install/gscam2/share/gscam2/launch/composition_launch.py
[15.583s] -- Installing: /home/corelab/GitHub/CatchingBlimp/Summer2023/ros2_stereo/install/gscam2/share/gscam2/launch/container_param_launch.py
[15.583s] -- Installing: /home/corelab/GitHub/CatchingBlimp/Summer2023/ros2_stereo/install/gscam2/share/gscam2/launch/.vscode
[15.583s] -- Installing: /home/corelab/GitHub/CatchingBlimp/Summer2023/ros2_stereo/install/gscam2/share/gscam2/launch/.vscode/c_cpp_properties.json
[15.583s] -- Installing: /home/corelab/GitHub/CatchingBlimp/Summer2023/ros2_stereo/install/gscam2/share/gscam2/launch/.vscode/settings.json
[15.583s] -- Installing: /home/corelab/GitHub/CatchingBlimp/Summer2023/ros2_stereo/install/gscam2/share/gscam2/launch/node_param_launch.py
[15.602s] Invoked command in '/home/corelab/GitHub/CatchingBlimp/Summer2023/ros2_stereo/build/gscam2' returned '0': AMENT_PREFIX_PATH=/home/corelab/GitHub/CatchingBlimp/Summer2023/ros2_stereo/install/ros2_shared:${AMENT_PREFIX_PATH} CMAKE_PREFIX_PATH=/home/corelab/GitHub/CatchingBlimp/Summer2023/ros2_stereo/install/ros2_shared:/opt/ros/foxy /home/corelab/.local/bin/cmake --install /home/corelab/GitHub/CatchingBlimp/Summer2023/ros2_stereo/build/gscam2
