[0.011s] Invoking command in '/home/corelab/ros2_stereo/build/stereo_image_proc': AMENT_PREFIX_PATH=/home/corelab/ros2_stereo/install/yolo_msgs:/home/corelab/ros2_stereo/install/image_proc:${AMENT_PREFIX_PATH} CMAKE_PREFIX_PATH=/home/corelab/ros2_stereo/install/yolo_msgs:/home/corelab/ros2_stereo/install/image_proc:/opt/ros/foxy LD_LIBRARY_PATH=/home/corelab/ros2_stereo/install/yolo_msgs/lib:/home/corelab/ros2_stereo/install/image_proc/lib:${LD_LIBRARY_PATH} PATH=/home/corelab/ros2_stereo/install/image_proc/bin:${PATH} PYTHONPATH=/home/corelab/ros2_stereo/install/yolo_msgs/lib/python3.8/site-packages:${PYTHONPATH} /home/corelab/.local/bin/cmake --build /home/corelab/ros2_stereo/build/stereo_image_proc -- -j16 -l16
[0.048s] [ 37%] Built target point_cloud_node
[0.048s] [ 50%] Built target disparity_node
[0.056s] [ 62%] [32mBuilding CXX object CMakeFiles/stereo_image_proc.dir/src/stereo_image_proc/disparity_node.cpp.o[0m
[6.144s] [ 75%] [32m[1mLinking CXX shared library libstereo_image_proc.so[0m
[7.175s] [100%] Built target stereo_image_proc
[7.180s] Invoked command in '/home/corelab/ros2_stereo/build/stereo_image_proc' returned '0': AMENT_PREFIX_PATH=/home/corelab/ros2_stereo/install/yolo_msgs:/home/corelab/ros2_stereo/install/image_proc:${AMENT_PREFIX_PATH} CMAKE_PREFIX_PATH=/home/corelab/ros2_stereo/install/yolo_msgs:/home/corelab/ros2_stereo/install/image_proc:/opt/ros/foxy LD_LIBRARY_PATH=/home/corelab/ros2_stereo/install/yolo_msgs/lib:/home/corelab/ros2_stereo/install/image_proc/lib:${LD_LIBRARY_PATH} PATH=/home/corelab/ros2_stereo/install/image_proc/bin:${PATH} PYTHONPATH=/home/corelab/ros2_stereo/install/yolo_msgs/lib/python3.8/site-packages:${PYTHONPATH} /home/corelab/.local/bin/cmake --build /home/corelab/ros2_stereo/build/stereo_image_proc -- -j16 -l16
[7.220s] Invoking command in '/home/corelab/ros2_stereo/build/stereo_image_proc': AMENT_PREFIX_PATH=/home/corelab/ros2_stereo/install/yolo_msgs:/home/corelab/ros2_stereo/install/image_proc:${AMENT_PREFIX_PATH} CMAKE_PREFIX_PATH=/home/corelab/ros2_stereo/install/yolo_msgs:/home/corelab/ros2_stereo/install/image_proc:/opt/ros/foxy LD_LIBRARY_PATH=/home/corelab/ros2_stereo/install/yolo_msgs/lib:/home/corelab/ros2_stereo/install/image_proc/lib:${LD_LIBRARY_PATH} PATH=/home/corelab/ros2_stereo/install/image_proc/bin:${PATH} PYTHONPATH=/home/corelab/ros2_stereo/install/yolo_msgs/lib/python3.8/site-packages:${PYTHONPATH} /home/corelab/.local/bin/cmake --install /home/corelab/ros2_stereo/build/stereo_image_proc
[7.241s] -- Install configuration: ""
[7.241s] -- Up-to-date: /home/corelab/ros2_stereo/install/stereo_image_proc/lib/stereo_image_proc/disparity_node
[7.241s] -- Up-to-date: /home/corelab/ros2_stereo/install/stereo_image_proc/lib/stereo_image_proc/point_cloud_node
[7.241s] -- Up-to-date: /home/corelab/ros2_stereo/install/stereo_image_proc/include
[7.241s] -- Up-to-date: /home/corelab/ros2_stereo/install/stereo_image_proc/include/stereo_image_proc
[7.242s] -- Up-to-date: /home/corelab/ros2_stereo/install/stereo_image_proc/include/stereo_image_proc/stereo_processor.hpp
[7.242s] -- Up-to-date: /home/corelab/ros2_stereo/install/stereo_image_proc/share/stereo_image_proc/environment/library_path.sh
[7.242s] -- Up-to-date: /home/corelab/ros2_stereo/install/stereo_image_proc/share/stereo_image_proc/environment/library_path.dsv
[7.242s] -- Installing: /home/corelab/ros2_stereo/install/stereo_image_proc/lib/libstereo_image_proc.so
[7.248s] -- Set runtime path of "/home/corelab/ros2_stereo/install/stereo_image_proc/lib/libstereo_image_proc.so" to ""
[7.248s] -- Up-to-date: /home/corelab/ros2_stereo/install/stereo_image_proc/share/stereo_image_proc/launch
[7.248s] -- Up-to-date: /home/corelab/ros2_stereo/install/stereo_image_proc/share/stereo_image_proc/launch/disparity.launch.py
[7.248s] -- Up-to-date: /home/corelab/ros2_stereo/install/stereo_image_proc/share/stereo_image_proc/launch/stereo_image_proc.launch.py
[7.248s] -- Up-to-date: /home/corelab/ros2_stereo/install/stereo_image_proc/share/stereo_image_proc/launch/point_cloud.launch.py
[7.248s] -- Up-to-date: /home/corelab/ros2_stereo/install/stereo_image_proc/share/ament_index/resource_index/package_run_dependencies/stereo_image_proc
[7.248s] -- Up-to-date: /home/corelab/ros2_stereo/install/stereo_image_proc/share/ament_index/resource_index/parent_prefix_path/stereo_image_proc
[7.248s] -- Up-to-date: /home/corelab/ros2_stereo/install/stereo_image_proc/share/stereo_image_proc/environment/ament_prefix_path.sh
[7.248s] -- Up-to-date: /home/corelab/ros2_stereo/install/stereo_image_proc/share/stereo_image_proc/environment/ament_prefix_path.dsv
[7.248s] -- Up-to-date: /home/corelab/ros2_stereo/install/stereo_image_proc/share/stereo_image_proc/environment/path.sh
[7.248s] -- Up-to-date: /home/corelab/ros2_stereo/install/stereo_image_proc/share/stereo_image_proc/environment/path.dsv
[7.248s] -- Up-to-date: /home/corelab/ros2_stereo/install/stereo_image_proc/share/stereo_image_proc/local_setup.bash
[7.248s] -- Up-to-date: /home/corelab/ros2_stereo/install/stereo_image_proc/share/stereo_image_proc/local_setup.sh
[7.248s] -- Up-to-date: /home/corelab/ros2_stereo/install/stereo_image_proc/share/stereo_image_proc/local_setup.zsh
[7.248s] -- Up-to-date: /home/corelab/ros2_stereo/install/stereo_image_proc/share/stereo_image_proc/local_setup.dsv
[7.248s] -- Installing: /home/corelab/ros2_stereo/install/stereo_image_proc/share/stereo_image_proc/package.dsv
[7.248s] -- Up-to-date: /home/corelab/ros2_stereo/install/stereo_image_proc/share/ament_index/resource_index/packages/stereo_image_proc
[7.249s] -- Up-to-date: /home/corelab/ros2_stereo/install/stereo_image_proc/share/ament_index/resource_index/rclcpp_components/stereo_image_proc
[7.249s] -- Up-to-date: /home/corelab/ros2_stereo/install/stereo_image_proc/share/stereo_image_proc/cmake/ament_cmake_export_dependencies-extras.cmake
[7.249s] -- Up-to-date: /home/corelab/ros2_stereo/install/stereo_image_proc/share/stereo_image_proc/cmake/ament_cmake_export_include_directories-extras.cmake
[7.249s] -- Up-to-date: /home/corelab/ros2_stereo/install/stereo_image_proc/share/stereo_image_proc/cmake/ament_cmake_export_libraries-extras.cmake
[7.249s] -- Up-to-date: /home/corelab/ros2_stereo/install/stereo_image_proc/share/stereo_image_proc/cmake/stereo_image_procConfig.cmake
[7.249s] -- Up-to-date: /home/corelab/ros2_stereo/install/stereo_image_proc/share/stereo_image_proc/cmake/stereo_image_procConfig-version.cmake
[7.249s] -- Up-to-date: /home/corelab/ros2_stereo/install/stereo_image_proc/share/stereo_image_proc/package.xml
[7.254s] Invoked command in '/home/corelab/ros2_stereo/build/stereo_image_proc' returned '0': AMENT_PREFIX_PATH=/home/corelab/ros2_stereo/install/yolo_msgs:/home/corelab/ros2_stereo/install/image_proc:${AMENT_PREFIX_PATH} CMAKE_PREFIX_PATH=/home/corelab/ros2_stereo/install/yolo_msgs:/home/corelab/ros2_stereo/install/image_proc:/opt/ros/foxy LD_LIBRARY_PATH=/home/corelab/ros2_stereo/install/yolo_msgs/lib:/home/corelab/ros2_stereo/install/image_proc/lib:${LD_LIBRARY_PATH} PATH=/home/corelab/ros2_stereo/install/image_proc/bin:${PATH} PYTHONPATH=/home/corelab/ros2_stereo/install/yolo_msgs/lib/python3.8/site-packages:${PYTHONPATH} /home/corelab/.local/bin/cmake --install /home/corelab/ros2_stereo/build/stereo_image_proc
