[0.338s] Invoking command in '/home/corelab/CatchingBlimp/Summer2023/ros2_stereo/build/yolo_msgs': CMAKE_PREFIX_PATH=/opt/ros/foxy /usr/bin/cmake /home/corelab/CatchingBlimp/Summer2023/ros2_stereo/src/yolo_msgs -DAMENT_CMAKE_SYMLINK_INSTALL=1 -DCMAKE_INSTALL_PREFIX=/home/corelab/CatchingBlimp/Summer2023/ros2_stereo/install/yolo_msgs
[0.379s] -- The C compiler identification is GNU 9.4.0
[0.418s] -- The CXX compiler identification is GNU 9.4.0
[0.421s] -- Check for working C compiler: /usr/bin/cc
[0.468s] -- Check for working C compiler: /usr/bin/cc -- works
[0.469s] -- Detecting C compiler ABI info
[0.518s] -- Detecting C compiler ABI info - done
[0.527s] -- Detecting C compile features
[0.527s] -- Detecting C compile features - done
[0.529s] -- Check for working CXX compiler: /usr/bin/c++
[0.585s] -- Check for working CXX compiler: /usr/bin/c++ -- works
[0.586s] -- Detecting CXX compiler ABI info
[0.645s] -- Detecting CXX compiler ABI info - done
[0.654s] -- Detecting CXX compile features
[0.654s] -- Detecting CXX compile features - done
[0.656s] -- Found ament_cmake: 0.9.12 (/opt/ros/foxy/share/ament_cmake/cmake)
[0.674s] -- Found PythonInterp: /usr/bin/python3 (found suitable version "3.8.10", minimum required is "3") 
[0.674s] -- Using PYTHON_EXECUTABLE: /usr/bin/python3
[0.827s] -- Override CMake install command with custom implementation using symlinks instead of copying resources
[0.840s] -- Found std_msgs: 2.0.5 (/opt/ros/foxy/share/std_msgs/cmake)
[0.860s] -- Using all available rosidl_typesupport_c: rosidl_typesupport_fastrtps_c;rosidl_typesupport_introspection_c
[0.864s] -- Found rosidl_adapter: 1.3.1 (/opt/ros/foxy/share/rosidl_adapter/cmake)
[0.914s] -- Found OpenSSL: /usr/lib/x86_64-linux-gnu/libcrypto.so (found version "1.1.1f")  
[0.936s] -- Found FastRTPS: /opt/ros/foxy/include  
[0.993s] -- Using all available rosidl_typesupport_cpp: rosidl_typesupport_fastrtps_cpp;rosidl_typesupport_introspection_cpp
[1.028s] -- Found rosidl_default_generators: 1.0.1 (/opt/ros/foxy/share/rosidl_default_generators/cmake)
[1.037s] -- Found ament_lint_auto: 0.9.8 (/opt/ros/foxy/share/ament_lint_auto/cmake)
[1.103s] -- Found PythonInterp: /usr/bin/python3 (found version "3.8.10") 
[1.183s] -- Found ament_cmake_ros: 0.9.2 (/opt/ros/foxy/share/ament_cmake_ros/cmake)
[1.322s] -- Using all available rosidl_typesupport_c: rosidl_typesupport_fastrtps_c;rosidl_typesupport_introspection_c
[1.373s] -- Using all available rosidl_typesupport_cpp: rosidl_typesupport_fastrtps_cpp;rosidl_typesupport_introspection_cpp
[1.392s] -- Found PythonInterp: /usr/bin/python3 (found suitable version "3.8.10", minimum required is "3.5") 
[1.393s] -- Found python_cmake_module: 0.8.1 (/opt/ros/foxy/share/python_cmake_module/cmake)
[1.413s] -- Found PythonLibs: /usr/lib/x86_64-linux-gnu/libpython3.8.so (found suitable version "3.8.10", minimum required is "3.5") 
[1.413s] -- Using PYTHON_EXECUTABLE: /usr/bin/python3
[1.413s] -- Using PYTHON_INCLUDE_DIRS: /usr/include/python3.8
[1.413s] -- Using PYTHON_LIBRARIES: /usr/lib/x86_64-linux-gnu/libpython3.8.so
[1.429s] -- Found PythonExtra: .so  
[1.480s] -- Added test 'copyright' to check source files copyright and LICENSE
[1.481s] -- Added test 'lint_cmake' to check CMake code style
[1.481s] -- Added test 'xmllint' to check XML markup files
[1.487s] -- Configuring done
[1.521s] -- Generating done
[1.523s] -- Build files have been written to: /home/corelab/CatchingBlimp/Summer2023/ros2_stereo/build/yolo_msgs
[1.531s] Invoked command in '/home/corelab/CatchingBlimp/Summer2023/ros2_stereo/build/yolo_msgs' returned '0': CMAKE_PREFIX_PATH=/opt/ros/foxy /usr/bin/cmake /home/corelab/CatchingBlimp/Summer2023/ros2_stereo/src/yolo_msgs -DAMENT_CMAKE_SYMLINK_INSTALL=1 -DCMAKE_INSTALL_PREFIX=/home/corelab/CatchingBlimp/Summer2023/ros2_stereo/install/yolo_msgs
[1.532s] Invoking command in '/home/corelab/CatchingBlimp/Summer2023/ros2_stereo/build/yolo_msgs': CMAKE_PREFIX_PATH=/opt/ros/foxy /usr/bin/cmake --build /home/corelab/CatchingBlimp/Summer2023/ros2_stereo/build/yolo_msgs -- -j8 -l8
[1.560s] [  2%] [34m[1mGenerating C code for ROS interfaces[0m
[1.560s] [35m[1mScanning dependencies of target yolo_msgs__cpp[0m
[1.567s] [  4%] [34m[1mGenerating C++ code for ROS interfaces[0m
[1.836s] [35m[1mScanning dependencies of target yolo_msgs__rosidl_generator_c[0m
[1.843s] [  4%] Built target yolo_msgs__cpp
[1.846s] [  8%] [32mBuilding C object CMakeFiles/yolo_msgs__rosidl_generator_c.dir/rosidl_generator_c/yolo_msgs/msg/detail/bounding_boxes__functions.c.o[0m
[1.846s] [  8%] [32mBuilding C object CMakeFiles/yolo_msgs__rosidl_generator_c.dir/rosidl_generator_c/yolo_msgs/msg/detail/bounding_box__functions.c.o[0m
[1.846s] [ 10%] [32mBuilding C object CMakeFiles/yolo_msgs__rosidl_generator_c.dir/rosidl_generator_c/yolo_msgs/msg/detail/object_count__functions.c.o[0m
[1.852s] [ 12%] [34m[1mGenerating C++ type support for eProsima Fast-RTPS[0m
[1.853s] [ 14%] [34m[1mGenerating C++ introspection for ROS interfaces[0m
[1.855s] [ 17%] [34m[1mGenerating C++ type support dispatch for ROS interfaces[0m
[1.907s] [ 19%] [32m[1mLinking C shared library libyolo_msgs__rosidl_generator_c.so[0m
[1.933s] [ 19%] Built target yolo_msgs__rosidl_generator_c
[1.945s] [ 21%] [34m[1mGenerating C introspection for ROS interfaces[0m
[1.960s] [ 23%] [34m[1mGenerating C type support dispatch for ROS interfaces[0m
[2.066s] [35m[1mScanning dependencies of target yolo_msgs__rosidl_typesupport_cpp[0m
[2.081s] [ 25%] [32mBuilding CXX object CMakeFiles/yolo_msgs__rosidl_typesupport_cpp.dir/rosidl_typesupport_cpp/yolo_msgs/msg/bounding_box__type_support.cpp.o[0m
[2.083s] [ 27%] [32mBuilding CXX object CMakeFiles/yolo_msgs__rosidl_typesupport_cpp.dir/rosidl_typesupport_cpp/yolo_msgs/msg/bounding_boxes__type_support.cpp.o[0m
[2.089s] [35m[1mScanning dependencies of target yolo_msgs__rosidl_typesupport_introspection_cpp[0m
[2.091s] [ 29%] [32mBuilding CXX object CMakeFiles/yolo_msgs__rosidl_typesupport_cpp.dir/rosidl_typesupport_cpp/yolo_msgs/msg/object_count__type_support.cpp.o[0m
[2.123s] [ 31%] [32mBuilding CXX object CMakeFiles/yolo_msgs__rosidl_typesupport_introspection_cpp.dir/rosidl_typesupport_introspection_cpp/yolo_msgs/msg/detail/bounding_box__type_support.cpp.o[0m
[2.129s] [ 34%] [32mBuilding CXX object CMakeFiles/yolo_msgs__rosidl_typesupport_introspection_cpp.dir/rosidl_typesupport_introspection_cpp/yolo_msgs/msg/detail/bounding_boxes__type_support.cpp.o[0m
[2.137s] [35m[1mScanning dependencies of target yolo_msgs__rosidl_typesupport_fastrtps_cpp[0m
[2.188s] [ 36%] [32mBuilding CXX object CMakeFiles/yolo_msgs__rosidl_typesupport_fastrtps_cpp.dir/rosidl_typesupport_fastrtps_cpp/yolo_msgs/msg/detail/dds_fastrtps/bounding_box__type_support.cpp.o[0m
[2.209s] [35m[1mScanning dependencies of target yolo_msgs__rosidl_typesupport_c[0m
[2.226s] [ 38%] [32mBuilding CXX object CMakeFiles/yolo_msgs__rosidl_typesupport_c.dir/rosidl_typesupport_c/yolo_msgs/msg/bounding_box__type_support.cpp.o[0m
[2.269s] [35m[1mScanning dependencies of target yolo_msgs__rosidl_typesupport_introspection_c[0m
[2.284s] [ 40%] [32mBuilding C object CMakeFiles/yolo_msgs__rosidl_typesupport_introspection_c.dir/rosidl_typesupport_introspection_c/yolo_msgs/msg/detail/bounding_box__type_support.c.o[0m
[2.311s] [ 42%] [32mBuilding CXX object CMakeFiles/yolo_msgs__rosidl_typesupport_c.dir/rosidl_typesupport_c/yolo_msgs/msg/bounding_boxes__type_support.cpp.o[0m
[2.317s] [ 44%] [32mBuilding CXX object CMakeFiles/yolo_msgs__rosidl_typesupport_introspection_cpp.dir/rosidl_typesupport_introspection_cpp/yolo_msgs/msg/detail/object_count__type_support.cpp.o[0m
[2.317s] [ 46%] [32mBuilding C object CMakeFiles/yolo_msgs__rosidl_typesupport_introspection_c.dir/rosidl_typesupport_introspection_c/yolo_msgs/msg/detail/bounding_boxes__type_support.c.o[0m
[2.325s] [ 48%] [32mBuilding C object CMakeFiles/yolo_msgs__rosidl_typesupport_introspection_c.dir/rosidl_typesupport_introspection_c/yolo_msgs/msg/detail/object_count__type_support.c.o[0m
[2.351s] [ 51%] [32mBuilding CXX object CMakeFiles/yolo_msgs__rosidl_typesupport_fastrtps_cpp.dir/rosidl_typesupport_fastrtps_cpp/yolo_msgs/msg/detail/dds_fastrtps/bounding_boxes__type_support.cpp.o[0m
[2.367s] [ 53%] [32m[1mLinking CXX shared library libyolo_msgs__rosidl_typesupport_cpp.so[0m
[2.380s] [ 55%] [32mBuilding CXX object CMakeFiles/yolo_msgs__rosidl_typesupport_c.dir/rosidl_typesupport_c/yolo_msgs/msg/object_count__type_support.cpp.o[0m
[2.381s] [ 57%] [32m[1mLinking C shared library libyolo_msgs__rosidl_typesupport_introspection_c.so[0m
[2.406s] [ 59%] [32mBuilding CXX object CMakeFiles/yolo_msgs__rosidl_typesupport_fastrtps_cpp.dir/rosidl_typesupport_fastrtps_cpp/yolo_msgs/msg/detail/dds_fastrtps/object_count__type_support.cpp.o[0m
[2.422s] [ 59%] Built target yolo_msgs__rosidl_typesupport_introspection_c
[2.428s] [ 61%] [32m[1mLinking CXX shared library libyolo_msgs__rosidl_typesupport_c.so[0m
[2.435s] [ 61%] Built target yolo_msgs__rosidl_typesupport_cpp
[2.531s] [ 61%] Built target yolo_msgs__rosidl_typesupport_c
[2.566s] [ 63%] [32m[1mLinking CXX shared library libyolo_msgs__rosidl_typesupport_introspection_cpp.so[0m
[2.630s] [ 63%] Built target yolo_msgs__rosidl_typesupport_introspection_cpp
[2.771s] [ 65%] [32m[1mLinking CXX shared library libyolo_msgs__rosidl_typesupport_fastrtps_cpp.so[0m
[2.996s] [ 65%] Built target yolo_msgs__rosidl_typesupport_fastrtps_cpp
[3.046s] [ 68%] [34m[1mGenerating C type support for eProsima Fast-RTPS[0m
[3.495s] [35m[1mScanning dependencies of target yolo_msgs__rosidl_typesupport_fastrtps_c[0m
[3.516s] [ 70%] [32mBuilding CXX object CMakeFiles/yolo_msgs__rosidl_typesupport_fastrtps_c.dir/rosidl_typesupport_fastrtps_c/yolo_msgs/msg/detail/bounding_boxes__type_support_c.cpp.o[0m
[3.525s] [ 72%] [32mBuilding CXX object CMakeFiles/yolo_msgs__rosidl_typesupport_fastrtps_c.dir/rosidl_typesupport_fastrtps_c/yolo_msgs/msg/detail/bounding_box__type_support_c.cpp.o[0m
[3.546s] [ 74%] [32mBuilding CXX object CMakeFiles/yolo_msgs__rosidl_typesupport_fastrtps_c.dir/rosidl_typesupport_fastrtps_c/yolo_msgs/msg/detail/object_count__type_support_c.cpp.o[0m
[4.212s] [ 76%] [32m[1mLinking CXX shared library libyolo_msgs__rosidl_typesupport_fastrtps_c.so[0m
[4.436s] [ 76%] Built target yolo_msgs__rosidl_typesupport_fastrtps_c
[4.493s] [35m[1mScanning dependencies of target yolo_msgs[0m
[4.545s] [ 76%] Built target yolo_msgs
[4.618s] [35m[1mScanning dependencies of target yolo_msgs__py[0m
[4.670s] [ 78%] [34m[1mGenerating Python code for ROS interfaces[0m
[5.809s] [ 78%] Built target yolo_msgs__py
[5.857s] [35m[1mScanning dependencies of target yolo_msgs__python[0m
[5.912s] [ 80%] [32mBuilding C object CMakeFiles/yolo_msgs__python.dir/rosidl_generator_py/yolo_msgs/msg/_object_count_s.c.o[0m
[5.920s] [ 82%] [32mBuilding C object CMakeFiles/yolo_msgs__python.dir/rosidl_generator_py/yolo_msgs/msg/_bounding_box_s.c.o[0m
[5.938s] [ 85%] [32mBuilding C object CMakeFiles/yolo_msgs__python.dir/rosidl_generator_py/yolo_msgs/msg/_bounding_boxes_s.c.o[0m
[6.115s] [ 87%] [32m[1mLinking C shared library rosidl_generator_py/yolo_msgs/libyolo_msgs__python.so[0m
[6.191s] [ 87%] Built target yolo_msgs__python
[6.230s] [35m[1mScanning dependencies of target yolo_msgs__rosidl_typesupport_introspection_c__pyext[0m
[6.242s] [35m[1mScanning dependencies of target yolo_msgs__rosidl_typesupport_fastrtps_c__pyext[0m
[6.261s] [35m[1mScanning dependencies of target yolo_msgs__rosidl_typesupport_c__pyext[0m
[6.295s] [ 89%] [32mBuilding C object CMakeFiles/yolo_msgs__rosidl_typesupport_fastrtps_c__pyext.dir/rosidl_generator_py/yolo_msgs/_yolo_msgs_s.ep.rosidl_typesupport_fastrtps_c.c.o[0m
[6.327s] [ 91%] [32mBuilding C object CMakeFiles/yolo_msgs__rosidl_typesupport_c__pyext.dir/rosidl_generator_py/yolo_msgs/_yolo_msgs_s.ep.rosidl_typesupport_c.c.o[0m
[6.328s] [ 93%] [32mBuilding C object CMakeFiles/yolo_msgs__rosidl_typesupport_introspection_c__pyext.dir/rosidl_generator_py/yolo_msgs/_yolo_msgs_s.ep.rosidl_typesupport_introspection_c.c.o[0m
[6.483s] [ 95%] [32m[1mLinking C shared library rosidl_generator_py/yolo_msgs/yolo_msgs_s__rosidl_typesupport_introspection_c.cpython-38-x86_64-linux-gnu.so[0m
[6.495s] [ 97%] [32m[1mLinking CXX shared library rosidl_generator_py/yolo_msgs/yolo_msgs_s__rosidl_typesupport_fastrtps_c.cpython-38-x86_64-linux-gnu.so[0m
[6.580s] [100%] [32m[1mLinking C shared library rosidl_generator_py/yolo_msgs/yolo_msgs_s__rosidl_typesupport_c.cpython-38-x86_64-linux-gnu.so[0m
[6.619s] [100%] Built target yolo_msgs__rosidl_typesupport_fastrtps_c__pyext
[6.633s] [100%] Built target yolo_msgs__rosidl_typesupport_introspection_c__pyext
[6.693s] [100%] Built target yolo_msgs__rosidl_typesupport_c__pyext
[6.770s] Invoked command in '/home/corelab/CatchingBlimp/Summer2023/ros2_stereo/build/yolo_msgs' returned '0': CMAKE_PREFIX_PATH=/opt/ros/foxy /usr/bin/cmake --build /home/corelab/CatchingBlimp/Summer2023/ros2_stereo/build/yolo_msgs -- -j8 -l8
[7.650s] Invoking command in '/home/corelab/CatchingBlimp/Summer2023/ros2_stereo/build/yolo_msgs': CMAKE_PREFIX_PATH=/opt/ros/foxy /usr/bin/cmake --install /home/corelab/CatchingBlimp/Summer2023/ros2_stereo/build/yolo_msgs
[7.678s] -- Install configuration: ""
[7.678s] -- Execute custom install script
[7.679s] -- Symlinking: /home/corelab/CatchingBlimp/Summer2023/ros2_stereo/install/yolo_msgs/share/ament_index/resource_index/rosidl_interfaces/yolo_msgs
[7.697s] -- Symlinking: /home/corelab/CatchingBlimp/Summer2023/ros2_stereo/install/yolo_msgs/include/yolo_msgs/msg/bounding_box.h
[7.713s] -- Symlinking: /home/corelab/CatchingBlimp/Summer2023/ros2_stereo/install/yolo_msgs/include/yolo_msgs/msg/bounding_boxes.h
[7.771s] -- Symlinking: /home/corelab/CatchingBlimp/Summer2023/ros2_stereo/install/yolo_msgs/include/yolo_msgs/msg/detail/bounding_box__functions.h
[7.804s] -- Symlinking: /home/corelab/CatchingBlimp/Summer2023/ros2_stereo/install/yolo_msgs/include/yolo_msgs/msg/detail/bounding_box__struct.h
[7.831s] -- Symlinking: /home/corelab/CatchingBlimp/Summer2023/ros2_stereo/install/yolo_msgs/include/yolo_msgs/msg/detail/bounding_box__type_support.h
[7.854s] -- Symlinking: /home/corelab/CatchingBlimp/Summer2023/ros2_stereo/install/yolo_msgs/include/yolo_msgs/msg/detail/bounding_boxes__functions.h
[7.882s] -- Symlinking: /home/corelab/CatchingBlimp/Summer2023/ros2_stereo/install/yolo_msgs/include/yolo_msgs/msg/detail/bounding_boxes__struct.h
[7.902s] -- Symlinking: /home/corelab/CatchingBlimp/Summer2023/ros2_stereo/install/yolo_msgs/include/yolo_msgs/msg/detail/bounding_boxes__type_support.h
[7.928s] -- Symlinking: /home/corelab/CatchingBlimp/Summer2023/ros2_stereo/install/yolo_msgs/include/yolo_msgs/msg/detail/object_count__functions.h
[7.954s] -- Symlinking: /home/corelab/CatchingBlimp/Summer2023/ros2_stereo/install/yolo_msgs/include/yolo_msgs/msg/detail/object_count__struct.h
[7.977s] -- Symlinking: /home/corelab/CatchingBlimp/Summer2023/ros2_stereo/install/yolo_msgs/include/yolo_msgs/msg/detail/object_count__type_support.h
[7.985s] -- Symlinking: /home/corelab/CatchingBlimp/Summer2023/ros2_stereo/install/yolo_msgs/include/yolo_msgs/msg/object_count.h
[8.002s] -- Symlinking: /home/corelab/CatchingBlimp/Summer2023/ros2_stereo/install/yolo_msgs/include/yolo_msgs/msg/rosidl_generator_c__visibility_control.h
[8.024s] -- Symlinking: /home/corelab/CatchingBlimp/Summer2023/ros2_stereo/install/yolo_msgs/share/yolo_msgs/environment/library_path.sh
[8.031s] -- Symlinking: /home/corelab/CatchingBlimp/Summer2023/ros2_stereo/install/yolo_msgs/share/yolo_msgs/environment/library_path.dsv
[8.083s] -- Symlinking: /home/corelab/CatchingBlimp/Summer2023/ros2_stereo/install/yolo_msgs/include/yolo_msgs/msg/detail/bounding_box__rosidl_typesupport_fastrtps_c.h
[8.090s] -- Symlinking: /home/corelab/CatchingBlimp/Summer2023/ros2_stereo/install/yolo_msgs/include/yolo_msgs/msg/detail/bounding_boxes__rosidl_typesupport_fastrtps_c.h
[8.115s] -- Symlinking: /home/corelab/CatchingBlimp/Summer2023/ros2_stereo/install/yolo_msgs/include/yolo_msgs/msg/detail/object_count__rosidl_typesupport_fastrtps_c.h
[8.146s] -- Symlinking: /home/corelab/CatchingBlimp/Summer2023/ros2_stereo/install/yolo_msgs/include/yolo_msgs/msg/rosidl_typesupport_fastrtps_c__visibility_control.h
[8.182s] -- Symlinking: /home/corelab/CatchingBlimp/Summer2023/ros2_stereo/install/yolo_msgs/lib/libyolo_msgs__rosidl_typesupport_fastrtps_c.so
[8.211s] -- Symlinking: /home/corelab/CatchingBlimp/Summer2023/ros2_stereo/install/yolo_msgs/include/yolo_msgs/msg/detail/bounding_box__rosidl_typesupport_fastrtps_cpp.hpp
[8.243s] -- Symlinking: /home/corelab/CatchingBlimp/Summer2023/ros2_stereo/install/yolo_msgs/include/yolo_msgs/msg/detail/bounding_boxes__rosidl_typesupport_fastrtps_cpp.hpp
[8.268s] -- Symlinking: /home/corelab/CatchingBlimp/Summer2023/ros2_stereo/install/yolo_msgs/include/yolo_msgs/msg/detail/object_count__rosidl_typesupport_fastrtps_cpp.hpp
[8.309s] -- Symlinking: /home/corelab/CatchingBlimp/Summer2023/ros2_stereo/install/yolo_msgs/include/yolo_msgs/msg/rosidl_typesupport_fastrtps_cpp__visibility_control.h
[8.331s] -- Symlinking: /home/corelab/CatchingBlimp/Summer2023/ros2_stereo/install/yolo_msgs/lib/libyolo_msgs__rosidl_typesupport_fastrtps_cpp.so
[8.344s] -- Symlinking: /home/corelab/CatchingBlimp/Summer2023/ros2_stereo/install/yolo_msgs/include/yolo_msgs/msg/detail/bounding_box__rosidl_typesupport_introspection_c.h
[8.351s] -- Symlinking: /home/corelab/CatchingBlimp/Summer2023/ros2_stereo/install/yolo_msgs/include/yolo_msgs/msg/detail/bounding_boxes__rosidl_typesupport_introspection_c.h
[8.374s] -- Symlinking: /home/corelab/CatchingBlimp/Summer2023/ros2_stereo/install/yolo_msgs/include/yolo_msgs/msg/detail/object_count__rosidl_typesupport_introspection_c.h
[8.394s] -- Symlinking: /home/corelab/CatchingBlimp/Summer2023/ros2_stereo/install/yolo_msgs/include/yolo_msgs/msg/rosidl_typesupport_introspection_c__visibility_control.h
[8.411s] -- Symlinking: /home/corelab/CatchingBlimp/Summer2023/ros2_stereo/install/yolo_msgs/include/yolo_msgs/msg/bounding_box.hpp
[8.430s] -- Symlinking: /home/corelab/CatchingBlimp/Summer2023/ros2_stereo/install/yolo_msgs/include/yolo_msgs/msg/bounding_boxes.hpp
[8.442s] -- Symlinking: /home/corelab/CatchingBlimp/Summer2023/ros2_stereo/install/yolo_msgs/include/yolo_msgs/msg/detail/bounding_box__builder.hpp
[8.451s] -- Symlinking: /home/corelab/CatchingBlimp/Summer2023/ros2_stereo/install/yolo_msgs/include/yolo_msgs/msg/detail/bounding_box__struct.hpp
[8.458s] -- Symlinking: /home/corelab/CatchingBlimp/Summer2023/ros2_stereo/install/yolo_msgs/include/yolo_msgs/msg/detail/bounding_box__traits.hpp
[8.479s] -- Symlinking: /home/corelab/CatchingBlimp/Summer2023/ros2_stereo/install/yolo_msgs/include/yolo_msgs/msg/detail/bounding_box__type_support.hpp
[8.504s] -- Symlinking: /home/corelab/CatchingBlimp/Summer2023/ros2_stereo/install/yolo_msgs/include/yolo_msgs/msg/detail/bounding_boxes__builder.hpp
[8.546s] -- Symlinking: /home/corelab/CatchingBlimp/Summer2023/ros2_stereo/install/yolo_msgs/include/yolo_msgs/msg/detail/bounding_boxes__struct.hpp
[8.574s] -- Symlinking: /home/corelab/CatchingBlimp/Summer2023/ros2_stereo/install/yolo_msgs/include/yolo_msgs/msg/detail/bounding_boxes__traits.hpp
[8.594s] -- Symlinking: /home/corelab/CatchingBlimp/Summer2023/ros2_stereo/install/yolo_msgs/include/yolo_msgs/msg/detail/bounding_boxes__type_support.hpp
[8.623s] -- Symlinking: /home/corelab/CatchingBlimp/Summer2023/ros2_stereo/install/yolo_msgs/include/yolo_msgs/msg/detail/object_count__builder.hpp
[8.642s] -- Symlinking: /home/corelab/CatchingBlimp/Summer2023/ros2_stereo/install/yolo_msgs/include/yolo_msgs/msg/detail/object_count__struct.hpp
[8.676s] -- Symlinking: /home/corelab/CatchingBlimp/Summer2023/ros2_stereo/install/yolo_msgs/include/yolo_msgs/msg/detail/object_count__traits.hpp
[8.703s] -- Symlinking: /home/corelab/CatchingBlimp/Summer2023/ros2_stereo/install/yolo_msgs/include/yolo_msgs/msg/detail/object_count__type_support.hpp
[8.723s] -- Symlinking: /home/corelab/CatchingBlimp/Summer2023/ros2_stereo/install/yolo_msgs/include/yolo_msgs/msg/object_count.hpp
[8.750s] -- Symlinking: /home/corelab/CatchingBlimp/Summer2023/ros2_stereo/install/yolo_msgs/include/yolo_msgs/msg/rosidl_generator_cpp__visibility_control.hpp
[8.774s] -- Symlinking: /home/corelab/CatchingBlimp/Summer2023/ros2_stereo/install/yolo_msgs/include/yolo_msgs/msg/detail/bounding_box__rosidl_typesupport_introspection_cpp.hpp
[8.795s] -- Symlinking: /home/corelab/CatchingBlimp/Summer2023/ros2_stereo/install/yolo_msgs/include/yolo_msgs/msg/detail/bounding_boxes__rosidl_typesupport_introspection_cpp.hpp
[8.815s] -- Symlinking: /home/corelab/CatchingBlimp/Summer2023/ros2_stereo/install/yolo_msgs/include/yolo_msgs/msg/detail/object_count__rosidl_typesupport_introspection_cpp.hpp
[8.847s] -- Symlinking: /home/corelab/CatchingBlimp/Summer2023/ros2_stereo/install/yolo_msgs/share/yolo_msgs/environment/pythonpath.sh
[8.880s] -- Symlinking: /home/corelab/CatchingBlimp/Summer2023/ros2_stereo/install/yolo_msgs/share/yolo_msgs/environment/pythonpath.dsv
[8.911s] -- Symlinking: /home/corelab/CatchingBlimp/Summer2023/ros2_stereo/install/yolo_msgs/lib/python3.8/site-packages/yolo_msgs/__init__.py
[8.935s] -- Symlinking: /home/corelab/CatchingBlimp/Summer2023/ros2_stereo/install/yolo_msgs/lib/python3.8/site-packages/yolo_msgs/msg/__init__.py
[8.960s] -- Symlinking: /home/corelab/CatchingBlimp/Summer2023/ros2_stereo/install/yolo_msgs/lib/python3.8/site-packages/yolo_msgs/msg/_bounding_box.py
[8.996s] -- Symlinking: /home/corelab/CatchingBlimp/Summer2023/ros2_stereo/install/yolo_msgs/lib/python3.8/site-packages/yolo_msgs/msg/_bounding_boxes.py
[9.022s] -- Symlinking: /home/corelab/CatchingBlimp/Summer2023/ros2_stereo/install/yolo_msgs/lib/python3.8/site-packages/yolo_msgs/msg/_object_count.py
[9.060s] -- Symlinking: /home/corelab/CatchingBlimp/Summer2023/ros2_stereo/install/yolo_msgs/lib/python3.8/site-packages/yolo_msgs/yolo_msgs_s__rosidl_typesupport_fastrtps_c.cpython-38-x86_64-linux-gnu.so
[9.100s] -- Symlinking: /home/corelab/CatchingBlimp/Summer2023/ros2_stereo/install/yolo_msgs/lib/python3.8/site-packages/yolo_msgs/yolo_msgs_s__rosidl_typesupport_introspection_c.cpython-38-x86_64-linux-gnu.so
[9.118s] -- Symlinking: /home/corelab/CatchingBlimp/Summer2023/ros2_stereo/install/yolo_msgs/lib/python3.8/site-packages/yolo_msgs/yolo_msgs_s__rosidl_typesupport_c.cpython-38-x86_64-linux-gnu.so
[9.126s] -- Symlinking: /home/corelab/CatchingBlimp/Summer2023/ros2_stereo/install/yolo_msgs/lib/libyolo_msgs__python.so
[9.134s] -- Symlinking: /home/corelab/CatchingBlimp/Summer2023/ros2_stereo/install/yolo_msgs/share/yolo_msgs/msg/BoundingBox.idl
[9.141s] -- Symlinking: /home/corelab/CatchingBlimp/Summer2023/ros2_stereo/install/yolo_msgs/share/yolo_msgs/msg/BoundingBoxes.idl
[9.149s] -- Symlinking: /home/corelab/CatchingBlimp/Summer2023/ros2_stereo/install/yolo_msgs/share/yolo_msgs/msg/ObjectCount.idl
[9.157s] -- Symlinking: /home/corelab/CatchingBlimp/Summer2023/ros2_stereo/install/yolo_msgs/share/yolo_msgs/msg/BoundingBox.msg
[9.165s] -- Symlinking: /home/corelab/CatchingBlimp/Summer2023/ros2_stereo/install/yolo_msgs/share/yolo_msgs/msg/BoundingBoxes.msg
[9.173s] -- Symlinking: /home/corelab/CatchingBlimp/Summer2023/ros2_stereo/install/yolo_msgs/share/yolo_msgs/msg/ObjectCount.msg
[9.181s] -- Symlinking: /home/corelab/CatchingBlimp/Summer2023/ros2_stereo/install/yolo_msgs/share/ament_index/resource_index/package_run_dependencies/yolo_msgs
[9.188s] -- Symlinking: /home/corelab/CatchingBlimp/Summer2023/ros2_stereo/install/yolo_msgs/share/ament_index/resource_index/parent_prefix_path/yolo_msgs
[9.196s] -- Symlinking: /home/corelab/CatchingBlimp/Summer2023/ros2_stereo/install/yolo_msgs/share/yolo_msgs/environment/ament_prefix_path.sh
[9.203s] -- Symlinking: /home/corelab/CatchingBlimp/Summer2023/ros2_stereo/install/yolo_msgs/share/yolo_msgs/environment/ament_prefix_path.dsv
[9.211s] -- Symlinking: /home/corelab/CatchingBlimp/Summer2023/ros2_stereo/install/yolo_msgs/share/yolo_msgs/environment/path.sh
[9.219s] -- Symlinking: /home/corelab/CatchingBlimp/Summer2023/ros2_stereo/install/yolo_msgs/share/yolo_msgs/environment/path.dsv
[9.227s] -- Symlinking: /home/corelab/CatchingBlimp/Summer2023/ros2_stereo/install/yolo_msgs/share/yolo_msgs/local_setup.bash
[9.234s] -- Symlinking: /home/corelab/CatchingBlimp/Summer2023/ros2_stereo/install/yolo_msgs/share/yolo_msgs/local_setup.sh
[9.242s] -- Symlinking: /home/corelab/CatchingBlimp/Summer2023/ros2_stereo/install/yolo_msgs/share/yolo_msgs/local_setup.zsh
[9.249s] -- Symlinking: /home/corelab/CatchingBlimp/Summer2023/ros2_stereo/install/yolo_msgs/share/yolo_msgs/local_setup.dsv
[9.257s] -- Symlinking: /home/corelab/CatchingBlimp/Summer2023/ros2_stereo/install/yolo_msgs/share/yolo_msgs/package.dsv
[9.265s] -- Symlinking: /home/corelab/CatchingBlimp/Summer2023/ros2_stereo/install/yolo_msgs/share/ament_index/resource_index/packages/yolo_msgs
[9.296s] -- Symlinking: /home/corelab/CatchingBlimp/Summer2023/ros2_stereo/install/yolo_msgs/share/yolo_msgs/cmake/rosidl_cmake-extras.cmake
[9.303s] -- Symlinking: /home/corelab/CatchingBlimp/Summer2023/ros2_stereo/install/yolo_msgs/share/yolo_msgs/cmake/ament_cmake_export_dependencies-extras.cmake
[9.311s] -- Symlinking: /home/corelab/CatchingBlimp/Summer2023/ros2_stereo/install/yolo_msgs/share/yolo_msgs/cmake/ament_cmake_export_libraries-extras.cmake
[9.318s] -- Symlinking: /home/corelab/CatchingBlimp/Summer2023/ros2_stereo/install/yolo_msgs/share/yolo_msgs/cmake/ament_cmake_export_targets-extras.cmake
[9.326s] -- Symlinking: /home/corelab/CatchingBlimp/Summer2023/ros2_stereo/install/yolo_msgs/share/yolo_msgs/cmake/ament_cmake_export_include_directories-extras.cmake
[9.333s] -- Symlinking: /home/corelab/CatchingBlimp/Summer2023/ros2_stereo/install/yolo_msgs/share/yolo_msgs/cmake/rosidl_cmake_export_typesupport_libraries-extras.cmake
[9.341s] -- Symlinking: /home/corelab/CatchingBlimp/Summer2023/ros2_stereo/install/yolo_msgs/share/yolo_msgs/cmake/rosidl_cmake_export_typesupport_targets-extras.cmake
[9.350s] -- Symlinking: /home/corelab/CatchingBlimp/Summer2023/ros2_stereo/install/yolo_msgs/share/yolo_msgs/cmake/yolo_msgsConfig.cmake
[9.358s] -- Symlinking: /home/corelab/CatchingBlimp/Summer2023/ros2_stereo/install/yolo_msgs/share/yolo_msgs/cmake/yolo_msgsConfig-version.cmake
[9.367s] -- Symlinking: /home/corelab/CatchingBlimp/Summer2023/ros2_stereo/install/yolo_msgs/share/yolo_msgs/package.xml
[9.375s] -- Installing: /home/corelab/CatchingBlimp/Summer2023/ros2_stereo/install/yolo_msgs/lib/libyolo_msgs__rosidl_generator_c.so
[9.375s] -- Set runtime path of "/home/corelab/CatchingBlimp/Summer2023/ros2_stereo/install/yolo_msgs/lib/libyolo_msgs__rosidl_generator_c.so" to ""
[9.376s] -- Installing: /home/corelab/CatchingBlimp/Summer2023/ros2_stereo/install/yolo_msgs/lib/libyolo_msgs__rosidl_typesupport_introspection_c.so
[9.376s] -- Set runtime path of "/home/corelab/CatchingBlimp/Summer2023/ros2_stereo/install/yolo_msgs/lib/libyolo_msgs__rosidl_typesupport_introspection_c.so" to ""
[9.377s] -- Installing: /home/corelab/CatchingBlimp/Summer2023/ros2_stereo/install/yolo_msgs/lib/libyolo_msgs__rosidl_typesupport_c.so
[9.377s] -- Set runtime path of "/home/corelab/CatchingBlimp/Summer2023/ros2_stereo/install/yolo_msgs/lib/libyolo_msgs__rosidl_typesupport_c.so" to ""
[9.377s] -- Installing: /home/corelab/CatchingBlimp/Summer2023/ros2_stereo/install/yolo_msgs/lib/libyolo_msgs__rosidl_typesupport_introspection_cpp.so
[9.378s] -- Set runtime path of "/home/corelab/CatchingBlimp/Summer2023/ros2_stereo/install/yolo_msgs/lib/libyolo_msgs__rosidl_typesupport_introspection_cpp.so" to ""
[9.379s] -- Installing: /home/corelab/CatchingBlimp/Summer2023/ros2_stereo/install/yolo_msgs/lib/libyolo_msgs__rosidl_typesupport_cpp.so
[9.379s] -- Set runtime path of "/home/corelab/CatchingBlimp/Summer2023/ros2_stereo/install/yolo_msgs/lib/libyolo_msgs__rosidl_typesupport_cpp.so" to ""
[9.404s] Compiling '/home/corelab/CatchingBlimp/Summer2023/ros2_stereo/install/yolo_msgs/lib/python3.8/site-packages/yolo_msgs/__init__.py'...
[9.409s] -- Installing: /home/corelab/CatchingBlimp/Summer2023/ros2_stereo/install/yolo_msgs/share/yolo_msgs/cmake/yolo_msgs__rosidl_generator_cExport.cmake
[9.410s] -- Installing: /home/corelab/CatchingBlimp/Summer2023/ros2_stereo/install/yolo_msgs/share/yolo_msgs/cmake/yolo_msgs__rosidl_generator_cExport-noconfig.cmake
[9.410s] -- Installing: /home/corelab/CatchingBlimp/Summer2023/ros2_stereo/install/yolo_msgs/share/yolo_msgs/cmake/yolo_msgs__rosidl_typesupport_introspection_cExport.cmake
[9.410s] -- Installing: /home/corelab/CatchingBlimp/Summer2023/ros2_stereo/install/yolo_msgs/share/yolo_msgs/cmake/yolo_msgs__rosidl_typesupport_introspection_cExport-noconfig.cmake
[9.411s] -- Installing: /home/corelab/CatchingBlimp/Summer2023/ros2_stereo/install/yolo_msgs/share/yolo_msgs/cmake/yolo_msgs__rosidl_typesupport_cExport.cmake
[9.411s] -- Installing: /home/corelab/CatchingBlimp/Summer2023/ros2_stereo/install/yolo_msgs/share/yolo_msgs/cmake/yolo_msgs__rosidl_typesupport_cExport-noconfig.cmake
[9.412s] -- Installing: /home/corelab/CatchingBlimp/Summer2023/ros2_stereo/install/yolo_msgs/share/yolo_msgs/cmake/yolo_msgs__rosidl_generator_cppExport.cmake
[9.412s] -- Installing: /home/corelab/CatchingBlimp/Summer2023/ros2_stereo/install/yolo_msgs/share/yolo_msgs/cmake/yolo_msgs__rosidl_typesupport_introspection_cppExport.cmake
[9.413s] -- Installing: /home/corelab/CatchingBlimp/Summer2023/ros2_stereo/install/yolo_msgs/share/yolo_msgs/cmake/yolo_msgs__rosidl_typesupport_introspection_cppExport-noconfig.cmake
[9.413s] -- Installing: /home/corelab/CatchingBlimp/Summer2023/ros2_stereo/install/yolo_msgs/share/yolo_msgs/cmake/yolo_msgs__rosidl_typesupport_cppExport.cmake
[9.413s] -- Installing: /home/corelab/CatchingBlimp/Summer2023/ros2_stereo/install/yolo_msgs/share/yolo_msgs/cmake/yolo_msgs__rosidl_typesupport_cppExport-noconfig.cmake
[9.416s] Invoked command in '/home/corelab/CatchingBlimp/Summer2023/ros2_stereo/build/yolo_msgs' returned '0': CMAKE_PREFIX_PATH=/opt/ros/foxy /usr/bin/cmake --install /home/corelab/CatchingBlimp/Summer2023/ros2_stereo/build/yolo_msgs
