[0.059s] Invoking command in '/home/corelab/ros2_stereo/build/image_view': CMAKE_PREFIX_PATH=${CMAKE_PREFIX_PATH}:/home/corelab/ros2_camera_calibration/install/camera_calibration:/opt/ros/foxy /home/corelab/.local/bin/cmake --build /home/corelab/ros2_stereo/build/image_view -- -j16 -l16
[0.144s] [ 36%] Built target image_view_nodes
[0.161s] [ 47%] Built target extract_images
[0.165s] [ 57%] Built target video_recorder
[0.166s] [ 68%] Built target disparity_view
[0.166s] [ 78%] Built target image_saver
[0.167s] [ 89%] Built target image_view
[0.169s] [100%] Built target stereo_view
[0.184s] Invoked command in '/home/corelab/ros2_stereo/build/image_view' returned '0': CMAKE_PREFIX_PATH=${CMAKE_PREFIX_PATH}:/home/corelab/ros2_camera_calibration/install/camera_calibration:/opt/ros/foxy /home/corelab/.local/bin/cmake --build /home/corelab/ros2_stereo/build/image_view -- -j16 -l16
[0.356s] Invoking command in '/home/corelab/ros2_stereo/build/image_view': CMAKE_PREFIX_PATH=${CMAKE_PREFIX_PATH}:/home/corelab/ros2_camera_calibration/install/camera_calibration:/opt/ros/foxy /home/corelab/.local/bin/cmake --install /home/corelab/ros2_stereo/build/image_view
[0.399s] -- Install configuration: ""
[0.400s] -- Up-to-date: /home/corelab/ros2_stereo/install/image_view/include
[0.400s] -- Up-to-date: /home/corelab/ros2_stereo/install/image_view/include/image_view
[0.400s] -- Up-to-date: /home/corelab/ros2_stereo/install/image_view/include/image_view/disparity_view_node.hpp
[0.400s] -- Up-to-date: /home/corelab/ros2_stereo/install/image_view/include/image_view/image_saver_node.hpp
[0.400s] -- Up-to-date: /home/corelab/ros2_stereo/install/image_view/include/image_view/extract_images_node.hpp
[0.400s] -- Up-to-date: /home/corelab/ros2_stereo/install/image_view/include/image_view/video_recorder_node.hpp
[0.400s] -- Up-to-date: /home/corelab/ros2_stereo/install/image_view/include/image_view/stereo_view_node.hpp
[0.400s] -- Up-to-date: /home/corelab/ros2_stereo/install/image_view/include/image_view/image_view_node.hpp
[0.400s] -- Up-to-date: /home/corelab/ros2_stereo/install/image_view/share/image_view/environment/library_path.sh
[0.400s] -- Up-to-date: /home/corelab/ros2_stereo/install/image_view/share/image_view/environment/library_path.dsv
[0.400s] -- Up-to-date: /home/corelab/ros2_stereo/install/image_view/lib/libimage_view_nodes.so
[0.400s] -- Up-to-date: /home/corelab/ros2_stereo/install/image_view/lib/image_view/disparity_view
[0.400s] -- Up-to-date: /home/corelab/ros2_stereo/install/image_view/lib/image_view/image_view
[0.401s] -- Up-to-date: /home/corelab/ros2_stereo/install/image_view/lib/image_view/stereo_view
[0.401s] -- Up-to-date: /home/corelab/ros2_stereo/install/image_view/lib/image_view/extract_images
[0.401s] -- Up-to-date: /home/corelab/ros2_stereo/install/image_view/lib/image_view/image_saver
[0.402s] -- Up-to-date: /home/corelab/ros2_stereo/install/image_view/lib/image_view/video_recorder
[0.402s] -- Up-to-date: /home/corelab/ros2_stereo/install/image_view/share/ament_index/resource_index/package_run_dependencies/image_view
[0.402s] -- Up-to-date: /home/corelab/ros2_stereo/install/image_view/share/ament_index/resource_index/parent_prefix_path/image_view
[0.403s] -- Up-to-date: /home/corelab/ros2_stereo/install/image_view/share/image_view/environment/ament_prefix_path.sh
[0.403s] -- Up-to-date: /home/corelab/ros2_stereo/install/image_view/share/image_view/environment/ament_prefix_path.dsv
[0.403s] -- Up-to-date: /home/corelab/ros2_stereo/install/image_view/share/image_view/environment/path.sh
[0.403s] -- Up-to-date: /home/corelab/ros2_stereo/install/image_view/share/image_view/environment/path.dsv
[0.403s] -- Up-to-date: /home/corelab/ros2_stereo/install/image_view/share/image_view/local_setup.bash
[0.403s] -- Up-to-date: /home/corelab/ros2_stereo/install/image_view/share/image_view/local_setup.sh
[0.405s] -- Up-to-date: /home/corelab/ros2_stereo/install/image_view/share/image_view/local_setup.zsh
[0.405s] -- Up-to-date: /home/corelab/ros2_stereo/install/image_view/share/image_view/local_setup.dsv
[0.405s] -- Installing: /home/corelab/ros2_stereo/install/image_view/share/image_view/package.dsv
[0.405s] -- Up-to-date: /home/corelab/ros2_stereo/install/image_view/share/ament_index/resource_index/packages/image_view
[0.406s] -- Up-to-date: /home/corelab/ros2_stereo/install/image_view/share/ament_index/resource_index/rclcpp_components/image_view
[0.406s] -- Up-to-date: /home/corelab/ros2_stereo/install/image_view/share/image_view/cmake/ament_cmake_export_dependencies-extras.cmake
[0.406s] -- Up-to-date: /home/corelab/ros2_stereo/install/image_view/share/image_view/cmake/ament_cmake_export_include_directories-extras.cmake
[0.406s] -- Up-to-date: /home/corelab/ros2_stereo/install/image_view/share/image_view/cmake/ament_cmake_export_libraries-extras.cmake
[0.406s] -- Up-to-date: /home/corelab/ros2_stereo/install/image_view/share/image_view/cmake/image_viewConfig.cmake
[0.406s] -- Up-to-date: /home/corelab/ros2_stereo/install/image_view/share/image_view/cmake/image_viewConfig-version.cmake
[0.406s] -- Up-to-date: /home/corelab/ros2_stereo/install/image_view/share/image_view/package.xml
[0.427s] Invoked command in '/home/corelab/ros2_stereo/build/image_view' returned '0': CMAKE_PREFIX_PATH=${CMAKE_PREFIX_PATH}:/home/corelab/ros2_camera_calibration/install/camera_calibration:/opt/ros/foxy /home/corelab/.local/bin/cmake --install /home/corelab/ros2_stereo/build/image_view
