[0.016s] Invoking command in '/home/corelab/opencv_ros2/build/opencv_telemetry': CMAKE_PREFIX_PATH=${CMAKE_PREFIX_PATH}:/home/corelab/ros2_camera_calibration/install/camera_calibration:/opt/ros/foxy /home/corelab/.local/bin/cmake --build /home/corelab/opencv_ros2/build/opencv_telemetry -- -j16 -l16
[0.051s] [  1%] Built target opencv_telemetry__cpp
[0.051s] [  5%] Built target opencv_telemetry__dds_connext_idl
[0.052s] [  8%] Built target opencv_telemetry__rosidl_generator_c
[0.055s] [ 11%] Built target minimal_opencv_ros2_node
[0.055s] [ 15%] Built target split_sync_images
[0.057s] [ 16%] [32mBuilding CXX object CMakeFiles/opencv_subscriber.dir/src/opencv_subscriber.cpp.o[0m
[0.059s] [ 25%] Built target opencv_telemetry__rosidl_typesupport_introspection_cpp
[0.059s] [ 27%] Built target opencv_telemetry__rosidl_typesupport_fastrtps_cpp
[0.059s] [ 32%] Built target opencv_telemetry__rosidl_typesupport_introspection_c
[0.060s] [ 42%] Built target opencv_telemetry__rosidl_typesupport_c
[0.060s] [ 42%] Built target opencv_telemetry__rosidl_typesupport_cpp
[0.065s] [ 54%] Built target opencv_telemetry__rosidl_typesupport_connext_cpp
[0.069s] [ 59%] Built target opencv_telemetry__rosidl_typesupport_fastrtps_c
[0.077s] [ 72%] Built target opencv_telemetry__rosidl_typesupport_connext_c
[0.084s] [ 72%] Built target opencv_telemetry
[0.094s] [ 74%] Built target opencv_telemetry__py
[0.096s] [ 81%] Built target resized_plugins
[0.101s] [ 84%] Built target opencv_telemetry__python
[0.108s] [ 91%] Built target opencv_telemetry__rosidl_typesupport_introspection_c__pyext
[0.108s] [ 91%] Built target opencv_telemetry__rosidl_typesupport_connext_c__pyext
[0.108s] [ 94%] Built target opencv_telemetry__rosidl_typesupport_fastrtps_c__pyext
[0.108s] [ 98%] Built target opencv_telemetry__rosidl_typesupport_c__pyext
[1.583s] [100%] [32m[1mLinking CXX executable opencv_subscriber[0m
[1.946s] /usr/bin/ld: warning: libopencv_imgproc.so.4.2, needed by /opt/ros/foxy/lib/libcv_bridge.so, may conflict with libopencv_imgproc.so.407
[1.946s] /usr/bin/ld: warning: libopencv_core.so.4.2, needed by /opt/ros/foxy/lib/libcv_bridge.so, may conflict with libopencv_core.so.407
[1.956s] [100%] Built target opencv_subscriber
[1.962s] Invoked command in '/home/corelab/opencv_ros2/build/opencv_telemetry' returned '0': CMAKE_PREFIX_PATH=${CMAKE_PREFIX_PATH}:/home/corelab/ros2_camera_calibration/install/camera_calibration:/opt/ros/foxy /home/corelab/.local/bin/cmake --build /home/corelab/opencv_ros2/build/opencv_telemetry -- -j16 -l16
[2.067s] Invoking command in '/home/corelab/opencv_ros2/build/opencv_telemetry': CMAKE_PREFIX_PATH=${CMAKE_PREFIX_PATH}:/home/corelab/ros2_camera_calibration/install/camera_calibration:/opt/ros/foxy /home/corelab/.local/bin/cmake --install /home/corelab/opencv_ros2/build/opencv_telemetry
[2.090s] -- Install configuration: ""
[2.090s] -- Up-to-date: /home/corelab/opencv_ros2/install/opencv_telemetry/share/ament_index/resource_index/rosidl_interfaces/opencv_telemetry
[2.090s] -- Up-to-date: /home/corelab/opencv_ros2/install/opencv_telemetry/include/opencv_telemetry
[2.090s] -- Up-to-date: /home/corelab/opencv_ros2/install/opencv_telemetry/include/opencv_telemetry/msg
[2.090s] -- Up-to-date: /home/corelab/opencv_ros2/install/opencv_telemetry/include/opencv_telemetry/msg/resized_image.h
[2.090s] -- Up-to-date: /home/corelab/opencv_ros2/install/opencv_telemetry/include/opencv_telemetry/msg/detail
[2.090s] -- Up-to-date: /home/corelab/opencv_ros2/install/opencv_telemetry/include/opencv_telemetry/msg/detail/resized_image__functions.c
[2.090s] -- Up-to-date: /home/corelab/opencv_ros2/install/opencv_telemetry/include/opencv_telemetry/msg/detail/resized_image__struct.h
[2.091s] -- Up-to-date: /home/corelab/opencv_ros2/install/opencv_telemetry/include/opencv_telemetry/msg/detail/resized_image__type_support.h
[2.091s] -- Up-to-date: /home/corelab/opencv_ros2/install/opencv_telemetry/include/opencv_telemetry/msg/detail/resized_image__functions.h
[2.091s] -- Up-to-date: /home/corelab/opencv_ros2/install/opencv_telemetry/include/opencv_telemetry/msg/rosidl_generator_c__visibility_control.h
[2.091s] -- Up-to-date: /home/corelab/opencv_ros2/install/opencv_telemetry/share/opencv_telemetry/environment/library_path.sh
[2.091s] -- Up-to-date: /home/corelab/opencv_ros2/install/opencv_telemetry/share/opencv_telemetry/environment/library_path.dsv
[2.091s] -- Up-to-date: /home/corelab/opencv_ros2/install/opencv_telemetry/lib/libopencv_telemetry__rosidl_generator_c.so
[2.091s] -- Up-to-date: /home/corelab/opencv_ros2/install/opencv_telemetry/include/opencv_telemetry
[2.091s] -- Up-to-date: /home/corelab/opencv_ros2/install/opencv_telemetry/include/opencv_telemetry/msg
[2.091s] -- Up-to-date: /home/corelab/opencv_ros2/install/opencv_telemetry/include/opencv_telemetry/msg/rosidl_typesupport_connext_c__visibility_control.h
[2.091s] -- Up-to-date: /home/corelab/opencv_ros2/install/opencv_telemetry/include/opencv_telemetry/msg/resized_image__rosidl_typesupport_connext_c.h
[2.091s] -- Up-to-date: /home/corelab/opencv_ros2/install/opencv_telemetry/include/opencv_telemetry/msg/dds_connext
[2.091s] -- Up-to-date: /home/corelab/opencv_ros2/install/opencv_telemetry/lib/libopencv_telemetry__rosidl_typesupport_connext_c.so
[2.091s] -- Up-to-date: /home/corelab/opencv_ros2/install/opencv_telemetry/share/opencv_telemetry/msg/dds_connext
[2.091s] -- Up-to-date: /home/corelab/opencv_ros2/install/opencv_telemetry/share/opencv_telemetry/msg/dds_connext/ResizedImage_.idl
[2.091s] -- Up-to-date: /home/corelab/opencv_ros2/install/opencv_telemetry/include/opencv_telemetry
[2.091s] -- Up-to-date: /home/corelab/opencv_ros2/install/opencv_telemetry/include/opencv_telemetry/msg
[2.091s] -- Up-to-date: /home/corelab/opencv_ros2/install/opencv_telemetry/include/opencv_telemetry/msg/rosidl_typesupport_connext_cpp__visibility_control.h
[2.091s] -- Up-to-date: /home/corelab/opencv_ros2/install/opencv_telemetry/include/opencv_telemetry/msg/resized_image__rosidl_typesupport_connext_cpp.hpp
[2.091s] -- Up-to-date: /home/corelab/opencv_ros2/install/opencv_telemetry/include/opencv_telemetry/msg/dds_connext
[2.091s] -- Up-to-date: /home/corelab/opencv_ros2/install/opencv_telemetry/include/opencv_telemetry/msg/dds_connext/ResizedImage_Support.h
[2.091s] -- Up-to-date: /home/corelab/opencv_ros2/install/opencv_telemetry/include/opencv_telemetry/msg/dds_connext/ResizedImage_Plugin.cxx
[2.091s] -- Up-to-date: /home/corelab/opencv_ros2/install/opencv_telemetry/include/opencv_telemetry/msg/dds_connext/ResizedImage_.h
[2.091s] -- Up-to-date: /home/corelab/opencv_ros2/install/opencv_telemetry/include/opencv_telemetry/msg/dds_connext/ResizedImage_.cxx
[2.091s] -- Up-to-date: /home/corelab/opencv_ros2/install/opencv_telemetry/include/opencv_telemetry/msg/dds_connext/ResizedImage_Support.cxx
[2.092s] -- Up-to-date: /home/corelab/opencv_ros2/install/opencv_telemetry/include/opencv_telemetry/msg/dds_connext/ResizedImage_Plugin.h
[2.092s] -- Up-to-date: /home/corelab/opencv_ros2/install/opencv_telemetry/lib/libopencv_telemetry__rosidl_typesupport_connext_cpp.so
[2.092s] -- Up-to-date: /home/corelab/opencv_ros2/install/opencv_telemetry/include/opencv_telemetry
[2.092s] -- Up-to-date: /home/corelab/opencv_ros2/install/opencv_telemetry/include/opencv_telemetry/msg
[2.092s] -- Up-to-date: /home/corelab/opencv_ros2/install/opencv_telemetry/include/opencv_telemetry/msg/detail
[2.092s] -- Up-to-date: /home/corelab/opencv_ros2/install/opencv_telemetry/include/opencv_telemetry/msg/detail/resized_image__rosidl_typesupport_fastrtps_c.h
[2.092s] -- Up-to-date: /home/corelab/opencv_ros2/install/opencv_telemetry/include/opencv_telemetry/msg/rosidl_typesupport_fastrtps_c__visibility_control.h
[2.092s] -- Up-to-date: /home/corelab/opencv_ros2/install/opencv_telemetry/lib/libopencv_telemetry__rosidl_typesupport_fastrtps_c.so
[2.092s] -- Up-to-date: /home/corelab/opencv_ros2/install/opencv_telemetry/include/opencv_telemetry
[2.092s] -- Up-to-date: /home/corelab/opencv_ros2/install/opencv_telemetry/include/opencv_telemetry/msg
[2.092s] -- Up-to-date: /home/corelab/opencv_ros2/install/opencv_telemetry/include/opencv_telemetry/msg/rosidl_typesupport_fastrtps_cpp__visibility_control.h
[2.092s] -- Up-to-date: /home/corelab/opencv_ros2/install/opencv_telemetry/include/opencv_telemetry/msg/detail
[2.092s] -- Up-to-date: /home/corelab/opencv_ros2/install/opencv_telemetry/include/opencv_telemetry/msg/detail/resized_image__rosidl_typesupport_fastrtps_cpp.hpp
[2.092s] -- Up-to-date: /home/corelab/opencv_ros2/install/opencv_telemetry/include/opencv_telemetry/msg/detail/dds_fastrtps
[2.092s] -- Up-to-date: /home/corelab/opencv_ros2/install/opencv_telemetry/lib/libopencv_telemetry__rosidl_typesupport_fastrtps_cpp.so
[2.092s] -- Up-to-date: /home/corelab/opencv_ros2/install/opencv_telemetry/include/opencv_telemetry
[2.092s] -- Up-to-date: /home/corelab/opencv_ros2/install/opencv_telemetry/include/opencv_telemetry/msg
[2.092s] -- Up-to-date: /home/corelab/opencv_ros2/install/opencv_telemetry/include/opencv_telemetry/msg/detail
[2.092s] -- Up-to-date: /home/corelab/opencv_ros2/install/opencv_telemetry/include/opencv_telemetry/msg/detail/resized_image__rosidl_typesupport_introspection_c.h
[2.092s] -- Up-to-date: /home/corelab/opencv_ros2/install/opencv_telemetry/include/opencv_telemetry/msg/detail/resized_image__type_support.c
[2.092s] -- Up-to-date: /home/corelab/opencv_ros2/install/opencv_telemetry/include/opencv_telemetry/msg/rosidl_typesupport_introspection_c__visibility_control.h
[2.092s] -- Up-to-date: /home/corelab/opencv_ros2/install/opencv_telemetry/lib/libopencv_telemetry__rosidl_typesupport_introspection_c.so
[2.092s] -- Up-to-date: /home/corelab/opencv_ros2/install/opencv_telemetry/lib/libopencv_telemetry__rosidl_typesupport_c.so
[2.092s] -- Up-to-date: /home/corelab/opencv_ros2/install/opencv_telemetry/include/opencv_telemetry
[2.093s] -- Up-to-date: /home/corelab/opencv_ros2/install/opencv_telemetry/include/opencv_telemetry/msg
[2.093s] -- Up-to-date: /home/corelab/opencv_ros2/install/opencv_telemetry/include/opencv_telemetry/msg/rosidl_generator_cpp__visibility_control.hpp
[2.093s] -- Up-to-date: /home/corelab/opencv_ros2/install/opencv_telemetry/include/opencv_telemetry/msg/resized_image.hpp
[2.093s] -- Up-to-date: /home/corelab/opencv_ros2/install/opencv_telemetry/include/opencv_telemetry/msg/detail
[2.093s] -- Up-to-date: /home/corelab/opencv_ros2/install/opencv_telemetry/include/opencv_telemetry/msg/detail/resized_image__struct.hpp
[2.093s] -- Up-to-date: /home/corelab/opencv_ros2/install/opencv_telemetry/include/opencv_telemetry/msg/detail/resized_image__builder.hpp
[2.093s] -- Up-to-date: /home/corelab/opencv_ros2/install/opencv_telemetry/include/opencv_telemetry/msg/detail/resized_image__traits.hpp
[2.093s] -- Up-to-date: /home/corelab/opencv_ros2/install/opencv_telemetry/include/opencv_telemetry/msg/detail/resized_image__type_support.hpp
[2.093s] -- Up-to-date: /home/corelab/opencv_ros2/install/opencv_telemetry/include/opencv_telemetry
[2.093s] -- Up-to-date: /home/corelab/opencv_ros2/install/opencv_telemetry/include/opencv_telemetry/msg
[2.093s] -- Up-to-date: /home/corelab/opencv_ros2/install/opencv_telemetry/include/opencv_telemetry/msg/detail
[2.093s] -- Up-to-date: /home/corelab/opencv_ros2/install/opencv_telemetry/include/opencv_telemetry/msg/detail/resized_image__type_support.cpp
[2.093s] -- Up-to-date: /home/corelab/opencv_ros2/install/opencv_telemetry/include/opencv_telemetry/msg/detail/resized_image__rosidl_typesupport_introspection_cpp.hpp
[2.093s] -- Up-to-date: /home/corelab/opencv_ros2/install/opencv_telemetry/lib/libopencv_telemetry__rosidl_typesupport_introspection_cpp.so
[2.093s] -- Up-to-date: /home/corelab/opencv_ros2/install/opencv_telemetry/lib/libopencv_telemetry__rosidl_typesupport_cpp.so
[2.093s] -- Up-to-date: /home/corelab/opencv_ros2/install/opencv_telemetry/share/opencv_telemetry/environment/pythonpath.sh
[2.093s] -- Up-to-date: /home/corelab/opencv_ros2/install/opencv_telemetry/share/opencv_telemetry/environment/pythonpath.dsv
[2.093s] -- Up-to-date: /home/corelab/opencv_ros2/install/opencv_telemetry/lib/python3.8/site-packages/opencv_telemetry/__init__.py
[2.117s] -- Up-to-date: /home/corelab/opencv_ros2/install/opencv_telemetry/lib/python3.8/site-packages/opencv_telemetry/msg
[2.117s] -- Up-to-date: /home/corelab/opencv_ros2/install/opencv_telemetry/lib/python3.8/site-packages/opencv_telemetry/msg/__init__.py
[2.117s] -- Up-to-date: /home/corelab/opencv_ros2/install/opencv_telemetry/lib/python3.8/site-packages/opencv_telemetry/msg/_resized_image_s.c
[2.117s] -- Up-to-date: /home/corelab/opencv_ros2/install/opencv_telemetry/lib/python3.8/site-packages/opencv_telemetry/msg/_resized_image.py
[2.117s] -- Up-to-date: /home/corelab/opencv_ros2/install/opencv_telemetry/lib/python3.8/site-packages/opencv_telemetry/opencv_telemetry_s__rosidl_typesupport_connext_c.cpython-38-x86_64-linux-gnu.so
[2.117s] -- Up-to-date: /home/corelab/opencv_ros2/install/opencv_telemetry/lib/python3.8/site-packages/opencv_telemetry/opencv_telemetry_s__rosidl_typesupport_fastrtps_c.cpython-38-x86_64-linux-gnu.so
[2.117s] -- Up-to-date: /home/corelab/opencv_ros2/install/opencv_telemetry/lib/python3.8/site-packages/opencv_telemetry/opencv_telemetry_s__rosidl_typesupport_introspection_c.cpython-38-x86_64-linux-gnu.so
[2.117s] -- Up-to-date: /home/corelab/opencv_ros2/install/opencv_telemetry/lib/python3.8/site-packages/opencv_telemetry/opencv_telemetry_s__rosidl_typesupport_c.cpython-38-x86_64-linux-gnu.so
[2.117s] -- Up-to-date: /home/corelab/opencv_ros2/install/opencv_telemetry/lib/libopencv_telemetry__python.so
[2.117s] -- Up-to-date: /home/corelab/opencv_ros2/install/opencv_telemetry/share/opencv_telemetry/msg/ResizedImage.idl
[2.117s] -- Up-to-date: /home/corelab/opencv_ros2/install/opencv_telemetry/share/opencv_telemetry/msg/ResizedImage.msg
[2.117s] -- Up-to-date: /home/corelab/opencv_ros2/install/opencv_telemetry/share/opencv_telemetry/resized_plugins.xml
[2.117s] -- Installing: /home/corelab/opencv_ros2/install/opencv_telemetry/lib/opencv_telemetry/opencv_subscriber
[2.118s] -- Set runtime path of "/home/corelab/opencv_ros2/install/opencv_telemetry/lib/opencv_telemetry/opencv_subscriber" to ""
[2.118s] -- Up-to-date: /home/corelab/opencv_ros2/install/opencv_telemetry/lib/libresized_plugins.so
[2.118s] -- Up-to-date: /home/corelab/opencv_ros2/install/opencv_telemetry/lib/opencv_telemetry/minimal_opencv_ros2_node
[2.118s] -- Up-to-date: /home/corelab/opencv_ros2/install/opencv_telemetry/lib/opencv_telemetry/split_sync_images
[2.118s] -- Up-to-date: /home/corelab/opencv_ros2/install/opencv_telemetry/include
[2.118s] -- Up-to-date: /home/corelab/opencv_ros2/install/opencv_telemetry/include/opencv_telemetry
[2.118s] -- Up-to-date: /home/corelab/opencv_ros2/install/opencv_telemetry/include/opencv_telemetry/resized_subscriber.hpp
[2.118s] -- Up-to-date: /home/corelab/opencv_ros2/install/opencv_telemetry/include/opencv_telemetry/resized_publisher.hpp
[2.118s] -- Up-to-date: /home/corelab/opencv_ros2/install/opencv_telemetry/share/ament_index/resource_index/package_run_dependencies/opencv_telemetry
[2.118s] -- Up-to-date: /home/corelab/opencv_ros2/install/opencv_telemetry/share/ament_index/resource_index/parent_prefix_path/opencv_telemetry
[2.118s] -- Up-to-date: /home/corelab/opencv_ros2/install/opencv_telemetry/share/opencv_telemetry/environment/ament_prefix_path.sh
[2.118s] -- Up-to-date: /home/corelab/opencv_ros2/install/opencv_telemetry/share/opencv_telemetry/environment/ament_prefix_path.dsv
[2.119s] -- Up-to-date: /home/corelab/opencv_ros2/install/opencv_telemetry/share/opencv_telemetry/environment/path.sh
[2.119s] -- Up-to-date: /home/corelab/opencv_ros2/install/opencv_telemetry/share/opencv_telemetry/environment/path.dsv
[2.119s] -- Up-to-date: /home/corelab/opencv_ros2/install/opencv_telemetry/share/opencv_telemetry/local_setup.bash
[2.119s] -- Up-to-date: /home/corelab/opencv_ros2/install/opencv_telemetry/share/opencv_telemetry/local_setup.sh
[2.119s] -- Up-to-date: /home/corelab/opencv_ros2/install/opencv_telemetry/share/opencv_telemetry/local_setup.zsh
[2.119s] -- Up-to-date: /home/corelab/opencv_ros2/install/opencv_telemetry/share/opencv_telemetry/local_setup.dsv
[2.119s] -- Installing: /home/corelab/opencv_ros2/install/opencv_telemetry/share/opencv_telemetry/package.dsv
[2.119s] -- Up-to-date: /home/corelab/opencv_ros2/install/opencv_telemetry/share/ament_index/resource_index/packages/opencv_telemetry
[2.119s] -- Up-to-date: /home/corelab/opencv_ros2/install/opencv_telemetry/share/ament_index/resource_index/opencv_telemetry__pluginlib__plugin/opencv_telemetry
[2.119s] -- Up-to-date: /home/corelab/opencv_ros2/install/opencv_telemetry/share/opencv_telemetry/cmake/opencv_telemetry__rosidl_generator_cExport.cmake
[2.119s] -- Up-to-date: /home/corelab/opencv_ros2/install/opencv_telemetry/share/opencv_telemetry/cmake/opencv_telemetry__rosidl_generator_cExport-noconfig.cmake
[2.119s] -- Up-to-date: /home/corelab/opencv_ros2/install/opencv_telemetry/share/opencv_telemetry/cmake/opencv_telemetry__rosidl_typesupport_introspection_cExport.cmake
[2.119s] -- Up-to-date: /home/corelab/opencv_ros2/install/opencv_telemetry/share/opencv_telemetry/cmake/opencv_telemetry__rosidl_typesupport_introspection_cExport-noconfig.cmake
[2.119s] -- Up-to-date: /home/corelab/opencv_ros2/install/opencv_telemetry/share/opencv_telemetry/cmake/opencv_telemetry__rosidl_typesupport_cExport.cmake
[2.119s] -- Up-to-date: /home/corelab/opencv_ros2/install/opencv_telemetry/share/opencv_telemetry/cmake/opencv_telemetry__rosidl_typesupport_cExport-noconfig.cmake
[2.119s] -- Up-to-date: /home/corelab/opencv_ros2/install/opencv_telemetry/share/opencv_telemetry/cmake/opencv_telemetry__rosidl_generator_cppExport.cmake
[2.119s] -- Up-to-date: /home/corelab/opencv_ros2/install/opencv_telemetry/share/opencv_telemetry/cmake/opencv_telemetry__rosidl_typesupport_introspection_cppExport.cmake
[2.119s] -- Up-to-date: /home/corelab/opencv_ros2/install/opencv_telemetry/share/opencv_telemetry/cmake/opencv_telemetry__rosidl_typesupport_introspection_cppExport-noconfig.cmake
[2.120s] -- Up-to-date: /home/corelab/opencv_ros2/install/opencv_telemetry/share/opencv_telemetry/cmake/opencv_telemetry__rosidl_typesupport_cppExport.cmake
[2.120s] -- Up-to-date: /home/corelab/opencv_ros2/install/opencv_telemetry/share/opencv_telemetry/cmake/opencv_telemetry__rosidl_typesupport_cppExport-noconfig.cmake
[2.120s] -- Up-to-date: /home/corelab/opencv_ros2/install/opencv_telemetry/share/opencv_telemetry/cmake/rosidl_cmake-extras.cmake
[2.120s] -- Up-to-date: /home/corelab/opencv_ros2/install/opencv_telemetry/share/opencv_telemetry/cmake/ament_cmake_export_dependencies-extras.cmake
[2.120s] -- Up-to-date: /home/corelab/opencv_ros2/install/opencv_telemetry/share/opencv_telemetry/cmake/ament_cmake_export_libraries-extras.cmake
[2.120s] -- Up-to-date: /home/corelab/opencv_ros2/install/opencv_telemetry/share/opencv_telemetry/cmake/ament_cmake_export_targets-extras.cmake
[2.120s] -- Up-to-date: /home/corelab/opencv_ros2/install/opencv_telemetry/share/opencv_telemetry/cmake/ament_cmake_export_include_directories-extras.cmake
[2.120s] -- Up-to-date: /home/corelab/opencv_ros2/install/opencv_telemetry/share/opencv_telemetry/cmake/rosidl_cmake_export_typesupport_libraries-extras.cmake
[2.120s] -- Up-to-date: /home/corelab/opencv_ros2/install/opencv_telemetry/share/opencv_telemetry/cmake/rosidl_cmake_export_typesupport_targets-extras.cmake
[2.120s] -- Up-to-date: /home/corelab/opencv_ros2/install/opencv_telemetry/share/opencv_telemetry/cmake/opencv_telemetryConfig.cmake
[2.120s] -- Up-to-date: /home/corelab/opencv_ros2/install/opencv_telemetry/share/opencv_telemetry/cmake/opencv_telemetryConfig-version.cmake
[2.120s] -- Up-to-date: /home/corelab/opencv_ros2/install/opencv_telemetry/share/opencv_telemetry/package.xml
[2.124s] Invoked command in '/home/corelab/opencv_ros2/build/opencv_telemetry' returned '0': CMAKE_PREFIX_PATH=${CMAKE_PREFIX_PATH}:/home/corelab/ros2_camera_calibration/install/camera_calibration:/opt/ros/foxy /home/corelab/.local/bin/cmake --install /home/corelab/opencv_ros2/build/opencv_telemetry
