-- Found ament_cmake: 0.9.12 (/opt/ros/foxy/share/ament_cmake/cmake)
-- Using PYTHON_EXECUTABLE: /usr/bin/python3
-- Override CMake install command with custom implementation using symlinks instead of copying resources
-- Found rclcpp: 2.4.3 (/opt/ros/foxy/share/rclcpp/cmake)
-- Using all available rosidl_typesupport_c: rosidl_typesupport_connext_c;rosidl_typesupport_fastrtps_c;rosidl_typesupport_introspection_c
-- Found rosidl_adapter: 1.3.1 (/opt/ros/foxy/share/rosidl_adapter/cmake)
-- Found RTI Connext: /opt/rti.com/rti_connext_dds-5.3.1
[0mCMake Deprecation Warning at /home/corelab/GitHub/CatchingBlimp/Summer2023/ros2_stereo/build/stereo_combined/connext_cmake_module/check_abi/CMakeLists.txt:15 (cmake_minimum_required):
  Compatibility with CMake < 2.8.12 will be removed from a future version of
  CMake.

  Update the VERSION argument <min> value or use a ...<max> suffix to tell
  CMake that the project does not need compatibility with older versions.

[0m
-- Using all available rosidl_typesupport_cpp: rosidl_typesupport_connext_cpp;rosidl_typesupport_fastrtps_cpp;rosidl_typesupport_introspection_cpp
-- Found rmw_implementation_cmake: 1.0.4 (/opt/ros/foxy/share/rmw_implementation_cmake/cmake)
-- Using RMW implementation 'rmw_fastrtps_cpp' as default
-- Found sensor_msgs: 2.0.5 (/opt/ros/foxy/share/sensor_msgs/cmake)
-- Found cv_bridge: 3.0.7 (/opt/ros/foxy/share/cv_bridge/cmake)
-- Found image_transport: 2.4.0 (/opt/ros/foxy/share/image_transport/cmake)
-- Found image_geometry: 3.0.7 (/opt/ros/foxy/share/image_geometry/cmake)
-- Found camera_info_manager: 2.4.0 (/opt/ros/foxy/share/camera_info_manager/cmake)
-- Setting yaml-cpp_DIR to: '/opt/ros/foxy/share/yaml_cpp_vendor/cmake/../../../opt/yaml_cpp_vendor/lib/cmake/yaml-cpp'
-- Configuring done
-- Generating done
-- Build files have been written to: /home/corelab/GitHub/CatchingBlimp/Summer2023/ros2_stereo/build/stereo_combined
[ 20%] [32mBuilding CXX object CMakeFiles/stereo_combined_node.dir/src/stereo_combined_node.cpp.o[0m
[ 60%] [32mBuilding CXX object CMakeFiles/stereo_combined_node.dir/src/StereoCombined.cpp.o[0m
[ 60%] [32mBuilding CXX object CMakeFiles/stereo_combined_node.dir/src/stereo_processor.cpp.o[0m
[01m[K/home/corelab/GitHub/CatchingBlimp/Summer2023/ros2_stereo/src/stereo_combined/src/StereoCombined.cpp:[m[K In constructor ‘[01m[KStereoCombined::StereoCombined()[m[K’:
[01m[K/home/corelab/GitHub/CatchingBlimp/Summer2023/ros2_stereo/src/stereo_combined/src/StereoCombined.cpp:65:90:[m[K [01;31m[Kerror: [m[K‘[01m[KDisparityNode[m[K’ has not been declared
   65 |     on_set_parameters_callback_handle_ = this->add_on_set_parameters_callback(std::bind(&[01;31m[KDisparityNode[m[K::parameterSetCb, this, _1));
      |                                                                                          [01;31m[K^~~~~~~~~~~~~[m[K
[01m[K/home/corelab/GitHub/CatchingBlimp/Summer2023/ros2_stereo/src/stereo_combined/src/StereoCombined.cpp:60:9:[m[K [01;35m[Kwarning: [m[Kunused variable ‘[01m[Kqueue_size[m[K’ [[01;35m[K-Wunused-variable[m[K]
   60 |     int [01;35m[Kqueue_size[m[K = this->declare_parameter("queue_size", 7);
      |         [01;35m[K^~~~~~~~~~[m[K
[01m[K/home/corelab/GitHub/CatchingBlimp/Summer2023/ros2_stereo/src/stereo_combined/src/StereoCombined.cpp:[m[K In member function ‘[01m[Krcl_interfaces::msg::SetParametersResult StereoCombined::parameterSetCb(const std::vector<rclcpp::Parameter>&)[m[K’:
[01m[K/home/corelab/GitHub/CatchingBlimp/Summer2023/ros2_stereo/src/stereo_combined/src/StereoCombined.cpp:163:46:[m[K [01;31m[Kerror: [m[K‘[01m[KStereoProcessor[m[K’ has not been declared
  163 |                 block_matcher_.setStereoType([01;31m[KStereoProcessor[m[K::BM);
      |                                              [01;31m[K^~~~~~~~~~~~~~~[m[K
[01m[K/home/corelab/GitHub/CatchingBlimp/Summer2023/ros2_stereo/src/stereo_combined/src/StereoCombined.cpp:165:46:[m[K [01;31m[Kerror: [m[K‘[01m[KStereoProcessor[m[K’ has not been declared
  165 |                 block_matcher_.setStereoType([01;31m[KStereoProcessor[m[K::SGBM);
      |                                              [01;31m[K^~~~~~~~~~~~~~~[m[K
In file included from [01m[K/home/corelab/GitHub/CatchingBlimp/Summer2023/ros2_stereo/src/stereo_combined/src/stereo_combined_node.cpp:3[m[K:
[01m[K/home/corelab/GitHub/CatchingBlimp/Summer2023/ros2_stereo/src/stereo_combined/include/StereoCombined.hpp:143:13:[m[K [01;35m[Kwarning: [m[K‘[01m[Kvoid add_param_to_map(std::map<std::__cxx11::basic_string<char>, std::pair<double, rcl_interfaces::msg::ParameterDescriptor_<std::allocator<void> > > >&, const string&, const string&, double, double, double, double)[m[K’ defined but not used [[01;35m[K-Wunused-function[m[K]
  143 | static void [01;35m[Kadd_param_to_map[m[K(
      |             [01;35m[K^~~~~~~~~~~~~~~~[m[K
[01m[K/home/corelab/GitHub/CatchingBlimp/Summer2023/ros2_stereo/src/stereo_combined/include/StereoCombined.hpp:125:13:[m[K [01;35m[Kwarning: [m[K‘[01m[Kvoid add_param_to_map(std::map<std::__cxx11::basic_string<char>, std::pair<int, rcl_interfaces::msg::ParameterDescriptor_<std::allocator<void> > > >&, const string&, const string&, int, int, int, int)[m[K’ defined but not used [[01;35m[K-Wunused-function[m[K]
  125 | static void [01;35m[Kadd_param_to_map[m[K(
      |             [01;35m[K^~~~~~~~~~~~~~~~[m[K
make[2]: *** [CMakeFiles/stereo_combined_node.dir/build.make:90: CMakeFiles/stereo_combined_node.dir/src/StereoCombined.cpp.o] Error 1
make[1]: *** [CMakeFiles/Makefile2:137: CMakeFiles/stereo_combined_node.dir/all] Error 2
make: *** [Makefile:146: all] Error 2
