[0.035s] Invoking command in '/home/corelab/GitHub/CatchingBlimp/Summer2023/ros2_stereo/build/gscam2': CMAKE_PREFIX_PATH=/home/corelab/GitHub/CatchingBlimp/Summer2023/ros2_stereo/install/ros2_shared:/home/corelab/Luke_ML_Blimp/ros2_tracks_ws/install/yolo_msgs:/home/corelab/GitHub/CatchingBlimp/Summer2023/ros2_stereo/install/stereo_image_proc:/home/corelab/GitHub/CatchingBlimp/Summer2023/ros2_stereo/install/yolo_msgs:/home/corelab/GitHub/CatchingBlimp/Summer2023/ros2_stereo/install/stereo_combined:/home/corelab/GitHub/CatchingBlimp/Summer2023/ros2_stereo/install/gscam2:/home/corelab/GitHub/CatchingBlimp/Summer2023/ros2_stereo/install/opencv_telemetry:/home/corelab/GitHub/CatchingBlimp/Summer2023/ros2_stereo/install/image_view:/home/corelab/GitHub/CatchingBlimp/Summer2023/ros2_stereo/install/image_proc:/home/corelab/Luke_ML_Blimp/ros2_tracks_ws/install/track_ros2:/opt/ros/foxy /home/corelab/.local/bin/cmake --build /home/corelab/GitHub/CatchingBlimp/Summer2023/ros2_stereo/build/gscam2 -- -j16 -l16
[0.078s] [ 28%] Built target gtest
[0.078s] [ 28%] Built target subscriber_node
[0.078s] [ 42%] Built target gtest_main
[0.078s] [ 57%] Built target gscam_node
[0.088s] [ 92%] Built target ipc_test_main
[0.088s] [100%] Built target smoke_test
[0.088s] [100%] Built target gscam_main
[0.109s] Invoked command in '/home/corelab/GitHub/CatchingBlimp/Summer2023/ros2_stereo/build/gscam2' returned '0': CMAKE_PREFIX_PATH=/home/corelab/GitHub/CatchingBlimp/Summer2023/ros2_stereo/install/ros2_shared:/home/corelab/Luke_ML_Blimp/ros2_tracks_ws/install/yolo_msgs:/home/corelab/GitHub/CatchingBlimp/Summer2023/ros2_stereo/install/stereo_image_proc:/home/corelab/GitHub/CatchingBlimp/Summer2023/ros2_stereo/install/yolo_msgs:/home/corelab/GitHub/CatchingBlimp/Summer2023/ros2_stereo/install/stereo_combined:/home/corelab/GitHub/CatchingBlimp/Summer2023/ros2_stereo/install/gscam2:/home/corelab/GitHub/CatchingBlimp/Summer2023/ros2_stereo/install/opencv_telemetry:/home/corelab/GitHub/CatchingBlimp/Summer2023/ros2_stereo/install/image_view:/home/corelab/GitHub/CatchingBlimp/Summer2023/ros2_stereo/install/image_proc:/home/corelab/Luke_ML_Blimp/ros2_tracks_ws/install/track_ros2:/opt/ros/foxy /home/corelab/.local/bin/cmake --build /home/corelab/GitHub/CatchingBlimp/Summer2023/ros2_stereo/build/gscam2 -- -j16 -l16
[0.156s] Invoking command in '/home/corelab/GitHub/CatchingBlimp/Summer2023/ros2_stereo/build/gscam2': CMAKE_PREFIX_PATH=/home/corelab/GitHub/CatchingBlimp/Summer2023/ros2_stereo/install/ros2_shared:/home/corelab/Luke_ML_Blimp/ros2_tracks_ws/install/yolo_msgs:/home/corelab/GitHub/CatchingBlimp/Summer2023/ros2_stereo/install/stereo_image_proc:/home/corelab/GitHub/CatchingBlimp/Summer2023/ros2_stereo/install/yolo_msgs:/home/corelab/GitHub/CatchingBlimp/Summer2023/ros2_stereo/install/stereo_combined:/home/corelab/GitHub/CatchingBlimp/Summer2023/ros2_stereo/install/gscam2:/home/corelab/GitHub/CatchingBlimp/Summer2023/ros2_stereo/install/opencv_telemetry:/home/corelab/GitHub/CatchingBlimp/Summer2023/ros2_stereo/install/image_view:/home/corelab/GitHub/CatchingBlimp/Summer2023/ros2_stereo/install/image_proc:/home/corelab/Luke_ML_Blimp/ros2_tracks_ws/install/track_ros2:/opt/ros/foxy /home/corelab/.local/bin/cmake --install /home/corelab/GitHub/CatchingBlimp/Summer2023/ros2_stereo/build/gscam2
[0.179s] -- Install configuration: ""
[0.180s] -- Execute custom install script
[0.180s] -- Up-to-date symlink: /home/corelab/GitHub/CatchingBlimp/Summer2023/ros2_stereo/install/gscam2/share/gscam2/environment/library_path.sh
[0.180s] -- Up-to-date symlink: /home/corelab/GitHub/CatchingBlimp/Summer2023/ros2_stereo/install/gscam2/share/gscam2/environment/library_path.dsv
[0.180s] -- Up-to-date symlink: /home/corelab/GitHub/CatchingBlimp/Summer2023/ros2_stereo/install/gscam2/share/ament_index/resource_index/package_run_dependencies/gscam2
[0.180s] -- Up-to-date symlink: /home/corelab/GitHub/CatchingBlimp/Summer2023/ros2_stereo/install/gscam2/share/ament_index/resource_index/parent_prefix_path/gscam2
[0.180s] -- Up-to-date symlink: /home/corelab/GitHub/CatchingBlimp/Summer2023/ros2_stereo/install/gscam2/share/gscam2/environment/ament_prefix_path.sh
[0.180s] -- Up-to-date symlink: /home/corelab/GitHub/CatchingBlimp/Summer2023/ros2_stereo/install/gscam2/share/gscam2/environment/ament_prefix_path.dsv
[0.180s] -- Up-to-date symlink: /home/corelab/GitHub/CatchingBlimp/Summer2023/ros2_stereo/install/gscam2/share/gscam2/environment/path.sh
[0.181s] -- Up-to-date symlink: /home/corelab/GitHub/CatchingBlimp/Summer2023/ros2_stereo/install/gscam2/share/gscam2/environment/path.dsv
[0.181s] -- Up-to-date symlink: /home/corelab/GitHub/CatchingBlimp/Summer2023/ros2_stereo/install/gscam2/share/gscam2/local_setup.bash
[0.181s] -- Up-to-date symlink: /home/corelab/GitHub/CatchingBlimp/Summer2023/ros2_stereo/install/gscam2/share/gscam2/local_setup.sh
[0.181s] -- Up-to-date symlink: /home/corelab/GitHub/CatchingBlimp/Summer2023/ros2_stereo/install/gscam2/share/gscam2/local_setup.zsh
[0.181s] -- Up-to-date symlink: /home/corelab/GitHub/CatchingBlimp/Summer2023/ros2_stereo/install/gscam2/share/gscam2/local_setup.dsv
[0.181s] -- Symlinking: /home/corelab/GitHub/CatchingBlimp/Summer2023/ros2_stereo/install/gscam2/share/gscam2/package.dsv
[0.183s] -- Up-to-date symlink: /home/corelab/GitHub/CatchingBlimp/Summer2023/ros2_stereo/install/gscam2/share/ament_index/resource_index/packages/gscam2
[0.183s] -- Up-to-date symlink: /home/corelab/GitHub/CatchingBlimp/Summer2023/ros2_stereo/install/gscam2/share/ament_index/resource_index/rclcpp_components/gscam2
[0.183s] -- Up-to-date symlink: /home/corelab/GitHub/CatchingBlimp/Summer2023/ros2_stereo/install/gscam2/share/gscam2/cmake/ament_cmake_export_dependencies-extras.cmake
[0.183s] -- Up-to-date symlink: /home/corelab/GitHub/CatchingBlimp/Summer2023/ros2_stereo/install/gscam2/share/gscam2/cmake/ament_cmake_export_include_directories-extras.cmake
[0.183s] -- Up-to-date symlink: /home/corelab/GitHub/CatchingBlimp/Summer2023/ros2_stereo/install/gscam2/share/gscam2/cmake/ament_cmake_export_targets-extras.cmake
[0.183s] -- Up-to-date symlink: /home/corelab/GitHub/CatchingBlimp/Summer2023/ros2_stereo/install/gscam2/share/gscam2/cmake/ament_cmake_export_libraries-extras.cmake
[0.183s] -- Up-to-date symlink: /home/corelab/GitHub/CatchingBlimp/Summer2023/ros2_stereo/install/gscam2/share/gscam2/cmake/gscam2Config.cmake
[0.183s] -- Up-to-date symlink: /home/corelab/GitHub/CatchingBlimp/Summer2023/ros2_stereo/install/gscam2/share/gscam2/cmake/gscam2Config-version.cmake
[0.183s] -- Up-to-date symlink: /home/corelab/GitHub/CatchingBlimp/Summer2023/ros2_stereo/install/gscam2/share/gscam2/package.xml
[0.184s] -- Up-to-date symlink: /home/corelab/GitHub/CatchingBlimp/Summer2023/ros2_stereo/install/gscam2/include/gscam2/gscam_node.hpp
[0.184s] -- Up-to-date symlink: /home/corelab/GitHub/CatchingBlimp/Summer2023/ros2_stereo/install/gscam2/include/gscam2/subscriber_node.hpp
[0.184s] -- Up-to-date symlink: /home/corelab/GitHub/CatchingBlimp/Summer2023/ros2_stereo/install/gscam2/lib/gscam2/gscam_main
[0.184s] -- Up-to-date symlink: /home/corelab/GitHub/CatchingBlimp/Summer2023/ros2_stereo/install/gscam2/lib/gscam2/ipc_test_main
[0.184s] -- Up-to-date symlink: /home/corelab/GitHub/CatchingBlimp/Summer2023/ros2_stereo/install/gscam2/share/gscam2/cfg/elp_left.yaml
[0.184s] -- Up-to-date symlink: /home/corelab/GitHub/CatchingBlimp/Summer2023/ros2_stereo/install/gscam2/share/gscam2/cfg/my_camera.ini
[0.184s] -- Up-to-date symlink: /home/corelab/GitHub/CatchingBlimp/Summer2023/ros2_stereo/install/gscam2/share/gscam2/cfg/params.yaml
[0.184s] -- Up-to-date symlink: /home/corelab/GitHub/CatchingBlimp/Summer2023/ros2_stereo/install/gscam2/share/gscam2/cfg/workaround_params.yaml
[0.185s] -- Up-to-date symlink: /home/corelab/GitHub/CatchingBlimp/Summer2023/ros2_stereo/install/gscam2/share/gscam2/launch/.vscode/c_cpp_properties.json
[0.185s] -- Up-to-date symlink: /home/corelab/GitHub/CatchingBlimp/Summer2023/ros2_stereo/install/gscam2/share/gscam2/launch/.vscode/settings.json
[0.185s] -- Up-to-date symlink: /home/corelab/GitHub/CatchingBlimp/Summer2023/ros2_stereo/install/gscam2/share/gscam2/launch/composition_launch.py
[0.185s] -- Up-to-date symlink: /home/corelab/GitHub/CatchingBlimp/Summer2023/ros2_stereo/install/gscam2/share/gscam2/launch/container_param_launch.py
[0.185s] -- Up-to-date symlink: /home/corelab/GitHub/CatchingBlimp/Summer2023/ros2_stereo/install/gscam2/share/gscam2/launch/node_param_launch.py
[0.185s] -- Up-to-date: /home/corelab/GitHub/CatchingBlimp/Summer2023/ros2_stereo/install/gscam2/share/gscam2/cmake/export_gscam_nodeExport.cmake
[0.185s] -- Up-to-date: /home/corelab/GitHub/CatchingBlimp/Summer2023/ros2_stereo/install/gscam2/share/gscam2/cmake/export_gscam_nodeExport-noconfig.cmake
[0.185s] -- Up-to-date: /home/corelab/GitHub/CatchingBlimp/Summer2023/ros2_stereo/install/gscam2/share/gscam2/cmake/export_subscriber_nodeExport.cmake
[0.185s] -- Up-to-date: /home/corelab/GitHub/CatchingBlimp/Summer2023/ros2_stereo/install/gscam2/share/gscam2/cmake/export_subscriber_nodeExport-noconfig.cmake
[0.185s] -- Up-to-date: /home/corelab/GitHub/CatchingBlimp/Summer2023/ros2_stereo/install/gscam2/lib/libgscam_node.so
[0.185s] -- Up-to-date: /home/corelab/GitHub/CatchingBlimp/Summer2023/ros2_stereo/install/gscam2/lib/libsubscriber_node.so
[0.191s] Invoked command in '/home/corelab/GitHub/CatchingBlimp/Summer2023/ros2_stereo/build/gscam2' returned '0': CMAKE_PREFIX_PATH=/home/corelab/GitHub/CatchingBlimp/Summer2023/ros2_stereo/install/ros2_shared:/home/corelab/Luke_ML_Blimp/ros2_tracks_ws/install/yolo_msgs:/home/corelab/GitHub/CatchingBlimp/Summer2023/ros2_stereo/install/stereo_image_proc:/home/corelab/GitHub/CatchingBlimp/Summer2023/ros2_stereo/install/yolo_msgs:/home/corelab/GitHub/CatchingBlimp/Summer2023/ros2_stereo/install/stereo_combined:/home/corelab/GitHub/CatchingBlimp/Summer2023/ros2_stereo/install/gscam2:/home/corelab/GitHub/CatchingBlimp/Summer2023/ros2_stereo/install/opencv_telemetry:/home/corelab/GitHub/CatchingBlimp/Summer2023/ros2_stereo/install/image_view:/home/corelab/GitHub/CatchingBlimp/Summer2023/ros2_stereo/install/image_proc:/home/corelab/Luke_ML_Blimp/ros2_tracks_ws/install/track_ros2:/opt/ros/foxy /home/corelab/.local/bin/cmake --install /home/corelab/GitHub/CatchingBlimp/Summer2023/ros2_stereo/build/gscam2
