[ 12%] Built target yolo_msgs__rosidl_generator_c
[ 10%] Built target yolo_msgs__cpp
[ 23%] Built target yolo_msgs__rosidl_typesupport_c
[ 44%] Built target yolo_msgs__rosidl_typesupport_introspection_c
[ 44%] Built target yolo_msgs__rosidl_typesupport_cpp
[ 55%] Built target yolo_msgs__rosidl_typesupport_introspection_cpp
[ 65%] Built target yolo_msgs__rosidl_typesupport_fastrtps_cpp
[ 76%] Built target yolo_msgs__rosidl_typesupport_fastrtps_c
[ 76%] Built target yolo_msgs
[ 78%] Built target yolo_msgs__py
[ 87%] Built target yolo_msgs__python
[ 95%] Built target yolo_msgs__rosidl_typesupport_introspection_c__pyext
[ 95%] Built target yolo_msgs__rosidl_typesupport_fastrtps_c__pyext
[100%] Built target yolo_msgs__rosidl_typesupport_c__pyext
-- Install configuration: ""
-- Execute custom install script
-- Symlinking: /home/corelab/CatchingBlimp/Summer2023/ros2_stereo/src/install/yolo_msgs/share/ament_index/resource_index/rosidl_interfaces/yolo_msgs
-- Symlinking: /home/corelab/CatchingBlimp/Summer2023/ros2_stereo/src/install/yolo_msgs/include/yolo_msgs/msg/bounding_box.h
-- Symlinking: /home/corelab/CatchingBlimp/Summer2023/ros2_stereo/src/install/yolo_msgs/include/yolo_msgs/msg/bounding_boxes.h
-- Symlinking: /home/corelab/CatchingBlimp/Summer2023/ros2_stereo/src/install/yolo_msgs/include/yolo_msgs/msg/detail/bounding_box__functions.h
-- Symlinking: /home/corelab/CatchingBlimp/Summer2023/ros2_stereo/src/install/yolo_msgs/include/yolo_msgs/msg/detail/bounding_box__struct.h
-- Symlinking: /home/corelab/CatchingBlimp/Summer2023/ros2_stereo/src/install/yolo_msgs/include/yolo_msgs/msg/detail/bounding_box__type_support.h
-- Symlinking: /home/corelab/CatchingBlimp/Summer2023/ros2_stereo/src/install/yolo_msgs/include/yolo_msgs/msg/detail/bounding_boxes__functions.h
-- Symlinking: /home/corelab/CatchingBlimp/Summer2023/ros2_stereo/src/install/yolo_msgs/include/yolo_msgs/msg/detail/bounding_boxes__struct.h
-- Symlinking: /home/corelab/CatchingBlimp/Summer2023/ros2_stereo/src/install/yolo_msgs/include/yolo_msgs/msg/detail/bounding_boxes__type_support.h
-- Symlinking: /home/corelab/CatchingBlimp/Summer2023/ros2_stereo/src/install/yolo_msgs/include/yolo_msgs/msg/detail/object_count__functions.h
-- Symlinking: /home/corelab/CatchingBlimp/Summer2023/ros2_stereo/src/install/yolo_msgs/include/yolo_msgs/msg/detail/object_count__struct.h
-- Symlinking: /home/corelab/CatchingBlimp/Summer2023/ros2_stereo/src/install/yolo_msgs/include/yolo_msgs/msg/detail/object_count__type_support.h
-- Symlinking: /home/corelab/CatchingBlimp/Summer2023/ros2_stereo/src/install/yolo_msgs/include/yolo_msgs/msg/object_count.h
-- Symlinking: /home/corelab/CatchingBlimp/Summer2023/ros2_stereo/src/install/yolo_msgs/include/yolo_msgs/msg/rosidl_generator_c__visibility_control.h
-- Symlinking: /home/corelab/CatchingBlimp/Summer2023/ros2_stereo/src/install/yolo_msgs/share/yolo_msgs/environment/library_path.sh
-- Symlinking: /home/corelab/CatchingBlimp/Summer2023/ros2_stereo/src/install/yolo_msgs/share/yolo_msgs/environment/library_path.dsv
-- Symlinking: /home/corelab/CatchingBlimp/Summer2023/ros2_stereo/src/install/yolo_msgs/include/yolo_msgs/msg/detail/bounding_box__rosidl_typesupport_fastrtps_c.h
-- Symlinking: /home/corelab/CatchingBlimp/Summer2023/ros2_stereo/src/install/yolo_msgs/include/yolo_msgs/msg/detail/bounding_boxes__rosidl_typesupport_fastrtps_c.h
-- Symlinking: /home/corelab/CatchingBlimp/Summer2023/ros2_stereo/src/install/yolo_msgs/include/yolo_msgs/msg/detail/object_count__rosidl_typesupport_fastrtps_c.h
-- Symlinking: /home/corelab/CatchingBlimp/Summer2023/ros2_stereo/src/install/yolo_msgs/include/yolo_msgs/msg/rosidl_typesupport_fastrtps_c__visibility_control.h
-- Symlinking: /home/corelab/CatchingBlimp/Summer2023/ros2_stereo/src/install/yolo_msgs/lib/libyolo_msgs__rosidl_typesupport_fastrtps_c.so
-- Symlinking: /home/corelab/CatchingBlimp/Summer2023/ros2_stereo/src/install/yolo_msgs/include/yolo_msgs/msg/detail/bounding_box__rosidl_typesupport_fastrtps_cpp.hpp
-- Symlinking: /home/corelab/CatchingBlimp/Summer2023/ros2_stereo/src/install/yolo_msgs/include/yolo_msgs/msg/detail/bounding_boxes__rosidl_typesupport_fastrtps_cpp.hpp
-- Symlinking: /home/corelab/CatchingBlimp/Summer2023/ros2_stereo/src/install/yolo_msgs/include/yolo_msgs/msg/detail/object_count__rosidl_typesupport_fastrtps_cpp.hpp
-- Symlinking: /home/corelab/CatchingBlimp/Summer2023/ros2_stereo/src/install/yolo_msgs/include/yolo_msgs/msg/rosidl_typesupport_fastrtps_cpp__visibility_control.h
-- Symlinking: /home/corelab/CatchingBlimp/Summer2023/ros2_stereo/src/install/yolo_msgs/lib/libyolo_msgs__rosidl_typesupport_fastrtps_cpp.so
-- Symlinking: /home/corelab/CatchingBlimp/Summer2023/ros2_stereo/src/install/yolo_msgs/include/yolo_msgs/msg/detail/bounding_box__rosidl_typesupport_introspection_c.h
-- Symlinking: /home/corelab/CatchingBlimp/Summer2023/ros2_stereo/src/install/yolo_msgs/include/yolo_msgs/msg/detail/bounding_boxes__rosidl_typesupport_introspection_c.h
-- Symlinking: /home/corelab/CatchingBlimp/Summer2023/ros2_stereo/src/install/yolo_msgs/include/yolo_msgs/msg/detail/object_count__rosidl_typesupport_introspection_c.h
-- Symlinking: /home/corelab/CatchingBlimp/Summer2023/ros2_stereo/src/install/yolo_msgs/include/yolo_msgs/msg/rosidl_typesupport_introspection_c__visibility_control.h
-- Symlinking: /home/corelab/CatchingBlimp/Summer2023/ros2_stereo/src/install/yolo_msgs/include/yolo_msgs/msg/bounding_box.hpp
-- Symlinking: /home/corelab/CatchingBlimp/Summer2023/ros2_stereo/src/install/yolo_msgs/include/yolo_msgs/msg/bounding_boxes.hpp
-- Symlinking: /home/corelab/CatchingBlimp/Summer2023/ros2_stereo/src/install/yolo_msgs/include/yolo_msgs/msg/detail/bounding_box__builder.hpp
-- Symlinking: /home/corelab/CatchingBlimp/Summer2023/ros2_stereo/src/install/yolo_msgs/include/yolo_msgs/msg/detail/bounding_box__struct.hpp
-- Symlinking: /home/corelab/CatchingBlimp/Summer2023/ros2_stereo/src/install/yolo_msgs/include/yolo_msgs/msg/detail/bounding_box__traits.hpp
-- Symlinking: /home/corelab/CatchingBlimp/Summer2023/ros2_stereo/src/install/yolo_msgs/include/yolo_msgs/msg/detail/bounding_box__type_support.hpp
-- Symlinking: /home/corelab/CatchingBlimp/Summer2023/ros2_stereo/src/install/yolo_msgs/include/yolo_msgs/msg/detail/bounding_boxes__builder.hpp
-- Symlinking: /home/corelab/CatchingBlimp/Summer2023/ros2_stereo/src/install/yolo_msgs/include/yolo_msgs/msg/detail/bounding_boxes__struct.hpp
-- Symlinking: /home/corelab/CatchingBlimp/Summer2023/ros2_stereo/src/install/yolo_msgs/include/yolo_msgs/msg/detail/bounding_boxes__traits.hpp
-- Symlinking: /home/corelab/CatchingBlimp/Summer2023/ros2_stereo/src/install/yolo_msgs/include/yolo_msgs/msg/detail/bounding_boxes__type_support.hpp
-- Symlinking: /home/corelab/CatchingBlimp/Summer2023/ros2_stereo/src/install/yolo_msgs/include/yolo_msgs/msg/detail/object_count__builder.hpp
-- Symlinking: /home/corelab/CatchingBlimp/Summer2023/ros2_stereo/src/install/yolo_msgs/include/yolo_msgs/msg/detail/object_count__struct.hpp
-- Symlinking: /home/corelab/CatchingBlimp/Summer2023/ros2_stereo/src/install/yolo_msgs/include/yolo_msgs/msg/detail/object_count__traits.hpp
-- Symlinking: /home/corelab/CatchingBlimp/Summer2023/ros2_stereo/src/install/yolo_msgs/include/yolo_msgs/msg/detail/object_count__type_support.hpp
-- Symlinking: /home/corelab/CatchingBlimp/Summer2023/ros2_stereo/src/install/yolo_msgs/include/yolo_msgs/msg/object_count.hpp
-- Symlinking: /home/corelab/CatchingBlimp/Summer2023/ros2_stereo/src/install/yolo_msgs/include/yolo_msgs/msg/rosidl_generator_cpp__visibility_control.hpp
-- Symlinking: /home/corelab/CatchingBlimp/Summer2023/ros2_stereo/src/install/yolo_msgs/include/yolo_msgs/msg/detail/bounding_box__rosidl_typesupport_introspection_cpp.hpp
-- Symlinking: /home/corelab/CatchingBlimp/Summer2023/ros2_stereo/src/install/yolo_msgs/include/yolo_msgs/msg/detail/bounding_boxes__rosidl_typesupport_introspection_cpp.hpp
-- Symlinking: /home/corelab/CatchingBlimp/Summer2023/ros2_stereo/src/install/yolo_msgs/include/yolo_msgs/msg/detail/object_count__rosidl_typesupport_introspection_cpp.hpp
-- Symlinking: /home/corelab/CatchingBlimp/Summer2023/ros2_stereo/src/install/yolo_msgs/share/yolo_msgs/environment/pythonpath.sh
-- Symlinking: /home/corelab/CatchingBlimp/Summer2023/ros2_stereo/src/install/yolo_msgs/share/yolo_msgs/environment/pythonpath.dsv
-- Symlinking: /home/corelab/CatchingBlimp/Summer2023/ros2_stereo/src/install/yolo_msgs/lib/python3.8/site-packages/yolo_msgs/__init__.py
-- Symlinking: /home/corelab/CatchingBlimp/Summer2023/ros2_stereo/src/install/yolo_msgs/lib/python3.8/site-packages/yolo_msgs/msg/__init__.py
-- Symlinking: /home/corelab/CatchingBlimp/Summer2023/ros2_stereo/src/install/yolo_msgs/lib/python3.8/site-packages/yolo_msgs/msg/_bounding_box.py
-- Symlinking: /home/corelab/CatchingBlimp/Summer2023/ros2_stereo/src/install/yolo_msgs/lib/python3.8/site-packages/yolo_msgs/msg/_bounding_boxes.py
-- Symlinking: /home/corelab/CatchingBlimp/Summer2023/ros2_stereo/src/install/yolo_msgs/lib/python3.8/site-packages/yolo_msgs/msg/_object_count.py
-- Symlinking: /home/corelab/CatchingBlimp/Summer2023/ros2_stereo/src/install/yolo_msgs/lib/python3.8/site-packages/yolo_msgs/yolo_msgs_s__rosidl_typesupport_fastrtps_c.cpython-38-x86_64-linux-gnu.so
-- Symlinking: /home/corelab/CatchingBlimp/Summer2023/ros2_stereo/src/install/yolo_msgs/lib/python3.8/site-packages/yolo_msgs/yolo_msgs_s__rosidl_typesupport_introspection_c.cpython-38-x86_64-linux-gnu.so
-- Symlinking: /home/corelab/CatchingBlimp/Summer2023/ros2_stereo/src/install/yolo_msgs/lib/python3.8/site-packages/yolo_msgs/yolo_msgs_s__rosidl_typesupport_c.cpython-38-x86_64-linux-gnu.so
-- Symlinking: /home/corelab/CatchingBlimp/Summer2023/ros2_stereo/src/install/yolo_msgs/lib/libyolo_msgs__python.so
-- Symlinking: /home/corelab/CatchingBlimp/Summer2023/ros2_stereo/src/install/yolo_msgs/share/yolo_msgs/msg/BoundingBox.idl
-- Symlinking: /home/corelab/CatchingBlimp/Summer2023/ros2_stereo/src/install/yolo_msgs/share/yolo_msgs/msg/BoundingBoxes.idl
-- Symlinking: /home/corelab/CatchingBlimp/Summer2023/ros2_stereo/src/install/yolo_msgs/share/yolo_msgs/msg/ObjectCount.idl
-- Symlinking: /home/corelab/CatchingBlimp/Summer2023/ros2_stereo/src/install/yolo_msgs/share/yolo_msgs/msg/BoundingBox.msg
-- Symlinking: /home/corelab/CatchingBlimp/Summer2023/ros2_stereo/src/install/yolo_msgs/share/yolo_msgs/msg/BoundingBoxes.msg
-- Symlinking: /home/corelab/CatchingBlimp/Summer2023/ros2_stereo/src/install/yolo_msgs/share/yolo_msgs/msg/ObjectCount.msg
-- Symlinking: /home/corelab/CatchingBlimp/Summer2023/ros2_stereo/src/install/yolo_msgs/share/ament_index/resource_index/package_run_dependencies/yolo_msgs
-- Symlinking: /home/corelab/CatchingBlimp/Summer2023/ros2_stereo/src/install/yolo_msgs/share/ament_index/resource_index/parent_prefix_path/yolo_msgs
-- Symlinking: /home/corelab/CatchingBlimp/Summer2023/ros2_stereo/src/install/yolo_msgs/share/yolo_msgs/environment/ament_prefix_path.sh
-- Symlinking: /home/corelab/CatchingBlimp/Summer2023/ros2_stereo/src/install/yolo_msgs/share/yolo_msgs/environment/ament_prefix_path.dsv
-- Symlinking: /home/corelab/CatchingBlimp/Summer2023/ros2_stereo/src/install/yolo_msgs/share/yolo_msgs/environment/path.sh
-- Symlinking: /home/corelab/CatchingBlimp/Summer2023/ros2_stereo/src/install/yolo_msgs/share/yolo_msgs/environment/path.dsv
-- Symlinking: /home/corelab/CatchingBlimp/Summer2023/ros2_stereo/src/install/yolo_msgs/share/yolo_msgs/local_setup.bash
-- Symlinking: /home/corelab/CatchingBlimp/Summer2023/ros2_stereo/src/install/yolo_msgs/share/yolo_msgs/local_setup.sh
-- Symlinking: /home/corelab/CatchingBlimp/Summer2023/ros2_stereo/src/install/yolo_msgs/share/yolo_msgs/local_setup.zsh
-- Symlinking: /home/corelab/CatchingBlimp/Summer2023/ros2_stereo/src/install/yolo_msgs/share/yolo_msgs/local_setup.dsv
-- Symlinking: /home/corelab/CatchingBlimp/Summer2023/ros2_stereo/src/install/yolo_msgs/share/yolo_msgs/package.dsv
-- Symlinking: /home/corelab/CatchingBlimp/Summer2023/ros2_stereo/src/install/yolo_msgs/share/ament_index/resource_index/packages/yolo_msgs
-- Symlinking: /home/corelab/CatchingBlimp/Summer2023/ros2_stereo/src/install/yolo_msgs/share/yolo_msgs/cmake/rosidl_cmake-extras.cmake
-- Symlinking: /home/corelab/CatchingBlimp/Summer2023/ros2_stereo/src/install/yolo_msgs/share/yolo_msgs/cmake/ament_cmake_export_dependencies-extras.cmake
-- Symlinking: /home/corelab/CatchingBlimp/Summer2023/ros2_stereo/src/install/yolo_msgs/share/yolo_msgs/cmake/ament_cmake_export_libraries-extras.cmake
-- Symlinking: /home/corelab/CatchingBlimp/Summer2023/ros2_stereo/src/install/yolo_msgs/share/yolo_msgs/cmake/ament_cmake_export_targets-extras.cmake
-- Symlinking: /home/corelab/CatchingBlimp/Summer2023/ros2_stereo/src/install/yolo_msgs/share/yolo_msgs/cmake/ament_cmake_export_include_directories-extras.cmake
-- Symlinking: /home/corelab/CatchingBlimp/Summer2023/ros2_stereo/src/install/yolo_msgs/share/yolo_msgs/cmake/rosidl_cmake_export_typesupport_libraries-extras.cmake
-- Symlinking: /home/corelab/CatchingBlimp/Summer2023/ros2_stereo/src/install/yolo_msgs/share/yolo_msgs/cmake/rosidl_cmake_export_typesupport_targets-extras.cmake
-- Symlinking: /home/corelab/CatchingBlimp/Summer2023/ros2_stereo/src/install/yolo_msgs/share/yolo_msgs/cmake/yolo_msgsConfig.cmake
-- Symlinking: /home/corelab/CatchingBlimp/Summer2023/ros2_stereo/src/install/yolo_msgs/share/yolo_msgs/cmake/yolo_msgsConfig-version.cmake
-- Symlinking: /home/corelab/CatchingBlimp/Summer2023/ros2_stereo/src/install/yolo_msgs/share/yolo_msgs/package.xml
-- Installing: /home/corelab/CatchingBlimp/Summer2023/ros2_stereo/src/install/yolo_msgs/lib/libyolo_msgs__rosidl_generator_c.so
-- Set runtime path of "/home/corelab/CatchingBlimp/Summer2023/ros2_stereo/src/install/yolo_msgs/lib/libyolo_msgs__rosidl_generator_c.so" to ""
-- Installing: /home/corelab/CatchingBlimp/Summer2023/ros2_stereo/src/install/yolo_msgs/lib/libyolo_msgs__rosidl_typesupport_introspection_c.so
-- Set runtime path of "/home/corelab/CatchingBlimp/Summer2023/ros2_stereo/src/install/yolo_msgs/lib/libyolo_msgs__rosidl_typesupport_introspection_c.so" to ""
-- Installing: /home/corelab/CatchingBlimp/Summer2023/ros2_stereo/src/install/yolo_msgs/lib/libyolo_msgs__rosidl_typesupport_c.so
-- Set runtime path of "/home/corelab/CatchingBlimp/Summer2023/ros2_stereo/src/install/yolo_msgs/lib/libyolo_msgs__rosidl_typesupport_c.so" to ""
-- Installing: /home/corelab/CatchingBlimp/Summer2023/ros2_stereo/src/install/yolo_msgs/lib/libyolo_msgs__rosidl_typesupport_introspection_cpp.so
-- Set runtime path of "/home/corelab/CatchingBlimp/Summer2023/ros2_stereo/src/install/yolo_msgs/lib/libyolo_msgs__rosidl_typesupport_introspection_cpp.so" to ""
-- Installing: /home/corelab/CatchingBlimp/Summer2023/ros2_stereo/src/install/yolo_msgs/lib/libyolo_msgs__rosidl_typesupport_cpp.so
-- Set runtime path of "/home/corelab/CatchingBlimp/Summer2023/ros2_stereo/src/install/yolo_msgs/lib/libyolo_msgs__rosidl_typesupport_cpp.so" to ""
Compiling '/home/corelab/CatchingBlimp/Summer2023/ros2_stereo/src/install/yolo_msgs/lib/python3.8/site-packages/yolo_msgs/__init__.py'...
-- Installing: /home/corelab/CatchingBlimp/Summer2023/ros2_stereo/src/install/yolo_msgs/share/yolo_msgs/cmake/yolo_msgs__rosidl_generator_cExport.cmake
-- Installing: /home/corelab/CatchingBlimp/Summer2023/ros2_stereo/src/install/yolo_msgs/share/yolo_msgs/cmake/yolo_msgs__rosidl_generator_cExport-noconfig.cmake
-- Installing: /home/corelab/CatchingBlimp/Summer2023/ros2_stereo/src/install/yolo_msgs/share/yolo_msgs/cmake/yolo_msgs__rosidl_typesupport_introspection_cExport.cmake
-- Installing: /home/corelab/CatchingBlimp/Summer2023/ros2_stereo/src/install/yolo_msgs/share/yolo_msgs/cmake/yolo_msgs__rosidl_typesupport_introspection_cExport-noconfig.cmake
-- Installing: /home/corelab/CatchingBlimp/Summer2023/ros2_stereo/src/install/yolo_msgs/share/yolo_msgs/cmake/yolo_msgs__rosidl_typesupport_cExport.cmake
-- Installing: /home/corelab/CatchingBlimp/Summer2023/ros2_stereo/src/install/yolo_msgs/share/yolo_msgs/cmake/yolo_msgs__rosidl_typesupport_cExport-noconfig.cmake
-- Installing: /home/corelab/CatchingBlimp/Summer2023/ros2_stereo/src/install/yolo_msgs/share/yolo_msgs/cmake/yolo_msgs__rosidl_generator_cppExport.cmake
-- Installing: /home/corelab/CatchingBlimp/Summer2023/ros2_stereo/src/install/yolo_msgs/share/yolo_msgs/cmake/yolo_msgs__rosidl_typesupport_introspection_cppExport.cmake
-- Installing: /home/corelab/CatchingBlimp/Summer2023/ros2_stereo/src/install/yolo_msgs/share/yolo_msgs/cmake/yolo_msgs__rosidl_typesupport_introspection_cppExport-noconfig.cmake
-- Installing: /home/corelab/CatchingBlimp/Summer2023/ros2_stereo/src/install/yolo_msgs/share/yolo_msgs/cmake/yolo_msgs__rosidl_typesupport_cppExport.cmake
-- Installing: /home/corelab/CatchingBlimp/Summer2023/ros2_stereo/src/install/yolo_msgs/share/yolo_msgs/cmake/yolo_msgs__rosidl_typesupport_cppExport-noconfig.cmake
