[  3%] Built target opencv_telemetry__dds_connext_idl
[  3%] Built target opencv_telemetry__cpp
[  8%] Built target opencv_telemetry__rosidl_generator_c
[ 10%] [32mBuilding CXX object CMakeFiles/split_sync_images.dir/src/split_sync_images.cpp.o[0m
[ 11%] [32mBuilding CXX object CMakeFiles/opencv_subscriber.dir/src/opencv_subscriber.cpp.o[0m
[ 13%] [32mBuilding CXX object CMakeFiles/minimal_opencv_ros2_node.dir/src/minimal_opencv_ros2_node.cpp.o[0m
[ 15%] [32mBuilding CXX object CMakeFiles/opencv_telemetry__rosidl_typesupport_cpp.dir/rosidl_typesupport_cpp/opencv_telemetry/msg/resized_image__type_support.cpp.o[0m
[ 16%] [32mBuilding CXX object CMakeFiles/opencv_telemetry__rosidl_typesupport_introspection_cpp.dir/rosidl_typesupport_introspection_cpp/opencv_telemetry/msg/detail/resized_image__type_support.cpp.o[0m
[ 18%] [32mBuilding CXX object CMakeFiles/opencv_telemetry__rosidl_typesupport_fastrtps_cpp.dir/rosidl_typesupport_fastrtps_cpp/opencv_telemetry/msg/detail/dds_fastrtps/resized_image__type_support.cpp.o[0m
[ 23%] Built target opencv_telemetry__rosidl_typesupport_introspection_c
[ 28%] Built target opencv_telemetry__rosidl_typesupport_c
[ 30%] [32mBuilding CXX object CMakeFiles/opencv_telemetry__rosidl_typesupport_connext_cpp.dir/rosidl_typesupport_connext_cpp/opencv_telemetry/msg/dds_connext/resized_image__type_support.cpp.o[0m
[ 32%] [32mBuilding CXX object CMakeFiles/opencv_telemetry__rosidl_typesupport_connext_cpp.dir/rosidl_typesupport_connext_cpp/opencv_telemetry/msg/dds_connext/ResizedImage_.cxx.o[0m
[ 33%] [32mBuilding CXX object CMakeFiles/opencv_telemetry__rosidl_typesupport_connext_cpp.dir/rosidl_typesupport_connext_cpp/opencv_telemetry/msg/dds_connext/ResizedImage_Plugin.cxx.o[0m
[ 35%] [32mBuilding CXX object CMakeFiles/opencv_telemetry__rosidl_typesupport_connext_cpp.dir/rosidl_typesupport_connext_cpp/opencv_telemetry/msg/dds_connext/ResizedImage_Support.cxx.o[0m
[ 37%] [32m[1mLinking CXX shared library libopencv_telemetry__rosidl_typesupport_cpp.so[0m
[ 38%] Built target opencv_telemetry__rosidl_typesupport_cpp
[ 40%] [32m[1mLinking CXX shared library libopencv_telemetry__rosidl_typesupport_introspection_cpp.so[0m
[ 42%] [32m[1mLinking CXX shared library libopencv_telemetry__rosidl_typesupport_fastrtps_cpp.so[0m
[ 44%] Built target opencv_telemetry__rosidl_typesupport_introspection_cpp
[ 45%] Built target opencv_telemetry__rosidl_typesupport_fastrtps_cpp
[ 47%] [32mBuilding CXX object CMakeFiles/opencv_telemetry__rosidl_typesupport_fastrtps_c.dir/rosidl_typesupport_fastrtps_c/opencv_telemetry/msg/detail/resized_image__type_support_c.cpp.o[0m
[ 49%] [32m[1mLinking CXX shared library libopencv_telemetry__rosidl_typesupport_connext_cpp.so[0m
[ 50%] [32m[1mLinking CXX shared library libopencv_telemetry__rosidl_typesupport_fastrtps_c.so[0m
[ 52%] Built target opencv_telemetry__rosidl_typesupport_fastrtps_c
[ 55%] Built target opencv_telemetry__rosidl_typesupport_connext_cpp
[ 57%] [32mBuilding CXX object CMakeFiles/opencv_telemetry__rosidl_typesupport_connext_c.dir/rosidl_typesupport_connext_c/opencv_telemetry/msg/dds_connext/resized_image__type_support_c.cpp.o[0m
[ 59%] [32mBuilding CXX object CMakeFiles/opencv_telemetry__rosidl_typesupport_connext_c.dir/rosidl_typesupport_connext_cpp/opencv_telemetry/msg/dds_connext/ResizedImage_.cxx.o[0m
[ 61%] [32mBuilding CXX object CMakeFiles/opencv_telemetry__rosidl_typesupport_connext_c.dir/rosidl_typesupport_connext_cpp/opencv_telemetry/msg/dds_connext/ResizedImage_Plugin.cxx.o[0m
[ 62%] [32mBuilding CXX object CMakeFiles/opencv_telemetry__rosidl_typesupport_connext_c.dir/rosidl_typesupport_connext_cpp/opencv_telemetry/msg/dds_connext/ResizedImage_Support.cxx.o[0m
[ 64%] [32m[1mLinking CXX shared library libopencv_telemetry__rosidl_typesupport_connext_c.so[0m
[ 69%] Built target opencv_telemetry__rosidl_typesupport_connext_c
[ 69%] Built target opencv_telemetry
[ 71%] Built target opencv_telemetry__py
[ 72%] [32mBuilding CXX object CMakeFiles/resized_plugins.dir/src/manifest.cpp.o[0m
[ 74%] [32mBuilding CXX object CMakeFiles/resized_plugins.dir/src/resized_publisher.cpp.o[0m
[ 76%] [32mBuilding CXX object CMakeFiles/resized_plugins.dir/src/resized_subscriber.cpp.o[0m
[ 77%] [32mBuilding C object CMakeFiles/opencv_telemetry__python.dir/rosidl_generator_py/opencv_telemetry/msg/_resized_image_s.c.o[0m
[ 79%] [32m[1mLinking C shared library rosidl_generator_py/opencv_telemetry/libopencv_telemetry__python.so[0m
[ 79%] Built target opencv_telemetry__python
[ 81%] [32mBuilding C object CMakeFiles/opencv_telemetry__rosidl_typesupport_introspection_c__pyext.dir/rosidl_generator_py/opencv_telemetry/_opencv_telemetry_s.ep.rosidl_typesupport_introspection_c.c.o[0m
[ 83%] [32mBuilding C object CMakeFiles/opencv_telemetry__rosidl_typesupport_c__pyext.dir/rosidl_generator_py/opencv_telemetry/_opencv_telemetry_s.ep.rosidl_typesupport_c.c.o[0m
[ 84%] [32mBuilding C object CMakeFiles/opencv_telemetry__rosidl_typesupport_fastrtps_c__pyext.dir/rosidl_generator_py/opencv_telemetry/_opencv_telemetry_s.ep.rosidl_typesupport_fastrtps_c.c.o[0m
[ 86%] [32mBuilding C object CMakeFiles/opencv_telemetry__rosidl_typesupport_connext_c__pyext.dir/rosidl_generator_py/opencv_telemetry/_opencv_telemetry_s.ep.rosidl_typesupport_connext_c.c.o[0m
[ 89%] [32m[1mLinking C shared library rosidl_generator_py/opencv_telemetry/opencv_telemetry_s__rosidl_typesupport_connext_c.cpython-38-x86_64-linux-gnu.so[0m
[ 89%] [32m[1mLinking CXX shared library rosidl_generator_py/opencv_telemetry/opencv_telemetry_s__rosidl_typesupport_fastrtps_c.cpython-38-x86_64-linux-gnu.so[0m
[ 93%] [32m[1mLinking C shared library rosidl_generator_py/opencv_telemetry/opencv_telemetry_s__rosidl_typesupport_introspection_c.cpython-38-x86_64-linux-gnu.so[0m
[ 93%] [32m[1mLinking C shared library rosidl_generator_py/opencv_telemetry/opencv_telemetry_s__rosidl_typesupport_c.cpython-38-x86_64-linux-gnu.so[0m
[ 93%] Built target opencv_telemetry__rosidl_typesupport_fastrtps_c__pyext
[ 93%] Built target opencv_telemetry__rosidl_typesupport_c__pyext
[ 93%] Built target opencv_telemetry__rosidl_typesupport_introspection_c__pyext
[ 93%] Built target opencv_telemetry__rosidl_typesupport_connext_c__pyext
[ 94%] [32m[1mLinking CXX executable minimal_opencv_ros2_node[0m
[ 96%] [32m[1mLinking CXX executable opencv_subscriber[0m
/usr/bin/ld: warning: libopencv_core.so.4.2, needed by /opt/ros/foxy/lib/libcv_bridge.so, may conflict with libopencv_core.so.407
[ 96%] Built target minimal_opencv_ros2_node
/usr/bin/ld: warning: libopencv_imgproc.so.4.2, needed by /opt/ros/foxy/lib/libcv_bridge.so, may conflict with libopencv_imgproc.so.407
/usr/bin/ld: warning: libopencv_core.so.4.2, needed by /opt/ros/foxy/lib/libcv_bridge.so, may conflict with libopencv_core.so.407
[ 96%] Built target opencv_subscriber
[ 98%] [32m[1mLinking CXX shared library libresized_plugins.so[0m
[ 98%] Built target resized_plugins
[100%] [32m[1mLinking CXX executable split_sync_images[0m
/usr/bin/ld: warning: libopencv_imgcodecs.so.4.2, needed by /opt/ros/foxy/lib/libcv_bridge.so, may conflict with libopencv_imgcodecs.so.407
/usr/bin/ld: warning: libopencv_core.so.4.2, needed by /opt/ros/foxy/lib/libcv_bridge.so, may conflict with libopencv_core.so.407
[100%] Built target split_sync_images
-- Install configuration: ""
-- Up-to-date: /home/corelab/ros2_stereo/install/opencv_telemetry/share/ament_index/resource_index/rosidl_interfaces/opencv_telemetry
-- Up-to-date: /home/corelab/ros2_stereo/install/opencv_telemetry/include/opencv_telemetry
-- Up-to-date: /home/corelab/ros2_stereo/install/opencv_telemetry/include/opencv_telemetry/msg
-- Up-to-date: /home/corelab/ros2_stereo/install/opencv_telemetry/include/opencv_telemetry/msg/resized_image.h
-- Up-to-date: /home/corelab/ros2_stereo/install/opencv_telemetry/include/opencv_telemetry/msg/detail
-- Up-to-date: /home/corelab/ros2_stereo/install/opencv_telemetry/include/opencv_telemetry/msg/detail/resized_image__functions.c
-- Up-to-date: /home/corelab/ros2_stereo/install/opencv_telemetry/include/opencv_telemetry/msg/detail/resized_image__struct.h
-- Up-to-date: /home/corelab/ros2_stereo/install/opencv_telemetry/include/opencv_telemetry/msg/detail/resized_image__type_support.h
-- Up-to-date: /home/corelab/ros2_stereo/install/opencv_telemetry/include/opencv_telemetry/msg/detail/resized_image__functions.h
-- Up-to-date: /home/corelab/ros2_stereo/install/opencv_telemetry/include/opencv_telemetry/msg/rosidl_generator_c__visibility_control.h
-- Up-to-date: /home/corelab/ros2_stereo/install/opencv_telemetry/share/opencv_telemetry/environment/library_path.sh
-- Up-to-date: /home/corelab/ros2_stereo/install/opencv_telemetry/share/opencv_telemetry/environment/library_path.dsv
-- Up-to-date: /home/corelab/ros2_stereo/install/opencv_telemetry/lib/libopencv_telemetry__rosidl_generator_c.so
-- Up-to-date: /home/corelab/ros2_stereo/install/opencv_telemetry/include/opencv_telemetry
-- Up-to-date: /home/corelab/ros2_stereo/install/opencv_telemetry/include/opencv_telemetry/msg
-- Up-to-date: /home/corelab/ros2_stereo/install/opencv_telemetry/include/opencv_telemetry/msg/rosidl_typesupport_connext_c__visibility_control.h
-- Up-to-date: /home/corelab/ros2_stereo/install/opencv_telemetry/include/opencv_telemetry/msg/resized_image__rosidl_typesupport_connext_c.h
-- Up-to-date: /home/corelab/ros2_stereo/install/opencv_telemetry/include/opencv_telemetry/msg/dds_connext
-- Installing: /home/corelab/ros2_stereo/install/opencv_telemetry/lib/libopencv_telemetry__rosidl_typesupport_connext_c.so
-- Set runtime path of "/home/corelab/ros2_stereo/install/opencv_telemetry/lib/libopencv_telemetry__rosidl_typesupport_connext_c.so" to ""
-- Up-to-date: /home/corelab/ros2_stereo/install/opencv_telemetry/share/opencv_telemetry/msg/dds_connext
-- Up-to-date: /home/corelab/ros2_stereo/install/opencv_telemetry/share/opencv_telemetry/msg/dds_connext/ResizedImage_.idl
-- Up-to-date: /home/corelab/ros2_stereo/install/opencv_telemetry/include/opencv_telemetry
-- Up-to-date: /home/corelab/ros2_stereo/install/opencv_telemetry/include/opencv_telemetry/msg
-- Up-to-date: /home/corelab/ros2_stereo/install/opencv_telemetry/include/opencv_telemetry/msg/rosidl_typesupport_connext_cpp__visibility_control.h
-- Up-to-date: /home/corelab/ros2_stereo/install/opencv_telemetry/include/opencv_telemetry/msg/resized_image__rosidl_typesupport_connext_cpp.hpp
-- Up-to-date: /home/corelab/ros2_stereo/install/opencv_telemetry/include/opencv_telemetry/msg/dds_connext
-- Up-to-date: /home/corelab/ros2_stereo/install/opencv_telemetry/include/opencv_telemetry/msg/dds_connext/ResizedImage_Support.h
-- Up-to-date: /home/corelab/ros2_stereo/install/opencv_telemetry/include/opencv_telemetry/msg/dds_connext/ResizedImage_Plugin.cxx
-- Up-to-date: /home/corelab/ros2_stereo/install/opencv_telemetry/include/opencv_telemetry/msg/dds_connext/ResizedImage_.h
-- Up-to-date: /home/corelab/ros2_stereo/install/opencv_telemetry/include/opencv_telemetry/msg/dds_connext/ResizedImage_.cxx
-- Up-to-date: /home/corelab/ros2_stereo/install/opencv_telemetry/include/opencv_telemetry/msg/dds_connext/ResizedImage_Support.cxx
-- Up-to-date: /home/corelab/ros2_stereo/install/opencv_telemetry/include/opencv_telemetry/msg/dds_connext/ResizedImage_Plugin.h
-- Installing: /home/corelab/ros2_stereo/install/opencv_telemetry/lib/libopencv_telemetry__rosidl_typesupport_connext_cpp.so
-- Set runtime path of "/home/corelab/ros2_stereo/install/opencv_telemetry/lib/libopencv_telemetry__rosidl_typesupport_connext_cpp.so" to ""
-- Up-to-date: /home/corelab/ros2_stereo/install/opencv_telemetry/include/opencv_telemetry
-- Up-to-date: /home/corelab/ros2_stereo/install/opencv_telemetry/include/opencv_telemetry/msg
-- Up-to-date: /home/corelab/ros2_stereo/install/opencv_telemetry/include/opencv_telemetry/msg/detail
-- Up-to-date: /home/corelab/ros2_stereo/install/opencv_telemetry/include/opencv_telemetry/msg/detail/resized_image__rosidl_typesupport_fastrtps_c.h
-- Up-to-date: /home/corelab/ros2_stereo/install/opencv_telemetry/include/opencv_telemetry/msg/rosidl_typesupport_fastrtps_c__visibility_control.h
-- Installing: /home/corelab/ros2_stereo/install/opencv_telemetry/lib/libopencv_telemetry__rosidl_typesupport_fastrtps_c.so
-- Set runtime path of "/home/corelab/ros2_stereo/install/opencv_telemetry/lib/libopencv_telemetry__rosidl_typesupport_fastrtps_c.so" to ""
-- Up-to-date: /home/corelab/ros2_stereo/install/opencv_telemetry/include/opencv_telemetry
-- Up-to-date: /home/corelab/ros2_stereo/install/opencv_telemetry/include/opencv_telemetry/msg
-- Up-to-date: /home/corelab/ros2_stereo/install/opencv_telemetry/include/opencv_telemetry/msg/rosidl_typesupport_fastrtps_cpp__visibility_control.h
-- Up-to-date: /home/corelab/ros2_stereo/install/opencv_telemetry/include/opencv_telemetry/msg/detail
-- Up-to-date: /home/corelab/ros2_stereo/install/opencv_telemetry/include/opencv_telemetry/msg/detail/resized_image__rosidl_typesupport_fastrtps_cpp.hpp
-- Up-to-date: /home/corelab/ros2_stereo/install/opencv_telemetry/include/opencv_telemetry/msg/detail/dds_fastrtps
-- Installing: /home/corelab/ros2_stereo/install/opencv_telemetry/lib/libopencv_telemetry__rosidl_typesupport_fastrtps_cpp.so
-- Set runtime path of "/home/corelab/ros2_stereo/install/opencv_telemetry/lib/libopencv_telemetry__rosidl_typesupport_fastrtps_cpp.so" to ""
-- Up-to-date: /home/corelab/ros2_stereo/install/opencv_telemetry/include/opencv_telemetry
-- Up-to-date: /home/corelab/ros2_stereo/install/opencv_telemetry/include/opencv_telemetry/msg
-- Up-to-date: /home/corelab/ros2_stereo/install/opencv_telemetry/include/opencv_telemetry/msg/detail
-- Up-to-date: /home/corelab/ros2_stereo/install/opencv_telemetry/include/opencv_telemetry/msg/detail/resized_image__rosidl_typesupport_introspection_c.h
-- Up-to-date: /home/corelab/ros2_stereo/install/opencv_telemetry/include/opencv_telemetry/msg/detail/resized_image__type_support.c
-- Up-to-date: /home/corelab/ros2_stereo/install/opencv_telemetry/include/opencv_telemetry/msg/rosidl_typesupport_introspection_c__visibility_control.h
-- Up-to-date: /home/corelab/ros2_stereo/install/opencv_telemetry/lib/libopencv_telemetry__rosidl_typesupport_introspection_c.so
-- Up-to-date: /home/corelab/ros2_stereo/install/opencv_telemetry/lib/libopencv_telemetry__rosidl_typesupport_c.so
-- Up-to-date: /home/corelab/ros2_stereo/install/opencv_telemetry/include/opencv_telemetry
-- Up-to-date: /home/corelab/ros2_stereo/install/opencv_telemetry/include/opencv_telemetry/msg
-- Up-to-date: /home/corelab/ros2_stereo/install/opencv_telemetry/include/opencv_telemetry/msg/rosidl_generator_cpp__visibility_control.hpp
-- Up-to-date: /home/corelab/ros2_stereo/install/opencv_telemetry/include/opencv_telemetry/msg/resized_image.hpp
-- Up-to-date: /home/corelab/ros2_stereo/install/opencv_telemetry/include/opencv_telemetry/msg/detail
-- Up-to-date: /home/corelab/ros2_stereo/install/opencv_telemetry/include/opencv_telemetry/msg/detail/resized_image__struct.hpp
-- Up-to-date: /home/corelab/ros2_stereo/install/opencv_telemetry/include/opencv_telemetry/msg/detail/resized_image__builder.hpp
-- Up-to-date: /home/corelab/ros2_stereo/install/opencv_telemetry/include/opencv_telemetry/msg/detail/resized_image__traits.hpp
-- Up-to-date: /home/corelab/ros2_stereo/install/opencv_telemetry/include/opencv_telemetry/msg/detail/resized_image__type_support.hpp
-- Up-to-date: /home/corelab/ros2_stereo/install/opencv_telemetry/include/opencv_telemetry
-- Up-to-date: /home/corelab/ros2_stereo/install/opencv_telemetry/include/opencv_telemetry/msg
-- Up-to-date: /home/corelab/ros2_stereo/install/opencv_telemetry/include/opencv_telemetry/msg/detail
-- Up-to-date: /home/corelab/ros2_stereo/install/opencv_telemetry/include/opencv_telemetry/msg/detail/resized_image__type_support.cpp
-- Up-to-date: /home/corelab/ros2_stereo/install/opencv_telemetry/include/opencv_telemetry/msg/detail/resized_image__rosidl_typesupport_introspection_cpp.hpp
-- Installing: /home/corelab/ros2_stereo/install/opencv_telemetry/lib/libopencv_telemetry__rosidl_typesupport_introspection_cpp.so
-- Set runtime path of "/home/corelab/ros2_stereo/install/opencv_telemetry/lib/libopencv_telemetry__rosidl_typesupport_introspection_cpp.so" to ""
-- Installing: /home/corelab/ros2_stereo/install/opencv_telemetry/lib/libopencv_telemetry__rosidl_typesupport_cpp.so
-- Set runtime path of "/home/corelab/ros2_stereo/install/opencv_telemetry/lib/libopencv_telemetry__rosidl_typesupport_cpp.so" to ""
-- Up-to-date: /home/corelab/ros2_stereo/install/opencv_telemetry/share/opencv_telemetry/environment/pythonpath.sh
-- Up-to-date: /home/corelab/ros2_stereo/install/opencv_telemetry/share/opencv_telemetry/environment/pythonpath.dsv
-- Up-to-date: /home/corelab/ros2_stereo/install/opencv_telemetry/lib/python3.8/site-packages/opencv_telemetry/__init__.py
-- Up-to-date: /home/corelab/ros2_stereo/install/opencv_telemetry/lib/python3.8/site-packages/opencv_telemetry/msg
-- Up-to-date: /home/corelab/ros2_stereo/install/opencv_telemetry/lib/python3.8/site-packages/opencv_telemetry/msg/__init__.py
-- Up-to-date: /home/corelab/ros2_stereo/install/opencv_telemetry/lib/python3.8/site-packages/opencv_telemetry/msg/_resized_image_s.c
-- Up-to-date: /home/corelab/ros2_stereo/install/opencv_telemetry/lib/python3.8/site-packages/opencv_telemetry/msg/_resized_image.py
-- Installing: /home/corelab/ros2_stereo/install/opencv_telemetry/lib/python3.8/site-packages/opencv_telemetry/opencv_telemetry_s__rosidl_typesupport_connext_c.cpython-38-x86_64-linux-gnu.so
-- Set runtime path of "/home/corelab/ros2_stereo/install/opencv_telemetry/lib/python3.8/site-packages/opencv_telemetry/opencv_telemetry_s__rosidl_typesupport_connext_c.cpython-38-x86_64-linux-gnu.so" to ""
-- Installing: /home/corelab/ros2_stereo/install/opencv_telemetry/lib/python3.8/site-packages/opencv_telemetry/opencv_telemetry_s__rosidl_typesupport_fastrtps_c.cpython-38-x86_64-linux-gnu.so
-- Set runtime path of "/home/corelab/ros2_stereo/install/opencv_telemetry/lib/python3.8/site-packages/opencv_telemetry/opencv_telemetry_s__rosidl_typesupport_fastrtps_c.cpython-38-x86_64-linux-gnu.so" to ""
-- Installing: /home/corelab/ros2_stereo/install/opencv_telemetry/lib/python3.8/site-packages/opencv_telemetry/opencv_telemetry_s__rosidl_typesupport_introspection_c.cpython-38-x86_64-linux-gnu.so
-- Set runtime path of "/home/corelab/ros2_stereo/install/opencv_telemetry/lib/python3.8/site-packages/opencv_telemetry/opencv_telemetry_s__rosidl_typesupport_introspection_c.cpython-38-x86_64-linux-gnu.so" to ""
-- Installing: /home/corelab/ros2_stereo/install/opencv_telemetry/lib/python3.8/site-packages/opencv_telemetry/opencv_telemetry_s__rosidl_typesupport_c.cpython-38-x86_64-linux-gnu.so
-- Set runtime path of "/home/corelab/ros2_stereo/install/opencv_telemetry/lib/python3.8/site-packages/opencv_telemetry/opencv_telemetry_s__rosidl_typesupport_c.cpython-38-x86_64-linux-gnu.so" to ""
-- Installing: /home/corelab/ros2_stereo/install/opencv_telemetry/lib/libopencv_telemetry__python.so
-- Set runtime path of "/home/corelab/ros2_stereo/install/opencv_telemetry/lib/libopencv_telemetry__python.so" to ""
-- Up-to-date: /home/corelab/ros2_stereo/install/opencv_telemetry/share/opencv_telemetry/msg/ResizedImage.idl
-- Up-to-date: /home/corelab/ros2_stereo/install/opencv_telemetry/share/opencv_telemetry/msg/ResizedImage.msg
-- Up-to-date: /home/corelab/ros2_stereo/install/opencv_telemetry/share/opencv_telemetry/resized_plugins.xml
-- Installing: /home/corelab/ros2_stereo/install/opencv_telemetry/lib/opencv_telemetry/opencv_subscriber
-- Set runtime path of "/home/corelab/ros2_stereo/install/opencv_telemetry/lib/opencv_telemetry/opencv_subscriber" to ""
-- Installing: /home/corelab/ros2_stereo/install/opencv_telemetry/lib/libresized_plugins.so
-- Set runtime path of "/home/corelab/ros2_stereo/install/opencv_telemetry/lib/libresized_plugins.so" to ""
-- Installing: /home/corelab/ros2_stereo/install/opencv_telemetry/lib/opencv_telemetry/minimal_opencv_ros2_node
-- Set runtime path of "/home/corelab/ros2_stereo/install/opencv_telemetry/lib/opencv_telemetry/minimal_opencv_ros2_node" to ""
-- Installing: /home/corelab/ros2_stereo/install/opencv_telemetry/lib/opencv_telemetry/split_sync_images
-- Set runtime path of "/home/corelab/ros2_stereo/install/opencv_telemetry/lib/opencv_telemetry/split_sync_images" to ""
-- Up-to-date: /home/corelab/ros2_stereo/install/opencv_telemetry/include
-- Up-to-date: /home/corelab/ros2_stereo/install/opencv_telemetry/include/opencv_telemetry
-- Up-to-date: /home/corelab/ros2_stereo/install/opencv_telemetry/include/opencv_telemetry/resized_subscriber.hpp
-- Up-to-date: /home/corelab/ros2_stereo/install/opencv_telemetry/include/opencv_telemetry/resized_publisher.hpp
-- Up-to-date: /home/corelab/ros2_stereo/install/opencv_telemetry/share/opencv_telemetry//launch
-- Up-to-date: /home/corelab/ros2_stereo/install/opencv_telemetry/share/opencv_telemetry//launch/split_node.launch.py
-- Up-to-date: /home/corelab/ros2_stereo/install/opencv_telemetry/share/ament_index/resource_index/package_run_dependencies/opencv_telemetry
-- Up-to-date: /home/corelab/ros2_stereo/install/opencv_telemetry/share/ament_index/resource_index/parent_prefix_path/opencv_telemetry
-- Up-to-date: /home/corelab/ros2_stereo/install/opencv_telemetry/share/opencv_telemetry/environment/ament_prefix_path.sh
-- Up-to-date: /home/corelab/ros2_stereo/install/opencv_telemetry/share/opencv_telemetry/environment/ament_prefix_path.dsv
-- Up-to-date: /home/corelab/ros2_stereo/install/opencv_telemetry/share/opencv_telemetry/environment/path.sh
-- Up-to-date: /home/corelab/ros2_stereo/install/opencv_telemetry/share/opencv_telemetry/environment/path.dsv
-- Up-to-date: /home/corelab/ros2_stereo/install/opencv_telemetry/share/opencv_telemetry/local_setup.bash
-- Up-to-date: /home/corelab/ros2_stereo/install/opencv_telemetry/share/opencv_telemetry/local_setup.sh
-- Up-to-date: /home/corelab/ros2_stereo/install/opencv_telemetry/share/opencv_telemetry/local_setup.zsh
-- Up-to-date: /home/corelab/ros2_stereo/install/opencv_telemetry/share/opencv_telemetry/local_setup.dsv
-- Installing: /home/corelab/ros2_stereo/install/opencv_telemetry/share/opencv_telemetry/package.dsv
-- Up-to-date: /home/corelab/ros2_stereo/install/opencv_telemetry/share/ament_index/resource_index/packages/opencv_telemetry
-- Up-to-date: /home/corelab/ros2_stereo/install/opencv_telemetry/share/ament_index/resource_index/opencv_telemetry__pluginlib__plugin/opencv_telemetry
-- Up-to-date: /home/corelab/ros2_stereo/install/opencv_telemetry/share/opencv_telemetry/cmake/opencv_telemetry__rosidl_generator_cExport.cmake
-- Up-to-date: /home/corelab/ros2_stereo/install/opencv_telemetry/share/opencv_telemetry/cmake/opencv_telemetry__rosidl_generator_cExport-noconfig.cmake
-- Up-to-date: /home/corelab/ros2_stereo/install/opencv_telemetry/share/opencv_telemetry/cmake/opencv_telemetry__rosidl_typesupport_introspection_cExport.cmake
-- Up-to-date: /home/corelab/ros2_stereo/install/opencv_telemetry/share/opencv_telemetry/cmake/opencv_telemetry__rosidl_typesupport_introspection_cExport-noconfig.cmake
-- Up-to-date: /home/corelab/ros2_stereo/install/opencv_telemetry/share/opencv_telemetry/cmake/opencv_telemetry__rosidl_typesupport_cExport.cmake
-- Up-to-date: /home/corelab/ros2_stereo/install/opencv_telemetry/share/opencv_telemetry/cmake/opencv_telemetry__rosidl_typesupport_cExport-noconfig.cmake
-- Up-to-date: /home/corelab/ros2_stereo/install/opencv_telemetry/share/opencv_telemetry/cmake/opencv_telemetry__rosidl_generator_cppExport.cmake
-- Up-to-date: /home/corelab/ros2_stereo/install/opencv_telemetry/share/opencv_telemetry/cmake/opencv_telemetry__rosidl_typesupport_introspection_cppExport.cmake
-- Up-to-date: /home/corelab/ros2_stereo/install/opencv_telemetry/share/opencv_telemetry/cmake/opencv_telemetry__rosidl_typesupport_introspection_cppExport-noconfig.cmake
-- Up-to-date: /home/corelab/ros2_stereo/install/opencv_telemetry/share/opencv_telemetry/cmake/opencv_telemetry__rosidl_typesupport_cppExport.cmake
-- Up-to-date: /home/corelab/ros2_stereo/install/opencv_telemetry/share/opencv_telemetry/cmake/opencv_telemetry__rosidl_typesupport_cppExport-noconfig.cmake
-- Up-to-date: /home/corelab/ros2_stereo/install/opencv_telemetry/share/opencv_telemetry/cmake/rosidl_cmake-extras.cmake
-- Up-to-date: /home/corelab/ros2_stereo/install/opencv_telemetry/share/opencv_telemetry/cmake/ament_cmake_export_dependencies-extras.cmake
-- Up-to-date: /home/corelab/ros2_stereo/install/opencv_telemetry/share/opencv_telemetry/cmake/ament_cmake_export_libraries-extras.cmake
-- Up-to-date: /home/corelab/ros2_stereo/install/opencv_telemetry/share/opencv_telemetry/cmake/ament_cmake_export_targets-extras.cmake
-- Up-to-date: /home/corelab/ros2_stereo/install/opencv_telemetry/share/opencv_telemetry/cmake/ament_cmake_export_include_directories-extras.cmake
-- Up-to-date: /home/corelab/ros2_stereo/install/opencv_telemetry/share/opencv_telemetry/cmake/rosidl_cmake_export_typesupport_libraries-extras.cmake
-- Up-to-date: /home/corelab/ros2_stereo/install/opencv_telemetry/share/opencv_telemetry/cmake/rosidl_cmake_export_typesupport_targets-extras.cmake
-- Up-to-date: /home/corelab/ros2_stereo/install/opencv_telemetry/share/opencv_telemetry/cmake/opencv_telemetryConfig.cmake
-- Up-to-date: /home/corelab/ros2_stereo/install/opencv_telemetry/share/opencv_telemetry/cmake/opencv_telemetryConfig-version.cmake
-- Up-to-date: /home/corelab/ros2_stereo/install/opencv_telemetry/share/opencv_telemetry/package.xml
