[0.030s] Invoking command in '/home/corelab/GitHub/CatchingBlimp/Summer2023/ros2_stereo/build/stereo_combined': CMAKE_PREFIX_PATH=/home/corelab/GitHub/CatchingBlimp/Summer2023/ros2_stereo/install/image_proc:/home/corelab/Luke_ML_Blimp/ros2_tracks_ws/install/yolo_msgs:/home/corelab/GitHub/CatchingBlimp/Summer2023/ros2_stereo/install/stereo_image_proc:/home/corelab/GitHub/CatchingBlimp/Summer2023/ros2_stereo/install/yolo_msgs:/home/corelab/GitHub/CatchingBlimp/Summer2023/ros2_stereo/install/stereo_combined:/home/corelab/GitHub/CatchingBlimp/Summer2023/ros2_stereo/install/gscam2:/home/corelab/GitHub/CatchingBlimp/Summer2023/ros2_stereo/install/ros2_shared:/home/corelab/GitHub/CatchingBlimp/Summer2023/ros2_stereo/install/opencv_telemetry:/home/corelab/GitHub/CatchingBlimp/Summer2023/ros2_stereo/install/image_view:/home/corelab/Luke_ML_Blimp/ros2_tracks_ws/install/track_ros2:/opt/ros/foxy LD_LIBRARY_PATH=/home/corelab/GitHub/CatchingBlimp/Summer2023/ros2_stereo/install/image_proc/lib:/home/corelab/Luke_ML_Blimp/ros2_tracks_ws/install/yolo_msgs/lib:/home/corelab/GitHub/CatchingBlimp/Summer2023/ros2_stereo/install/stereo_image_proc/lib:/home/corelab/GitHub/CatchingBlimp/Summer2023/ros2_stereo/install/yolo_msgs/lib:/home/corelab/GitHub/CatchingBlimp/Summer2023/ros2_stereo/install/gscam2/lib:/home/corelab/GitHub/CatchingBlimp/Summer2023/ros2_stereo/install/opencv_telemetry/lib:/home/corelab/GitHub/CatchingBlimp/Summer2023/ros2_stereo/install/image_view/lib:/usr/lib/x86_64-linux-gnu/gazebo-11/plugins:/opt/ros/foxy/opt/yaml_cpp_vendor/lib:/opt/ros/foxy/opt/rviz_ogre_vendor/lib:/opt/ros/foxy/lib/x86_64-linux-gnu:/opt/ros/foxy/opt/libphidget22/lib:/usr/share/gurumdds/cmake/../../../lib:/opt/rti.com/rti_connext_dds-5.3.1/lib/x64Linux3gcc5.4.0:/opt/ros/foxy/lib PATH=/home/corelab/GitHub/CatchingBlimp/Summer2023/ros2_stereo/install/image_proc/bin:/usr/local/bin:/opt/ros/foxy/bin/maliput_malidrive/applications:/opt/ros/foxy/bin/maliput_malidrive:/opt/rti.com/rti_connext_dds-5.3.1/lib/x64Linux3gcc5.4.0:/opt/rti.com/rti_connext_dds-5.3.1/bin:/opt/ros/foxy/bin:/home/corelab/.local/bin:/usr/local/sbin:/usr/local/bin:/usr/sbin:/usr/bin:/sbin:/bin:/usr/games:/usr/local/games:/snap/bin /home/corelab/.local/bin/cmake --build /home/corelab/GitHub/CatchingBlimp/Summer2023/ros2_stereo/build/stereo_combined -- -j16 -l16
[0.079s] [ 20%] [32mBuilding CXX object CMakeFiles/stereo_combined_node.dir/src/StereoCombined.cpp.o[0m
[1.659s] [01m[K/home/corelab/GitHub/CatchingBlimp/Summer2023/ros2_stereo/src/stereo_combined/src/StereoCombined.cpp:[m[K In member function ‘[01m[Kvoid StereoCombined::syncImageCallback(sensor_msgs::msg::Image_<std::allocator<void> >::SharedPtr)[m[K’:
[1.659s] [01m[K/home/corelab/GitHub/CatchingBlimp/Summer2023/ros2_stereo/src/stereo_combined/src/StereoCombined.cpp:225:41:[m[K [01;31m[Kerror: [m[Kconversion from ‘[01m[Kcv::Mat[m[K’ to non-scalar type ‘[01m[Kcv::UMat[m[K’ requested
[1.659s]   225 |     cv::UMat leftCrop = [01;31m[KcvPtrLeft->image(leftROI)[m[K;
[1.659s]       |                         [01;31m[K~~~~~~~~~~~~~~~~^~~~~~~~~[m[K
[1.659s] [01m[K/home/corelab/GitHub/CatchingBlimp/Summer2023/ros2_stereo/src/stereo_combined/src/StereoCombined.cpp:227:24:[m[K [01;31m[Kerror: [m[Kno match for ‘[01m[Koperator=[m[K’ (operand types are ‘[01m[Kcv::Mat[m[K’ and ‘[01m[Kcv::UMat[m[K’)
[1.659s]   227 |     cvPtrLeft->image = [01;31m[KleftCrop[m[K;
[1.660s]       |                        [01;31m[K^~~~~~~~[m[K
[1.660s] In file included from [01m[K/usr/local/include/opencv4/opencv2/core.hpp:58[m[K,
[1.660s]                  from [01m[K/usr/local/include/opencv4/opencv2/opencv.hpp:52[m[K,
[1.660s]                  from [01m[K/home/corelab/GitHub/CatchingBlimp/Summer2023/ros2_stereo/src/stereo_combined/include/StereoCombined.hpp:10[m[K,
[1.660s]                  from [01m[K/home/corelab/GitHub/CatchingBlimp/Summer2023/ros2_stereo/src/stereo_combined/src/StereoCombined.cpp:1[m[K:
[1.660s] [01m[K/usr/local/include/opencv4/opencv2/core/mat.hpp:1073:10:[m[K [01;36m[Knote: [m[Kcandidate: ‘[01m[Kcv::Mat& cv::Mat::operator=(const cv::Mat&)[m[K’
[1.660s]  1073 |     Mat& [01;36m[Koperator[m[K = (const Mat& m);
[1.660s]       |          [01;36m[K^~~~~~~~[m[K
[1.660s] [01m[K/usr/local/include/opencv4/opencv2/core/mat.hpp:1073:33:[m[K [01;36m[Knote: [m[K  no known conversion for argument 1 from ‘[01m[Kcv::UMat[m[K’ to ‘[01m[Kconst cv::Mat&[m[K’
[1.660s]  1073 |     Mat& operator = ([01;36m[Kconst Mat& m[m[K);
[1.660s]       |                      [01;36m[K~~~~~~~~~~~^[m[K
[1.660s] In file included from [01m[K/usr/local/include/opencv4/opencv2/core/mat.hpp:3773[m[K,
[1.660s]                  from [01m[K/usr/local/include/opencv4/opencv2/core.hpp:58[m[K,
[1.660s]                  from [01m[K/usr/local/include/opencv4/opencv2/opencv.hpp:52[m[K,
[1.660s]                  from [01m[K/home/corelab/GitHub/CatchingBlimp/Summer2023/ros2_stereo/src/stereo_combined/include/StereoCombined.hpp:10[m[K,
[1.660s]                  from [01m[K/home/corelab/GitHub/CatchingBlimp/Summer2023/ros2_stereo/src/stereo_combined/src/StereoCombined.cpp:1[m[K:
[1.660s] [01m[K/usr/local/include/opencv4/opencv2/core/mat.inl.hpp:3008:6:[m[K [01;36m[Knote: [m[Kcandidate: ‘[01m[Kcv::Mat& cv::Mat::operator=(const cv::MatExpr&)[m[K’
[1.660s]  3008 | Mat& [01;36m[KMat[m[K::operator = (const MatExpr& e)
[1.660s]       |      [01;36m[K^~~[m[K
[1.660s] [01m[K/usr/local/include/opencv4/opencv2/core/mat.inl.hpp:3008:38:[m[K [01;36m[Knote: [m[K  no known conversion for argument 1 from ‘[01m[Kcv::UMat[m[K’ to ‘[01m[Kconst cv::MatExpr&[m[K’
[1.660s]  3008 | Mat& Mat::operator = ([01;36m[Kconst MatExpr& e[m[K)
[1.660s]       |                       [01;36m[K~~~~~~~~~~~~~~~^[m[K
[1.660s] In file included from [01m[K/usr/local/include/opencv4/opencv2/core.hpp:58[m[K,
[1.660s]                  from [01m[K/usr/local/include/opencv4/opencv2/opencv.hpp:52[m[K,
[1.660s]                  from [01m[K/home/corelab/GitHub/CatchingBlimp/Summer2023/ros2_stereo/src/stereo_combined/include/StereoCombined.hpp:10[m[K,
[1.660s]                  from [01m[K/home/corelab/GitHub/CatchingBlimp/Summer2023/ros2_stereo/src/stereo_combined/src/StereoCombined.cpp:1[m[K:
[1.660s] [01m[K/usr/local/include/opencv4/opencv2/core/mat.hpp:1260:10:[m[K [01;36m[Knote: [m[Kcandidate: ‘[01m[Kcv::Mat& cv::Mat::operator=(const Scalar&)[m[K’
[1.661s]  1260 |     Mat& [01;36m[Koperator[m[K = (const Scalar& s);
[1.661s]       |          [01;36m[K^~~~~~~~[m[K
[1.661s] [01m[K/usr/local/include/opencv4/opencv2/core/mat.hpp:1260:36:[m[K [01;36m[Knote: [m[K  no known conversion for argument 1 from ‘[01m[Kcv::UMat[m[K’ to ‘[01m[Kconst Scalar&[m[K’ {aka ‘[01m[Kconst cv::Scalar_<double>&[m[K’}
[1.661s]  1260 |     Mat& operator = ([01;36m[Kconst Scalar& s[m[K);
[1.661s]       |                      [01;36m[K~~~~~~~~~~~~~~^[m[K
[1.661s] [01m[K/usr/local/include/opencv4/opencv2/core/mat.hpp:2101:10:[m[K [01;36m[Knote: [m[Kcandidate: ‘[01m[Kcv::Mat& cv::Mat::operator=(cv::Mat&&)[m[K’
[1.661s]  2101 |     Mat& [01;36m[Koperator[m[K = (Mat&& m);
[1.661s]       |          [01;36m[K^~~~~~~~[m[K
[1.661s] [01m[K/usr/local/include/opencv4/opencv2/core/mat.hpp:2101:28:[m[K [01;36m[Knote: [m[K  no known conversion for argument 1 from ‘[01m[Kcv::UMat[m[K’ to ‘[01m[Kcv::Mat&&[m[K’
[1.661s]  2101 |     Mat& operator = ([01;36m[KMat&& m[m[K);
[1.661s]       |                      [01;36m[K~~~~~~^[m[K
[1.683s] [01m[K/home/corelab/GitHub/CatchingBlimp/Summer2023/ros2_stereo/src/stereo_combined/src/StereoCombined.cpp:736:24:[m[K [01;31m[Kerror: [m[K‘[01m[Kclass std::shared_ptr<rclcpp::Publisher<stereo_msgs::msg::DisparityImage_<std::allocator<void> > > >[m[K’ has no member named ‘[01m[KgetNumSubscribers[m[K’
[1.683s]   736 |     if (pub_disparity_.[01;31m[KgetNumSubscribers[m[K()) pub_disparity_->publish(*disp_msg);
[1.683s]       |                        [01;31m[K^~~~~~~~~~~~~~~~~[m[K
[1.689s] [01m[K/home/corelab/GitHub/CatchingBlimp/Summer2023/ros2_stereo/src/stereo_combined/src/StereoCombined.cpp:737:28:[m[K [01;31m[Kerror: [m[K‘[01m[Kclass std::shared_ptr<rclcpp::Publisher<sensor_msgs::msg::Image_<std::allocator<void> > > >[m[K’ has no member named ‘[01m[KgetNumSubscribers[m[K’
[1.689s]   737 |     if (pub_disparity_img_.[01;31m[KgetNumSubscribers[m[K()) pub_disparity_img_->publish(disp_msg->image);
[1.689s]       |                            [01;31m[K^~~~~~~~~~~~~~~~~[m[K
[3.182s] make[2]: *** [CMakeFiles/stereo_combined_node.dir/build.make:90: CMakeFiles/stereo_combined_node.dir/src/StereoCombined.cpp.o] Error 1
[3.182s] make[1]: *** [CMakeFiles/Makefile2:137: CMakeFiles/stereo_combined_node.dir/all] Error 2
[3.182s] make: *** [Makefile:146: all] Error 2
[3.186s] Invoked command in '/home/corelab/GitHub/CatchingBlimp/Summer2023/ros2_stereo/build/stereo_combined' returned '2': CMAKE_PREFIX_PATH=/home/corelab/GitHub/CatchingBlimp/Summer2023/ros2_stereo/install/image_proc:/home/corelab/Luke_ML_Blimp/ros2_tracks_ws/install/yolo_msgs:/home/corelab/GitHub/CatchingBlimp/Summer2023/ros2_stereo/install/stereo_image_proc:/home/corelab/GitHub/CatchingBlimp/Summer2023/ros2_stereo/install/yolo_msgs:/home/corelab/GitHub/CatchingBlimp/Summer2023/ros2_stereo/install/stereo_combined:/home/corelab/GitHub/CatchingBlimp/Summer2023/ros2_stereo/install/gscam2:/home/corelab/GitHub/CatchingBlimp/Summer2023/ros2_stereo/install/ros2_shared:/home/corelab/GitHub/CatchingBlimp/Summer2023/ros2_stereo/install/opencv_telemetry:/home/corelab/GitHub/CatchingBlimp/Summer2023/ros2_stereo/install/image_view:/home/corelab/Luke_ML_Blimp/ros2_tracks_ws/install/track_ros2:/opt/ros/foxy LD_LIBRARY_PATH=/home/corelab/GitHub/CatchingBlimp/Summer2023/ros2_stereo/install/image_proc/lib:/home/corelab/Luke_ML_Blimp/ros2_tracks_ws/install/yolo_msgs/lib:/home/corelab/GitHub/CatchingBlimp/Summer2023/ros2_stereo/install/stereo_image_proc/lib:/home/corelab/GitHub/CatchingBlimp/Summer2023/ros2_stereo/install/yolo_msgs/lib:/home/corelab/GitHub/CatchingBlimp/Summer2023/ros2_stereo/install/gscam2/lib:/home/corelab/GitHub/CatchingBlimp/Summer2023/ros2_stereo/install/opencv_telemetry/lib:/home/corelab/GitHub/CatchingBlimp/Summer2023/ros2_stereo/install/image_view/lib:/usr/lib/x86_64-linux-gnu/gazebo-11/plugins:/opt/ros/foxy/opt/yaml_cpp_vendor/lib:/opt/ros/foxy/opt/rviz_ogre_vendor/lib:/opt/ros/foxy/lib/x86_64-linux-gnu:/opt/ros/foxy/opt/libphidget22/lib:/usr/share/gurumdds/cmake/../../../lib:/opt/rti.com/rti_connext_dds-5.3.1/lib/x64Linux3gcc5.4.0:/opt/ros/foxy/lib PATH=/home/corelab/GitHub/CatchingBlimp/Summer2023/ros2_stereo/install/image_proc/bin:/usr/local/bin:/opt/ros/foxy/bin/maliput_malidrive/applications:/opt/ros/foxy/bin/maliput_malidrive:/opt/rti.com/rti_connext_dds-5.3.1/lib/x64Linux3gcc5.4.0:/opt/rti.com/rti_connext_dds-5.3.1/bin:/opt/ros/foxy/bin:/home/corelab/.local/bin:/usr/local/sbin:/usr/local/bin:/usr/sbin:/usr/bin:/sbin:/bin:/usr/games:/usr/local/games:/snap/bin /home/corelab/.local/bin/cmake --build /home/corelab/GitHub/CatchingBlimp/Summer2023/ros2_stereo/build/stereo_combined -- -j16 -l16
