[0.013s] Invoking command in '/home/corelab/ros2_stereo/build/stereo_image_proc': CMAKE_PREFIX_PATH=/home/corelab/ros2_stereo/install/image_proc:/home/corelab/ros2_stereo/install/stereo_image_proc:/home/corelab/ros2_stereo/install/image_view:/home/corelab/opencv_ros2/install/opencv_telemetry:/home/corelab/ros2_img_publisher/install/image_publisher:/home/corelab/image_transport_tutorials_ws/install/image_transport_tutorials:/home/corelab/ros2_ws/install/cpp_pubsub:/home/corelab/ros2_camera_calibration/install/camera_calibration:/opt/ros/foxy LD_LIBRARY_PATH=/home/corelab/ros2_stereo/install/image_proc/lib:/home/corelab/ros2_stereo/install/stereo_image_proc/lib:/home/corelab/ros2_stereo/install/image_view/lib:/home/corelab/opencv_ros2/install/opencv_telemetry/lib:/home/corelab/ros2_img_publisher/install/image_publisher/lib:/home/corelab/image_transport_tutorials_ws/install/image_transport_tutorials/lib:/opt/ros/foxy/opt/yaml_cpp_vendor/lib:/opt/ros/foxy/opt/rviz_ogre_vendor/lib:/opt/ros/foxy/lib/x86_64-linux-gnu:/opt/ros/foxy/lib /home/corelab/.local/bin/cmake --build /home/corelab/ros2_stereo/build/stereo_image_proc -- -j16 -l16
[0.049s] [ 25%] Built target point_cloud_node
[0.049s] [ 50%] Built target disparity_node
[0.052s] [ 62%] [32mBuilding CXX object CMakeFiles/stereo_image_proc.dir/src/stereo_image_proc/disparity_node.cpp.o[0m
[5.649s] [ 75%] [32m[1mLinking CXX shared library libstereo_image_proc.so[0m
[6.179s] [100%] Built target stereo_image_proc
[6.191s] Invoked command in '/home/corelab/ros2_stereo/build/stereo_image_proc' returned '0': CMAKE_PREFIX_PATH=/home/corelab/ros2_stereo/install/image_proc:/home/corelab/ros2_stereo/install/stereo_image_proc:/home/corelab/ros2_stereo/install/image_view:/home/corelab/opencv_ros2/install/opencv_telemetry:/home/corelab/ros2_img_publisher/install/image_publisher:/home/corelab/image_transport_tutorials_ws/install/image_transport_tutorials:/home/corelab/ros2_ws/install/cpp_pubsub:/home/corelab/ros2_camera_calibration/install/camera_calibration:/opt/ros/foxy LD_LIBRARY_PATH=/home/corelab/ros2_stereo/install/image_proc/lib:/home/corelab/ros2_stereo/install/stereo_image_proc/lib:/home/corelab/ros2_stereo/install/image_view/lib:/home/corelab/opencv_ros2/install/opencv_telemetry/lib:/home/corelab/ros2_img_publisher/install/image_publisher/lib:/home/corelab/image_transport_tutorials_ws/install/image_transport_tutorials/lib:/opt/ros/foxy/opt/yaml_cpp_vendor/lib:/opt/ros/foxy/opt/rviz_ogre_vendor/lib:/opt/ros/foxy/lib/x86_64-linux-gnu:/opt/ros/foxy/lib /home/corelab/.local/bin/cmake --build /home/corelab/ros2_stereo/build/stereo_image_proc -- -j16 -l16
[6.229s] Invoking command in '/home/corelab/ros2_stereo/build/stereo_image_proc': CMAKE_PREFIX_PATH=/home/corelab/ros2_stereo/install/image_proc:/home/corelab/ros2_stereo/install/stereo_image_proc:/home/corelab/ros2_stereo/install/image_view:/home/corelab/opencv_ros2/install/opencv_telemetry:/home/corelab/ros2_img_publisher/install/image_publisher:/home/corelab/image_transport_tutorials_ws/install/image_transport_tutorials:/home/corelab/ros2_ws/install/cpp_pubsub:/home/corelab/ros2_camera_calibration/install/camera_calibration:/opt/ros/foxy LD_LIBRARY_PATH=/home/corelab/ros2_stereo/install/image_proc/lib:/home/corelab/ros2_stereo/install/stereo_image_proc/lib:/home/corelab/ros2_stereo/install/image_view/lib:/home/corelab/opencv_ros2/install/opencv_telemetry/lib:/home/corelab/ros2_img_publisher/install/image_publisher/lib:/home/corelab/image_transport_tutorials_ws/install/image_transport_tutorials/lib:/opt/ros/foxy/opt/yaml_cpp_vendor/lib:/opt/ros/foxy/opt/rviz_ogre_vendor/lib:/opt/ros/foxy/lib/x86_64-linux-gnu:/opt/ros/foxy/lib /home/corelab/.local/bin/cmake --install /home/corelab/ros2_stereo/build/stereo_image_proc
[6.249s] -- Install configuration: ""
[6.249s] -- Up-to-date: /home/corelab/ros2_stereo/install/stereo_image_proc/lib/stereo_image_proc/disparity_node
[6.249s] -- Up-to-date: /home/corelab/ros2_stereo/install/stereo_image_proc/lib/stereo_image_proc/point_cloud_node
[6.249s] -- Up-to-date: /home/corelab/ros2_stereo/install/stereo_image_proc/include
[6.249s] -- Up-to-date: /home/corelab/ros2_stereo/install/stereo_image_proc/include/stereo_image_proc
[6.250s] -- Up-to-date: /home/corelab/ros2_stereo/install/stereo_image_proc/include/stereo_image_proc/stereo_processor.hpp
[6.250s] -- Up-to-date: /home/corelab/ros2_stereo/install/stereo_image_proc/share/stereo_image_proc/environment/library_path.sh
[6.250s] -- Up-to-date: /home/corelab/ros2_stereo/install/stereo_image_proc/share/stereo_image_proc/environment/library_path.dsv
[6.250s] -- Installing: /home/corelab/ros2_stereo/install/stereo_image_proc/lib/libstereo_image_proc.so
[6.255s] -- Set runtime path of "/home/corelab/ros2_stereo/install/stereo_image_proc/lib/libstereo_image_proc.so" to ""
[6.255s] -- Up-to-date: /home/corelab/ros2_stereo/install/stereo_image_proc/share/stereo_image_proc/launch
[6.255s] -- Installing: /home/corelab/ros2_stereo/install/stereo_image_proc/share/stereo_image_proc/launch/stereo_image_proc.launch.py
[6.255s] -- Up-to-date: /home/corelab/ros2_stereo/install/stereo_image_proc/share/ament_index/resource_index/package_run_dependencies/stereo_image_proc
[6.256s] -- Up-to-date: /home/corelab/ros2_stereo/install/stereo_image_proc/share/ament_index/resource_index/parent_prefix_path/stereo_image_proc
[6.256s] -- Up-to-date: /home/corelab/ros2_stereo/install/stereo_image_proc/share/stereo_image_proc/environment/ament_prefix_path.sh
[6.256s] -- Up-to-date: /home/corelab/ros2_stereo/install/stereo_image_proc/share/stereo_image_proc/environment/ament_prefix_path.dsv
[6.256s] -- Up-to-date: /home/corelab/ros2_stereo/install/stereo_image_proc/share/stereo_image_proc/environment/path.sh
[6.256s] -- Up-to-date: /home/corelab/ros2_stereo/install/stereo_image_proc/share/stereo_image_proc/environment/path.dsv
[6.256s] -- Up-to-date: /home/corelab/ros2_stereo/install/stereo_image_proc/share/stereo_image_proc/local_setup.bash
[6.256s] -- Up-to-date: /home/corelab/ros2_stereo/install/stereo_image_proc/share/stereo_image_proc/local_setup.sh
[6.256s] -- Up-to-date: /home/corelab/ros2_stereo/install/stereo_image_proc/share/stereo_image_proc/local_setup.zsh
[6.256s] -- Up-to-date: /home/corelab/ros2_stereo/install/stereo_image_proc/share/stereo_image_proc/local_setup.dsv
[6.256s] -- Installing: /home/corelab/ros2_stereo/install/stereo_image_proc/share/stereo_image_proc/package.dsv
[6.256s] -- Up-to-date: /home/corelab/ros2_stereo/install/stereo_image_proc/share/ament_index/resource_index/packages/stereo_image_proc
[6.256s] -- Up-to-date: /home/corelab/ros2_stereo/install/stereo_image_proc/share/ament_index/resource_index/rclcpp_components/stereo_image_proc
[6.256s] -- Up-to-date: /home/corelab/ros2_stereo/install/stereo_image_proc/share/stereo_image_proc/cmake/ament_cmake_export_dependencies-extras.cmake
[6.256s] -- Up-to-date: /home/corelab/ros2_stereo/install/stereo_image_proc/share/stereo_image_proc/cmake/ament_cmake_export_include_directories-extras.cmake
[6.256s] -- Up-to-date: /home/corelab/ros2_stereo/install/stereo_image_proc/share/stereo_image_proc/cmake/ament_cmake_export_libraries-extras.cmake
[6.256s] -- Up-to-date: /home/corelab/ros2_stereo/install/stereo_image_proc/share/stereo_image_proc/cmake/stereo_image_procConfig.cmake
[6.256s] -- Up-to-date: /home/corelab/ros2_stereo/install/stereo_image_proc/share/stereo_image_proc/cmake/stereo_image_procConfig-version.cmake
[6.256s] -- Up-to-date: /home/corelab/ros2_stereo/install/stereo_image_proc/share/stereo_image_proc/package.xml
[6.260s] Invoked command in '/home/corelab/ros2_stereo/build/stereo_image_proc' returned '0': CMAKE_PREFIX_PATH=/home/corelab/ros2_stereo/install/image_proc:/home/corelab/ros2_stereo/install/stereo_image_proc:/home/corelab/ros2_stereo/install/image_view:/home/corelab/opencv_ros2/install/opencv_telemetry:/home/corelab/ros2_img_publisher/install/image_publisher:/home/corelab/image_transport_tutorials_ws/install/image_transport_tutorials:/home/corelab/ros2_ws/install/cpp_pubsub:/home/corelab/ros2_camera_calibration/install/camera_calibration:/opt/ros/foxy LD_LIBRARY_PATH=/home/corelab/ros2_stereo/install/image_proc/lib:/home/corelab/ros2_stereo/install/stereo_image_proc/lib:/home/corelab/ros2_stereo/install/image_view/lib:/home/corelab/opencv_ros2/install/opencv_telemetry/lib:/home/corelab/ros2_img_publisher/install/image_publisher/lib:/home/corelab/image_transport_tutorials_ws/install/image_transport_tutorials/lib:/opt/ros/foxy/opt/yaml_cpp_vendor/lib:/opt/ros/foxy/opt/rviz_ogre_vendor/lib:/opt/ros/foxy/lib/x86_64-linux-gnu:/opt/ros/foxy/lib /home/corelab/.local/bin/cmake --install /home/corelab/ros2_stereo/build/stereo_image_proc
