[0.020s] Invoking command in '/home/corelab/GitHub/CatchingBlimp/Summer2023/ros2_stereo/build/stereo_combined': CMAKE_PREFIX_PATH=/home/corelab/GitHub/CatchingBlimp/Summer2023/ros2_stereo/install/yolo_msgs:/home/corelab/GitHub/CatchingBlimp/Summer2023/ros2_stereo/install/image_proc:/home/corelab/Luke_ML_Blimp/ros2_tracks_ws/install/yolo_msgs:/home/corelab/GitHub/CatchingBlimp/Summer2023/ros2_stereo/install/stereo_image_proc:/home/corelab/GitHub/CatchingBlimp/Summer2023/ros2_stereo/install/stereo_combined:/home/corelab/GitHub/CatchingBlimp/Summer2023/ros2_stereo/install/gscam2:/home/corelab/GitHub/CatchingBlimp/Summer2023/ros2_stereo/install/ros2_shared:/home/corelab/GitHub/CatchingBlimp/Summer2023/ros2_stereo/install/opencv_telemetry:/home/corelab/GitHub/CatchingBlimp/Summer2023/ros2_stereo/install/image_view:/home/corelab/Luke_ML_Blimp/ros2_tracks_ws/install/track_ros2:/opt/ros/foxy LD_LIBRARY_PATH=/home/corelab/GitHub/CatchingBlimp/Summer2023/ros2_stereo/install/yolo_msgs/lib:/home/corelab/GitHub/CatchingBlimp/Summer2023/ros2_stereo/install/image_proc/lib:/home/corelab/Luke_ML_Blimp/ros2_tracks_ws/install/yolo_msgs/lib:/home/corelab/GitHub/CatchingBlimp/Summer2023/ros2_stereo/install/stereo_image_proc/lib:/home/corelab/GitHub/CatchingBlimp/Summer2023/ros2_stereo/install/gscam2/lib:/home/corelab/GitHub/CatchingBlimp/Summer2023/ros2_stereo/install/opencv_telemetry/lib:/home/corelab/GitHub/CatchingBlimp/Summer2023/ros2_stereo/install/image_view/lib:/usr/lib/x86_64-linux-gnu/gazebo-11/plugins:/opt/ros/foxy/opt/yaml_cpp_vendor/lib:/opt/ros/foxy/opt/rviz_ogre_vendor/lib:/opt/ros/foxy/lib/x86_64-linux-gnu:/opt/ros/foxy/opt/libphidget22/lib:/usr/share/gurumdds/cmake/../../../lib:/opt/rti.com/rti_connext_dds-5.3.1/lib/x64Linux3gcc5.4.0:/opt/ros/foxy/lib PATH=/home/corelab/GitHub/CatchingBlimp/Summer2023/ros2_stereo/install/image_proc/bin:/usr/local/bin:/opt/ros/foxy/bin/maliput_malidrive/applications:/opt/ros/foxy/bin/maliput_malidrive:/opt/rti.com/rti_connext_dds-5.3.1/lib/x64Linux3gcc5.4.0:/opt/rti.com/rti_connext_dds-5.3.1/bin:/opt/ros/foxy/bin:/home/corelab/.local/bin:/usr/local/sbin:/usr/local/bin:/usr/sbin:/usr/bin:/sbin:/bin:/usr/games:/usr/local/games:/snap/bin PYTHONPATH=/home/corelab/GitHub/CatchingBlimp/Summer2023/ros2_stereo/install/yolo_msgs/lib/python3.8/site-packages:/home/corelab/Luke_ML_Blimp/ros2_tracks_ws/install/yolo_msgs/lib/python3.8/site-packages:/home/corelab/Luke_ML_Blimp/ros2_tracks_ws/build/track_ros2:/home/corelab/Luke_ML_Blimp/ros2_tracks_ws/install/track_ros2/lib/python3.8/site-packages:/home/corelab/GitHub/CatchingBlimp/Summer2023/ros2_stereo/install/opencv_telemetry/lib/python3.8/site-packages:/opt/ros/foxy/lib/python/site-packages:/opt/ros/foxy/lib/python3.8/site-packages /home/corelab/.local/bin/cmake --build /home/corelab/GitHub/CatchingBlimp/Summer2023/ros2_stereo/build/stereo_combined -- -j16 -l16
[0.069s] [ 20%] [32mBuilding CXX object CMakeFiles/stereo_combined_node.dir/src/stereo_combined_node.cpp.o[0m
[0.069s] [ 40%] [32mBuilding CXX object CMakeFiles/stereo_combined_node.dir/src/StereoCombined.cpp.o[0m
[1.713s] In file included from [01m[K/home/corelab/GitHub/CatchingBlimp/Summer2023/ros2_stereo/src/stereo_combined/src/StereoCombined.cpp:1[m[K:
[1.713s] [01m[K/home/corelab/GitHub/CatchingBlimp/Summer2023/ros2_stereo/src/stereo_combined/include/StereoCombined.hpp:99:66:[m[K [01;31m[Kerror: [m[Kredeclaration of ‘[01m[Krclcpp::Subscription<yolo_msgs::msg::BoundingBox_<std::allocator<void> > >::SharedPtr StereoCombined::syncImageSub_[m[K’
[1.713s]    99 |     rclcpp::Subscription<yolo_msgs::msg::BoundingBox>::SharedPtr [01;31m[KsyncImageSub_[m[K;
[1.713s]       |                                                                  [01;31m[K^~~~~~~~~~~~~[m[K
[1.713s] [01m[K/home/corelab/GitHub/CatchingBlimp/Summer2023/ros2_stereo/src/stereo_combined/include/StereoCombined.hpp:48:62:[m[K [01;36m[Knote: [m[Kprevious declaration ‘[01m[Krclcpp::Subscription<sensor_msgs::msg::Image_<std::allocator<void> > >::SharedPtr StereoCombined::syncImageSub_[m[K’
[1.713s]    48 |     rclcpp::Subscription<sensor_msgs::msg::Image>::SharedPtr [01;36m[KsyncImageSub_[m[K;
[1.713s]       |                                                              [01;36m[K^~~~~~~~~~~~~[m[K
[1.717s] In file included from [01m[K/home/corelab/GitHub/CatchingBlimp/Summer2023/ros2_stereo/src/stereo_combined/src/stereo_combined_node.cpp:3[m[K:
[1.717s] [01m[K/home/corelab/GitHub/CatchingBlimp/Summer2023/ros2_stereo/src/stereo_combined/include/StereoCombined.hpp:99:66:[m[K [01;31m[Kerror: [m[Kredeclaration of ‘[01m[Krclcpp::Subscription<yolo_msgs::msg::BoundingBox_<std::allocator<void> > >::SharedPtr StereoCombined::syncImageSub_[m[K’
[1.717s]    99 |     rclcpp::Subscription<yolo_msgs::msg::BoundingBox>::SharedPtr [01;31m[KsyncImageSub_[m[K;
[1.717s]       |                                                                  [01;31m[K^~~~~~~~~~~~~[m[K
[1.717s] [01m[K/home/corelab/GitHub/CatchingBlimp/Summer2023/ros2_stereo/src/stereo_combined/include/StereoCombined.hpp:48:62:[m[K [01;36m[Knote: [m[Kprevious declaration ‘[01m[Krclcpp::Subscription<sensor_msgs::msg::Image_<std::allocator<void> > >::SharedPtr StereoCombined::syncImageSub_[m[K’
[1.717s]    48 |     rclcpp::Subscription<sensor_msgs::msg::Image>::SharedPtr [01;36m[KsyncImageSub_[m[K;
[1.717s]       |                                                              [01;36m[K^~~~~~~~~~~~~[m[K
[1.765s] [01m[K/home/corelab/GitHub/CatchingBlimp/Summer2023/ros2_stereo/src/stereo_combined/src/StereoCombined.cpp:221:6:[m[K [01;31m[Kerror: [m[Kno declaration matches ‘[01m[Kvoid StereoCombined::boundingBoxCallback(const ConstSharedPtr&)[m[K’
[1.765s]   221 | void [01;31m[KStereoCombined[m[K::boundingBoxCallback(const yolo_msgs::msg::BoundingBox::ConstSharedPtr &bounding_box_msg) {
[1.765s]       |      [01;31m[K^~~~~~~~~~~~~~[m[K
[1.765s] [01m[K/home/corelab/GitHub/CatchingBlimp/Summer2023/ros2_stereo/src/stereo_combined/src/StereoCombined.cpp:221:6:[m[K [01;36m[Knote: [m[Kno functions named ‘[01m[Kvoid StereoCombined::boundingBoxCallback(const ConstSharedPtr&)[m[K’
[1.765s] In file included from [01m[K/home/corelab/GitHub/CatchingBlimp/Summer2023/ros2_stereo/src/stereo_combined/src/StereoCombined.cpp:1[m[K:
[1.765s] [01m[K/home/corelab/GitHub/CatchingBlimp/Summer2023/ros2_stereo/src/stereo_combined/include/StereoCombined.hpp:44:7:[m[K [01;36m[Knote: [m[K‘[01m[Kclass StereoCombined[m[K’ defined here
[1.765s]    44 | class [01;36m[KStereoCombined[m[K : public rclcpp::Node {
[1.765s]       |       [01;36m[K^~~~~~~~~~~~~~[m[K
[1.820s] [01m[K/home/corelab/GitHub/CatchingBlimp/Summer2023/ros2_stereo/src/stereo_combined/src/StereoCombined.cpp:[m[K In member function ‘[01m[Kvoid StereoCombined::syncImageCallback(sensor_msgs::msg::Image_<std::allocator<void> >::SharedPtr)[m[K’:
[1.820s] [01m[K/home/corelab/GitHub/CatchingBlimp/Summer2023/ros2_stereo/src/stereo_combined/src/StereoCombined.cpp:919:44:[m[K [01;31m[Kerror: [m[Kinvalid initialization of reference of type ‘[01m[Kconst ConstSharedPtr&[m[K’ {aka ‘[01m[Kconst std::shared_ptr<const yolo_msgs::msg::BoundingBox_<std::allocator<void> > >&[m[K’} from expression of type ‘[01m[Kyolo_msgs::msg::BoundingBox*[m[K’ {aka ‘[01m[Kyolo_msgs::msg::BoundingBox_<std::allocator<void> >*[m[K’}
[1.820s]   919 |                 if (isInBoundingBoxBalloon([01;31m[K&bbox_msg[m[K,u,v)) {
[1.820s]       |                                            [01;31m[K^~~~~~~~~[m[K
[1.820s] In file included from [01m[K/home/corelab/GitHub/CatchingBlimp/Summer2023/ros2_stereo/src/stereo_combined/src/StereoCombined.cpp:1[m[K:
[1.821s] [01m[K/home/corelab/GitHub/CatchingBlimp/Summer2023/ros2_stereo/src/stereo_combined/include/StereoCombined.hpp:167:90:[m[K [01;36m[Knote: [m[Kin passing argument 1 of ‘[01m[Kbool isInBoundingBoxBalloon(const ConstSharedPtr&, int, int)[m[K’
[1.821s]   167 |   inline bool isInBoundingBoxBalloon([01;36m[Kconst yolo_msgs::msg::BoundingBox::ConstSharedPtr & bbox_msg[m[K, int u, int v)
[1.821s]       |                                      [01;36m[K~~~~~~~~~~~~~~~~~~~~~~~~~~~~~~~~~~~~~~~~~~~~~~~~~~~~^~~~~~~~[m[K
[1.821s] [01m[K/home/corelab/GitHub/CatchingBlimp/Summer2023/ros2_stereo/src/stereo_combined/src/StereoCombined.cpp:926:42:[m[K [01;31m[Kerror: [m[Kinvalid initialization of reference of type ‘[01m[Kconst ConstSharedPtr&[m[K’ {aka ‘[01m[Kconst std::shared_ptr<const yolo_msgs::msg::BoundingBox_<std::allocator<void> > >&[m[K’} from expression of type ‘[01m[Kyolo_msgs::msg::BoundingBox*[m[K’ {aka ‘[01m[Kyolo_msgs::msg::BoundingBox_<std::allocator<void> >*[m[K’}
[1.821s]   926 |                 if (isInBoundingBoxOgoal([01;31m[K&bbox_msg[m[K,u,v)) {
[1.821s]       |                                          [01;31m[K^~~~~~~~~[m[K
[1.821s] In file included from [01m[K/home/corelab/GitHub/CatchingBlimp/Summer2023/ros2_stereo/src/stereo_combined/src/StereoCombined.cpp:1[m[K:
[1.821s] [01m[K/home/corelab/GitHub/CatchingBlimp/Summer2023/ros2_stereo/src/stereo_combined/include/StereoCombined.hpp:183:88:[m[K [01;36m[Knote: [m[Kin passing argument 1 of ‘[01m[Kbool isInBoundingBoxOgoal(const ConstSharedPtr&, int, int)[m[K’
[1.821s]   183 |   inline bool isInBoundingBoxOgoal([01;36m[Kconst yolo_msgs::msg::BoundingBox::ConstSharedPtr & bbox_msg[m[K, int u, int v)
[1.821s]       |                                    [01;36m[K~~~~~~~~~~~~~~~~~~~~~~~~~~~~~~~~~~~~~~~~~~~~~~~~~~~~^~~~~~~~[m[K
[1.821s] [01m[K/home/corelab/GitHub/CatchingBlimp/Summer2023/ros2_stereo/src/stereo_combined/src/StereoCombined.cpp:933:42:[m[K [01;31m[Kerror: [m[Kinvalid initialization of reference of type ‘[01m[Kconst ConstSharedPtr&[m[K’ {aka ‘[01m[Kconst std::shared_ptr<const yolo_msgs::msg::BoundingBox_<std::allocator<void> > >&[m[K’} from expression of type ‘[01m[Kyolo_msgs::msg::BoundingBox*[m[K’ {aka ‘[01m[Kyolo_msgs::msg::BoundingBox_<std::allocator<void> >*[m[K’}
[1.821s]   933 |                 if (isInBoundingBoxYgoal([01;31m[K&bbox_msg[m[K,u,v)) {
[1.821s]       |                                          [01;31m[K^~~~~~~~~[m[K
[1.821s] In file included from [01m[K/home/corelab/GitHub/CatchingBlimp/Summer2023/ros2_stereo/src/stereo_combined/src/StereoCombined.cpp:1[m[K:
[1.821s] [01m[K/home/corelab/GitHub/CatchingBlimp/Summer2023/ros2_stereo/src/stereo_combined/include/StereoCombined.hpp:199:88:[m[K [01;36m[Knote: [m[Kin passing argument 1 of ‘[01m[Kbool isInBoundingBoxYgoal(const ConstSharedPtr&, int, int)[m[K’
[1.821s]   199 |   inline bool isInBoundingBoxYgoal([01;36m[Kconst yolo_msgs::msg::BoundingBox::ConstSharedPtr & bbox_msg[m[K, int u, int v)
[1.821s]       |                                    [01;36m[K~~~~~~~~~~~~~~~~~~~~~~~~~~~~~~~~~~~~~~~~~~~~~~~~~~~~^~~~~~~~[m[K
[1.827s] [01m[K/home/corelab/GitHub/CatchingBlimp/Summer2023/ros2_stereo/src/stereo_combined/src/StereoCombined.cpp:1209:40:[m[K [01;31m[Kerror: [m[K‘[01m[Kl_image_msg[m[K’ was not declared in this scope; did you mean ‘[01m[Kl_image[m[K’?
[1.827s]  1209 |         const std::string & encoding = [01;31m[Kl_image_msg[m[K->encoding;
[1.827s]       |                                        [01;31m[K^~~~~~~~~~~[m[K
[1.827s]       |                                        [32m[Kl_image[m[K
[2.280s] [01m[K/home/corelab/GitHub/CatchingBlimp/Summer2023/ros2_stereo/src/stereo_combined/include/StereoCombined.hpp:133:13:[m[K [01;35m[Kwarning: [m[K‘[01m[Kvoid add_param_to_map(std::map<std::__cxx11::basic_string<char>, std::pair<double, rcl_interfaces::msg::ParameterDescriptor_<std::allocator<void> > > >&, const string&, const string&, double, double, double, double)[m[K’ defined but not used [[01;35m[K-Wunused-function[m[K]
[2.280s]   133 | static void [01;35m[Kadd_param_to_map[m[K(
[2.280s]       |             [01;35m[K^~~~~~~~~~~~~~~~[m[K
[2.280s] [01m[K/home/corelab/GitHub/CatchingBlimp/Summer2023/ros2_stereo/src/stereo_combined/include/StereoCombined.hpp:115:13:[m[K [01;35m[Kwarning: [m[K‘[01m[Kvoid add_param_to_map(std::map<std::__cxx11::basic_string<char>, std::pair<int, rcl_interfaces::msg::ParameterDescriptor_<std::allocator<void> > > >&, const string&, const string&, int, int, int, int)[m[K’ defined but not used [[01;35m[K-Wunused-function[m[K]
[2.280s]   115 | static void [01;35m[Kadd_param_to_map[m[K(
[2.280s]       |             [01;35m[K^~~~~~~~~~~~~~~~[m[K
[2.300s] make[2]: *** [CMakeFiles/stereo_combined_node.dir/build.make:76: CMakeFiles/stereo_combined_node.dir/src/stereo_combined_node.cpp.o] Error 1
[2.300s] make[2]: *** Waiting for unfinished jobs....
[3.587s] make[2]: *** [CMakeFiles/stereo_combined_node.dir/build.make:90: CMakeFiles/stereo_combined_node.dir/src/StereoCombined.cpp.o] Error 1
[3.587s] make[1]: *** [CMakeFiles/Makefile2:137: CMakeFiles/stereo_combined_node.dir/all] Error 2
[3.587s] make: *** [Makefile:146: all] Error 2
[3.590s] Invoked command in '/home/corelab/GitHub/CatchingBlimp/Summer2023/ros2_stereo/build/stereo_combined' returned '2': CMAKE_PREFIX_PATH=/home/corelab/GitHub/CatchingBlimp/Summer2023/ros2_stereo/install/yolo_msgs:/home/corelab/GitHub/CatchingBlimp/Summer2023/ros2_stereo/install/image_proc:/home/corelab/Luke_ML_Blimp/ros2_tracks_ws/install/yolo_msgs:/home/corelab/GitHub/CatchingBlimp/Summer2023/ros2_stereo/install/stereo_image_proc:/home/corelab/GitHub/CatchingBlimp/Summer2023/ros2_stereo/install/stereo_combined:/home/corelab/GitHub/CatchingBlimp/Summer2023/ros2_stereo/install/gscam2:/home/corelab/GitHub/CatchingBlimp/Summer2023/ros2_stereo/install/ros2_shared:/home/corelab/GitHub/CatchingBlimp/Summer2023/ros2_stereo/install/opencv_telemetry:/home/corelab/GitHub/CatchingBlimp/Summer2023/ros2_stereo/install/image_view:/home/corelab/Luke_ML_Blimp/ros2_tracks_ws/install/track_ros2:/opt/ros/foxy LD_LIBRARY_PATH=/home/corelab/GitHub/CatchingBlimp/Summer2023/ros2_stereo/install/yolo_msgs/lib:/home/corelab/GitHub/CatchingBlimp/Summer2023/ros2_stereo/install/image_proc/lib:/home/corelab/Luke_ML_Blimp/ros2_tracks_ws/install/yolo_msgs/lib:/home/corelab/GitHub/CatchingBlimp/Summer2023/ros2_stereo/install/stereo_image_proc/lib:/home/corelab/GitHub/CatchingBlimp/Summer2023/ros2_stereo/install/gscam2/lib:/home/corelab/GitHub/CatchingBlimp/Summer2023/ros2_stereo/install/opencv_telemetry/lib:/home/corelab/GitHub/CatchingBlimp/Summer2023/ros2_stereo/install/image_view/lib:/usr/lib/x86_64-linux-gnu/gazebo-11/plugins:/opt/ros/foxy/opt/yaml_cpp_vendor/lib:/opt/ros/foxy/opt/rviz_ogre_vendor/lib:/opt/ros/foxy/lib/x86_64-linux-gnu:/opt/ros/foxy/opt/libphidget22/lib:/usr/share/gurumdds/cmake/../../../lib:/opt/rti.com/rti_connext_dds-5.3.1/lib/x64Linux3gcc5.4.0:/opt/ros/foxy/lib PATH=/home/corelab/GitHub/CatchingBlimp/Summer2023/ros2_stereo/install/image_proc/bin:/usr/local/bin:/opt/ros/foxy/bin/maliput_malidrive/applications:/opt/ros/foxy/bin/maliput_malidrive:/opt/rti.com/rti_connext_dds-5.3.1/lib/x64Linux3gcc5.4.0:/opt/rti.com/rti_connext_dds-5.3.1/bin:/opt/ros/foxy/bin:/home/corelab/.local/bin:/usr/local/sbin:/usr/local/bin:/usr/sbin:/usr/bin:/sbin:/bin:/usr/games:/usr/local/games:/snap/bin PYTHONPATH=/home/corelab/GitHub/CatchingBlimp/Summer2023/ros2_stereo/install/yolo_msgs/lib/python3.8/site-packages:/home/corelab/Luke_ML_Blimp/ros2_tracks_ws/install/yolo_msgs/lib/python3.8/site-packages:/home/corelab/Luke_ML_Blimp/ros2_tracks_ws/build/track_ros2:/home/corelab/Luke_ML_Blimp/ros2_tracks_ws/install/track_ros2/lib/python3.8/site-packages:/home/corelab/GitHub/CatchingBlimp/Summer2023/ros2_stereo/install/opencv_telemetry/lib/python3.8/site-packages:/opt/ros/foxy/lib/python/site-packages:/opt/ros/foxy/lib/python3.8/site-packages /home/corelab/.local/bin/cmake --build /home/corelab/GitHub/CatchingBlimp/Summer2023/ros2_stereo/build/stereo_combined -- -j16 -l16
