[0.030s] Invoking command in '/home/corelab/ros2_stereo/build/ros2_shared': CMAKE_PREFIX_PATH=${CMAKE_PREFIX_PATH}:/opt/ros/foxy /home/corelab/.local/bin/cmake /home/corelab/ros2_stereo/src/ros2_shared -DCMAKE_INSTALL_PREFIX=/home/corelab/ros2_stereo/install/ros2_shared
[0.078s] -- The C compiler identification is GNU 9.4.0
[0.110s] -- The CXX compiler identification is GNU 9.4.0
[0.116s] -- Detecting C compiler ABI info
[0.147s] -- Detecting C compiler ABI info - done
[0.154s] -- Check for working C compiler: /usr/bin/cc - skipped
[0.154s] -- Detecting C compile features
[0.154s] -- Detecting C compile features - done
[0.156s] -- Detecting CXX compiler ABI info
[0.193s] -- Detecting CXX compiler ABI info - done
[0.199s] -- Check for working CXX compiler: /usr/bin/c++ - skipped
[0.199s] -- Detecting CXX compile features
[0.200s] -- Detecting CXX compile features - done
[0.203s] -- Found ament_cmake: 0.9.12 (/opt/ros/foxy/share/ament_cmake/cmake)
[0.226s] -- Found PythonInterp: /usr/bin/python3 (found suitable version "3.8.10", minimum required is "3") 
[0.226s] -- Using PYTHON_EXECUTABLE: /usr/bin/python3
[0.412s] -- Found rclcpp: 2.4.3 (/opt/ros/foxy/share/rclcpp/cmake)
[0.460s] -- Using all available rosidl_typesupport_c: rosidl_typesupport_connext_c;rosidl_typesupport_fastrtps_c;rosidl_typesupport_introspection_c
[0.470s] -- Found rosidl_adapter: 1.3.1 (/opt/ros/foxy/share/rosidl_adapter/cmake)
[0.476s] -- Found RTI Connext: /opt/rti.com/rti_connext_dds-5.3.1
[0.477s] [33mCMake Warning (dev) at /opt/ros/foxy/share/connext_cmake_module/cmake/Modules/FindConnext.cmake:163 (list):
[0.477s]   Policy CMP0121 is not set: The list() command now validates parsing of
[0.478s]   index arguments.  Run "cmake --help-policy CMP0121" for policy details.
[0.478s]   Use the cmake_policy command to set the policy and suppress this warning.
[0.478s]   Invalid list index "libnddsc.so".
[0.478s] Call Stack (most recent call first):
[0.478s]   /opt/ros/foxy/share/connext_cmake_module/cmake/Modules/FindConnext.cmake:198 (_count_found_libraries)
[0.478s]   /opt/ros/foxy/share/rosidl_typesupport_connext_c/cmake/rosidl_typesupport_connext_c-extras.cmake:5 (find_package)
[0.478s]   /opt/ros/foxy/share/rosidl_typesupport_connext_c/cmake/rosidl_typesupport_connext_cConfig.cmake:41 (include)
[0.478s]   /opt/ros/foxy/share/rosidl_typesupport_c/cmake/rosidl_typesupport_c-extras.cmake:13 (find_package)
[0.478s]   /opt/ros/foxy/share/rosidl_typesupport_c/cmake/rosidl_typesupport_cConfig.cmake:41 (include)
[0.478s]   /opt/ros/foxy/share/rosidl_default_runtime/cmake/rosidl_default_runtime-extras.cmake:12 (find_package)
[0.478s]   /opt/ros/foxy/share/rosidl_default_runtime/cmake/rosidl_default_runtimeConfig.cmake:41 (include)
[0.478s]   /opt/ros/foxy/share/builtin_interfaces/cmake/ament_cmake_export_dependencies-extras.cmake:21 (find_package)
[0.478s]   /opt/ros/foxy/share/builtin_interfaces/cmake/builtin_interfacesConfig.cmake:41 (include)
[0.478s]   /opt/ros/foxy/share/rcl_interfaces/cmake/ament_cmake_export_dependencies-extras.cmake:21 (find_package)
[0.478s]   /opt/ros/foxy/share/rcl_interfaces/cmake/rcl_interfacesConfig.cmake:41 (include)
[0.478s]   /opt/ros/foxy/share/rcl/cmake/ament_cmake_export_dependencies-extras.cmake:21 (find_package)
[0.478s]   /opt/ros/foxy/share/rcl/cmake/rclConfig.cmake:41 (include)
[0.478s]   /opt/ros/foxy/share/libstatistics_collector/cmake/ament_cmake_export_dependencies-extras.cmake:21 (find_package)
[0.478s]   /opt/ros/foxy/share/libstatistics_collector/cmake/libstatistics_collectorConfig.cmake:41 (include)
[0.478s]   /opt/ros/foxy/share/rclcpp/cmake/ament_cmake_export_dependencies-extras.cmake:21 (find_package)
[0.478s]   /opt/ros/foxy/share/rclcpp/cmake/rclcppConfig.cmake:41 (include)
[0.478s]   CMakeLists.txt:20 (find_package)
[0.478s] This warning is for project developers.  Use -Wno-dev to suppress it.
[0.478s] [0m
[0.478s] [33mCMake Warning (dev) at /opt/ros/foxy/share/connext_cmake_module/cmake/Modules/FindConnext.cmake:163 (list):
[0.478s]   Policy CMP0121 is not set: The list() command now validates parsing of
[0.479s]   index arguments.  Run "cmake --help-policy CMP0121" for policy details.
[0.479s]   Use the cmake_policy command to set the policy and suppress this warning.
[0.479s]   Invalid list index "libnddscore.so".
[0.479s] Call Stack (most recent call first):
[0.479s]   /opt/ros/foxy/share/connext_cmake_module/cmake/Modules/FindConnext.cmake:198 (_count_found_libraries)
[0.479s]   /opt/ros/foxy/share/rosidl_typesupport_connext_c/cmake/rosidl_typesupport_connext_c-extras.cmake:5 (find_package)
[0.479s]   /opt/ros/foxy/share/rosidl_typesupport_connext_c/cmake/rosidl_typesupport_connext_cConfig.cmake:41 (include)
[0.479s]   /opt/ros/foxy/share/rosidl_typesupport_c/cmake/rosidl_typesupport_c-extras.cmake:13 (find_package)
[0.479s]   /opt/ros/foxy/share/rosidl_typesupport_c/cmake/rosidl_typesupport_cConfig.cmake:41 (include)
[0.479s]   /opt/ros/foxy/share/rosidl_default_runtime/cmake/rosidl_default_runtime-extras.cmake:12 (find_package)
[0.479s]   /opt/ros/foxy/share/rosidl_default_runtime/cmake/rosidl_default_runtimeConfig.cmake:41 (include)
[0.479s]   /opt/ros/foxy/share/builtin_interfaces/cmake/ament_cmake_export_dependencies-extras.cmake:21 (find_package)
[0.479s]   /opt/ros/foxy/share/builtin_interfaces/cmake/builtin_interfacesConfig.cmake:41 (include)
[0.479s]   /opt/ros/foxy/share/rcl_interfaces/cmake/ament_cmake_export_dependencies-extras.cmake:21 (find_package)
[0.479s]   /opt/ros/foxy/share/rcl_interfaces/cmake/rcl_interfacesConfig.cmake:41 (include)
[0.479s]   /opt/ros/foxy/share/rcl/cmake/ament_cmake_export_dependencies-extras.cmake:21 (find_package)
[0.479s]   /opt/ros/foxy/share/rcl/cmake/rclConfig.cmake:41 (include)
[0.479s]   /opt/ros/foxy/share/libstatistics_collector/cmake/ament_cmake_export_dependencies-extras.cmake:21 (find_package)
[0.479s]   /opt/ros/foxy/share/libstatistics_collector/cmake/libstatistics_collectorConfig.cmake:41 (include)
[0.479s]   /opt/ros/foxy/share/rclcpp/cmake/ament_cmake_export_dependencies-extras.cmake:21 (find_package)
[0.479s]   /opt/ros/foxy/share/rclcpp/cmake/rclcppConfig.cmake:41 (include)
[0.479s]   CMakeLists.txt:20 (find_package)
[0.479s] This warning is for project developers.  Use -Wno-dev to suppress it.
[0.479s] [0m
[0.479s] [33mCMake Warning (dev) at /opt/ros/foxy/share/connext_cmake_module/cmake/Modules/FindConnext.cmake:163 (list):
[0.479s]   Policy CMP0121 is not set: The list() command now validates parsing of
[0.479s]   index arguments.  Run "cmake --help-policy CMP0121" for policy details.
[0.480s]   Use the cmake_policy command to set the policy and suppress this warning.
[0.480s]   Invalid list index "libnddscpp.so".
[0.480s] Call Stack (most recent call first):
[0.480s]   /opt/ros/foxy/share/connext_cmake_module/cmake/Modules/FindConnext.cmake:198 (_count_found_libraries)
[0.480s]   /opt/ros/foxy/share/rosidl_typesupport_connext_c/cmake/rosidl_typesupport_connext_c-extras.cmake:5 (find_package)
[0.480s]   /opt/ros/foxy/share/rosidl_typesupport_connext_c/cmake/rosidl_typesupport_connext_cConfig.cmake:41 (include)
[0.480s]   /opt/ros/foxy/share/rosidl_typesupport_c/cmake/rosidl_typesupport_c-extras.cmake:13 (find_package)
[0.480s]   /opt/ros/foxy/share/rosidl_typesupport_c/cmake/rosidl_typesupport_cConfig.cmake:41 (include)
[0.480s]   /opt/ros/foxy/share/rosidl_default_runtime/cmake/rosidl_default_runtime-extras.cmake:12 (find_package)
[0.480s]   /opt/ros/foxy/share/rosidl_default_runtime/cmake/rosidl_default_runtimeConfig.cmake:41 (include)
[0.480s]   /opt/ros/foxy/share/builtin_interfaces/cmake/ament_cmake_export_dependencies-extras.cmake:21 (find_package)
[0.480s]   /opt/ros/foxy/share/builtin_interfaces/cmake/builtin_interfacesConfig.cmake:41 (include)
[0.480s]   /opt/ros/foxy/share/rcl_interfaces/cmake/ament_cmake_export_dependencies-extras.cmake:21 (find_package)
[0.480s]   /opt/ros/foxy/share/rcl_interfaces/cmake/rcl_interfacesConfig.cmake:41 (include)
[0.480s]   /opt/ros/foxy/share/rcl/cmake/ament_cmake_export_dependencies-extras.cmake:21 (find_package)
[0.480s]   /opt/ros/foxy/share/rcl/cmake/rclConfig.cmake:41 (include)
[0.480s]   /opt/ros/foxy/share/libstatistics_collector/cmake/ament_cmake_export_dependencies-extras.cmake:21 (find_package)
[0.480s]   /opt/ros/foxy/share/libstatistics_collector/cmake/libstatistics_collectorConfig.cmake:41 (include)
[0.480s]   /opt/ros/foxy/share/rclcpp/cmake/ament_cmake_export_dependencies-extras.cmake:21 (find_package)
[0.480s]   /opt/ros/foxy/share/rclcpp/cmake/rclcppConfig.cmake:41 (include)
[0.480s]   CMakeLists.txt:20 (find_package)
[0.480s] This warning is for project developers.  Use -Wno-dev to suppress it.
[0.480s] [0m
[0.480s] [33mCMake Warning (dev) at /opt/ros/foxy/share/connext_cmake_module/cmake/Modules/FindConnext.cmake:163 (list):
[0.480s]   Policy CMP0121 is not set: The list() command now validates parsing of
[0.480s]   index arguments.  Run "cmake --help-policy CMP0121" for policy details.
[0.480s]   Use the cmake_policy command to set the policy and suppress this warning.
[0.480s]   Invalid list index "librticonnextmsgcpp.so".
[0.480s] Call Stack (most recent call first):
[0.480s]   /opt/ros/foxy/share/connext_cmake_module/cmake/Modules/FindConnext.cmake:198 (_count_found_libraries)
[0.480s]   /opt/ros/foxy/share/rosidl_typesupport_connext_c/cmake/rosidl_typesupport_connext_c-extras.cmake:5 (find_package)
[0.481s]   /opt/ros/foxy/share/rosidl_typesupport_connext_c/cmake/rosidl_typesupport_connext_cConfig.cmake:41 (include)
[0.481s]   /opt/ros/foxy/share/rosidl_typesupport_c/cmake/rosidl_typesupport_c-extras.cmake:13 (find_package)
[0.481s]   /opt/ros/foxy/share/rosidl_typesupport_c/cmake/rosidl_typesupport_cConfig.cmake:41 (include)
[0.481s]   /opt/ros/foxy/share/rosidl_default_runtime/cmake/rosidl_default_runtime-extras.cmake:12 (find_package)
[0.481s]   /opt/ros/foxy/share/rosidl_default_runtime/cmake/rosidl_default_runtimeConfig.cmake:41 (include)
[0.481s]   /opt/ros/foxy/share/builtin_interfaces/cmake/ament_cmake_export_dependencies-extras.cmake:21 (find_package)
[0.481s]   /opt/ros/foxy/share/builtin_interfaces/cmake/builtin_interfacesConfig.cmake:41 (include)
[0.481s]   /opt/ros/foxy/share/rcl_interfaces/cmake/ament_cmake_export_dependencies-extras.cmake:21 (find_package)
[0.481s]   /opt/ros/foxy/share/rcl_interfaces/cmake/rcl_interfacesConfig.cmake:41 (include)
[0.481s]   /opt/ros/foxy/share/rcl/cmake/ament_cmake_export_dependencies-extras.cmake:21 (find_package)
[0.481s]   /opt/ros/foxy/share/rcl/cmake/rclConfig.cmake:41 (include)
[0.481s]   /opt/ros/foxy/share/libstatistics_collector/cmake/ament_cmake_export_dependencies-extras.cmake:21 (find_package)
[0.481s]   /opt/ros/foxy/share/libstatistics_collector/cmake/libstatistics_collectorConfig.cmake:41 (include)
[0.481s]   /opt/ros/foxy/share/rclcpp/cmake/ament_cmake_export_dependencies-extras.cmake:21 (find_package)
[0.481s]   /opt/ros/foxy/share/rclcpp/cmake/rclcppConfig.cmake:41 (include)
[0.481s]   CMakeLists.txt:20 (find_package)
[0.481s] This warning is for project developers.  Use -Wno-dev to suppress it.
[0.481s] [0m
[0.481s] [33mCMake Warning (dev) at /opt/ros/foxy/share/connext_cmake_module/cmake/Modules/FindConnext.cmake:163 (list):
[0.481s]   Policy CMP0121 is not set: The list() command now validates parsing of
[0.481s]   index arguments.  Run "cmake --help-policy CMP0121" for policy details.
[0.481s]   Use the cmake_policy command to set the policy and suppress this warning.
[0.481s]   Invalid list index "libnddscd.so".
[0.481s] Call Stack (most recent call first):
[0.481s]   /opt/ros/foxy/share/connext_cmake_module/cmake/Modules/FindConnext.cmake:199 (_count_found_libraries)
[0.481s]   /opt/ros/foxy/share/rosidl_typesupport_connext_c/cmake/rosidl_typesupport_connext_c-extras.cmake:5 (find_package)
[0.481s]   /opt/ros/foxy/share/rosidl_typesupport_connext_c/cmake/rosidl_typesupport_connext_cConfig.cmake:41 (include)
[0.481s]   /opt/ros/foxy/share/rosidl_typesupport_c/cmake/rosidl_typesupport_c-extras.cmake:13 (find_package)
[0.481s]   /opt/ros/foxy/share/rosidl_typesupport_c/cmake/rosidl_typesupport_cConfig.cmake:41 (include)
[0.482s]   /opt/ros/foxy/share/rosidl_default_runtime/cmake/rosidl_default_runtime-extras.cmake:12 (find_package)
[0.482s]   /opt/ros/foxy/share/rosidl_default_runtime/cmake/rosidl_default_runtimeConfig.cmake:41 (include)
[0.482s]   /opt/ros/foxy/share/builtin_interfaces/cmake/ament_cmake_export_dependencies-extras.cmake:21 (find_package)
[0.482s]   /opt/ros/foxy/share/builtin_interfaces/cmake/builtin_interfacesConfig.cmake:41 (include)
[0.482s]   /opt/ros/foxy/share/rcl_interfaces/cmake/ament_cmake_export_dependencies-extras.cmake:21 (find_package)
[0.482s]   /opt/ros/foxy/share/rcl_interfaces/cmake/rcl_interfacesConfig.cmake:41 (include)
[0.482s]   /opt/ros/foxy/share/rcl/cmake/ament_cmake_export_dependencies-extras.cmake:21 (find_package)
[0.482s]   /opt/ros/foxy/share/rcl/cmake/rclConfig.cmake:41 (include)
[0.482s]   /opt/ros/foxy/share/libstatistics_collector/cmake/ament_cmake_export_dependencies-extras.cmake:21 (find_package)
[0.482s]   /opt/ros/foxy/share/libstatistics_collector/cmake/libstatistics_collectorConfig.cmake:41 (include)
[0.482s]   /opt/ros/foxy/share/rclcpp/cmake/ament_cmake_export_dependencies-extras.cmake:21 (find_package)
[0.482s]   /opt/ros/foxy/share/rclcpp/cmake/rclcppConfig.cmake:41 (include)
[0.482s]   CMakeLists.txt:20 (find_package)
[0.482s] This warning is for project developers.  Use -Wno-dev to suppress it.
[0.482s] [0m
[0.482s] [33mCMake Warning (dev) at /opt/ros/foxy/share/connext_cmake_module/cmake/Modules/FindConnext.cmake:163 (list):
[0.482s]   Policy CMP0121 is not set: The list() command now validates parsing of
[0.482s]   index arguments.  Run "cmake --help-policy CMP0121" for policy details.
[0.482s]   Use the cmake_policy command to set the policy and suppress this warning.
[0.482s]   Invalid list index "libnddscored.so".
[0.482s] Call Stack (most recent call first):
[0.482s]   /opt/ros/foxy/share/connext_cmake_module/cmake/Modules/FindConnext.cmake:199 (_count_found_libraries)
[0.482s]   /opt/ros/foxy/share/rosidl_typesupport_connext_c/cmake/rosidl_typesupport_connext_c-extras.cmake:5 (find_package)
[0.482s]   /opt/ros/foxy/share/rosidl_typesupport_connext_c/cmake/rosidl_typesupport_connext_cConfig.cmake:41 (include)
[0.482s]   /opt/ros/foxy/share/rosidl_typesupport_c/cmake/rosidl_typesupport_c-extras.cmake:13 (find_package)
[0.482s]   /opt/ros/foxy/share/rosidl_typesupport_c/cmake/rosidl_typesupport_cConfig.cmake:41 (include)
[0.482s]   /opt/ros/foxy/share/rosidl_default_runtime/cmake/rosidl_default_runtime-extras.cmake:12 (find_package)
[0.482s]   /opt/ros/foxy/share/rosidl_default_runtime/cmake/rosidl_default_runtimeConfig.cmake:41 (include)
[0.482s]   /opt/ros/foxy/share/builtin_interfaces/cmake/ament_cmake_export_dependencies-extras.cmake:21 (find_package)
[0.482s]   /opt/ros/foxy/share/builtin_interfaces/cmake/builtin_interfacesConfig.cmake:41 (include)
[0.483s]   /opt/ros/foxy/share/rcl_interfaces/cmake/ament_cmake_export_dependencies-extras.cmake:21 (find_package)
[0.483s]   /opt/ros/foxy/share/rcl_interfaces/cmake/rcl_interfacesConfig.cmake:41 (include)
[0.483s]   /opt/ros/foxy/share/rcl/cmake/ament_cmake_export_dependencies-extras.cmake:21 (find_package)
[0.483s]   /opt/ros/foxy/share/rcl/cmake/rclConfig.cmake:41 (include)
[0.483s]   /opt/ros/foxy/share/libstatistics_collector/cmake/ament_cmake_export_dependencies-extras.cmake:21 (find_package)
[0.483s]   /opt/ros/foxy/share/libstatistics_collector/cmake/libstatistics_collectorConfig.cmake:41 (include)
[0.483s]   /opt/ros/foxy/share/rclcpp/cmake/ament_cmake_export_dependencies-extras.cmake:21 (find_package)
[0.483s]   /opt/ros/foxy/share/rclcpp/cmake/rclcppConfig.cmake:41 (include)
[0.483s]   CMakeLists.txt:20 (find_package)
[0.483s] This warning is for project developers.  Use -Wno-dev to suppress it.
[0.483s] [0m
[0.483s] [33mCMake Warning (dev) at /opt/ros/foxy/share/connext_cmake_module/cmake/Modules/FindConnext.cmake:163 (list):
[0.483s]   Policy CMP0121 is not set: The list() command now validates parsing of
[0.483s]   index arguments.  Run "cmake --help-policy CMP0121" for policy details.
[0.483s]   Use the cmake_policy command to set the policy and suppress this warning.
[0.483s]   Invalid list index "libnddscppd.so".
[0.483s] Call Stack (most recent call first):
[0.483s]   /opt/ros/foxy/share/connext_cmake_module/cmake/Modules/FindConnext.cmake:199 (_count_found_libraries)
[0.483s]   /opt/ros/foxy/share/rosidl_typesupport_connext_c/cmake/rosidl_typesupport_connext_c-extras.cmake:5 (find_package)
[0.483s]   /opt/ros/foxy/share/rosidl_typesupport_connext_c/cmake/rosidl_typesupport_connext_cConfig.cmake:41 (include)
[0.483s]   /opt/ros/foxy/share/rosidl_typesupport_c/cmake/rosidl_typesupport_c-extras.cmake:13 (find_package)
[0.483s]   /opt/ros/foxy/share/rosidl_typesupport_c/cmake/rosidl_typesupport_cConfig.cmake:41 (include)
[0.483s]   /opt/ros/foxy/share/rosidl_default_runtime/cmake/rosidl_default_runtime-extras.cmake:12 (find_package)
[0.483s]   /opt/ros/foxy/share/rosidl_default_runtime/cmake/rosidl_default_runtimeConfig.cmake:41 (include)
[0.483s]   /opt/ros/foxy/share/builtin_interfaces/cmake/ament_cmake_export_dependencies-extras.cmake:21 (find_package)
[0.483s]   /opt/ros/foxy/share/builtin_interfaces/cmake/builtin_interfacesConfig.cmake:41 (include)
[0.483s]   /opt/ros/foxy/share/rcl_interfaces/cmake/ament_cmake_export_dependencies-extras.cmake:21 (find_package)
[0.483s]   /opt/ros/foxy/share/rcl_interfaces/cmake/rcl_interfacesConfig.cmake:41 (include)
[0.483s]   /opt/ros/foxy/share/rcl/cmake/ament_cmake_export_dependencies-extras.cmake:21 (find_package)
[0.483s]   /opt/ros/foxy/share/rcl/cmake/rclConfig.cmake:41 (include)
[0.483s]   /opt/ros/foxy/share/libstatistics_collector/cmake/ament_cmake_export_dependencies-extras.cmake:21 (find_package)
[0.484s]   /opt/ros/foxy/share/libstatistics_collector/cmake/libstatistics_collectorConfig.cmake:41 (include)
[0.484s]   /opt/ros/foxy/share/rclcpp/cmake/ament_cmake_export_dependencies-extras.cmake:21 (find_package)
[0.484s]   /opt/ros/foxy/share/rclcpp/cmake/rclcppConfig.cmake:41 (include)
[0.484s]   CMakeLists.txt:20 (find_package)
[0.484s] This warning is for project developers.  Use -Wno-dev to suppress it.
[0.484s] [0m
[0.484s] [33mCMake Warning (dev) at /opt/ros/foxy/share/connext_cmake_module/cmake/Modules/FindConnext.cmake:163 (list):
[0.484s]   Policy CMP0121 is not set: The list() command now validates parsing of
[0.484s]   index arguments.  Run "cmake --help-policy CMP0121" for policy details.
[0.484s]   Use the cmake_policy command to set the policy and suppress this warning.
[0.484s]   Invalid list index "librticonnextmsgcppd.so".
[0.484s] Call Stack (most recent call first):
[0.484s]   /opt/ros/foxy/share/connext_cmake_module/cmake/Modules/FindConnext.cmake:199 (_count_found_libraries)
[0.484s]   /opt/ros/foxy/share/rosidl_typesupport_connext_c/cmake/rosidl_typesupport_connext_c-extras.cmake:5 (find_package)
[0.484s]   /opt/ros/foxy/share/rosidl_typesupport_connext_c/cmake/rosidl_typesupport_connext_cConfig.cmake:41 (include)
[0.484s]   /opt/ros/foxy/share/rosidl_typesupport_c/cmake/rosidl_typesupport_c-extras.cmake:13 (find_package)
[0.484s]   /opt/ros/foxy/share/rosidl_typesupport_c/cmake/rosidl_typesupport_cConfig.cmake:41 (include)
[0.484s]   /opt/ros/foxy/share/rosidl_default_runtime/cmake/rosidl_default_runtime-extras.cmake:12 (find_package)
[0.484s]   /opt/ros/foxy/share/rosidl_default_runtime/cmake/rosidl_default_runtimeConfig.cmake:41 (include)
[0.484s]   /opt/ros/foxy/share/builtin_interfaces/cmake/ament_cmake_export_dependencies-extras.cmake:21 (find_package)
[0.484s]   /opt/ros/foxy/share/builtin_interfaces/cmake/builtin_interfacesConfig.cmake:41 (include)
[0.484s]   /opt/ros/foxy/share/rcl_interfaces/cmake/ament_cmake_export_dependencies-extras.cmake:21 (find_package)
[0.484s]   /opt/ros/foxy/share/rcl_interfaces/cmake/rcl_interfacesConfig.cmake:41 (include)
[0.484s]   /opt/ros/foxy/share/rcl/cmake/ament_cmake_export_dependencies-extras.cmake:21 (find_package)
[0.484s]   /opt/ros/foxy/share/rcl/cmake/rclConfig.cmake:41 (include)
[0.484s]   /opt/ros/foxy/share/libstatistics_collector/cmake/ament_cmake_export_dependencies-extras.cmake:21 (find_package)
[0.484s]   /opt/ros/foxy/share/libstatistics_collector/cmake/libstatistics_collectorConfig.cmake:41 (include)
[0.484s]   /opt/ros/foxy/share/rclcpp/cmake/ament_cmake_export_dependencies-extras.cmake:21 (find_package)
[0.484s]   /opt/ros/foxy/share/rclcpp/cmake/rclcppConfig.cmake:41 (include)
[0.484s]   CMakeLists.txt:20 (find_package)
[0.484s] This warning is for project developers.  Use -Wno-dev to suppress it.
[0.485s] [0m
[0.485s] [0mCMake Deprecation Warning at /home/corelab/ros2_stereo/build/ros2_shared/connext_cmake_module/check_abi/CMakeLists.txt:15 (cmake_minimum_required):
[0.485s]   Compatibility with CMake < 2.8.12 will be removed from a future version of
[0.485s]   CMake.
[0.485s] 
[0.485s]   Update the VERSION argument <min> value or use a ...<max> suffix to tell
[0.485s]   CMake that the project does not need compatibility with older versions.
[0.485s] 
[0.485s] [0m
[1.068s] -- Found OpenSSL: /usr/lib/x86_64-linux-gnu/libcrypto.so (found version "1.1.1f")  
[1.094s] -- Found FastRTPS: /opt/ros/foxy/include  
[1.156s] -- Using all available rosidl_typesupport_cpp: rosidl_typesupport_connext_cpp;rosidl_typesupport_fastrtps_cpp;rosidl_typesupport_introspection_cpp
[1.200s] -- Found rmw_implementation_cmake: 1.0.4 (/opt/ros/foxy/share/rmw_implementation_cmake/cmake)
[1.201s] -- Using RMW implementation 'rmw_fastrtps_cpp' as default
[1.201s] -- Performing Test CMAKE_HAVE_LIBC_PTHREAD
[1.234s] -- Performing Test CMAKE_HAVE_LIBC_PTHREAD - Failed
[1.235s] -- Looking for pthread_create in pthreads
[1.259s] -- Looking for pthread_create in pthreads - not found
[1.259s] -- Looking for pthread_create in pthread
[1.291s] -- Looking for pthread_create in pthread - found
[1.292s] -- Found Threads: TRUE  
[1.432s] -- Configuring done
[1.435s] -- Generating done
[1.436s] -- Build files have been written to: /home/corelab/ros2_stereo/build/ros2_shared
[1.445s] Invoked command in '/home/corelab/ros2_stereo/build/ros2_shared' returned '0': CMAKE_PREFIX_PATH=${CMAKE_PREFIX_PATH}:/opt/ros/foxy /home/corelab/.local/bin/cmake /home/corelab/ros2_stereo/src/ros2_shared -DCMAKE_INSTALL_PREFIX=/home/corelab/ros2_stereo/install/ros2_shared
[1.447s] Invoking command in '/home/corelab/ros2_stereo/build/ros2_shared': CMAKE_PREFIX_PATH=${CMAKE_PREFIX_PATH}:/opt/ros/foxy /home/corelab/.local/bin/cmake --build /home/corelab/ros2_stereo/build/ros2_shared -- -j16 -l16
[1.479s] Invoked command in '/home/corelab/ros2_stereo/build/ros2_shared' returned '0': CMAKE_PREFIX_PATH=${CMAKE_PREFIX_PATH}:/opt/ros/foxy /home/corelab/.local/bin/cmake --build /home/corelab/ros2_stereo/build/ros2_shared -- -j16 -l16
[1.534s] Invoking command in '/home/corelab/ros2_stereo/build/ros2_shared': CMAKE_PREFIX_PATH=${CMAKE_PREFIX_PATH}:/opt/ros/foxy /home/corelab/.local/bin/cmake --install /home/corelab/ros2_stereo/build/ros2_shared
[1.554s] -- Install configuration: ""
[1.554s] -- Installing: /home/corelab/ros2_stereo/install/ros2_shared/include
[1.554s] -- Installing: /home/corelab/ros2_stereo/install/ros2_shared/include/ros2_shared
[1.554s] -- Installing: /home/corelab/ros2_stereo/install/ros2_shared/include/ros2_shared/param_macros.hpp
[1.554s] -- Installing: /home/corelab/ros2_stereo/install/ros2_shared/include/ros2_shared/string_printf.hpp
[1.554s] -- Installing: /home/corelab/ros2_stereo/install/ros2_shared/include/ros2_shared/context_macros.hpp
[1.554s] -- Installing: /home/corelab/ros2_stereo/install/ros2_shared/share/ament_index/resource_index/package_run_dependencies/ros2_shared
[1.554s] -- Installing: /home/corelab/ros2_stereo/install/ros2_shared/share/ament_index/resource_index/parent_prefix_path/ros2_shared
[1.554s] -- Installing: /home/corelab/ros2_stereo/install/ros2_shared/share/ros2_shared/environment/ament_prefix_path.sh
[1.555s] -- Installing: /home/corelab/ros2_stereo/install/ros2_shared/share/ros2_shared/environment/ament_prefix_path.dsv
[1.555s] -- Installing: /home/corelab/ros2_stereo/install/ros2_shared/share/ros2_shared/environment/path.sh
[1.555s] -- Installing: /home/corelab/ros2_stereo/install/ros2_shared/share/ros2_shared/environment/path.dsv
[1.555s] -- Installing: /home/corelab/ros2_stereo/install/ros2_shared/share/ros2_shared/local_setup.bash
[1.555s] -- Installing: /home/corelab/ros2_stereo/install/ros2_shared/share/ros2_shared/local_setup.sh
[1.555s] -- Installing: /home/corelab/ros2_stereo/install/ros2_shared/share/ros2_shared/local_setup.zsh
[1.555s] -- Installing: /home/corelab/ros2_stereo/install/ros2_shared/share/ros2_shared/local_setup.dsv
[1.555s] -- Installing: /home/corelab/ros2_stereo/install/ros2_shared/share/ros2_shared/package.dsv
[1.555s] -- Installing: /home/corelab/ros2_stereo/install/ros2_shared/share/ament_index/resource_index/packages/ros2_shared
[1.555s] -- Installing: /home/corelab/ros2_stereo/install/ros2_shared/share/ros2_shared/cmake/ros2_shared_targetsExport.cmake
[1.555s] -- Installing: /home/corelab/ros2_stereo/install/ros2_shared/share/ros2_shared/cmake/ament_cmake_export_targets-extras.cmake
[1.555s] -- Installing: /home/corelab/ros2_stereo/install/ros2_shared/share/ros2_shared/cmake/ament_cmake_export_dependencies-extras.cmake
[1.555s] -- Installing: /home/corelab/ros2_stereo/install/ros2_shared/share/ros2_shared/cmake/ros2_sharedConfig.cmake
[1.555s] -- Installing: /home/corelab/ros2_stereo/install/ros2_shared/share/ros2_shared/cmake/ros2_sharedConfig-version.cmake
[1.555s] -- Installing: /home/corelab/ros2_stereo/install/ros2_shared/share/ros2_shared/package.xml
[1.559s] Invoked command in '/home/corelab/ros2_stereo/build/ros2_shared' returned '0': CMAKE_PREFIX_PATH=${CMAKE_PREFIX_PATH}:/opt/ros/foxy /home/corelab/.local/bin/cmake --install /home/corelab/ros2_stereo/build/ros2_shared
