[0.051s] Invoking command in '/home/corelab/GitHub/CatchingBlimp/Summer2023/ros2_stereo/build/yolo_msgs': CMAKE_PREFIX_PATH=${CMAKE_PREFIX_PATH}:/home/corelab/Luke_ML_Blimp/ros2_tracks_ws/install/track_ros2:/opt/ros/foxy /home/corelab/.local/bin/cmake --build /home/corelab/GitHub/CatchingBlimp/Summer2023/ros2_stereo/build/yolo_msgs -- -j16 -l16
[0.096s] [  2%] Built target yolo_msgs__dds_connext_idl
[0.096s] [  2%] Built target yolo_msgs__cpp
[0.096s] [  8%] Built target yolo_msgs__rosidl_generator_c
[0.105s] [ 14%] Built target yolo_msgs__rosidl_typesupport_fastrtps_cpp
[0.109s] [ 20%] Built target yolo_msgs__rosidl_typesupport_cpp
[0.111s] [ 27%] Built target yolo_msgs__rosidl_typesupport_introspection_cpp
[0.118s] [ 44%] Built target yolo_msgs__rosidl_typesupport_introspection_c
[0.118s] [ 51%] Built target yolo_msgs__rosidl_typesupport_connext_cpp
[0.119s] [ 58%] Built target yolo_msgs__rosidl_typesupport_fastrtps_c
[0.124s] [ 64%] Built target yolo_msgs__rosidl_typesupport_c
[0.140s] [ 83%] Built target yolo_msgs__rosidl_typesupport_connext_c
[0.146s] [ 83%] Built target yolo_msgs
[0.152s] [ 85%] Built target yolo_msgs__py
[0.161s] [ 90%] Built target yolo_msgs__python
[0.170s] [ 93%] Built target yolo_msgs__rosidl_typesupport_fastrtps_c__pyext
[0.171s] [ 95%] Built target yolo_msgs__rosidl_typesupport_connext_c__pyext
[0.171s] [ 97%] Built target yolo_msgs__rosidl_typesupport_c__pyext
[0.171s] [100%] Built target yolo_msgs__rosidl_typesupport_introspection_c__pyext
[0.190s] Invoked command in '/home/corelab/GitHub/CatchingBlimp/Summer2023/ros2_stereo/build/yolo_msgs' returned '0': CMAKE_PREFIX_PATH=${CMAKE_PREFIX_PATH}:/home/corelab/Luke_ML_Blimp/ros2_tracks_ws/install/track_ros2:/opt/ros/foxy /home/corelab/.local/bin/cmake --build /home/corelab/GitHub/CatchingBlimp/Summer2023/ros2_stereo/build/yolo_msgs -- -j16 -l16
[0.326s] Invoking command in '/home/corelab/GitHub/CatchingBlimp/Summer2023/ros2_stereo/build/yolo_msgs': CMAKE_PREFIX_PATH=${CMAKE_PREFIX_PATH}:/home/corelab/Luke_ML_Blimp/ros2_tracks_ws/install/track_ros2:/opt/ros/foxy /home/corelab/.local/bin/cmake --install /home/corelab/GitHub/CatchingBlimp/Summer2023/ros2_stereo/build/yolo_msgs
[0.351s] -- Install configuration: ""
[0.352s] -- Execute custom install script
[0.352s] -- Up-to-date symlink: /home/corelab/GitHub/CatchingBlimp/Summer2023/ros2_stereo/install/yolo_msgs/share/ament_index/resource_index/rosidl_interfaces/yolo_msgs
[0.353s] -- Up-to-date symlink: /home/corelab/GitHub/CatchingBlimp/Summer2023/ros2_stereo/install/yolo_msgs/include/yolo_msgs/msg/bounding_box.h
[0.353s] -- Up-to-date symlink: /home/corelab/GitHub/CatchingBlimp/Summer2023/ros2_stereo/install/yolo_msgs/include/yolo_msgs/msg/bounding_boxes.h
[0.353s] -- Up-to-date symlink: /home/corelab/GitHub/CatchingBlimp/Summer2023/ros2_stereo/install/yolo_msgs/include/yolo_msgs/msg/detail/bounding_box__functions.h
[0.353s] -- Up-to-date symlink: /home/corelab/GitHub/CatchingBlimp/Summer2023/ros2_stereo/install/yolo_msgs/include/yolo_msgs/msg/detail/bounding_box__struct.h
[0.354s] -- Up-to-date symlink: /home/corelab/GitHub/CatchingBlimp/Summer2023/ros2_stereo/install/yolo_msgs/include/yolo_msgs/msg/detail/bounding_box__type_support.h
[0.354s] -- Up-to-date symlink: /home/corelab/GitHub/CatchingBlimp/Summer2023/ros2_stereo/install/yolo_msgs/include/yolo_msgs/msg/detail/bounding_boxes__functions.h
[0.354s] -- Up-to-date symlink: /home/corelab/GitHub/CatchingBlimp/Summer2023/ros2_stereo/install/yolo_msgs/include/yolo_msgs/msg/detail/bounding_boxes__struct.h
[0.354s] -- Up-to-date symlink: /home/corelab/GitHub/CatchingBlimp/Summer2023/ros2_stereo/install/yolo_msgs/include/yolo_msgs/msg/detail/bounding_boxes__type_support.h
[0.354s] -- Up-to-date symlink: /home/corelab/GitHub/CatchingBlimp/Summer2023/ros2_stereo/install/yolo_msgs/include/yolo_msgs/msg/detail/object_count__functions.h
[0.355s] -- Up-to-date symlink: /home/corelab/GitHub/CatchingBlimp/Summer2023/ros2_stereo/install/yolo_msgs/include/yolo_msgs/msg/detail/object_count__struct.h
[0.355s] -- Up-to-date symlink: /home/corelab/GitHub/CatchingBlimp/Summer2023/ros2_stereo/install/yolo_msgs/include/yolo_msgs/msg/detail/object_count__type_support.h
[0.355s] -- Up-to-date symlink: /home/corelab/GitHub/CatchingBlimp/Summer2023/ros2_stereo/install/yolo_msgs/include/yolo_msgs/msg/object_count.h
[0.355s] -- Up-to-date symlink: /home/corelab/GitHub/CatchingBlimp/Summer2023/ros2_stereo/install/yolo_msgs/include/yolo_msgs/msg/rosidl_generator_c__visibility_control.h
[0.355s] -- Up-to-date symlink: /home/corelab/GitHub/CatchingBlimp/Summer2023/ros2_stereo/install/yolo_msgs/share/yolo_msgs/environment/library_path.sh
[0.356s] -- Up-to-date symlink: /home/corelab/GitHub/CatchingBlimp/Summer2023/ros2_stereo/install/yolo_msgs/share/yolo_msgs/environment/library_path.dsv
[0.356s] -- Up-to-date symlink: /home/corelab/GitHub/CatchingBlimp/Summer2023/ros2_stereo/install/yolo_msgs/include/yolo_msgs/msg/bounding_box__rosidl_typesupport_connext_c.h
[0.356s] -- Up-to-date symlink: /home/corelab/GitHub/CatchingBlimp/Summer2023/ros2_stereo/install/yolo_msgs/include/yolo_msgs/msg/bounding_boxes__rosidl_typesupport_connext_c.h
[0.357s] -- Up-to-date symlink: /home/corelab/GitHub/CatchingBlimp/Summer2023/ros2_stereo/install/yolo_msgs/include/yolo_msgs/msg/object_count__rosidl_typesupport_connext_c.h
[0.357s] -- Up-to-date symlink: /home/corelab/GitHub/CatchingBlimp/Summer2023/ros2_stereo/install/yolo_msgs/include/yolo_msgs/msg/rosidl_typesupport_connext_c__visibility_control.h
[0.357s] -- Up-to-date symlink: /home/corelab/GitHub/CatchingBlimp/Summer2023/ros2_stereo/install/yolo_msgs/lib/libyolo_msgs__rosidl_typesupport_connext_c.so
[0.357s] -- Up-to-date symlink: /home/corelab/GitHub/CatchingBlimp/Summer2023/ros2_stereo/install/yolo_msgs/share/yolo_msgs/msg/dds_connext/BoundingBox_.idl
[0.357s] -- Up-to-date symlink: /home/corelab/GitHub/CatchingBlimp/Summer2023/ros2_stereo/install/yolo_msgs/share/yolo_msgs/msg/dds_connext/BoundingBoxes_.idl
[0.357s] -- Up-to-date symlink: /home/corelab/GitHub/CatchingBlimp/Summer2023/ros2_stereo/install/yolo_msgs/share/yolo_msgs/msg/dds_connext/ObjectCount_.idl
[0.358s] -- Up-to-date symlink: /home/corelab/GitHub/CatchingBlimp/Summer2023/ros2_stereo/install/yolo_msgs/include/yolo_msgs/msg/bounding_box__rosidl_typesupport_connext_cpp.hpp
[0.358s] -- Up-to-date symlink: /home/corelab/GitHub/CatchingBlimp/Summer2023/ros2_stereo/install/yolo_msgs/include/yolo_msgs/msg/bounding_boxes__rosidl_typesupport_connext_cpp.hpp
[0.358s] -- Up-to-date symlink: /home/corelab/GitHub/CatchingBlimp/Summer2023/ros2_stereo/install/yolo_msgs/include/yolo_msgs/msg/dds_connext/BoundingBox_.cxx
[0.358s] -- Up-to-date symlink: /home/corelab/GitHub/CatchingBlimp/Summer2023/ros2_stereo/install/yolo_msgs/include/yolo_msgs/msg/dds_connext/BoundingBox_.h
[0.358s] -- Up-to-date symlink: /home/corelab/GitHub/CatchingBlimp/Summer2023/ros2_stereo/install/yolo_msgs/include/yolo_msgs/msg/dds_connext/BoundingBox_Plugin.cxx
[0.359s] -- Up-to-date symlink: /home/corelab/GitHub/CatchingBlimp/Summer2023/ros2_stereo/install/yolo_msgs/include/yolo_msgs/msg/dds_connext/BoundingBox_Plugin.h
[0.359s] -- Up-to-date symlink: /home/corelab/GitHub/CatchingBlimp/Summer2023/ros2_stereo/install/yolo_msgs/include/yolo_msgs/msg/dds_connext/BoundingBox_Support.cxx
[0.359s] -- Up-to-date symlink: /home/corelab/GitHub/CatchingBlimp/Summer2023/ros2_stereo/install/yolo_msgs/include/yolo_msgs/msg/dds_connext/BoundingBox_Support.h
[0.359s] -- Up-to-date symlink: /home/corelab/GitHub/CatchingBlimp/Summer2023/ros2_stereo/install/yolo_msgs/include/yolo_msgs/msg/dds_connext/BoundingBoxes_.cxx
[0.359s] -- Up-to-date symlink: /home/corelab/GitHub/CatchingBlimp/Summer2023/ros2_stereo/install/yolo_msgs/include/yolo_msgs/msg/dds_connext/BoundingBoxes_.h
[0.359s] -- Up-to-date symlink: /home/corelab/GitHub/CatchingBlimp/Summer2023/ros2_stereo/install/yolo_msgs/include/yolo_msgs/msg/dds_connext/BoundingBoxes_Plugin.cxx
[0.359s] -- Up-to-date symlink: /home/corelab/GitHub/CatchingBlimp/Summer2023/ros2_stereo/install/yolo_msgs/include/yolo_msgs/msg/dds_connext/BoundingBoxes_Plugin.h
[0.359s] -- Up-to-date symlink: /home/corelab/GitHub/CatchingBlimp/Summer2023/ros2_stereo/install/yolo_msgs/include/yolo_msgs/msg/dds_connext/BoundingBoxes_Support.cxx
[0.359s] -- Up-to-date symlink: /home/corelab/GitHub/CatchingBlimp/Summer2023/ros2_stereo/install/yolo_msgs/include/yolo_msgs/msg/dds_connext/BoundingBoxes_Support.h
[0.360s] -- Up-to-date symlink: /home/corelab/GitHub/CatchingBlimp/Summer2023/ros2_stereo/install/yolo_msgs/include/yolo_msgs/msg/dds_connext/ObjectCount_.cxx
[0.360s] -- Up-to-date symlink: /home/corelab/GitHub/CatchingBlimp/Summer2023/ros2_stereo/install/yolo_msgs/include/yolo_msgs/msg/dds_connext/ObjectCount_.h
[0.360s] -- Up-to-date symlink: /home/corelab/GitHub/CatchingBlimp/Summer2023/ros2_stereo/install/yolo_msgs/include/yolo_msgs/msg/dds_connext/ObjectCount_Plugin.cxx
[0.360s] -- Up-to-date symlink: /home/corelab/GitHub/CatchingBlimp/Summer2023/ros2_stereo/install/yolo_msgs/include/yolo_msgs/msg/dds_connext/ObjectCount_Plugin.h
[0.360s] -- Up-to-date symlink: /home/corelab/GitHub/CatchingBlimp/Summer2023/ros2_stereo/install/yolo_msgs/include/yolo_msgs/msg/dds_connext/ObjectCount_Support.cxx
[0.360s] -- Up-to-date symlink: /home/corelab/GitHub/CatchingBlimp/Summer2023/ros2_stereo/install/yolo_msgs/include/yolo_msgs/msg/dds_connext/ObjectCount_Support.h
[0.360s] -- Up-to-date symlink: /home/corelab/GitHub/CatchingBlimp/Summer2023/ros2_stereo/install/yolo_msgs/include/yolo_msgs/msg/object_count__rosidl_typesupport_connext_cpp.hpp
[0.360s] -- Up-to-date symlink: /home/corelab/GitHub/CatchingBlimp/Summer2023/ros2_stereo/install/yolo_msgs/include/yolo_msgs/msg/rosidl_typesupport_connext_cpp__visibility_control.h
[0.360s] -- Up-to-date symlink: /home/corelab/GitHub/CatchingBlimp/Summer2023/ros2_stereo/install/yolo_msgs/lib/libyolo_msgs__rosidl_typesupport_connext_cpp.so
[0.361s] -- Up-to-date symlink: /home/corelab/GitHub/CatchingBlimp/Summer2023/ros2_stereo/install/yolo_msgs/include/yolo_msgs/msg/detail/bounding_box__rosidl_typesupport_fastrtps_c.h
[0.361s] -- Up-to-date symlink: /home/corelab/GitHub/CatchingBlimp/Summer2023/ros2_stereo/install/yolo_msgs/include/yolo_msgs/msg/detail/bounding_boxes__rosidl_typesupport_fastrtps_c.h
[0.361s] -- Up-to-date symlink: /home/corelab/GitHub/CatchingBlimp/Summer2023/ros2_stereo/install/yolo_msgs/include/yolo_msgs/msg/detail/object_count__rosidl_typesupport_fastrtps_c.h
[0.361s] -- Up-to-date symlink: /home/corelab/GitHub/CatchingBlimp/Summer2023/ros2_stereo/install/yolo_msgs/include/yolo_msgs/msg/rosidl_typesupport_fastrtps_c__visibility_control.h
[0.362s] -- Up-to-date symlink: /home/corelab/GitHub/CatchingBlimp/Summer2023/ros2_stereo/install/yolo_msgs/lib/libyolo_msgs__rosidl_typesupport_fastrtps_c.so
[0.362s] -- Up-to-date symlink: /home/corelab/GitHub/CatchingBlimp/Summer2023/ros2_stereo/install/yolo_msgs/include/yolo_msgs/msg/detail/bounding_box__rosidl_typesupport_fastrtps_cpp.hpp
[0.362s] -- Up-to-date symlink: /home/corelab/GitHub/CatchingBlimp/Summer2023/ros2_stereo/install/yolo_msgs/include/yolo_msgs/msg/detail/bounding_boxes__rosidl_typesupport_fastrtps_cpp.hpp
[0.363s] -- Up-to-date symlink: /home/corelab/GitHub/CatchingBlimp/Summer2023/ros2_stereo/install/yolo_msgs/include/yolo_msgs/msg/detail/object_count__rosidl_typesupport_fastrtps_cpp.hpp
[0.363s] -- Up-to-date symlink: /home/corelab/GitHub/CatchingBlimp/Summer2023/ros2_stereo/install/yolo_msgs/include/yolo_msgs/msg/rosidl_typesupport_fastrtps_cpp__visibility_control.h
[0.363s] -- Up-to-date symlink: /home/corelab/GitHub/CatchingBlimp/Summer2023/ros2_stereo/install/yolo_msgs/lib/libyolo_msgs__rosidl_typesupport_fastrtps_cpp.so
[0.363s] -- Up-to-date symlink: /home/corelab/GitHub/CatchingBlimp/Summer2023/ros2_stereo/install/yolo_msgs/include/yolo_msgs/msg/detail/bounding_box__rosidl_typesupport_introspection_c.h
[0.363s] -- Up-to-date symlink: /home/corelab/GitHub/CatchingBlimp/Summer2023/ros2_stereo/install/yolo_msgs/include/yolo_msgs/msg/detail/bounding_boxes__rosidl_typesupport_introspection_c.h
[0.363s] -- Up-to-date symlink: /home/corelab/GitHub/CatchingBlimp/Summer2023/ros2_stereo/install/yolo_msgs/include/yolo_msgs/msg/detail/object_count__rosidl_typesupport_introspection_c.h
[0.363s] -- Up-to-date symlink: /home/corelab/GitHub/CatchingBlimp/Summer2023/ros2_stereo/install/yolo_msgs/include/yolo_msgs/msg/rosidl_typesupport_introspection_c__visibility_control.h
[0.363s] -- Up-to-date symlink: /home/corelab/GitHub/CatchingBlimp/Summer2023/ros2_stereo/install/yolo_msgs/include/yolo_msgs/msg/bounding_box.hpp
[0.363s] -- Up-to-date symlink: /home/corelab/GitHub/CatchingBlimp/Summer2023/ros2_stereo/install/yolo_msgs/include/yolo_msgs/msg/bounding_boxes.hpp
[0.363s] -- Up-to-date symlink: /home/corelab/GitHub/CatchingBlimp/Summer2023/ros2_stereo/install/yolo_msgs/include/yolo_msgs/msg/detail/bounding_box__builder.hpp
[0.363s] -- Up-to-date symlink: /home/corelab/GitHub/CatchingBlimp/Summer2023/ros2_stereo/install/yolo_msgs/include/yolo_msgs/msg/detail/bounding_box__struct.hpp
[0.363s] -- Up-to-date symlink: /home/corelab/GitHub/CatchingBlimp/Summer2023/ros2_stereo/install/yolo_msgs/include/yolo_msgs/msg/detail/bounding_box__traits.hpp
[0.364s] -- Up-to-date symlink: /home/corelab/GitHub/CatchingBlimp/Summer2023/ros2_stereo/install/yolo_msgs/include/yolo_msgs/msg/detail/bounding_box__type_support.hpp
[0.364s] -- Up-to-date symlink: /home/corelab/GitHub/CatchingBlimp/Summer2023/ros2_stereo/install/yolo_msgs/include/yolo_msgs/msg/detail/bounding_boxes__builder.hpp
[0.364s] -- Up-to-date symlink: /home/corelab/GitHub/CatchingBlimp/Summer2023/ros2_stereo/install/yolo_msgs/include/yolo_msgs/msg/detail/bounding_boxes__struct.hpp
[0.364s] -- Up-to-date symlink: /home/corelab/GitHub/CatchingBlimp/Summer2023/ros2_stereo/install/yolo_msgs/include/yolo_msgs/msg/detail/bounding_boxes__traits.hpp
[0.364s] -- Up-to-date symlink: /home/corelab/GitHub/CatchingBlimp/Summer2023/ros2_stereo/install/yolo_msgs/include/yolo_msgs/msg/detail/bounding_boxes__type_support.hpp
[0.364s] -- Up-to-date symlink: /home/corelab/GitHub/CatchingBlimp/Summer2023/ros2_stereo/install/yolo_msgs/include/yolo_msgs/msg/detail/object_count__builder.hpp
[0.364s] -- Up-to-date symlink: /home/corelab/GitHub/CatchingBlimp/Summer2023/ros2_stereo/install/yolo_msgs/include/yolo_msgs/msg/detail/object_count__struct.hpp
[0.364s] -- Up-to-date symlink: /home/corelab/GitHub/CatchingBlimp/Summer2023/ros2_stereo/install/yolo_msgs/include/yolo_msgs/msg/detail/object_count__traits.hpp
[0.364s] -- Up-to-date symlink: /home/corelab/GitHub/CatchingBlimp/Summer2023/ros2_stereo/install/yolo_msgs/include/yolo_msgs/msg/detail/object_count__type_support.hpp
[0.364s] -- Up-to-date symlink: /home/corelab/GitHub/CatchingBlimp/Summer2023/ros2_stereo/install/yolo_msgs/include/yolo_msgs/msg/object_count.hpp
[0.364s] -- Up-to-date symlink: /home/corelab/GitHub/CatchingBlimp/Summer2023/ros2_stereo/install/yolo_msgs/include/yolo_msgs/msg/rosidl_generator_cpp__visibility_control.hpp
[0.364s] -- Up-to-date symlink: /home/corelab/GitHub/CatchingBlimp/Summer2023/ros2_stereo/install/yolo_msgs/include/yolo_msgs/msg/detail/bounding_box__rosidl_typesupport_introspection_cpp.hpp
[0.364s] -- Up-to-date symlink: /home/corelab/GitHub/CatchingBlimp/Summer2023/ros2_stereo/install/yolo_msgs/include/yolo_msgs/msg/detail/bounding_boxes__rosidl_typesupport_introspection_cpp.hpp
[0.365s] -- Up-to-date symlink: /home/corelab/GitHub/CatchingBlimp/Summer2023/ros2_stereo/install/yolo_msgs/include/yolo_msgs/msg/detail/object_count__rosidl_typesupport_introspection_cpp.hpp
[0.365s] -- Up-to-date symlink: /home/corelab/GitHub/CatchingBlimp/Summer2023/ros2_stereo/install/yolo_msgs/share/yolo_msgs/environment/pythonpath.sh
[0.365s] -- Up-to-date symlink: /home/corelab/GitHub/CatchingBlimp/Summer2023/ros2_stereo/install/yolo_msgs/share/yolo_msgs/environment/pythonpath.dsv
[0.365s] -- Up-to-date symlink: /home/corelab/GitHub/CatchingBlimp/Summer2023/ros2_stereo/install/yolo_msgs/lib/python3.8/site-packages/yolo_msgs/__init__.py
[0.365s] -- Up-to-date symlink: /home/corelab/GitHub/CatchingBlimp/Summer2023/ros2_stereo/install/yolo_msgs/lib/python3.8/site-packages/yolo_msgs/msg/__init__.py
[0.365s] -- Up-to-date symlink: /home/corelab/GitHub/CatchingBlimp/Summer2023/ros2_stereo/install/yolo_msgs/lib/python3.8/site-packages/yolo_msgs/msg/_bounding_box.py
[0.365s] -- Up-to-date symlink: /home/corelab/GitHub/CatchingBlimp/Summer2023/ros2_stereo/install/yolo_msgs/lib/python3.8/site-packages/yolo_msgs/msg/_bounding_boxes.py
[0.365s] -- Up-to-date symlink: /home/corelab/GitHub/CatchingBlimp/Summer2023/ros2_stereo/install/yolo_msgs/lib/python3.8/site-packages/yolo_msgs/msg/_object_count.py
[0.365s] -- Up-to-date symlink: /home/corelab/GitHub/CatchingBlimp/Summer2023/ros2_stereo/install/yolo_msgs/lib/python3.8/site-packages/yolo_msgs/yolo_msgs_s__rosidl_typesupport_connext_c.cpython-38-x86_64-linux-gnu.so
[0.365s] -- Up-to-date symlink: /home/corelab/GitHub/CatchingBlimp/Summer2023/ros2_stereo/install/yolo_msgs/lib/python3.8/site-packages/yolo_msgs/yolo_msgs_s__rosidl_typesupport_fastrtps_c.cpython-38-x86_64-linux-gnu.so
[0.366s] -- Up-to-date symlink: /home/corelab/GitHub/CatchingBlimp/Summer2023/ros2_stereo/install/yolo_msgs/lib/python3.8/site-packages/yolo_msgs/yolo_msgs_s__rosidl_typesupport_introspection_c.cpython-38-x86_64-linux-gnu.so
[0.366s] -- Up-to-date symlink: /home/corelab/GitHub/CatchingBlimp/Summer2023/ros2_stereo/install/yolo_msgs/lib/python3.8/site-packages/yolo_msgs/yolo_msgs_s__rosidl_typesupport_c.cpython-38-x86_64-linux-gnu.so
[0.366s] -- Up-to-date symlink: /home/corelab/GitHub/CatchingBlimp/Summer2023/ros2_stereo/install/yolo_msgs/lib/libyolo_msgs__python.so
[0.366s] -- Up-to-date symlink: /home/corelab/GitHub/CatchingBlimp/Summer2023/ros2_stereo/install/yolo_msgs/share/yolo_msgs/msg/BoundingBox.idl
[0.366s] -- Up-to-date symlink: /home/corelab/GitHub/CatchingBlimp/Summer2023/ros2_stereo/install/yolo_msgs/share/yolo_msgs/msg/BoundingBoxes.idl
[0.367s] -- Up-to-date symlink: /home/corelab/GitHub/CatchingBlimp/Summer2023/ros2_stereo/install/yolo_msgs/share/yolo_msgs/msg/ObjectCount.idl
[0.367s] -- Up-to-date symlink: /home/corelab/GitHub/CatchingBlimp/Summer2023/ros2_stereo/install/yolo_msgs/share/yolo_msgs/msg/BoundingBox.msg
[0.367s] -- Up-to-date symlink: /home/corelab/GitHub/CatchingBlimp/Summer2023/ros2_stereo/install/yolo_msgs/share/yolo_msgs/msg/BoundingBoxes.msg
[0.367s] -- Up-to-date symlink: /home/corelab/GitHub/CatchingBlimp/Summer2023/ros2_stereo/install/yolo_msgs/share/yolo_msgs/msg/ObjectCount.msg
[0.367s] -- Up-to-date symlink: /home/corelab/GitHub/CatchingBlimp/Summer2023/ros2_stereo/install/yolo_msgs/share/ament_index/resource_index/package_run_dependencies/yolo_msgs
[0.367s] -- Up-to-date symlink: /home/corelab/GitHub/CatchingBlimp/Summer2023/ros2_stereo/install/yolo_msgs/share/ament_index/resource_index/parent_prefix_path/yolo_msgs
[0.368s] -- Up-to-date symlink: /home/corelab/GitHub/CatchingBlimp/Summer2023/ros2_stereo/install/yolo_msgs/share/yolo_msgs/environment/ament_prefix_path.sh
[0.368s] -- Up-to-date symlink: /home/corelab/GitHub/CatchingBlimp/Summer2023/ros2_stereo/install/yolo_msgs/share/yolo_msgs/environment/ament_prefix_path.dsv
[0.368s] -- Up-to-date symlink: /home/corelab/GitHub/CatchingBlimp/Summer2023/ros2_stereo/install/yolo_msgs/share/yolo_msgs/environment/path.sh
[0.368s] -- Up-to-date symlink: /home/corelab/GitHub/CatchingBlimp/Summer2023/ros2_stereo/install/yolo_msgs/share/yolo_msgs/environment/path.dsv
[0.368s] -- Up-to-date symlink: /home/corelab/GitHub/CatchingBlimp/Summer2023/ros2_stereo/install/yolo_msgs/share/yolo_msgs/local_setup.bash
[0.368s] -- Up-to-date symlink: /home/corelab/GitHub/CatchingBlimp/Summer2023/ros2_stereo/install/yolo_msgs/share/yolo_msgs/local_setup.sh
[0.368s] -- Up-to-date symlink: /home/corelab/GitHub/CatchingBlimp/Summer2023/ros2_stereo/install/yolo_msgs/share/yolo_msgs/local_setup.zsh
[0.368s] -- Up-to-date symlink: /home/corelab/GitHub/CatchingBlimp/Summer2023/ros2_stereo/install/yolo_msgs/share/yolo_msgs/local_setup.dsv
[0.369s] -- Symlinking: /home/corelab/GitHub/CatchingBlimp/Summer2023/ros2_stereo/install/yolo_msgs/share/yolo_msgs/package.dsv
[0.371s] -- Up-to-date symlink: /home/corelab/GitHub/CatchingBlimp/Summer2023/ros2_stereo/install/yolo_msgs/share/ament_index/resource_index/packages/yolo_msgs
[0.371s] -- Up-to-date symlink: /home/corelab/GitHub/CatchingBlimp/Summer2023/ros2_stereo/install/yolo_msgs/share/yolo_msgs/cmake/rosidl_cmake-extras.cmake
[0.371s] -- Up-to-date symlink: /home/corelab/GitHub/CatchingBlimp/Summer2023/ros2_stereo/install/yolo_msgs/share/yolo_msgs/cmake/ament_cmake_export_dependencies-extras.cmake
[0.372s] -- Up-to-date symlink: /home/corelab/GitHub/CatchingBlimp/Summer2023/ros2_stereo/install/yolo_msgs/share/yolo_msgs/cmake/ament_cmake_export_libraries-extras.cmake
[0.372s] -- Up-to-date symlink: /home/corelab/GitHub/CatchingBlimp/Summer2023/ros2_stereo/install/yolo_msgs/share/yolo_msgs/cmake/ament_cmake_export_targets-extras.cmake
[0.372s] -- Up-to-date symlink: /home/corelab/GitHub/CatchingBlimp/Summer2023/ros2_stereo/install/yolo_msgs/share/yolo_msgs/cmake/ament_cmake_export_include_directories-extras.cmake
[0.372s] -- Up-to-date symlink: /home/corelab/GitHub/CatchingBlimp/Summer2023/ros2_stereo/install/yolo_msgs/share/yolo_msgs/cmake/rosidl_cmake_export_typesupport_libraries-extras.cmake
[0.372s] -- Up-to-date symlink: /home/corelab/GitHub/CatchingBlimp/Summer2023/ros2_stereo/install/yolo_msgs/share/yolo_msgs/cmake/rosidl_cmake_export_typesupport_targets-extras.cmake
[0.372s] -- Up-to-date symlink: /home/corelab/GitHub/CatchingBlimp/Summer2023/ros2_stereo/install/yolo_msgs/share/yolo_msgs/cmake/yolo_msgsConfig.cmake
[0.372s] -- Up-to-date symlink: /home/corelab/GitHub/CatchingBlimp/Summer2023/ros2_stereo/install/yolo_msgs/share/yolo_msgs/cmake/yolo_msgsConfig-version.cmake
[0.372s] -- Up-to-date symlink: /home/corelab/GitHub/CatchingBlimp/Summer2023/ros2_stereo/install/yolo_msgs/share/yolo_msgs/package.xml
[0.372s] -- Up-to-date: /home/corelab/GitHub/CatchingBlimp/Summer2023/ros2_stereo/install/yolo_msgs/lib/libyolo_msgs__rosidl_generator_c.so
[0.373s] -- Up-to-date: /home/corelab/GitHub/CatchingBlimp/Summer2023/ros2_stereo/install/yolo_msgs/lib/libyolo_msgs__rosidl_typesupport_introspection_c.so
[0.373s] -- Up-to-date: /home/corelab/GitHub/CatchingBlimp/Summer2023/ros2_stereo/install/yolo_msgs/lib/libyolo_msgs__rosidl_typesupport_c.so
[0.373s] -- Up-to-date: /home/corelab/GitHub/CatchingBlimp/Summer2023/ros2_stereo/install/yolo_msgs/lib/libyolo_msgs__rosidl_typesupport_introspection_cpp.so
[0.373s] -- Up-to-date: /home/corelab/GitHub/CatchingBlimp/Summer2023/ros2_stereo/install/yolo_msgs/lib/libyolo_msgs__rosidl_typesupport_cpp.so
[0.406s] -- Up-to-date: /home/corelab/GitHub/CatchingBlimp/Summer2023/ros2_stereo/install/yolo_msgs/share/yolo_msgs/cmake/yolo_msgs__rosidl_generator_cExport.cmake
[0.406s] -- Up-to-date: /home/corelab/GitHub/CatchingBlimp/Summer2023/ros2_stereo/install/yolo_msgs/share/yolo_msgs/cmake/yolo_msgs__rosidl_generator_cExport-noconfig.cmake
[0.406s] -- Up-to-date: /home/corelab/GitHub/CatchingBlimp/Summer2023/ros2_stereo/install/yolo_msgs/share/yolo_msgs/cmake/yolo_msgs__rosidl_typesupport_introspection_cExport.cmake
[0.406s] -- Up-to-date: /home/corelab/GitHub/CatchingBlimp/Summer2023/ros2_stereo/install/yolo_msgs/share/yolo_msgs/cmake/yolo_msgs__rosidl_typesupport_introspection_cExport-noconfig.cmake
[0.406s] -- Up-to-date: /home/corelab/GitHub/CatchingBlimp/Summer2023/ros2_stereo/install/yolo_msgs/share/yolo_msgs/cmake/yolo_msgs__rosidl_typesupport_cExport.cmake
[0.406s] -- Up-to-date: /home/corelab/GitHub/CatchingBlimp/Summer2023/ros2_stereo/install/yolo_msgs/share/yolo_msgs/cmake/yolo_msgs__rosidl_typesupport_cExport-noconfig.cmake
[0.407s] -- Up-to-date: /home/corelab/GitHub/CatchingBlimp/Summer2023/ros2_stereo/install/yolo_msgs/share/yolo_msgs/cmake/yolo_msgs__rosidl_generator_cppExport.cmake
[0.407s] -- Up-to-date: /home/corelab/GitHub/CatchingBlimp/Summer2023/ros2_stereo/install/yolo_msgs/share/yolo_msgs/cmake/yolo_msgs__rosidl_typesupport_introspection_cppExport.cmake
[0.407s] -- Up-to-date: /home/corelab/GitHub/CatchingBlimp/Summer2023/ros2_stereo/install/yolo_msgs/share/yolo_msgs/cmake/yolo_msgs__rosidl_typesupport_introspection_cppExport-noconfig.cmake
[0.407s] -- Up-to-date: /home/corelab/GitHub/CatchingBlimp/Summer2023/ros2_stereo/install/yolo_msgs/share/yolo_msgs/cmake/yolo_msgs__rosidl_typesupport_cppExport.cmake
[0.407s] -- Up-to-date: /home/corelab/GitHub/CatchingBlimp/Summer2023/ros2_stereo/install/yolo_msgs/share/yolo_msgs/cmake/yolo_msgs__rosidl_typesupport_cppExport-noconfig.cmake
[0.422s] Invoked command in '/home/corelab/GitHub/CatchingBlimp/Summer2023/ros2_stereo/build/yolo_msgs' returned '0': CMAKE_PREFIX_PATH=${CMAKE_PREFIX_PATH}:/home/corelab/Luke_ML_Blimp/ros2_tracks_ws/install/track_ros2:/opt/ros/foxy /home/corelab/.local/bin/cmake --install /home/corelab/GitHub/CatchingBlimp/Summer2023/ros2_stereo/build/yolo_msgs
