[0.215s] DEBUG:colcon:Command line arguments: ['/usr/bin/colcon', 'build']
[0.215s] DEBUG:colcon:Parsed command line arguments: Namespace(allow_overriding=[], ament_cmake_args=None, base_paths=['.'], build_base='build', catkin_cmake_args=None, catkin_skip_building_tests=False, cmake_args=None, cmake_clean_cache=False, cmake_clean_first=False, cmake_force_configure=False, cmake_target=None, cmake_target_skip_unavailable=False, continue_on_error=False, event_handlers=None, executor='parallel', ignore_user_meta=False, install_base='install', log_base=None, log_level=None, main=<bound method BuildVerb.main of <colcon_core.verb.build.BuildVerb object at 0x7f444c6a42b0>>, merge_install=False, metas=['./colcon.meta'], packages_above=None, packages_above_and_dependencies=None, packages_above_depth=None, packages_end=None, packages_ignore=None, packages_ignore_regex=None, packages_select=None, packages_select_build_failed=False, packages_select_by_dep=None, packages_select_regex=None, packages_select_test_failures=False, packages_skip=None, packages_skip_build_finished=False, packages_skip_by_dep=None, packages_skip_regex=None, packages_skip_test_passed=False, packages_skip_up_to=None, packages_start=None, packages_up_to=None, packages_up_to_regex=None, parallel_workers=16, paths=None, symlink_install=False, test_result_base=None, verb_extension=<colcon_core.verb.build.BuildVerb object at 0x7f444c6a42b0>, verb_name='build', verb_parser=<colcon_defaults.argument_parser.defaults.DefaultArgumentsDecorator object at 0x7f444c674e80>)
[0.241s] Level 1:colcon.colcon_core.package_discovery:discover_packages(colcon_meta) check parameters
[0.241s] Level 1:colcon.colcon_core.package_discovery:discover_packages(recursive) check parameters
[0.241s] Level 1:colcon.colcon_core.package_discovery:discover_packages(ignore) check parameters
[0.241s] Level 1:colcon.colcon_core.package_discovery:discover_packages(path) check parameters
[0.241s] Level 1:colcon.colcon_core.package_discovery:discover_packages(colcon_meta) discover
[0.241s] Level 1:colcon.colcon_core.package_discovery:discover_packages(recursive) discover
[0.241s] INFO:colcon.colcon_core.package_discovery:Crawling recursively for packages in '/home/corelab/opencv_ros2'
[0.242s] Level 1:colcon.colcon_core.package_identification:_identify(.) by extensions ['ignore', 'ignore_ament_install']
[0.242s] Level 1:colcon.colcon_core.package_identification:_identify(.) by extension 'ignore'
[0.242s] Level 1:colcon.colcon_core.package_identification:_identify(.) by extension 'ignore_ament_install'
[0.242s] Level 1:colcon.colcon_core.package_identification:_identify(.) by extensions ['colcon_pkg']
[0.242s] Level 1:colcon.colcon_core.package_identification:_identify(.) by extension 'colcon_pkg'
[0.242s] Level 1:colcon.colcon_core.package_identification:_identify(.) by extensions ['colcon_meta']
[0.242s] Level 1:colcon.colcon_core.package_identification:_identify(.) by extension 'colcon_meta'
[0.242s] Level 1:colcon.colcon_core.package_identification:_identify(.) by extensions ['ros']
[0.242s] Level 1:colcon.colcon_core.package_identification:_identify(.) by extension 'ros'
[0.251s] Level 1:colcon.colcon_core.package_identification:_identify(.) by extensions ['cmake', 'python']
[0.251s] Level 1:colcon.colcon_core.package_identification:_identify(.) by extension 'cmake'
[0.252s] Level 1:colcon.colcon_core.package_identification:_identify(.) by extension 'python'
[0.252s] Level 1:colcon.colcon_core.package_identification:_identify(.) by extensions ['python_setup_py']
[0.252s] Level 1:colcon.colcon_core.package_identification:_identify(.) by extension 'python_setup_py'
[0.252s] Level 1:colcon.colcon_core.package_identification:_identify(build) by extensions ['ignore', 'ignore_ament_install']
[0.252s] Level 1:colcon.colcon_core.package_identification:_identify(build) by extension 'ignore'
[0.252s] Level 1:colcon.colcon_core.package_identification:_identify(build) ignored
[0.252s] Level 1:colcon.colcon_core.package_identification:_identify(install) by extensions ['ignore', 'ignore_ament_install']
[0.252s] Level 1:colcon.colcon_core.package_identification:_identify(install) by extension 'ignore'
[0.252s] Level 1:colcon.colcon_core.package_identification:_identify(install) ignored
[0.252s] Level 1:colcon.colcon_core.package_identification:_identify(log) by extensions ['ignore', 'ignore_ament_install']
[0.252s] Level 1:colcon.colcon_core.package_identification:_identify(log) by extension 'ignore'
[0.252s] Level 1:colcon.colcon_core.package_identification:_identify(log) ignored
[0.252s] Level 1:colcon.colcon_core.package_identification:_identify(src) by extensions ['ignore', 'ignore_ament_install']
[0.252s] Level 1:colcon.colcon_core.package_identification:_identify(src) by extension 'ignore'
[0.252s] Level 1:colcon.colcon_core.package_identification:_identify(src) by extension 'ignore_ament_install'
[0.252s] Level 1:colcon.colcon_core.package_identification:_identify(src) by extensions ['colcon_pkg']
[0.252s] Level 1:colcon.colcon_core.package_identification:_identify(src) by extension 'colcon_pkg'
[0.252s] Level 1:colcon.colcon_core.package_identification:_identify(src) by extensions ['colcon_meta']
[0.252s] Level 1:colcon.colcon_core.package_identification:_identify(src) by extension 'colcon_meta'
[0.252s] Level 1:colcon.colcon_core.package_identification:_identify(src) by extensions ['ros']
[0.252s] Level 1:colcon.colcon_core.package_identification:_identify(src) by extension 'ros'
[0.252s] Level 1:colcon.colcon_core.package_identification:_identify(src) by extensions ['cmake', 'python']
[0.252s] Level 1:colcon.colcon_core.package_identification:_identify(src) by extension 'cmake'
[0.252s] Level 1:colcon.colcon_core.package_identification:_identify(src) by extension 'python'
[0.252s] Level 1:colcon.colcon_core.package_identification:_identify(src) by extensions ['python_setup_py']
[0.252s] Level 1:colcon.colcon_core.package_identification:_identify(src) by extension 'python_setup_py'
[0.253s] Level 1:colcon.colcon_core.package_identification:_identify(src/opencv_telemetry) by extensions ['ignore', 'ignore_ament_install']
[0.253s] Level 1:colcon.colcon_core.package_identification:_identify(src/opencv_telemetry) by extension 'ignore'
[0.253s] Level 1:colcon.colcon_core.package_identification:_identify(src/opencv_telemetry) by extension 'ignore_ament_install'
[0.253s] Level 1:colcon.colcon_core.package_identification:_identify(src/opencv_telemetry) by extensions ['colcon_pkg']
[0.253s] Level 1:colcon.colcon_core.package_identification:_identify(src/opencv_telemetry) by extension 'colcon_pkg'
[0.253s] Level 1:colcon.colcon_core.package_identification:_identify(src/opencv_telemetry) by extensions ['colcon_meta']
[0.253s] Level 1:colcon.colcon_core.package_identification:_identify(src/opencv_telemetry) by extension 'colcon_meta'
[0.253s] Level 1:colcon.colcon_core.package_identification:_identify(src/opencv_telemetry) by extensions ['ros']
[0.253s] Level 1:colcon.colcon_core.package_identification:_identify(src/opencv_telemetry) by extension 'ros'
[0.254s] DEBUG:colcon.colcon_core.package_identification:Package 'src/opencv_telemetry' with type 'ros.ament_cmake' and name 'opencv_telemetry'
[0.254s] Level 1:colcon.colcon_core.package_discovery:discover_packages(recursive) using defaults
[0.254s] Level 1:colcon.colcon_core.package_discovery:discover_packages(ignore) discover
[0.254s] Level 1:colcon.colcon_core.package_discovery:discover_packages(ignore) using defaults
[0.254s] Level 1:colcon.colcon_core.package_discovery:discover_packages(path) discover
[0.254s] Level 1:colcon.colcon_core.package_discovery:discover_packages(path) using defaults
[0.268s] Level 1:colcon.colcon_core.package_discovery:discover_packages(prefix_path) check parameters
[0.268s] Level 1:colcon.colcon_core.package_discovery:discover_packages(prefix_path) discover
[0.270s] DEBUG:colcon.colcon_installed_package_information.package_discovery:Found 3 installed packages in /home/corelab/ros2_stereo/install
[0.271s] DEBUG:colcon.colcon_installed_package_information.package_discovery:Found 1 installed packages in /home/corelab/ros2_camera_calibration/install
[0.271s] DEBUG:colcon.colcon_installed_package_information.package_discovery:Found 1 installed packages in /home/corelab/opencv_ros2/install
[0.272s] DEBUG:colcon.colcon_installed_package_information.package_discovery:Found 1 installed packages in /home/corelab/image_transport_tutorials_ws/install
[0.272s] DEBUG:colcon.colcon_installed_package_information.package_discovery:Found 1 installed packages in /home/corelab/ros2_ws/install
[0.275s] DEBUG:colcon.colcon_installed_package_information.package_discovery:Found 1075 installed packages in /opt/ros/foxy
[0.284s] Level 1:colcon.colcon_core.package_discovery:discover_packages(prefix_path) using defaults
[0.356s] Level 5:colcon.colcon_core.verb:set package 'opencv_telemetry' build argument 'cmake_args' from command line to 'None'
[0.356s] Level 5:colcon.colcon_core.verb:set package 'opencv_telemetry' build argument 'cmake_target' from command line to 'None'
[0.356s] Level 5:colcon.colcon_core.verb:set package 'opencv_telemetry' build argument 'cmake_target_skip_unavailable' from command line to 'False'
[0.356s] Level 5:colcon.colcon_core.verb:set package 'opencv_telemetry' build argument 'cmake_clean_cache' from command line to 'False'
[0.356s] Level 5:colcon.colcon_core.verb:set package 'opencv_telemetry' build argument 'cmake_clean_first' from command line to 'False'
[0.356s] Level 5:colcon.colcon_core.verb:set package 'opencv_telemetry' build argument 'cmake_force_configure' from command line to 'False'
[0.356s] Level 5:colcon.colcon_core.verb:set package 'opencv_telemetry' build argument 'ament_cmake_args' from command line to 'None'
[0.356s] Level 5:colcon.colcon_core.verb:set package 'opencv_telemetry' build argument 'catkin_cmake_args' from command line to 'None'
[0.356s] Level 5:colcon.colcon_core.verb:set package 'opencv_telemetry' build argument 'catkin_skip_building_tests' from command line to 'False'
[0.356s] DEBUG:colcon.colcon_core.verb:Building package 'opencv_telemetry' with the following arguments: {'ament_cmake_args': None, 'build_base': '/home/corelab/opencv_ros2/build/opencv_telemetry', 'catkin_cmake_args': None, 'catkin_skip_building_tests': False, 'cmake_args': None, 'cmake_clean_cache': False, 'cmake_clean_first': False, 'cmake_force_configure': False, 'cmake_target': None, 'cmake_target_skip_unavailable': False, 'install_base': '/home/corelab/opencv_ros2/install/opencv_telemetry', 'merge_install': False, 'path': '/home/corelab/opencv_ros2/src/opencv_telemetry', 'symlink_install': False, 'test_result_base': None}
[0.356s] INFO:colcon.colcon_core.executor:Executing jobs using 'parallel' executor
[0.359s] DEBUG:colcon.colcon_parallel_executor.executor.parallel:run_until_complete
[0.359s] INFO:colcon.colcon_ros.task.ament_cmake.build:Building ROS package in '/home/corelab/opencv_ros2/src/opencv_telemetry' with build type 'ament_cmake'
[0.359s] INFO:colcon.colcon_cmake.task.cmake.build:Building CMake package in '/home/corelab/opencv_ros2/src/opencv_telemetry'
[0.361s] INFO:colcon.colcon_core.plugin_system:Skipping extension 'colcon_core.shell.bat': Not used on non-Windows systems
[0.361s] INFO:colcon.colcon_core.shell:Skip shell extension 'powershell' for command environment: Not usable outside of PowerShell
[0.362s] DEBUG:colcon.colcon_core.shell:Skip shell extension 'dsv' for command environment
[0.374s] DEBUG:colcon.colcon_core.event_handler.log_command:Invoking command in '/home/corelab/opencv_ros2/build/opencv_telemetry': CMAKE_PREFIX_PATH=${CMAKE_PREFIX_PATH}:/home/corelab/ros2_camera_calibration/install/camera_calibration:/opt/ros/foxy /home/corelab/.local/bin/cmake --build /home/corelab/opencv_ros2/build/opencv_telemetry -- -j16 -l16
[2.328s] DEBUG:colcon.colcon_core.event_handler.log_command:Invoked command in '/home/corelab/opencv_ros2/build/opencv_telemetry' returned '0': CMAKE_PREFIX_PATH=${CMAKE_PREFIX_PATH}:/home/corelab/ros2_camera_calibration/install/camera_calibration:/opt/ros/foxy /home/corelab/.local/bin/cmake --build /home/corelab/opencv_ros2/build/opencv_telemetry -- -j16 -l16
[2.435s] DEBUG:colcon.colcon_core.event_handler.log_command:Invoking command in '/home/corelab/opencv_ros2/build/opencv_telemetry': CMAKE_PREFIX_PATH=${CMAKE_PREFIX_PATH}:/home/corelab/ros2_camera_calibration/install/camera_calibration:/opt/ros/foxy /home/corelab/.local/bin/cmake --install /home/corelab/opencv_ros2/build/opencv_telemetry
[2.489s] Level 1:colcon.colcon_core.environment:create_environment_scripts_only(opencv_telemetry)
[2.491s] DEBUG:colcon.colcon_core.event_handler.log_command:Invoked command in '/home/corelab/opencv_ros2/build/opencv_telemetry' returned '0': CMAKE_PREFIX_PATH=${CMAKE_PREFIX_PATH}:/home/corelab/ros2_camera_calibration/install/camera_calibration:/opt/ros/foxy /home/corelab/.local/bin/cmake --install /home/corelab/opencv_ros2/build/opencv_telemetry
[2.493s] Level 1:colcon.colcon_core.environment:checking '/home/corelab/opencv_ros2/install/opencv_telemetry' for CMake module files
[2.493s] Level 1:colcon.colcon_core.environment:checking '/home/corelab/opencv_ros2/install/opencv_telemetry' for CMake config files
[2.494s] Level 1:colcon.colcon_core.shell:create_environment_hook('opencv_telemetry', 'cmake_prefix_path')
[2.495s] INFO:colcon.colcon_core.shell:Creating environment hook '/home/corelab/opencv_ros2/install/opencv_telemetry/share/opencv_telemetry/hook/cmake_prefix_path.ps1'
[2.495s] INFO:colcon.colcon_core.shell:Creating environment descriptor '/home/corelab/opencv_ros2/install/opencv_telemetry/share/opencv_telemetry/hook/cmake_prefix_path.dsv'
[2.495s] INFO:colcon.colcon_core.shell:Creating environment hook '/home/corelab/opencv_ros2/install/opencv_telemetry/share/opencv_telemetry/hook/cmake_prefix_path.sh'
[2.496s] Level 1:colcon.colcon_core.environment:checking '/home/corelab/opencv_ros2/install/opencv_telemetry/lib'
[2.496s] Level 1:colcon.colcon_core.shell:create_environment_hook('opencv_telemetry', 'ld_library_path_lib')
[2.497s] INFO:colcon.colcon_core.shell:Creating environment hook '/home/corelab/opencv_ros2/install/opencv_telemetry/share/opencv_telemetry/hook/ld_library_path_lib.ps1'
[2.498s] INFO:colcon.colcon_core.shell:Creating environment descriptor '/home/corelab/opencv_ros2/install/opencv_telemetry/share/opencv_telemetry/hook/ld_library_path_lib.dsv'
[2.498s] INFO:colcon.colcon_core.shell:Creating environment hook '/home/corelab/opencv_ros2/install/opencv_telemetry/share/opencv_telemetry/hook/ld_library_path_lib.sh'
[2.498s] Level 1:colcon.colcon_core.environment:checking '/home/corelab/opencv_ros2/install/opencv_telemetry/bin'
[2.498s] Level 1:colcon.colcon_core.environment:checking '/home/corelab/opencv_ros2/install/opencv_telemetry/lib/pkgconfig/opencv_telemetry.pc'
[2.498s] Level 1:colcon.colcon_core.environment:checking '/home/corelab/opencv_ros2/install/opencv_telemetry/lib/python3.8/site-packages'
[2.498s] Level 1:colcon.colcon_core.shell:create_environment_hook('opencv_telemetry', 'pythonpath')
[2.499s] INFO:colcon.colcon_core.shell:Creating environment hook '/home/corelab/opencv_ros2/install/opencv_telemetry/share/opencv_telemetry/hook/pythonpath.ps1'
[2.500s] INFO:colcon.colcon_core.shell:Creating environment descriptor '/home/corelab/opencv_ros2/install/opencv_telemetry/share/opencv_telemetry/hook/pythonpath.dsv'
[2.500s] INFO:colcon.colcon_core.shell:Creating environment hook '/home/corelab/opencv_ros2/install/opencv_telemetry/share/opencv_telemetry/hook/pythonpath.sh'
[2.500s] Level 1:colcon.colcon_core.environment:checking '/home/corelab/opencv_ros2/install/opencv_telemetry/bin'
[2.501s] INFO:colcon.colcon_core.shell:Creating package script '/home/corelab/opencv_ros2/install/opencv_telemetry/share/opencv_telemetry/package.ps1'
[2.501s] INFO:colcon.colcon_core.shell:Creating package descriptor '/home/corelab/opencv_ros2/install/opencv_telemetry/share/opencv_telemetry/package.dsv'
[2.502s] INFO:colcon.colcon_core.shell:Creating package script '/home/corelab/opencv_ros2/install/opencv_telemetry/share/opencv_telemetry/package.sh'
[2.502s] INFO:colcon.colcon_core.shell:Creating package script '/home/corelab/opencv_ros2/install/opencv_telemetry/share/opencv_telemetry/package.bash'
[2.502s] INFO:colcon.colcon_core.shell:Creating package script '/home/corelab/opencv_ros2/install/opencv_telemetry/share/opencv_telemetry/package.zsh'
[2.503s] Level 1:colcon.colcon_core.environment:create_file_with_runtime_dependencies(/home/corelab/opencv_ros2/install/opencv_telemetry/share/colcon-core/packages/opencv_telemetry)
[2.580s] Level 1:colcon.colcon_core.environment:create_environment_scripts_only(opencv_telemetry)
[2.582s] Level 1:colcon.colcon_core.environment:checking '/home/corelab/opencv_ros2/install/opencv_telemetry' for CMake module files
[2.582s] Level 1:colcon.colcon_core.environment:checking '/home/corelab/opencv_ros2/install/opencv_telemetry' for CMake config files
[2.582s] Level 1:colcon.colcon_core.shell:create_environment_hook('opencv_telemetry', 'cmake_prefix_path')
[2.583s] INFO:colcon.colcon_core.shell:Creating environment hook '/home/corelab/opencv_ros2/install/opencv_telemetry/share/opencv_telemetry/hook/cmake_prefix_path.ps1'
[2.584s] INFO:colcon.colcon_core.shell:Creating environment descriptor '/home/corelab/opencv_ros2/install/opencv_telemetry/share/opencv_telemetry/hook/cmake_prefix_path.dsv'
[2.584s] INFO:colcon.colcon_core.shell:Creating environment hook '/home/corelab/opencv_ros2/install/opencv_telemetry/share/opencv_telemetry/hook/cmake_prefix_path.sh'
[2.585s] Level 1:colcon.colcon_core.environment:checking '/home/corelab/opencv_ros2/install/opencv_telemetry/lib'
[2.585s] Level 1:colcon.colcon_core.shell:create_environment_hook('opencv_telemetry', 'ld_library_path_lib')
[2.586s] INFO:colcon.colcon_core.shell:Creating environment hook '/home/corelab/opencv_ros2/install/opencv_telemetry/share/opencv_telemetry/hook/ld_library_path_lib.ps1'
[2.586s] INFO:colcon.colcon_core.shell:Creating environment descriptor '/home/corelab/opencv_ros2/install/opencv_telemetry/share/opencv_telemetry/hook/ld_library_path_lib.dsv'
[2.586s] INFO:colcon.colcon_core.shell:Creating environment hook '/home/corelab/opencv_ros2/install/opencv_telemetry/share/opencv_telemetry/hook/ld_library_path_lib.sh'
[2.586s] Level 1:colcon.colcon_core.environment:checking '/home/corelab/opencv_ros2/install/opencv_telemetry/bin'
[2.586s] Level 1:colcon.colcon_core.environment:checking '/home/corelab/opencv_ros2/install/opencv_telemetry/lib/pkgconfig/opencv_telemetry.pc'
[2.587s] Level 1:colcon.colcon_core.environment:checking '/home/corelab/opencv_ros2/install/opencv_telemetry/lib/python3.8/site-packages'
[2.587s] Level 1:colcon.colcon_core.shell:create_environment_hook('opencv_telemetry', 'pythonpath')
[2.588s] INFO:colcon.colcon_core.shell:Creating environment hook '/home/corelab/opencv_ros2/install/opencv_telemetry/share/opencv_telemetry/hook/pythonpath.ps1'
[2.588s] INFO:colcon.colcon_core.shell:Creating environment descriptor '/home/corelab/opencv_ros2/install/opencv_telemetry/share/opencv_telemetry/hook/pythonpath.dsv'
[2.588s] INFO:colcon.colcon_core.shell:Creating environment hook '/home/corelab/opencv_ros2/install/opencv_telemetry/share/opencv_telemetry/hook/pythonpath.sh'
[2.589s] Level 1:colcon.colcon_core.environment:checking '/home/corelab/opencv_ros2/install/opencv_telemetry/bin'
[2.590s] INFO:colcon.colcon_core.shell:Creating package script '/home/corelab/opencv_ros2/install/opencv_telemetry/share/opencv_telemetry/package.ps1'
[2.590s] INFO:colcon.colcon_core.shell:Creating package descriptor '/home/corelab/opencv_ros2/install/opencv_telemetry/share/opencv_telemetry/package.dsv'
[2.590s] INFO:colcon.colcon_core.shell:Creating package script '/home/corelab/opencv_ros2/install/opencv_telemetry/share/opencv_telemetry/package.sh'
[2.590s] INFO:colcon.colcon_core.shell:Creating package script '/home/corelab/opencv_ros2/install/opencv_telemetry/share/opencv_telemetry/package.bash'
[2.591s] INFO:colcon.colcon_core.shell:Creating package script '/home/corelab/opencv_ros2/install/opencv_telemetry/share/opencv_telemetry/package.zsh'
[2.591s] Level 1:colcon.colcon_core.environment:create_file_with_runtime_dependencies(/home/corelab/opencv_ros2/install/opencv_telemetry/share/colcon-core/packages/opencv_telemetry)
[2.591s] DEBUG:colcon.colcon_parallel_executor.executor.parallel:closing loop
[2.591s] DEBUG:colcon.colcon_parallel_executor.executor.parallel:loop closed
[2.591s] DEBUG:colcon.colcon_parallel_executor.executor.parallel:run_until_complete finished with '0'
[2.591s] DEBUG:colcon.colcon_core.event_reactor:joining thread
[2.595s] INFO:colcon.colcon_core.plugin_system:Skipping extension 'colcon_notification.desktop_notification.terminal_notifier': Not used on non-Darwin systems
[2.595s] INFO:colcon.colcon_core.plugin_system:Skipping extension 'colcon_notification.desktop_notification.win32': Not used on non-Windows systems
[2.595s] INFO:colcon.colcon_notification.desktop_notification:Sending desktop notification using 'notify2'
[2.604s] DEBUG:colcon.colcon_core.event_reactor:joined thread
[2.605s] INFO:colcon.colcon_core.shell:Creating prefix script '/home/corelab/opencv_ros2/install/local_setup.ps1'
[2.606s] INFO:colcon.colcon_core.shell:Creating prefix util module '/home/corelab/opencv_ros2/install/_local_setup_util_ps1.py'
[2.607s] INFO:colcon.colcon_core.shell:Creating prefix chain script '/home/corelab/opencv_ros2/install/setup.ps1'
[2.608s] INFO:colcon.colcon_core.shell:Creating prefix script '/home/corelab/opencv_ros2/install/local_setup.sh'
[2.608s] INFO:colcon.colcon_core.shell:Creating prefix util module '/home/corelab/opencv_ros2/install/_local_setup_util_sh.py'
[2.608s] INFO:colcon.colcon_core.shell:Creating prefix chain script '/home/corelab/opencv_ros2/install/setup.sh'
[2.609s] INFO:colcon.colcon_core.shell:Creating prefix script '/home/corelab/opencv_ros2/install/local_setup.bash'
[2.610s] INFO:colcon.colcon_core.shell:Creating prefix chain script '/home/corelab/opencv_ros2/install/setup.bash'
[2.611s] INFO:colcon.colcon_core.shell:Creating prefix script '/home/corelab/opencv_ros2/install/local_setup.zsh'
[2.611s] INFO:colcon.colcon_core.shell:Creating prefix chain script '/home/corelab/opencv_ros2/install/setup.zsh'
