[0.078s] Invoking command in '/home/corelab/ros2_stereo/build/gscam2': AMENT_PREFIX_PATH=/home/corelab/ros2_stereo/install/ros2_shared:${AMENT_PREFIX_PATH} CMAKE_PREFIX_PATH=/home/corelab/ros2_stereo/install/ros2_shared:/opt/ros/foxy /home/corelab/.local/bin/cmake --build /home/corelab/ros2_stereo/build/gscam2 -- -j16 -l16
[0.380s] [  7%] [32mBuilding CXX object CMakeFiles/gscam_node.dir/src/gscam_node.cpp.o[0m
[0.391s] [ 14%] [32mBuilding CXX object gtest/CMakeFiles/gtest_main.dir/src/gtest_main.cc.o[0m
[0.392s] [ 21%] [32mBuilding CXX object CMakeFiles/subscriber_node.dir/src/subscriber_node.cpp.o[0m
[0.409s] [ 28%] [32mBuilding CXX object gtest/CMakeFiles/gtest.dir/src/gtest-all.cc.o[0m
[0.724s] [01m[K/home/corelab/ros2_stereo/src/gscam2/src/gscam_node.cpp:28:3:[m[K [01;35m[Kwarning: [m[Kmulti-line comment [[01;35m[K-Wcomment[m[K]
[0.725s]    28 |   [01;35m[K/[m[K/ CXT_MACRO_MEMBER(camera_info_url, std::string, "")        /* Location of camera info file  */ \
[0.725s]       |   [01;35m[K^[m[K
[1.355s] [ 35%] [32m[1mLinking CXX static library libgtest_main.a[0m
[1.513s] [ 35%] Built target gtest_main
[3.777s] [ 42%] [32m[1mLinking CXX static library libgtest.a[0m
[3.811s] [ 42%] Built target gtest
[4.333s] [ 50%] [32m[1mLinking CXX shared library libgscam_node.so[0m
[4.519s] [ 50%] Built target gscam_node
[4.530s] [ 57%] [32mBuilding CXX object CMakeFiles/gscam_main.dir/src/gscam_main.cpp.o[0m
[4.532s] [ 64%] [32mBuilding CXX object CMakeFiles/smoke_test.dir/test/smoke_test.cpp.o[0m
[5.538s] [ 71%] [32m[1mLinking CXX shared library libsubscriber_node.so[0m
[5.724s] [ 71%] Built target subscriber_node
[5.741s] [ 78%] [32mBuilding CXX object CMakeFiles/ipc_test_main.dir/src/ipc_test_main.cpp.o[0m
[5.995s] [ 85%] [32m[1mLinking CXX executable gscam_main[0m
[6.144s] [ 85%] Built target gscam_main
[7.114s] [ 92%] [32m[1mLinking CXX executable ipc_test_main[0m
[7.255s] [ 92%] Built target ipc_test_main
[8.394s] [100%] [32m[1mLinking CXX executable smoke_test[0m
[8.766s] [100%] Built target smoke_test
[8.775s] Invoked command in '/home/corelab/ros2_stereo/build/gscam2' returned '0': AMENT_PREFIX_PATH=/home/corelab/ros2_stereo/install/ros2_shared:${AMENT_PREFIX_PATH} CMAKE_PREFIX_PATH=/home/corelab/ros2_stereo/install/ros2_shared:/opt/ros/foxy /home/corelab/.local/bin/cmake --build /home/corelab/ros2_stereo/build/gscam2 -- -j16 -l16
[8.825s] Invoking command in '/home/corelab/ros2_stereo/build/gscam2': AMENT_PREFIX_PATH=/home/corelab/ros2_stereo/install/ros2_shared:${AMENT_PREFIX_PATH} CMAKE_PREFIX_PATH=/home/corelab/ros2_stereo/install/ros2_shared:/opt/ros/foxy /home/corelab/.local/bin/cmake --install /home/corelab/ros2_stereo/build/gscam2
[8.850s] -- Install configuration: ""
[8.850s] -- Up-to-date: /home/corelab/ros2_stereo/install/gscam2/share/gscam2/environment/library_path.sh
[8.850s] -- Up-to-date: /home/corelab/ros2_stereo/install/gscam2/share/gscam2/environment/library_path.dsv
[8.850s] -- Up-to-date: /home/corelab/ros2_stereo/install/gscam2/share/ament_index/resource_index/package_run_dependencies/gscam2
[8.850s] -- Up-to-date: /home/corelab/ros2_stereo/install/gscam2/share/ament_index/resource_index/parent_prefix_path/gscam2
[8.850s] -- Up-to-date: /home/corelab/ros2_stereo/install/gscam2/share/gscam2/environment/ament_prefix_path.sh
[8.850s] -- Up-to-date: /home/corelab/ros2_stereo/install/gscam2/share/gscam2/environment/ament_prefix_path.dsv
[8.851s] -- Up-to-date: /home/corelab/ros2_stereo/install/gscam2/share/gscam2/environment/path.sh
[8.851s] -- Up-to-date: /home/corelab/ros2_stereo/install/gscam2/share/gscam2/environment/path.dsv
[8.851s] -- Up-to-date: /home/corelab/ros2_stereo/install/gscam2/share/gscam2/local_setup.bash
[8.851s] -- Up-to-date: /home/corelab/ros2_stereo/install/gscam2/share/gscam2/local_setup.sh
[8.851s] -- Up-to-date: /home/corelab/ros2_stereo/install/gscam2/share/gscam2/local_setup.zsh
[8.851s] -- Up-to-date: /home/corelab/ros2_stereo/install/gscam2/share/gscam2/local_setup.dsv
[8.851s] -- Installing: /home/corelab/ros2_stereo/install/gscam2/share/gscam2/package.dsv
[8.851s] -- Up-to-date: /home/corelab/ros2_stereo/install/gscam2/share/ament_index/resource_index/packages/gscam2
[8.851s] -- Up-to-date: /home/corelab/ros2_stereo/install/gscam2/share/ament_index/resource_index/rclcpp_components/gscam2
[8.851s] -- Up-to-date: /home/corelab/ros2_stereo/install/gscam2/share/gscam2/cmake/export_gscam_nodeExport.cmake
[8.851s] -- Up-to-date: /home/corelab/ros2_stereo/install/gscam2/share/gscam2/cmake/export_gscam_nodeExport-noconfig.cmake
[8.851s] -- Up-to-date: /home/corelab/ros2_stereo/install/gscam2/share/gscam2/cmake/export_subscriber_nodeExport.cmake
[8.851s] -- Up-to-date: /home/corelab/ros2_stereo/install/gscam2/share/gscam2/cmake/export_subscriber_nodeExport-noconfig.cmake
[8.851s] -- Up-to-date: /home/corelab/ros2_stereo/install/gscam2/share/gscam2/cmake/ament_cmake_export_dependencies-extras.cmake
[8.851s] -- Up-to-date: /home/corelab/ros2_stereo/install/gscam2/share/gscam2/cmake/ament_cmake_export_include_directories-extras.cmake
[8.851s] -- Up-to-date: /home/corelab/ros2_stereo/install/gscam2/share/gscam2/cmake/ament_cmake_export_targets-extras.cmake
[8.851s] -- Up-to-date: /home/corelab/ros2_stereo/install/gscam2/share/gscam2/cmake/ament_cmake_export_libraries-extras.cmake
[8.851s] -- Up-to-date: /home/corelab/ros2_stereo/install/gscam2/share/gscam2/cmake/gscam2Config.cmake
[8.851s] -- Up-to-date: /home/corelab/ros2_stereo/install/gscam2/share/gscam2/cmake/gscam2Config-version.cmake
[8.851s] -- Up-to-date: /home/corelab/ros2_stereo/install/gscam2/share/gscam2/package.xml
[8.851s] -- Up-to-date: /home/corelab/ros2_stereo/install/gscam2/include/gscam2
[8.851s] -- Up-to-date: /home/corelab/ros2_stereo/install/gscam2/include/gscam2/gscam_node.hpp
[8.851s] -- Up-to-date: /home/corelab/ros2_stereo/install/gscam2/include/gscam2/subscriber_node.hpp
[8.852s] -- Installing: /home/corelab/ros2_stereo/install/gscam2/lib/libgscam_node.so
[8.852s] -- Set runtime path of "/home/corelab/ros2_stereo/install/gscam2/lib/libgscam_node.so" to ""
[8.852s] -- Installing: /home/corelab/ros2_stereo/install/gscam2/lib/libsubscriber_node.so
[8.854s] -- Set runtime path of "/home/corelab/ros2_stereo/install/gscam2/lib/libsubscriber_node.so" to ""
[8.854s] -- Installing: /home/corelab/ros2_stereo/install/gscam2/lib/gscam2/gscam_main
[8.854s] -- Set runtime path of "/home/corelab/ros2_stereo/install/gscam2/lib/gscam2/gscam_main" to ""
[8.855s] -- Installing: /home/corelab/ros2_stereo/install/gscam2/lib/gscam2/ipc_test_main
[8.855s] -- Set runtime path of "/home/corelab/ros2_stereo/install/gscam2/lib/gscam2/ipc_test_main" to ""
[8.855s] -- Up-to-date: /home/corelab/ros2_stereo/install/gscam2/share/gscam2/cfg
[8.855s] -- Up-to-date: /home/corelab/ros2_stereo/install/gscam2/share/gscam2/cfg/my_camera.ini
[8.855s] -- Up-to-date: /home/corelab/ros2_stereo/install/gscam2/share/gscam2/cfg/workaround_params.yaml
[8.855s] -- Up-to-date: /home/corelab/ros2_stereo/install/gscam2/share/gscam2/cfg/elp_left.yaml
[8.855s] -- Up-to-date: /home/corelab/ros2_stereo/install/gscam2/share/gscam2/cfg/params.yaml
[8.855s] -- Up-to-date: /home/corelab/ros2_stereo/install/gscam2/share/gscam2/launch
[8.855s] -- Up-to-date: /home/corelab/ros2_stereo/install/gscam2/share/gscam2/launch/composition_launch.py
[8.855s] -- Up-to-date: /home/corelab/ros2_stereo/install/gscam2/share/gscam2/launch/container_param_launch.py
[8.855s] -- Up-to-date: /home/corelab/ros2_stereo/install/gscam2/share/gscam2/launch/node_param_launch.py
[8.861s] Invoked command in '/home/corelab/ros2_stereo/build/gscam2' returned '0': AMENT_PREFIX_PATH=/home/corelab/ros2_stereo/install/ros2_shared:${AMENT_PREFIX_PATH} CMAKE_PREFIX_PATH=/home/corelab/ros2_stereo/install/ros2_shared:/opt/ros/foxy /home/corelab/.local/bin/cmake --install /home/corelab/ros2_stereo/build/gscam2
