[0.028s] Invoking command in '/home/corelab/GitHub/CatchingBlimp/Summer2023/ros2_stereo/build/image_proc': CMAKE_PREFIX_PATH=${CMAKE_PREFIX_PATH}:/home/corelab/ros2_camera_calibration/install/camera_calibration:/opt/ros/foxy /home/corelab/.local/bin/cmake /home/corelab/GitHub/CatchingBlimp/Summer2023/ros2_stereo/src/image_proc -DCMAKE_INSTALL_PREFIX=/home/corelab/GitHub/CatchingBlimp/Summer2023/ros2_stereo/install/image_proc
[0.075s] -- The C compiler identification is GNU 9.4.0
[0.106s] -- The CXX compiler identification is GNU 9.4.0
[0.112s] -- Detecting C compiler ABI info
[0.142s] -- Detecting C compiler ABI info - done
[0.147s] -- Check for working C compiler: /usr/bin/cc - skipped
[0.147s] -- Detecting C compile features
[0.147s] -- Detecting C compile features - done
[0.149s] -- Detecting CXX compiler ABI info
[0.186s] -- Detecting CXX compiler ABI info - done
[0.191s] -- Check for working CXX compiler: /usr/bin/c++ - skipped
[0.191s] -- Detecting CXX compile features
[0.192s] -- Detecting CXX compile features - done
[0.195s] -- Found ament_cmake_auto: 0.9.12 (/opt/ros/foxy/share/ament_cmake_auto/cmake)
[0.220s] -- Found PythonInterp: /usr/bin/python3 (found suitable version "3.8.10", minimum required is "3") 
[0.220s] -- Using PYTHON_EXECUTABLE: /usr/bin/python3
[0.483s] -- Using all available rosidl_typesupport_c: rosidl_typesupport_connext_c;rosidl_typesupport_fastrtps_c;rosidl_typesupport_introspection_c
[0.493s] -- Found rosidl_adapter: 1.3.1 (/opt/ros/foxy/share/rosidl_adapter/cmake)
[0.500s] -- Found RTI Connext: /opt/rti.com/rti_connext_dds-5.3.1
[0.501s] [33mCMake Warning (dev) at /opt/ros/foxy/share/connext_cmake_module/cmake/Modules/FindConnext.cmake:163 (list):
[0.501s]   Policy CMP0121 is not set: The list() command now validates parsing of
[0.501s]   index arguments.  Run "cmake --help-policy CMP0121" for policy details.
[0.501s]   Use the cmake_policy command to set the policy and suppress this warning.
[0.501s]   Invalid list index "libnddsc.so".
[0.501s] Call Stack (most recent call first):
[0.501s]   /opt/ros/foxy/share/connext_cmake_module/cmake/Modules/FindConnext.cmake:198 (_count_found_libraries)
[0.501s]   /opt/ros/foxy/share/rosidl_typesupport_connext_c/cmake/rosidl_typesupport_connext_c-extras.cmake:5 (find_package)
[0.501s]   /opt/ros/foxy/share/rosidl_typesupport_connext_c/cmake/rosidl_typesupport_connext_cConfig.cmake:41 (include)
[0.501s]   /opt/ros/foxy/share/rosidl_typesupport_c/cmake/rosidl_typesupport_c-extras.cmake:13 (find_package)
[0.501s]   /opt/ros/foxy/share/rosidl_typesupport_c/cmake/rosidl_typesupport_cConfig.cmake:41 (include)
[0.501s]   /opt/ros/foxy/share/rosidl_default_runtime/cmake/rosidl_default_runtime-extras.cmake:12 (find_package)
[0.501s]   /opt/ros/foxy/share/rosidl_default_runtime/cmake/rosidl_default_runtimeConfig.cmake:41 (include)
[0.501s]   /opt/ros/foxy/share/builtin_interfaces/cmake/ament_cmake_export_dependencies-extras.cmake:21 (find_package)
[0.501s]   /opt/ros/foxy/share/builtin_interfaces/cmake/builtin_interfacesConfig.cmake:41 (include)
[0.502s]   /opt/ros/foxy/share/sensor_msgs/cmake/ament_cmake_export_dependencies-extras.cmake:21 (find_package)
[0.502s]   /opt/ros/foxy/share/sensor_msgs/cmake/sensor_msgsConfig.cmake:41 (include)
[0.502s]   /opt/ros/foxy/share/cv_bridge/cmake/ament_cmake_export_dependencies-extras.cmake:21 (find_package)
[0.502s]   /opt/ros/foxy/share/cv_bridge/cmake/cv_bridgeConfig.cmake:41 (include)
[0.502s]   /opt/ros/foxy/share/ament_cmake_auto/cmake/ament_auto_find_build_dependencies.cmake:67 (find_package)
[0.502s]   CMakeLists.txt:14 (ament_auto_find_build_dependencies)
[0.502s] This warning is for project developers.  Use -Wno-dev to suppress it.
[0.502s] [0m
[0.502s] [33mCMake Warning (dev) at /opt/ros/foxy/share/connext_cmake_module/cmake/Modules/FindConnext.cmake:163 (list):
[0.502s]   Policy CMP0121 is not set: The list() command now validates parsing of
[0.502s]   index arguments.  Run "cmake --help-policy CMP0121" for policy details.
[0.502s]   Use the cmake_policy command to set the policy and suppress this warning.
[0.502s]   Invalid list index "libnddscore.so".
[0.502s] Call Stack (most recent call first):
[0.502s]   /opt/ros/foxy/share/connext_cmake_module/cmake/Modules/FindConnext.cmake:198 (_count_found_libraries)
[0.502s]   /opt/ros/foxy/share/rosidl_typesupport_connext_c/cmake/rosidl_typesupport_connext_c-extras.cmake:5 (find_package)
[0.502s]   /opt/ros/foxy/share/rosidl_typesupport_connext_c/cmake/rosidl_typesupport_connext_cConfig.cmake:41 (include)
[0.502s]   /opt/ros/foxy/share/rosidl_typesupport_c/cmake/rosidl_typesupport_c-extras.cmake:13 (find_package)
[0.502s]   /opt/ros/foxy/share/rosidl_typesupport_c/cmake/rosidl_typesupport_cConfig.cmake:41 (include)
[0.502s]   /opt/ros/foxy/share/rosidl_default_runtime/cmake/rosidl_default_runtime-extras.cmake:12 (find_package)
[0.502s]   /opt/ros/foxy/share/rosidl_default_runtime/cmake/rosidl_default_runtimeConfig.cmake:41 (include)
[0.502s]   /opt/ros/foxy/share/builtin_interfaces/cmake/ament_cmake_export_dependencies-extras.cmake:21 (find_package)
[0.502s]   /opt/ros/foxy/share/builtin_interfaces/cmake/builtin_interfacesConfig.cmake:41 (include)
[0.502s]   /opt/ros/foxy/share/sensor_msgs/cmake/ament_cmake_export_dependencies-extras.cmake:21 (find_package)
[0.502s]   /opt/ros/foxy/share/sensor_msgs/cmake/sensor_msgsConfig.cmake:41 (include)
[0.503s]   /opt/ros/foxy/share/cv_bridge/cmake/ament_cmake_export_dependencies-extras.cmake:21 (find_package)
[0.503s]   /opt/ros/foxy/share/cv_bridge/cmake/cv_bridgeConfig.cmake:41 (include)
[0.503s]   /opt/ros/foxy/share/ament_cmake_auto/cmake/ament_auto_find_build_dependencies.cmake:67 (find_package)
[0.503s]   CMakeLists.txt:14 (ament_auto_find_build_dependencies)
[0.503s] This warning is for project developers.  Use -Wno-dev to suppress it.
[0.503s] [0m
[0.503s] [33mCMake Warning (dev) at /opt/ros/foxy/share/connext_cmake_module/cmake/Modules/FindConnext.cmake:163 (list):
[0.503s]   Policy CMP0121 is not set: The list() command now validates parsing of
[0.503s]   index arguments.  Run "cmake --help-policy CMP0121" for policy details.
[0.503s]   Use the cmake_policy command to set the policy and suppress this warning.
[0.503s]   Invalid list index "libnddscpp.so".
[0.503s] Call Stack (most recent call first):
[0.503s]   /opt/ros/foxy/share/connext_cmake_module/cmake/Modules/FindConnext.cmake:198 (_count_found_libraries)
[0.503s]   /opt/ros/foxy/share/rosidl_typesupport_connext_c/cmake/rosidl_typesupport_connext_c-extras.cmake:5 (find_package)
[0.503s]   /opt/ros/foxy/share/rosidl_typesupport_connext_c/cmake/rosidl_typesupport_connext_cConfig.cmake:41 (include)
[0.503s]   /opt/ros/foxy/share/rosidl_typesupport_c/cmake/rosidl_typesupport_c-extras.cmake:13 (find_package)
[0.503s]   /opt/ros/foxy/share/rosidl_typesupport_c/cmake/rosidl_typesupport_cConfig.cmake:41 (include)
[0.503s]   /opt/ros/foxy/share/rosidl_default_runtime/cmake/rosidl_default_runtime-extras.cmake:12 (find_package)
[0.503s]   /opt/ros/foxy/share/rosidl_default_runtime/cmake/rosidl_default_runtimeConfig.cmake:41 (include)
[0.503s]   /opt/ros/foxy/share/builtin_interfaces/cmake/ament_cmake_export_dependencies-extras.cmake:21 (find_package)
[0.503s]   /opt/ros/foxy/share/builtin_interfaces/cmake/builtin_interfacesConfig.cmake:41 (include)
[0.503s]   /opt/ros/foxy/share/sensor_msgs/cmake/ament_cmake_export_dependencies-extras.cmake:21 (find_package)
[0.503s]   /opt/ros/foxy/share/sensor_msgs/cmake/sensor_msgsConfig.cmake:41 (include)
[0.503s]   /opt/ros/foxy/share/cv_bridge/cmake/ament_cmake_export_dependencies-extras.cmake:21 (find_package)
[0.503s]   /opt/ros/foxy/share/cv_bridge/cmake/cv_bridgeConfig.cmake:41 (include)
[0.503s]   /opt/ros/foxy/share/ament_cmake_auto/cmake/ament_auto_find_build_dependencies.cmake:67 (find_package)
[0.503s]   CMakeLists.txt:14 (ament_auto_find_build_dependencies)
[0.503s] This warning is for project developers.  Use -Wno-dev to suppress it.
[0.503s] [0m
[0.504s] [33mCMake Warning (dev) at /opt/ros/foxy/share/connext_cmake_module/cmake/Modules/FindConnext.cmake:163 (list):
[0.504s]   Policy CMP0121 is not set: The list() command now validates parsing of
[0.504s]   index arguments.  Run "cmake --help-policy CMP0121" for policy details.
[0.504s]   Use the cmake_policy command to set the policy and suppress this warning.
[0.504s]   Invalid list index "librticonnextmsgcpp.so".
[0.504s] Call Stack (most recent call first):
[0.504s]   /opt/ros/foxy/share/connext_cmake_module/cmake/Modules/FindConnext.cmake:198 (_count_found_libraries)
[0.504s]   /opt/ros/foxy/share/rosidl_typesupport_connext_c/cmake/rosidl_typesupport_connext_c-extras.cmake:5 (find_package)
[0.504s]   /opt/ros/foxy/share/rosidl_typesupport_connext_c/cmake/rosidl_typesupport_connext_cConfig.cmake:41 (include)
[0.504s]   /opt/ros/foxy/share/rosidl_typesupport_c/cmake/rosidl_typesupport_c-extras.cmake:13 (find_package)
[0.504s]   /opt/ros/foxy/share/rosidl_typesupport_c/cmake/rosidl_typesupport_cConfig.cmake:41 (include)
[0.504s]   /opt/ros/foxy/share/rosidl_default_runtime/cmake/rosidl_default_runtime-extras.cmake:12 (find_package)
[0.504s]   /opt/ros/foxy/share/rosidl_default_runtime/cmake/rosidl_default_runtimeConfig.cmake:41 (include)
[0.504s]   /opt/ros/foxy/share/builtin_interfaces/cmake/ament_cmake_export_dependencies-extras.cmake:21 (find_package)
[0.504s]   /opt/ros/foxy/share/builtin_interfaces/cmake/builtin_interfacesConfig.cmake:41 (include)
[0.504s]   /opt/ros/foxy/share/sensor_msgs/cmake/ament_cmake_export_dependencies-extras.cmake:21 (find_package)
[0.504s]   /opt/ros/foxy/share/sensor_msgs/cmake/sensor_msgsConfig.cmake:41 (include)
[0.504s]   /opt/ros/foxy/share/cv_bridge/cmake/ament_cmake_export_dependencies-extras.cmake:21 (find_package)
[0.504s]   /opt/ros/foxy/share/cv_bridge/cmake/cv_bridgeConfig.cmake:41 (include)
[0.504s]   /opt/ros/foxy/share/ament_cmake_auto/cmake/ament_auto_find_build_dependencies.cmake:67 (find_package)
[0.504s]   CMakeLists.txt:14 (ament_auto_find_build_dependencies)
[0.504s] This warning is for project developers.  Use -Wno-dev to suppress it.
[0.504s] [0m
[0.504s] [33mCMake Warning (dev) at /opt/ros/foxy/share/connext_cmake_module/cmake/Modules/FindConnext.cmake:163 (list):
[0.504s]   Policy CMP0121 is not set: The list() command now validates parsing of
[0.504s]   index arguments.  Run "cmake --help-policy CMP0121" for policy details.
[0.504s]   Use the cmake_policy command to set the policy and suppress this warning.
[0.504s]   Invalid list index "libnddscd.so".
[0.504s] Call Stack (most recent call first):
[0.505s]   /opt/ros/foxy/share/connext_cmake_module/cmake/Modules/FindConnext.cmake:199 (_count_found_libraries)
[0.505s]   /opt/ros/foxy/share/rosidl_typesupport_connext_c/cmake/rosidl_typesupport_connext_c-extras.cmake:5 (find_package)
[0.505s]   /opt/ros/foxy/share/rosidl_typesupport_connext_c/cmake/rosidl_typesupport_connext_cConfig.cmake:41 (include)
[0.505s]   /opt/ros/foxy/share/rosidl_typesupport_c/cmake/rosidl_typesupport_c-extras.cmake:13 (find_package)
[0.505s]   /opt/ros/foxy/share/rosidl_typesupport_c/cmake/rosidl_typesupport_cConfig.cmake:41 (include)
[0.505s]   /opt/ros/foxy/share/rosidl_default_runtime/cmake/rosidl_default_runtime-extras.cmake:12 (find_package)
[0.505s]   /opt/ros/foxy/share/rosidl_default_runtime/cmake/rosidl_default_runtimeConfig.cmake:41 (include)
[0.505s]   /opt/ros/foxy/share/builtin_interfaces/cmake/ament_cmake_export_dependencies-extras.cmake:21 (find_package)
[0.505s]   /opt/ros/foxy/share/builtin_interfaces/cmake/builtin_interfacesConfig.cmake:41 (include)
[0.505s]   /opt/ros/foxy/share/sensor_msgs/cmake/ament_cmake_export_dependencies-extras.cmake:21 (find_package)
[0.505s]   /opt/ros/foxy/share/sensor_msgs/cmake/sensor_msgsConfig.cmake:41 (include)
[0.505s]   /opt/ros/foxy/share/cv_bridge/cmake/ament_cmake_export_dependencies-extras.cmake:21 (find_package)
[0.505s]   /opt/ros/foxy/share/cv_bridge/cmake/cv_bridgeConfig.cmake:41 (include)
[0.505s]   /opt/ros/foxy/share/ament_cmake_auto/cmake/ament_auto_find_build_dependencies.cmake:67 (find_package)
[0.505s]   CMakeLists.txt:14 (ament_auto_find_build_dependencies)
[0.505s] This warning is for project developers.  Use -Wno-dev to suppress it.
[0.505s] [0m
[0.505s] [33mCMake Warning (dev) at /opt/ros/foxy/share/connext_cmake_module/cmake/Modules/FindConnext.cmake:163 (list):
[0.505s]   Policy CMP0121 is not set: The list() command now validates parsing of
[0.505s]   index arguments.  Run "cmake --help-policy CMP0121" for policy details.
[0.505s]   Use the cmake_policy command to set the policy and suppress this warning.
[0.505s]   Invalid list index "libnddscored.so".
[0.505s] Call Stack (most recent call first):
[0.505s]   /opt/ros/foxy/share/connext_cmake_module/cmake/Modules/FindConnext.cmake:199 (_count_found_libraries)
[0.505s]   /opt/ros/foxy/share/rosidl_typesupport_connext_c/cmake/rosidl_typesupport_connext_c-extras.cmake:5 (find_package)
[0.505s]   /opt/ros/foxy/share/rosidl_typesupport_connext_c/cmake/rosidl_typesupport_connext_cConfig.cmake:41 (include)
[0.505s]   /opt/ros/foxy/share/rosidl_typesupport_c/cmake/rosidl_typesupport_c-extras.cmake:13 (find_package)
[0.506s]   /opt/ros/foxy/share/rosidl_typesupport_c/cmake/rosidl_typesupport_cConfig.cmake:41 (include)
[0.506s]   /opt/ros/foxy/share/rosidl_default_runtime/cmake/rosidl_default_runtime-extras.cmake:12 (find_package)
[0.506s]   /opt/ros/foxy/share/rosidl_default_runtime/cmake/rosidl_default_runtimeConfig.cmake:41 (include)
[0.506s]   /opt/ros/foxy/share/builtin_interfaces/cmake/ament_cmake_export_dependencies-extras.cmake:21 (find_package)
[0.506s]   /opt/ros/foxy/share/builtin_interfaces/cmake/builtin_interfacesConfig.cmake:41 (include)
[0.506s]   /opt/ros/foxy/share/sensor_msgs/cmake/ament_cmake_export_dependencies-extras.cmake:21 (find_package)
[0.506s]   /opt/ros/foxy/share/sensor_msgs/cmake/sensor_msgsConfig.cmake:41 (include)
[0.506s]   /opt/ros/foxy/share/cv_bridge/cmake/ament_cmake_export_dependencies-extras.cmake:21 (find_package)
[0.506s]   /opt/ros/foxy/share/cv_bridge/cmake/cv_bridgeConfig.cmake:41 (include)
[0.506s]   /opt/ros/foxy/share/ament_cmake_auto/cmake/ament_auto_find_build_dependencies.cmake:67 (find_package)
[0.506s]   CMakeLists.txt:14 (ament_auto_find_build_dependencies)
[0.506s] This warning is for project developers.  Use -Wno-dev to suppress it.
[0.506s] [0m
[0.506s] [33mCMake Warning (dev) at /opt/ros/foxy/share/connext_cmake_module/cmake/Modules/FindConnext.cmake:163 (list):
[0.506s]   Policy CMP0121 is not set: The list() command now validates parsing of
[0.506s]   index arguments.  Run "cmake --help-policy CMP0121" for policy details.
[0.506s]   Use the cmake_policy command to set the policy and suppress this warning.
[0.506s]   Invalid list index "libnddscppd.so".
[0.506s] Call Stack (most recent call first):
[0.506s]   /opt/ros/foxy/share/connext_cmake_module/cmake/Modules/FindConnext.cmake:199 (_count_found_libraries)
[0.506s]   /opt/ros/foxy/share/rosidl_typesupport_connext_c/cmake/rosidl_typesupport_connext_c-extras.cmake:5 (find_package)
[0.506s]   /opt/ros/foxy/share/rosidl_typesupport_connext_c/cmake/rosidl_typesupport_connext_cConfig.cmake:41 (include)
[0.506s]   /opt/ros/foxy/share/rosidl_typesupport_c/cmake/rosidl_typesupport_c-extras.cmake:13 (find_package)
[0.506s]   /opt/ros/foxy/share/rosidl_typesupport_c/cmake/rosidl_typesupport_cConfig.cmake:41 (include)
[0.506s]   /opt/ros/foxy/share/rosidl_default_runtime/cmake/rosidl_default_runtime-extras.cmake:12 (find_package)
[0.507s]   /opt/ros/foxy/share/rosidl_default_runtime/cmake/rosidl_default_runtimeConfig.cmake:41 (include)
[0.507s]   /opt/ros/foxy/share/builtin_interfaces/cmake/ament_cmake_export_dependencies-extras.cmake:21 (find_package)
[0.507s]   /opt/ros/foxy/share/builtin_interfaces/cmake/builtin_interfacesConfig.cmake:41 (include)
[0.507s]   /opt/ros/foxy/share/sensor_msgs/cmake/ament_cmake_export_dependencies-extras.cmake:21 (find_package)
[0.507s]   /opt/ros/foxy/share/sensor_msgs/cmake/sensor_msgsConfig.cmake:41 (include)
[0.507s]   /opt/ros/foxy/share/cv_bridge/cmake/ament_cmake_export_dependencies-extras.cmake:21 (find_package)
[0.507s]   /opt/ros/foxy/share/cv_bridge/cmake/cv_bridgeConfig.cmake:41 (include)
[0.507s]   /opt/ros/foxy/share/ament_cmake_auto/cmake/ament_auto_find_build_dependencies.cmake:67 (find_package)
[0.507s]   CMakeLists.txt:14 (ament_auto_find_build_dependencies)
[0.507s] This warning is for project developers.  Use -Wno-dev to suppress it.
[0.507s] [0m
[0.507s] [33mCMake Warning (dev) at /opt/ros/foxy/share/connext_cmake_module/cmake/Modules/FindConnext.cmake:163 (list):
[0.507s]   Policy CMP0121 is not set: The list() command now validates parsing of
[0.507s]   index arguments.  Run "cmake --help-policy CMP0121" for policy details.
[0.507s]   Use the cmake_policy command to set the policy and suppress this warning.
[0.507s]   Invalid list index "librticonnextmsgcppd.so".
[0.508s] Call Stack (most recent call first):
[0.508s]   /opt/ros/foxy/share/connext_cmake_module/cmake/Modules/FindConnext.cmake:199 (_count_found_libraries)
[0.508s]   /opt/ros/foxy/share/rosidl_typesupport_connext_c/cmake/rosidl_typesupport_connext_c-extras.cmake:5 (find_package)
[0.508s]   /opt/ros/foxy/share/rosidl_typesupport_connext_c/cmake/rosidl_typesupport_connext_cConfig.cmake:41 (include)
[0.508s]   /opt/ros/foxy/share/rosidl_typesupport_c/cmake/rosidl_typesupport_c-extras.cmake:13 (find_package)
[0.508s]   /opt/ros/foxy/share/rosidl_typesupport_c/cmake/rosidl_typesupport_cConfig.cmake:41 (include)
[0.508s]   /opt/ros/foxy/share/rosidl_default_runtime/cmake/rosidl_default_runtime-extras.cmake:12 (find_package)
[0.508s]   /opt/ros/foxy/share/rosidl_default_runtime/cmake/rosidl_default_runtimeConfig.cmake:41 (include)
[0.508s]   /opt/ros/foxy/share/builtin_interfaces/cmake/ament_cmake_export_dependencies-extras.cmake:21 (find_package)
[0.508s]   /opt/ros/foxy/share/builtin_interfaces/cmake/builtin_interfacesConfig.cmake:41 (include)
[0.508s]   /opt/ros/foxy/share/sensor_msgs/cmake/ament_cmake_export_dependencies-extras.cmake:21 (find_package)
[0.508s]   /opt/ros/foxy/share/sensor_msgs/cmake/sensor_msgsConfig.cmake:41 (include)
[0.508s]   /opt/ros/foxy/share/cv_bridge/cmake/ament_cmake_export_dependencies-extras.cmake:21 (find_package)
[0.508s]   /opt/ros/foxy/share/cv_bridge/cmake/cv_bridgeConfig.cmake:41 (include)
[0.508s]   /opt/ros/foxy/share/ament_cmake_auto/cmake/ament_auto_find_build_dependencies.cmake:67 (find_package)
[0.508s]   CMakeLists.txt:14 (ament_auto_find_build_dependencies)
[0.508s] This warning is for project developers.  Use -Wno-dev to suppress it.
[0.508s] [0m
[0.508s] [0mCMake Deprecation Warning at /home/corelab/GitHub/CatchingBlimp/Summer2023/ros2_stereo/build/image_proc/connext_cmake_module/check_abi/CMakeLists.txt:15 (cmake_minimum_required):
[0.508s]   Compatibility with CMake < 2.8.12 will be removed from a future version of
[0.508s]   CMake.
[0.508s] 
[0.508s]   Update the VERSION argument <min> value or use a ...<max> suffix to tell
[0.508s]   CMake that the project does not need compatibility with older versions.
[0.508s] 
[0.508s] [0m
[1.027s] -- Found OpenSSL: /usr/lib/x86_64-linux-gnu/libcrypto.so (found version "1.1.1f")  
[1.050s] -- Found FastRTPS: /opt/ros/foxy/include  
[1.108s] -- Using all available rosidl_typesupport_cpp: rosidl_typesupport_connext_cpp;rosidl_typesupport_fastrtps_cpp;rosidl_typesupport_introspection_cpp
[1.269s] -- Found rmw_implementation_cmake: 1.0.4 (/opt/ros/foxy/share/rmw_implementation_cmake/cmake)
[1.270s] -- Using RMW implementation 'rmw_fastrtps_cpp' as default
[1.270s] -- Performing Test CMAKE_HAVE_LIBC_PTHREAD
[1.303s] -- Performing Test CMAKE_HAVE_LIBC_PTHREAD - Failed
[1.303s] -- Looking for pthread_create in pthreads
[1.327s] -- Looking for pthread_create in pthreads - not found
[1.327s] -- Looking for pthread_create in pthread
[1.357s] -- Looking for pthread_create in pthread - found
[1.358s] -- Found Threads: TRUE  
[1.519s] -- Found OpenCV: /usr/local (found version "4.7.0") 
[1.657s] -- Found ament_lint_auto: 0.9.8 (/opt/ros/foxy/share/ament_lint_auto/cmake)
[1.686s] -- Added test 'copyright' to check source files copyright and LICENSE
[1.691s] -- Added test 'cppcheck' to perform static code analysis on C / C++ code
[1.691s] -- Configured cppcheck include dirs: /home/corelab/GitHub/CatchingBlimp/Summer2023/ros2_stereo/src/image_proc/include
[1.691s] -- Configured cppcheck exclude dirs and/or files: 
[1.696s] -- Added test 'cpplint' to check C / C++ code against the Google style
[1.696s] -- Configured cpplint exclude dirs and/or files: 
[1.697s] -- Added test 'flake8' to check Python code syntax and style conventions
[1.698s] -- Added test 'lint_cmake' to check CMake code style
[1.699s] -- Added test 'pep257' to check Python code against some of the style conventions in PEP 257
[1.704s] -- Added test 'uncrustify' to check C / C++ code style
[1.704s] -- Configured uncrustify additional arguments: 
[1.705s] -- Added test 'xmllint' to check XML markup files
[1.707s] -- Configuring done
[1.770s] -- Generating done
[1.771s] -- Build files have been written to: /home/corelab/GitHub/CatchingBlimp/Summer2023/ros2_stereo/build/image_proc
[1.780s] Invoked command in '/home/corelab/GitHub/CatchingBlimp/Summer2023/ros2_stereo/build/image_proc' returned '0': CMAKE_PREFIX_PATH=${CMAKE_PREFIX_PATH}:/home/corelab/ros2_camera_calibration/install/camera_calibration:/opt/ros/foxy /home/corelab/.local/bin/cmake /home/corelab/GitHub/CatchingBlimp/Summer2023/ros2_stereo/src/image_proc -DCMAKE_INSTALL_PREFIX=/home/corelab/GitHub/CatchingBlimp/Summer2023/ros2_stereo/install/image_proc
[1.783s] Invoking command in '/home/corelab/GitHub/CatchingBlimp/Summer2023/ros2_stereo/build/image_proc': CMAKE_PREFIX_PATH=${CMAKE_PREFIX_PATH}:/home/corelab/ros2_camera_calibration/install/camera_calibration:/opt/ros/foxy /home/corelab/.local/bin/cmake --build /home/corelab/GitHub/CatchingBlimp/Summer2023/ros2_stereo/build/image_proc -- -j16 -l16
[1.813s] [  6%] [32mBuilding CXX object CMakeFiles/image_proc.dir/src/image_proc/processor.cpp.o[0m
[2.332s] [ 13%] [32m[1mLinking CXX shared library libimage_proc.so[0m
[2.481s] [ 13%] Built target image_proc
[2.489s] [ 20%] [32mBuilding CXX object CMakeFiles/rectify.dir/src/rectify.cpp.o[0m
[5.578s] [ 26%] [32m[1mLinking CXX shared library librectify.so[0m
[5.773s] [ 26%] Built target rectify
[5.782s] [ 40%] [32mBuilding CXX object CMakeFiles/debayer.dir/src/edge_aware.cpp.o[0m
[5.782s] [ 40%] [32mBuilding CXX object CMakeFiles/debayer.dir/src/debayer.cpp.o[0m
[7.617s] [ 46%] [32m[1mLinking CXX shared library libdebayer.so[0m
[7.794s] [ 46%] Built target debayer
[7.801s] [ 53%] [32mBuilding CXX object CMakeFiles/resize.dir/src/resize.cpp.o[0m
[9.412s] [ 60%] [32m[1mLinking CXX shared library libresize.so[0m
[9.575s] [ 60%] Built target resize
[9.581s] [ 66%] [32mBuilding CXX object CMakeFiles/crop_decimate.dir/src/crop_decimate.cpp.o[0m
[11.442s] [ 73%] [32m[1mLinking CXX shared library libcrop_decimate.so[0m
[11.853s] [ 73%] Built target crop_decimate
[11.869s] [ 80%] [32mBuilding CXX object CMakeFiles/crop_non_zero.dir/src/crop_non_zero.cpp.o[0m
[13.660s] [ 86%] [32m[1mLinking CXX shared library libcrop_non_zero.so[0m
[13.782s] [ 86%] Built target crop_non_zero
[13.787s] [ 93%] [32mBuilding CXX object CMakeFiles/image_proc_exe.dir/src/image_proc.cpp.o[0m
[15.014s] [100%] [32m[1mLinking CXX executable image_proc[0m
[15.267s] [100%] Built target image_proc_exe
[15.279s] Invoked command in '/home/corelab/GitHub/CatchingBlimp/Summer2023/ros2_stereo/build/image_proc' returned '0': CMAKE_PREFIX_PATH=${CMAKE_PREFIX_PATH}:/home/corelab/ros2_camera_calibration/install/camera_calibration:/opt/ros/foxy /home/corelab/.local/bin/cmake --build /home/corelab/GitHub/CatchingBlimp/Summer2023/ros2_stereo/build/image_proc -- -j16 -l16
[15.324s] Invoking command in '/home/corelab/GitHub/CatchingBlimp/Summer2023/ros2_stereo/build/image_proc': CMAKE_PREFIX_PATH=${CMAKE_PREFIX_PATH}:/home/corelab/ros2_camera_calibration/install/camera_calibration:/opt/ros/foxy /home/corelab/.local/bin/cmake --install /home/corelab/GitHub/CatchingBlimp/Summer2023/ros2_stereo/build/image_proc
[15.349s] -- Install configuration: ""
[15.349s] -- Installing: /home/corelab/GitHub/CatchingBlimp/Summer2023/ros2_stereo/install/image_proc/bin/image_proc
[15.349s] -- Set runtime path of "/home/corelab/GitHub/CatchingBlimp/Summer2023/ros2_stereo/install/image_proc/bin/image_proc" to ""
[15.349s] -- Installing: /home/corelab/GitHub/CatchingBlimp/Summer2023/ros2_stereo/install/image_proc/include
[15.349s] -- Installing: /home/corelab/GitHub/CatchingBlimp/Summer2023/ros2_stereo/install/image_proc/include/image_proc
[15.350s] -- Installing: /home/corelab/GitHub/CatchingBlimp/Summer2023/ros2_stereo/install/image_proc/include/image_proc/debayer.hpp
[15.350s] -- Installing: /home/corelab/GitHub/CatchingBlimp/Summer2023/ros2_stereo/install/image_proc/include/image_proc/edge_aware.hpp
[15.350s] -- Installing: /home/corelab/GitHub/CatchingBlimp/Summer2023/ros2_stereo/install/image_proc/include/image_proc/processor.hpp
[15.350s] -- Installing: /home/corelab/GitHub/CatchingBlimp/Summer2023/ros2_stereo/install/image_proc/include/image_proc/crop_decimate.hpp
[15.350s] -- Installing: /home/corelab/GitHub/CatchingBlimp/Summer2023/ros2_stereo/install/image_proc/include/image_proc/rectify.hpp
[15.350s] -- Installing: /home/corelab/GitHub/CatchingBlimp/Summer2023/ros2_stereo/install/image_proc/include/image_proc/resize.hpp
[15.350s] -- Installing: /home/corelab/GitHub/CatchingBlimp/Summer2023/ros2_stereo/install/image_proc/include/image_proc/crop_non_zero.hpp
[15.350s] -- Installing: /home/corelab/GitHub/CatchingBlimp/Summer2023/ros2_stereo/install/image_proc/share/image_proc/environment/library_path.sh
[15.350s] -- Installing: /home/corelab/GitHub/CatchingBlimp/Summer2023/ros2_stereo/install/image_proc/share/image_proc/environment/library_path.dsv
[15.350s] -- Installing: /home/corelab/GitHub/CatchingBlimp/Summer2023/ros2_stereo/install/image_proc/lib/libimage_proc.so
[15.350s] -- Set runtime path of "/home/corelab/GitHub/CatchingBlimp/Summer2023/ros2_stereo/install/image_proc/lib/libimage_proc.so" to ""
[15.350s] -- Installing: /home/corelab/GitHub/CatchingBlimp/Summer2023/ros2_stereo/install/image_proc/lib/librectify.so
[15.350s] -- Set runtime path of "/home/corelab/GitHub/CatchingBlimp/Summer2023/ros2_stereo/install/image_proc/lib/librectify.so" to ""
[15.350s] -- Installing: /home/corelab/GitHub/CatchingBlimp/Summer2023/ros2_stereo/install/image_proc/lib/libdebayer.so
[15.351s] -- Set runtime path of "/home/corelab/GitHub/CatchingBlimp/Summer2023/ros2_stereo/install/image_proc/lib/libdebayer.so" to ""
[15.351s] -- Installing: /home/corelab/GitHub/CatchingBlimp/Summer2023/ros2_stereo/install/image_proc/lib/libresize.so
[15.351s] -- Set runtime path of "/home/corelab/GitHub/CatchingBlimp/Summer2023/ros2_stereo/install/image_proc/lib/libresize.so" to ""
[15.351s] -- Installing: /home/corelab/GitHub/CatchingBlimp/Summer2023/ros2_stereo/install/image_proc/lib/libcrop_decimate.so
[15.352s] -- Set runtime path of "/home/corelab/GitHub/CatchingBlimp/Summer2023/ros2_stereo/install/image_proc/lib/libcrop_decimate.so" to ""
[15.352s] -- Installing: /home/corelab/GitHub/CatchingBlimp/Summer2023/ros2_stereo/install/image_proc/lib/libcrop_non_zero.so
[15.352s] -- Set runtime path of "/home/corelab/GitHub/CatchingBlimp/Summer2023/ros2_stereo/install/image_proc/lib/libcrop_non_zero.so" to ""
[15.352s] -- Installing: /home/corelab/GitHub/CatchingBlimp/Summer2023/ros2_stereo/install/image_proc/lib/image_proc/image_proc
[15.352s] -- Set runtime path of "/home/corelab/GitHub/CatchingBlimp/Summer2023/ros2_stereo/install/image_proc/lib/image_proc/image_proc" to ""
[15.352s] -- Installing: /home/corelab/GitHub/CatchingBlimp/Summer2023/ros2_stereo/install/image_proc/share/image_proc/launch
[15.352s] -- Installing: /home/corelab/GitHub/CatchingBlimp/Summer2023/ros2_stereo/install/image_proc/share/image_proc/launch/image_proc.launch.py
[15.352s] -- Installing: /home/corelab/GitHub/CatchingBlimp/Summer2023/ros2_stereo/install/image_proc/share/ament_index/resource_index/package_run_dependencies/image_proc
[15.352s] -- Installing: /home/corelab/GitHub/CatchingBlimp/Summer2023/ros2_stereo/install/image_proc/share/ament_index/resource_index/parent_prefix_path/image_proc
[15.352s] -- Installing: /home/corelab/GitHub/CatchingBlimp/Summer2023/ros2_stereo/install/image_proc/share/image_proc/environment/ament_prefix_path.sh
[15.352s] -- Installing: /home/corelab/GitHub/CatchingBlimp/Summer2023/ros2_stereo/install/image_proc/share/image_proc/environment/ament_prefix_path.dsv
[15.352s] -- Installing: /home/corelab/GitHub/CatchingBlimp/Summer2023/ros2_stereo/install/image_proc/share/image_proc/environment/path.sh
[15.352s] -- Installing: /home/corelab/GitHub/CatchingBlimp/Summer2023/ros2_stereo/install/image_proc/share/image_proc/environment/path.dsv
[15.353s] -- Installing: /home/corelab/GitHub/CatchingBlimp/Summer2023/ros2_stereo/install/image_proc/share/image_proc/local_setup.bash
[15.353s] -- Installing: /home/corelab/GitHub/CatchingBlimp/Summer2023/ros2_stereo/install/image_proc/share/image_proc/local_setup.sh
[15.353s] -- Installing: /home/corelab/GitHub/CatchingBlimp/Summer2023/ros2_stereo/install/image_proc/share/image_proc/local_setup.zsh
[15.353s] -- Installing: /home/corelab/GitHub/CatchingBlimp/Summer2023/ros2_stereo/install/image_proc/share/image_proc/local_setup.dsv
[15.353s] -- Installing: /home/corelab/GitHub/CatchingBlimp/Summer2023/ros2_stereo/install/image_proc/share/image_proc/package.dsv
[15.353s] -- Installing: /home/corelab/GitHub/CatchingBlimp/Summer2023/ros2_stereo/install/image_proc/share/ament_index/resource_index/packages/image_proc
[15.353s] -- Installing: /home/corelab/GitHub/CatchingBlimp/Summer2023/ros2_stereo/install/image_proc/share/ament_index/resource_index/rclcpp_components/image_proc
[15.353s] -- Installing: /home/corelab/GitHub/CatchingBlimp/Summer2023/ros2_stereo/install/image_proc/share/image_proc/cmake/ament_cmake_export_dependencies-extras.cmake
[15.353s] -- Installing: /home/corelab/GitHub/CatchingBlimp/Summer2023/ros2_stereo/install/image_proc/share/image_proc/cmake/ament_cmake_export_include_directories-extras.cmake
[15.353s] -- Installing: /home/corelab/GitHub/CatchingBlimp/Summer2023/ros2_stereo/install/image_proc/share/image_proc/cmake/ament_cmake_export_libraries-extras.cmake
[15.353s] -- Installing: /home/corelab/GitHub/CatchingBlimp/Summer2023/ros2_stereo/install/image_proc/share/image_proc/cmake/image_procConfig.cmake
[15.353s] -- Installing: /home/corelab/GitHub/CatchingBlimp/Summer2023/ros2_stereo/install/image_proc/share/image_proc/cmake/image_procConfig-version.cmake
[15.353s] -- Installing: /home/corelab/GitHub/CatchingBlimp/Summer2023/ros2_stereo/install/image_proc/share/image_proc/package.xml
[15.358s] Invoked command in '/home/corelab/GitHub/CatchingBlimp/Summer2023/ros2_stereo/build/image_proc' returned '0': CMAKE_PREFIX_PATH=${CMAKE_PREFIX_PATH}:/home/corelab/ros2_camera_calibration/install/camera_calibration:/opt/ros/foxy /home/corelab/.local/bin/cmake --install /home/corelab/GitHub/CatchingBlimp/Summer2023/ros2_stereo/build/image_proc
