-- The C compiler identification is GNU 9.4.0
-- The CXX compiler identification is GNU 9.4.0
-- Check for working C compiler: /usr/bin/cc
-- Check for working C compiler: /usr/bin/cc -- works
-- Detecting C compiler ABI info
-- Detecting C compiler ABI info - done
-- Detecting C compile features
-- Detecting C compile features - done
-- Check for working CXX compiler: /usr/bin/c++
-- Check for working CXX compiler: /usr/bin/c++ -- works
-- Detecting CXX compiler ABI info
-- Detecting CXX compiler ABI info - done
-- Detecting CXX compile features
-- Detecting CXX compile features - done
-- Found PkgConfig: /usr/bin/pkg-config (found version "0.29.1") 
-- Checking for module 'gstreamer-1.0'
--   No package 'gstreamer-1.0' found
-- Configuring incomplete, errors occurred!
See also "/home/corelab/CatchingBlimp/Summer2023/ros2_stereo/build/gscam2/CMakeFiles/CMakeOutput.log".
CMake Error at /usr/share/cmake-3.16/Modules/FindPkgConfig.cmake:463 (message):
  A required package was not found
Call Stack (most recent call first):
  /usr/share/cmake-3.16/Modules/FindPkgConfig.cmake:643 (_pkg_check_modules_internal)
  CMakeLists.txt:24 (pkg_check_modules)


