[0.467s] Invoking command in '/home/corelab/CatchingBlimp/Summer2023/ros2_stereo/build/gscam2': CMAKE_PREFIX_PATH=${CMAKE_PREFIX_PATH}:/opt/ros/foxy /usr/bin/cmake /home/corelab/CatchingBlimp/Summer2023/ros2_stereo/src/gscam2 -DAMENT_CMAKE_SYMLINK_INSTALL=1 -DCMAKE_INSTALL_PREFIX=/home/corelab/CatchingBlimp/Summer2023/ros2_stereo/install/gscam2
[0.512s] -- The C compiler identification is GNU 9.4.0
[0.557s] -- The CXX compiler identification is GNU 9.4.0
[0.562s] -- Check for working C compiler: /usr/bin/cc
[0.634s] -- Check for working C compiler: /usr/bin/cc -- works
[0.634s] -- Detecting C compiler ABI info
[0.709s] -- Detecting C compiler ABI info - done
[0.710s] -- Detecting C compile features
[0.710s] -- Detecting C compile features - done
[0.710s] -- Check for working CXX compiler: /usr/bin/c++
[0.772s] -- Check for working CXX compiler: /usr/bin/c++ -- works
[0.773s] -- Detecting CXX compiler ABI info
[0.835s] -- Detecting CXX compiler ABI info - done
[0.836s] -- Detecting CXX compile features
[0.837s] -- Detecting CXX compile features - done
[0.839s] -- Found PkgConfig: /usr/bin/pkg-config (found version "0.29.1") 
[0.840s] -- Checking for module 'gstreamer-1.0'
[0.843s] --   No package 'gstreamer-1.0' found
[0.844s] -- Configuring incomplete, errors occurred!
[0.846s] See also "/home/corelab/CatchingBlimp/Summer2023/ros2_stereo/build/gscam2/CMakeFiles/CMakeOutput.log".
[0.846s] CMake Error at /usr/share/cmake-3.16/Modules/FindPkgConfig.cmake:463 (message):
[0.847s]   A required package was not found
[0.847s] Call Stack (most recent call first):
[0.847s]   /usr/share/cmake-3.16/Modules/FindPkgConfig.cmake:643 (_pkg_check_modules_internal)
[0.848s]   CMakeLists.txt:24 (pkg_check_modules)
[0.849s] 
[0.849s] 
[0.898s] Invoked command in '/home/corelab/CatchingBlimp/Summer2023/ros2_stereo/build/gscam2' returned '1': CMAKE_PREFIX_PATH=${CMAKE_PREFIX_PATH}:/opt/ros/foxy /usr/bin/cmake /home/corelab/CatchingBlimp/Summer2023/ros2_stereo/src/gscam2 -DAMENT_CMAKE_SYMLINK_INSTALL=1 -DCMAKE_INSTALL_PREFIX=/home/corelab/CatchingBlimp/Summer2023/ros2_stereo/install/gscam2
