-- Found ament_cmake_auto: 0.9.12 (/opt/ros/foxy/share/ament_cmake_auto/cmake)
-- Using PYTHON_EXECUTABLE: /usr/bin/python3
-- Override CMake install command with custom implementation using symlinks instead of copying resources
-- Using all available rosidl_typesupport_c: rosidl_typesupport_connext_c;rosidl_typesupport_fastrtps_c;rosidl_typesupport_introspection_c
-- Found rosidl_adapter: 1.3.1 (/opt/ros/foxy/share/rosidl_adapter/cmake)
-- Found RTI Connext: /opt/rti.com/rti_connext_dds-5.3.1
[33mCMake Warning (dev) at /opt/ros/foxy/share/connext_cmake_module/cmake/Modules/FindConnext.cmake:163 (list):
  Policy CMP0121 is not set: The list() command now validates parsing of
  index arguments.  Run "cmake --help-policy CMP0121" for policy details.
  Use the cmake_policy command to set the policy and suppress this warning.
  Invalid list index "libnddsc.so".
Call Stack (most recent call first):
  /opt/ros/foxy/share/connext_cmake_module/cmake/Modules/FindConnext.cmake:198 (_count_found_libraries)
  /opt/ros/foxy/share/rosidl_typesupport_connext_c/cmake/rosidl_typesupport_connext_c-extras.cmake:5 (find_package)
  /opt/ros/foxy/share/rosidl_typesupport_connext_c/cmake/rosidl_typesupport_connext_cConfig.cmake:41 (include)
  /opt/ros/foxy/share/rosidl_typesupport_c/cmake/rosidl_typesupport_c-extras.cmake:13 (find_package)
  /opt/ros/foxy/share/rosidl_typesupport_c/cmake/rosidl_typesupport_cConfig.cmake:41 (include)
  /opt/ros/foxy/share/rosidl_default_runtime/cmake/rosidl_default_runtime-extras.cmake:12 (find_package)
  /opt/ros/foxy/share/rosidl_default_runtime/cmake/rosidl_default_runtimeConfig.cmake:41 (include)
  /opt/ros/foxy/share/builtin_interfaces/cmake/ament_cmake_export_dependencies-extras.cmake:21 (find_package)
  /opt/ros/foxy/share/builtin_interfaces/cmake/builtin_interfacesConfig.cmake:41 (include)
  /opt/ros/foxy/share/rcl_interfaces/cmake/ament_cmake_export_dependencies-extras.cmake:21 (find_package)
  /opt/ros/foxy/share/rcl_interfaces/cmake/rcl_interfacesConfig.cmake:41 (include)
  /opt/ros/foxy/share/rcl/cmake/ament_cmake_export_dependencies-extras.cmake:21 (find_package)
  /opt/ros/foxy/share/rcl/cmake/rclConfig.cmake:41 (include)
  /opt/ros/foxy/share/libstatistics_collector/cmake/ament_cmake_export_dependencies-extras.cmake:21 (find_package)
  /opt/ros/foxy/share/libstatistics_collector/cmake/libstatistics_collectorConfig.cmake:41 (include)
  /opt/ros/foxy/share/rclcpp/cmake/ament_cmake_export_dependencies-extras.cmake:21 (find_package)
  /opt/ros/foxy/share/rclcpp/cmake/rclcppConfig.cmake:41 (include)
  /opt/ros/foxy/share/camera_calibration_parsers/cmake/ament_cmake_export_dependencies-extras.cmake:21 (find_package)
  /opt/ros/foxy/share/camera_calibration_parsers/cmake/camera_calibration_parsersConfig.cmake:41 (include)
  /opt/ros/foxy/share/ament_cmake_auto/cmake/ament_auto_find_build_dependencies.cmake:67 (find_package)
  CMakeLists.txt:18 (ament_auto_find_build_dependencies)
This warning is for project developers.  Use -Wno-dev to suppress it.
[0m
[33mCMake Warning (dev) at /opt/ros/foxy/share/connext_cmake_module/cmake/Modules/FindConnext.cmake:163 (list):
  Policy CMP0121 is not set: The list() command now validates parsing of
  index arguments.  Run "cmake --help-policy CMP0121" for policy details.
  Use the cmake_policy command to set the policy and suppress this warning.
  Invalid list index "libnddscore.so".
Call Stack (most recent call first):
  /opt/ros/foxy/share/connext_cmake_module/cmake/Modules/FindConnext.cmake:198 (_count_found_libraries)
  /opt/ros/foxy/share/rosidl_typesupport_connext_c/cmake/rosidl_typesupport_connext_c-extras.cmake:5 (find_package)
  /opt/ros/foxy/share/rosidl_typesupport_connext_c/cmake/rosidl_typesupport_connext_cConfig.cmake:41 (include)
  /opt/ros/foxy/share/rosidl_typesupport_c/cmake/rosidl_typesupport_c-extras.cmake:13 (find_package)
  /opt/ros/foxy/share/rosidl_typesupport_c/cmake/rosidl_typesupport_cConfig.cmake:41 (include)
  /opt/ros/foxy/share/rosidl_default_runtime/cmake/rosidl_default_runtime-extras.cmake:12 (find_package)
  /opt/ros/foxy/share/rosidl_default_runtime/cmake/rosidl_default_runtimeConfig.cmake:41 (include)
  /opt/ros/foxy/share/builtin_interfaces/cmake/ament_cmake_export_dependencies-extras.cmake:21 (find_package)
  /opt/ros/foxy/share/builtin_interfaces/cmake/builtin_interfacesConfig.cmake:41 (include)
  /opt/ros/foxy/share/rcl_interfaces/cmake/ament_cmake_export_dependencies-extras.cmake:21 (find_package)
  /opt/ros/foxy/share/rcl_interfaces/cmake/rcl_interfacesConfig.cmake:41 (include)
  /opt/ros/foxy/share/rcl/cmake/ament_cmake_export_dependencies-extras.cmake:21 (find_package)
  /opt/ros/foxy/share/rcl/cmake/rclConfig.cmake:41 (include)
  /opt/ros/foxy/share/libstatistics_collector/cmake/ament_cmake_export_dependencies-extras.cmake:21 (find_package)
  /opt/ros/foxy/share/libstatistics_collector/cmake/libstatistics_collectorConfig.cmake:41 (include)
  /opt/ros/foxy/share/rclcpp/cmake/ament_cmake_export_dependencies-extras.cmake:21 (find_package)
  /opt/ros/foxy/share/rclcpp/cmake/rclcppConfig.cmake:41 (include)
  /opt/ros/foxy/share/camera_calibration_parsers/cmake/ament_cmake_export_dependencies-extras.cmake:21 (find_package)
  /opt/ros/foxy/share/camera_calibration_parsers/cmake/camera_calibration_parsersConfig.cmake:41 (include)
  /opt/ros/foxy/share/ament_cmake_auto/cmake/ament_auto_find_build_dependencies.cmake:67 (find_package)
  CMakeLists.txt:18 (ament_auto_find_build_dependencies)
This warning is for project developers.  Use -Wno-dev to suppress it.
[0m
[33mCMake Warning (dev) at /opt/ros/foxy/share/connext_cmake_module/cmake/Modules/FindConnext.cmake:163 (list):
  Policy CMP0121 is not set: The list() command now validates parsing of
  index arguments.  Run "cmake --help-policy CMP0121" for policy details.
  Use the cmake_policy command to set the policy and suppress this warning.
  Invalid list index "libnddscpp.so".
Call Stack (most recent call first):
  /opt/ros/foxy/share/connext_cmake_module/cmake/Modules/FindConnext.cmake:198 (_count_found_libraries)
  /opt/ros/foxy/share/rosidl_typesupport_connext_c/cmake/rosidl_typesupport_connext_c-extras.cmake:5 (find_package)
  /opt/ros/foxy/share/rosidl_typesupport_connext_c/cmake/rosidl_typesupport_connext_cConfig.cmake:41 (include)
  /opt/ros/foxy/share/rosidl_typesupport_c/cmake/rosidl_typesupport_c-extras.cmake:13 (find_package)
  /opt/ros/foxy/share/rosidl_typesupport_c/cmake/rosidl_typesupport_cConfig.cmake:41 (include)
  /opt/ros/foxy/share/rosidl_default_runtime/cmake/rosidl_default_runtime-extras.cmake:12 (find_package)
  /opt/ros/foxy/share/rosidl_default_runtime/cmake/rosidl_default_runtimeConfig.cmake:41 (include)
  /opt/ros/foxy/share/builtin_interfaces/cmake/ament_cmake_export_dependencies-extras.cmake:21 (find_package)
  /opt/ros/foxy/share/builtin_interfaces/cmake/builtin_interfacesConfig.cmake:41 (include)
  /opt/ros/foxy/share/rcl_interfaces/cmake/ament_cmake_export_dependencies-extras.cmake:21 (find_package)
  /opt/ros/foxy/share/rcl_interfaces/cmake/rcl_interfacesConfig.cmake:41 (include)
  /opt/ros/foxy/share/rcl/cmake/ament_cmake_export_dependencies-extras.cmake:21 (find_package)
  /opt/ros/foxy/share/rcl/cmake/rclConfig.cmake:41 (include)
  /opt/ros/foxy/share/libstatistics_collector/cmake/ament_cmake_export_dependencies-extras.cmake:21 (find_package)
  /opt/ros/foxy/share/libstatistics_collector/cmake/libstatistics_collectorConfig.cmake:41 (include)
  /opt/ros/foxy/share/rclcpp/cmake/ament_cmake_export_dependencies-extras.cmake:21 (find_package)
  /opt/ros/foxy/share/rclcpp/cmake/rclcppConfig.cmake:41 (include)
  /opt/ros/foxy/share/camera_calibration_parsers/cmake/ament_cmake_export_dependencies-extras.cmake:21 (find_package)
  /opt/ros/foxy/share/camera_calibration_parsers/cmake/camera_calibration_parsersConfig.cmake:41 (include)
  /opt/ros/foxy/share/ament_cmake_auto/cmake/ament_auto_find_build_dependencies.cmake:67 (find_package)
  CMakeLists.txt:18 (ament_auto_find_build_dependencies)
This warning is for project developers.  Use -Wno-dev to suppress it.
[0m
[33mCMake Warning (dev) at /opt/ros/foxy/share/connext_cmake_module/cmake/Modules/FindConnext.cmake:163 (list):
  Policy CMP0121 is not set: The list() command now validates parsing of
  index arguments.  Run "cmake --help-policy CMP0121" for policy details.
  Use the cmake_policy command to set the policy and suppress this warning.
  Invalid list index "librticonnextmsgcpp.so".
Call Stack (most recent call first):
  /opt/ros/foxy/share/connext_cmake_module/cmake/Modules/FindConnext.cmake:198 (_count_found_libraries)
  /opt/ros/foxy/share/rosidl_typesupport_connext_c/cmake/rosidl_typesupport_connext_c-extras.cmake:5 (find_package)
  /opt/ros/foxy/share/rosidl_typesupport_connext_c/cmake/rosidl_typesupport_connext_cConfig.cmake:41 (include)
  /opt/ros/foxy/share/rosidl_typesupport_c/cmake/rosidl_typesupport_c-extras.cmake:13 (find_package)
  /opt/ros/foxy/share/rosidl_typesupport_c/cmake/rosidl_typesupport_cConfig.cmake:41 (include)
  /opt/ros/foxy/share/rosidl_default_runtime/cmake/rosidl_default_runtime-extras.cmake:12 (find_package)
  /opt/ros/foxy/share/rosidl_default_runtime/cmake/rosidl_default_runtimeConfig.cmake:41 (include)
  /opt/ros/foxy/share/builtin_interfaces/cmake/ament_cmake_export_dependencies-extras.cmake:21 (find_package)
  /opt/ros/foxy/share/builtin_interfaces/cmake/builtin_interfacesConfig.cmake:41 (include)
  /opt/ros/foxy/share/rcl_interfaces/cmake/ament_cmake_export_dependencies-extras.cmake:21 (find_package)
  /opt/ros/foxy/share/rcl_interfaces/cmake/rcl_interfacesConfig.cmake:41 (include)
  /opt/ros/foxy/share/rcl/cmake/ament_cmake_export_dependencies-extras.cmake:21 (find_package)
  /opt/ros/foxy/share/rcl/cmake/rclConfig.cmake:41 (include)
  /opt/ros/foxy/share/libstatistics_collector/cmake/ament_cmake_export_dependencies-extras.cmake:21 (find_package)
  /opt/ros/foxy/share/libstatistics_collector/cmake/libstatistics_collectorConfig.cmake:41 (include)
  /opt/ros/foxy/share/rclcpp/cmake/ament_cmake_export_dependencies-extras.cmake:21 (find_package)
  /opt/ros/foxy/share/rclcpp/cmake/rclcppConfig.cmake:41 (include)
  /opt/ros/foxy/share/camera_calibration_parsers/cmake/ament_cmake_export_dependencies-extras.cmake:21 (find_package)
  /opt/ros/foxy/share/camera_calibration_parsers/cmake/camera_calibration_parsersConfig.cmake:41 (include)
  /opt/ros/foxy/share/ament_cmake_auto/cmake/ament_auto_find_build_dependencies.cmake:67 (find_package)
  CMakeLists.txt:18 (ament_auto_find_build_dependencies)
This warning is for project developers.  Use -Wno-dev to suppress it.
[0m
[33mCMake Warning (dev) at /opt/ros/foxy/share/connext_cmake_module/cmake/Modules/FindConnext.cmake:163 (list):
  Policy CMP0121 is not set: The list() command now validates parsing of
  index arguments.  Run "cmake --help-policy CMP0121" for policy details.
  Use the cmake_policy command to set the policy and suppress this warning.
  Invalid list index "libnddscd.so".
Call Stack (most recent call first):
  /opt/ros/foxy/share/connext_cmake_module/cmake/Modules/FindConnext.cmake:199 (_count_found_libraries)
  /opt/ros/foxy/share/rosidl_typesupport_connext_c/cmake/rosidl_typesupport_connext_c-extras.cmake:5 (find_package)
  /opt/ros/foxy/share/rosidl_typesupport_connext_c/cmake/rosidl_typesupport_connext_cConfig.cmake:41 (include)
  /opt/ros/foxy/share/rosidl_typesupport_c/cmake/rosidl_typesupport_c-extras.cmake:13 (find_package)
  /opt/ros/foxy/share/rosidl_typesupport_c/cmake/rosidl_typesupport_cConfig.cmake:41 (include)
  /opt/ros/foxy/share/rosidl_default_runtime/cmake/rosidl_default_runtime-extras.cmake:12 (find_package)
  /opt/ros/foxy/share/rosidl_default_runtime/cmake/rosidl_default_runtimeConfig.cmake:41 (include)
  /opt/ros/foxy/share/builtin_interfaces/cmake/ament_cmake_export_dependencies-extras.cmake:21 (find_package)
  /opt/ros/foxy/share/builtin_interfaces/cmake/builtin_interfacesConfig.cmake:41 (include)
  /opt/ros/foxy/share/rcl_interfaces/cmake/ament_cmake_export_dependencies-extras.cmake:21 (find_package)
  /opt/ros/foxy/share/rcl_interfaces/cmake/rcl_interfacesConfig.cmake:41 (include)
  /opt/ros/foxy/share/rcl/cmake/ament_cmake_export_dependencies-extras.cmake:21 (find_package)
  /opt/ros/foxy/share/rcl/cmake/rclConfig.cmake:41 (include)
  /opt/ros/foxy/share/libstatistics_collector/cmake/ament_cmake_export_dependencies-extras.cmake:21 (find_package)
  /opt/ros/foxy/share/libstatistics_collector/cmake/libstatistics_collectorConfig.cmake:41 (include)
  /opt/ros/foxy/share/rclcpp/cmake/ament_cmake_export_dependencies-extras.cmake:21 (find_package)
  /opt/ros/foxy/share/rclcpp/cmake/rclcppConfig.cmake:41 (include)
  /opt/ros/foxy/share/camera_calibration_parsers/cmake/ament_cmake_export_dependencies-extras.cmake:21 (find_package)
  /opt/ros/foxy/share/camera_calibration_parsers/cmake/camera_calibration_parsersConfig.cmake:41 (include)
  /opt/ros/foxy/share/ament_cmake_auto/cmake/ament_auto_find_build_dependencies.cmake:67 (find_package)
  CMakeLists.txt:18 (ament_auto_find_build_dependencies)
This warning is for project developers.  Use -Wno-dev to suppress it.
[0m
[33mCMake Warning (dev) at /opt/ros/foxy/share/connext_cmake_module/cmake/Modules/FindConnext.cmake:163 (list):
  Policy CMP0121 is not set: The list() command now validates parsing of
  index arguments.  Run "cmake --help-policy CMP0121" for policy details.
  Use the cmake_policy command to set the policy and suppress this warning.
  Invalid list index "libnddscored.so".
Call Stack (most recent call first):
  /opt/ros/foxy/share/connext_cmake_module/cmake/Modules/FindConnext.cmake:199 (_count_found_libraries)
  /opt/ros/foxy/share/rosidl_typesupport_connext_c/cmake/rosidl_typesupport_connext_c-extras.cmake:5 (find_package)
  /opt/ros/foxy/share/rosidl_typesupport_connext_c/cmake/rosidl_typesupport_connext_cConfig.cmake:41 (include)
  /opt/ros/foxy/share/rosidl_typesupport_c/cmake/rosidl_typesupport_c-extras.cmake:13 (find_package)
  /opt/ros/foxy/share/rosidl_typesupport_c/cmake/rosidl_typesupport_cConfig.cmake:41 (include)
  /opt/ros/foxy/share/rosidl_default_runtime/cmake/rosidl_default_runtime-extras.cmake:12 (find_package)
  /opt/ros/foxy/share/rosidl_default_runtime/cmake/rosidl_default_runtimeConfig.cmake:41 (include)
  /opt/ros/foxy/share/builtin_interfaces/cmake/ament_cmake_export_dependencies-extras.cmake:21 (find_package)
  /opt/ros/foxy/share/builtin_interfaces/cmake/builtin_interfacesConfig.cmake:41 (include)
  /opt/ros/foxy/share/rcl_interfaces/cmake/ament_cmake_export_dependencies-extras.cmake:21 (find_package)
  /opt/ros/foxy/share/rcl_interfaces/cmake/rcl_interfacesConfig.cmake:41 (include)
  /opt/ros/foxy/share/rcl/cmake/ament_cmake_export_dependencies-extras.cmake:21 (find_package)
  /opt/ros/foxy/share/rcl/cmake/rclConfig.cmake:41 (include)
  /opt/ros/foxy/share/libstatistics_collector/cmake/ament_cmake_export_dependencies-extras.cmake:21 (find_package)
  /opt/ros/foxy/share/libstatistics_collector/cmake/libstatistics_collectorConfig.cmake:41 (include)
  /opt/ros/foxy/share/rclcpp/cmake/ament_cmake_export_dependencies-extras.cmake:21 (find_package)
  /opt/ros/foxy/share/rclcpp/cmake/rclcppConfig.cmake:41 (include)
  /opt/ros/foxy/share/camera_calibration_parsers/cmake/ament_cmake_export_dependencies-extras.cmake:21 (find_package)
  /opt/ros/foxy/share/camera_calibration_parsers/cmake/camera_calibration_parsersConfig.cmake:41 (include)
  /opt/ros/foxy/share/ament_cmake_auto/cmake/ament_auto_find_build_dependencies.cmake:67 (find_package)
  CMakeLists.txt:18 (ament_auto_find_build_dependencies)
This warning is for project developers.  Use -Wno-dev to suppress it.
[0m
[33mCMake Warning (dev) at /opt/ros/foxy/share/connext_cmake_module/cmake/Modules/FindConnext.cmake:163 (list):
  Policy CMP0121 is not set: The list() command now validates parsing of
  index arguments.  Run "cmake --help-policy CMP0121" for policy details.
  Use the cmake_policy command to set the policy and suppress this warning.
  Invalid list index "libnddscppd.so".
Call Stack (most recent call first):
  /opt/ros/foxy/share/connext_cmake_module/cmake/Modules/FindConnext.cmake:199 (_count_found_libraries)
  /opt/ros/foxy/share/rosidl_typesupport_connext_c/cmake/rosidl_typesupport_connext_c-extras.cmake:5 (find_package)
  /opt/ros/foxy/share/rosidl_typesupport_connext_c/cmake/rosidl_typesupport_connext_cConfig.cmake:41 (include)
  /opt/ros/foxy/share/rosidl_typesupport_c/cmake/rosidl_typesupport_c-extras.cmake:13 (find_package)
  /opt/ros/foxy/share/rosidl_typesupport_c/cmake/rosidl_typesupport_cConfig.cmake:41 (include)
  /opt/ros/foxy/share/rosidl_default_runtime/cmake/rosidl_default_runtime-extras.cmake:12 (find_package)
  /opt/ros/foxy/share/rosidl_default_runtime/cmake/rosidl_default_runtimeConfig.cmake:41 (include)
  /opt/ros/foxy/share/builtin_interfaces/cmake/ament_cmake_export_dependencies-extras.cmake:21 (find_package)
  /opt/ros/foxy/share/builtin_interfaces/cmake/builtin_interfacesConfig.cmake:41 (include)
  /opt/ros/foxy/share/rcl_interfaces/cmake/ament_cmake_export_dependencies-extras.cmake:21 (find_package)
  /opt/ros/foxy/share/rcl_interfaces/cmake/rcl_interfacesConfig.cmake:41 (include)
  /opt/ros/foxy/share/rcl/cmake/ament_cmake_export_dependencies-extras.cmake:21 (find_package)
  /opt/ros/foxy/share/rcl/cmake/rclConfig.cmake:41 (include)
  /opt/ros/foxy/share/libstatistics_collector/cmake/ament_cmake_export_dependencies-extras.cmake:21 (find_package)
  /opt/ros/foxy/share/libstatistics_collector/cmake/libstatistics_collectorConfig.cmake:41 (include)
  /opt/ros/foxy/share/rclcpp/cmake/ament_cmake_export_dependencies-extras.cmake:21 (find_package)
  /opt/ros/foxy/share/rclcpp/cmake/rclcppConfig.cmake:41 (include)
  /opt/ros/foxy/share/camera_calibration_parsers/cmake/ament_cmake_export_dependencies-extras.cmake:21 (find_package)
  /opt/ros/foxy/share/camera_calibration_parsers/cmake/camera_calibration_parsersConfig.cmake:41 (include)
  /opt/ros/foxy/share/ament_cmake_auto/cmake/ament_auto_find_build_dependencies.cmake:67 (find_package)
  CMakeLists.txt:18 (ament_auto_find_build_dependencies)
This warning is for project developers.  Use -Wno-dev to suppress it.
[0m
[33mCMake Warning (dev) at /opt/ros/foxy/share/connext_cmake_module/cmake/Modules/FindConnext.cmake:163 (list):
  Policy CMP0121 is not set: The list() command now validates parsing of
  index arguments.  Run "cmake --help-policy CMP0121" for policy details.
  Use the cmake_policy command to set the policy and suppress this warning.
  Invalid list index "librticonnextmsgcppd.so".
Call Stack (most recent call first):
  /opt/ros/foxy/share/connext_cmake_module/cmake/Modules/FindConnext.cmake:199 (_count_found_libraries)
  /opt/ros/foxy/share/rosidl_typesupport_connext_c/cmake/rosidl_typesupport_connext_c-extras.cmake:5 (find_package)
  /opt/ros/foxy/share/rosidl_typesupport_connext_c/cmake/rosidl_typesupport_connext_cConfig.cmake:41 (include)
  /opt/ros/foxy/share/rosidl_typesupport_c/cmake/rosidl_typesupport_c-extras.cmake:13 (find_package)
  /opt/ros/foxy/share/rosidl_typesupport_c/cmake/rosidl_typesupport_cConfig.cmake:41 (include)
  /opt/ros/foxy/share/rosidl_default_runtime/cmake/rosidl_default_runtime-extras.cmake:12 (find_package)
  /opt/ros/foxy/share/rosidl_default_runtime/cmake/rosidl_default_runtimeConfig.cmake:41 (include)
  /opt/ros/foxy/share/builtin_interfaces/cmake/ament_cmake_export_dependencies-extras.cmake:21 (find_package)
  /opt/ros/foxy/share/builtin_interfaces/cmake/builtin_interfacesConfig.cmake:41 (include)
  /opt/ros/foxy/share/rcl_interfaces/cmake/ament_cmake_export_dependencies-extras.cmake:21 (find_package)
  /opt/ros/foxy/share/rcl_interfaces/cmake/rcl_interfacesConfig.cmake:41 (include)
  /opt/ros/foxy/share/rcl/cmake/ament_cmake_export_dependencies-extras.cmake:21 (find_package)
  /opt/ros/foxy/share/rcl/cmake/rclConfig.cmake:41 (include)
  /opt/ros/foxy/share/libstatistics_collector/cmake/ament_cmake_export_dependencies-extras.cmake:21 (find_package)
  /opt/ros/foxy/share/libstatistics_collector/cmake/libstatistics_collectorConfig.cmake:41 (include)
  /opt/ros/foxy/share/rclcpp/cmake/ament_cmake_export_dependencies-extras.cmake:21 (find_package)
  /opt/ros/foxy/share/rclcpp/cmake/rclcppConfig.cmake:41 (include)
  /opt/ros/foxy/share/camera_calibration_parsers/cmake/ament_cmake_export_dependencies-extras.cmake:21 (find_package)
  /opt/ros/foxy/share/camera_calibration_parsers/cmake/camera_calibration_parsersConfig.cmake:41 (include)
  /opt/ros/foxy/share/ament_cmake_auto/cmake/ament_auto_find_build_dependencies.cmake:67 (find_package)
  CMakeLists.txt:18 (ament_auto_find_build_dependencies)
This warning is for project developers.  Use -Wno-dev to suppress it.
[0m
[0mCMake Deprecation Warning at /home/corelab/GitHub/CatchingBlimp/Summer2023/ros2_stereo/build/image_view/connext_cmake_module/check_abi/CMakeLists.txt:15 (cmake_minimum_required):
  Compatibility with CMake < 2.8.12 will be removed from a future version of
  CMake.

  Update the VERSION argument <min> value or use a ...<max> suffix to tell
  CMake that the project does not need compatibility with older versions.

[0m
-- Using all available rosidl_typesupport_cpp: rosidl_typesupport_connext_cpp;rosidl_typesupport_fastrtps_cpp;rosidl_typesupport_introspection_cpp
-- Found rmw_implementation_cmake: 1.0.4 (/opt/ros/foxy/share/rmw_implementation_cmake/cmake)
-- Using RMW implementation 'rmw_fastrtps_cpp' as default
-- Setting yaml-cpp_DIR to: '/opt/ros/foxy/share/yaml_cpp_vendor/cmake/../../../opt/yaml_cpp_vendor/lib/cmake/yaml-cpp'
-- Found ament_lint_auto: 0.9.8 (/opt/ros/foxy/share/ament_lint_auto/cmake)
-- Added test 'copyright' to check source files copyright and LICENSE
-- Added test 'cppcheck' to perform static code analysis on C / C++ code
-- Configured cppcheck include dirs: /home/corelab/GitHub/CatchingBlimp/Summer2023/ros2_stereo/src/image_view/include
-- Configured cppcheck exclude dirs and/or files: 
-- Added test 'cpplint' to check C / C++ code against the Google style
-- Configured cpplint exclude dirs and/or files: 
-- Added test 'lint_cmake' to check CMake code style
-- Added test 'uncrustify' to check C / C++ code style
-- Configured uncrustify additional arguments: 
-- Added test 'xmllint' to check XML markup files
-- Configuring done
-- Generating done
-- Build files have been written to: /home/corelab/GitHub/CatchingBlimp/Summer2023/ros2_stereo/build/image_view
[  5%] [32m[1mLinking CXX shared library libimage_view_nodes.so[0m
[ 36%] Built target image_view_nodes
[ 42%] [32m[1mLinking CXX executable stereo_view[0m
[ 47%] [32m[1mLinking CXX executable extract_images[0m
[ 52%] [32m[1mLinking CXX executable video_recorder[0m
[ 57%] [32m[1mLinking CXX executable disparity_view[0m
[ 63%] [32m[1mLinking CXX executable image_view[0m
[ 68%] [32m[1mLinking CXX executable image_saver[0m
[ 73%] Built target stereo_view
[ 78%] Built target disparity_view
[ 84%] Built target image_view
[ 89%] Built target video_recorder
[ 94%] Built target image_saver
[100%] Built target extract_images
-- Install configuration: ""
-- Execute custom install script
-- Symlinking: /home/corelab/GitHub/CatchingBlimp/Summer2023/ros2_stereo/install/image_view/include/image_view/disparity_view_node.hpp
-- Symlinking: /home/corelab/GitHub/CatchingBlimp/Summer2023/ros2_stereo/install/image_view/include/image_view/extract_images_node.hpp
-- Symlinking: /home/corelab/GitHub/CatchingBlimp/Summer2023/ros2_stereo/install/image_view/include/image_view/image_saver_node.hpp
-- Symlinking: /home/corelab/GitHub/CatchingBlimp/Summer2023/ros2_stereo/install/image_view/include/image_view/image_view_node.hpp
-- Symlinking: /home/corelab/GitHub/CatchingBlimp/Summer2023/ros2_stereo/install/image_view/include/image_view/stereo_view_node.hpp
-- Symlinking: /home/corelab/GitHub/CatchingBlimp/Summer2023/ros2_stereo/install/image_view/include/image_view/video_recorder_node.hpp
-- Symlinking: /home/corelab/GitHub/CatchingBlimp/Summer2023/ros2_stereo/install/image_view/share/image_view/environment/library_path.sh
-- Symlinking: /home/corelab/GitHub/CatchingBlimp/Summer2023/ros2_stereo/install/image_view/share/image_view/environment/library_path.dsv
-- Symlinking: /home/corelab/GitHub/CatchingBlimp/Summer2023/ros2_stereo/install/image_view/lib/libimage_view_nodes.so
-- Symlinking: /home/corelab/GitHub/CatchingBlimp/Summer2023/ros2_stereo/install/image_view/lib/image_view/disparity_view
-- Symlinking: /home/corelab/GitHub/CatchingBlimp/Summer2023/ros2_stereo/install/image_view/lib/image_view/image_view
-- Symlinking: /home/corelab/GitHub/CatchingBlimp/Summer2023/ros2_stereo/install/image_view/lib/image_view/stereo_view
-- Symlinking: /home/corelab/GitHub/CatchingBlimp/Summer2023/ros2_stereo/install/image_view/lib/image_view/extract_images
-- Symlinking: /home/corelab/GitHub/CatchingBlimp/Summer2023/ros2_stereo/install/image_view/lib/image_view/image_saver
-- Symlinking: /home/corelab/GitHub/CatchingBlimp/Summer2023/ros2_stereo/install/image_view/lib/image_view/video_recorder
-- Symlinking: /home/corelab/GitHub/CatchingBlimp/Summer2023/ros2_stereo/install/image_view/share/ament_index/resource_index/package_run_dependencies/image_view
-- Symlinking: /home/corelab/GitHub/CatchingBlimp/Summer2023/ros2_stereo/install/image_view/share/ament_index/resource_index/parent_prefix_path/image_view
-- Symlinking: /home/corelab/GitHub/CatchingBlimp/Summer2023/ros2_stereo/install/image_view/share/image_view/environment/ament_prefix_path.sh
-- Symlinking: /home/corelab/GitHub/CatchingBlimp/Summer2023/ros2_stereo/install/image_view/share/image_view/environment/ament_prefix_path.dsv
-- Symlinking: /home/corelab/GitHub/CatchingBlimp/Summer2023/ros2_stereo/install/image_view/share/image_view/environment/path.sh
-- Symlinking: /home/corelab/GitHub/CatchingBlimp/Summer2023/ros2_stereo/install/image_view/share/image_view/environment/path.dsv
-- Symlinking: /home/corelab/GitHub/CatchingBlimp/Summer2023/ros2_stereo/install/image_view/share/image_view/local_setup.bash
-- Symlinking: /home/corelab/GitHub/CatchingBlimp/Summer2023/ros2_stereo/install/image_view/share/image_view/local_setup.sh
-- Symlinking: /home/corelab/GitHub/CatchingBlimp/Summer2023/ros2_stereo/install/image_view/share/image_view/local_setup.zsh
-- Symlinking: /home/corelab/GitHub/CatchingBlimp/Summer2023/ros2_stereo/install/image_view/share/image_view/local_setup.dsv
-- Symlinking: /home/corelab/GitHub/CatchingBlimp/Summer2023/ros2_stereo/install/image_view/share/image_view/package.dsv
-- Symlinking: /home/corelab/GitHub/CatchingBlimp/Summer2023/ros2_stereo/install/image_view/share/ament_index/resource_index/packages/image_view
-- Symlinking: /home/corelab/GitHub/CatchingBlimp/Summer2023/ros2_stereo/install/image_view/share/ament_index/resource_index/rclcpp_components/image_view
-- Symlinking: /home/corelab/GitHub/CatchingBlimp/Summer2023/ros2_stereo/install/image_view/share/image_view/cmake/ament_cmake_export_dependencies-extras.cmake
-- Symlinking: /home/corelab/GitHub/CatchingBlimp/Summer2023/ros2_stereo/install/image_view/share/image_view/cmake/ament_cmake_export_include_directories-extras.cmake
-- Symlinking: /home/corelab/GitHub/CatchingBlimp/Summer2023/ros2_stereo/install/image_view/share/image_view/cmake/ament_cmake_export_libraries-extras.cmake
-- Symlinking: /home/corelab/GitHub/CatchingBlimp/Summer2023/ros2_stereo/install/image_view/share/image_view/cmake/image_viewConfig.cmake
-- Symlinking: /home/corelab/GitHub/CatchingBlimp/Summer2023/ros2_stereo/install/image_view/share/image_view/cmake/image_viewConfig-version.cmake
-- Symlinking: /home/corelab/GitHub/CatchingBlimp/Summer2023/ros2_stereo/install/image_view/share/image_view/package.xml
