In file included from [01m[K/home/corelab/GitHub/CatchingBlimp/Summer2023/ros2_stereo/src/stereo_combined/src/StereoCombined.cpp:1[m[K:
[01m[K/home/corelab/GitHub/CatchingBlimp/Summer2023/ros2_stereo/src/stereo_combined/include/StereoCombined.hpp:103:66:[m[K [01;31m[Kerror: [m[Kredeclaration of ‘[01m[Krclcpp::Subscription<yolo_msgs::msg::BoundingBox_<std::allocator<void> > >::SharedPtr StereoCombined::syncImageSub_[m[K’
  103 |     rclcpp::Subscription<yolo_msgs::msg::BoundingBox>::SharedPtr [01;31m[KsyncImageSub_[m[K;
      |                                                                  [01;31m[K^~~~~~~~~~~~~[m[K
[01m[K/home/corelab/GitHub/CatchingBlimp/Summer2023/ros2_stereo/src/stereo_combined/include/StereoCombined.hpp:52:62:[m[K [01;36m[Knote: [m[Kprevious declaration ‘[01m[Krclcpp::Subscription<sensor_msgs::msg::Image_<std::allocator<void> > >::SharedPtr StereoCombined::syncImageSub_[m[K’
   52 |     rclcpp::Subscription<sensor_msgs::msg::Image>::SharedPtr [01;36m[KsyncImageSub_[m[K;
      |                                                              [01;36m[K^~~~~~~~~~~~~[m[K
In file included from [01m[K/home/corelab/GitHub/CatchingBlimp/Summer2023/ros2_stereo/src/stereo_combined/src/stereo_combined_node.cpp:3[m[K:
[01m[K/home/corelab/GitHub/CatchingBlimp/Summer2023/ros2_stereo/src/stereo_combined/include/StereoCombined.hpp:103:66:[m[K [01;31m[Kerror: [m[Kredeclaration of ‘[01m[Krclcpp::Subscription<yolo_msgs::msg::BoundingBox_<std::allocator<void> > >::SharedPtr StereoCombined::syncImageSub_[m[K’
  103 |     rclcpp::Subscription<yolo_msgs::msg::BoundingBox>::SharedPtr [01;31m[KsyncImageSub_[m[K;
      |                                                                  [01;31m[K^~~~~~~~~~~~~[m[K
[01m[K/home/corelab/GitHub/CatchingBlimp/Summer2023/ros2_stereo/src/stereo_combined/include/StereoCombined.hpp:52:62:[m[K [01;36m[Knote: [m[Kprevious declaration ‘[01m[Krclcpp::Subscription<sensor_msgs::msg::Image_<std::allocator<void> > >::SharedPtr StereoCombined::syncImageSub_[m[K’
   52 |     rclcpp::Subscription<sensor_msgs::msg::Image>::SharedPtr [01;36m[KsyncImageSub_[m[K;
      |                                                              [01;36m[K^~~~~~~~~~~~~[m[K
[01m[K/home/corelab/GitHub/CatchingBlimp/Summer2023/ros2_stereo/src/stereo_combined/src/StereoCombined.cpp:[m[K In member function ‘[01m[Kvoid StereoCombined::boundingBoxCallback(const ConstSharedPtr&)[m[K’:
[01m[K/home/corelab/GitHub/CatchingBlimp/Summer2023/ros2_stereo/src/stereo_combined/src/StereoCombined.cpp:225:16:[m[K [01;31m[Kerror: [m[Kno match for ‘[01m[Koperator=[m[K’ (operand types are ‘[01m[Kyolo_msgs::msg::BoundingBox_<std::allocator<void> >::SharedPtr[m[K’ {aka ‘[01m[Kstd::shared_ptr<yolo_msgs::msg::BoundingBox_<std::allocator<void> > >[m[K’} and ‘[01m[Kconst ConstSharedPtr[m[K’ {aka ‘[01m[Kconst std::shared_ptr<const yolo_msgs::msg::BoundingBox_<std::allocator<void> > >[m[K’})
  225 |     bbox_msg = [01;31m[Kbounding_box_msg[m[K;
      |                [01;31m[K^~~~~~~~~~~~~~~~[m[K
In file included from [01m[K/usr/include/c++/9/memory:81[m[K,
                 from [01m[K/home/corelab/GitHub/CatchingBlimp/Summer2023/ros2_stereo/src/stereo_combined/include/StereoCombined.hpp:4[m[K,
                 from [01m[K/home/corelab/GitHub/CatchingBlimp/Summer2023/ros2_stereo/src/stereo_combined/src/StereoCombined.cpp:1[m[K:
[01m[K/usr/include/c++/9/bits/shared_ptr.h:309:19:[m[K [01;36m[Knote: [m[Kcandidate: ‘[01m[Kstd::shared_ptr<_Tp>& std::shared_ptr<_Tp>::operator=(const std::shared_ptr<_Tp>&) [with _Tp = yolo_msgs::msg::BoundingBox_<std::allocator<void> >][m[K’
  309 |       shared_ptr& [01;36m[Koperator[m[K=(const shared_ptr&) noexcept = default;
      |                   [01;36m[K^~~~~~~~[m[K
[01m[K/usr/include/c++/9/bits/shared_ptr.h:309:29:[m[K [01;36m[Knote: [m[K  no known conversion for argument 1 from ‘[01m[Kconst ConstSharedPtr[m[K’ {aka ‘[01m[Kconst std::shared_ptr<const yolo_msgs::msg::BoundingBox_<std::allocator<void> > >[m[K’} to ‘[01m[Kconst std::shared_ptr<yolo_msgs::msg::BoundingBox_<std::allocator<void> > >&[m[K’
  309 |       shared_ptr& operator=([01;36m[Kconst shared_ptr&[m[K) noexcept = default;
      |                             [01;36m[K^~~~~~~~~~~~~~~~~[m[K
[01m[K/usr/include/c++/9/bits/shared_ptr.h:313:2:[m[K [01;36m[Knote: [m[Kcandidate: ‘[01m[Ktemplate<class _Yp> std::shared_ptr<_Tp>::_Assignable<const std::shared_ptr<_Yp>&> std::shared_ptr<_Tp>::operator=(const std::shared_ptr<_Yp>&) [with _Yp = _Yp; _Tp = yolo_msgs::msg::BoundingBox_<std::allocator<void> >][m[K’
  313 |  [01;36m[Koperator[m[K=(const shared_ptr<_Yp>& __r) noexcept
      |  [01;36m[K^~~~~~~~[m[K
[01m[K/usr/include/c++/9/bits/shared_ptr.h:313:2:[m[K [01;36m[Knote: [m[K  template argument deduction/substitution failed:
/usr/include/c++/9/bits/shared_ptr.h: In substitution of ‘[01m[Ktemplate<class _Tp> template<class _Arg> using _Assignable = typename std::enable_if<std::is_assignable<std::__shared_ptr<_Tp>&, _Arg>::value, std::shared_ptr<_Tp>&>::type [with _Arg = const std::shared_ptr<const yolo_msgs::msg::BoundingBox_<std::allocator<void> > >&; _Tp = yolo_msgs::msg::BoundingBox_<std::allocator<void> >][m[K’:
[01m[K/usr/include/c++/9/bits/shared_ptr.h:313:2:[m[K   required by substitution of ‘[01m[Ktemplate<class _Yp> std::shared_ptr<yolo_msgs::msg::BoundingBox_<std::allocator<void> > >::_Assignable<const std::shared_ptr<_Tp>&> std::shared_ptr<yolo_msgs::msg::BoundingBox_<std::allocator<void> > >::operator=<_Yp>(const std::shared_ptr<_Tp>&) [with _Yp = const yolo_msgs::msg::BoundingBox_<std::allocator<void> >][m[K’
[01m[K/home/corelab/GitHub/CatchingBlimp/Summer2023/ros2_stereo/src/stereo_combined/src/StereoCombined.cpp:225:16:[m[K   required from here
[01m[K/usr/include/c++/9/bits/shared_ptr.h:111:8:[m[K [01;31m[Kerror: [m[Kno type named ‘[01m[Ktype[m[K’ in ‘[01m[Kstruct std::enable_if<false, std::shared_ptr<yolo_msgs::msg::BoundingBox_<std::allocator<void> > >&>[m[K’
  111 |  using [01;31m[K_Assignable[m[K = typename enable_if<
      |        [01;31m[K^~~~~~~~~~~[m[K
[01m[K/usr/include/c++/9/bits/shared_ptr.h:324:2:[m[K [01;36m[Knote: [m[Kcandidate: ‘[01m[Ktemplate<class _Yp> std::shared_ptr<_Tp>::_Assignable<std::auto_ptr<_Up> > std::shared_ptr<_Tp>::operator=(std::auto_ptr<_Up>&&) [with _Yp = _Yp; _Tp = yolo_msgs::msg::BoundingBox_<std::allocator<void> >][m[K’
  324 |  [01;36m[Koperator[m[K=(auto_ptr<_Yp>&& __r)
      |  [01;36m[K^~~~~~~~[m[K
[01m[K/usr/include/c++/9/bits/shared_ptr.h:324:2:[m[K [01;36m[Knote: [m[K  template argument deduction/substitution failed:
[01m[K/home/corelab/GitHub/CatchingBlimp/Summer2023/ros2_stereo/src/stereo_combined/src/StereoCombined.cpp:225:16:[m[K [01;36m[Knote: [m[K  types ‘[01m[Kstd::auto_ptr<_Up>[m[K’ and ‘[01m[Kconst ConstSharedPtr[m[K’ {aka ‘[01m[Kconst std::shared_ptr<const yolo_msgs::msg::BoundingBox_<std::allocator<void> > >[m[K’} have incompatible cv-qualifiers
  225 |     bbox_msg = [01;36m[Kbounding_box_msg[m[K;
      |                [01;36m[K^~~~~~~~~~~~~~~~[m[K
In file included from [01m[K/usr/include/c++/9/memory:81[m[K,
                 from [01m[K/home/corelab/GitHub/CatchingBlimp/Summer2023/ros2_stereo/src/stereo_combined/include/StereoCombined.hpp:4[m[K,
                 from [01m[K/home/corelab/GitHub/CatchingBlimp/Summer2023/ros2_stereo/src/stereo_combined/src/StereoCombined.cpp:1[m[K:
[01m[K/usr/include/c++/9/bits/shared_ptr.h:333:7:[m[K [01;36m[Knote: [m[Kcandidate: ‘[01m[Kstd::shared_ptr<_Tp>& std::shared_ptr<_Tp>::operator=(std::shared_ptr<_Tp>&&) [with _Tp = yolo_msgs::msg::BoundingBox_<std::allocator<void> >][m[K’
  333 |       [01;36m[Koperator[m[K=(shared_ptr&& __r) noexcept
      |       [01;36m[K^~~~~~~~[m[K
[01m[K/usr/include/c++/9/bits/shared_ptr.h:333:30:[m[K [01;36m[Knote: [m[K  no known conversion for argument 1 from ‘[01m[Kconst ConstSharedPtr[m[K’ {aka ‘[01m[Kconst std::shared_ptr<const yolo_msgs::msg::BoundingBox_<std::allocator<void> > >[m[K’} to ‘[01m[Kstd::shared_ptr<yolo_msgs::msg::BoundingBox_<std::allocator<void> > >&&[m[K’
  333 |       operator=([01;36m[Kshared_ptr&& __r[m[K) noexcept
      |                 [01;36m[K~~~~~~~~~~~~~^~~[m[K
[01m[K/usr/include/c++/9/bits/shared_ptr.h:341:2:[m[K [01;36m[Knote: [m[Kcandidate: ‘[01m[Ktemplate<class _Yp> std::shared_ptr<_Tp>::_Assignable<std::shared_ptr<_Yp> > std::shared_ptr<_Tp>::operator=(std::shared_ptr<_Yp>&&) [with _Yp = _Yp; _Tp = yolo_msgs::msg::BoundingBox_<std::allocator<void> >][m[K’
  341 |  [01;36m[Koperator[m[K=(shared_ptr<_Yp>&& __r) noexcept
      |  [01;36m[K^~~~~~~~[m[K
[01m[K/usr/include/c++/9/bits/shared_ptr.h:341:2:[m[K [01;36m[Knote: [m[K  template argument deduction/substitution failed:
[01m[K/home/corelab/GitHub/CatchingBlimp/Summer2023/ros2_stereo/src/stereo_combined/src/StereoCombined.cpp:225:16:[m[K [01;36m[Knote: [m[K  types ‘[01m[Kstd::shared_ptr<_Tp>[m[K’ and ‘[01m[Kconst ConstSharedPtr[m[K’ {aka ‘[01m[Kconst std::shared_ptr<const yolo_msgs::msg::BoundingBox_<std::allocator<void> > >[m[K’} have incompatible cv-qualifiers
  225 |     bbox_msg = [01;36m[Kbounding_box_msg[m[K;
      |                [01;36m[K^~~~~~~~~~~~~~~~[m[K
In file included from [01m[K/usr/include/c++/9/memory:81[m[K,
                 from [01m[K/home/corelab/GitHub/CatchingBlimp/Summer2023/ros2_stereo/src/stereo_combined/include/StereoCombined.hpp:4[m[K,
                 from [01m[K/home/corelab/GitHub/CatchingBlimp/Summer2023/ros2_stereo/src/stereo_combined/src/StereoCombined.cpp:1[m[K:
[01m[K/usr/include/c++/9/bits/shared_ptr.h:349:2:[m[K [01;36m[Knote: [m[Kcandidate: ‘[01m[Ktemplate<class _Yp, class _Del> std::shared_ptr<_Tp>::_Assignable<std::unique_ptr<_Up, _Ep> > std::shared_ptr<_Tp>::operator=(std::unique_ptr<_Up, _Ep>&&) [with _Yp = _Yp; _Del = _Del; _Tp = yolo_msgs::msg::BoundingBox_<std::allocator<void> >][m[K’
  349 |  [01;36m[Koperator[m[K=(unique_ptr<_Yp, _Del>&& __r)
      |  [01;36m[K^~~~~~~~[m[K
[01m[K/usr/include/c++/9/bits/shared_ptr.h:349:2:[m[K [01;36m[Knote: [m[K  template argument deduction/substitution failed:
[01m[K/home/corelab/GitHub/CatchingBlimp/Summer2023/ros2_stereo/src/stereo_combined/src/StereoCombined.cpp:225:16:[m[K [01;36m[Knote: [m[K  types ‘[01m[Kstd::unique_ptr<_Tp, _Dp>[m[K’ and ‘[01m[Kconst ConstSharedPtr[m[K’ {aka ‘[01m[Kconst std::shared_ptr<const yolo_msgs::msg::BoundingBox_<std::allocator<void> > >[m[K’} have incompatible cv-qualifiers
  225 |     bbox_msg = [01;36m[Kbounding_box_msg[m[K;
      |                [01;36m[K^~~~~~~~~~~~~~~~[m[K
[01m[K/home/corelab/GitHub/CatchingBlimp/Summer2023/ros2_stereo/src/stereo_combined/include/StereoCombined.hpp:137:13:[m[K [01;35m[Kwarning: [m[K‘[01m[Kvoid add_param_to_map(std::map<std::__cxx11::basic_string<char>, std::pair<double, rcl_interfaces::msg::ParameterDescriptor_<std::allocator<void> > > >&, const string&, const string&, double, double, double, double)[m[K’ defined but not used [[01;35m[K-Wunused-function[m[K]
  137 | static void [01;35m[Kadd_param_to_map[m[K(
      |             [01;35m[K^~~~~~~~~~~~~~~~[m[K
[01m[K/home/corelab/GitHub/CatchingBlimp/Summer2023/ros2_stereo/src/stereo_combined/include/StereoCombined.hpp:119:13:[m[K [01;35m[Kwarning: [m[K‘[01m[Kvoid add_param_to_map(std::map<std::__cxx11::basic_string<char>, std::pair<int, rcl_interfaces::msg::ParameterDescriptor_<std::allocator<void> > > >&, const string&, const string&, int, int, int, int)[m[K’ defined but not used [[01;35m[K-Wunused-function[m[K]
  119 | static void [01;35m[Kadd_param_to_map[m[K(
      |             [01;35m[K^~~~~~~~~~~~~~~~[m[K
make[2]: *** [CMakeFiles/stereo_combined_node.dir/build.make:76: CMakeFiles/stereo_combined_node.dir/src/stereo_combined_node.cpp.o] Error 1
make[2]: *** Waiting for unfinished jobs....
make[2]: *** [CMakeFiles/stereo_combined_node.dir/build.make:90: CMakeFiles/stereo_combined_node.dir/src/StereoCombined.cpp.o] Error 1
make[1]: *** [CMakeFiles/Makefile2:137: CMakeFiles/stereo_combined_node.dir/all] Error 2
make: *** [Makefile:146: all] Error 2
