[0.038s] Invoking command in '/home/corelab/GitHub/CatchingBlimp/Summer2023/ros2_stereo/build/stereo_combined': CMAKE_PREFIX_PATH=${CMAKE_PREFIX_PATH}:/home/corelab/Luke_ML_Blimp/ros2_tracks_ws/install/track_ros2:/opt/ros/foxy /home/corelab/.local/bin/cmake --build /home/corelab/GitHub/CatchingBlimp/Summer2023/ros2_stereo/build/stereo_combined -- -j16 -l16
[0.103s] [ 25%] [32mBuilding CXX object CMakeFiles/stereo_combined_node.dir/src/stereo_combined_node.cpp.o[0m
[0.104s] [ 50%] [32mBuilding CXX object CMakeFiles/stereo_combined_node.dir/src/StereoCombined.cpp.o[0m
[1.987s] [01m[K/home/corelab/GitHub/CatchingBlimp/Summer2023/ros2_stereo/src/stereo_combined/src/StereoCombined.cpp:[m[K In member function ‘[01m[Kvoid StereoCombined::syncImageCallback(sensor_msgs::msg::Image_<std::allocator<void> >::SharedPtr)[m[K’:
[1.987s] [01m[K/home/corelab/GitHub/CatchingBlimp/Summer2023/ros2_stereo/src/stereo_combined/src/StereoCombined.cpp:574:24:[m[K [01;31m[Kerror: [m[K‘[01m[KDisparityNode[m[K’ has not been declared
[1.987s]   574 |             std::bind(&[01;31m[KDisparityNode[m[K::imageCb, this, _1, _2, _3, _4));
[1.987s]       |                        [01;31m[K^~~~~~~~~~~~~[m[K
[1.991s] [01m[K/home/corelab/GitHub/CatchingBlimp/Summer2023/ros2_stereo/src/stereo_combined/src/StereoCombined.cpp:582:24:[m[K [01;31m[Kerror: [m[K‘[01m[KDisparityNode[m[K’ has not been declared
[1.991s]   582 |             std::bind(&[01;31m[KDisparityNode[m[K::imageCb, this, _1, _2, _3, _4));
[1.991s]       |                        [01;31m[K^~~~~~~~~~~~~[m[K
[3.165s] In file included from [01m[K/home/corelab/GitHub/CatchingBlimp/Summer2023/ros2_stereo/src/stereo_combined/src/stereo_combined_node.cpp:3[m[K:
[3.165s] [01m[K/home/corelab/GitHub/CatchingBlimp/Summer2023/ros2_stereo/src/stereo_combined/include/StereoCombined.hpp:142:13:[m[K [01;35m[Kwarning: [m[K‘[01m[Kvoid add_param_to_map(std::map<std::__cxx11::basic_string<char>, std::pair<double, rcl_interfaces::msg::ParameterDescriptor_<std::allocator<void> > > >&, const string&, const string&, double, double, double, double)[m[K’ defined but not used [[01;35m[K-Wunused-function[m[K]
[3.165s]   142 | static void [01;35m[Kadd_param_to_map[m[K(
[3.165s]       |             [01;35m[K^~~~~~~~~~~~~~~~[m[K
[3.165s] [01m[K/home/corelab/GitHub/CatchingBlimp/Summer2023/ros2_stereo/src/stereo_combined/include/StereoCombined.hpp:124:13:[m[K [01;35m[Kwarning: [m[K‘[01m[Kvoid add_param_to_map(std::map<std::__cxx11::basic_string<char>, std::pair<int, rcl_interfaces::msg::ParameterDescriptor_<std::allocator<void> > > >&, const string&, const string&, int, int, int, int)[m[K’ defined but not used [[01;35m[K-Wunused-function[m[K]
[3.165s]   124 | static void [01;35m[Kadd_param_to_map[m[K(
[3.165s]       |             [01;35m[K^~~~~~~~~~~~~~~~[m[K
[4.093s] In file included from [01m[K/home/corelab/GitHub/CatchingBlimp/Summer2023/ros2_stereo/src/stereo_combined/src/StereoCombined.cpp:1[m[K:
[4.093s] [01m[K/home/corelab/GitHub/CatchingBlimp/Summer2023/ros2_stereo/src/stereo_combined/include/StereoCombined.hpp:[m[K At global scope:
[4.093s] [01m[K/home/corelab/GitHub/CatchingBlimp/Summer2023/ros2_stereo/src/stereo_combined/include/StereoCombined.hpp:142:13:[m[K [01;35m[Kwarning: [m[K‘[01m[Kvoid add_param_to_map(std::map<std::__cxx11::basic_string<char>, std::pair<double, rcl_interfaces::msg::ParameterDescriptor_<std::allocator<void> > > >&, const string&, const string&, double, double, double, double)[m[K’ defined but not used [[01;35m[K-Wunused-function[m[K]
[4.093s]   142 | static void [01;35m[Kadd_param_to_map[m[K(
[4.093s]       |             [01;35m[K^~~~~~~~~~~~~~~~[m[K
[4.093s] [01m[K/home/corelab/GitHub/CatchingBlimp/Summer2023/ros2_stereo/src/stereo_combined/include/StereoCombined.hpp:124:13:[m[K [01;35m[Kwarning: [m[K‘[01m[Kvoid add_param_to_map(std::map<std::__cxx11::basic_string<char>, std::pair<int, rcl_interfaces::msg::ParameterDescriptor_<std::allocator<void> > > >&, const string&, const string&, int, int, int, int)[m[K’ defined but not used [[01;35m[K-Wunused-function[m[K]
[4.093s]   124 | static void [01;35m[Kadd_param_to_map[m[K(
[4.094s]       |             [01;35m[K^~~~~~~~~~~~~~~~[m[K
[4.139s] make[2]: *** [CMakeFiles/stereo_combined_node.dir/build.make:90: CMakeFiles/stereo_combined_node.dir/src/StereoCombined.cpp.o] Error 1
[4.139s] make[1]: *** [CMakeFiles/Makefile2:137: CMakeFiles/stereo_combined_node.dir/all] Error 2
[4.139s] make: *** [Makefile:146: all] Error 2
[4.142s] Invoked command in '/home/corelab/GitHub/CatchingBlimp/Summer2023/ros2_stereo/build/stereo_combined' returned '2': CMAKE_PREFIX_PATH=${CMAKE_PREFIX_PATH}:/home/corelab/Luke_ML_Blimp/ros2_tracks_ws/install/track_ros2:/opt/ros/foxy /home/corelab/.local/bin/cmake --build /home/corelab/GitHub/CatchingBlimp/Summer2023/ros2_stereo/build/stereo_combined -- -j16 -l16
